[2023-11-14T09:52:50.529+0000] {processor.py:157} INFO - Started process (PID=67) to work on /home/airflow/.local/lib/python3.8/site-packages/airflow/example_dags/example_xcomargs.py
[2023-11-14T09:52:50.530+0000] {processor.py:829} INFO - Processing file /home/airflow/.local/lib/python3.8/site-packages/airflow/example_dags/example_xcomargs.py for tasks to queue
[2023-11-14T09:52:50.533+0000] {logging_mixin.py:154} INFO - [2023-11-14T09:52:50.532+0000] {dagbag.py:536} INFO - Filling up the DagBag from /home/airflow/.local/lib/python3.8/site-packages/airflow/example_dags/example_xcomargs.py
[2023-11-14T09:52:50.543+0000] {processor.py:839} INFO - DAG(s) dict_keys(['example_xcom_args_with_operators', 'example_xcom_args']) retrieved from /home/airflow/.local/lib/python3.8/site-packages/airflow/example_dags/example_xcomargs.py
[2023-11-14T09:52:50.567+0000] {logging_mixin.py:154} INFO - [2023-11-14T09:52:50.567+0000] {dag.py:2941} INFO - Sync 2 DAGs
[2023-11-14T09:52:50.576+0000] {logging_mixin.py:154} INFO - [2023-11-14T09:52:50.576+0000] {dag.py:3722} INFO - Setting next_dagrun for example_xcom_args to None, run_after=None
[2023-11-14T09:52:50.579+0000] {logging_mixin.py:154} INFO - [2023-11-14T09:52:50.579+0000] {dag.py:3722} INFO - Setting next_dagrun for example_xcom_args_with_operators to None, run_after=None
[2023-11-14T09:52:50.597+0000] {processor.py:179} INFO - Processing /home/airflow/.local/lib/python3.8/site-packages/airflow/example_dags/example_xcomargs.py took 0.071 seconds
[2023-11-14T09:53:41.126+0000] {processor.py:157} INFO - Started process (PID=68) to work on /home/airflow/.local/lib/python3.8/site-packages/airflow/example_dags/example_xcomargs.py
[2023-11-14T09:53:41.127+0000] {processor.py:829} INFO - Processing file /home/airflow/.local/lib/python3.8/site-packages/airflow/example_dags/example_xcomargs.py for tasks to queue
[2023-11-14T09:53:41.128+0000] {logging_mixin.py:154} INFO - [2023-11-14T09:53:41.128+0000] {dagbag.py:536} INFO - Filling up the DagBag from /home/airflow/.local/lib/python3.8/site-packages/airflow/example_dags/example_xcomargs.py
[2023-11-14T09:53:41.136+0000] {processor.py:839} INFO - DAG(s) dict_keys(['example_xcom_args_with_operators', 'example_xcom_args']) retrieved from /home/airflow/.local/lib/python3.8/site-packages/airflow/example_dags/example_xcomargs.py
[2023-11-14T09:53:41.149+0000] {logging_mixin.py:154} INFO - [2023-11-14T09:53:41.149+0000] {dag.py:2941} INFO - Sync 2 DAGs
[2023-11-14T09:53:41.159+0000] {logging_mixin.py:154} INFO - [2023-11-14T09:53:41.159+0000] {dag.py:3722} INFO - Setting next_dagrun for example_xcom_args to None, run_after=None
[2023-11-14T09:53:41.162+0000] {logging_mixin.py:154} INFO - [2023-11-14T09:53:41.162+0000] {dag.py:3722} INFO - Setting next_dagrun for example_xcom_args_with_operators to None, run_after=None
[2023-11-14T09:53:41.174+0000] {processor.py:179} INFO - Processing /home/airflow/.local/lib/python3.8/site-packages/airflow/example_dags/example_xcomargs.py took 0.051 seconds
[2023-11-14T09:54:11.356+0000] {processor.py:157} INFO - Started process (PID=121) to work on /home/airflow/.local/lib/python3.8/site-packages/airflow/example_dags/example_xcomargs.py
[2023-11-14T09:54:11.356+0000] {processor.py:829} INFO - Processing file /home/airflow/.local/lib/python3.8/site-packages/airflow/example_dags/example_xcomargs.py for tasks to queue
[2023-11-14T09:54:11.358+0000] {logging_mixin.py:154} INFO - [2023-11-14T09:54:11.358+0000] {dagbag.py:536} INFO - Filling up the DagBag from /home/airflow/.local/lib/python3.8/site-packages/airflow/example_dags/example_xcomargs.py
[2023-11-14T09:54:11.363+0000] {processor.py:839} INFO - DAG(s) dict_keys(['example_xcom_args_with_operators', 'example_xcom_args']) retrieved from /home/airflow/.local/lib/python3.8/site-packages/airflow/example_dags/example_xcomargs.py
[2023-11-14T09:54:11.377+0000] {logging_mixin.py:154} INFO - [2023-11-14T09:54:11.377+0000] {dag.py:2941} INFO - Sync 2 DAGs
[2023-11-14T09:54:11.384+0000] {logging_mixin.py:154} INFO - [2023-11-14T09:54:11.384+0000] {dag.py:3722} INFO - Setting next_dagrun for example_xcom_args to None, run_after=None
[2023-11-14T09:54:11.386+0000] {logging_mixin.py:154} INFO - [2023-11-14T09:54:11.386+0000] {dag.py:3722} INFO - Setting next_dagrun for example_xcom_args_with_operators to None, run_after=None
[2023-11-14T09:54:11.393+0000] {processor.py:179} INFO - Processing /home/airflow/.local/lib/python3.8/site-packages/airflow/example_dags/example_xcomargs.py took 0.040 seconds
[2023-11-14T09:54:41.899+0000] {processor.py:157} INFO - Started process (PID=174) to work on /home/airflow/.local/lib/python3.8/site-packages/airflow/example_dags/example_xcomargs.py
[2023-11-14T09:54:41.900+0000] {processor.py:829} INFO - Processing file /home/airflow/.local/lib/python3.8/site-packages/airflow/example_dags/example_xcomargs.py for tasks to queue
[2023-11-14T09:54:41.901+0000] {logging_mixin.py:154} INFO - [2023-11-14T09:54:41.901+0000] {dagbag.py:536} INFO - Filling up the DagBag from /home/airflow/.local/lib/python3.8/site-packages/airflow/example_dags/example_xcomargs.py
[2023-11-14T09:54:41.906+0000] {processor.py:839} INFO - DAG(s) dict_keys(['example_xcom_args', 'example_xcom_args_with_operators']) retrieved from /home/airflow/.local/lib/python3.8/site-packages/airflow/example_dags/example_xcomargs.py
[2023-11-14T09:54:41.919+0000] {logging_mixin.py:154} INFO - [2023-11-14T09:54:41.919+0000] {dag.py:2941} INFO - Sync 2 DAGs
[2023-11-14T09:54:41.926+0000] {logging_mixin.py:154} INFO - [2023-11-14T09:54:41.926+0000] {dag.py:3722} INFO - Setting next_dagrun for example_xcom_args to None, run_after=None
[2023-11-14T09:54:41.927+0000] {logging_mixin.py:154} INFO - [2023-11-14T09:54:41.927+0000] {dag.py:3722} INFO - Setting next_dagrun for example_xcom_args_with_operators to None, run_after=None
[2023-11-14T09:54:41.935+0000] {processor.py:179} INFO - Processing /home/airflow/.local/lib/python3.8/site-packages/airflow/example_dags/example_xcomargs.py took 0.039 seconds
[2023-11-14T09:55:12.193+0000] {processor.py:157} INFO - Started process (PID=228) to work on /home/airflow/.local/lib/python3.8/site-packages/airflow/example_dags/example_xcomargs.py
[2023-11-14T09:55:12.194+0000] {processor.py:829} INFO - Processing file /home/airflow/.local/lib/python3.8/site-packages/airflow/example_dags/example_xcomargs.py for tasks to queue
[2023-11-14T09:55:12.196+0000] {logging_mixin.py:154} INFO - [2023-11-14T09:55:12.196+0000] {dagbag.py:536} INFO - Filling up the DagBag from /home/airflow/.local/lib/python3.8/site-packages/airflow/example_dags/example_xcomargs.py
[2023-11-14T09:55:12.202+0000] {processor.py:839} INFO - DAG(s) dict_keys(['example_xcom_args_with_operators', 'example_xcom_args']) retrieved from /home/airflow/.local/lib/python3.8/site-packages/airflow/example_dags/example_xcomargs.py
[2023-11-14T09:55:12.220+0000] {logging_mixin.py:154} INFO - [2023-11-14T09:55:12.220+0000] {dag.py:2941} INFO - Sync 2 DAGs
[2023-11-14T09:55:12.230+0000] {logging_mixin.py:154} INFO - [2023-11-14T09:55:12.230+0000] {dag.py:3722} INFO - Setting next_dagrun for example_xcom_args to None, run_after=None
[2023-11-14T09:55:12.233+0000] {logging_mixin.py:154} INFO - [2023-11-14T09:55:12.233+0000] {dag.py:3722} INFO - Setting next_dagrun for example_xcom_args_with_operators to None, run_after=None
[2023-11-14T09:55:12.253+0000] {processor.py:179} INFO - Processing /home/airflow/.local/lib/python3.8/site-packages/airflow/example_dags/example_xcomargs.py took 0.063 seconds
[2023-11-14T09:55:42.434+0000] {processor.py:157} INFO - Started process (PID=282) to work on /home/airflow/.local/lib/python3.8/site-packages/airflow/example_dags/example_xcomargs.py
[2023-11-14T09:55:42.435+0000] {processor.py:829} INFO - Processing file /home/airflow/.local/lib/python3.8/site-packages/airflow/example_dags/example_xcomargs.py for tasks to queue
[2023-11-14T09:55:42.437+0000] {logging_mixin.py:154} INFO - [2023-11-14T09:55:42.437+0000] {dagbag.py:536} INFO - Filling up the DagBag from /home/airflow/.local/lib/python3.8/site-packages/airflow/example_dags/example_xcomargs.py
[2023-11-14T09:55:42.442+0000] {processor.py:839} INFO - DAG(s) dict_keys(['example_xcom_args_with_operators', 'example_xcom_args']) retrieved from /home/airflow/.local/lib/python3.8/site-packages/airflow/example_dags/example_xcomargs.py
[2023-11-14T09:55:42.455+0000] {logging_mixin.py:154} INFO - [2023-11-14T09:55:42.455+0000] {dag.py:2941} INFO - Sync 2 DAGs
[2023-11-14T09:55:42.462+0000] {logging_mixin.py:154} INFO - [2023-11-14T09:55:42.462+0000] {dag.py:3722} INFO - Setting next_dagrun for example_xcom_args to None, run_after=None
[2023-11-14T09:55:42.464+0000] {logging_mixin.py:154} INFO - [2023-11-14T09:55:42.463+0000] {dag.py:3722} INFO - Setting next_dagrun for example_xcom_args_with_operators to None, run_after=None
[2023-11-14T09:55:42.471+0000] {processor.py:179} INFO - Processing /home/airflow/.local/lib/python3.8/site-packages/airflow/example_dags/example_xcomargs.py took 0.039 seconds
[2023-11-14T09:56:13.212+0000] {processor.py:157} INFO - Started process (PID=336) to work on /home/airflow/.local/lib/python3.8/site-packages/airflow/example_dags/example_xcomargs.py
[2023-11-14T09:56:13.213+0000] {processor.py:829} INFO - Processing file /home/airflow/.local/lib/python3.8/site-packages/airflow/example_dags/example_xcomargs.py for tasks to queue
[2023-11-14T09:56:13.215+0000] {logging_mixin.py:154} INFO - [2023-11-14T09:56:13.215+0000] {dagbag.py:536} INFO - Filling up the DagBag from /home/airflow/.local/lib/python3.8/site-packages/airflow/example_dags/example_xcomargs.py
[2023-11-14T09:56:13.222+0000] {processor.py:839} INFO - DAG(s) dict_keys(['example_xcom_args_with_operators', 'example_xcom_args']) retrieved from /home/airflow/.local/lib/python3.8/site-packages/airflow/example_dags/example_xcomargs.py
[2023-11-14T09:56:13.241+0000] {logging_mixin.py:154} INFO - [2023-11-14T09:56:13.241+0000] {dag.py:2941} INFO - Sync 2 DAGs
[2023-11-14T09:56:13.253+0000] {logging_mixin.py:154} INFO - [2023-11-14T09:56:13.253+0000] {dag.py:3722} INFO - Setting next_dagrun for example_xcom_args to None, run_after=None
[2023-11-14T09:56:13.256+0000] {logging_mixin.py:154} INFO - [2023-11-14T09:56:13.256+0000] {dag.py:3722} INFO - Setting next_dagrun for example_xcom_args_with_operators to None, run_after=None
[2023-11-14T09:56:13.269+0000] {processor.py:179} INFO - Processing /home/airflow/.local/lib/python3.8/site-packages/airflow/example_dags/example_xcomargs.py took 0.060 seconds
[2023-11-14T09:56:43.552+0000] {processor.py:157} INFO - Started process (PID=390) to work on /home/airflow/.local/lib/python3.8/site-packages/airflow/example_dags/example_xcomargs.py
[2023-11-14T09:56:43.553+0000] {processor.py:829} INFO - Processing file /home/airflow/.local/lib/python3.8/site-packages/airflow/example_dags/example_xcomargs.py for tasks to queue
[2023-11-14T09:56:43.556+0000] {logging_mixin.py:154} INFO - [2023-11-14T09:56:43.555+0000] {dagbag.py:536} INFO - Filling up the DagBag from /home/airflow/.local/lib/python3.8/site-packages/airflow/example_dags/example_xcomargs.py
[2023-11-14T09:56:43.563+0000] {processor.py:839} INFO - DAG(s) dict_keys(['example_xcom_args', 'example_xcom_args_with_operators']) retrieved from /home/airflow/.local/lib/python3.8/site-packages/airflow/example_dags/example_xcomargs.py
[2023-11-14T09:56:43.576+0000] {logging_mixin.py:154} INFO - [2023-11-14T09:56:43.576+0000] {dag.py:2941} INFO - Sync 2 DAGs
[2023-11-14T09:56:43.587+0000] {logging_mixin.py:154} INFO - [2023-11-14T09:56:43.587+0000] {dag.py:3722} INFO - Setting next_dagrun for example_xcom_args to None, run_after=None
[2023-11-14T09:56:43.590+0000] {logging_mixin.py:154} INFO - [2023-11-14T09:56:43.590+0000] {dag.py:3722} INFO - Setting next_dagrun for example_xcom_args_with_operators to None, run_after=None
[2023-11-14T09:56:43.601+0000] {processor.py:179} INFO - Processing /home/airflow/.local/lib/python3.8/site-packages/airflow/example_dags/example_xcomargs.py took 0.053 seconds
[2023-11-14T09:57:13.890+0000] {processor.py:157} INFO - Started process (PID=445) to work on /home/airflow/.local/lib/python3.8/site-packages/airflow/example_dags/example_xcomargs.py
[2023-11-14T09:57:13.891+0000] {processor.py:829} INFO - Processing file /home/airflow/.local/lib/python3.8/site-packages/airflow/example_dags/example_xcomargs.py for tasks to queue
[2023-11-14T09:57:13.892+0000] {logging_mixin.py:154} INFO - [2023-11-14T09:57:13.892+0000] {dagbag.py:536} INFO - Filling up the DagBag from /home/airflow/.local/lib/python3.8/site-packages/airflow/example_dags/example_xcomargs.py
[2023-11-14T09:57:13.899+0000] {processor.py:839} INFO - DAG(s) dict_keys(['example_xcom_args_with_operators', 'example_xcom_args']) retrieved from /home/airflow/.local/lib/python3.8/site-packages/airflow/example_dags/example_xcomargs.py
[2023-11-14T09:57:13.917+0000] {logging_mixin.py:154} INFO - [2023-11-14T09:57:13.917+0000] {dag.py:2941} INFO - Sync 2 DAGs
[2023-11-14T09:57:13.925+0000] {logging_mixin.py:154} INFO - [2023-11-14T09:57:13.925+0000] {dag.py:3722} INFO - Setting next_dagrun for example_xcom_args to None, run_after=None
[2023-11-14T09:57:13.928+0000] {logging_mixin.py:154} INFO - [2023-11-14T09:57:13.928+0000] {dag.py:3722} INFO - Setting next_dagrun for example_xcom_args_with_operators to None, run_after=None
[2023-11-14T09:57:13.938+0000] {processor.py:179} INFO - Processing /home/airflow/.local/lib/python3.8/site-packages/airflow/example_dags/example_xcomargs.py took 0.051 seconds
[2023-11-14T09:57:44.809+0000] {processor.py:157} INFO - Started process (PID=499) to work on /home/airflow/.local/lib/python3.8/site-packages/airflow/example_dags/example_xcomargs.py
[2023-11-14T09:57:44.810+0000] {processor.py:829} INFO - Processing file /home/airflow/.local/lib/python3.8/site-packages/airflow/example_dags/example_xcomargs.py for tasks to queue
[2023-11-14T09:57:44.812+0000] {logging_mixin.py:154} INFO - [2023-11-14T09:57:44.812+0000] {dagbag.py:536} INFO - Filling up the DagBag from /home/airflow/.local/lib/python3.8/site-packages/airflow/example_dags/example_xcomargs.py
[2023-11-14T09:57:44.817+0000] {processor.py:839} INFO - DAG(s) dict_keys(['example_xcom_args_with_operators', 'example_xcom_args']) retrieved from /home/airflow/.local/lib/python3.8/site-packages/airflow/example_dags/example_xcomargs.py
[2023-11-14T09:57:44.833+0000] {logging_mixin.py:154} INFO - [2023-11-14T09:57:44.833+0000] {dag.py:2941} INFO - Sync 2 DAGs
[2023-11-14T09:57:44.840+0000] {logging_mixin.py:154} INFO - [2023-11-14T09:57:44.840+0000] {dag.py:3722} INFO - Setting next_dagrun for example_xcom_args to None, run_after=None
[2023-11-14T09:57:44.843+0000] {logging_mixin.py:154} INFO - [2023-11-14T09:57:44.842+0000] {dag.py:3722} INFO - Setting next_dagrun for example_xcom_args_with_operators to None, run_after=None
[2023-11-14T09:57:44.852+0000] {processor.py:179} INFO - Processing /home/airflow/.local/lib/python3.8/site-packages/airflow/example_dags/example_xcomargs.py took 0.045 seconds
[2023-11-14T09:58:15.020+0000] {processor.py:157} INFO - Started process (PID=553) to work on /home/airflow/.local/lib/python3.8/site-packages/airflow/example_dags/example_xcomargs.py
[2023-11-14T09:58:15.021+0000] {processor.py:829} INFO - Processing file /home/airflow/.local/lib/python3.8/site-packages/airflow/example_dags/example_xcomargs.py for tasks to queue
[2023-11-14T09:58:15.022+0000] {logging_mixin.py:154} INFO - [2023-11-14T09:58:15.022+0000] {dagbag.py:536} INFO - Filling up the DagBag from /home/airflow/.local/lib/python3.8/site-packages/airflow/example_dags/example_xcomargs.py
[2023-11-14T09:58:15.027+0000] {processor.py:839} INFO - DAG(s) dict_keys(['example_xcom_args', 'example_xcom_args_with_operators']) retrieved from /home/airflow/.local/lib/python3.8/site-packages/airflow/example_dags/example_xcomargs.py
[2023-11-14T09:58:15.043+0000] {logging_mixin.py:154} INFO - [2023-11-14T09:58:15.042+0000] {dag.py:2941} INFO - Sync 2 DAGs
[2023-11-14T09:58:15.052+0000] {logging_mixin.py:154} INFO - [2023-11-14T09:58:15.052+0000] {dag.py:3722} INFO - Setting next_dagrun for example_xcom_args to None, run_after=None
[2023-11-14T09:58:15.054+0000] {logging_mixin.py:154} INFO - [2023-11-14T09:58:15.054+0000] {dag.py:3722} INFO - Setting next_dagrun for example_xcom_args_with_operators to None, run_after=None
[2023-11-14T09:58:15.062+0000] {processor.py:179} INFO - Processing /home/airflow/.local/lib/python3.8/site-packages/airflow/example_dags/example_xcomargs.py took 0.044 seconds
[2023-11-14T09:58:45.108+0000] {processor.py:157} INFO - Started process (PID=607) to work on /home/airflow/.local/lib/python3.8/site-packages/airflow/example_dags/example_xcomargs.py
[2023-11-14T09:58:45.109+0000] {processor.py:829} INFO - Processing file /home/airflow/.local/lib/python3.8/site-packages/airflow/example_dags/example_xcomargs.py for tasks to queue
[2023-11-14T09:58:45.110+0000] {logging_mixin.py:154} INFO - [2023-11-14T09:58:45.110+0000] {dagbag.py:536} INFO - Filling up the DagBag from /home/airflow/.local/lib/python3.8/site-packages/airflow/example_dags/example_xcomargs.py
[2023-11-14T09:58:45.115+0000] {processor.py:839} INFO - DAG(s) dict_keys(['example_xcom_args', 'example_xcom_args_with_operators']) retrieved from /home/airflow/.local/lib/python3.8/site-packages/airflow/example_dags/example_xcomargs.py
[2023-11-14T09:58:45.128+0000] {logging_mixin.py:154} INFO - [2023-11-14T09:58:45.127+0000] {dag.py:2941} INFO - Sync 2 DAGs
[2023-11-14T09:58:45.134+0000] {logging_mixin.py:154} INFO - [2023-11-14T09:58:45.134+0000] {dag.py:3722} INFO - Setting next_dagrun for example_xcom_args to None, run_after=None
[2023-11-14T09:58:45.135+0000] {logging_mixin.py:154} INFO - [2023-11-14T09:58:45.135+0000] {dag.py:3722} INFO - Setting next_dagrun for example_xcom_args_with_operators to None, run_after=None
[2023-11-14T09:58:45.145+0000] {processor.py:179} INFO - Processing /home/airflow/.local/lib/python3.8/site-packages/airflow/example_dags/example_xcomargs.py took 0.039 seconds
[2023-11-14T09:59:15.606+0000] {processor.py:157} INFO - Started process (PID=661) to work on /home/airflow/.local/lib/python3.8/site-packages/airflow/example_dags/example_xcomargs.py
[2023-11-14T09:59:15.607+0000] {processor.py:829} INFO - Processing file /home/airflow/.local/lib/python3.8/site-packages/airflow/example_dags/example_xcomargs.py for tasks to queue
[2023-11-14T09:59:15.609+0000] {logging_mixin.py:154} INFO - [2023-11-14T09:59:15.609+0000] {dagbag.py:536} INFO - Filling up the DagBag from /home/airflow/.local/lib/python3.8/site-packages/airflow/example_dags/example_xcomargs.py
[2023-11-14T09:59:15.614+0000] {processor.py:839} INFO - DAG(s) dict_keys(['example_xcom_args_with_operators', 'example_xcom_args']) retrieved from /home/airflow/.local/lib/python3.8/site-packages/airflow/example_dags/example_xcomargs.py
[2023-11-14T09:59:15.632+0000] {logging_mixin.py:154} INFO - [2023-11-14T09:59:15.632+0000] {dag.py:2941} INFO - Sync 2 DAGs
[2023-11-14T09:59:15.640+0000] {logging_mixin.py:154} INFO - [2023-11-14T09:59:15.640+0000] {dag.py:3722} INFO - Setting next_dagrun for example_xcom_args to None, run_after=None
[2023-11-14T09:59:15.642+0000] {logging_mixin.py:154} INFO - [2023-11-14T09:59:15.642+0000] {dag.py:3722} INFO - Setting next_dagrun for example_xcom_args_with_operators to None, run_after=None
[2023-11-14T09:59:15.652+0000] {processor.py:179} INFO - Processing /home/airflow/.local/lib/python3.8/site-packages/airflow/example_dags/example_xcomargs.py took 0.048 seconds
[2023-11-14T09:59:45.931+0000] {processor.py:157} INFO - Started process (PID=715) to work on /home/airflow/.local/lib/python3.8/site-packages/airflow/example_dags/example_xcomargs.py
[2023-11-14T09:59:45.932+0000] {processor.py:829} INFO - Processing file /home/airflow/.local/lib/python3.8/site-packages/airflow/example_dags/example_xcomargs.py for tasks to queue
[2023-11-14T09:59:45.934+0000] {logging_mixin.py:154} INFO - [2023-11-14T09:59:45.934+0000] {dagbag.py:536} INFO - Filling up the DagBag from /home/airflow/.local/lib/python3.8/site-packages/airflow/example_dags/example_xcomargs.py
[2023-11-14T09:59:45.939+0000] {processor.py:839} INFO - DAG(s) dict_keys(['example_xcom_args_with_operators', 'example_xcom_args']) retrieved from /home/airflow/.local/lib/python3.8/site-packages/airflow/example_dags/example_xcomargs.py
[2023-11-14T09:59:45.952+0000] {logging_mixin.py:154} INFO - [2023-11-14T09:59:45.952+0000] {dag.py:2941} INFO - Sync 2 DAGs
[2023-11-14T09:59:45.960+0000] {logging_mixin.py:154} INFO - [2023-11-14T09:59:45.960+0000] {dag.py:3722} INFO - Setting next_dagrun for example_xcom_args to None, run_after=None
[2023-11-14T09:59:45.962+0000] {logging_mixin.py:154} INFO - [2023-11-14T09:59:45.961+0000] {dag.py:3722} INFO - Setting next_dagrun for example_xcom_args_with_operators to None, run_after=None
[2023-11-14T09:59:45.972+0000] {processor.py:179} INFO - Processing /home/airflow/.local/lib/python3.8/site-packages/airflow/example_dags/example_xcomargs.py took 0.043 seconds
[2023-11-14T10:00:16.339+0000] {processor.py:157} INFO - Started process (PID=769) to work on /home/airflow/.local/lib/python3.8/site-packages/airflow/example_dags/example_xcomargs.py
[2023-11-14T10:00:16.340+0000] {processor.py:829} INFO - Processing file /home/airflow/.local/lib/python3.8/site-packages/airflow/example_dags/example_xcomargs.py for tasks to queue
[2023-11-14T10:00:16.341+0000] {logging_mixin.py:154} INFO - [2023-11-14T10:00:16.341+0000] {dagbag.py:536} INFO - Filling up the DagBag from /home/airflow/.local/lib/python3.8/site-packages/airflow/example_dags/example_xcomargs.py
[2023-11-14T10:00:16.347+0000] {processor.py:839} INFO - DAG(s) dict_keys(['example_xcom_args_with_operators', 'example_xcom_args']) retrieved from /home/airflow/.local/lib/python3.8/site-packages/airflow/example_dags/example_xcomargs.py
[2023-11-14T10:00:16.364+0000] {logging_mixin.py:154} INFO - [2023-11-14T10:00:16.364+0000] {dag.py:2941} INFO - Sync 2 DAGs
[2023-11-14T10:00:16.372+0000] {logging_mixin.py:154} INFO - [2023-11-14T10:00:16.372+0000] {dag.py:3722} INFO - Setting next_dagrun for example_xcom_args to None, run_after=None
[2023-11-14T10:00:16.374+0000] {logging_mixin.py:154} INFO - [2023-11-14T10:00:16.374+0000] {dag.py:3722} INFO - Setting next_dagrun for example_xcom_args_with_operators to None, run_after=None
[2023-11-14T10:00:16.386+0000] {processor.py:179} INFO - Processing /home/airflow/.local/lib/python3.8/site-packages/airflow/example_dags/example_xcomargs.py took 0.050 seconds
[2023-11-14T10:00:46.487+0000] {processor.py:157} INFO - Started process (PID=823) to work on /home/airflow/.local/lib/python3.8/site-packages/airflow/example_dags/example_xcomargs.py
[2023-11-14T10:00:46.488+0000] {processor.py:829} INFO - Processing file /home/airflow/.local/lib/python3.8/site-packages/airflow/example_dags/example_xcomargs.py for tasks to queue
[2023-11-14T10:00:46.491+0000] {logging_mixin.py:154} INFO - [2023-11-14T10:00:46.491+0000] {dagbag.py:536} INFO - Filling up the DagBag from /home/airflow/.local/lib/python3.8/site-packages/airflow/example_dags/example_xcomargs.py
[2023-11-14T10:00:46.496+0000] {processor.py:839} INFO - DAG(s) dict_keys(['example_xcom_args_with_operators', 'example_xcom_args']) retrieved from /home/airflow/.local/lib/python3.8/site-packages/airflow/example_dags/example_xcomargs.py
[2023-11-14T10:00:46.513+0000] {logging_mixin.py:154} INFO - [2023-11-14T10:00:46.513+0000] {dag.py:2941} INFO - Sync 2 DAGs
[2023-11-14T10:00:46.520+0000] {logging_mixin.py:154} INFO - [2023-11-14T10:00:46.520+0000] {dag.py:3722} INFO - Setting next_dagrun for example_xcom_args to None, run_after=None
[2023-11-14T10:00:46.522+0000] {logging_mixin.py:154} INFO - [2023-11-14T10:00:46.522+0000] {dag.py:3722} INFO - Setting next_dagrun for example_xcom_args_with_operators to None, run_after=None
[2023-11-14T10:00:46.530+0000] {processor.py:179} INFO - Processing /home/airflow/.local/lib/python3.8/site-packages/airflow/example_dags/example_xcomargs.py took 0.045 seconds
[2023-11-14T10:01:16.664+0000] {processor.py:157} INFO - Started process (PID=877) to work on /home/airflow/.local/lib/python3.8/site-packages/airflow/example_dags/example_xcomargs.py
[2023-11-14T10:01:16.665+0000] {processor.py:829} INFO - Processing file /home/airflow/.local/lib/python3.8/site-packages/airflow/example_dags/example_xcomargs.py for tasks to queue
[2023-11-14T10:01:16.667+0000] {logging_mixin.py:154} INFO - [2023-11-14T10:01:16.666+0000] {dagbag.py:536} INFO - Filling up the DagBag from /home/airflow/.local/lib/python3.8/site-packages/airflow/example_dags/example_xcomargs.py
[2023-11-14T10:01:16.672+0000] {processor.py:839} INFO - DAG(s) dict_keys(['example_xcom_args_with_operators', 'example_xcom_args']) retrieved from /home/airflow/.local/lib/python3.8/site-packages/airflow/example_dags/example_xcomargs.py
[2023-11-14T10:01:16.696+0000] {logging_mixin.py:154} INFO - [2023-11-14T10:01:16.696+0000] {dag.py:2941} INFO - Sync 2 DAGs
[2023-11-14T10:01:16.710+0000] {logging_mixin.py:154} INFO - [2023-11-14T10:01:16.710+0000] {dag.py:3722} INFO - Setting next_dagrun for example_xcom_args to None, run_after=None
[2023-11-14T10:01:16.714+0000] {logging_mixin.py:154} INFO - [2023-11-14T10:01:16.714+0000] {dag.py:3722} INFO - Setting next_dagrun for example_xcom_args_with_operators to None, run_after=None
[2023-11-14T10:01:16.727+0000] {processor.py:179} INFO - Processing /home/airflow/.local/lib/python3.8/site-packages/airflow/example_dags/example_xcomargs.py took 0.066 seconds
[2023-11-14T10:01:47.693+0000] {processor.py:157} INFO - Started process (PID=931) to work on /home/airflow/.local/lib/python3.8/site-packages/airflow/example_dags/example_xcomargs.py
[2023-11-14T10:01:47.694+0000] {processor.py:829} INFO - Processing file /home/airflow/.local/lib/python3.8/site-packages/airflow/example_dags/example_xcomargs.py for tasks to queue
[2023-11-14T10:01:47.696+0000] {logging_mixin.py:154} INFO - [2023-11-14T10:01:47.696+0000] {dagbag.py:536} INFO - Filling up the DagBag from /home/airflow/.local/lib/python3.8/site-packages/airflow/example_dags/example_xcomargs.py
[2023-11-14T10:01:47.701+0000] {processor.py:839} INFO - DAG(s) dict_keys(['example_xcom_args', 'example_xcom_args_with_operators']) retrieved from /home/airflow/.local/lib/python3.8/site-packages/airflow/example_dags/example_xcomargs.py
[2023-11-14T10:01:47.713+0000] {logging_mixin.py:154} INFO - [2023-11-14T10:01:47.713+0000] {dag.py:2941} INFO - Sync 2 DAGs
[2023-11-14T10:01:47.720+0000] {logging_mixin.py:154} INFO - [2023-11-14T10:01:47.720+0000] {dag.py:3722} INFO - Setting next_dagrun for example_xcom_args to None, run_after=None
[2023-11-14T10:01:47.722+0000] {logging_mixin.py:154} INFO - [2023-11-14T10:01:47.722+0000] {dag.py:3722} INFO - Setting next_dagrun for example_xcom_args_with_operators to None, run_after=None
[2023-11-14T10:01:47.730+0000] {processor.py:179} INFO - Processing /home/airflow/.local/lib/python3.8/site-packages/airflow/example_dags/example_xcomargs.py took 0.039 seconds
[2023-11-14T10:02:18.713+0000] {processor.py:157} INFO - Started process (PID=985) to work on /home/airflow/.local/lib/python3.8/site-packages/airflow/example_dags/example_xcomargs.py
[2023-11-14T10:02:18.713+0000] {processor.py:829} INFO - Processing file /home/airflow/.local/lib/python3.8/site-packages/airflow/example_dags/example_xcomargs.py for tasks to queue
[2023-11-14T10:02:18.715+0000] {logging_mixin.py:154} INFO - [2023-11-14T10:02:18.715+0000] {dagbag.py:536} INFO - Filling up the DagBag from /home/airflow/.local/lib/python3.8/site-packages/airflow/example_dags/example_xcomargs.py
[2023-11-14T10:02:18.720+0000] {processor.py:839} INFO - DAG(s) dict_keys(['example_xcom_args_with_operators', 'example_xcom_args']) retrieved from /home/airflow/.local/lib/python3.8/site-packages/airflow/example_dags/example_xcomargs.py
[2023-11-14T10:02:18.736+0000] {logging_mixin.py:154} INFO - [2023-11-14T10:02:18.736+0000] {dag.py:2941} INFO - Sync 2 DAGs
[2023-11-14T10:02:18.743+0000] {logging_mixin.py:154} INFO - [2023-11-14T10:02:18.743+0000] {dag.py:3722} INFO - Setting next_dagrun for example_xcom_args to None, run_after=None
[2023-11-14T10:02:18.744+0000] {logging_mixin.py:154} INFO - [2023-11-14T10:02:18.744+0000] {dag.py:3722} INFO - Setting next_dagrun for example_xcom_args_with_operators to None, run_after=None
[2023-11-14T10:02:18.755+0000] {processor.py:179} INFO - Processing /home/airflow/.local/lib/python3.8/site-packages/airflow/example_dags/example_xcomargs.py took 0.045 seconds
[2023-11-14T10:02:48.999+0000] {processor.py:157} INFO - Started process (PID=1039) to work on /home/airflow/.local/lib/python3.8/site-packages/airflow/example_dags/example_xcomargs.py
[2023-11-14T10:02:48.999+0000] {processor.py:829} INFO - Processing file /home/airflow/.local/lib/python3.8/site-packages/airflow/example_dags/example_xcomargs.py for tasks to queue
[2023-11-14T10:02:49.001+0000] {logging_mixin.py:154} INFO - [2023-11-14T10:02:49.001+0000] {dagbag.py:536} INFO - Filling up the DagBag from /home/airflow/.local/lib/python3.8/site-packages/airflow/example_dags/example_xcomargs.py
[2023-11-14T10:02:49.006+0000] {processor.py:839} INFO - DAG(s) dict_keys(['example_xcom_args_with_operators', 'example_xcom_args']) retrieved from /home/airflow/.local/lib/python3.8/site-packages/airflow/example_dags/example_xcomargs.py
[2023-11-14T10:02:49.022+0000] {logging_mixin.py:154} INFO - [2023-11-14T10:02:49.022+0000] {dag.py:2941} INFO - Sync 2 DAGs
[2023-11-14T10:02:49.031+0000] {logging_mixin.py:154} INFO - [2023-11-14T10:02:49.031+0000] {dag.py:3722} INFO - Setting next_dagrun for example_xcom_args to None, run_after=None
[2023-11-14T10:02:49.033+0000] {logging_mixin.py:154} INFO - [2023-11-14T10:02:49.033+0000] {dag.py:3722} INFO - Setting next_dagrun for example_xcom_args_with_operators to None, run_after=None
[2023-11-14T10:02:49.043+0000] {processor.py:179} INFO - Processing /home/airflow/.local/lib/python3.8/site-packages/airflow/example_dags/example_xcomargs.py took 0.046 seconds
[2023-11-14T10:03:19.893+0000] {processor.py:157} INFO - Started process (PID=1093) to work on /home/airflow/.local/lib/python3.8/site-packages/airflow/example_dags/example_xcomargs.py
[2023-11-14T10:03:19.894+0000] {processor.py:829} INFO - Processing file /home/airflow/.local/lib/python3.8/site-packages/airflow/example_dags/example_xcomargs.py for tasks to queue
[2023-11-14T10:03:19.896+0000] {logging_mixin.py:154} INFO - [2023-11-14T10:03:19.896+0000] {dagbag.py:536} INFO - Filling up the DagBag from /home/airflow/.local/lib/python3.8/site-packages/airflow/example_dags/example_xcomargs.py
[2023-11-14T10:03:19.902+0000] {processor.py:839} INFO - DAG(s) dict_keys(['example_xcom_args_with_operators', 'example_xcom_args']) retrieved from /home/airflow/.local/lib/python3.8/site-packages/airflow/example_dags/example_xcomargs.py
[2023-11-14T10:03:19.918+0000] {logging_mixin.py:154} INFO - [2023-11-14T10:03:19.918+0000] {dag.py:2941} INFO - Sync 2 DAGs
[2023-11-14T10:03:19.925+0000] {logging_mixin.py:154} INFO - [2023-11-14T10:03:19.925+0000] {dag.py:3722} INFO - Setting next_dagrun for example_xcom_args to None, run_after=None
[2023-11-14T10:03:19.927+0000] {logging_mixin.py:154} INFO - [2023-11-14T10:03:19.927+0000] {dag.py:3722} INFO - Setting next_dagrun for example_xcom_args_with_operators to None, run_after=None
[2023-11-14T10:03:19.935+0000] {processor.py:179} INFO - Processing /home/airflow/.local/lib/python3.8/site-packages/airflow/example_dags/example_xcomargs.py took 0.045 seconds
[2023-11-14T10:03:50.234+0000] {processor.py:157} INFO - Started process (PID=1147) to work on /home/airflow/.local/lib/python3.8/site-packages/airflow/example_dags/example_xcomargs.py
[2023-11-14T10:03:50.235+0000] {processor.py:829} INFO - Processing file /home/airflow/.local/lib/python3.8/site-packages/airflow/example_dags/example_xcomargs.py for tasks to queue
[2023-11-14T10:03:50.236+0000] {logging_mixin.py:154} INFO - [2023-11-14T10:03:50.236+0000] {dagbag.py:536} INFO - Filling up the DagBag from /home/airflow/.local/lib/python3.8/site-packages/airflow/example_dags/example_xcomargs.py
[2023-11-14T10:03:50.242+0000] {processor.py:839} INFO - DAG(s) dict_keys(['example_xcom_args_with_operators', 'example_xcom_args']) retrieved from /home/airflow/.local/lib/python3.8/site-packages/airflow/example_dags/example_xcomargs.py
[2023-11-14T10:03:50.257+0000] {logging_mixin.py:154} INFO - [2023-11-14T10:03:50.256+0000] {dag.py:2941} INFO - Sync 2 DAGs
[2023-11-14T10:03:50.265+0000] {logging_mixin.py:154} INFO - [2023-11-14T10:03:50.265+0000] {dag.py:3722} INFO - Setting next_dagrun for example_xcom_args to None, run_after=None
[2023-11-14T10:03:50.267+0000] {logging_mixin.py:154} INFO - [2023-11-14T10:03:50.267+0000] {dag.py:3722} INFO - Setting next_dagrun for example_xcom_args_with_operators to None, run_after=None
[2023-11-14T10:03:50.279+0000] {processor.py:179} INFO - Processing /home/airflow/.local/lib/python3.8/site-packages/airflow/example_dags/example_xcomargs.py took 0.047 seconds
[2023-11-14T10:04:20.460+0000] {processor.py:157} INFO - Started process (PID=1201) to work on /home/airflow/.local/lib/python3.8/site-packages/airflow/example_dags/example_xcomargs.py
[2023-11-14T10:04:20.461+0000] {processor.py:829} INFO - Processing file /home/airflow/.local/lib/python3.8/site-packages/airflow/example_dags/example_xcomargs.py for tasks to queue
[2023-11-14T10:04:20.463+0000] {logging_mixin.py:154} INFO - [2023-11-14T10:04:20.463+0000] {dagbag.py:536} INFO - Filling up the DagBag from /home/airflow/.local/lib/python3.8/site-packages/airflow/example_dags/example_xcomargs.py
[2023-11-14T10:04:20.468+0000] {processor.py:839} INFO - DAG(s) dict_keys(['example_xcom_args_with_operators', 'example_xcom_args']) retrieved from /home/airflow/.local/lib/python3.8/site-packages/airflow/example_dags/example_xcomargs.py
[2023-11-14T10:04:20.482+0000] {logging_mixin.py:154} INFO - [2023-11-14T10:04:20.482+0000] {dag.py:2941} INFO - Sync 2 DAGs
[2023-11-14T10:04:20.489+0000] {logging_mixin.py:154} INFO - [2023-11-14T10:04:20.489+0000] {dag.py:3722} INFO - Setting next_dagrun for example_xcom_args to None, run_after=None
[2023-11-14T10:04:20.491+0000] {logging_mixin.py:154} INFO - [2023-11-14T10:04:20.491+0000] {dag.py:3722} INFO - Setting next_dagrun for example_xcom_args_with_operators to None, run_after=None
[2023-11-14T10:04:20.500+0000] {processor.py:179} INFO - Processing /home/airflow/.local/lib/python3.8/site-packages/airflow/example_dags/example_xcomargs.py took 0.043 seconds
[2023-11-14T10:04:50.683+0000] {processor.py:157} INFO - Started process (PID=1255) to work on /home/airflow/.local/lib/python3.8/site-packages/airflow/example_dags/example_xcomargs.py
[2023-11-14T10:04:50.683+0000] {processor.py:829} INFO - Processing file /home/airflow/.local/lib/python3.8/site-packages/airflow/example_dags/example_xcomargs.py for tasks to queue
[2023-11-14T10:04:50.685+0000] {logging_mixin.py:154} INFO - [2023-11-14T10:04:50.685+0000] {dagbag.py:536} INFO - Filling up the DagBag from /home/airflow/.local/lib/python3.8/site-packages/airflow/example_dags/example_xcomargs.py
[2023-11-14T10:04:50.690+0000] {processor.py:839} INFO - DAG(s) dict_keys(['example_xcom_args', 'example_xcom_args_with_operators']) retrieved from /home/airflow/.local/lib/python3.8/site-packages/airflow/example_dags/example_xcomargs.py
[2023-11-14T10:04:50.704+0000] {logging_mixin.py:154} INFO - [2023-11-14T10:04:50.704+0000] {dag.py:2941} INFO - Sync 2 DAGs
[2023-11-14T10:04:50.712+0000] {logging_mixin.py:154} INFO - [2023-11-14T10:04:50.712+0000] {dag.py:3722} INFO - Setting next_dagrun for example_xcom_args to None, run_after=None
[2023-11-14T10:04:50.714+0000] {logging_mixin.py:154} INFO - [2023-11-14T10:04:50.714+0000] {dag.py:3722} INFO - Setting next_dagrun for example_xcom_args_with_operators to None, run_after=None
[2023-11-14T10:04:50.724+0000] {processor.py:179} INFO - Processing /home/airflow/.local/lib/python3.8/site-packages/airflow/example_dags/example_xcomargs.py took 0.043 seconds
[2023-11-14T10:05:20.957+0000] {processor.py:157} INFO - Started process (PID=1309) to work on /home/airflow/.local/lib/python3.8/site-packages/airflow/example_dags/example_xcomargs.py
[2023-11-14T10:05:20.958+0000] {processor.py:829} INFO - Processing file /home/airflow/.local/lib/python3.8/site-packages/airflow/example_dags/example_xcomargs.py for tasks to queue
[2023-11-14T10:05:20.960+0000] {logging_mixin.py:154} INFO - [2023-11-14T10:05:20.960+0000] {dagbag.py:536} INFO - Filling up the DagBag from /home/airflow/.local/lib/python3.8/site-packages/airflow/example_dags/example_xcomargs.py
[2023-11-14T10:05:20.969+0000] {processor.py:839} INFO - DAG(s) dict_keys(['example_xcom_args', 'example_xcom_args_with_operators']) retrieved from /home/airflow/.local/lib/python3.8/site-packages/airflow/example_dags/example_xcomargs.py
[2023-11-14T10:05:20.988+0000] {logging_mixin.py:154} INFO - [2023-11-14T10:05:20.988+0000] {dag.py:2941} INFO - Sync 2 DAGs
[2023-11-14T10:05:20.995+0000] {logging_mixin.py:154} INFO - [2023-11-14T10:05:20.995+0000] {dag.py:3722} INFO - Setting next_dagrun for example_xcom_args to None, run_after=None
[2023-11-14T10:05:20.997+0000] {logging_mixin.py:154} INFO - [2023-11-14T10:05:20.997+0000] {dag.py:3722} INFO - Setting next_dagrun for example_xcom_args_with_operators to None, run_after=None
[2023-11-14T10:05:21.005+0000] {processor.py:179} INFO - Processing /home/airflow/.local/lib/python3.8/site-packages/airflow/example_dags/example_xcomargs.py took 0.050 seconds
[2023-11-14T10:05:51.220+0000] {processor.py:157} INFO - Started process (PID=1363) to work on /home/airflow/.local/lib/python3.8/site-packages/airflow/example_dags/example_xcomargs.py
[2023-11-14T10:05:51.221+0000] {processor.py:829} INFO - Processing file /home/airflow/.local/lib/python3.8/site-packages/airflow/example_dags/example_xcomargs.py for tasks to queue
[2023-11-14T10:05:51.222+0000] {logging_mixin.py:154} INFO - [2023-11-14T10:05:51.222+0000] {dagbag.py:536} INFO - Filling up the DagBag from /home/airflow/.local/lib/python3.8/site-packages/airflow/example_dags/example_xcomargs.py
[2023-11-14T10:05:51.229+0000] {processor.py:839} INFO - DAG(s) dict_keys(['example_xcom_args', 'example_xcom_args_with_operators']) retrieved from /home/airflow/.local/lib/python3.8/site-packages/airflow/example_dags/example_xcomargs.py
[2023-11-14T10:05:51.243+0000] {logging_mixin.py:154} INFO - [2023-11-14T10:05:51.243+0000] {dag.py:2941} INFO - Sync 2 DAGs
[2023-11-14T10:05:51.250+0000] {logging_mixin.py:154} INFO - [2023-11-14T10:05:51.249+0000] {dag.py:3722} INFO - Setting next_dagrun for example_xcom_args to None, run_after=None
[2023-11-14T10:05:51.251+0000] {logging_mixin.py:154} INFO - [2023-11-14T10:05:51.251+0000] {dag.py:3722} INFO - Setting next_dagrun for example_xcom_args_with_operators to None, run_after=None
[2023-11-14T10:05:51.259+0000] {processor.py:179} INFO - Processing /home/airflow/.local/lib/python3.8/site-packages/airflow/example_dags/example_xcomargs.py took 0.041 seconds
[2023-11-14T10:06:21.424+0000] {processor.py:157} INFO - Started process (PID=1417) to work on /home/airflow/.local/lib/python3.8/site-packages/airflow/example_dags/example_xcomargs.py
[2023-11-14T10:06:21.425+0000] {processor.py:829} INFO - Processing file /home/airflow/.local/lib/python3.8/site-packages/airflow/example_dags/example_xcomargs.py for tasks to queue
[2023-11-14T10:06:21.427+0000] {logging_mixin.py:154} INFO - [2023-11-14T10:06:21.427+0000] {dagbag.py:536} INFO - Filling up the DagBag from /home/airflow/.local/lib/python3.8/site-packages/airflow/example_dags/example_xcomargs.py
[2023-11-14T10:06:21.432+0000] {processor.py:839} INFO - DAG(s) dict_keys(['example_xcom_args', 'example_xcom_args_with_operators']) retrieved from /home/airflow/.local/lib/python3.8/site-packages/airflow/example_dags/example_xcomargs.py
[2023-11-14T10:06:21.448+0000] {logging_mixin.py:154} INFO - [2023-11-14T10:06:21.447+0000] {dag.py:2941} INFO - Sync 2 DAGs
[2023-11-14T10:06:21.457+0000] {logging_mixin.py:154} INFO - [2023-11-14T10:06:21.457+0000] {dag.py:3722} INFO - Setting next_dagrun for example_xcom_args to None, run_after=None
[2023-11-14T10:06:21.459+0000] {logging_mixin.py:154} INFO - [2023-11-14T10:06:21.459+0000] {dag.py:3722} INFO - Setting next_dagrun for example_xcom_args_with_operators to None, run_after=None
[2023-11-14T10:06:21.468+0000] {processor.py:179} INFO - Processing /home/airflow/.local/lib/python3.8/site-packages/airflow/example_dags/example_xcomargs.py took 0.046 seconds
[2023-11-14T10:06:51.571+0000] {processor.py:157} INFO - Started process (PID=1471) to work on /home/airflow/.local/lib/python3.8/site-packages/airflow/example_dags/example_xcomargs.py
[2023-11-14T10:06:51.572+0000] {processor.py:829} INFO - Processing file /home/airflow/.local/lib/python3.8/site-packages/airflow/example_dags/example_xcomargs.py for tasks to queue
[2023-11-14T10:06:51.573+0000] {logging_mixin.py:154} INFO - [2023-11-14T10:06:51.573+0000] {dagbag.py:536} INFO - Filling up the DagBag from /home/airflow/.local/lib/python3.8/site-packages/airflow/example_dags/example_xcomargs.py
[2023-11-14T10:06:51.578+0000] {processor.py:839} INFO - DAG(s) dict_keys(['example_xcom_args', 'example_xcom_args_with_operators']) retrieved from /home/airflow/.local/lib/python3.8/site-packages/airflow/example_dags/example_xcomargs.py
[2023-11-14T10:06:51.590+0000] {logging_mixin.py:154} INFO - [2023-11-14T10:06:51.590+0000] {dag.py:2941} INFO - Sync 2 DAGs
[2023-11-14T10:06:51.597+0000] {logging_mixin.py:154} INFO - [2023-11-14T10:06:51.597+0000] {dag.py:3722} INFO - Setting next_dagrun for example_xcom_args to None, run_after=None
[2023-11-14T10:06:51.599+0000] {logging_mixin.py:154} INFO - [2023-11-14T10:06:51.599+0000] {dag.py:3722} INFO - Setting next_dagrun for example_xcom_args_with_operators to None, run_after=None
[2023-11-14T10:06:51.606+0000] {processor.py:179} INFO - Processing /home/airflow/.local/lib/python3.8/site-packages/airflow/example_dags/example_xcomargs.py took 0.038 seconds
[2023-11-14T10:07:21.901+0000] {processor.py:157} INFO - Started process (PID=1525) to work on /home/airflow/.local/lib/python3.8/site-packages/airflow/example_dags/example_xcomargs.py
[2023-11-14T10:07:21.902+0000] {processor.py:829} INFO - Processing file /home/airflow/.local/lib/python3.8/site-packages/airflow/example_dags/example_xcomargs.py for tasks to queue
[2023-11-14T10:07:21.904+0000] {logging_mixin.py:154} INFO - [2023-11-14T10:07:21.903+0000] {dagbag.py:536} INFO - Filling up the DagBag from /home/airflow/.local/lib/python3.8/site-packages/airflow/example_dags/example_xcomargs.py
[2023-11-14T10:07:21.908+0000] {processor.py:839} INFO - DAG(s) dict_keys(['example_xcom_args', 'example_xcom_args_with_operators']) retrieved from /home/airflow/.local/lib/python3.8/site-packages/airflow/example_dags/example_xcomargs.py
[2023-11-14T10:07:21.921+0000] {logging_mixin.py:154} INFO - [2023-11-14T10:07:21.921+0000] {dag.py:2941} INFO - Sync 2 DAGs
[2023-11-14T10:07:21.928+0000] {logging_mixin.py:154} INFO - [2023-11-14T10:07:21.928+0000] {dag.py:3722} INFO - Setting next_dagrun for example_xcom_args to None, run_after=None
[2023-11-14T10:07:21.930+0000] {logging_mixin.py:154} INFO - [2023-11-14T10:07:21.930+0000] {dag.py:3722} INFO - Setting next_dagrun for example_xcom_args_with_operators to None, run_after=None
[2023-11-14T10:07:21.938+0000] {processor.py:179} INFO - Processing /home/airflow/.local/lib/python3.8/site-packages/airflow/example_dags/example_xcomargs.py took 0.039 seconds
[2023-11-14T10:07:52.273+0000] {processor.py:157} INFO - Started process (PID=1579) to work on /home/airflow/.local/lib/python3.8/site-packages/airflow/example_dags/example_xcomargs.py
[2023-11-14T10:07:52.274+0000] {processor.py:829} INFO - Processing file /home/airflow/.local/lib/python3.8/site-packages/airflow/example_dags/example_xcomargs.py for tasks to queue
[2023-11-14T10:07:52.276+0000] {logging_mixin.py:154} INFO - [2023-11-14T10:07:52.276+0000] {dagbag.py:536} INFO - Filling up the DagBag from /home/airflow/.local/lib/python3.8/site-packages/airflow/example_dags/example_xcomargs.py
[2023-11-14T10:07:52.282+0000] {processor.py:839} INFO - DAG(s) dict_keys(['example_xcom_args', 'example_xcom_args_with_operators']) retrieved from /home/airflow/.local/lib/python3.8/site-packages/airflow/example_dags/example_xcomargs.py
[2023-11-14T10:07:52.298+0000] {logging_mixin.py:154} INFO - [2023-11-14T10:07:52.298+0000] {dag.py:2941} INFO - Sync 2 DAGs
[2023-11-14T10:07:52.305+0000] {logging_mixin.py:154} INFO - [2023-11-14T10:07:52.305+0000] {dag.py:3722} INFO - Setting next_dagrun for example_xcom_args to None, run_after=None
[2023-11-14T10:07:52.308+0000] {logging_mixin.py:154} INFO - [2023-11-14T10:07:52.308+0000] {dag.py:3722} INFO - Setting next_dagrun for example_xcom_args_with_operators to None, run_after=None
[2023-11-14T10:07:52.317+0000] {processor.py:179} INFO - Processing /home/airflow/.local/lib/python3.8/site-packages/airflow/example_dags/example_xcomargs.py took 0.047 seconds
[2023-11-14T10:08:22.938+0000] {processor.py:157} INFO - Started process (PID=1633) to work on /home/airflow/.local/lib/python3.8/site-packages/airflow/example_dags/example_xcomargs.py
[2023-11-14T10:08:22.940+0000] {processor.py:829} INFO - Processing file /home/airflow/.local/lib/python3.8/site-packages/airflow/example_dags/example_xcomargs.py for tasks to queue
[2023-11-14T10:08:22.942+0000] {logging_mixin.py:154} INFO - [2023-11-14T10:08:22.942+0000] {dagbag.py:536} INFO - Filling up the DagBag from /home/airflow/.local/lib/python3.8/site-packages/airflow/example_dags/example_xcomargs.py
[2023-11-14T10:08:22.947+0000] {processor.py:839} INFO - DAG(s) dict_keys(['example_xcom_args_with_operators', 'example_xcom_args']) retrieved from /home/airflow/.local/lib/python3.8/site-packages/airflow/example_dags/example_xcomargs.py
[2023-11-14T10:08:22.963+0000] {logging_mixin.py:154} INFO - [2023-11-14T10:08:22.963+0000] {dag.py:2941} INFO - Sync 2 DAGs
[2023-11-14T10:08:22.971+0000] {logging_mixin.py:154} INFO - [2023-11-14T10:08:22.970+0000] {dag.py:3722} INFO - Setting next_dagrun for example_xcom_args to None, run_after=None
[2023-11-14T10:08:22.973+0000] {logging_mixin.py:154} INFO - [2023-11-14T10:08:22.973+0000] {dag.py:3722} INFO - Setting next_dagrun for example_xcom_args_with_operators to None, run_after=None
[2023-11-14T10:08:22.982+0000] {processor.py:179} INFO - Processing /home/airflow/.local/lib/python3.8/site-packages/airflow/example_dags/example_xcomargs.py took 0.046 seconds
[2023-11-14T10:08:54.170+0000] {processor.py:157} INFO - Started process (PID=1687) to work on /home/airflow/.local/lib/python3.8/site-packages/airflow/example_dags/example_xcomargs.py
[2023-11-14T10:08:54.171+0000] {processor.py:829} INFO - Processing file /home/airflow/.local/lib/python3.8/site-packages/airflow/example_dags/example_xcomargs.py for tasks to queue
[2023-11-14T10:08:54.173+0000] {logging_mixin.py:154} INFO - [2023-11-14T10:08:54.173+0000] {dagbag.py:536} INFO - Filling up the DagBag from /home/airflow/.local/lib/python3.8/site-packages/airflow/example_dags/example_xcomargs.py
[2023-11-14T10:08:54.178+0000] {processor.py:839} INFO - DAG(s) dict_keys(['example_xcom_args', 'example_xcom_args_with_operators']) retrieved from /home/airflow/.local/lib/python3.8/site-packages/airflow/example_dags/example_xcomargs.py
[2023-11-14T10:08:54.193+0000] {logging_mixin.py:154} INFO - [2023-11-14T10:08:54.193+0000] {dag.py:2941} INFO - Sync 2 DAGs
[2023-11-14T10:08:54.201+0000] {logging_mixin.py:154} INFO - [2023-11-14T10:08:54.200+0000] {dag.py:3722} INFO - Setting next_dagrun for example_xcom_args to None, run_after=None
[2023-11-14T10:08:54.203+0000] {logging_mixin.py:154} INFO - [2023-11-14T10:08:54.203+0000] {dag.py:3722} INFO - Setting next_dagrun for example_xcom_args_with_operators to None, run_after=None
[2023-11-14T10:08:54.213+0000] {processor.py:179} INFO - Processing /home/airflow/.local/lib/python3.8/site-packages/airflow/example_dags/example_xcomargs.py took 0.045 seconds
[2023-11-14T10:09:24.358+0000] {processor.py:157} INFO - Started process (PID=1741) to work on /home/airflow/.local/lib/python3.8/site-packages/airflow/example_dags/example_xcomargs.py
[2023-11-14T10:09:24.358+0000] {processor.py:829} INFO - Processing file /home/airflow/.local/lib/python3.8/site-packages/airflow/example_dags/example_xcomargs.py for tasks to queue
[2023-11-14T10:09:24.360+0000] {logging_mixin.py:154} INFO - [2023-11-14T10:09:24.360+0000] {dagbag.py:536} INFO - Filling up the DagBag from /home/airflow/.local/lib/python3.8/site-packages/airflow/example_dags/example_xcomargs.py
[2023-11-14T10:09:24.366+0000] {processor.py:839} INFO - DAG(s) dict_keys(['example_xcom_args', 'example_xcom_args_with_operators']) retrieved from /home/airflow/.local/lib/python3.8/site-packages/airflow/example_dags/example_xcomargs.py
[2023-11-14T10:09:24.381+0000] {logging_mixin.py:154} INFO - [2023-11-14T10:09:24.381+0000] {dag.py:2941} INFO - Sync 2 DAGs
[2023-11-14T10:09:24.388+0000] {logging_mixin.py:154} INFO - [2023-11-14T10:09:24.388+0000] {dag.py:3722} INFO - Setting next_dagrun for example_xcom_args to None, run_after=None
[2023-11-14T10:09:24.390+0000] {logging_mixin.py:154} INFO - [2023-11-14T10:09:24.389+0000] {dag.py:3722} INFO - Setting next_dagrun for example_xcom_args_with_operators to None, run_after=None
[2023-11-14T10:09:24.397+0000] {processor.py:179} INFO - Processing /home/airflow/.local/lib/python3.8/site-packages/airflow/example_dags/example_xcomargs.py took 0.041 seconds
[2023-11-14T10:09:55.198+0000] {processor.py:157} INFO - Started process (PID=1795) to work on /home/airflow/.local/lib/python3.8/site-packages/airflow/example_dags/example_xcomargs.py
[2023-11-14T10:09:55.199+0000] {processor.py:829} INFO - Processing file /home/airflow/.local/lib/python3.8/site-packages/airflow/example_dags/example_xcomargs.py for tasks to queue
[2023-11-14T10:09:55.200+0000] {logging_mixin.py:154} INFO - [2023-11-14T10:09:55.200+0000] {dagbag.py:536} INFO - Filling up the DagBag from /home/airflow/.local/lib/python3.8/site-packages/airflow/example_dags/example_xcomargs.py
[2023-11-14T10:09:55.205+0000] {processor.py:839} INFO - DAG(s) dict_keys(['example_xcom_args_with_operators', 'example_xcom_args']) retrieved from /home/airflow/.local/lib/python3.8/site-packages/airflow/example_dags/example_xcomargs.py
[2023-11-14T10:09:55.217+0000] {logging_mixin.py:154} INFO - [2023-11-14T10:09:55.217+0000] {dag.py:2941} INFO - Sync 2 DAGs
[2023-11-14T10:09:55.224+0000] {logging_mixin.py:154} INFO - [2023-11-14T10:09:55.223+0000] {dag.py:3722} INFO - Setting next_dagrun for example_xcom_args to None, run_after=None
[2023-11-14T10:09:55.225+0000] {logging_mixin.py:154} INFO - [2023-11-14T10:09:55.225+0000] {dag.py:3722} INFO - Setting next_dagrun for example_xcom_args_with_operators to None, run_after=None
[2023-11-14T10:09:55.232+0000] {processor.py:179} INFO - Processing /home/airflow/.local/lib/python3.8/site-packages/airflow/example_dags/example_xcomargs.py took 0.036 seconds
[2023-11-14T10:10:26.583+0000] {processor.py:157} INFO - Started process (PID=1849) to work on /home/airflow/.local/lib/python3.8/site-packages/airflow/example_dags/example_xcomargs.py
[2023-11-14T10:10:26.584+0000] {processor.py:829} INFO - Processing file /home/airflow/.local/lib/python3.8/site-packages/airflow/example_dags/example_xcomargs.py for tasks to queue
[2023-11-14T10:10:26.587+0000] {logging_mixin.py:154} INFO - [2023-11-14T10:10:26.586+0000] {dagbag.py:536} INFO - Filling up the DagBag from /home/airflow/.local/lib/python3.8/site-packages/airflow/example_dags/example_xcomargs.py
[2023-11-14T10:10:26.594+0000] {processor.py:839} INFO - DAG(s) dict_keys(['example_xcom_args', 'example_xcom_args_with_operators']) retrieved from /home/airflow/.local/lib/python3.8/site-packages/airflow/example_dags/example_xcomargs.py
[2023-11-14T10:10:26.610+0000] {logging_mixin.py:154} INFO - [2023-11-14T10:10:26.610+0000] {dag.py:2941} INFO - Sync 2 DAGs
[2023-11-14T10:10:26.719+0000] {logging_mixin.py:154} INFO - [2023-11-14T10:10:26.719+0000] {dag.py:3722} INFO - Setting next_dagrun for example_xcom_args to None, run_after=None
[2023-11-14T10:10:26.722+0000] {logging_mixin.py:154} INFO - [2023-11-14T10:10:26.722+0000] {dag.py:3722} INFO - Setting next_dagrun for example_xcom_args_with_operators to None, run_after=None
[2023-11-14T10:10:26.733+0000] {processor.py:179} INFO - Processing /home/airflow/.local/lib/python3.8/site-packages/airflow/example_dags/example_xcomargs.py took 0.153 seconds
[2023-11-14T10:10:57.389+0000] {processor.py:157} INFO - Started process (PID=1903) to work on /home/airflow/.local/lib/python3.8/site-packages/airflow/example_dags/example_xcomargs.py
[2023-11-14T10:10:57.390+0000] {processor.py:829} INFO - Processing file /home/airflow/.local/lib/python3.8/site-packages/airflow/example_dags/example_xcomargs.py for tasks to queue
[2023-11-14T10:10:57.393+0000] {logging_mixin.py:154} INFO - [2023-11-14T10:10:57.392+0000] {dagbag.py:536} INFO - Filling up the DagBag from /home/airflow/.local/lib/python3.8/site-packages/airflow/example_dags/example_xcomargs.py
[2023-11-14T10:10:57.400+0000] {processor.py:839} INFO - DAG(s) dict_keys(['example_xcom_args', 'example_xcom_args_with_operators']) retrieved from /home/airflow/.local/lib/python3.8/site-packages/airflow/example_dags/example_xcomargs.py
[2023-11-14T10:10:57.420+0000] {logging_mixin.py:154} INFO - [2023-11-14T10:10:57.420+0000] {dag.py:2941} INFO - Sync 2 DAGs
[2023-11-14T10:10:57.428+0000] {logging_mixin.py:154} INFO - [2023-11-14T10:10:57.428+0000] {dag.py:3722} INFO - Setting next_dagrun for example_xcom_args to None, run_after=None
[2023-11-14T10:10:57.431+0000] {logging_mixin.py:154} INFO - [2023-11-14T10:10:57.430+0000] {dag.py:3722} INFO - Setting next_dagrun for example_xcom_args_with_operators to None, run_after=None
[2023-11-14T10:10:57.540+0000] {processor.py:179} INFO - Processing /home/airflow/.local/lib/python3.8/site-packages/airflow/example_dags/example_xcomargs.py took 0.153 seconds
[2023-11-14T10:11:28.195+0000] {processor.py:157} INFO - Started process (PID=1957) to work on /home/airflow/.local/lib/python3.8/site-packages/airflow/example_dags/example_xcomargs.py
[2023-11-14T10:11:28.196+0000] {processor.py:829} INFO - Processing file /home/airflow/.local/lib/python3.8/site-packages/airflow/example_dags/example_xcomargs.py for tasks to queue
[2023-11-14T10:11:28.198+0000] {logging_mixin.py:154} INFO - [2023-11-14T10:11:28.198+0000] {dagbag.py:536} INFO - Filling up the DagBag from /home/airflow/.local/lib/python3.8/site-packages/airflow/example_dags/example_xcomargs.py
[2023-11-14T10:11:28.205+0000] {processor.py:839} INFO - DAG(s) dict_keys(['example_xcom_args_with_operators', 'example_xcom_args']) retrieved from /home/airflow/.local/lib/python3.8/site-packages/airflow/example_dags/example_xcomargs.py
[2023-11-14T10:11:28.226+0000] {logging_mixin.py:154} INFO - [2023-11-14T10:11:28.226+0000] {dag.py:2941} INFO - Sync 2 DAGs
[2023-11-14T10:11:28.237+0000] {logging_mixin.py:154} INFO - [2023-11-14T10:11:28.237+0000] {dag.py:3722} INFO - Setting next_dagrun for example_xcom_args to None, run_after=None
[2023-11-14T10:11:28.240+0000] {logging_mixin.py:154} INFO - [2023-11-14T10:11:28.240+0000] {dag.py:3722} INFO - Setting next_dagrun for example_xcom_args_with_operators to None, run_after=None
[2023-11-14T10:11:28.259+0000] {processor.py:179} INFO - Processing /home/airflow/.local/lib/python3.8/site-packages/airflow/example_dags/example_xcomargs.py took 0.067 seconds
[2023-11-14T10:11:58.930+0000] {processor.py:157} INFO - Started process (PID=2011) to work on /home/airflow/.local/lib/python3.8/site-packages/airflow/example_dags/example_xcomargs.py
[2023-11-14T10:11:58.931+0000] {processor.py:829} INFO - Processing file /home/airflow/.local/lib/python3.8/site-packages/airflow/example_dags/example_xcomargs.py for tasks to queue
[2023-11-14T10:11:58.933+0000] {logging_mixin.py:154} INFO - [2023-11-14T10:11:58.933+0000] {dagbag.py:536} INFO - Filling up the DagBag from /home/airflow/.local/lib/python3.8/site-packages/airflow/example_dags/example_xcomargs.py
[2023-11-14T10:11:58.939+0000] {processor.py:839} INFO - DAG(s) dict_keys(['example_xcom_args', 'example_xcom_args_with_operators']) retrieved from /home/airflow/.local/lib/python3.8/site-packages/airflow/example_dags/example_xcomargs.py
[2023-11-14T10:11:58.954+0000] {logging_mixin.py:154} INFO - [2023-11-14T10:11:58.954+0000] {dag.py:2941} INFO - Sync 2 DAGs
[2023-11-14T10:11:58.962+0000] {logging_mixin.py:154} INFO - [2023-11-14T10:11:58.961+0000] {dag.py:3722} INFO - Setting next_dagrun for example_xcom_args to None, run_after=None
[2023-11-14T10:11:58.964+0000] {logging_mixin.py:154} INFO - [2023-11-14T10:11:58.964+0000] {dag.py:3722} INFO - Setting next_dagrun for example_xcom_args_with_operators to None, run_after=None
[2023-11-14T10:11:58.974+0000] {processor.py:179} INFO - Processing /home/airflow/.local/lib/python3.8/site-packages/airflow/example_dags/example_xcomargs.py took 0.046 seconds
[2023-11-14T10:12:29.462+0000] {processor.py:157} INFO - Started process (PID=2065) to work on /home/airflow/.local/lib/python3.8/site-packages/airflow/example_dags/example_xcomargs.py
[2023-11-14T10:12:29.463+0000] {processor.py:829} INFO - Processing file /home/airflow/.local/lib/python3.8/site-packages/airflow/example_dags/example_xcomargs.py for tasks to queue
[2023-11-14T10:12:29.465+0000] {logging_mixin.py:154} INFO - [2023-11-14T10:12:29.464+0000] {dagbag.py:536} INFO - Filling up the DagBag from /home/airflow/.local/lib/python3.8/site-packages/airflow/example_dags/example_xcomargs.py
[2023-11-14T10:12:29.470+0000] {processor.py:839} INFO - DAG(s) dict_keys(['example_xcom_args', 'example_xcom_args_with_operators']) retrieved from /home/airflow/.local/lib/python3.8/site-packages/airflow/example_dags/example_xcomargs.py
[2023-11-14T10:12:29.486+0000] {logging_mixin.py:154} INFO - [2023-11-14T10:12:29.485+0000] {dag.py:2941} INFO - Sync 2 DAGs
[2023-11-14T10:12:29.598+0000] {logging_mixin.py:154} INFO - [2023-11-14T10:12:29.598+0000] {dag.py:3722} INFO - Setting next_dagrun for example_xcom_args to None, run_after=None
[2023-11-14T10:12:29.601+0000] {logging_mixin.py:154} INFO - [2023-11-14T10:12:29.600+0000] {dag.py:3722} INFO - Setting next_dagrun for example_xcom_args_with_operators to None, run_after=None
[2023-11-14T10:12:29.610+0000] {processor.py:179} INFO - Processing /home/airflow/.local/lib/python3.8/site-packages/airflow/example_dags/example_xcomargs.py took 0.151 seconds
[2023-11-14T10:13:00.824+0000] {processor.py:157} INFO - Started process (PID=2119) to work on /home/airflow/.local/lib/python3.8/site-packages/airflow/example_dags/example_xcomargs.py
[2023-11-14T10:13:00.825+0000] {processor.py:829} INFO - Processing file /home/airflow/.local/lib/python3.8/site-packages/airflow/example_dags/example_xcomargs.py for tasks to queue
[2023-11-14T10:13:00.826+0000] {logging_mixin.py:154} INFO - [2023-11-14T10:13:00.826+0000] {dagbag.py:536} INFO - Filling up the DagBag from /home/airflow/.local/lib/python3.8/site-packages/airflow/example_dags/example_xcomargs.py
[2023-11-14T10:13:00.832+0000] {processor.py:839} INFO - DAG(s) dict_keys(['example_xcom_args_with_operators', 'example_xcom_args']) retrieved from /home/airflow/.local/lib/python3.8/site-packages/airflow/example_dags/example_xcomargs.py
[2023-11-14T10:13:00.859+0000] {logging_mixin.py:154} INFO - [2023-11-14T10:13:00.859+0000] {dag.py:2941} INFO - Sync 2 DAGs
[2023-11-14T10:13:00.869+0000] {logging_mixin.py:154} INFO - [2023-11-14T10:13:00.869+0000] {dag.py:3722} INFO - Setting next_dagrun for example_xcom_args to None, run_after=None
[2023-11-14T10:13:00.872+0000] {logging_mixin.py:154} INFO - [2023-11-14T10:13:00.872+0000] {dag.py:3722} INFO - Setting next_dagrun for example_xcom_args_with_operators to None, run_after=None
[2023-11-14T10:13:00.888+0000] {processor.py:179} INFO - Processing /home/airflow/.local/lib/python3.8/site-packages/airflow/example_dags/example_xcomargs.py took 0.067 seconds
[2023-11-14T10:13:45.895+0000] {processor.py:157} INFO - Started process (PID=2180) to work on /home/airflow/.local/lib/python3.8/site-packages/airflow/example_dags/example_xcomargs.py
[2023-11-14T10:13:45.897+0000] {processor.py:829} INFO - Processing file /home/airflow/.local/lib/python3.8/site-packages/airflow/example_dags/example_xcomargs.py for tasks to queue
[2023-11-14T10:13:45.899+0000] {logging_mixin.py:154} INFO - [2023-11-14T10:13:45.899+0000] {dagbag.py:536} INFO - Filling up the DagBag from /home/airflow/.local/lib/python3.8/site-packages/airflow/example_dags/example_xcomargs.py
[2023-11-14T10:13:45.907+0000] {processor.py:839} INFO - DAG(s) dict_keys(['example_xcom_args_with_operators', 'example_xcom_args']) retrieved from /home/airflow/.local/lib/python3.8/site-packages/airflow/example_dags/example_xcomargs.py
[2023-11-14T10:13:45.929+0000] {logging_mixin.py:154} INFO - [2023-11-14T10:13:45.928+0000] {dag.py:2941} INFO - Sync 2 DAGs
[2023-11-14T10:13:45.938+0000] {logging_mixin.py:154} INFO - [2023-11-14T10:13:45.938+0000] {dag.py:3722} INFO - Setting next_dagrun for example_xcom_args to None, run_after=None
[2023-11-14T10:13:45.942+0000] {logging_mixin.py:154} INFO - [2023-11-14T10:13:45.942+0000] {dag.py:3722} INFO - Setting next_dagrun for example_xcom_args_with_operators to None, run_after=None
[2023-11-14T10:13:45.957+0000] {processor.py:179} INFO - Processing /home/airflow/.local/lib/python3.8/site-packages/airflow/example_dags/example_xcomargs.py took 0.065 seconds
[2023-11-14T10:14:47.723+0000] {processor.py:157} INFO - Started process (PID=2235) to work on /home/airflow/.local/lib/python3.8/site-packages/airflow/example_dags/example_xcomargs.py
[2023-11-14T10:14:47.724+0000] {processor.py:829} INFO - Processing file /home/airflow/.local/lib/python3.8/site-packages/airflow/example_dags/example_xcomargs.py for tasks to queue
[2023-11-14T10:14:47.726+0000] {logging_mixin.py:154} INFO - [2023-11-14T10:14:47.725+0000] {dagbag.py:536} INFO - Filling up the DagBag from /home/airflow/.local/lib/python3.8/site-packages/airflow/example_dags/example_xcomargs.py
[2023-11-14T10:14:47.731+0000] {processor.py:839} INFO - DAG(s) dict_keys(['example_xcom_args_with_operators', 'example_xcom_args']) retrieved from /home/airflow/.local/lib/python3.8/site-packages/airflow/example_dags/example_xcomargs.py
[2023-11-14T10:14:47.752+0000] {logging_mixin.py:154} INFO - [2023-11-14T10:14:47.751+0000] {dag.py:2941} INFO - Sync 2 DAGs
[2023-11-14T10:14:47.761+0000] {logging_mixin.py:154} INFO - [2023-11-14T10:14:47.761+0000] {dag.py:3722} INFO - Setting next_dagrun for example_xcom_args to None, run_after=None
[2023-11-14T10:14:47.764+0000] {logging_mixin.py:154} INFO - [2023-11-14T10:14:47.764+0000] {dag.py:3722} INFO - Setting next_dagrun for example_xcom_args_with_operators to None, run_after=None
[2023-11-14T10:14:47.782+0000] {processor.py:179} INFO - Processing /home/airflow/.local/lib/python3.8/site-packages/airflow/example_dags/example_xcomargs.py took 0.062 seconds
[2023-11-14T10:17:57.774+0000] {processor.py:157} INFO - Started process (PID=2289) to work on /home/airflow/.local/lib/python3.8/site-packages/airflow/example_dags/example_xcomargs.py
[2023-11-14T10:17:57.776+0000] {processor.py:829} INFO - Processing file /home/airflow/.local/lib/python3.8/site-packages/airflow/example_dags/example_xcomargs.py for tasks to queue
[2023-11-14T10:17:57.779+0000] {logging_mixin.py:154} INFO - [2023-11-14T10:17:57.778+0000] {dagbag.py:536} INFO - Filling up the DagBag from /home/airflow/.local/lib/python3.8/site-packages/airflow/example_dags/example_xcomargs.py
[2023-11-14T10:17:57.788+0000] {processor.py:839} INFO - DAG(s) dict_keys(['example_xcom_args', 'example_xcom_args_with_operators']) retrieved from /home/airflow/.local/lib/python3.8/site-packages/airflow/example_dags/example_xcomargs.py
[2023-11-14T10:17:57.814+0000] {logging_mixin.py:154} INFO - [2023-11-14T10:17:57.813+0000] {dag.py:2941} INFO - Sync 2 DAGs
[2023-11-14T10:17:57.827+0000] {logging_mixin.py:154} INFO - [2023-11-14T10:17:57.827+0000] {dag.py:3722} INFO - Setting next_dagrun for example_xcom_args to None, run_after=None
[2023-11-14T10:17:57.833+0000] {logging_mixin.py:154} INFO - [2023-11-14T10:17:57.832+0000] {dag.py:3722} INFO - Setting next_dagrun for example_xcom_args_with_operators to None, run_after=None
[2023-11-14T10:17:57.851+0000] {processor.py:179} INFO - Processing /home/airflow/.local/lib/python3.8/site-packages/airflow/example_dags/example_xcomargs.py took 0.081 seconds
[2023-11-14T10:20:18.456+0000] {processor.py:157} INFO - Started process (PID=2336) to work on /home/airflow/.local/lib/python3.8/site-packages/airflow/example_dags/example_xcomargs.py
[2023-11-14T10:20:18.457+0000] {processor.py:829} INFO - Processing file /home/airflow/.local/lib/python3.8/site-packages/airflow/example_dags/example_xcomargs.py for tasks to queue
[2023-11-14T10:20:18.460+0000] {logging_mixin.py:154} INFO - [2023-11-14T10:20:18.459+0000] {dagbag.py:536} INFO - Filling up the DagBag from /home/airflow/.local/lib/python3.8/site-packages/airflow/example_dags/example_xcomargs.py
[2023-11-14T10:20:18.473+0000] {processor.py:839} INFO - DAG(s) dict_keys(['example_xcom_args_with_operators', 'example_xcom_args']) retrieved from /home/airflow/.local/lib/python3.8/site-packages/airflow/example_dags/example_xcomargs.py
[2023-11-14T10:20:18.506+0000] {logging_mixin.py:154} INFO - [2023-11-14T10:20:18.506+0000] {dag.py:2941} INFO - Sync 2 DAGs
[2023-11-14T10:20:18.521+0000] {logging_mixin.py:154} INFO - [2023-11-14T10:20:18.520+0000] {dag.py:3722} INFO - Setting next_dagrun for example_xcom_args to None, run_after=None
[2023-11-14T10:20:18.525+0000] {logging_mixin.py:154} INFO - [2023-11-14T10:20:18.525+0000] {dag.py:3722} INFO - Setting next_dagrun for example_xcom_args_with_operators to None, run_after=None
[2023-11-14T10:20:18.548+0000] {processor.py:179} INFO - Processing /home/airflow/.local/lib/python3.8/site-packages/airflow/example_dags/example_xcomargs.py took 0.100 seconds
