[2023-11-14T09:52:49.354+0000] {processor.py:157} INFO - Started process (PID=43) to work on /home/airflow/.local/lib/python3.8/site-packages/airflow/example_dags/example_branch_python_dop_operator_3.py
[2023-11-14T09:52:49.355+0000] {processor.py:829} INFO - Processing file /home/airflow/.local/lib/python3.8/site-packages/airflow/example_dags/example_branch_python_dop_operator_3.py for tasks to queue
[2023-11-14T09:52:49.357+0000] {logging_mixin.py:154} INFO - [2023-11-14T09:52:49.357+0000] {dagbag.py:536} INFO - Filling up the DagBag from /home/airflow/.local/lib/python3.8/site-packages/airflow/example_dags/example_branch_python_dop_operator_3.py
[2023-11-14T09:52:49.364+0000] {processor.py:839} INFO - DAG(s) dict_keys(['example_branch_dop_operator_v3']) retrieved from /home/airflow/.local/lib/python3.8/site-packages/airflow/example_dags/example_branch_python_dop_operator_3.py
[2023-11-14T09:52:49.383+0000] {logging_mixin.py:154} INFO - [2023-11-14T09:52:49.383+0000] {dag.py:2941} INFO - Sync 1 DAGs
[2023-11-14T09:52:49.402+0000] {logging_mixin.py:154} INFO - [2023-11-14T09:52:49.401+0000] {dag.py:3722} INFO - Setting next_dagrun for example_branch_dop_operator_v3 to 2023-11-14T09:51:00+00:00, run_after=2023-11-14T09:52:00+00:00
[2023-11-14T09:52:49.414+0000] {processor.py:179} INFO - Processing /home/airflow/.local/lib/python3.8/site-packages/airflow/example_dags/example_branch_python_dop_operator_3.py took 0.062 seconds
[2023-11-14T09:53:39.934+0000] {processor.py:157} INFO - Started process (PID=44) to work on /home/airflow/.local/lib/python3.8/site-packages/airflow/example_dags/example_branch_python_dop_operator_3.py
[2023-11-14T09:53:39.935+0000] {processor.py:829} INFO - Processing file /home/airflow/.local/lib/python3.8/site-packages/airflow/example_dags/example_branch_python_dop_operator_3.py for tasks to queue
[2023-11-14T09:53:39.937+0000] {logging_mixin.py:154} INFO - [2023-11-14T09:53:39.937+0000] {dagbag.py:536} INFO - Filling up the DagBag from /home/airflow/.local/lib/python3.8/site-packages/airflow/example_dags/example_branch_python_dop_operator_3.py
[2023-11-14T09:53:39.945+0000] {processor.py:839} INFO - DAG(s) dict_keys(['example_branch_dop_operator_v3']) retrieved from /home/airflow/.local/lib/python3.8/site-packages/airflow/example_dags/example_branch_python_dop_operator_3.py
[2023-11-14T09:53:39.958+0000] {logging_mixin.py:154} INFO - [2023-11-14T09:53:39.957+0000] {dag.py:2941} INFO - Sync 1 DAGs
[2023-11-14T09:53:39.978+0000] {logging_mixin.py:154} INFO - [2023-11-14T09:53:39.978+0000] {dag.py:3722} INFO - Setting next_dagrun for example_branch_dop_operator_v3 to 2023-11-14T09:52:00+00:00, run_after=2023-11-14T09:53:00+00:00
[2023-11-14T09:53:39.991+0000] {processor.py:179} INFO - Processing /home/airflow/.local/lib/python3.8/site-packages/airflow/example_dags/example_branch_python_dop_operator_3.py took 0.060 seconds
[2023-11-14T09:54:10.476+0000] {processor.py:157} INFO - Started process (PID=97) to work on /home/airflow/.local/lib/python3.8/site-packages/airflow/example_dags/example_branch_python_dop_operator_3.py
[2023-11-14T09:54:10.476+0000] {processor.py:829} INFO - Processing file /home/airflow/.local/lib/python3.8/site-packages/airflow/example_dags/example_branch_python_dop_operator_3.py for tasks to queue
[2023-11-14T09:54:10.478+0000] {logging_mixin.py:154} INFO - [2023-11-14T09:54:10.478+0000] {dagbag.py:536} INFO - Filling up the DagBag from /home/airflow/.local/lib/python3.8/site-packages/airflow/example_dags/example_branch_python_dop_operator_3.py
[2023-11-14T09:54:10.484+0000] {processor.py:839} INFO - DAG(s) dict_keys(['example_branch_dop_operator_v3']) retrieved from /home/airflow/.local/lib/python3.8/site-packages/airflow/example_dags/example_branch_python_dop_operator_3.py
[2023-11-14T09:54:10.495+0000] {logging_mixin.py:154} INFO - [2023-11-14T09:54:10.495+0000] {dag.py:2941} INFO - Sync 1 DAGs
[2023-11-14T09:54:10.508+0000] {logging_mixin.py:154} INFO - [2023-11-14T09:54:10.508+0000] {dag.py:3722} INFO - Setting next_dagrun for example_branch_dop_operator_v3 to 2023-11-14T09:53:00+00:00, run_after=2023-11-14T09:54:00+00:00
[2023-11-14T09:54:10.517+0000] {processor.py:179} INFO - Processing /home/airflow/.local/lib/python3.8/site-packages/airflow/example_dags/example_branch_python_dop_operator_3.py took 0.043 seconds
[2023-11-14T09:54:40.960+0000] {processor.py:157} INFO - Started process (PID=150) to work on /home/airflow/.local/lib/python3.8/site-packages/airflow/example_dags/example_branch_python_dop_operator_3.py
[2023-11-14T09:54:40.961+0000] {processor.py:829} INFO - Processing file /home/airflow/.local/lib/python3.8/site-packages/airflow/example_dags/example_branch_python_dop_operator_3.py for tasks to queue
[2023-11-14T09:54:40.962+0000] {logging_mixin.py:154} INFO - [2023-11-14T09:54:40.962+0000] {dagbag.py:536} INFO - Filling up the DagBag from /home/airflow/.local/lib/python3.8/site-packages/airflow/example_dags/example_branch_python_dop_operator_3.py
[2023-11-14T09:54:40.972+0000] {processor.py:839} INFO - DAG(s) dict_keys(['example_branch_dop_operator_v3']) retrieved from /home/airflow/.local/lib/python3.8/site-packages/airflow/example_dags/example_branch_python_dop_operator_3.py
[2023-11-14T09:54:40.987+0000] {logging_mixin.py:154} INFO - [2023-11-14T09:54:40.987+0000] {dag.py:2941} INFO - Sync 1 DAGs
[2023-11-14T09:54:41.002+0000] {logging_mixin.py:154} INFO - [2023-11-14T09:54:41.002+0000] {dag.py:3722} INFO - Setting next_dagrun for example_branch_dop_operator_v3 to 2023-11-14T09:53:00+00:00, run_after=2023-11-14T09:54:00+00:00
[2023-11-14T09:54:41.012+0000] {processor.py:179} INFO - Processing /home/airflow/.local/lib/python3.8/site-packages/airflow/example_dags/example_branch_python_dop_operator_3.py took 0.056 seconds
[2023-11-14T09:55:11.258+0000] {processor.py:157} INFO - Started process (PID=204) to work on /home/airflow/.local/lib/python3.8/site-packages/airflow/example_dags/example_branch_python_dop_operator_3.py
[2023-11-14T09:55:11.259+0000] {processor.py:829} INFO - Processing file /home/airflow/.local/lib/python3.8/site-packages/airflow/example_dags/example_branch_python_dop_operator_3.py for tasks to queue
[2023-11-14T09:55:11.261+0000] {logging_mixin.py:154} INFO - [2023-11-14T09:55:11.261+0000] {dagbag.py:536} INFO - Filling up the DagBag from /home/airflow/.local/lib/python3.8/site-packages/airflow/example_dags/example_branch_python_dop_operator_3.py
[2023-11-14T09:55:11.266+0000] {processor.py:839} INFO - DAG(s) dict_keys(['example_branch_dop_operator_v3']) retrieved from /home/airflow/.local/lib/python3.8/site-packages/airflow/example_dags/example_branch_python_dop_operator_3.py
[2023-11-14T09:55:11.279+0000] {logging_mixin.py:154} INFO - [2023-11-14T09:55:11.279+0000] {dag.py:2941} INFO - Sync 1 DAGs
[2023-11-14T09:55:11.301+0000] {logging_mixin.py:154} INFO - [2023-11-14T09:55:11.301+0000] {dag.py:3722} INFO - Setting next_dagrun for example_branch_dop_operator_v3 to 2023-11-14T09:54:00+00:00, run_after=2023-11-14T09:55:00+00:00
[2023-11-14T09:55:11.313+0000] {processor.py:179} INFO - Processing /home/airflow/.local/lib/python3.8/site-packages/airflow/example_dags/example_branch_python_dop_operator_3.py took 0.057 seconds
[2023-11-14T09:55:41.648+0000] {processor.py:157} INFO - Started process (PID=258) to work on /home/airflow/.local/lib/python3.8/site-packages/airflow/example_dags/example_branch_python_dop_operator_3.py
[2023-11-14T09:55:41.648+0000] {processor.py:829} INFO - Processing file /home/airflow/.local/lib/python3.8/site-packages/airflow/example_dags/example_branch_python_dop_operator_3.py for tasks to queue
[2023-11-14T09:55:41.650+0000] {logging_mixin.py:154} INFO - [2023-11-14T09:55:41.650+0000] {dagbag.py:536} INFO - Filling up the DagBag from /home/airflow/.local/lib/python3.8/site-packages/airflow/example_dags/example_branch_python_dop_operator_3.py
[2023-11-14T09:55:41.656+0000] {processor.py:839} INFO - DAG(s) dict_keys(['example_branch_dop_operator_v3']) retrieved from /home/airflow/.local/lib/python3.8/site-packages/airflow/example_dags/example_branch_python_dop_operator_3.py
[2023-11-14T09:55:41.671+0000] {logging_mixin.py:154} INFO - [2023-11-14T09:55:41.671+0000] {dag.py:2941} INFO - Sync 1 DAGs
[2023-11-14T09:55:41.688+0000] {logging_mixin.py:154} INFO - [2023-11-14T09:55:41.688+0000] {dag.py:3722} INFO - Setting next_dagrun for example_branch_dop_operator_v3 to 2023-11-14T09:54:00+00:00, run_after=2023-11-14T09:55:00+00:00
[2023-11-14T09:55:41.702+0000] {processor.py:179} INFO - Processing /home/airflow/.local/lib/python3.8/site-packages/airflow/example_dags/example_branch_python_dop_operator_3.py took 0.057 seconds
[2023-11-14T09:56:11.926+0000] {processor.py:157} INFO - Started process (PID=312) to work on /home/airflow/.local/lib/python3.8/site-packages/airflow/example_dags/example_branch_python_dop_operator_3.py
[2023-11-14T09:56:11.928+0000] {processor.py:829} INFO - Processing file /home/airflow/.local/lib/python3.8/site-packages/airflow/example_dags/example_branch_python_dop_operator_3.py for tasks to queue
[2023-11-14T09:56:11.931+0000] {logging_mixin.py:154} INFO - [2023-11-14T09:56:11.930+0000] {dagbag.py:536} INFO - Filling up the DagBag from /home/airflow/.local/lib/python3.8/site-packages/airflow/example_dags/example_branch_python_dop_operator_3.py
[2023-11-14T09:56:11.938+0000] {processor.py:839} INFO - DAG(s) dict_keys(['example_branch_dop_operator_v3']) retrieved from /home/airflow/.local/lib/python3.8/site-packages/airflow/example_dags/example_branch_python_dop_operator_3.py
[2023-11-14T09:56:11.959+0000] {logging_mixin.py:154} INFO - [2023-11-14T09:56:11.959+0000] {dag.py:2941} INFO - Sync 1 DAGs
[2023-11-14T09:56:11.981+0000] {logging_mixin.py:154} INFO - [2023-11-14T09:56:11.981+0000] {dag.py:3722} INFO - Setting next_dagrun for example_branch_dop_operator_v3 to 2023-11-14T09:55:00+00:00, run_after=2023-11-14T09:56:00+00:00
[2023-11-14T09:56:11.997+0000] {processor.py:179} INFO - Processing /home/airflow/.local/lib/python3.8/site-packages/airflow/example_dags/example_branch_python_dop_operator_3.py took 0.075 seconds
[2023-11-14T09:56:42.576+0000] {processor.py:157} INFO - Started process (PID=366) to work on /home/airflow/.local/lib/python3.8/site-packages/airflow/example_dags/example_branch_python_dop_operator_3.py
[2023-11-14T09:56:42.577+0000] {processor.py:829} INFO - Processing file /home/airflow/.local/lib/python3.8/site-packages/airflow/example_dags/example_branch_python_dop_operator_3.py for tasks to queue
[2023-11-14T09:56:42.579+0000] {logging_mixin.py:154} INFO - [2023-11-14T09:56:42.579+0000] {dagbag.py:536} INFO - Filling up the DagBag from /home/airflow/.local/lib/python3.8/site-packages/airflow/example_dags/example_branch_python_dop_operator_3.py
[2023-11-14T09:56:42.585+0000] {processor.py:839} INFO - DAG(s) dict_keys(['example_branch_dop_operator_v3']) retrieved from /home/airflow/.local/lib/python3.8/site-packages/airflow/example_dags/example_branch_python_dop_operator_3.py
[2023-11-14T09:56:42.597+0000] {logging_mixin.py:154} INFO - [2023-11-14T09:56:42.597+0000] {dag.py:2941} INFO - Sync 1 DAGs
[2023-11-14T09:56:42.616+0000] {logging_mixin.py:154} INFO - [2023-11-14T09:56:42.616+0000] {dag.py:3722} INFO - Setting next_dagrun for example_branch_dop_operator_v3 to 2023-11-14T09:55:00+00:00, run_after=2023-11-14T09:56:00+00:00
[2023-11-14T09:56:42.654+0000] {processor.py:179} INFO - Processing /home/airflow/.local/lib/python3.8/site-packages/airflow/example_dags/example_branch_python_dop_operator_3.py took 0.080 seconds
[2023-11-14T09:57:12.903+0000] {processor.py:157} INFO - Started process (PID=421) to work on /home/airflow/.local/lib/python3.8/site-packages/airflow/example_dags/example_branch_python_dop_operator_3.py
[2023-11-14T09:57:12.904+0000] {processor.py:829} INFO - Processing file /home/airflow/.local/lib/python3.8/site-packages/airflow/example_dags/example_branch_python_dop_operator_3.py for tasks to queue
[2023-11-14T09:57:12.907+0000] {logging_mixin.py:154} INFO - [2023-11-14T09:57:12.907+0000] {dagbag.py:536} INFO - Filling up the DagBag from /home/airflow/.local/lib/python3.8/site-packages/airflow/example_dags/example_branch_python_dop_operator_3.py
[2023-11-14T09:57:12.917+0000] {processor.py:839} INFO - DAG(s) dict_keys(['example_branch_dop_operator_v3']) retrieved from /home/airflow/.local/lib/python3.8/site-packages/airflow/example_dags/example_branch_python_dop_operator_3.py
[2023-11-14T09:57:12.939+0000] {logging_mixin.py:154} INFO - [2023-11-14T09:57:12.939+0000] {dag.py:2941} INFO - Sync 1 DAGs
[2023-11-14T09:57:12.959+0000] {logging_mixin.py:154} INFO - [2023-11-14T09:57:12.958+0000] {dag.py:3722} INFO - Setting next_dagrun for example_branch_dop_operator_v3 to 2023-11-14T09:56:00+00:00, run_after=2023-11-14T09:57:00+00:00
[2023-11-14T09:57:12.972+0000] {processor.py:179} INFO - Processing /home/airflow/.local/lib/python3.8/site-packages/airflow/example_dags/example_branch_python_dop_operator_3.py took 0.075 seconds
[2023-11-14T09:57:43.955+0000] {processor.py:157} INFO - Started process (PID=475) to work on /home/airflow/.local/lib/python3.8/site-packages/airflow/example_dags/example_branch_python_dop_operator_3.py
[2023-11-14T09:57:43.956+0000] {processor.py:829} INFO - Processing file /home/airflow/.local/lib/python3.8/site-packages/airflow/example_dags/example_branch_python_dop_operator_3.py for tasks to queue
[2023-11-14T09:57:43.957+0000] {logging_mixin.py:154} INFO - [2023-11-14T09:57:43.957+0000] {dagbag.py:536} INFO - Filling up the DagBag from /home/airflow/.local/lib/python3.8/site-packages/airflow/example_dags/example_branch_python_dop_operator_3.py
[2023-11-14T09:57:43.963+0000] {processor.py:839} INFO - DAG(s) dict_keys(['example_branch_dop_operator_v3']) retrieved from /home/airflow/.local/lib/python3.8/site-packages/airflow/example_dags/example_branch_python_dop_operator_3.py
[2023-11-14T09:57:43.975+0000] {logging_mixin.py:154} INFO - [2023-11-14T09:57:43.975+0000] {dag.py:2941} INFO - Sync 1 DAGs
[2023-11-14T09:57:43.989+0000] {logging_mixin.py:154} INFO - [2023-11-14T09:57:43.989+0000] {dag.py:3722} INFO - Setting next_dagrun for example_branch_dop_operator_v3 to 2023-11-14T09:56:00+00:00, run_after=2023-11-14T09:57:00+00:00
[2023-11-14T09:57:43.998+0000] {processor.py:179} INFO - Processing /home/airflow/.local/lib/python3.8/site-packages/airflow/example_dags/example_branch_python_dop_operator_3.py took 0.046 seconds
[2023-11-14T09:58:14.198+0000] {processor.py:157} INFO - Started process (PID=529) to work on /home/airflow/.local/lib/python3.8/site-packages/airflow/example_dags/example_branch_python_dop_operator_3.py
[2023-11-14T09:58:14.199+0000] {processor.py:829} INFO - Processing file /home/airflow/.local/lib/python3.8/site-packages/airflow/example_dags/example_branch_python_dop_operator_3.py for tasks to queue
[2023-11-14T09:58:14.201+0000] {logging_mixin.py:154} INFO - [2023-11-14T09:58:14.201+0000] {dagbag.py:536} INFO - Filling up the DagBag from /home/airflow/.local/lib/python3.8/site-packages/airflow/example_dags/example_branch_python_dop_operator_3.py
[2023-11-14T09:58:14.207+0000] {processor.py:839} INFO - DAG(s) dict_keys(['example_branch_dop_operator_v3']) retrieved from /home/airflow/.local/lib/python3.8/site-packages/airflow/example_dags/example_branch_python_dop_operator_3.py
[2023-11-14T09:58:14.220+0000] {logging_mixin.py:154} INFO - [2023-11-14T09:58:14.220+0000] {dag.py:2941} INFO - Sync 1 DAGs
[2023-11-14T09:58:14.234+0000] {logging_mixin.py:154} INFO - [2023-11-14T09:58:14.234+0000] {dag.py:3722} INFO - Setting next_dagrun for example_branch_dop_operator_v3 to 2023-11-14T09:57:00+00:00, run_after=2023-11-14T09:58:00+00:00
[2023-11-14T09:58:14.244+0000] {processor.py:179} INFO - Processing /home/airflow/.local/lib/python3.8/site-packages/airflow/example_dags/example_branch_python_dop_operator_3.py took 0.048 seconds
[2023-11-14T09:58:44.316+0000] {processor.py:157} INFO - Started process (PID=583) to work on /home/airflow/.local/lib/python3.8/site-packages/airflow/example_dags/example_branch_python_dop_operator_3.py
[2023-11-14T09:58:44.317+0000] {processor.py:829} INFO - Processing file /home/airflow/.local/lib/python3.8/site-packages/airflow/example_dags/example_branch_python_dop_operator_3.py for tasks to queue
[2023-11-14T09:58:44.319+0000] {logging_mixin.py:154} INFO - [2023-11-14T09:58:44.319+0000] {dagbag.py:536} INFO - Filling up the DagBag from /home/airflow/.local/lib/python3.8/site-packages/airflow/example_dags/example_branch_python_dop_operator_3.py
[2023-11-14T09:58:44.324+0000] {processor.py:839} INFO - DAG(s) dict_keys(['example_branch_dop_operator_v3']) retrieved from /home/airflow/.local/lib/python3.8/site-packages/airflow/example_dags/example_branch_python_dop_operator_3.py
[2023-11-14T09:58:44.336+0000] {logging_mixin.py:154} INFO - [2023-11-14T09:58:44.336+0000] {dag.py:2941} INFO - Sync 1 DAGs
[2023-11-14T09:58:44.350+0000] {logging_mixin.py:154} INFO - [2023-11-14T09:58:44.350+0000] {dag.py:3722} INFO - Setting next_dagrun for example_branch_dop_operator_v3 to 2023-11-14T09:57:00+00:00, run_after=2023-11-14T09:58:00+00:00
[2023-11-14T09:58:44.363+0000] {processor.py:179} INFO - Processing /home/airflow/.local/lib/python3.8/site-packages/airflow/example_dags/example_branch_python_dop_operator_3.py took 0.049 seconds
[2023-11-14T09:59:14.580+0000] {processor.py:157} INFO - Started process (PID=637) to work on /home/airflow/.local/lib/python3.8/site-packages/airflow/example_dags/example_branch_python_dop_operator_3.py
[2023-11-14T09:59:14.580+0000] {processor.py:829} INFO - Processing file /home/airflow/.local/lib/python3.8/site-packages/airflow/example_dags/example_branch_python_dop_operator_3.py for tasks to queue
[2023-11-14T09:59:14.583+0000] {logging_mixin.py:154} INFO - [2023-11-14T09:59:14.583+0000] {dagbag.py:536} INFO - Filling up the DagBag from /home/airflow/.local/lib/python3.8/site-packages/airflow/example_dags/example_branch_python_dop_operator_3.py
[2023-11-14T09:59:14.591+0000] {processor.py:839} INFO - DAG(s) dict_keys(['example_branch_dop_operator_v3']) retrieved from /home/airflow/.local/lib/python3.8/site-packages/airflow/example_dags/example_branch_python_dop_operator_3.py
[2023-11-14T09:59:14.612+0000] {logging_mixin.py:154} INFO - [2023-11-14T09:59:14.611+0000] {dag.py:2941} INFO - Sync 1 DAGs
[2023-11-14T09:59:14.647+0000] {logging_mixin.py:154} INFO - [2023-11-14T09:59:14.647+0000] {dag.py:3722} INFO - Setting next_dagrun for example_branch_dop_operator_v3 to 2023-11-14T09:58:00+00:00, run_after=2023-11-14T09:59:00+00:00
[2023-11-14T09:59:14.665+0000] {processor.py:179} INFO - Processing /home/airflow/.local/lib/python3.8/site-packages/airflow/example_dags/example_branch_python_dop_operator_3.py took 0.088 seconds
[2023-11-14T09:59:45.039+0000] {processor.py:157} INFO - Started process (PID=691) to work on /home/airflow/.local/lib/python3.8/site-packages/airflow/example_dags/example_branch_python_dop_operator_3.py
[2023-11-14T09:59:45.040+0000] {processor.py:829} INFO - Processing file /home/airflow/.local/lib/python3.8/site-packages/airflow/example_dags/example_branch_python_dop_operator_3.py for tasks to queue
[2023-11-14T09:59:45.042+0000] {logging_mixin.py:154} INFO - [2023-11-14T09:59:45.041+0000] {dagbag.py:536} INFO - Filling up the DagBag from /home/airflow/.local/lib/python3.8/site-packages/airflow/example_dags/example_branch_python_dop_operator_3.py
[2023-11-14T09:59:45.047+0000] {processor.py:839} INFO - DAG(s) dict_keys(['example_branch_dop_operator_v3']) retrieved from /home/airflow/.local/lib/python3.8/site-packages/airflow/example_dags/example_branch_python_dop_operator_3.py
[2023-11-14T09:59:45.059+0000] {logging_mixin.py:154} INFO - [2023-11-14T09:59:45.059+0000] {dag.py:2941} INFO - Sync 1 DAGs
[2023-11-14T09:59:45.073+0000] {logging_mixin.py:154} INFO - [2023-11-14T09:59:45.073+0000] {dag.py:3722} INFO - Setting next_dagrun for example_branch_dop_operator_v3 to 2023-11-14T09:58:00+00:00, run_after=2023-11-14T09:59:00+00:00
[2023-11-14T09:59:45.083+0000] {processor.py:179} INFO - Processing /home/airflow/.local/lib/python3.8/site-packages/airflow/example_dags/example_branch_python_dop_operator_3.py took 0.047 seconds
[2023-11-14T10:00:15.292+0000] {processor.py:157} INFO - Started process (PID=745) to work on /home/airflow/.local/lib/python3.8/site-packages/airflow/example_dags/example_branch_python_dop_operator_3.py
[2023-11-14T10:00:15.294+0000] {processor.py:829} INFO - Processing file /home/airflow/.local/lib/python3.8/site-packages/airflow/example_dags/example_branch_python_dop_operator_3.py for tasks to queue
[2023-11-14T10:00:15.296+0000] {logging_mixin.py:154} INFO - [2023-11-14T10:00:15.296+0000] {dagbag.py:536} INFO - Filling up the DagBag from /home/airflow/.local/lib/python3.8/site-packages/airflow/example_dags/example_branch_python_dop_operator_3.py
[2023-11-14T10:00:15.304+0000] {processor.py:839} INFO - DAG(s) dict_keys(['example_branch_dop_operator_v3']) retrieved from /home/airflow/.local/lib/python3.8/site-packages/airflow/example_dags/example_branch_python_dop_operator_3.py
[2023-11-14T10:00:15.320+0000] {logging_mixin.py:154} INFO - [2023-11-14T10:00:15.320+0000] {dag.py:2941} INFO - Sync 1 DAGs
[2023-11-14T10:00:15.339+0000] {logging_mixin.py:154} INFO - [2023-11-14T10:00:15.339+0000] {dag.py:3722} INFO - Setting next_dagrun for example_branch_dop_operator_v3 to 2023-11-14T09:59:00+00:00, run_after=2023-11-14T10:00:00+00:00
[2023-11-14T10:00:15.351+0000] {processor.py:179} INFO - Processing /home/airflow/.local/lib/python3.8/site-packages/airflow/example_dags/example_branch_python_dop_operator_3.py took 0.062 seconds
[2023-11-14T10:00:45.574+0000] {processor.py:157} INFO - Started process (PID=799) to work on /home/airflow/.local/lib/python3.8/site-packages/airflow/example_dags/example_branch_python_dop_operator_3.py
[2023-11-14T10:00:45.574+0000] {processor.py:829} INFO - Processing file /home/airflow/.local/lib/python3.8/site-packages/airflow/example_dags/example_branch_python_dop_operator_3.py for tasks to queue
[2023-11-14T10:00:45.576+0000] {logging_mixin.py:154} INFO - [2023-11-14T10:00:45.576+0000] {dagbag.py:536} INFO - Filling up the DagBag from /home/airflow/.local/lib/python3.8/site-packages/airflow/example_dags/example_branch_python_dop_operator_3.py
[2023-11-14T10:00:45.581+0000] {processor.py:839} INFO - DAG(s) dict_keys(['example_branch_dop_operator_v3']) retrieved from /home/airflow/.local/lib/python3.8/site-packages/airflow/example_dags/example_branch_python_dop_operator_3.py
[2023-11-14T10:00:45.594+0000] {logging_mixin.py:154} INFO - [2023-11-14T10:00:45.594+0000] {dag.py:2941} INFO - Sync 1 DAGs
[2023-11-14T10:00:45.607+0000] {logging_mixin.py:154} INFO - [2023-11-14T10:00:45.607+0000] {dag.py:3722} INFO - Setting next_dagrun for example_branch_dop_operator_v3 to 2023-11-14T09:59:00+00:00, run_after=2023-11-14T10:00:00+00:00
[2023-11-14T10:00:45.616+0000] {processor.py:179} INFO - Processing /home/airflow/.local/lib/python3.8/site-packages/airflow/example_dags/example_branch_python_dop_operator_3.py took 0.045 seconds
[2023-11-14T10:01:15.719+0000] {processor.py:157} INFO - Started process (PID=853) to work on /home/airflow/.local/lib/python3.8/site-packages/airflow/example_dags/example_branch_python_dop_operator_3.py
[2023-11-14T10:01:15.720+0000] {processor.py:829} INFO - Processing file /home/airflow/.local/lib/python3.8/site-packages/airflow/example_dags/example_branch_python_dop_operator_3.py for tasks to queue
[2023-11-14T10:01:15.722+0000] {logging_mixin.py:154} INFO - [2023-11-14T10:01:15.722+0000] {dagbag.py:536} INFO - Filling up the DagBag from /home/airflow/.local/lib/python3.8/site-packages/airflow/example_dags/example_branch_python_dop_operator_3.py
[2023-11-14T10:01:15.729+0000] {processor.py:839} INFO - DAG(s) dict_keys(['example_branch_dop_operator_v3']) retrieved from /home/airflow/.local/lib/python3.8/site-packages/airflow/example_dags/example_branch_python_dop_operator_3.py
[2023-11-14T10:01:15.741+0000] {logging_mixin.py:154} INFO - [2023-11-14T10:01:15.741+0000] {dag.py:2941} INFO - Sync 1 DAGs
[2023-11-14T10:01:15.757+0000] {logging_mixin.py:154} INFO - [2023-11-14T10:01:15.757+0000] {dag.py:3722} INFO - Setting next_dagrun for example_branch_dop_operator_v3 to 2023-11-14T10:00:00+00:00, run_after=2023-11-14T10:01:00+00:00
[2023-11-14T10:01:15.769+0000] {processor.py:179} INFO - Processing /home/airflow/.local/lib/python3.8/site-packages/airflow/example_dags/example_branch_python_dop_operator_3.py took 0.053 seconds
[2023-11-14T10:01:45.888+0000] {processor.py:157} INFO - Started process (PID=907) to work on /home/airflow/.local/lib/python3.8/site-packages/airflow/example_dags/example_branch_python_dop_operator_3.py
[2023-11-14T10:01:45.889+0000] {processor.py:829} INFO - Processing file /home/airflow/.local/lib/python3.8/site-packages/airflow/example_dags/example_branch_python_dop_operator_3.py for tasks to queue
[2023-11-14T10:01:45.891+0000] {logging_mixin.py:154} INFO - [2023-11-14T10:01:45.890+0000] {dagbag.py:536} INFO - Filling up the DagBag from /home/airflow/.local/lib/python3.8/site-packages/airflow/example_dags/example_branch_python_dop_operator_3.py
[2023-11-14T10:01:45.896+0000] {processor.py:839} INFO - DAG(s) dict_keys(['example_branch_dop_operator_v3']) retrieved from /home/airflow/.local/lib/python3.8/site-packages/airflow/example_dags/example_branch_python_dop_operator_3.py
[2023-11-14T10:01:45.908+0000] {logging_mixin.py:154} INFO - [2023-11-14T10:01:45.908+0000] {dag.py:2941} INFO - Sync 1 DAGs
[2023-11-14T10:01:45.922+0000] {logging_mixin.py:154} INFO - [2023-11-14T10:01:45.922+0000] {dag.py:3722} INFO - Setting next_dagrun for example_branch_dop_operator_v3 to 2023-11-14T10:00:00+00:00, run_after=2023-11-14T10:01:00+00:00
[2023-11-14T10:01:45.934+0000] {processor.py:179} INFO - Processing /home/airflow/.local/lib/python3.8/site-packages/airflow/example_dags/example_branch_python_dop_operator_3.py took 0.048 seconds
[2023-11-14T10:02:16.724+0000] {processor.py:157} INFO - Started process (PID=961) to work on /home/airflow/.local/lib/python3.8/site-packages/airflow/example_dags/example_branch_python_dop_operator_3.py
[2023-11-14T10:02:16.725+0000] {processor.py:829} INFO - Processing file /home/airflow/.local/lib/python3.8/site-packages/airflow/example_dags/example_branch_python_dop_operator_3.py for tasks to queue
[2023-11-14T10:02:16.726+0000] {logging_mixin.py:154} INFO - [2023-11-14T10:02:16.726+0000] {dagbag.py:536} INFO - Filling up the DagBag from /home/airflow/.local/lib/python3.8/site-packages/airflow/example_dags/example_branch_python_dop_operator_3.py
[2023-11-14T10:02:16.733+0000] {processor.py:839} INFO - DAG(s) dict_keys(['example_branch_dop_operator_v3']) retrieved from /home/airflow/.local/lib/python3.8/site-packages/airflow/example_dags/example_branch_python_dop_operator_3.py
[2023-11-14T10:02:16.745+0000] {logging_mixin.py:154} INFO - [2023-11-14T10:02:16.745+0000] {dag.py:2941} INFO - Sync 1 DAGs
[2023-11-14T10:02:16.760+0000] {logging_mixin.py:154} INFO - [2023-11-14T10:02:16.760+0000] {dag.py:3722} INFO - Setting next_dagrun for example_branch_dop_operator_v3 to 2023-11-14T10:01:00+00:00, run_after=2023-11-14T10:02:00+00:00
[2023-11-14T10:02:16.772+0000] {processor.py:179} INFO - Processing /home/airflow/.local/lib/python3.8/site-packages/airflow/example_dags/example_branch_python_dop_operator_3.py took 0.050 seconds
[2023-11-14T10:02:47.030+0000] {processor.py:157} INFO - Started process (PID=1015) to work on /home/airflow/.local/lib/python3.8/site-packages/airflow/example_dags/example_branch_python_dop_operator_3.py
[2023-11-14T10:02:47.031+0000] {processor.py:829} INFO - Processing file /home/airflow/.local/lib/python3.8/site-packages/airflow/example_dags/example_branch_python_dop_operator_3.py for tasks to queue
[2023-11-14T10:02:47.033+0000] {logging_mixin.py:154} INFO - [2023-11-14T10:02:47.032+0000] {dagbag.py:536} INFO - Filling up the DagBag from /home/airflow/.local/lib/python3.8/site-packages/airflow/example_dags/example_branch_python_dop_operator_3.py
[2023-11-14T10:02:47.041+0000] {processor.py:839} INFO - DAG(s) dict_keys(['example_branch_dop_operator_v3']) retrieved from /home/airflow/.local/lib/python3.8/site-packages/airflow/example_dags/example_branch_python_dop_operator_3.py
[2023-11-14T10:02:47.055+0000] {logging_mixin.py:154} INFO - [2023-11-14T10:02:47.055+0000] {dag.py:2941} INFO - Sync 1 DAGs
[2023-11-14T10:02:47.071+0000] {logging_mixin.py:154} INFO - [2023-11-14T10:02:47.071+0000] {dag.py:3722} INFO - Setting next_dagrun for example_branch_dop_operator_v3 to 2023-11-14T10:01:00+00:00, run_after=2023-11-14T10:02:00+00:00
[2023-11-14T10:02:47.080+0000] {processor.py:179} INFO - Processing /home/airflow/.local/lib/python3.8/site-packages/airflow/example_dags/example_branch_python_dop_operator_3.py took 0.053 seconds
[2023-11-14T10:03:18.053+0000] {processor.py:157} INFO - Started process (PID=1069) to work on /home/airflow/.local/lib/python3.8/site-packages/airflow/example_dags/example_branch_python_dop_operator_3.py
[2023-11-14T10:03:18.053+0000] {processor.py:829} INFO - Processing file /home/airflow/.local/lib/python3.8/site-packages/airflow/example_dags/example_branch_python_dop_operator_3.py for tasks to queue
[2023-11-14T10:03:18.056+0000] {logging_mixin.py:154} INFO - [2023-11-14T10:03:18.056+0000] {dagbag.py:536} INFO - Filling up the DagBag from /home/airflow/.local/lib/python3.8/site-packages/airflow/example_dags/example_branch_python_dop_operator_3.py
[2023-11-14T10:03:18.062+0000] {processor.py:839} INFO - DAG(s) dict_keys(['example_branch_dop_operator_v3']) retrieved from /home/airflow/.local/lib/python3.8/site-packages/airflow/example_dags/example_branch_python_dop_operator_3.py
[2023-11-14T10:03:18.077+0000] {logging_mixin.py:154} INFO - [2023-11-14T10:03:18.077+0000] {dag.py:2941} INFO - Sync 1 DAGs
[2023-11-14T10:03:18.092+0000] {logging_mixin.py:154} INFO - [2023-11-14T10:03:18.092+0000] {dag.py:3722} INFO - Setting next_dagrun for example_branch_dop_operator_v3 to 2023-11-14T10:02:00+00:00, run_after=2023-11-14T10:03:00+00:00
[2023-11-14T10:03:18.102+0000] {processor.py:179} INFO - Processing /home/airflow/.local/lib/python3.8/site-packages/airflow/example_dags/example_branch_python_dop_operator_3.py took 0.052 seconds
[2023-11-14T10:03:48.255+0000] {processor.py:157} INFO - Started process (PID=1123) to work on /home/airflow/.local/lib/python3.8/site-packages/airflow/example_dags/example_branch_python_dop_operator_3.py
[2023-11-14T10:03:48.256+0000] {processor.py:829} INFO - Processing file /home/airflow/.local/lib/python3.8/site-packages/airflow/example_dags/example_branch_python_dop_operator_3.py for tasks to queue
[2023-11-14T10:03:48.257+0000] {logging_mixin.py:154} INFO - [2023-11-14T10:03:48.257+0000] {dagbag.py:536} INFO - Filling up the DagBag from /home/airflow/.local/lib/python3.8/site-packages/airflow/example_dags/example_branch_python_dop_operator_3.py
[2023-11-14T10:03:48.263+0000] {processor.py:839} INFO - DAG(s) dict_keys(['example_branch_dop_operator_v3']) retrieved from /home/airflow/.local/lib/python3.8/site-packages/airflow/example_dags/example_branch_python_dop_operator_3.py
[2023-11-14T10:03:48.277+0000] {logging_mixin.py:154} INFO - [2023-11-14T10:03:48.277+0000] {dag.py:2941} INFO - Sync 1 DAGs
[2023-11-14T10:03:48.295+0000] {logging_mixin.py:154} INFO - [2023-11-14T10:03:48.295+0000] {dag.py:3722} INFO - Setting next_dagrun for example_branch_dop_operator_v3 to 2023-11-14T10:02:00+00:00, run_after=2023-11-14T10:03:00+00:00
[2023-11-14T10:03:48.310+0000] {processor.py:179} INFO - Processing /home/airflow/.local/lib/python3.8/site-packages/airflow/example_dags/example_branch_python_dop_operator_3.py took 0.058 seconds
[2023-11-14T10:04:18.536+0000] {processor.py:157} INFO - Started process (PID=1177) to work on /home/airflow/.local/lib/python3.8/site-packages/airflow/example_dags/example_branch_python_dop_operator_3.py
[2023-11-14T10:04:18.537+0000] {processor.py:829} INFO - Processing file /home/airflow/.local/lib/python3.8/site-packages/airflow/example_dags/example_branch_python_dop_operator_3.py for tasks to queue
[2023-11-14T10:04:18.539+0000] {logging_mixin.py:154} INFO - [2023-11-14T10:04:18.539+0000] {dagbag.py:536} INFO - Filling up the DagBag from /home/airflow/.local/lib/python3.8/site-packages/airflow/example_dags/example_branch_python_dop_operator_3.py
[2023-11-14T10:04:18.544+0000] {processor.py:839} INFO - DAG(s) dict_keys(['example_branch_dop_operator_v3']) retrieved from /home/airflow/.local/lib/python3.8/site-packages/airflow/example_dags/example_branch_python_dop_operator_3.py
[2023-11-14T10:04:18.558+0000] {logging_mixin.py:154} INFO - [2023-11-14T10:04:18.558+0000] {dag.py:2941} INFO - Sync 1 DAGs
[2023-11-14T10:04:18.575+0000] {logging_mixin.py:154} INFO - [2023-11-14T10:04:18.574+0000] {dag.py:3722} INFO - Setting next_dagrun for example_branch_dop_operator_v3 to 2023-11-14T10:03:00+00:00, run_after=2023-11-14T10:04:00+00:00
[2023-11-14T10:04:18.586+0000] {processor.py:179} INFO - Processing /home/airflow/.local/lib/python3.8/site-packages/airflow/example_dags/example_branch_python_dop_operator_3.py took 0.053 seconds
[2023-11-14T10:04:48.739+0000] {processor.py:157} INFO - Started process (PID=1231) to work on /home/airflow/.local/lib/python3.8/site-packages/airflow/example_dags/example_branch_python_dop_operator_3.py
[2023-11-14T10:04:48.739+0000] {processor.py:829} INFO - Processing file /home/airflow/.local/lib/python3.8/site-packages/airflow/example_dags/example_branch_python_dop_operator_3.py for tasks to queue
[2023-11-14T10:04:48.742+0000] {logging_mixin.py:154} INFO - [2023-11-14T10:04:48.742+0000] {dagbag.py:536} INFO - Filling up the DagBag from /home/airflow/.local/lib/python3.8/site-packages/airflow/example_dags/example_branch_python_dop_operator_3.py
[2023-11-14T10:04:48.748+0000] {processor.py:839} INFO - DAG(s) dict_keys(['example_branch_dop_operator_v3']) retrieved from /home/airflow/.local/lib/python3.8/site-packages/airflow/example_dags/example_branch_python_dop_operator_3.py
[2023-11-14T10:04:48.761+0000] {logging_mixin.py:154} INFO - [2023-11-14T10:04:48.761+0000] {dag.py:2941} INFO - Sync 1 DAGs
[2023-11-14T10:04:48.775+0000] {logging_mixin.py:154} INFO - [2023-11-14T10:04:48.775+0000] {dag.py:3722} INFO - Setting next_dagrun for example_branch_dop_operator_v3 to 2023-11-14T10:03:00+00:00, run_after=2023-11-14T10:04:00+00:00
[2023-11-14T10:04:48.785+0000] {processor.py:179} INFO - Processing /home/airflow/.local/lib/python3.8/site-packages/airflow/example_dags/example_branch_python_dop_operator_3.py took 0.049 seconds
[2023-11-14T10:05:18.996+0000] {processor.py:157} INFO - Started process (PID=1285) to work on /home/airflow/.local/lib/python3.8/site-packages/airflow/example_dags/example_branch_python_dop_operator_3.py
[2023-11-14T10:05:18.997+0000] {processor.py:829} INFO - Processing file /home/airflow/.local/lib/python3.8/site-packages/airflow/example_dags/example_branch_python_dop_operator_3.py for tasks to queue
[2023-11-14T10:05:18.999+0000] {logging_mixin.py:154} INFO - [2023-11-14T10:05:18.999+0000] {dagbag.py:536} INFO - Filling up the DagBag from /home/airflow/.local/lib/python3.8/site-packages/airflow/example_dags/example_branch_python_dop_operator_3.py
[2023-11-14T10:05:19.005+0000] {processor.py:839} INFO - DAG(s) dict_keys(['example_branch_dop_operator_v3']) retrieved from /home/airflow/.local/lib/python3.8/site-packages/airflow/example_dags/example_branch_python_dop_operator_3.py
[2023-11-14T10:05:19.018+0000] {logging_mixin.py:154} INFO - [2023-11-14T10:05:19.018+0000] {dag.py:2941} INFO - Sync 1 DAGs
[2023-11-14T10:05:19.032+0000] {logging_mixin.py:154} INFO - [2023-11-14T10:05:19.032+0000] {dag.py:3722} INFO - Setting next_dagrun for example_branch_dop_operator_v3 to 2023-11-14T10:04:00+00:00, run_after=2023-11-14T10:05:00+00:00
[2023-11-14T10:05:19.043+0000] {processor.py:179} INFO - Processing /home/airflow/.local/lib/python3.8/site-packages/airflow/example_dags/example_branch_python_dop_operator_3.py took 0.050 seconds
[2023-11-14T10:05:49.285+0000] {processor.py:157} INFO - Started process (PID=1339) to work on /home/airflow/.local/lib/python3.8/site-packages/airflow/example_dags/example_branch_python_dop_operator_3.py
[2023-11-14T10:05:49.286+0000] {processor.py:829} INFO - Processing file /home/airflow/.local/lib/python3.8/site-packages/airflow/example_dags/example_branch_python_dop_operator_3.py for tasks to queue
[2023-11-14T10:05:49.287+0000] {logging_mixin.py:154} INFO - [2023-11-14T10:05:49.287+0000] {dagbag.py:536} INFO - Filling up the DagBag from /home/airflow/.local/lib/python3.8/site-packages/airflow/example_dags/example_branch_python_dop_operator_3.py
[2023-11-14T10:05:49.293+0000] {processor.py:839} INFO - DAG(s) dict_keys(['example_branch_dop_operator_v3']) retrieved from /home/airflow/.local/lib/python3.8/site-packages/airflow/example_dags/example_branch_python_dop_operator_3.py
[2023-11-14T10:05:49.307+0000] {logging_mixin.py:154} INFO - [2023-11-14T10:05:49.307+0000] {dag.py:2941} INFO - Sync 1 DAGs
[2023-11-14T10:05:49.322+0000] {logging_mixin.py:154} INFO - [2023-11-14T10:05:49.322+0000] {dag.py:3722} INFO - Setting next_dagrun for example_branch_dop_operator_v3 to 2023-11-14T10:04:00+00:00, run_after=2023-11-14T10:05:00+00:00
[2023-11-14T10:05:49.332+0000] {processor.py:179} INFO - Processing /home/airflow/.local/lib/python3.8/site-packages/airflow/example_dags/example_branch_python_dop_operator_3.py took 0.050 seconds
[2023-11-14T10:06:19.534+0000] {processor.py:157} INFO - Started process (PID=1393) to work on /home/airflow/.local/lib/python3.8/site-packages/airflow/example_dags/example_branch_python_dop_operator_3.py
[2023-11-14T10:06:19.535+0000] {processor.py:829} INFO - Processing file /home/airflow/.local/lib/python3.8/site-packages/airflow/example_dags/example_branch_python_dop_operator_3.py for tasks to queue
[2023-11-14T10:06:19.536+0000] {logging_mixin.py:154} INFO - [2023-11-14T10:06:19.536+0000] {dagbag.py:536} INFO - Filling up the DagBag from /home/airflow/.local/lib/python3.8/site-packages/airflow/example_dags/example_branch_python_dop_operator_3.py
[2023-11-14T10:06:19.542+0000] {processor.py:839} INFO - DAG(s) dict_keys(['example_branch_dop_operator_v3']) retrieved from /home/airflow/.local/lib/python3.8/site-packages/airflow/example_dags/example_branch_python_dop_operator_3.py
[2023-11-14T10:06:19.554+0000] {logging_mixin.py:154} INFO - [2023-11-14T10:06:19.554+0000] {dag.py:2941} INFO - Sync 1 DAGs
[2023-11-14T10:06:19.567+0000] {logging_mixin.py:154} INFO - [2023-11-14T10:06:19.567+0000] {dag.py:3722} INFO - Setting next_dagrun for example_branch_dop_operator_v3 to 2023-11-14T10:05:00+00:00, run_after=2023-11-14T10:06:00+00:00
[2023-11-14T10:06:19.576+0000] {processor.py:179} INFO - Processing /home/airflow/.local/lib/python3.8/site-packages/airflow/example_dags/example_branch_python_dop_operator_3.py took 0.044 seconds
[2023-11-14T10:06:49.745+0000] {processor.py:157} INFO - Started process (PID=1447) to work on /home/airflow/.local/lib/python3.8/site-packages/airflow/example_dags/example_branch_python_dop_operator_3.py
[2023-11-14T10:06:49.746+0000] {processor.py:829} INFO - Processing file /home/airflow/.local/lib/python3.8/site-packages/airflow/example_dags/example_branch_python_dop_operator_3.py for tasks to queue
[2023-11-14T10:06:49.747+0000] {logging_mixin.py:154} INFO - [2023-11-14T10:06:49.747+0000] {dagbag.py:536} INFO - Filling up the DagBag from /home/airflow/.local/lib/python3.8/site-packages/airflow/example_dags/example_branch_python_dop_operator_3.py
[2023-11-14T10:06:49.753+0000] {processor.py:839} INFO - DAG(s) dict_keys(['example_branch_dop_operator_v3']) retrieved from /home/airflow/.local/lib/python3.8/site-packages/airflow/example_dags/example_branch_python_dop_operator_3.py
[2023-11-14T10:06:49.764+0000] {logging_mixin.py:154} INFO - [2023-11-14T10:06:49.764+0000] {dag.py:2941} INFO - Sync 1 DAGs
[2023-11-14T10:06:49.777+0000] {logging_mixin.py:154} INFO - [2023-11-14T10:06:49.777+0000] {dag.py:3722} INFO - Setting next_dagrun for example_branch_dop_operator_v3 to 2023-11-14T10:05:00+00:00, run_after=2023-11-14T10:06:00+00:00
[2023-11-14T10:06:49.785+0000] {processor.py:179} INFO - Processing /home/airflow/.local/lib/python3.8/site-packages/airflow/example_dags/example_branch_python_dop_operator_3.py took 0.043 seconds
[2023-11-14T10:07:20.049+0000] {processor.py:157} INFO - Started process (PID=1501) to work on /home/airflow/.local/lib/python3.8/site-packages/airflow/example_dags/example_branch_python_dop_operator_3.py
[2023-11-14T10:07:20.050+0000] {processor.py:829} INFO - Processing file /home/airflow/.local/lib/python3.8/site-packages/airflow/example_dags/example_branch_python_dop_operator_3.py for tasks to queue
[2023-11-14T10:07:20.052+0000] {logging_mixin.py:154} INFO - [2023-11-14T10:07:20.051+0000] {dagbag.py:536} INFO - Filling up the DagBag from /home/airflow/.local/lib/python3.8/site-packages/airflow/example_dags/example_branch_python_dop_operator_3.py
[2023-11-14T10:07:20.057+0000] {processor.py:839} INFO - DAG(s) dict_keys(['example_branch_dop_operator_v3']) retrieved from /home/airflow/.local/lib/python3.8/site-packages/airflow/example_dags/example_branch_python_dop_operator_3.py
[2023-11-14T10:07:20.069+0000] {logging_mixin.py:154} INFO - [2023-11-14T10:07:20.069+0000] {dag.py:2941} INFO - Sync 1 DAGs
[2023-11-14T10:07:20.083+0000] {logging_mixin.py:154} INFO - [2023-11-14T10:07:20.083+0000] {dag.py:3722} INFO - Setting next_dagrun for example_branch_dop_operator_v3 to 2023-11-14T10:06:00+00:00, run_after=2023-11-14T10:07:00+00:00
[2023-11-14T10:07:20.091+0000] {processor.py:179} INFO - Processing /home/airflow/.local/lib/python3.8/site-packages/airflow/example_dags/example_branch_python_dop_operator_3.py took 0.044 seconds
[2023-11-14T10:07:50.351+0000] {processor.py:157} INFO - Started process (PID=1555) to work on /home/airflow/.local/lib/python3.8/site-packages/airflow/example_dags/example_branch_python_dop_operator_3.py
[2023-11-14T10:07:50.351+0000] {processor.py:829} INFO - Processing file /home/airflow/.local/lib/python3.8/site-packages/airflow/example_dags/example_branch_python_dop_operator_3.py for tasks to queue
[2023-11-14T10:07:50.353+0000] {logging_mixin.py:154} INFO - [2023-11-14T10:07:50.353+0000] {dagbag.py:536} INFO - Filling up the DagBag from /home/airflow/.local/lib/python3.8/site-packages/airflow/example_dags/example_branch_python_dop_operator_3.py
[2023-11-14T10:07:50.359+0000] {processor.py:839} INFO - DAG(s) dict_keys(['example_branch_dop_operator_v3']) retrieved from /home/airflow/.local/lib/python3.8/site-packages/airflow/example_dags/example_branch_python_dop_operator_3.py
[2023-11-14T10:07:50.373+0000] {logging_mixin.py:154} INFO - [2023-11-14T10:07:50.373+0000] {dag.py:2941} INFO - Sync 1 DAGs
[2023-11-14T10:07:50.388+0000] {logging_mixin.py:154} INFO - [2023-11-14T10:07:50.388+0000] {dag.py:3722} INFO - Setting next_dagrun for example_branch_dop_operator_v3 to 2023-11-14T10:06:00+00:00, run_after=2023-11-14T10:07:00+00:00
[2023-11-14T10:07:50.397+0000] {processor.py:179} INFO - Processing /home/airflow/.local/lib/python3.8/site-packages/airflow/example_dags/example_branch_python_dop_operator_3.py took 0.049 seconds
[2023-11-14T10:08:20.678+0000] {processor.py:157} INFO - Started process (PID=1609) to work on /home/airflow/.local/lib/python3.8/site-packages/airflow/example_dags/example_branch_python_dop_operator_3.py
[2023-11-14T10:08:20.679+0000] {processor.py:829} INFO - Processing file /home/airflow/.local/lib/python3.8/site-packages/airflow/example_dags/example_branch_python_dop_operator_3.py for tasks to queue
[2023-11-14T10:08:20.682+0000] {logging_mixin.py:154} INFO - [2023-11-14T10:08:20.682+0000] {dagbag.py:536} INFO - Filling up the DagBag from /home/airflow/.local/lib/python3.8/site-packages/airflow/example_dags/example_branch_python_dop_operator_3.py
[2023-11-14T10:08:20.688+0000] {processor.py:839} INFO - DAG(s) dict_keys(['example_branch_dop_operator_v3']) retrieved from /home/airflow/.local/lib/python3.8/site-packages/airflow/example_dags/example_branch_python_dop_operator_3.py
[2023-11-14T10:08:20.701+0000] {logging_mixin.py:154} INFO - [2023-11-14T10:08:20.701+0000] {dag.py:2941} INFO - Sync 1 DAGs
[2023-11-14T10:08:20.714+0000] {logging_mixin.py:154} INFO - [2023-11-14T10:08:20.714+0000] {dag.py:3722} INFO - Setting next_dagrun for example_branch_dop_operator_v3 to 2023-11-14T10:07:00+00:00, run_after=2023-11-14T10:08:00+00:00
[2023-11-14T10:08:20.723+0000] {processor.py:179} INFO - Processing /home/airflow/.local/lib/python3.8/site-packages/airflow/example_dags/example_branch_python_dop_operator_3.py took 0.048 seconds
[2023-11-14T10:08:51.012+0000] {processor.py:157} INFO - Started process (PID=1663) to work on /home/airflow/.local/lib/python3.8/site-packages/airflow/example_dags/example_branch_python_dop_operator_3.py
[2023-11-14T10:08:51.012+0000] {processor.py:829} INFO - Processing file /home/airflow/.local/lib/python3.8/site-packages/airflow/example_dags/example_branch_python_dop_operator_3.py for tasks to queue
[2023-11-14T10:08:51.014+0000] {logging_mixin.py:154} INFO - [2023-11-14T10:08:51.014+0000] {dagbag.py:536} INFO - Filling up the DagBag from /home/airflow/.local/lib/python3.8/site-packages/airflow/example_dags/example_branch_python_dop_operator_3.py
[2023-11-14T10:08:51.020+0000] {processor.py:839} INFO - DAG(s) dict_keys(['example_branch_dop_operator_v3']) retrieved from /home/airflow/.local/lib/python3.8/site-packages/airflow/example_dags/example_branch_python_dop_operator_3.py
[2023-11-14T10:08:51.032+0000] {logging_mixin.py:154} INFO - [2023-11-14T10:08:51.032+0000] {dag.py:2941} INFO - Sync 1 DAGs
[2023-11-14T10:08:51.047+0000] {logging_mixin.py:154} INFO - [2023-11-14T10:08:51.047+0000] {dag.py:3722} INFO - Setting next_dagrun for example_branch_dop_operator_v3 to 2023-11-14T10:07:00+00:00, run_after=2023-11-14T10:08:00+00:00
[2023-11-14T10:08:51.056+0000] {processor.py:179} INFO - Processing /home/airflow/.local/lib/python3.8/site-packages/airflow/example_dags/example_branch_python_dop_operator_3.py took 0.047 seconds
[2023-11-14T10:09:21.467+0000] {processor.py:157} INFO - Started process (PID=1717) to work on /home/airflow/.local/lib/python3.8/site-packages/airflow/example_dags/example_branch_python_dop_operator_3.py
[2023-11-14T10:09:21.468+0000] {processor.py:829} INFO - Processing file /home/airflow/.local/lib/python3.8/site-packages/airflow/example_dags/example_branch_python_dop_operator_3.py for tasks to queue
[2023-11-14T10:09:21.470+0000] {logging_mixin.py:154} INFO - [2023-11-14T10:09:21.470+0000] {dagbag.py:536} INFO - Filling up the DagBag from /home/airflow/.local/lib/python3.8/site-packages/airflow/example_dags/example_branch_python_dop_operator_3.py
[2023-11-14T10:09:21.476+0000] {processor.py:839} INFO - DAG(s) dict_keys(['example_branch_dop_operator_v3']) retrieved from /home/airflow/.local/lib/python3.8/site-packages/airflow/example_dags/example_branch_python_dop_operator_3.py
[2023-11-14T10:09:21.489+0000] {logging_mixin.py:154} INFO - [2023-11-14T10:09:21.489+0000] {dag.py:2941} INFO - Sync 1 DAGs
[2023-11-14T10:09:21.504+0000] {logging_mixin.py:154} INFO - [2023-11-14T10:09:21.504+0000] {dag.py:3722} INFO - Setting next_dagrun for example_branch_dop_operator_v3 to 2023-11-14T10:08:00+00:00, run_after=2023-11-14T10:09:00+00:00
[2023-11-14T10:09:21.515+0000] {processor.py:179} INFO - Processing /home/airflow/.local/lib/python3.8/site-packages/airflow/example_dags/example_branch_python_dop_operator_3.py took 0.050 seconds
[2023-11-14T10:09:52.021+0000] {processor.py:157} INFO - Started process (PID=1771) to work on /home/airflow/.local/lib/python3.8/site-packages/airflow/example_dags/example_branch_python_dop_operator_3.py
[2023-11-14T10:09:52.022+0000] {processor.py:829} INFO - Processing file /home/airflow/.local/lib/python3.8/site-packages/airflow/example_dags/example_branch_python_dop_operator_3.py for tasks to queue
[2023-11-14T10:09:52.023+0000] {logging_mixin.py:154} INFO - [2023-11-14T10:09:52.023+0000] {dagbag.py:536} INFO - Filling up the DagBag from /home/airflow/.local/lib/python3.8/site-packages/airflow/example_dags/example_branch_python_dop_operator_3.py
[2023-11-14T10:09:52.028+0000] {processor.py:839} INFO - DAG(s) dict_keys(['example_branch_dop_operator_v3']) retrieved from /home/airflow/.local/lib/python3.8/site-packages/airflow/example_dags/example_branch_python_dop_operator_3.py
[2023-11-14T10:09:52.040+0000] {logging_mixin.py:154} INFO - [2023-11-14T10:09:52.040+0000] {dag.py:2941} INFO - Sync 1 DAGs
[2023-11-14T10:09:52.156+0000] {logging_mixin.py:154} INFO - [2023-11-14T10:09:52.156+0000] {dag.py:3722} INFO - Setting next_dagrun for example_branch_dop_operator_v3 to 2023-11-14T10:08:00+00:00, run_after=2023-11-14T10:09:00+00:00
[2023-11-14T10:09:52.164+0000] {processor.py:179} INFO - Processing /home/airflow/.local/lib/python3.8/site-packages/airflow/example_dags/example_branch_python_dop_operator_3.py took 0.146 seconds
[2023-11-14T10:10:22.418+0000] {processor.py:157} INFO - Started process (PID=1825) to work on /home/airflow/.local/lib/python3.8/site-packages/airflow/example_dags/example_branch_python_dop_operator_3.py
[2023-11-14T10:10:22.419+0000] {processor.py:829} INFO - Processing file /home/airflow/.local/lib/python3.8/site-packages/airflow/example_dags/example_branch_python_dop_operator_3.py for tasks to queue
[2023-11-14T10:10:22.421+0000] {logging_mixin.py:154} INFO - [2023-11-14T10:10:22.420+0000] {dagbag.py:536} INFO - Filling up the DagBag from /home/airflow/.local/lib/python3.8/site-packages/airflow/example_dags/example_branch_python_dop_operator_3.py
[2023-11-14T10:10:22.426+0000] {processor.py:839} INFO - DAG(s) dict_keys(['example_branch_dop_operator_v3']) retrieved from /home/airflow/.local/lib/python3.8/site-packages/airflow/example_dags/example_branch_python_dop_operator_3.py
[2023-11-14T10:10:22.442+0000] {logging_mixin.py:154} INFO - [2023-11-14T10:10:22.442+0000] {dag.py:2941} INFO - Sync 1 DAGs
[2023-11-14T10:10:22.459+0000] {logging_mixin.py:154} INFO - [2023-11-14T10:10:22.459+0000] {dag.py:3722} INFO - Setting next_dagrun for example_branch_dop_operator_v3 to 2023-11-14T10:09:00+00:00, run_after=2023-11-14T10:10:00+00:00
[2023-11-14T10:10:22.590+0000] {processor.py:179} INFO - Processing /home/airflow/.local/lib/python3.8/site-packages/airflow/example_dags/example_branch_python_dop_operator_3.py took 0.175 seconds
[2023-11-14T10:10:52.829+0000] {processor.py:157} INFO - Started process (PID=1879) to work on /home/airflow/.local/lib/python3.8/site-packages/airflow/example_dags/example_branch_python_dop_operator_3.py
[2023-11-14T10:10:52.830+0000] {processor.py:829} INFO - Processing file /home/airflow/.local/lib/python3.8/site-packages/airflow/example_dags/example_branch_python_dop_operator_3.py for tasks to queue
[2023-11-14T10:10:52.832+0000] {logging_mixin.py:154} INFO - [2023-11-14T10:10:52.831+0000] {dagbag.py:536} INFO - Filling up the DagBag from /home/airflow/.local/lib/python3.8/site-packages/airflow/example_dags/example_branch_python_dop_operator_3.py
[2023-11-14T10:10:52.838+0000] {processor.py:839} INFO - DAG(s) dict_keys(['example_branch_dop_operator_v3']) retrieved from /home/airflow/.local/lib/python3.8/site-packages/airflow/example_dags/example_branch_python_dop_operator_3.py
[2023-11-14T10:10:52.850+0000] {logging_mixin.py:154} INFO - [2023-11-14T10:10:52.850+0000] {dag.py:2941} INFO - Sync 1 DAGs
[2023-11-14T10:10:52.863+0000] {logging_mixin.py:154} INFO - [2023-11-14T10:10:52.863+0000] {dag.py:3722} INFO - Setting next_dagrun for example_branch_dop_operator_v3 to 2023-11-14T10:09:00+00:00, run_after=2023-11-14T10:10:00+00:00
[2023-11-14T10:10:52.871+0000] {processor.py:179} INFO - Processing /home/airflow/.local/lib/python3.8/site-packages/airflow/example_dags/example_branch_python_dop_operator_3.py took 0.044 seconds
[2023-11-14T10:11:23.201+0000] {processor.py:157} INFO - Started process (PID=1933) to work on /home/airflow/.local/lib/python3.8/site-packages/airflow/example_dags/example_branch_python_dop_operator_3.py
[2023-11-14T10:11:23.202+0000] {processor.py:829} INFO - Processing file /home/airflow/.local/lib/python3.8/site-packages/airflow/example_dags/example_branch_python_dop_operator_3.py for tasks to queue
[2023-11-14T10:11:23.204+0000] {logging_mixin.py:154} INFO - [2023-11-14T10:11:23.204+0000] {dagbag.py:536} INFO - Filling up the DagBag from /home/airflow/.local/lib/python3.8/site-packages/airflow/example_dags/example_branch_python_dop_operator_3.py
[2023-11-14T10:11:23.209+0000] {processor.py:839} INFO - DAG(s) dict_keys(['example_branch_dop_operator_v3']) retrieved from /home/airflow/.local/lib/python3.8/site-packages/airflow/example_dags/example_branch_python_dop_operator_3.py
[2023-11-14T10:11:23.221+0000] {logging_mixin.py:154} INFO - [2023-11-14T10:11:23.221+0000] {dag.py:2941} INFO - Sync 1 DAGs
[2023-11-14T10:11:23.234+0000] {logging_mixin.py:154} INFO - [2023-11-14T10:11:23.234+0000] {dag.py:3722} INFO - Setting next_dagrun for example_branch_dop_operator_v3 to 2023-11-14T10:10:00+00:00, run_after=2023-11-14T10:11:00+00:00
[2023-11-14T10:11:23.244+0000] {processor.py:179} INFO - Processing /home/airflow/.local/lib/python3.8/site-packages/airflow/example_dags/example_branch_python_dop_operator_3.py took 0.045 seconds
[2023-11-14T10:11:53.942+0000] {processor.py:157} INFO - Started process (PID=1987) to work on /home/airflow/.local/lib/python3.8/site-packages/airflow/example_dags/example_branch_python_dop_operator_3.py
[2023-11-14T10:11:53.942+0000] {processor.py:829} INFO - Processing file /home/airflow/.local/lib/python3.8/site-packages/airflow/example_dags/example_branch_python_dop_operator_3.py for tasks to queue
[2023-11-14T10:11:53.945+0000] {logging_mixin.py:154} INFO - [2023-11-14T10:11:53.944+0000] {dagbag.py:536} INFO - Filling up the DagBag from /home/airflow/.local/lib/python3.8/site-packages/airflow/example_dags/example_branch_python_dop_operator_3.py
[2023-11-14T10:11:53.950+0000] {processor.py:839} INFO - DAG(s) dict_keys(['example_branch_dop_operator_v3']) retrieved from /home/airflow/.local/lib/python3.8/site-packages/airflow/example_dags/example_branch_python_dop_operator_3.py
[2023-11-14T10:11:53.963+0000] {logging_mixin.py:154} INFO - [2023-11-14T10:11:53.962+0000] {dag.py:2941} INFO - Sync 1 DAGs
[2023-11-14T10:11:54.078+0000] {logging_mixin.py:154} INFO - [2023-11-14T10:11:54.078+0000] {dag.py:3722} INFO - Setting next_dagrun for example_branch_dop_operator_v3 to 2023-11-14T10:10:00+00:00, run_after=2023-11-14T10:11:00+00:00
[2023-11-14T10:11:54.089+0000] {processor.py:179} INFO - Processing /home/airflow/.local/lib/python3.8/site-packages/airflow/example_dags/example_branch_python_dop_operator_3.py took 0.150 seconds
[2023-11-14T10:12:24.212+0000] {processor.py:157} INFO - Started process (PID=2041) to work on /home/airflow/.local/lib/python3.8/site-packages/airflow/example_dags/example_branch_python_dop_operator_3.py
[2023-11-14T10:12:24.213+0000] {processor.py:829} INFO - Processing file /home/airflow/.local/lib/python3.8/site-packages/airflow/example_dags/example_branch_python_dop_operator_3.py for tasks to queue
[2023-11-14T10:12:24.214+0000] {logging_mixin.py:154} INFO - [2023-11-14T10:12:24.214+0000] {dagbag.py:536} INFO - Filling up the DagBag from /home/airflow/.local/lib/python3.8/site-packages/airflow/example_dags/example_branch_python_dop_operator_3.py
[2023-11-14T10:12:24.219+0000] {processor.py:839} INFO - DAG(s) dict_keys(['example_branch_dop_operator_v3']) retrieved from /home/airflow/.local/lib/python3.8/site-packages/airflow/example_dags/example_branch_python_dop_operator_3.py
[2023-11-14T10:12:24.230+0000] {logging_mixin.py:154} INFO - [2023-11-14T10:12:24.230+0000] {dag.py:2941} INFO - Sync 1 DAGs
[2023-11-14T10:12:24.242+0000] {logging_mixin.py:154} INFO - [2023-11-14T10:12:24.242+0000] {dag.py:3722} INFO - Setting next_dagrun for example_branch_dop_operator_v3 to 2023-11-14T10:11:00+00:00, run_after=2023-11-14T10:12:00+00:00
[2023-11-14T10:12:24.339+0000] {processor.py:179} INFO - Processing /home/airflow/.local/lib/python3.8/site-packages/airflow/example_dags/example_branch_python_dop_operator_3.py took 0.130 seconds
[2023-11-14T10:12:54.477+0000] {processor.py:157} INFO - Started process (PID=2095) to work on /home/airflow/.local/lib/python3.8/site-packages/airflow/example_dags/example_branch_python_dop_operator_3.py
[2023-11-14T10:12:54.478+0000] {processor.py:829} INFO - Processing file /home/airflow/.local/lib/python3.8/site-packages/airflow/example_dags/example_branch_python_dop_operator_3.py for tasks to queue
[2023-11-14T10:12:54.479+0000] {logging_mixin.py:154} INFO - [2023-11-14T10:12:54.479+0000] {dagbag.py:536} INFO - Filling up the DagBag from /home/airflow/.local/lib/python3.8/site-packages/airflow/example_dags/example_branch_python_dop_operator_3.py
[2023-11-14T10:12:54.485+0000] {processor.py:839} INFO - DAG(s) dict_keys(['example_branch_dop_operator_v3']) retrieved from /home/airflow/.local/lib/python3.8/site-packages/airflow/example_dags/example_branch_python_dop_operator_3.py
[2023-11-14T10:12:54.500+0000] {logging_mixin.py:154} INFO - [2023-11-14T10:12:54.499+0000] {dag.py:2941} INFO - Sync 1 DAGs
[2023-11-14T10:12:54.516+0000] {logging_mixin.py:154} INFO - [2023-11-14T10:12:54.516+0000] {dag.py:3722} INFO - Setting next_dagrun for example_branch_dop_operator_v3 to 2023-11-14T10:11:00+00:00, run_after=2023-11-14T10:12:00+00:00
[2023-11-14T10:12:54.529+0000] {processor.py:179} INFO - Processing /home/airflow/.local/lib/python3.8/site-packages/airflow/example_dags/example_branch_python_dop_operator_3.py took 0.055 seconds
[2023-11-14T10:13:44.281+0000] {processor.py:157} INFO - Started process (PID=2156) to work on /home/airflow/.local/lib/python3.8/site-packages/airflow/example_dags/example_branch_python_dop_operator_3.py
[2023-11-14T10:13:44.282+0000] {processor.py:829} INFO - Processing file /home/airflow/.local/lib/python3.8/site-packages/airflow/example_dags/example_branch_python_dop_operator_3.py for tasks to queue
[2023-11-14T10:13:44.284+0000] {logging_mixin.py:154} INFO - [2023-11-14T10:13:44.284+0000] {dagbag.py:536} INFO - Filling up the DagBag from /home/airflow/.local/lib/python3.8/site-packages/airflow/example_dags/example_branch_python_dop_operator_3.py
[2023-11-14T10:13:44.292+0000] {processor.py:839} INFO - DAG(s) dict_keys(['example_branch_dop_operator_v3']) retrieved from /home/airflow/.local/lib/python3.8/site-packages/airflow/example_dags/example_branch_python_dop_operator_3.py
[2023-11-14T10:13:44.320+0000] {logging_mixin.py:154} INFO - [2023-11-14T10:13:44.319+0000] {dag.py:2941} INFO - Sync 1 DAGs
[2023-11-14T10:13:44.338+0000] {logging_mixin.py:154} INFO - [2023-11-14T10:13:44.337+0000] {dag.py:3722} INFO - Setting next_dagrun for example_branch_dop_operator_v3 to 2023-11-14T10:12:00+00:00, run_after=2023-11-14T10:13:00+00:00
[2023-11-14T10:13:44.351+0000] {processor.py:179} INFO - Processing /home/airflow/.local/lib/python3.8/site-packages/airflow/example_dags/example_branch_python_dop_operator_3.py took 0.076 seconds
[2023-11-14T10:14:46.286+0000] {processor.py:157} INFO - Started process (PID=2211) to work on /home/airflow/.local/lib/python3.8/site-packages/airflow/example_dags/example_branch_python_dop_operator_3.py
[2023-11-14T10:14:46.287+0000] {processor.py:829} INFO - Processing file /home/airflow/.local/lib/python3.8/site-packages/airflow/example_dags/example_branch_python_dop_operator_3.py for tasks to queue
[2023-11-14T10:14:46.289+0000] {logging_mixin.py:154} INFO - [2023-11-14T10:14:46.288+0000] {dagbag.py:536} INFO - Filling up the DagBag from /home/airflow/.local/lib/python3.8/site-packages/airflow/example_dags/example_branch_python_dop_operator_3.py
[2023-11-14T10:14:46.296+0000] {processor.py:839} INFO - DAG(s) dict_keys(['example_branch_dop_operator_v3']) retrieved from /home/airflow/.local/lib/python3.8/site-packages/airflow/example_dags/example_branch_python_dop_operator_3.py
[2023-11-14T10:14:46.315+0000] {logging_mixin.py:154} INFO - [2023-11-14T10:14:46.315+0000] {dag.py:2941} INFO - Sync 1 DAGs
[2023-11-14T10:14:46.333+0000] {logging_mixin.py:154} INFO - [2023-11-14T10:14:46.333+0000] {dag.py:3722} INFO - Setting next_dagrun for example_branch_dop_operator_v3 to 2023-11-14T10:13:00+00:00, run_after=2023-11-14T10:14:00+00:00
[2023-11-14T10:14:46.348+0000] {processor.py:179} INFO - Processing /home/airflow/.local/lib/python3.8/site-packages/airflow/example_dags/example_branch_python_dop_operator_3.py took 0.065 seconds
[2023-11-14T10:17:56.056+0000] {processor.py:157} INFO - Started process (PID=2265) to work on /home/airflow/.local/lib/python3.8/site-packages/airflow/example_dags/example_branch_python_dop_operator_3.py
[2023-11-14T10:17:56.057+0000] {processor.py:829} INFO - Processing file /home/airflow/.local/lib/python3.8/site-packages/airflow/example_dags/example_branch_python_dop_operator_3.py for tasks to queue
[2023-11-14T10:17:56.059+0000] {logging_mixin.py:154} INFO - [2023-11-14T10:17:56.059+0000] {dagbag.py:536} INFO - Filling up the DagBag from /home/airflow/.local/lib/python3.8/site-packages/airflow/example_dags/example_branch_python_dop_operator_3.py
[2023-11-14T10:17:56.067+0000] {processor.py:839} INFO - DAG(s) dict_keys(['example_branch_dop_operator_v3']) retrieved from /home/airflow/.local/lib/python3.8/site-packages/airflow/example_dags/example_branch_python_dop_operator_3.py
[2023-11-14T10:17:56.081+0000] {logging_mixin.py:154} INFO - [2023-11-14T10:17:56.081+0000] {dag.py:2941} INFO - Sync 1 DAGs
[2023-11-14T10:17:56.096+0000] {logging_mixin.py:154} INFO - [2023-11-14T10:17:56.096+0000] {dag.py:3722} INFO - Setting next_dagrun for example_branch_dop_operator_v3 to 2023-11-14T10:16:00+00:00, run_after=2023-11-14T10:17:00+00:00
[2023-11-14T10:17:56.111+0000] {processor.py:179} INFO - Processing /home/airflow/.local/lib/python3.8/site-packages/airflow/example_dags/example_branch_python_dop_operator_3.py took 0.058 seconds
[2023-11-14T10:20:16.676+0000] {processor.py:157} INFO - Started process (PID=2312) to work on /home/airflow/.local/lib/python3.8/site-packages/airflow/example_dags/example_branch_python_dop_operator_3.py
[2023-11-14T10:20:16.677+0000] {processor.py:829} INFO - Processing file /home/airflow/.local/lib/python3.8/site-packages/airflow/example_dags/example_branch_python_dop_operator_3.py for tasks to queue
[2023-11-14T10:20:16.678+0000] {logging_mixin.py:154} INFO - [2023-11-14T10:20:16.678+0000] {dagbag.py:536} INFO - Filling up the DagBag from /home/airflow/.local/lib/python3.8/site-packages/airflow/example_dags/example_branch_python_dop_operator_3.py
[2023-11-14T10:20:16.684+0000] {processor.py:839} INFO - DAG(s) dict_keys(['example_branch_dop_operator_v3']) retrieved from /home/airflow/.local/lib/python3.8/site-packages/airflow/example_dags/example_branch_python_dop_operator_3.py
[2023-11-14T10:20:16.699+0000] {logging_mixin.py:154} INFO - [2023-11-14T10:20:16.699+0000] {dag.py:2941} INFO - Sync 1 DAGs
[2023-11-14T10:20:16.714+0000] {logging_mixin.py:154} INFO - [2023-11-14T10:20:16.713+0000] {dag.py:3722} INFO - Setting next_dagrun for example_branch_dop_operator_v3 to 2023-11-14T10:19:00+00:00, run_after=2023-11-14T10:20:00+00:00
[2023-11-14T10:20:16.723+0000] {processor.py:179} INFO - Processing /home/airflow/.local/lib/python3.8/site-packages/airflow/example_dags/example_branch_python_dop_operator_3.py took 0.050 seconds
