[2023-11-14T09:52:48.973+0000] {processor.py:157} INFO - Started process (PID=36) to work on /home/airflow/.local/lib/python3.8/site-packages/airflow/example_dags/example_python_operator.py
[2023-11-14T09:52:48.973+0000] {processor.py:829} INFO - Processing file /home/airflow/.local/lib/python3.8/site-packages/airflow/example_dags/example_python_operator.py for tasks to queue
[2023-11-14T09:52:48.975+0000] {logging_mixin.py:154} INFO - [2023-11-14T09:52:48.975+0000] {dagbag.py:536} INFO - Filling up the DagBag from /home/airflow/.local/lib/python3.8/site-packages/airflow/example_dags/example_python_operator.py
[2023-11-14T09:52:48.983+0000] {processor.py:839} INFO - DAG(s) dict_keys(['example_python_operator']) retrieved from /home/airflow/.local/lib/python3.8/site-packages/airflow/example_dags/example_python_operator.py
[2023-11-14T09:52:49.059+0000] {logging_mixin.py:154} INFO - [2023-11-14T09:52:49.059+0000] {dag.py:2941} INFO - Sync 1 DAGs
[2023-11-14T09:52:49.065+0000] {logging_mixin.py:154} INFO - [2023-11-14T09:52:49.065+0000] {dag.py:3722} INFO - Setting next_dagrun for example_python_operator to None, run_after=None
[2023-11-14T09:52:49.079+0000] {processor.py:179} INFO - Processing /home/airflow/.local/lib/python3.8/site-packages/airflow/example_dags/example_python_operator.py took 0.108 seconds
[2023-11-14T09:53:39.540+0000] {processor.py:157} INFO - Started process (PID=37) to work on /home/airflow/.local/lib/python3.8/site-packages/airflow/example_dags/example_python_operator.py
[2023-11-14T09:53:39.541+0000] {processor.py:829} INFO - Processing file /home/airflow/.local/lib/python3.8/site-packages/airflow/example_dags/example_python_operator.py for tasks to queue
[2023-11-14T09:53:39.543+0000] {logging_mixin.py:154} INFO - [2023-11-14T09:53:39.543+0000] {dagbag.py:536} INFO - Filling up the DagBag from /home/airflow/.local/lib/python3.8/site-packages/airflow/example_dags/example_python_operator.py
[2023-11-14T09:53:39.553+0000] {processor.py:839} INFO - DAG(s) dict_keys(['example_python_operator']) retrieved from /home/airflow/.local/lib/python3.8/site-packages/airflow/example_dags/example_python_operator.py
[2023-11-14T09:53:39.569+0000] {logging_mixin.py:154} INFO - [2023-11-14T09:53:39.568+0000] {dag.py:2941} INFO - Sync 1 DAGs
[2023-11-14T09:53:39.587+0000] {logging_mixin.py:154} INFO - [2023-11-14T09:53:39.586+0000] {dag.py:3722} INFO - Setting next_dagrun for example_python_operator to None, run_after=None
[2023-11-14T09:53:39.639+0000] {processor.py:179} INFO - Processing /home/airflow/.local/lib/python3.8/site-packages/airflow/example_dags/example_python_operator.py took 0.102 seconds
[2023-11-14T09:54:10.193+0000] {processor.py:157} INFO - Started process (PID=90) to work on /home/airflow/.local/lib/python3.8/site-packages/airflow/example_dags/example_python_operator.py
[2023-11-14T09:54:10.194+0000] {processor.py:829} INFO - Processing file /home/airflow/.local/lib/python3.8/site-packages/airflow/example_dags/example_python_operator.py for tasks to queue
[2023-11-14T09:54:10.196+0000] {logging_mixin.py:154} INFO - [2023-11-14T09:54:10.196+0000] {dagbag.py:536} INFO - Filling up the DagBag from /home/airflow/.local/lib/python3.8/site-packages/airflow/example_dags/example_python_operator.py
[2023-11-14T09:54:10.206+0000] {processor.py:839} INFO - DAG(s) dict_keys(['example_python_operator']) retrieved from /home/airflow/.local/lib/python3.8/site-packages/airflow/example_dags/example_python_operator.py
[2023-11-14T09:54:10.304+0000] {logging_mixin.py:154} INFO - [2023-11-14T09:54:10.304+0000] {dag.py:2941} INFO - Sync 1 DAGs
[2023-11-14T09:54:10.311+0000] {logging_mixin.py:154} INFO - [2023-11-14T09:54:10.310+0000] {dag.py:3722} INFO - Setting next_dagrun for example_python_operator to None, run_after=None
[2023-11-14T09:54:10.325+0000] {processor.py:179} INFO - Processing /home/airflow/.local/lib/python3.8/site-packages/airflow/example_dags/example_python_operator.py took 0.136 seconds
[2023-11-14T09:54:40.696+0000] {processor.py:157} INFO - Started process (PID=143) to work on /home/airflow/.local/lib/python3.8/site-packages/airflow/example_dags/example_python_operator.py
[2023-11-14T09:54:40.697+0000] {processor.py:829} INFO - Processing file /home/airflow/.local/lib/python3.8/site-packages/airflow/example_dags/example_python_operator.py for tasks to queue
[2023-11-14T09:54:40.698+0000] {logging_mixin.py:154} INFO - [2023-11-14T09:54:40.698+0000] {dagbag.py:536} INFO - Filling up the DagBag from /home/airflow/.local/lib/python3.8/site-packages/airflow/example_dags/example_python_operator.py
[2023-11-14T09:54:40.704+0000] {processor.py:839} INFO - DAG(s) dict_keys(['example_python_operator']) retrieved from /home/airflow/.local/lib/python3.8/site-packages/airflow/example_dags/example_python_operator.py
[2023-11-14T09:54:40.720+0000] {logging_mixin.py:154} INFO - [2023-11-14T09:54:40.719+0000] {dag.py:2941} INFO - Sync 1 DAGs
[2023-11-14T09:54:40.728+0000] {logging_mixin.py:154} INFO - [2023-11-14T09:54:40.728+0000] {dag.py:3722} INFO - Setting next_dagrun for example_python_operator to None, run_after=None
[2023-11-14T09:54:40.739+0000] {processor.py:179} INFO - Processing /home/airflow/.local/lib/python3.8/site-packages/airflow/example_dags/example_python_operator.py took 0.046 seconds
[2023-11-14T09:55:11.059+0000] {processor.py:157} INFO - Started process (PID=197) to work on /home/airflow/.local/lib/python3.8/site-packages/airflow/example_dags/example_python_operator.py
[2023-11-14T09:55:11.060+0000] {processor.py:829} INFO - Processing file /home/airflow/.local/lib/python3.8/site-packages/airflow/example_dags/example_python_operator.py for tasks to queue
[2023-11-14T09:55:11.062+0000] {logging_mixin.py:154} INFO - [2023-11-14T09:55:11.061+0000] {dagbag.py:536} INFO - Filling up the DagBag from /home/airflow/.local/lib/python3.8/site-packages/airflow/example_dags/example_python_operator.py
[2023-11-14T09:55:11.068+0000] {processor.py:839} INFO - DAG(s) dict_keys(['example_python_operator']) retrieved from /home/airflow/.local/lib/python3.8/site-packages/airflow/example_dags/example_python_operator.py
[2023-11-14T09:55:11.083+0000] {logging_mixin.py:154} INFO - [2023-11-14T09:55:11.083+0000] {dag.py:2941} INFO - Sync 1 DAGs
[2023-11-14T09:55:11.090+0000] {logging_mixin.py:154} INFO - [2023-11-14T09:55:11.090+0000] {dag.py:3722} INFO - Setting next_dagrun for example_python_operator to None, run_after=None
[2023-11-14T09:55:11.100+0000] {processor.py:179} INFO - Processing /home/airflow/.local/lib/python3.8/site-packages/airflow/example_dags/example_python_operator.py took 0.044 seconds
[2023-11-14T09:55:41.432+0000] {processor.py:157} INFO - Started process (PID=251) to work on /home/airflow/.local/lib/python3.8/site-packages/airflow/example_dags/example_python_operator.py
[2023-11-14T09:55:41.433+0000] {processor.py:829} INFO - Processing file /home/airflow/.local/lib/python3.8/site-packages/airflow/example_dags/example_python_operator.py for tasks to queue
[2023-11-14T09:55:41.434+0000] {logging_mixin.py:154} INFO - [2023-11-14T09:55:41.434+0000] {dagbag.py:536} INFO - Filling up the DagBag from /home/airflow/.local/lib/python3.8/site-packages/airflow/example_dags/example_python_operator.py
[2023-11-14T09:55:41.441+0000] {processor.py:839} INFO - DAG(s) dict_keys(['example_python_operator']) retrieved from /home/airflow/.local/lib/python3.8/site-packages/airflow/example_dags/example_python_operator.py
[2023-11-14T09:55:41.454+0000] {logging_mixin.py:154} INFO - [2023-11-14T09:55:41.454+0000] {dag.py:2941} INFO - Sync 1 DAGs
[2023-11-14T09:55:41.461+0000] {logging_mixin.py:154} INFO - [2023-11-14T09:55:41.460+0000] {dag.py:3722} INFO - Setting next_dagrun for example_python_operator to None, run_after=None
[2023-11-14T09:55:41.470+0000] {processor.py:179} INFO - Processing /home/airflow/.local/lib/python3.8/site-packages/airflow/example_dags/example_python_operator.py took 0.040 seconds
[2023-11-14T09:56:11.647+0000] {processor.py:157} INFO - Started process (PID=305) to work on /home/airflow/.local/lib/python3.8/site-packages/airflow/example_dags/example_python_operator.py
[2023-11-14T09:56:11.648+0000] {processor.py:829} INFO - Processing file /home/airflow/.local/lib/python3.8/site-packages/airflow/example_dags/example_python_operator.py for tasks to queue
[2023-11-14T09:56:11.649+0000] {logging_mixin.py:154} INFO - [2023-11-14T09:56:11.649+0000] {dagbag.py:536} INFO - Filling up the DagBag from /home/airflow/.local/lib/python3.8/site-packages/airflow/example_dags/example_python_operator.py
[2023-11-14T09:56:11.657+0000] {processor.py:839} INFO - DAG(s) dict_keys(['example_python_operator']) retrieved from /home/airflow/.local/lib/python3.8/site-packages/airflow/example_dags/example_python_operator.py
[2023-11-14T09:56:11.686+0000] {logging_mixin.py:154} INFO - [2023-11-14T09:56:11.686+0000] {dag.py:2941} INFO - Sync 1 DAGs
[2023-11-14T09:56:11.696+0000] {logging_mixin.py:154} INFO - [2023-11-14T09:56:11.696+0000] {dag.py:3722} INFO - Setting next_dagrun for example_python_operator to None, run_after=None
[2023-11-14T09:56:11.710+0000] {processor.py:179} INFO - Processing /home/airflow/.local/lib/python3.8/site-packages/airflow/example_dags/example_python_operator.py took 0.067 seconds
[2023-11-14T09:56:42.278+0000] {processor.py:157} INFO - Started process (PID=359) to work on /home/airflow/.local/lib/python3.8/site-packages/airflow/example_dags/example_python_operator.py
[2023-11-14T09:56:42.279+0000] {processor.py:829} INFO - Processing file /home/airflow/.local/lib/python3.8/site-packages/airflow/example_dags/example_python_operator.py for tasks to queue
[2023-11-14T09:56:42.280+0000] {logging_mixin.py:154} INFO - [2023-11-14T09:56:42.280+0000] {dagbag.py:536} INFO - Filling up the DagBag from /home/airflow/.local/lib/python3.8/site-packages/airflow/example_dags/example_python_operator.py
[2023-11-14T09:56:42.287+0000] {processor.py:839} INFO - DAG(s) dict_keys(['example_python_operator']) retrieved from /home/airflow/.local/lib/python3.8/site-packages/airflow/example_dags/example_python_operator.py
[2023-11-14T09:56:42.297+0000] {logging_mixin.py:154} INFO - [2023-11-14T09:56:42.297+0000] {dag.py:2941} INFO - Sync 1 DAGs
[2023-11-14T09:56:42.307+0000] {logging_mixin.py:154} INFO - [2023-11-14T09:56:42.307+0000] {dag.py:3722} INFO - Setting next_dagrun for example_python_operator to None, run_after=None
[2023-11-14T09:56:42.322+0000] {processor.py:179} INFO - Processing /home/airflow/.local/lib/python3.8/site-packages/airflow/example_dags/example_python_operator.py took 0.048 seconds
[2023-11-14T09:57:12.531+0000] {processor.py:157} INFO - Started process (PID=414) to work on /home/airflow/.local/lib/python3.8/site-packages/airflow/example_dags/example_python_operator.py
[2023-11-14T09:57:12.533+0000] {processor.py:829} INFO - Processing file /home/airflow/.local/lib/python3.8/site-packages/airflow/example_dags/example_python_operator.py for tasks to queue
[2023-11-14T09:57:12.535+0000] {logging_mixin.py:154} INFO - [2023-11-14T09:57:12.535+0000] {dagbag.py:536} INFO - Filling up the DagBag from /home/airflow/.local/lib/python3.8/site-packages/airflow/example_dags/example_python_operator.py
[2023-11-14T09:57:12.542+0000] {processor.py:839} INFO - DAG(s) dict_keys(['example_python_operator']) retrieved from /home/airflow/.local/lib/python3.8/site-packages/airflow/example_dags/example_python_operator.py
[2023-11-14T09:57:12.683+0000] {logging_mixin.py:154} INFO - [2023-11-14T09:57:12.683+0000] {dag.py:2941} INFO - Sync 1 DAGs
[2023-11-14T09:57:12.693+0000] {logging_mixin.py:154} INFO - [2023-11-14T09:57:12.693+0000] {dag.py:3722} INFO - Setting next_dagrun for example_python_operator to None, run_after=None
[2023-11-14T09:57:12.705+0000] {processor.py:179} INFO - Processing /home/airflow/.local/lib/python3.8/site-packages/airflow/example_dags/example_python_operator.py took 0.177 seconds
[2023-11-14T09:57:42.733+0000] {processor.py:157} INFO - Started process (PID=468) to work on /home/airflow/.local/lib/python3.8/site-packages/airflow/example_dags/example_python_operator.py
[2023-11-14T09:57:42.733+0000] {processor.py:829} INFO - Processing file /home/airflow/.local/lib/python3.8/site-packages/airflow/example_dags/example_python_operator.py for tasks to queue
[2023-11-14T09:57:42.736+0000] {logging_mixin.py:154} INFO - [2023-11-14T09:57:42.735+0000] {dagbag.py:536} INFO - Filling up the DagBag from /home/airflow/.local/lib/python3.8/site-packages/airflow/example_dags/example_python_operator.py
[2023-11-14T09:57:42.743+0000] {processor.py:839} INFO - DAG(s) dict_keys(['example_python_operator']) retrieved from /home/airflow/.local/lib/python3.8/site-packages/airflow/example_dags/example_python_operator.py
[2023-11-14T09:57:42.757+0000] {logging_mixin.py:154} INFO - [2023-11-14T09:57:42.757+0000] {dag.py:2941} INFO - Sync 1 DAGs
[2023-11-14T09:57:42.764+0000] {logging_mixin.py:154} INFO - [2023-11-14T09:57:42.764+0000] {dag.py:3722} INFO - Setting next_dagrun for example_python_operator to None, run_after=None
[2023-11-14T09:57:42.774+0000] {processor.py:179} INFO - Processing /home/airflow/.local/lib/python3.8/site-packages/airflow/example_dags/example_python_operator.py took 0.044 seconds
[2023-11-14T09:58:12.950+0000] {processor.py:157} INFO - Started process (PID=522) to work on /home/airflow/.local/lib/python3.8/site-packages/airflow/example_dags/example_python_operator.py
[2023-11-14T09:58:12.951+0000] {processor.py:829} INFO - Processing file /home/airflow/.local/lib/python3.8/site-packages/airflow/example_dags/example_python_operator.py for tasks to queue
[2023-11-14T09:58:12.953+0000] {logging_mixin.py:154} INFO - [2023-11-14T09:58:12.953+0000] {dagbag.py:536} INFO - Filling up the DagBag from /home/airflow/.local/lib/python3.8/site-packages/airflow/example_dags/example_python_operator.py
[2023-11-14T09:58:12.959+0000] {processor.py:839} INFO - DAG(s) dict_keys(['example_python_operator']) retrieved from /home/airflow/.local/lib/python3.8/site-packages/airflow/example_dags/example_python_operator.py
[2023-11-14T09:58:12.974+0000] {logging_mixin.py:154} INFO - [2023-11-14T09:58:12.974+0000] {dag.py:2941} INFO - Sync 1 DAGs
[2023-11-14T09:58:12.981+0000] {logging_mixin.py:154} INFO - [2023-11-14T09:58:12.981+0000] {dag.py:3722} INFO - Setting next_dagrun for example_python_operator to None, run_after=None
[2023-11-14T09:58:12.993+0000] {processor.py:179} INFO - Processing /home/airflow/.local/lib/python3.8/site-packages/airflow/example_dags/example_python_operator.py took 0.045 seconds
[2023-11-14T09:58:43.077+0000] {processor.py:157} INFO - Started process (PID=576) to work on /home/airflow/.local/lib/python3.8/site-packages/airflow/example_dags/example_python_operator.py
[2023-11-14T09:58:43.078+0000] {processor.py:829} INFO - Processing file /home/airflow/.local/lib/python3.8/site-packages/airflow/example_dags/example_python_operator.py for tasks to queue
[2023-11-14T09:58:43.080+0000] {logging_mixin.py:154} INFO - [2023-11-14T09:58:43.080+0000] {dagbag.py:536} INFO - Filling up the DagBag from /home/airflow/.local/lib/python3.8/site-packages/airflow/example_dags/example_python_operator.py
[2023-11-14T09:58:43.089+0000] {processor.py:839} INFO - DAG(s) dict_keys(['example_python_operator']) retrieved from /home/airflow/.local/lib/python3.8/site-packages/airflow/example_dags/example_python_operator.py
[2023-11-14T09:58:43.107+0000] {logging_mixin.py:154} INFO - [2023-11-14T09:58:43.107+0000] {dag.py:2941} INFO - Sync 1 DAGs
[2023-11-14T09:58:43.114+0000] {logging_mixin.py:154} INFO - [2023-11-14T09:58:43.114+0000] {dag.py:3722} INFO - Setting next_dagrun for example_python_operator to None, run_after=None
[2023-11-14T09:58:43.125+0000] {processor.py:179} INFO - Processing /home/airflow/.local/lib/python3.8/site-packages/airflow/example_dags/example_python_operator.py took 0.050 seconds
[2023-11-14T09:59:13.370+0000] {processor.py:157} INFO - Started process (PID=630) to work on /home/airflow/.local/lib/python3.8/site-packages/airflow/example_dags/example_python_operator.py
[2023-11-14T09:59:13.371+0000] {processor.py:829} INFO - Processing file /home/airflow/.local/lib/python3.8/site-packages/airflow/example_dags/example_python_operator.py for tasks to queue
[2023-11-14T09:59:13.373+0000] {logging_mixin.py:154} INFO - [2023-11-14T09:59:13.373+0000] {dagbag.py:536} INFO - Filling up the DagBag from /home/airflow/.local/lib/python3.8/site-packages/airflow/example_dags/example_python_operator.py
[2023-11-14T09:59:13.379+0000] {processor.py:839} INFO - DAG(s) dict_keys(['example_python_operator']) retrieved from /home/airflow/.local/lib/python3.8/site-packages/airflow/example_dags/example_python_operator.py
[2023-11-14T09:59:13.396+0000] {logging_mixin.py:154} INFO - [2023-11-14T09:59:13.396+0000] {dag.py:2941} INFO - Sync 1 DAGs
[2023-11-14T09:59:13.406+0000] {logging_mixin.py:154} INFO - [2023-11-14T09:59:13.406+0000] {dag.py:3722} INFO - Setting next_dagrun for example_python_operator to None, run_after=None
[2023-11-14T09:59:13.429+0000] {processor.py:179} INFO - Processing /home/airflow/.local/lib/python3.8/site-packages/airflow/example_dags/example_python_operator.py took 0.062 seconds
[2023-11-14T09:59:43.749+0000] {processor.py:157} INFO - Started process (PID=684) to work on /home/airflow/.local/lib/python3.8/site-packages/airflow/example_dags/example_python_operator.py
[2023-11-14T09:59:43.750+0000] {processor.py:829} INFO - Processing file /home/airflow/.local/lib/python3.8/site-packages/airflow/example_dags/example_python_operator.py for tasks to queue
[2023-11-14T09:59:43.752+0000] {logging_mixin.py:154} INFO - [2023-11-14T09:59:43.752+0000] {dagbag.py:536} INFO - Filling up the DagBag from /home/airflow/.local/lib/python3.8/site-packages/airflow/example_dags/example_python_operator.py
[2023-11-14T09:59:43.757+0000] {processor.py:839} INFO - DAG(s) dict_keys(['example_python_operator']) retrieved from /home/airflow/.local/lib/python3.8/site-packages/airflow/example_dags/example_python_operator.py
[2023-11-14T09:59:43.771+0000] {logging_mixin.py:154} INFO - [2023-11-14T09:59:43.771+0000] {dag.py:2941} INFO - Sync 1 DAGs
[2023-11-14T09:59:43.778+0000] {logging_mixin.py:154} INFO - [2023-11-14T09:59:43.778+0000] {dag.py:3722} INFO - Setting next_dagrun for example_python_operator to None, run_after=None
[2023-11-14T09:59:43.788+0000] {processor.py:179} INFO - Processing /home/airflow/.local/lib/python3.8/site-packages/airflow/example_dags/example_python_operator.py took 0.041 seconds
[2023-11-14T10:00:14.025+0000] {processor.py:157} INFO - Started process (PID=738) to work on /home/airflow/.local/lib/python3.8/site-packages/airflow/example_dags/example_python_operator.py
[2023-11-14T10:00:14.026+0000] {processor.py:829} INFO - Processing file /home/airflow/.local/lib/python3.8/site-packages/airflow/example_dags/example_python_operator.py for tasks to queue
[2023-11-14T10:00:14.027+0000] {logging_mixin.py:154} INFO - [2023-11-14T10:00:14.027+0000] {dagbag.py:536} INFO - Filling up the DagBag from /home/airflow/.local/lib/python3.8/site-packages/airflow/example_dags/example_python_operator.py
[2023-11-14T10:00:14.033+0000] {processor.py:839} INFO - DAG(s) dict_keys(['example_python_operator']) retrieved from /home/airflow/.local/lib/python3.8/site-packages/airflow/example_dags/example_python_operator.py
[2023-11-14T10:00:14.045+0000] {logging_mixin.py:154} INFO - [2023-11-14T10:00:14.045+0000] {dag.py:2941} INFO - Sync 1 DAGs
[2023-11-14T10:00:14.051+0000] {logging_mixin.py:154} INFO - [2023-11-14T10:00:14.051+0000] {dag.py:3722} INFO - Setting next_dagrun for example_python_operator to None, run_after=None
[2023-11-14T10:00:14.061+0000] {processor.py:179} INFO - Processing /home/airflow/.local/lib/python3.8/site-packages/airflow/example_dags/example_python_operator.py took 0.038 seconds
[2023-11-14T10:00:44.403+0000] {processor.py:157} INFO - Started process (PID=792) to work on /home/airflow/.local/lib/python3.8/site-packages/airflow/example_dags/example_python_operator.py
[2023-11-14T10:00:44.403+0000] {processor.py:829} INFO - Processing file /home/airflow/.local/lib/python3.8/site-packages/airflow/example_dags/example_python_operator.py for tasks to queue
[2023-11-14T10:00:44.405+0000] {logging_mixin.py:154} INFO - [2023-11-14T10:00:44.405+0000] {dagbag.py:536} INFO - Filling up the DagBag from /home/airflow/.local/lib/python3.8/site-packages/airflow/example_dags/example_python_operator.py
[2023-11-14T10:00:44.411+0000] {processor.py:839} INFO - DAG(s) dict_keys(['example_python_operator']) retrieved from /home/airflow/.local/lib/python3.8/site-packages/airflow/example_dags/example_python_operator.py
[2023-11-14T10:00:44.424+0000] {logging_mixin.py:154} INFO - [2023-11-14T10:00:44.424+0000] {dag.py:2941} INFO - Sync 1 DAGs
[2023-11-14T10:00:44.431+0000] {logging_mixin.py:154} INFO - [2023-11-14T10:00:44.431+0000] {dag.py:3722} INFO - Setting next_dagrun for example_python_operator to None, run_after=None
[2023-11-14T10:00:44.441+0000] {processor.py:179} INFO - Processing /home/airflow/.local/lib/python3.8/site-packages/airflow/example_dags/example_python_operator.py took 0.040 seconds
[2023-11-14T10:01:14.522+0000] {processor.py:157} INFO - Started process (PID=846) to work on /home/airflow/.local/lib/python3.8/site-packages/airflow/example_dags/example_python_operator.py
[2023-11-14T10:01:14.523+0000] {processor.py:829} INFO - Processing file /home/airflow/.local/lib/python3.8/site-packages/airflow/example_dags/example_python_operator.py for tasks to queue
[2023-11-14T10:01:14.525+0000] {logging_mixin.py:154} INFO - [2023-11-14T10:01:14.525+0000] {dagbag.py:536} INFO - Filling up the DagBag from /home/airflow/.local/lib/python3.8/site-packages/airflow/example_dags/example_python_operator.py
[2023-11-14T10:01:14.532+0000] {processor.py:839} INFO - DAG(s) dict_keys(['example_python_operator']) retrieved from /home/airflow/.local/lib/python3.8/site-packages/airflow/example_dags/example_python_operator.py
[2023-11-14T10:01:14.547+0000] {logging_mixin.py:154} INFO - [2023-11-14T10:01:14.547+0000] {dag.py:2941} INFO - Sync 1 DAGs
[2023-11-14T10:01:14.553+0000] {logging_mixin.py:154} INFO - [2023-11-14T10:01:14.553+0000] {dag.py:3722} INFO - Setting next_dagrun for example_python_operator to None, run_after=None
[2023-11-14T10:01:14.563+0000] {processor.py:179} INFO - Processing /home/airflow/.local/lib/python3.8/site-packages/airflow/example_dags/example_python_operator.py took 0.043 seconds
[2023-11-14T10:01:44.715+0000] {processor.py:157} INFO - Started process (PID=900) to work on /home/airflow/.local/lib/python3.8/site-packages/airflow/example_dags/example_python_operator.py
[2023-11-14T10:01:44.716+0000] {processor.py:829} INFO - Processing file /home/airflow/.local/lib/python3.8/site-packages/airflow/example_dags/example_python_operator.py for tasks to queue
[2023-11-14T10:01:44.717+0000] {logging_mixin.py:154} INFO - [2023-11-14T10:01:44.717+0000] {dagbag.py:536} INFO - Filling up the DagBag from /home/airflow/.local/lib/python3.8/site-packages/airflow/example_dags/example_python_operator.py
[2023-11-14T10:01:44.724+0000] {processor.py:839} INFO - DAG(s) dict_keys(['example_python_operator']) retrieved from /home/airflow/.local/lib/python3.8/site-packages/airflow/example_dags/example_python_operator.py
[2023-11-14T10:01:44.739+0000] {logging_mixin.py:154} INFO - [2023-11-14T10:01:44.739+0000] {dag.py:2941} INFO - Sync 1 DAGs
[2023-11-14T10:01:44.746+0000] {logging_mixin.py:154} INFO - [2023-11-14T10:01:44.746+0000] {dag.py:3722} INFO - Setting next_dagrun for example_python_operator to None, run_after=None
[2023-11-14T10:01:44.758+0000] {processor.py:179} INFO - Processing /home/airflow/.local/lib/python3.8/site-packages/airflow/example_dags/example_python_operator.py took 0.045 seconds
[2023-11-14T10:02:15.454+0000] {processor.py:157} INFO - Started process (PID=954) to work on /home/airflow/.local/lib/python3.8/site-packages/airflow/example_dags/example_python_operator.py
[2023-11-14T10:02:15.455+0000] {processor.py:829} INFO - Processing file /home/airflow/.local/lib/python3.8/site-packages/airflow/example_dags/example_python_operator.py for tasks to queue
[2023-11-14T10:02:15.457+0000] {logging_mixin.py:154} INFO - [2023-11-14T10:02:15.456+0000] {dagbag.py:536} INFO - Filling up the DagBag from /home/airflow/.local/lib/python3.8/site-packages/airflow/example_dags/example_python_operator.py
[2023-11-14T10:02:15.463+0000] {processor.py:839} INFO - DAG(s) dict_keys(['example_python_operator']) retrieved from /home/airflow/.local/lib/python3.8/site-packages/airflow/example_dags/example_python_operator.py
[2023-11-14T10:02:15.478+0000] {logging_mixin.py:154} INFO - [2023-11-14T10:02:15.478+0000] {dag.py:2941} INFO - Sync 1 DAGs
[2023-11-14T10:02:15.485+0000] {logging_mixin.py:154} INFO - [2023-11-14T10:02:15.485+0000] {dag.py:3722} INFO - Setting next_dagrun for example_python_operator to None, run_after=None
[2023-11-14T10:02:15.494+0000] {processor.py:179} INFO - Processing /home/airflow/.local/lib/python3.8/site-packages/airflow/example_dags/example_python_operator.py took 0.043 seconds
[2023-11-14T10:02:45.606+0000] {processor.py:157} INFO - Started process (PID=1008) to work on /home/airflow/.local/lib/python3.8/site-packages/airflow/example_dags/example_python_operator.py
[2023-11-14T10:02:45.607+0000] {processor.py:829} INFO - Processing file /home/airflow/.local/lib/python3.8/site-packages/airflow/example_dags/example_python_operator.py for tasks to queue
[2023-11-14T10:02:45.609+0000] {logging_mixin.py:154} INFO - [2023-11-14T10:02:45.609+0000] {dagbag.py:536} INFO - Filling up the DagBag from /home/airflow/.local/lib/python3.8/site-packages/airflow/example_dags/example_python_operator.py
[2023-11-14T10:02:45.615+0000] {processor.py:839} INFO - DAG(s) dict_keys(['example_python_operator']) retrieved from /home/airflow/.local/lib/python3.8/site-packages/airflow/example_dags/example_python_operator.py
[2023-11-14T10:02:45.630+0000] {logging_mixin.py:154} INFO - [2023-11-14T10:02:45.630+0000] {dag.py:2941} INFO - Sync 1 DAGs
[2023-11-14T10:02:45.637+0000] {logging_mixin.py:154} INFO - [2023-11-14T10:02:45.637+0000] {dag.py:3722} INFO - Setting next_dagrun for example_python_operator to None, run_after=None
[2023-11-14T10:02:45.647+0000] {processor.py:179} INFO - Processing /home/airflow/.local/lib/python3.8/site-packages/airflow/example_dags/example_python_operator.py took 0.044 seconds
[2023-11-14T10:03:15.756+0000] {processor.py:157} INFO - Started process (PID=1062) to work on /home/airflow/.local/lib/python3.8/site-packages/airflow/example_dags/example_python_operator.py
[2023-11-14T10:03:15.757+0000] {processor.py:829} INFO - Processing file /home/airflow/.local/lib/python3.8/site-packages/airflow/example_dags/example_python_operator.py for tasks to queue
[2023-11-14T10:03:15.759+0000] {logging_mixin.py:154} INFO - [2023-11-14T10:03:15.759+0000] {dagbag.py:536} INFO - Filling up the DagBag from /home/airflow/.local/lib/python3.8/site-packages/airflow/example_dags/example_python_operator.py
[2023-11-14T10:03:15.766+0000] {processor.py:839} INFO - DAG(s) dict_keys(['example_python_operator']) retrieved from /home/airflow/.local/lib/python3.8/site-packages/airflow/example_dags/example_python_operator.py
[2023-11-14T10:03:15.781+0000] {logging_mixin.py:154} INFO - [2023-11-14T10:03:15.781+0000] {dag.py:2941} INFO - Sync 1 DAGs
[2023-11-14T10:03:15.789+0000] {logging_mixin.py:154} INFO - [2023-11-14T10:03:15.789+0000] {dag.py:3722} INFO - Setting next_dagrun for example_python_operator to None, run_after=None
[2023-11-14T10:03:15.802+0000] {processor.py:179} INFO - Processing /home/airflow/.local/lib/python3.8/site-packages/airflow/example_dags/example_python_operator.py took 0.048 seconds
[2023-11-14T10:03:45.953+0000] {processor.py:157} INFO - Started process (PID=1116) to work on /home/airflow/.local/lib/python3.8/site-packages/airflow/example_dags/example_python_operator.py
[2023-11-14T10:03:45.953+0000] {processor.py:829} INFO - Processing file /home/airflow/.local/lib/python3.8/site-packages/airflow/example_dags/example_python_operator.py for tasks to queue
[2023-11-14T10:03:45.955+0000] {logging_mixin.py:154} INFO - [2023-11-14T10:03:45.955+0000] {dagbag.py:536} INFO - Filling up the DagBag from /home/airflow/.local/lib/python3.8/site-packages/airflow/example_dags/example_python_operator.py
[2023-11-14T10:03:45.960+0000] {processor.py:839} INFO - DAG(s) dict_keys(['example_python_operator']) retrieved from /home/airflow/.local/lib/python3.8/site-packages/airflow/example_dags/example_python_operator.py
[2023-11-14T10:03:45.974+0000] {logging_mixin.py:154} INFO - [2023-11-14T10:03:45.973+0000] {dag.py:2941} INFO - Sync 1 DAGs
[2023-11-14T10:03:45.981+0000] {logging_mixin.py:154} INFO - [2023-11-14T10:03:45.981+0000] {dag.py:3722} INFO - Setting next_dagrun for example_python_operator to None, run_after=None
[2023-11-14T10:03:45.989+0000] {processor.py:179} INFO - Processing /home/airflow/.local/lib/python3.8/site-packages/airflow/example_dags/example_python_operator.py took 0.040 seconds
[2023-11-14T10:04:16.296+0000] {processor.py:157} INFO - Started process (PID=1170) to work on /home/airflow/.local/lib/python3.8/site-packages/airflow/example_dags/example_python_operator.py
[2023-11-14T10:04:16.297+0000] {processor.py:829} INFO - Processing file /home/airflow/.local/lib/python3.8/site-packages/airflow/example_dags/example_python_operator.py for tasks to queue
[2023-11-14T10:04:16.299+0000] {logging_mixin.py:154} INFO - [2023-11-14T10:04:16.299+0000] {dagbag.py:536} INFO - Filling up the DagBag from /home/airflow/.local/lib/python3.8/site-packages/airflow/example_dags/example_python_operator.py
[2023-11-14T10:04:16.306+0000] {processor.py:839} INFO - DAG(s) dict_keys(['example_python_operator']) retrieved from /home/airflow/.local/lib/python3.8/site-packages/airflow/example_dags/example_python_operator.py
[2023-11-14T10:04:16.321+0000] {logging_mixin.py:154} INFO - [2023-11-14T10:04:16.321+0000] {dag.py:2941} INFO - Sync 1 DAGs
[2023-11-14T10:04:16.333+0000] {logging_mixin.py:154} INFO - [2023-11-14T10:04:16.333+0000] {dag.py:3722} INFO - Setting next_dagrun for example_python_operator to None, run_after=None
[2023-11-14T10:04:16.343+0000] {processor.py:179} INFO - Processing /home/airflow/.local/lib/python3.8/site-packages/airflow/example_dags/example_python_operator.py took 0.051 seconds
[2023-11-14T10:04:46.483+0000] {processor.py:157} INFO - Started process (PID=1224) to work on /home/airflow/.local/lib/python3.8/site-packages/airflow/example_dags/example_python_operator.py
[2023-11-14T10:04:46.484+0000] {processor.py:829} INFO - Processing file /home/airflow/.local/lib/python3.8/site-packages/airflow/example_dags/example_python_operator.py for tasks to queue
[2023-11-14T10:04:46.486+0000] {logging_mixin.py:154} INFO - [2023-11-14T10:04:46.486+0000] {dagbag.py:536} INFO - Filling up the DagBag from /home/airflow/.local/lib/python3.8/site-packages/airflow/example_dags/example_python_operator.py
[2023-11-14T10:04:46.493+0000] {processor.py:839} INFO - DAG(s) dict_keys(['example_python_operator']) retrieved from /home/airflow/.local/lib/python3.8/site-packages/airflow/example_dags/example_python_operator.py
[2023-11-14T10:04:46.510+0000] {logging_mixin.py:154} INFO - [2023-11-14T10:04:46.510+0000] {dag.py:2941} INFO - Sync 1 DAGs
[2023-11-14T10:04:46.519+0000] {logging_mixin.py:154} INFO - [2023-11-14T10:04:46.519+0000] {dag.py:3722} INFO - Setting next_dagrun for example_python_operator to None, run_after=None
[2023-11-14T10:04:46.534+0000] {processor.py:179} INFO - Processing /home/airflow/.local/lib/python3.8/site-packages/airflow/example_dags/example_python_operator.py took 0.056 seconds
[2023-11-14T10:05:16.759+0000] {processor.py:157} INFO - Started process (PID=1278) to work on /home/airflow/.local/lib/python3.8/site-packages/airflow/example_dags/example_python_operator.py
[2023-11-14T10:05:16.760+0000] {processor.py:829} INFO - Processing file /home/airflow/.local/lib/python3.8/site-packages/airflow/example_dags/example_python_operator.py for tasks to queue
[2023-11-14T10:05:16.762+0000] {logging_mixin.py:154} INFO - [2023-11-14T10:05:16.761+0000] {dagbag.py:536} INFO - Filling up the DagBag from /home/airflow/.local/lib/python3.8/site-packages/airflow/example_dags/example_python_operator.py
[2023-11-14T10:05:16.768+0000] {processor.py:839} INFO - DAG(s) dict_keys(['example_python_operator']) retrieved from /home/airflow/.local/lib/python3.8/site-packages/airflow/example_dags/example_python_operator.py
[2023-11-14T10:05:16.783+0000] {logging_mixin.py:154} INFO - [2023-11-14T10:05:16.783+0000] {dag.py:2941} INFO - Sync 1 DAGs
[2023-11-14T10:05:16.791+0000] {logging_mixin.py:154} INFO - [2023-11-14T10:05:16.791+0000] {dag.py:3722} INFO - Setting next_dagrun for example_python_operator to None, run_after=None
[2023-11-14T10:05:16.802+0000] {processor.py:179} INFO - Processing /home/airflow/.local/lib/python3.8/site-packages/airflow/example_dags/example_python_operator.py took 0.046 seconds
[2023-11-14T10:05:47.026+0000] {processor.py:157} INFO - Started process (PID=1332) to work on /home/airflow/.local/lib/python3.8/site-packages/airflow/example_dags/example_python_operator.py
[2023-11-14T10:05:47.026+0000] {processor.py:829} INFO - Processing file /home/airflow/.local/lib/python3.8/site-packages/airflow/example_dags/example_python_operator.py for tasks to queue
[2023-11-14T10:05:47.028+0000] {logging_mixin.py:154} INFO - [2023-11-14T10:05:47.028+0000] {dagbag.py:536} INFO - Filling up the DagBag from /home/airflow/.local/lib/python3.8/site-packages/airflow/example_dags/example_python_operator.py
[2023-11-14T10:05:47.035+0000] {processor.py:839} INFO - DAG(s) dict_keys(['example_python_operator']) retrieved from /home/airflow/.local/lib/python3.8/site-packages/airflow/example_dags/example_python_operator.py
[2023-11-14T10:05:47.050+0000] {logging_mixin.py:154} INFO - [2023-11-14T10:05:47.050+0000] {dag.py:2941} INFO - Sync 1 DAGs
[2023-11-14T10:05:47.056+0000] {logging_mixin.py:154} INFO - [2023-11-14T10:05:47.056+0000] {dag.py:3722} INFO - Setting next_dagrun for example_python_operator to None, run_after=None
[2023-11-14T10:05:47.066+0000] {processor.py:179} INFO - Processing /home/airflow/.local/lib/python3.8/site-packages/airflow/example_dags/example_python_operator.py took 0.043 seconds
[2023-11-14T10:06:17.270+0000] {processor.py:157} INFO - Started process (PID=1386) to work on /home/airflow/.local/lib/python3.8/site-packages/airflow/example_dags/example_python_operator.py
[2023-11-14T10:06:17.270+0000] {processor.py:829} INFO - Processing file /home/airflow/.local/lib/python3.8/site-packages/airflow/example_dags/example_python_operator.py for tasks to queue
[2023-11-14T10:06:17.272+0000] {logging_mixin.py:154} INFO - [2023-11-14T10:06:17.272+0000] {dagbag.py:536} INFO - Filling up the DagBag from /home/airflow/.local/lib/python3.8/site-packages/airflow/example_dags/example_python_operator.py
[2023-11-14T10:06:17.278+0000] {processor.py:839} INFO - DAG(s) dict_keys(['example_python_operator']) retrieved from /home/airflow/.local/lib/python3.8/site-packages/airflow/example_dags/example_python_operator.py
[2023-11-14T10:06:17.291+0000] {logging_mixin.py:154} INFO - [2023-11-14T10:06:17.291+0000] {dag.py:2941} INFO - Sync 1 DAGs
[2023-11-14T10:06:17.297+0000] {logging_mixin.py:154} INFO - [2023-11-14T10:06:17.297+0000] {dag.py:3722} INFO - Setting next_dagrun for example_python_operator to None, run_after=None
[2023-11-14T10:06:17.306+0000] {processor.py:179} INFO - Processing /home/airflow/.local/lib/python3.8/site-packages/airflow/example_dags/example_python_operator.py took 0.039 seconds
[2023-11-14T10:06:47.473+0000] {processor.py:157} INFO - Started process (PID=1440) to work on /home/airflow/.local/lib/python3.8/site-packages/airflow/example_dags/example_python_operator.py
[2023-11-14T10:06:47.473+0000] {processor.py:829} INFO - Processing file /home/airflow/.local/lib/python3.8/site-packages/airflow/example_dags/example_python_operator.py for tasks to queue
[2023-11-14T10:06:47.475+0000] {logging_mixin.py:154} INFO - [2023-11-14T10:06:47.475+0000] {dagbag.py:536} INFO - Filling up the DagBag from /home/airflow/.local/lib/python3.8/site-packages/airflow/example_dags/example_python_operator.py
[2023-11-14T10:06:47.481+0000] {processor.py:839} INFO - DAG(s) dict_keys(['example_python_operator']) retrieved from /home/airflow/.local/lib/python3.8/site-packages/airflow/example_dags/example_python_operator.py
[2023-11-14T10:06:47.494+0000] {logging_mixin.py:154} INFO - [2023-11-14T10:06:47.494+0000] {dag.py:2941} INFO - Sync 1 DAGs
[2023-11-14T10:06:47.500+0000] {logging_mixin.py:154} INFO - [2023-11-14T10:06:47.500+0000] {dag.py:3722} INFO - Setting next_dagrun for example_python_operator to None, run_after=None
[2023-11-14T10:06:47.509+0000] {processor.py:179} INFO - Processing /home/airflow/.local/lib/python3.8/site-packages/airflow/example_dags/example_python_operator.py took 0.039 seconds
[2023-11-14T10:07:17.766+0000] {processor.py:157} INFO - Started process (PID=1494) to work on /home/airflow/.local/lib/python3.8/site-packages/airflow/example_dags/example_python_operator.py
[2023-11-14T10:07:17.766+0000] {processor.py:829} INFO - Processing file /home/airflow/.local/lib/python3.8/site-packages/airflow/example_dags/example_python_operator.py for tasks to queue
[2023-11-14T10:07:17.768+0000] {logging_mixin.py:154} INFO - [2023-11-14T10:07:17.768+0000] {dagbag.py:536} INFO - Filling up the DagBag from /home/airflow/.local/lib/python3.8/site-packages/airflow/example_dags/example_python_operator.py
[2023-11-14T10:07:17.774+0000] {processor.py:839} INFO - DAG(s) dict_keys(['example_python_operator']) retrieved from /home/airflow/.local/lib/python3.8/site-packages/airflow/example_dags/example_python_operator.py
[2023-11-14T10:07:17.787+0000] {logging_mixin.py:154} INFO - [2023-11-14T10:07:17.787+0000] {dag.py:2941} INFO - Sync 1 DAGs
[2023-11-14T10:07:17.794+0000] {logging_mixin.py:154} INFO - [2023-11-14T10:07:17.794+0000] {dag.py:3722} INFO - Setting next_dagrun for example_python_operator to None, run_after=None
[2023-11-14T10:07:17.803+0000] {processor.py:179} INFO - Processing /home/airflow/.local/lib/python3.8/site-packages/airflow/example_dags/example_python_operator.py took 0.040 seconds
[2023-11-14T10:07:48.127+0000] {processor.py:157} INFO - Started process (PID=1548) to work on /home/airflow/.local/lib/python3.8/site-packages/airflow/example_dags/example_python_operator.py
[2023-11-14T10:07:48.128+0000] {processor.py:829} INFO - Processing file /home/airflow/.local/lib/python3.8/site-packages/airflow/example_dags/example_python_operator.py for tasks to queue
[2023-11-14T10:07:48.129+0000] {logging_mixin.py:154} INFO - [2023-11-14T10:07:48.129+0000] {dagbag.py:536} INFO - Filling up the DagBag from /home/airflow/.local/lib/python3.8/site-packages/airflow/example_dags/example_python_operator.py
[2023-11-14T10:07:48.136+0000] {processor.py:839} INFO - DAG(s) dict_keys(['example_python_operator']) retrieved from /home/airflow/.local/lib/python3.8/site-packages/airflow/example_dags/example_python_operator.py
[2023-11-14T10:07:48.149+0000] {logging_mixin.py:154} INFO - [2023-11-14T10:07:48.149+0000] {dag.py:2941} INFO - Sync 1 DAGs
[2023-11-14T10:07:48.155+0000] {logging_mixin.py:154} INFO - [2023-11-14T10:07:48.155+0000] {dag.py:3722} INFO - Setting next_dagrun for example_python_operator to None, run_after=None
[2023-11-14T10:07:48.165+0000] {processor.py:179} INFO - Processing /home/airflow/.local/lib/python3.8/site-packages/airflow/example_dags/example_python_operator.py took 0.040 seconds
[2023-11-14T10:08:18.344+0000] {processor.py:157} INFO - Started process (PID=1602) to work on /home/airflow/.local/lib/python3.8/site-packages/airflow/example_dags/example_python_operator.py
[2023-11-14T10:08:18.345+0000] {processor.py:829} INFO - Processing file /home/airflow/.local/lib/python3.8/site-packages/airflow/example_dags/example_python_operator.py for tasks to queue
[2023-11-14T10:08:18.346+0000] {logging_mixin.py:154} INFO - [2023-11-14T10:08:18.346+0000] {dagbag.py:536} INFO - Filling up the DagBag from /home/airflow/.local/lib/python3.8/site-packages/airflow/example_dags/example_python_operator.py
[2023-11-14T10:08:18.352+0000] {processor.py:839} INFO - DAG(s) dict_keys(['example_python_operator']) retrieved from /home/airflow/.local/lib/python3.8/site-packages/airflow/example_dags/example_python_operator.py
[2023-11-14T10:08:18.365+0000] {logging_mixin.py:154} INFO - [2023-11-14T10:08:18.365+0000] {dag.py:2941} INFO - Sync 1 DAGs
[2023-11-14T10:08:18.372+0000] {logging_mixin.py:154} INFO - [2023-11-14T10:08:18.372+0000] {dag.py:3722} INFO - Setting next_dagrun for example_python_operator to None, run_after=None
[2023-11-14T10:08:18.381+0000] {processor.py:179} INFO - Processing /home/airflow/.local/lib/python3.8/site-packages/airflow/example_dags/example_python_operator.py took 0.040 seconds
[2023-11-14T10:08:48.735+0000] {processor.py:157} INFO - Started process (PID=1656) to work on /home/airflow/.local/lib/python3.8/site-packages/airflow/example_dags/example_python_operator.py
[2023-11-14T10:08:48.736+0000] {processor.py:829} INFO - Processing file /home/airflow/.local/lib/python3.8/site-packages/airflow/example_dags/example_python_operator.py for tasks to queue
[2023-11-14T10:08:48.737+0000] {logging_mixin.py:154} INFO - [2023-11-14T10:08:48.737+0000] {dagbag.py:536} INFO - Filling up the DagBag from /home/airflow/.local/lib/python3.8/site-packages/airflow/example_dags/example_python_operator.py
[2023-11-14T10:08:48.744+0000] {processor.py:839} INFO - DAG(s) dict_keys(['example_python_operator']) retrieved from /home/airflow/.local/lib/python3.8/site-packages/airflow/example_dags/example_python_operator.py
[2023-11-14T10:08:48.758+0000] {logging_mixin.py:154} INFO - [2023-11-14T10:08:48.758+0000] {dag.py:2941} INFO - Sync 1 DAGs
[2023-11-14T10:08:48.765+0000] {logging_mixin.py:154} INFO - [2023-11-14T10:08:48.765+0000] {dag.py:3722} INFO - Setting next_dagrun for example_python_operator to None, run_after=None
[2023-11-14T10:08:48.776+0000] {processor.py:179} INFO - Processing /home/airflow/.local/lib/python3.8/site-packages/airflow/example_dags/example_python_operator.py took 0.043 seconds
[2023-11-14T10:09:19.153+0000] {processor.py:157} INFO - Started process (PID=1710) to work on /home/airflow/.local/lib/python3.8/site-packages/airflow/example_dags/example_python_operator.py
[2023-11-14T10:09:19.154+0000] {processor.py:829} INFO - Processing file /home/airflow/.local/lib/python3.8/site-packages/airflow/example_dags/example_python_operator.py for tasks to queue
[2023-11-14T10:09:19.156+0000] {logging_mixin.py:154} INFO - [2023-11-14T10:09:19.156+0000] {dagbag.py:536} INFO - Filling up the DagBag from /home/airflow/.local/lib/python3.8/site-packages/airflow/example_dags/example_python_operator.py
[2023-11-14T10:09:19.163+0000] {processor.py:839} INFO - DAG(s) dict_keys(['example_python_operator']) retrieved from /home/airflow/.local/lib/python3.8/site-packages/airflow/example_dags/example_python_operator.py
[2023-11-14T10:09:19.180+0000] {logging_mixin.py:154} INFO - [2023-11-14T10:09:19.179+0000] {dag.py:2941} INFO - Sync 1 DAGs
[2023-11-14T10:09:19.187+0000] {logging_mixin.py:154} INFO - [2023-11-14T10:09:19.187+0000] {dag.py:3722} INFO - Setting next_dagrun for example_python_operator to None, run_after=None
[2023-11-14T10:09:19.197+0000] {processor.py:179} INFO - Processing /home/airflow/.local/lib/python3.8/site-packages/airflow/example_dags/example_python_operator.py took 0.047 seconds
[2023-11-14T10:09:49.434+0000] {processor.py:157} INFO - Started process (PID=1764) to work on /home/airflow/.local/lib/python3.8/site-packages/airflow/example_dags/example_python_operator.py
[2023-11-14T10:09:49.435+0000] {processor.py:829} INFO - Processing file /home/airflow/.local/lib/python3.8/site-packages/airflow/example_dags/example_python_operator.py for tasks to queue
[2023-11-14T10:09:49.436+0000] {logging_mixin.py:154} INFO - [2023-11-14T10:09:49.436+0000] {dagbag.py:536} INFO - Filling up the DagBag from /home/airflow/.local/lib/python3.8/site-packages/airflow/example_dags/example_python_operator.py
[2023-11-14T10:09:49.443+0000] {processor.py:839} INFO - DAG(s) dict_keys(['example_python_operator']) retrieved from /home/airflow/.local/lib/python3.8/site-packages/airflow/example_dags/example_python_operator.py
[2023-11-14T10:09:49.459+0000] {logging_mixin.py:154} INFO - [2023-11-14T10:09:49.459+0000] {dag.py:2941} INFO - Sync 1 DAGs
[2023-11-14T10:09:49.467+0000] {logging_mixin.py:154} INFO - [2023-11-14T10:09:49.467+0000] {dag.py:3722} INFO - Setting next_dagrun for example_python_operator to None, run_after=None
[2023-11-14T10:09:49.597+0000] {processor.py:179} INFO - Processing /home/airflow/.local/lib/python3.8/site-packages/airflow/example_dags/example_python_operator.py took 0.166 seconds
[2023-11-14T10:10:19.952+0000] {processor.py:157} INFO - Started process (PID=1818) to work on /home/airflow/.local/lib/python3.8/site-packages/airflow/example_dags/example_python_operator.py
[2023-11-14T10:10:19.952+0000] {processor.py:829} INFO - Processing file /home/airflow/.local/lib/python3.8/site-packages/airflow/example_dags/example_python_operator.py for tasks to queue
[2023-11-14T10:10:19.954+0000] {logging_mixin.py:154} INFO - [2023-11-14T10:10:19.954+0000] {dagbag.py:536} INFO - Filling up the DagBag from /home/airflow/.local/lib/python3.8/site-packages/airflow/example_dags/example_python_operator.py
[2023-11-14T10:10:19.961+0000] {processor.py:839} INFO - DAG(s) dict_keys(['example_python_operator']) retrieved from /home/airflow/.local/lib/python3.8/site-packages/airflow/example_dags/example_python_operator.py
[2023-11-14T10:10:19.977+0000] {logging_mixin.py:154} INFO - [2023-11-14T10:10:19.977+0000] {dag.py:2941} INFO - Sync 1 DAGs
[2023-11-14T10:10:19.986+0000] {logging_mixin.py:154} INFO - [2023-11-14T10:10:19.986+0000] {dag.py:3722} INFO - Setting next_dagrun for example_python_operator to None, run_after=None
[2023-11-14T10:10:19.997+0000] {processor.py:179} INFO - Processing /home/airflow/.local/lib/python3.8/site-packages/airflow/example_dags/example_python_operator.py took 0.048 seconds
[2023-11-14T10:10:50.561+0000] {processor.py:157} INFO - Started process (PID=1872) to work on /home/airflow/.local/lib/python3.8/site-packages/airflow/example_dags/example_python_operator.py
[2023-11-14T10:10:50.561+0000] {processor.py:829} INFO - Processing file /home/airflow/.local/lib/python3.8/site-packages/airflow/example_dags/example_python_operator.py for tasks to queue
[2023-11-14T10:10:50.563+0000] {logging_mixin.py:154} INFO - [2023-11-14T10:10:50.563+0000] {dagbag.py:536} INFO - Filling up the DagBag from /home/airflow/.local/lib/python3.8/site-packages/airflow/example_dags/example_python_operator.py
[2023-11-14T10:10:50.569+0000] {processor.py:839} INFO - DAG(s) dict_keys(['example_python_operator']) retrieved from /home/airflow/.local/lib/python3.8/site-packages/airflow/example_dags/example_python_operator.py
[2023-11-14T10:10:50.582+0000] {logging_mixin.py:154} INFO - [2023-11-14T10:10:50.582+0000] {dag.py:2941} INFO - Sync 1 DAGs
[2023-11-14T10:10:50.589+0000] {logging_mixin.py:154} INFO - [2023-11-14T10:10:50.589+0000] {dag.py:3722} INFO - Setting next_dagrun for example_python_operator to None, run_after=None
[2023-11-14T10:10:50.598+0000] {processor.py:179} INFO - Processing /home/airflow/.local/lib/python3.8/site-packages/airflow/example_dags/example_python_operator.py took 0.039 seconds
[2023-11-14T10:11:20.892+0000] {processor.py:157} INFO - Started process (PID=1926) to work on /home/airflow/.local/lib/python3.8/site-packages/airflow/example_dags/example_python_operator.py
[2023-11-14T10:11:20.893+0000] {processor.py:829} INFO - Processing file /home/airflow/.local/lib/python3.8/site-packages/airflow/example_dags/example_python_operator.py for tasks to queue
[2023-11-14T10:11:20.894+0000] {logging_mixin.py:154} INFO - [2023-11-14T10:11:20.894+0000] {dagbag.py:536} INFO - Filling up the DagBag from /home/airflow/.local/lib/python3.8/site-packages/airflow/example_dags/example_python_operator.py
[2023-11-14T10:11:20.900+0000] {processor.py:839} INFO - DAG(s) dict_keys(['example_python_operator']) retrieved from /home/airflow/.local/lib/python3.8/site-packages/airflow/example_dags/example_python_operator.py
[2023-11-14T10:11:20.914+0000] {logging_mixin.py:154} INFO - [2023-11-14T10:11:20.914+0000] {dag.py:2941} INFO - Sync 1 DAGs
[2023-11-14T10:11:20.921+0000] {logging_mixin.py:154} INFO - [2023-11-14T10:11:20.921+0000] {dag.py:3722} INFO - Setting next_dagrun for example_python_operator to None, run_after=None
[2023-11-14T10:11:20.930+0000] {processor.py:179} INFO - Processing /home/airflow/.local/lib/python3.8/site-packages/airflow/example_dags/example_python_operator.py took 0.040 seconds
[2023-11-14T10:11:51.366+0000] {processor.py:157} INFO - Started process (PID=1980) to work on /home/airflow/.local/lib/python3.8/site-packages/airflow/example_dags/example_python_operator.py
[2023-11-14T10:11:51.367+0000] {processor.py:829} INFO - Processing file /home/airflow/.local/lib/python3.8/site-packages/airflow/example_dags/example_python_operator.py for tasks to queue
[2023-11-14T10:11:51.368+0000] {logging_mixin.py:154} INFO - [2023-11-14T10:11:51.368+0000] {dagbag.py:536} INFO - Filling up the DagBag from /home/airflow/.local/lib/python3.8/site-packages/airflow/example_dags/example_python_operator.py
[2023-11-14T10:11:51.375+0000] {processor.py:839} INFO - DAG(s) dict_keys(['example_python_operator']) retrieved from /home/airflow/.local/lib/python3.8/site-packages/airflow/example_dags/example_python_operator.py
[2023-11-14T10:11:51.390+0000] {logging_mixin.py:154} INFO - [2023-11-14T10:11:51.390+0000] {dag.py:2941} INFO - Sync 1 DAGs
[2023-11-14T10:11:51.498+0000] {logging_mixin.py:154} INFO - [2023-11-14T10:11:51.498+0000] {dag.py:3722} INFO - Setting next_dagrun for example_python_operator to None, run_after=None
[2023-11-14T10:11:51.510+0000] {processor.py:179} INFO - Processing /home/airflow/.local/lib/python3.8/site-packages/airflow/example_dags/example_python_operator.py took 0.146 seconds
[2023-11-14T10:12:22.548+0000] {processor.py:157} INFO - Started process (PID=2034) to work on /home/airflow/.local/lib/python3.8/site-packages/airflow/example_dags/example_python_operator.py
[2023-11-14T10:12:22.549+0000] {processor.py:829} INFO - Processing file /home/airflow/.local/lib/python3.8/site-packages/airflow/example_dags/example_python_operator.py for tasks to queue
[2023-11-14T10:12:22.551+0000] {logging_mixin.py:154} INFO - [2023-11-14T10:12:22.550+0000] {dagbag.py:536} INFO - Filling up the DagBag from /home/airflow/.local/lib/python3.8/site-packages/airflow/example_dags/example_python_operator.py
[2023-11-14T10:12:22.560+0000] {processor.py:839} INFO - DAG(s) dict_keys(['example_python_operator']) retrieved from /home/airflow/.local/lib/python3.8/site-packages/airflow/example_dags/example_python_operator.py
[2023-11-14T10:12:22.580+0000] {logging_mixin.py:154} INFO - [2023-11-14T10:12:22.580+0000] {dag.py:2941} INFO - Sync 1 DAGs
[2023-11-14T10:12:22.589+0000] {logging_mixin.py:154} INFO - [2023-11-14T10:12:22.589+0000] {dag.py:3722} INFO - Setting next_dagrun for example_python_operator to None, run_after=None
[2023-11-14T10:12:22.607+0000] {processor.py:179} INFO - Processing /home/airflow/.local/lib/python3.8/site-packages/airflow/example_dags/example_python_operator.py took 0.062 seconds
[2023-11-14T10:12:53.223+0000] {processor.py:157} INFO - Started process (PID=2088) to work on /home/airflow/.local/lib/python3.8/site-packages/airflow/example_dags/example_python_operator.py
[2023-11-14T10:12:53.223+0000] {processor.py:829} INFO - Processing file /home/airflow/.local/lib/python3.8/site-packages/airflow/example_dags/example_python_operator.py for tasks to queue
[2023-11-14T10:12:53.225+0000] {logging_mixin.py:154} INFO - [2023-11-14T10:12:53.225+0000] {dagbag.py:536} INFO - Filling up the DagBag from /home/airflow/.local/lib/python3.8/site-packages/airflow/example_dags/example_python_operator.py
[2023-11-14T10:12:53.233+0000] {processor.py:839} INFO - DAG(s) dict_keys(['example_python_operator']) retrieved from /home/airflow/.local/lib/python3.8/site-packages/airflow/example_dags/example_python_operator.py
[2023-11-14T10:12:53.255+0000] {logging_mixin.py:154} INFO - [2023-11-14T10:12:53.255+0000] {dag.py:2941} INFO - Sync 1 DAGs
[2023-11-14T10:12:53.264+0000] {logging_mixin.py:154} INFO - [2023-11-14T10:12:53.264+0000] {dag.py:3722} INFO - Setting next_dagrun for example_python_operator to None, run_after=None
[2023-11-14T10:12:53.279+0000] {processor.py:179} INFO - Processing /home/airflow/.local/lib/python3.8/site-packages/airflow/example_dags/example_python_operator.py took 0.059 seconds
[2023-11-14T10:13:25.522+0000] {processor.py:157} INFO - Started process (PID=2142) to work on /home/airflow/.local/lib/python3.8/site-packages/airflow/example_dags/example_python_operator.py
[2023-11-14T10:13:25.524+0000] {processor.py:829} INFO - Processing file /home/airflow/.local/lib/python3.8/site-packages/airflow/example_dags/example_python_operator.py for tasks to queue
[2023-11-14T10:13:25.527+0000] {logging_mixin.py:154} INFO - [2023-11-14T10:13:25.526+0000] {dagbag.py:536} INFO - Filling up the DagBag from /home/airflow/.local/lib/python3.8/site-packages/airflow/example_dags/example_python_operator.py
[2023-11-14T10:13:25.548+0000] {processor.py:839} INFO - DAG(s) dict_keys(['example_python_operator']) retrieved from /home/airflow/.local/lib/python3.8/site-packages/airflow/example_dags/example_python_operator.py
[2023-11-14T10:13:25.645+0000] {logging_mixin.py:154} INFO - [2023-11-14T10:13:25.643+0000] {dag.py:2941} INFO - Sync 1 DAGs
[2023-11-14T10:13:25.704+0000] {logging_mixin.py:154} INFO - [2023-11-14T10:13:25.699+0000] {dag.py:3722} INFO - Setting next_dagrun for example_python_operator to None, run_after=None
[2023-11-14T10:13:43.354+0000] {processor.py:179} INFO - Processing /home/airflow/.local/lib/python3.8/site-packages/airflow/example_dags/example_python_operator.py took 17.374 seconds
[2023-11-14T10:14:29.715+0000] {processor.py:157} INFO - Started process (PID=2204) to work on /home/airflow/.local/lib/python3.8/site-packages/airflow/example_dags/example_python_operator.py
[2023-11-14T10:14:29.717+0000] {processor.py:829} INFO - Processing file /home/airflow/.local/lib/python3.8/site-packages/airflow/example_dags/example_python_operator.py for tasks to queue
[2023-11-14T10:14:29.721+0000] {logging_mixin.py:154} INFO - [2023-11-14T10:14:29.720+0000] {dagbag.py:536} INFO - Filling up the DagBag from /home/airflow/.local/lib/python3.8/site-packages/airflow/example_dags/example_python_operator.py
[2023-11-14T10:14:29.737+0000] {processor.py:839} INFO - DAG(s) dict_keys(['example_python_operator']) retrieved from /home/airflow/.local/lib/python3.8/site-packages/airflow/example_dags/example_python_operator.py
[2023-11-14T10:14:29.799+0000] {logging_mixin.py:154} INFO - [2023-11-14T10:14:29.798+0000] {dag.py:2941} INFO - Sync 1 DAGs
[2023-11-14T10:14:29.832+0000] {logging_mixin.py:154} INFO - [2023-11-14T10:14:29.829+0000] {dag.py:3722} INFO - Setting next_dagrun for example_python_operator to None, run_after=None
[2023-11-14T10:14:29.925+0000] {processor.py:179} INFO - Processing /home/airflow/.local/lib/python3.8/site-packages/airflow/example_dags/example_python_operator.py took 0.213 seconds
[2023-11-14T10:17:55.567+0000] {processor.py:157} INFO - Started process (PID=2258) to work on /home/airflow/.local/lib/python3.8/site-packages/airflow/example_dags/example_python_operator.py
[2023-11-14T10:17:55.568+0000] {processor.py:829} INFO - Processing file /home/airflow/.local/lib/python3.8/site-packages/airflow/example_dags/example_python_operator.py for tasks to queue
[2023-11-14T10:17:55.577+0000] {logging_mixin.py:154} INFO - [2023-11-14T10:17:55.575+0000] {dagbag.py:536} INFO - Filling up the DagBag from /home/airflow/.local/lib/python3.8/site-packages/airflow/example_dags/example_python_operator.py
[2023-11-14T10:17:55.616+0000] {processor.py:839} INFO - DAG(s) dict_keys(['example_python_operator']) retrieved from /home/airflow/.local/lib/python3.8/site-packages/airflow/example_dags/example_python_operator.py
[2023-11-14T10:17:55.675+0000] {logging_mixin.py:154} INFO - [2023-11-14T10:17:55.674+0000] {dag.py:2941} INFO - Sync 1 DAGs
[2023-11-14T10:17:55.711+0000] {logging_mixin.py:154} INFO - [2023-11-14T10:17:55.711+0000] {dag.py:3722} INFO - Setting next_dagrun for example_python_operator to None, run_after=None
[2023-11-14T10:17:55.737+0000] {processor.py:179} INFO - Processing /home/airflow/.local/lib/python3.8/site-packages/airflow/example_dags/example_python_operator.py took 0.193 seconds
[2023-11-14T10:20:16.213+0000] {processor.py:157} INFO - Started process (PID=2305) to work on /home/airflow/.local/lib/python3.8/site-packages/airflow/example_dags/example_python_operator.py
[2023-11-14T10:20:16.215+0000] {processor.py:829} INFO - Processing file /home/airflow/.local/lib/python3.8/site-packages/airflow/example_dags/example_python_operator.py for tasks to queue
[2023-11-14T10:20:16.228+0000] {logging_mixin.py:154} INFO - [2023-11-14T10:20:16.221+0000] {dagbag.py:536} INFO - Filling up the DagBag from /home/airflow/.local/lib/python3.8/site-packages/airflow/example_dags/example_python_operator.py
[2023-11-14T10:20:16.254+0000] {processor.py:839} INFO - DAG(s) dict_keys(['example_python_operator']) retrieved from /home/airflow/.local/lib/python3.8/site-packages/airflow/example_dags/example_python_operator.py
[2023-11-14T10:20:16.291+0000] {logging_mixin.py:154} INFO - [2023-11-14T10:20:16.291+0000] {dag.py:2941} INFO - Sync 1 DAGs
[2023-11-14T10:20:16.321+0000] {logging_mixin.py:154} INFO - [2023-11-14T10:20:16.321+0000] {dag.py:3722} INFO - Setting next_dagrun for example_python_operator to None, run_after=None
[2023-11-14T10:20:16.350+0000] {processor.py:179} INFO - Processing /home/airflow/.local/lib/python3.8/site-packages/airflow/example_dags/example_python_operator.py took 0.156 seconds
