[2023-11-14T09:52:49.202+0000] {processor.py:157} INFO - Started process (PID=40) to work on /home/airflow/.local/lib/python3.8/site-packages/airflow/example_dags/example_short_circuit_operator.py
[2023-11-14T09:52:49.205+0000] {processor.py:829} INFO - Processing file /home/airflow/.local/lib/python3.8/site-packages/airflow/example_dags/example_short_circuit_operator.py for tasks to queue
[2023-11-14T09:52:49.208+0000] {logging_mixin.py:154} INFO - [2023-11-14T09:52:49.207+0000] {dagbag.py:536} INFO - Filling up the DagBag from /home/airflow/.local/lib/python3.8/site-packages/airflow/example_dags/example_short_circuit_operator.py
[2023-11-14T09:52:49.216+0000] {processor.py:839} INFO - DAG(s) dict_keys(['example_short_circuit_operator']) retrieved from /home/airflow/.local/lib/python3.8/site-packages/airflow/example_dags/example_short_circuit_operator.py
[2023-11-14T09:52:49.240+0000] {logging_mixin.py:154} INFO - [2023-11-14T09:52:49.240+0000] {dag.py:2941} INFO - Sync 1 DAGs
[2023-11-14T09:52:49.259+0000] {logging_mixin.py:154} INFO - [2023-11-14T09:52:49.259+0000] {dag.py:3722} INFO - Setting next_dagrun for example_short_circuit_operator to 2023-11-13T09:52:49.259359+00:00, run_after=2023-11-14T09:52:49.259359+00:00
[2023-11-14T09:52:49.273+0000] {processor.py:179} INFO - Processing /home/airflow/.local/lib/python3.8/site-packages/airflow/example_dags/example_short_circuit_operator.py took 0.074 seconds
[2023-11-14T09:53:39.765+0000] {processor.py:157} INFO - Started process (PID=41) to work on /home/airflow/.local/lib/python3.8/site-packages/airflow/example_dags/example_short_circuit_operator.py
[2023-11-14T09:53:39.767+0000] {processor.py:829} INFO - Processing file /home/airflow/.local/lib/python3.8/site-packages/airflow/example_dags/example_short_circuit_operator.py for tasks to queue
[2023-11-14T09:53:39.770+0000] {logging_mixin.py:154} INFO - [2023-11-14T09:53:39.770+0000] {dagbag.py:536} INFO - Filling up the DagBag from /home/airflow/.local/lib/python3.8/site-packages/airflow/example_dags/example_short_circuit_operator.py
[2023-11-14T09:53:39.805+0000] {processor.py:839} INFO - DAG(s) dict_keys(['example_short_circuit_operator']) retrieved from /home/airflow/.local/lib/python3.8/site-packages/airflow/example_dags/example_short_circuit_operator.py
[2023-11-14T09:53:39.825+0000] {logging_mixin.py:154} INFO - [2023-11-14T09:53:39.825+0000] {dag.py:2941} INFO - Sync 1 DAGs
[2023-11-14T09:53:39.856+0000] {logging_mixin.py:154} INFO - [2023-11-14T09:53:39.856+0000] {dag.py:3722} INFO - Setting next_dagrun for example_short_circuit_operator to 2023-11-13T09:53:39.856219+00:00, run_after=2023-11-14T09:53:39.856219+00:00
[2023-11-14T09:53:39.885+0000] {processor.py:179} INFO - Processing /home/airflow/.local/lib/python3.8/site-packages/airflow/example_dags/example_short_circuit_operator.py took 0.125 seconds
[2023-11-14T09:54:10.351+0000] {processor.py:157} INFO - Started process (PID=94) to work on /home/airflow/.local/lib/python3.8/site-packages/airflow/example_dags/example_short_circuit_operator.py
[2023-11-14T09:54:10.352+0000] {processor.py:829} INFO - Processing file /home/airflow/.local/lib/python3.8/site-packages/airflow/example_dags/example_short_circuit_operator.py for tasks to queue
[2023-11-14T09:54:10.354+0000] {logging_mixin.py:154} INFO - [2023-11-14T09:54:10.353+0000] {dagbag.py:536} INFO - Filling up the DagBag from /home/airflow/.local/lib/python3.8/site-packages/airflow/example_dags/example_short_circuit_operator.py
[2023-11-14T09:54:10.358+0000] {processor.py:839} INFO - DAG(s) dict_keys(['example_short_circuit_operator']) retrieved from /home/airflow/.local/lib/python3.8/site-packages/airflow/example_dags/example_short_circuit_operator.py
[2023-11-14T09:54:10.371+0000] {logging_mixin.py:154} INFO - [2023-11-14T09:54:10.371+0000] {dag.py:2941} INFO - Sync 1 DAGs
[2023-11-14T09:54:10.387+0000] {logging_mixin.py:154} INFO - [2023-11-14T09:54:10.387+0000] {dag.py:3722} INFO - Setting next_dagrun for example_short_circuit_operator to 2023-11-13T09:54:10.387121+00:00, run_after=2023-11-14T09:54:10.387121+00:00
[2023-11-14T09:54:10.397+0000] {processor.py:179} INFO - Processing /home/airflow/.local/lib/python3.8/site-packages/airflow/example_dags/example_short_circuit_operator.py took 0.048 seconds
[2023-11-14T09:54:40.832+0000] {processor.py:157} INFO - Started process (PID=147) to work on /home/airflow/.local/lib/python3.8/site-packages/airflow/example_dags/example_short_circuit_operator.py
[2023-11-14T09:54:40.833+0000] {processor.py:829} INFO - Processing file /home/airflow/.local/lib/python3.8/site-packages/airflow/example_dags/example_short_circuit_operator.py for tasks to queue
[2023-11-14T09:54:40.835+0000] {logging_mixin.py:154} INFO - [2023-11-14T09:54:40.834+0000] {dagbag.py:536} INFO - Filling up the DagBag from /home/airflow/.local/lib/python3.8/site-packages/airflow/example_dags/example_short_circuit_operator.py
[2023-11-14T09:54:40.839+0000] {processor.py:839} INFO - DAG(s) dict_keys(['example_short_circuit_operator']) retrieved from /home/airflow/.local/lib/python3.8/site-packages/airflow/example_dags/example_short_circuit_operator.py
[2023-11-14T09:54:40.854+0000] {logging_mixin.py:154} INFO - [2023-11-14T09:54:40.854+0000] {dag.py:2941} INFO - Sync 1 DAGs
[2023-11-14T09:54:40.868+0000] {logging_mixin.py:154} INFO - [2023-11-14T09:54:40.868+0000] {dag.py:3722} INFO - Setting next_dagrun for example_short_circuit_operator to 2023-11-13T09:54:40.868048+00:00, run_after=2023-11-14T09:54:40.868048+00:00
[2023-11-14T09:54:40.878+0000] {processor.py:179} INFO - Processing /home/airflow/.local/lib/python3.8/site-packages/airflow/example_dags/example_short_circuit_operator.py took 0.049 seconds
[2023-11-14T09:55:11.187+0000] {processor.py:157} INFO - Started process (PID=201) to work on /home/airflow/.local/lib/python3.8/site-packages/airflow/example_dags/example_short_circuit_operator.py
[2023-11-14T09:55:11.188+0000] {processor.py:829} INFO - Processing file /home/airflow/.local/lib/python3.8/site-packages/airflow/example_dags/example_short_circuit_operator.py for tasks to queue
[2023-11-14T09:55:11.189+0000] {logging_mixin.py:154} INFO - [2023-11-14T09:55:11.189+0000] {dagbag.py:536} INFO - Filling up the DagBag from /home/airflow/.local/lib/python3.8/site-packages/airflow/example_dags/example_short_circuit_operator.py
[2023-11-14T09:55:11.194+0000] {processor.py:839} INFO - DAG(s) dict_keys(['example_short_circuit_operator']) retrieved from /home/airflow/.local/lib/python3.8/site-packages/airflow/example_dags/example_short_circuit_operator.py
[2023-11-14T09:55:11.207+0000] {logging_mixin.py:154} INFO - [2023-11-14T09:55:11.207+0000] {dag.py:2941} INFO - Sync 1 DAGs
[2023-11-14T09:55:11.219+0000] {logging_mixin.py:154} INFO - [2023-11-14T09:55:11.219+0000] {dag.py:3722} INFO - Setting next_dagrun for example_short_circuit_operator to 2023-11-13T09:55:11.219233+00:00, run_after=2023-11-14T09:55:11.219233+00:00
[2023-11-14T09:55:11.228+0000] {processor.py:179} INFO - Processing /home/airflow/.local/lib/python3.8/site-packages/airflow/example_dags/example_short_circuit_operator.py took 0.044 seconds
[2023-11-14T09:55:41.542+0000] {processor.py:157} INFO - Started process (PID=255) to work on /home/airflow/.local/lib/python3.8/site-packages/airflow/example_dags/example_short_circuit_operator.py
[2023-11-14T09:55:41.543+0000] {processor.py:829} INFO - Processing file /home/airflow/.local/lib/python3.8/site-packages/airflow/example_dags/example_short_circuit_operator.py for tasks to queue
[2023-11-14T09:55:41.544+0000] {logging_mixin.py:154} INFO - [2023-11-14T09:55:41.544+0000] {dagbag.py:536} INFO - Filling up the DagBag from /home/airflow/.local/lib/python3.8/site-packages/airflow/example_dags/example_short_circuit_operator.py
[2023-11-14T09:55:41.549+0000] {processor.py:839} INFO - DAG(s) dict_keys(['example_short_circuit_operator']) retrieved from /home/airflow/.local/lib/python3.8/site-packages/airflow/example_dags/example_short_circuit_operator.py
[2023-11-14T09:55:41.561+0000] {logging_mixin.py:154} INFO - [2023-11-14T09:55:41.561+0000] {dag.py:2941} INFO - Sync 1 DAGs
[2023-11-14T09:55:41.572+0000] {logging_mixin.py:154} INFO - [2023-11-14T09:55:41.571+0000] {dag.py:3722} INFO - Setting next_dagrun for example_short_circuit_operator to 2023-11-13T09:55:41.571791+00:00, run_after=2023-11-14T09:55:41.571791+00:00
[2023-11-14T09:55:41.580+0000] {processor.py:179} INFO - Processing /home/airflow/.local/lib/python3.8/site-packages/airflow/example_dags/example_short_circuit_operator.py took 0.039 seconds
[2023-11-14T09:56:11.828+0000] {processor.py:157} INFO - Started process (PID=309) to work on /home/airflow/.local/lib/python3.8/site-packages/airflow/example_dags/example_short_circuit_operator.py
[2023-11-14T09:56:11.829+0000] {processor.py:829} INFO - Processing file /home/airflow/.local/lib/python3.8/site-packages/airflow/example_dags/example_short_circuit_operator.py for tasks to queue
[2023-11-14T09:56:11.831+0000] {logging_mixin.py:154} INFO - [2023-11-14T09:56:11.830+0000] {dagbag.py:536} INFO - Filling up the DagBag from /home/airflow/.local/lib/python3.8/site-packages/airflow/example_dags/example_short_circuit_operator.py
[2023-11-14T09:56:11.837+0000] {processor.py:839} INFO - DAG(s) dict_keys(['example_short_circuit_operator']) retrieved from /home/airflow/.local/lib/python3.8/site-packages/airflow/example_dags/example_short_circuit_operator.py
[2023-11-14T09:56:11.855+0000] {logging_mixin.py:154} INFO - [2023-11-14T09:56:11.855+0000] {dag.py:2941} INFO - Sync 1 DAGs
[2023-11-14T09:56:11.870+0000] {logging_mixin.py:154} INFO - [2023-11-14T09:56:11.870+0000] {dag.py:3722} INFO - Setting next_dagrun for example_short_circuit_operator to 2023-11-13T09:56:11.870086+00:00, run_after=2023-11-14T09:56:11.870086+00:00
[2023-11-14T09:56:11.884+0000] {processor.py:179} INFO - Processing /home/airflow/.local/lib/python3.8/site-packages/airflow/example_dags/example_short_circuit_operator.py took 0.060 seconds
[2023-11-14T09:56:42.449+0000] {processor.py:157} INFO - Started process (PID=363) to work on /home/airflow/.local/lib/python3.8/site-packages/airflow/example_dags/example_short_circuit_operator.py
[2023-11-14T09:56:42.450+0000] {processor.py:829} INFO - Processing file /home/airflow/.local/lib/python3.8/site-packages/airflow/example_dags/example_short_circuit_operator.py for tasks to queue
[2023-11-14T09:56:42.453+0000] {logging_mixin.py:154} INFO - [2023-11-14T09:56:42.453+0000] {dagbag.py:536} INFO - Filling up the DagBag from /home/airflow/.local/lib/python3.8/site-packages/airflow/example_dags/example_short_circuit_operator.py
[2023-11-14T09:56:42.463+0000] {processor.py:839} INFO - DAG(s) dict_keys(['example_short_circuit_operator']) retrieved from /home/airflow/.local/lib/python3.8/site-packages/airflow/example_dags/example_short_circuit_operator.py
[2023-11-14T09:56:42.480+0000] {logging_mixin.py:154} INFO - [2023-11-14T09:56:42.479+0000] {dag.py:2941} INFO - Sync 1 DAGs
[2023-11-14T09:56:42.499+0000] {logging_mixin.py:154} INFO - [2023-11-14T09:56:42.499+0000] {dag.py:3722} INFO - Setting next_dagrun for example_short_circuit_operator to 2023-11-13T09:56:42.499405+00:00, run_after=2023-11-14T09:56:42.499405+00:00
[2023-11-14T09:56:42.513+0000] {processor.py:179} INFO - Processing /home/airflow/.local/lib/python3.8/site-packages/airflow/example_dags/example_short_circuit_operator.py took 0.068 seconds
[2023-11-14T09:57:12.787+0000] {processor.py:157} INFO - Started process (PID=418) to work on /home/airflow/.local/lib/python3.8/site-packages/airflow/example_dags/example_short_circuit_operator.py
[2023-11-14T09:57:12.788+0000] {processor.py:829} INFO - Processing file /home/airflow/.local/lib/python3.8/site-packages/airflow/example_dags/example_short_circuit_operator.py for tasks to queue
[2023-11-14T09:57:12.790+0000] {logging_mixin.py:154} INFO - [2023-11-14T09:57:12.790+0000] {dagbag.py:536} INFO - Filling up the DagBag from /home/airflow/.local/lib/python3.8/site-packages/airflow/example_dags/example_short_circuit_operator.py
[2023-11-14T09:57:12.796+0000] {processor.py:839} INFO - DAG(s) dict_keys(['example_short_circuit_operator']) retrieved from /home/airflow/.local/lib/python3.8/site-packages/airflow/example_dags/example_short_circuit_operator.py
[2023-11-14T09:57:12.813+0000] {logging_mixin.py:154} INFO - [2023-11-14T09:57:12.813+0000] {dag.py:2941} INFO - Sync 1 DAGs
[2023-11-14T09:57:12.843+0000] {logging_mixin.py:154} INFO - [2023-11-14T09:57:12.842+0000] {dag.py:3722} INFO - Setting next_dagrun for example_short_circuit_operator to 2023-11-13T09:57:12.842397+00:00, run_after=2023-11-14T09:57:12.842397+00:00
[2023-11-14T09:57:12.869+0000] {processor.py:179} INFO - Processing /home/airflow/.local/lib/python3.8/site-packages/airflow/example_dags/example_short_circuit_operator.py took 0.086 seconds
[2023-11-14T09:57:43.829+0000] {processor.py:157} INFO - Started process (PID=472) to work on /home/airflow/.local/lib/python3.8/site-packages/airflow/example_dags/example_short_circuit_operator.py
[2023-11-14T09:57:43.832+0000] {processor.py:829} INFO - Processing file /home/airflow/.local/lib/python3.8/site-packages/airflow/example_dags/example_short_circuit_operator.py for tasks to queue
[2023-11-14T09:57:43.834+0000] {logging_mixin.py:154} INFO - [2023-11-14T09:57:43.834+0000] {dagbag.py:536} INFO - Filling up the DagBag from /home/airflow/.local/lib/python3.8/site-packages/airflow/example_dags/example_short_circuit_operator.py
[2023-11-14T09:57:43.844+0000] {processor.py:839} INFO - DAG(s) dict_keys(['example_short_circuit_operator']) retrieved from /home/airflow/.local/lib/python3.8/site-packages/airflow/example_dags/example_short_circuit_operator.py
[2023-11-14T09:57:43.867+0000] {logging_mixin.py:154} INFO - [2023-11-14T09:57:43.867+0000] {dag.py:2941} INFO - Sync 1 DAGs
[2023-11-14T09:57:43.882+0000] {logging_mixin.py:154} INFO - [2023-11-14T09:57:43.882+0000] {dag.py:3722} INFO - Setting next_dagrun for example_short_circuit_operator to 2023-11-13T09:57:43.881974+00:00, run_after=2023-11-14T09:57:43.881974+00:00
[2023-11-14T09:57:43.892+0000] {processor.py:179} INFO - Processing /home/airflow/.local/lib/python3.8/site-packages/airflow/example_dags/example_short_circuit_operator.py took 0.068 seconds
[2023-11-14T09:58:14.110+0000] {processor.py:157} INFO - Started process (PID=526) to work on /home/airflow/.local/lib/python3.8/site-packages/airflow/example_dags/example_short_circuit_operator.py
[2023-11-14T09:58:14.112+0000] {processor.py:829} INFO - Processing file /home/airflow/.local/lib/python3.8/site-packages/airflow/example_dags/example_short_circuit_operator.py for tasks to queue
[2023-11-14T09:58:14.115+0000] {logging_mixin.py:154} INFO - [2023-11-14T09:58:14.115+0000] {dagbag.py:536} INFO - Filling up the DagBag from /home/airflow/.local/lib/python3.8/site-packages/airflow/example_dags/example_short_circuit_operator.py
[2023-11-14T09:58:14.126+0000] {processor.py:839} INFO - DAG(s) dict_keys(['example_short_circuit_operator']) retrieved from /home/airflow/.local/lib/python3.8/site-packages/airflow/example_dags/example_short_circuit_operator.py
[2023-11-14T09:58:14.151+0000] {logging_mixin.py:154} INFO - [2023-11-14T09:58:14.150+0000] {dag.py:2941} INFO - Sync 1 DAGs
[2023-11-14T09:58:14.166+0000] {logging_mixin.py:154} INFO - [2023-11-14T09:58:14.166+0000] {dag.py:3722} INFO - Setting next_dagrun for example_short_circuit_operator to 2023-11-13T09:58:14.166198+00:00, run_after=2023-11-14T09:58:14.166198+00:00
[2023-11-14T09:58:14.177+0000] {processor.py:179} INFO - Processing /home/airflow/.local/lib/python3.8/site-packages/airflow/example_dags/example_short_circuit_operator.py took 0.072 seconds
[2023-11-14T09:58:44.230+0000] {processor.py:157} INFO - Started process (PID=580) to work on /home/airflow/.local/lib/python3.8/site-packages/airflow/example_dags/example_short_circuit_operator.py
[2023-11-14T09:58:44.231+0000] {processor.py:829} INFO - Processing file /home/airflow/.local/lib/python3.8/site-packages/airflow/example_dags/example_short_circuit_operator.py for tasks to queue
[2023-11-14T09:58:44.234+0000] {logging_mixin.py:154} INFO - [2023-11-14T09:58:44.234+0000] {dagbag.py:536} INFO - Filling up the DagBag from /home/airflow/.local/lib/python3.8/site-packages/airflow/example_dags/example_short_circuit_operator.py
[2023-11-14T09:58:44.244+0000] {processor.py:839} INFO - DAG(s) dict_keys(['example_short_circuit_operator']) retrieved from /home/airflow/.local/lib/python3.8/site-packages/airflow/example_dags/example_short_circuit_operator.py
[2023-11-14T09:58:44.269+0000] {logging_mixin.py:154} INFO - [2023-11-14T09:58:44.269+0000] {dag.py:2941} INFO - Sync 1 DAGs
[2023-11-14T09:58:44.286+0000] {logging_mixin.py:154} INFO - [2023-11-14T09:58:44.286+0000] {dag.py:3722} INFO - Setting next_dagrun for example_short_circuit_operator to 2023-11-13T09:58:44.285939+00:00, run_after=2023-11-14T09:58:44.285939+00:00
[2023-11-14T09:58:44.296+0000] {processor.py:179} INFO - Processing /home/airflow/.local/lib/python3.8/site-packages/airflow/example_dags/example_short_circuit_operator.py took 0.072 seconds
[2023-11-14T09:59:14.495+0000] {processor.py:157} INFO - Started process (PID=634) to work on /home/airflow/.local/lib/python3.8/site-packages/airflow/example_dags/example_short_circuit_operator.py
[2023-11-14T09:59:14.496+0000] {processor.py:829} INFO - Processing file /home/airflow/.local/lib/python3.8/site-packages/airflow/example_dags/example_short_circuit_operator.py for tasks to queue
[2023-11-14T09:59:14.499+0000] {logging_mixin.py:154} INFO - [2023-11-14T09:59:14.499+0000] {dagbag.py:536} INFO - Filling up the DagBag from /home/airflow/.local/lib/python3.8/site-packages/airflow/example_dags/example_short_circuit_operator.py
[2023-11-14T09:59:14.506+0000] {processor.py:839} INFO - DAG(s) dict_keys(['example_short_circuit_operator']) retrieved from /home/airflow/.local/lib/python3.8/site-packages/airflow/example_dags/example_short_circuit_operator.py
[2023-11-14T09:59:14.526+0000] {logging_mixin.py:154} INFO - [2023-11-14T09:59:14.526+0000] {dag.py:2941} INFO - Sync 1 DAGs
[2023-11-14T09:59:14.542+0000] {logging_mixin.py:154} INFO - [2023-11-14T09:59:14.542+0000] {dag.py:3722} INFO - Setting next_dagrun for example_short_circuit_operator to 2023-11-13T09:59:14.542130+00:00, run_after=2023-11-14T09:59:14.542130+00:00
[2023-11-14T09:59:14.555+0000] {processor.py:179} INFO - Processing /home/airflow/.local/lib/python3.8/site-packages/airflow/example_dags/example_short_circuit_operator.py took 0.065 seconds
[2023-11-14T09:59:44.925+0000] {processor.py:157} INFO - Started process (PID=688) to work on /home/airflow/.local/lib/python3.8/site-packages/airflow/example_dags/example_short_circuit_operator.py
[2023-11-14T09:59:44.927+0000] {processor.py:829} INFO - Processing file /home/airflow/.local/lib/python3.8/site-packages/airflow/example_dags/example_short_circuit_operator.py for tasks to queue
[2023-11-14T09:59:44.930+0000] {logging_mixin.py:154} INFO - [2023-11-14T09:59:44.930+0000] {dagbag.py:536} INFO - Filling up the DagBag from /home/airflow/.local/lib/python3.8/site-packages/airflow/example_dags/example_short_circuit_operator.py
[2023-11-14T09:59:44.938+0000] {processor.py:839} INFO - DAG(s) dict_keys(['example_short_circuit_operator']) retrieved from /home/airflow/.local/lib/python3.8/site-packages/airflow/example_dags/example_short_circuit_operator.py
[2023-11-14T09:59:44.957+0000] {logging_mixin.py:154} INFO - [2023-11-14T09:59:44.956+0000] {dag.py:2941} INFO - Sync 1 DAGs
[2023-11-14T09:59:44.969+0000] {logging_mixin.py:154} INFO - [2023-11-14T09:59:44.969+0000] {dag.py:3722} INFO - Setting next_dagrun for example_short_circuit_operator to 2023-11-13T09:59:44.969562+00:00, run_after=2023-11-14T09:59:44.969562+00:00
[2023-11-14T09:59:44.979+0000] {processor.py:179} INFO - Processing /home/airflow/.local/lib/python3.8/site-packages/airflow/example_dags/example_short_circuit_operator.py took 0.061 seconds
[2023-11-14T10:00:15.166+0000] {processor.py:157} INFO - Started process (PID=742) to work on /home/airflow/.local/lib/python3.8/site-packages/airflow/example_dags/example_short_circuit_operator.py
[2023-11-14T10:00:15.167+0000] {processor.py:829} INFO - Processing file /home/airflow/.local/lib/python3.8/site-packages/airflow/example_dags/example_short_circuit_operator.py for tasks to queue
[2023-11-14T10:00:15.170+0000] {logging_mixin.py:154} INFO - [2023-11-14T10:00:15.170+0000] {dagbag.py:536} INFO - Filling up the DagBag from /home/airflow/.local/lib/python3.8/site-packages/airflow/example_dags/example_short_circuit_operator.py
[2023-11-14T10:00:15.177+0000] {processor.py:839} INFO - DAG(s) dict_keys(['example_short_circuit_operator']) retrieved from /home/airflow/.local/lib/python3.8/site-packages/airflow/example_dags/example_short_circuit_operator.py
[2023-11-14T10:00:15.198+0000] {logging_mixin.py:154} INFO - [2023-11-14T10:00:15.198+0000] {dag.py:2941} INFO - Sync 1 DAGs
[2023-11-14T10:00:15.215+0000] {logging_mixin.py:154} INFO - [2023-11-14T10:00:15.214+0000] {dag.py:3722} INFO - Setting next_dagrun for example_short_circuit_operator to 2023-11-13T10:00:15.214778+00:00, run_after=2023-11-14T10:00:15.214778+00:00
[2023-11-14T10:00:15.227+0000] {processor.py:179} INFO - Processing /home/airflow/.local/lib/python3.8/site-packages/airflow/example_dags/example_short_circuit_operator.py took 0.065 seconds
[2023-11-14T10:00:45.489+0000] {processor.py:157} INFO - Started process (PID=796) to work on /home/airflow/.local/lib/python3.8/site-packages/airflow/example_dags/example_short_circuit_operator.py
[2023-11-14T10:00:45.490+0000] {processor.py:829} INFO - Processing file /home/airflow/.local/lib/python3.8/site-packages/airflow/example_dags/example_short_circuit_operator.py for tasks to queue
[2023-11-14T10:00:45.493+0000] {logging_mixin.py:154} INFO - [2023-11-14T10:00:45.493+0000] {dagbag.py:536} INFO - Filling up the DagBag from /home/airflow/.local/lib/python3.8/site-packages/airflow/example_dags/example_short_circuit_operator.py
[2023-11-14T10:00:45.502+0000] {processor.py:839} INFO - DAG(s) dict_keys(['example_short_circuit_operator']) retrieved from /home/airflow/.local/lib/python3.8/site-packages/airflow/example_dags/example_short_circuit_operator.py
[2023-11-14T10:00:45.525+0000] {logging_mixin.py:154} INFO - [2023-11-14T10:00:45.525+0000] {dag.py:2941} INFO - Sync 1 DAGs
[2023-11-14T10:00:45.542+0000] {logging_mixin.py:154} INFO - [2023-11-14T10:00:45.541+0000] {dag.py:3722} INFO - Setting next_dagrun for example_short_circuit_operator to 2023-11-13T10:00:45.541720+00:00, run_after=2023-11-14T10:00:45.541720+00:00
[2023-11-14T10:00:45.554+0000] {processor.py:179} INFO - Processing /home/airflow/.local/lib/python3.8/site-packages/airflow/example_dags/example_short_circuit_operator.py took 0.071 seconds
[2023-11-14T10:01:15.644+0000] {processor.py:157} INFO - Started process (PID=850) to work on /home/airflow/.local/lib/python3.8/site-packages/airflow/example_dags/example_short_circuit_operator.py
[2023-11-14T10:01:15.645+0000] {processor.py:829} INFO - Processing file /home/airflow/.local/lib/python3.8/site-packages/airflow/example_dags/example_short_circuit_operator.py for tasks to queue
[2023-11-14T10:01:15.647+0000] {logging_mixin.py:154} INFO - [2023-11-14T10:01:15.647+0000] {dagbag.py:536} INFO - Filling up the DagBag from /home/airflow/.local/lib/python3.8/site-packages/airflow/example_dags/example_short_circuit_operator.py
[2023-11-14T10:01:15.652+0000] {processor.py:839} INFO - DAG(s) dict_keys(['example_short_circuit_operator']) retrieved from /home/airflow/.local/lib/python3.8/site-packages/airflow/example_dags/example_short_circuit_operator.py
[2023-11-14T10:01:15.669+0000] {logging_mixin.py:154} INFO - [2023-11-14T10:01:15.669+0000] {dag.py:2941} INFO - Sync 1 DAGs
[2023-11-14T10:01:15.684+0000] {logging_mixin.py:154} INFO - [2023-11-14T10:01:15.684+0000] {dag.py:3722} INFO - Setting next_dagrun for example_short_circuit_operator to 2023-11-13T10:01:15.683983+00:00, run_after=2023-11-14T10:01:15.683983+00:00
[2023-11-14T10:01:15.698+0000] {processor.py:179} INFO - Processing /home/airflow/.local/lib/python3.8/site-packages/airflow/example_dags/example_short_circuit_operator.py took 0.056 seconds
[2023-11-14T10:01:45.807+0000] {processor.py:157} INFO - Started process (PID=904) to work on /home/airflow/.local/lib/python3.8/site-packages/airflow/example_dags/example_short_circuit_operator.py
[2023-11-14T10:01:45.809+0000] {processor.py:829} INFO - Processing file /home/airflow/.local/lib/python3.8/site-packages/airflow/example_dags/example_short_circuit_operator.py for tasks to queue
[2023-11-14T10:01:45.812+0000] {logging_mixin.py:154} INFO - [2023-11-14T10:01:45.811+0000] {dagbag.py:536} INFO - Filling up the DagBag from /home/airflow/.local/lib/python3.8/site-packages/airflow/example_dags/example_short_circuit_operator.py
[2023-11-14T10:01:45.819+0000] {processor.py:839} INFO - DAG(s) dict_keys(['example_short_circuit_operator']) retrieved from /home/airflow/.local/lib/python3.8/site-packages/airflow/example_dags/example_short_circuit_operator.py
[2023-11-14T10:01:45.838+0000] {logging_mixin.py:154} INFO - [2023-11-14T10:01:45.838+0000] {dag.py:2941} INFO - Sync 1 DAGs
[2023-11-14T10:01:45.854+0000] {logging_mixin.py:154} INFO - [2023-11-14T10:01:45.854+0000] {dag.py:3722} INFO - Setting next_dagrun for example_short_circuit_operator to 2023-11-13T10:01:45.854371+00:00, run_after=2023-11-14T10:01:45.854371+00:00
[2023-11-14T10:01:45.868+0000] {processor.py:179} INFO - Processing /home/airflow/.local/lib/python3.8/site-packages/airflow/example_dags/example_short_circuit_operator.py took 0.066 seconds
[2023-11-14T10:02:16.595+0000] {processor.py:157} INFO - Started process (PID=958) to work on /home/airflow/.local/lib/python3.8/site-packages/airflow/example_dags/example_short_circuit_operator.py
[2023-11-14T10:02:16.597+0000] {processor.py:829} INFO - Processing file /home/airflow/.local/lib/python3.8/site-packages/airflow/example_dags/example_short_circuit_operator.py for tasks to queue
[2023-11-14T10:02:16.600+0000] {logging_mixin.py:154} INFO - [2023-11-14T10:02:16.599+0000] {dagbag.py:536} INFO - Filling up the DagBag from /home/airflow/.local/lib/python3.8/site-packages/airflow/example_dags/example_short_circuit_operator.py
[2023-11-14T10:02:16.610+0000] {processor.py:839} INFO - DAG(s) dict_keys(['example_short_circuit_operator']) retrieved from /home/airflow/.local/lib/python3.8/site-packages/airflow/example_dags/example_short_circuit_operator.py
[2023-11-14T10:02:16.635+0000] {logging_mixin.py:154} INFO - [2023-11-14T10:02:16.634+0000] {dag.py:2941} INFO - Sync 1 DAGs
[2023-11-14T10:02:16.651+0000] {logging_mixin.py:154} INFO - [2023-11-14T10:02:16.651+0000] {dag.py:3722} INFO - Setting next_dagrun for example_short_circuit_operator to 2023-11-13T10:02:16.651424+00:00, run_after=2023-11-14T10:02:16.651424+00:00
[2023-11-14T10:02:16.664+0000] {processor.py:179} INFO - Processing /home/airflow/.local/lib/python3.8/site-packages/airflow/example_dags/example_short_circuit_operator.py took 0.076 seconds
[2023-11-14T10:02:46.744+0000] {processor.py:157} INFO - Started process (PID=1012) to work on /home/airflow/.local/lib/python3.8/site-packages/airflow/example_dags/example_short_circuit_operator.py
[2023-11-14T10:02:46.746+0000] {processor.py:829} INFO - Processing file /home/airflow/.local/lib/python3.8/site-packages/airflow/example_dags/example_short_circuit_operator.py for tasks to queue
[2023-11-14T10:02:46.750+0000] {logging_mixin.py:154} INFO - [2023-11-14T10:02:46.750+0000] {dagbag.py:536} INFO - Filling up the DagBag from /home/airflow/.local/lib/python3.8/site-packages/airflow/example_dags/example_short_circuit_operator.py
[2023-11-14T10:02:46.778+0000] {processor.py:839} INFO - DAG(s) dict_keys(['example_short_circuit_operator']) retrieved from /home/airflow/.local/lib/python3.8/site-packages/airflow/example_dags/example_short_circuit_operator.py
[2023-11-14T10:02:46.822+0000] {logging_mixin.py:154} INFO - [2023-11-14T10:02:46.821+0000] {dag.py:2941} INFO - Sync 1 DAGs
[2023-11-14T10:02:46.849+0000] {logging_mixin.py:154} INFO - [2023-11-14T10:02:46.849+0000] {dag.py:3722} INFO - Setting next_dagrun for example_short_circuit_operator to 2023-11-13T10:02:46.848635+00:00, run_after=2023-11-14T10:02:46.848635+00:00
[2023-11-14T10:02:46.886+0000] {processor.py:179} INFO - Processing /home/airflow/.local/lib/python3.8/site-packages/airflow/example_dags/example_short_circuit_operator.py took 0.145 seconds
[2023-11-14T10:03:17.925+0000] {processor.py:157} INFO - Started process (PID=1066) to work on /home/airflow/.local/lib/python3.8/site-packages/airflow/example_dags/example_short_circuit_operator.py
[2023-11-14T10:03:17.927+0000] {processor.py:829} INFO - Processing file /home/airflow/.local/lib/python3.8/site-packages/airflow/example_dags/example_short_circuit_operator.py for tasks to queue
[2023-11-14T10:03:17.932+0000] {logging_mixin.py:154} INFO - [2023-11-14T10:03:17.931+0000] {dagbag.py:536} INFO - Filling up the DagBag from /home/airflow/.local/lib/python3.8/site-packages/airflow/example_dags/example_short_circuit_operator.py
[2023-11-14T10:03:17.941+0000] {processor.py:839} INFO - DAG(s) dict_keys(['example_short_circuit_operator']) retrieved from /home/airflow/.local/lib/python3.8/site-packages/airflow/example_dags/example_short_circuit_operator.py
[2023-11-14T10:03:17.963+0000] {logging_mixin.py:154} INFO - [2023-11-14T10:03:17.963+0000] {dag.py:2941} INFO - Sync 1 DAGs
[2023-11-14T10:03:17.980+0000] {logging_mixin.py:154} INFO - [2023-11-14T10:03:17.979+0000] {dag.py:3722} INFO - Setting next_dagrun for example_short_circuit_operator to 2023-11-13T10:03:17.979719+00:00, run_after=2023-11-14T10:03:17.979719+00:00
[2023-11-14T10:03:17.991+0000] {processor.py:179} INFO - Processing /home/airflow/.local/lib/python3.8/site-packages/airflow/example_dags/example_short_circuit_operator.py took 0.073 seconds
[2023-11-14T10:03:48.121+0000] {processor.py:157} INFO - Started process (PID=1120) to work on /home/airflow/.local/lib/python3.8/site-packages/airflow/example_dags/example_short_circuit_operator.py
[2023-11-14T10:03:48.122+0000] {processor.py:829} INFO - Processing file /home/airflow/.local/lib/python3.8/site-packages/airflow/example_dags/example_short_circuit_operator.py for tasks to queue
[2023-11-14T10:03:48.124+0000] {logging_mixin.py:154} INFO - [2023-11-14T10:03:48.124+0000] {dagbag.py:536} INFO - Filling up the DagBag from /home/airflow/.local/lib/python3.8/site-packages/airflow/example_dags/example_short_circuit_operator.py
[2023-11-14T10:03:48.131+0000] {processor.py:839} INFO - DAG(s) dict_keys(['example_short_circuit_operator']) retrieved from /home/airflow/.local/lib/python3.8/site-packages/airflow/example_dags/example_short_circuit_operator.py
[2023-11-14T10:03:48.151+0000] {logging_mixin.py:154} INFO - [2023-11-14T10:03:48.151+0000] {dag.py:2941} INFO - Sync 1 DAGs
[2023-11-14T10:03:48.168+0000] {logging_mixin.py:154} INFO - [2023-11-14T10:03:48.168+0000] {dag.py:3722} INFO - Setting next_dagrun for example_short_circuit_operator to 2023-11-13T10:03:48.168492+00:00, run_after=2023-11-14T10:03:48.168492+00:00
[2023-11-14T10:03:48.185+0000] {processor.py:179} INFO - Processing /home/airflow/.local/lib/python3.8/site-packages/airflow/example_dags/example_short_circuit_operator.py took 0.067 seconds
[2023-11-14T10:04:18.462+0000] {processor.py:157} INFO - Started process (PID=1174) to work on /home/airflow/.local/lib/python3.8/site-packages/airflow/example_dags/example_short_circuit_operator.py
[2023-11-14T10:04:18.463+0000] {processor.py:829} INFO - Processing file /home/airflow/.local/lib/python3.8/site-packages/airflow/example_dags/example_short_circuit_operator.py for tasks to queue
[2023-11-14T10:04:18.465+0000] {logging_mixin.py:154} INFO - [2023-11-14T10:04:18.465+0000] {dagbag.py:536} INFO - Filling up the DagBag from /home/airflow/.local/lib/python3.8/site-packages/airflow/example_dags/example_short_circuit_operator.py
[2023-11-14T10:04:18.471+0000] {processor.py:839} INFO - DAG(s) dict_keys(['example_short_circuit_operator']) retrieved from /home/airflow/.local/lib/python3.8/site-packages/airflow/example_dags/example_short_circuit_operator.py
[2023-11-14T10:04:18.487+0000] {logging_mixin.py:154} INFO - [2023-11-14T10:04:18.487+0000] {dag.py:2941} INFO - Sync 1 DAGs
[2023-11-14T10:04:18.500+0000] {logging_mixin.py:154} INFO - [2023-11-14T10:04:18.500+0000] {dag.py:3722} INFO - Setting next_dagrun for example_short_circuit_operator to 2023-11-13T10:04:18.500609+00:00, run_after=2023-11-14T10:04:18.500609+00:00
[2023-11-14T10:04:18.512+0000] {processor.py:179} INFO - Processing /home/airflow/.local/lib/python3.8/site-packages/airflow/example_dags/example_short_circuit_operator.py took 0.053 seconds
[2023-11-14T10:04:48.650+0000] {processor.py:157} INFO - Started process (PID=1228) to work on /home/airflow/.local/lib/python3.8/site-packages/airflow/example_dags/example_short_circuit_operator.py
[2023-11-14T10:04:48.651+0000] {processor.py:829} INFO - Processing file /home/airflow/.local/lib/python3.8/site-packages/airflow/example_dags/example_short_circuit_operator.py for tasks to queue
[2023-11-14T10:04:48.654+0000] {logging_mixin.py:154} INFO - [2023-11-14T10:04:48.654+0000] {dagbag.py:536} INFO - Filling up the DagBag from /home/airflow/.local/lib/python3.8/site-packages/airflow/example_dags/example_short_circuit_operator.py
[2023-11-14T10:04:48.663+0000] {processor.py:839} INFO - DAG(s) dict_keys(['example_short_circuit_operator']) retrieved from /home/airflow/.local/lib/python3.8/site-packages/airflow/example_dags/example_short_circuit_operator.py
[2023-11-14T10:04:48.687+0000] {logging_mixin.py:154} INFO - [2023-11-14T10:04:48.686+0000] {dag.py:2941} INFO - Sync 1 DAGs
[2023-11-14T10:04:48.705+0000] {logging_mixin.py:154} INFO - [2023-11-14T10:04:48.704+0000] {dag.py:3722} INFO - Setting next_dagrun for example_short_circuit_operator to 2023-11-13T10:04:48.704726+00:00, run_after=2023-11-14T10:04:48.704726+00:00
[2023-11-14T10:04:48.717+0000] {processor.py:179} INFO - Processing /home/airflow/.local/lib/python3.8/site-packages/airflow/example_dags/example_short_circuit_operator.py took 0.072 seconds
[2023-11-14T10:05:18.913+0000] {processor.py:157} INFO - Started process (PID=1282) to work on /home/airflow/.local/lib/python3.8/site-packages/airflow/example_dags/example_short_circuit_operator.py
[2023-11-14T10:05:18.915+0000] {processor.py:829} INFO - Processing file /home/airflow/.local/lib/python3.8/site-packages/airflow/example_dags/example_short_circuit_operator.py for tasks to queue
[2023-11-14T10:05:18.918+0000] {logging_mixin.py:154} INFO - [2023-11-14T10:05:18.918+0000] {dagbag.py:536} INFO - Filling up the DagBag from /home/airflow/.local/lib/python3.8/site-packages/airflow/example_dags/example_short_circuit_operator.py
[2023-11-14T10:05:18.927+0000] {processor.py:839} INFO - DAG(s) dict_keys(['example_short_circuit_operator']) retrieved from /home/airflow/.local/lib/python3.8/site-packages/airflow/example_dags/example_short_circuit_operator.py
[2023-11-14T10:05:18.949+0000] {logging_mixin.py:154} INFO - [2023-11-14T10:05:18.949+0000] {dag.py:2941} INFO - Sync 1 DAGs
[2023-11-14T10:05:18.965+0000] {logging_mixin.py:154} INFO - [2023-11-14T10:05:18.965+0000] {dag.py:3722} INFO - Setting next_dagrun for example_short_circuit_operator to 2023-11-13T10:05:18.965112+00:00, run_after=2023-11-14T10:05:18.965112+00:00
[2023-11-14T10:05:18.975+0000] {processor.py:179} INFO - Processing /home/airflow/.local/lib/python3.8/site-packages/airflow/example_dags/example_short_circuit_operator.py took 0.068 seconds
[2023-11-14T10:05:49.171+0000] {processor.py:157} INFO - Started process (PID=1336) to work on /home/airflow/.local/lib/python3.8/site-packages/airflow/example_dags/example_short_circuit_operator.py
[2023-11-14T10:05:49.172+0000] {processor.py:829} INFO - Processing file /home/airflow/.local/lib/python3.8/site-packages/airflow/example_dags/example_short_circuit_operator.py for tasks to queue
[2023-11-14T10:05:49.175+0000] {logging_mixin.py:154} INFO - [2023-11-14T10:05:49.175+0000] {dagbag.py:536} INFO - Filling up the DagBag from /home/airflow/.local/lib/python3.8/site-packages/airflow/example_dags/example_short_circuit_operator.py
[2023-11-14T10:05:49.183+0000] {processor.py:839} INFO - DAG(s) dict_keys(['example_short_circuit_operator']) retrieved from /home/airflow/.local/lib/python3.8/site-packages/airflow/example_dags/example_short_circuit_operator.py
[2023-11-14T10:05:49.203+0000] {logging_mixin.py:154} INFO - [2023-11-14T10:05:49.203+0000] {dag.py:2941} INFO - Sync 1 DAGs
[2023-11-14T10:05:49.219+0000] {logging_mixin.py:154} INFO - [2023-11-14T10:05:49.219+0000] {dag.py:3722} INFO - Setting next_dagrun for example_short_circuit_operator to 2023-11-13T10:05:49.218975+00:00, run_after=2023-11-14T10:05:49.218975+00:00
[2023-11-14T10:05:49.229+0000] {processor.py:179} INFO - Processing /home/airflow/.local/lib/python3.8/site-packages/airflow/example_dags/example_short_circuit_operator.py took 0.063 seconds
[2023-11-14T10:06:19.413+0000] {processor.py:157} INFO - Started process (PID=1390) to work on /home/airflow/.local/lib/python3.8/site-packages/airflow/example_dags/example_short_circuit_operator.py
[2023-11-14T10:06:19.414+0000] {processor.py:829} INFO - Processing file /home/airflow/.local/lib/python3.8/site-packages/airflow/example_dags/example_short_circuit_operator.py for tasks to queue
[2023-11-14T10:06:19.416+0000] {logging_mixin.py:154} INFO - [2023-11-14T10:06:19.416+0000] {dagbag.py:536} INFO - Filling up the DagBag from /home/airflow/.local/lib/python3.8/site-packages/airflow/example_dags/example_short_circuit_operator.py
[2023-11-14T10:06:19.422+0000] {processor.py:839} INFO - DAG(s) dict_keys(['example_short_circuit_operator']) retrieved from /home/airflow/.local/lib/python3.8/site-packages/airflow/example_dags/example_short_circuit_operator.py
[2023-11-14T10:06:19.443+0000] {logging_mixin.py:154} INFO - [2023-11-14T10:06:19.443+0000] {dag.py:2941} INFO - Sync 1 DAGs
[2023-11-14T10:06:19.460+0000] {logging_mixin.py:154} INFO - [2023-11-14T10:06:19.459+0000] {dag.py:3722} INFO - Setting next_dagrun for example_short_circuit_operator to 2023-11-13T10:06:19.459810+00:00, run_after=2023-11-14T10:06:19.459810+00:00
[2023-11-14T10:06:19.471+0000] {processor.py:179} INFO - Processing /home/airflow/.local/lib/python3.8/site-packages/airflow/example_dags/example_short_circuit_operator.py took 0.062 seconds
[2023-11-14T10:06:49.627+0000] {processor.py:157} INFO - Started process (PID=1444) to work on /home/airflow/.local/lib/python3.8/site-packages/airflow/example_dags/example_short_circuit_operator.py
[2023-11-14T10:06:49.628+0000] {processor.py:829} INFO - Processing file /home/airflow/.local/lib/python3.8/site-packages/airflow/example_dags/example_short_circuit_operator.py for tasks to queue
[2023-11-14T10:06:49.632+0000] {logging_mixin.py:154} INFO - [2023-11-14T10:06:49.631+0000] {dagbag.py:536} INFO - Filling up the DagBag from /home/airflow/.local/lib/python3.8/site-packages/airflow/example_dags/example_short_circuit_operator.py
[2023-11-14T10:06:49.641+0000] {processor.py:839} INFO - DAG(s) dict_keys(['example_short_circuit_operator']) retrieved from /home/airflow/.local/lib/python3.8/site-packages/airflow/example_dags/example_short_circuit_operator.py
[2023-11-14T10:06:49.662+0000] {logging_mixin.py:154} INFO - [2023-11-14T10:06:49.662+0000] {dag.py:2941} INFO - Sync 1 DAGs
[2023-11-14T10:06:49.677+0000] {logging_mixin.py:154} INFO - [2023-11-14T10:06:49.676+0000] {dag.py:3722} INFO - Setting next_dagrun for example_short_circuit_operator to 2023-11-13T10:06:49.676682+00:00, run_after=2023-11-14T10:06:49.676682+00:00
[2023-11-14T10:06:49.688+0000] {processor.py:179} INFO - Processing /home/airflow/.local/lib/python3.8/site-packages/airflow/example_dags/example_short_circuit_operator.py took 0.068 seconds
[2023-11-14T10:07:19.925+0000] {processor.py:157} INFO - Started process (PID=1498) to work on /home/airflow/.local/lib/python3.8/site-packages/airflow/example_dags/example_short_circuit_operator.py
[2023-11-14T10:07:19.928+0000] {processor.py:829} INFO - Processing file /home/airflow/.local/lib/python3.8/site-packages/airflow/example_dags/example_short_circuit_operator.py for tasks to queue
[2023-11-14T10:07:19.932+0000] {logging_mixin.py:154} INFO - [2023-11-14T10:07:19.931+0000] {dagbag.py:536} INFO - Filling up the DagBag from /home/airflow/.local/lib/python3.8/site-packages/airflow/example_dags/example_short_circuit_operator.py
[2023-11-14T10:07:19.942+0000] {processor.py:839} INFO - DAG(s) dict_keys(['example_short_circuit_operator']) retrieved from /home/airflow/.local/lib/python3.8/site-packages/airflow/example_dags/example_short_circuit_operator.py
[2023-11-14T10:07:19.963+0000] {logging_mixin.py:154} INFO - [2023-11-14T10:07:19.963+0000] {dag.py:2941} INFO - Sync 1 DAGs
[2023-11-14T10:07:19.978+0000] {logging_mixin.py:154} INFO - [2023-11-14T10:07:19.978+0000] {dag.py:3722} INFO - Setting next_dagrun for example_short_circuit_operator to 2023-11-13T10:07:19.977882+00:00, run_after=2023-11-14T10:07:19.977882+00:00
[2023-11-14T10:07:19.989+0000] {processor.py:179} INFO - Processing /home/airflow/.local/lib/python3.8/site-packages/airflow/example_dags/example_short_circuit_operator.py took 0.072 seconds
[2023-11-14T10:07:50.227+0000] {processor.py:157} INFO - Started process (PID=1552) to work on /home/airflow/.local/lib/python3.8/site-packages/airflow/example_dags/example_short_circuit_operator.py
[2023-11-14T10:07:50.228+0000] {processor.py:829} INFO - Processing file /home/airflow/.local/lib/python3.8/site-packages/airflow/example_dags/example_short_circuit_operator.py for tasks to queue
[2023-11-14T10:07:50.231+0000] {logging_mixin.py:154} INFO - [2023-11-14T10:07:50.231+0000] {dagbag.py:536} INFO - Filling up the DagBag from /home/airflow/.local/lib/python3.8/site-packages/airflow/example_dags/example_short_circuit_operator.py
[2023-11-14T10:07:50.238+0000] {processor.py:839} INFO - DAG(s) dict_keys(['example_short_circuit_operator']) retrieved from /home/airflow/.local/lib/python3.8/site-packages/airflow/example_dags/example_short_circuit_operator.py
[2023-11-14T10:07:50.259+0000] {logging_mixin.py:154} INFO - [2023-11-14T10:07:50.258+0000] {dag.py:2941} INFO - Sync 1 DAGs
[2023-11-14T10:07:50.274+0000] {logging_mixin.py:154} INFO - [2023-11-14T10:07:50.274+0000] {dag.py:3722} INFO - Setting next_dagrun for example_short_circuit_operator to 2023-11-13T10:07:50.273970+00:00, run_after=2023-11-14T10:07:50.273970+00:00
[2023-11-14T10:07:50.284+0000] {processor.py:179} INFO - Processing /home/airflow/.local/lib/python3.8/site-packages/airflow/example_dags/example_short_circuit_operator.py took 0.062 seconds
[2023-11-14T10:08:20.555+0000] {processor.py:157} INFO - Started process (PID=1606) to work on /home/airflow/.local/lib/python3.8/site-packages/airflow/example_dags/example_short_circuit_operator.py
[2023-11-14T10:08:20.556+0000] {processor.py:829} INFO - Processing file /home/airflow/.local/lib/python3.8/site-packages/airflow/example_dags/example_short_circuit_operator.py for tasks to queue
[2023-11-14T10:08:20.558+0000] {logging_mixin.py:154} INFO - [2023-11-14T10:08:20.558+0000] {dagbag.py:536} INFO - Filling up the DagBag from /home/airflow/.local/lib/python3.8/site-packages/airflow/example_dags/example_short_circuit_operator.py
[2023-11-14T10:08:20.567+0000] {processor.py:839} INFO - DAG(s) dict_keys(['example_short_circuit_operator']) retrieved from /home/airflow/.local/lib/python3.8/site-packages/airflow/example_dags/example_short_circuit_operator.py
[2023-11-14T10:08:20.588+0000] {logging_mixin.py:154} INFO - [2023-11-14T10:08:20.588+0000] {dag.py:2941} INFO - Sync 1 DAGs
[2023-11-14T10:08:20.604+0000] {logging_mixin.py:154} INFO - [2023-11-14T10:08:20.604+0000] {dag.py:3722} INFO - Setting next_dagrun for example_short_circuit_operator to 2023-11-13T10:08:20.603930+00:00, run_after=2023-11-14T10:08:20.603930+00:00
[2023-11-14T10:08:20.615+0000] {processor.py:179} INFO - Processing /home/airflow/.local/lib/python3.8/site-packages/airflow/example_dags/example_short_circuit_operator.py took 0.068 seconds
[2023-11-14T10:08:50.896+0000] {processor.py:157} INFO - Started process (PID=1660) to work on /home/airflow/.local/lib/python3.8/site-packages/airflow/example_dags/example_short_circuit_operator.py
[2023-11-14T10:08:50.897+0000] {processor.py:829} INFO - Processing file /home/airflow/.local/lib/python3.8/site-packages/airflow/example_dags/example_short_circuit_operator.py for tasks to queue
[2023-11-14T10:08:50.900+0000] {logging_mixin.py:154} INFO - [2023-11-14T10:08:50.900+0000] {dagbag.py:536} INFO - Filling up the DagBag from /home/airflow/.local/lib/python3.8/site-packages/airflow/example_dags/example_short_circuit_operator.py
[2023-11-14T10:08:50.908+0000] {processor.py:839} INFO - DAG(s) dict_keys(['example_short_circuit_operator']) retrieved from /home/airflow/.local/lib/python3.8/site-packages/airflow/example_dags/example_short_circuit_operator.py
[2023-11-14T10:08:50.930+0000] {logging_mixin.py:154} INFO - [2023-11-14T10:08:50.929+0000] {dag.py:2941} INFO - Sync 1 DAGs
[2023-11-14T10:08:50.944+0000] {logging_mixin.py:154} INFO - [2023-11-14T10:08:50.944+0000] {dag.py:3722} INFO - Setting next_dagrun for example_short_circuit_operator to 2023-11-13T10:08:50.944297+00:00, run_after=2023-11-14T10:08:50.944297+00:00
[2023-11-14T10:08:50.954+0000] {processor.py:179} INFO - Processing /home/airflow/.local/lib/python3.8/site-packages/airflow/example_dags/example_short_circuit_operator.py took 0.063 seconds
[2023-11-14T10:09:21.347+0000] {processor.py:157} INFO - Started process (PID=1714) to work on /home/airflow/.local/lib/python3.8/site-packages/airflow/example_dags/example_short_circuit_operator.py
[2023-11-14T10:09:21.348+0000] {processor.py:829} INFO - Processing file /home/airflow/.local/lib/python3.8/site-packages/airflow/example_dags/example_short_circuit_operator.py for tasks to queue
[2023-11-14T10:09:21.350+0000] {logging_mixin.py:154} INFO - [2023-11-14T10:09:21.350+0000] {dagbag.py:536} INFO - Filling up the DagBag from /home/airflow/.local/lib/python3.8/site-packages/airflow/example_dags/example_short_circuit_operator.py
[2023-11-14T10:09:21.357+0000] {processor.py:839} INFO - DAG(s) dict_keys(['example_short_circuit_operator']) retrieved from /home/airflow/.local/lib/python3.8/site-packages/airflow/example_dags/example_short_circuit_operator.py
[2023-11-14T10:09:21.378+0000] {logging_mixin.py:154} INFO - [2023-11-14T10:09:21.377+0000] {dag.py:2941} INFO - Sync 1 DAGs
[2023-11-14T10:09:21.394+0000] {logging_mixin.py:154} INFO - [2023-11-14T10:09:21.394+0000] {dag.py:3722} INFO - Setting next_dagrun for example_short_circuit_operator to 2023-11-13T10:09:21.394181+00:00, run_after=2023-11-14T10:09:21.394181+00:00
[2023-11-14T10:09:21.405+0000] {processor.py:179} INFO - Processing /home/airflow/.local/lib/python3.8/site-packages/airflow/example_dags/example_short_circuit_operator.py took 0.064 seconds
[2023-11-14T10:09:51.829+0000] {processor.py:157} INFO - Started process (PID=1768) to work on /home/airflow/.local/lib/python3.8/site-packages/airflow/example_dags/example_short_circuit_operator.py
[2023-11-14T10:09:51.830+0000] {processor.py:829} INFO - Processing file /home/airflow/.local/lib/python3.8/site-packages/airflow/example_dags/example_short_circuit_operator.py for tasks to queue
[2023-11-14T10:09:51.834+0000] {logging_mixin.py:154} INFO - [2023-11-14T10:09:51.833+0000] {dagbag.py:536} INFO - Filling up the DagBag from /home/airflow/.local/lib/python3.8/site-packages/airflow/example_dags/example_short_circuit_operator.py
[2023-11-14T10:09:51.841+0000] {processor.py:839} INFO - DAG(s) dict_keys(['example_short_circuit_operator']) retrieved from /home/airflow/.local/lib/python3.8/site-packages/airflow/example_dags/example_short_circuit_operator.py
[2023-11-14T10:09:51.861+0000] {logging_mixin.py:154} INFO - [2023-11-14T10:09:51.861+0000] {dag.py:2941} INFO - Sync 1 DAGs
[2023-11-14T10:09:51.993+0000] {logging_mixin.py:154} INFO - [2023-11-14T10:09:51.993+0000] {dag.py:3722} INFO - Setting next_dagrun for example_short_circuit_operator to 2023-11-13T10:09:51.993657+00:00, run_after=2023-11-14T10:09:51.993657+00:00
[2023-11-14T10:09:52.002+0000] {processor.py:179} INFO - Processing /home/airflow/.local/lib/python3.8/site-packages/airflow/example_dags/example_short_circuit_operator.py took 0.178 seconds
[2023-11-14T10:10:22.240+0000] {processor.py:157} INFO - Started process (PID=1822) to work on /home/airflow/.local/lib/python3.8/site-packages/airflow/example_dags/example_short_circuit_operator.py
[2023-11-14T10:10:22.240+0000] {processor.py:829} INFO - Processing file /home/airflow/.local/lib/python3.8/site-packages/airflow/example_dags/example_short_circuit_operator.py for tasks to queue
[2023-11-14T10:10:22.242+0000] {logging_mixin.py:154} INFO - [2023-11-14T10:10:22.242+0000] {dagbag.py:536} INFO - Filling up the DagBag from /home/airflow/.local/lib/python3.8/site-packages/airflow/example_dags/example_short_circuit_operator.py
[2023-11-14T10:10:22.247+0000] {processor.py:839} INFO - DAG(s) dict_keys(['example_short_circuit_operator']) retrieved from /home/airflow/.local/lib/python3.8/site-packages/airflow/example_dags/example_short_circuit_operator.py
[2023-11-14T10:10:22.260+0000] {logging_mixin.py:154} INFO - [2023-11-14T10:10:22.260+0000] {dag.py:2941} INFO - Sync 1 DAGs
[2023-11-14T10:10:22.272+0000] {logging_mixin.py:154} INFO - [2023-11-14T10:10:22.272+0000] {dag.py:3722} INFO - Setting next_dagrun for example_short_circuit_operator to 2023-11-13T10:10:22.271918+00:00, run_after=2023-11-14T10:10:22.271918+00:00
[2023-11-14T10:10:22.395+0000] {processor.py:179} INFO - Processing /home/airflow/.local/lib/python3.8/site-packages/airflow/example_dags/example_short_circuit_operator.py took 0.158 seconds
[2023-11-14T10:10:52.713+0000] {processor.py:157} INFO - Started process (PID=1876) to work on /home/airflow/.local/lib/python3.8/site-packages/airflow/example_dags/example_short_circuit_operator.py
[2023-11-14T10:10:52.714+0000] {processor.py:829} INFO - Processing file /home/airflow/.local/lib/python3.8/site-packages/airflow/example_dags/example_short_circuit_operator.py for tasks to queue
[2023-11-14T10:10:52.716+0000] {logging_mixin.py:154} INFO - [2023-11-14T10:10:52.716+0000] {dagbag.py:536} INFO - Filling up the DagBag from /home/airflow/.local/lib/python3.8/site-packages/airflow/example_dags/example_short_circuit_operator.py
[2023-11-14T10:10:52.722+0000] {processor.py:839} INFO - DAG(s) dict_keys(['example_short_circuit_operator']) retrieved from /home/airflow/.local/lib/python3.8/site-packages/airflow/example_dags/example_short_circuit_operator.py
[2023-11-14T10:10:52.739+0000] {logging_mixin.py:154} INFO - [2023-11-14T10:10:52.739+0000] {dag.py:2941} INFO - Sync 1 DAGs
[2023-11-14T10:10:52.752+0000] {logging_mixin.py:154} INFO - [2023-11-14T10:10:52.752+0000] {dag.py:3722} INFO - Setting next_dagrun for example_short_circuit_operator to 2023-11-13T10:10:52.752095+00:00, run_after=2023-11-14T10:10:52.752095+00:00
[2023-11-14T10:10:52.763+0000] {processor.py:179} INFO - Processing /home/airflow/.local/lib/python3.8/site-packages/airflow/example_dags/example_short_circuit_operator.py took 0.053 seconds
[2023-11-14T10:11:23.074+0000] {processor.py:157} INFO - Started process (PID=1930) to work on /home/airflow/.local/lib/python3.8/site-packages/airflow/example_dags/example_short_circuit_operator.py
[2023-11-14T10:11:23.075+0000] {processor.py:829} INFO - Processing file /home/airflow/.local/lib/python3.8/site-packages/airflow/example_dags/example_short_circuit_operator.py for tasks to queue
[2023-11-14T10:11:23.079+0000] {logging_mixin.py:154} INFO - [2023-11-14T10:11:23.079+0000] {dagbag.py:536} INFO - Filling up the DagBag from /home/airflow/.local/lib/python3.8/site-packages/airflow/example_dags/example_short_circuit_operator.py
[2023-11-14T10:11:23.090+0000] {processor.py:839} INFO - DAG(s) dict_keys(['example_short_circuit_operator']) retrieved from /home/airflow/.local/lib/python3.8/site-packages/airflow/example_dags/example_short_circuit_operator.py
[2023-11-14T10:11:23.115+0000] {logging_mixin.py:154} INFO - [2023-11-14T10:11:23.115+0000] {dag.py:2941} INFO - Sync 1 DAGs
[2023-11-14T10:11:23.132+0000] {logging_mixin.py:154} INFO - [2023-11-14T10:11:23.131+0000] {dag.py:3722} INFO - Setting next_dagrun for example_short_circuit_operator to 2023-11-13T10:11:23.131705+00:00, run_after=2023-11-14T10:11:23.131705+00:00
[2023-11-14T10:11:23.144+0000] {processor.py:179} INFO - Processing /home/airflow/.local/lib/python3.8/site-packages/airflow/example_dags/example_short_circuit_operator.py took 0.077 seconds
[2023-11-14T10:11:53.745+0000] {processor.py:157} INFO - Started process (PID=1984) to work on /home/airflow/.local/lib/python3.8/site-packages/airflow/example_dags/example_short_circuit_operator.py
[2023-11-14T10:11:53.746+0000] {processor.py:829} INFO - Processing file /home/airflow/.local/lib/python3.8/site-packages/airflow/example_dags/example_short_circuit_operator.py for tasks to queue
[2023-11-14T10:11:53.749+0000] {logging_mixin.py:154} INFO - [2023-11-14T10:11:53.749+0000] {dagbag.py:536} INFO - Filling up the DagBag from /home/airflow/.local/lib/python3.8/site-packages/airflow/example_dags/example_short_circuit_operator.py
[2023-11-14T10:11:53.756+0000] {processor.py:839} INFO - DAG(s) dict_keys(['example_short_circuit_operator']) retrieved from /home/airflow/.local/lib/python3.8/site-packages/airflow/example_dags/example_short_circuit_operator.py
[2023-11-14T10:11:53.779+0000] {logging_mixin.py:154} INFO - [2023-11-14T10:11:53.779+0000] {dag.py:2941} INFO - Sync 1 DAGs
[2023-11-14T10:11:53.912+0000] {logging_mixin.py:154} INFO - [2023-11-14T10:11:53.912+0000] {dag.py:3722} INFO - Setting next_dagrun for example_short_circuit_operator to 2023-11-13T10:11:53.912435+00:00, run_after=2023-11-14T10:11:53.912435+00:00
[2023-11-14T10:11:53.921+0000] {processor.py:179} INFO - Processing /home/airflow/.local/lib/python3.8/site-packages/airflow/example_dags/example_short_circuit_operator.py took 0.179 seconds
[2023-11-14T10:12:23.981+0000] {processor.py:157} INFO - Started process (PID=2038) to work on /home/airflow/.local/lib/python3.8/site-packages/airflow/example_dags/example_short_circuit_operator.py
[2023-11-14T10:12:23.982+0000] {processor.py:829} INFO - Processing file /home/airflow/.local/lib/python3.8/site-packages/airflow/example_dags/example_short_circuit_operator.py for tasks to queue
[2023-11-14T10:12:23.985+0000] {logging_mixin.py:154} INFO - [2023-11-14T10:12:23.984+0000] {dagbag.py:536} INFO - Filling up the DagBag from /home/airflow/.local/lib/python3.8/site-packages/airflow/example_dags/example_short_circuit_operator.py
[2023-11-14T10:12:23.993+0000] {processor.py:839} INFO - DAG(s) dict_keys(['example_short_circuit_operator']) retrieved from /home/airflow/.local/lib/python3.8/site-packages/airflow/example_dags/example_short_circuit_operator.py
[2023-11-14T10:12:24.014+0000] {logging_mixin.py:154} INFO - [2023-11-14T10:12:24.014+0000] {dag.py:2941} INFO - Sync 1 DAGs
[2023-11-14T10:12:24.030+0000] {logging_mixin.py:154} INFO - [2023-11-14T10:12:24.030+0000] {dag.py:3722} INFO - Setting next_dagrun for example_short_circuit_operator to 2023-11-13T10:12:24.030080+00:00, run_after=2023-11-14T10:12:24.030080+00:00
[2023-11-14T10:12:24.144+0000] {processor.py:179} INFO - Processing /home/airflow/.local/lib/python3.8/site-packages/airflow/example_dags/example_short_circuit_operator.py took 0.167 seconds
[2023-11-14T10:12:54.407+0000] {processor.py:157} INFO - Started process (PID=2092) to work on /home/airflow/.local/lib/python3.8/site-packages/airflow/example_dags/example_short_circuit_operator.py
[2023-11-14T10:12:54.408+0000] {processor.py:829} INFO - Processing file /home/airflow/.local/lib/python3.8/site-packages/airflow/example_dags/example_short_circuit_operator.py for tasks to queue
[2023-11-14T10:12:54.411+0000] {logging_mixin.py:154} INFO - [2023-11-14T10:12:54.410+0000] {dagbag.py:536} INFO - Filling up the DagBag from /home/airflow/.local/lib/python3.8/site-packages/airflow/example_dags/example_short_circuit_operator.py
[2023-11-14T10:12:54.416+0000] {processor.py:839} INFO - DAG(s) dict_keys(['example_short_circuit_operator']) retrieved from /home/airflow/.local/lib/python3.8/site-packages/airflow/example_dags/example_short_circuit_operator.py
[2023-11-14T10:12:54.431+0000] {logging_mixin.py:154} INFO - [2023-11-14T10:12:54.431+0000] {dag.py:2941} INFO - Sync 1 DAGs
[2023-11-14T10:12:54.442+0000] {logging_mixin.py:154} INFO - [2023-11-14T10:12:54.442+0000] {dag.py:3722} INFO - Setting next_dagrun for example_short_circuit_operator to 2023-11-13T10:12:54.442725+00:00, run_after=2023-11-14T10:12:54.442725+00:00
[2023-11-14T10:12:54.452+0000] {processor.py:179} INFO - Processing /home/airflow/.local/lib/python3.8/site-packages/airflow/example_dags/example_short_circuit_operator.py took 0.049 seconds
[2023-11-14T10:13:44.083+0000] {processor.py:157} INFO - Started process (PID=2153) to work on /home/airflow/.local/lib/python3.8/site-packages/airflow/example_dags/example_short_circuit_operator.py
[2023-11-14T10:13:44.086+0000] {processor.py:829} INFO - Processing file /home/airflow/.local/lib/python3.8/site-packages/airflow/example_dags/example_short_circuit_operator.py for tasks to queue
[2023-11-14T10:13:44.089+0000] {logging_mixin.py:154} INFO - [2023-11-14T10:13:44.088+0000] {dagbag.py:536} INFO - Filling up the DagBag from /home/airflow/.local/lib/python3.8/site-packages/airflow/example_dags/example_short_circuit_operator.py
[2023-11-14T10:13:44.098+0000] {processor.py:839} INFO - DAG(s) dict_keys(['example_short_circuit_operator']) retrieved from /home/airflow/.local/lib/python3.8/site-packages/airflow/example_dags/example_short_circuit_operator.py
[2023-11-14T10:13:44.126+0000] {logging_mixin.py:154} INFO - [2023-11-14T10:13:44.126+0000] {dag.py:2941} INFO - Sync 1 DAGs
[2023-11-14T10:13:44.140+0000] {logging_mixin.py:154} INFO - [2023-11-14T10:13:44.140+0000] {dag.py:3722} INFO - Setting next_dagrun for example_short_circuit_operator to 2023-11-13T10:13:44.140136+00:00, run_after=2023-11-14T10:13:44.140136+00:00
[2023-11-14T10:13:44.151+0000] {processor.py:179} INFO - Processing /home/airflow/.local/lib/python3.8/site-packages/airflow/example_dags/example_short_circuit_operator.py took 0.074 seconds
[2023-11-14T10:14:30.102+0000] {processor.py:157} INFO - Started process (PID=2208) to work on /home/airflow/.local/lib/python3.8/site-packages/airflow/example_dags/example_short_circuit_operator.py
[2023-11-14T10:14:30.103+0000] {processor.py:829} INFO - Processing file /home/airflow/.local/lib/python3.8/site-packages/airflow/example_dags/example_short_circuit_operator.py for tasks to queue
[2023-11-14T10:14:30.105+0000] {logging_mixin.py:154} INFO - [2023-11-14T10:14:30.104+0000] {dagbag.py:536} INFO - Filling up the DagBag from /home/airflow/.local/lib/python3.8/site-packages/airflow/example_dags/example_short_circuit_operator.py
[2023-11-14T10:14:30.113+0000] {processor.py:839} INFO - DAG(s) dict_keys(['example_short_circuit_operator']) retrieved from /home/airflow/.local/lib/python3.8/site-packages/airflow/example_dags/example_short_circuit_operator.py
[2023-11-14T10:14:30.415+0000] {logging_mixin.py:154} INFO - [2023-11-14T10:14:30.411+0000] {dag.py:2941} INFO - Sync 1 DAGs
[2023-11-14T10:14:46.039+0000] {logging_mixin.py:154} INFO - [2023-11-14T10:14:46.039+0000] {dag.py:3722} INFO - Setting next_dagrun for example_short_circuit_operator to 2023-11-13T10:14:46.038986+00:00, run_after=2023-11-14T10:14:46.038986+00:00
[2023-11-14T10:14:46.082+0000] {processor.py:179} INFO - Processing /home/airflow/.local/lib/python3.8/site-packages/airflow/example_dags/example_short_circuit_operator.py took 15.983 seconds
[2023-11-14T10:17:55.921+0000] {processor.py:157} INFO - Started process (PID=2262) to work on /home/airflow/.local/lib/python3.8/site-packages/airflow/example_dags/example_short_circuit_operator.py
[2023-11-14T10:17:55.923+0000] {processor.py:829} INFO - Processing file /home/airflow/.local/lib/python3.8/site-packages/airflow/example_dags/example_short_circuit_operator.py for tasks to queue
[2023-11-14T10:17:55.925+0000] {logging_mixin.py:154} INFO - [2023-11-14T10:17:55.924+0000] {dagbag.py:536} INFO - Filling up the DagBag from /home/airflow/.local/lib/python3.8/site-packages/airflow/example_dags/example_short_circuit_operator.py
[2023-11-14T10:17:55.931+0000] {processor.py:839} INFO - DAG(s) dict_keys(['example_short_circuit_operator']) retrieved from /home/airflow/.local/lib/python3.8/site-packages/airflow/example_dags/example_short_circuit_operator.py
[2023-11-14T10:17:55.948+0000] {logging_mixin.py:154} INFO - [2023-11-14T10:17:55.948+0000] {dag.py:2941} INFO - Sync 1 DAGs
[2023-11-14T10:17:55.962+0000] {logging_mixin.py:154} INFO - [2023-11-14T10:17:55.962+0000] {dag.py:3722} INFO - Setting next_dagrun for example_short_circuit_operator to 2023-11-13T10:17:55.962337+00:00, run_after=2023-11-14T10:17:55.962337+00:00
[2023-11-14T10:17:55.978+0000] {processor.py:179} INFO - Processing /home/airflow/.local/lib/python3.8/site-packages/airflow/example_dags/example_short_circuit_operator.py took 0.061 seconds
[2023-11-14T10:20:16.527+0000] {processor.py:157} INFO - Started process (PID=2309) to work on /home/airflow/.local/lib/python3.8/site-packages/airflow/example_dags/example_short_circuit_operator.py
[2023-11-14T10:20:16.531+0000] {processor.py:829} INFO - Processing file /home/airflow/.local/lib/python3.8/site-packages/airflow/example_dags/example_short_circuit_operator.py for tasks to queue
[2023-11-14T10:20:16.534+0000] {logging_mixin.py:154} INFO - [2023-11-14T10:20:16.533+0000] {dagbag.py:536} INFO - Filling up the DagBag from /home/airflow/.local/lib/python3.8/site-packages/airflow/example_dags/example_short_circuit_operator.py
[2023-11-14T10:20:16.544+0000] {processor.py:839} INFO - DAG(s) dict_keys(['example_short_circuit_operator']) retrieved from /home/airflow/.local/lib/python3.8/site-packages/airflow/example_dags/example_short_circuit_operator.py
[2023-11-14T10:20:16.564+0000] {logging_mixin.py:154} INFO - [2023-11-14T10:20:16.563+0000] {dag.py:2941} INFO - Sync 1 DAGs
[2023-11-14T10:20:16.580+0000] {logging_mixin.py:154} INFO - [2023-11-14T10:20:16.580+0000] {dag.py:3722} INFO - Setting next_dagrun for example_short_circuit_operator to 2023-11-13T10:20:16.580505+00:00, run_after=2023-11-14T10:20:16.580505+00:00
[2023-11-14T10:20:16.593+0000] {processor.py:179} INFO - Processing /home/airflow/.local/lib/python3.8/site-packages/airflow/example_dags/example_short_circuit_operator.py took 0.071 seconds
