[2023-11-14T09:52:50.232+0000] {processor.py:157} INFO - Started process (PID=61) to work on /home/airflow/.local/lib/python3.8/site-packages/airflow/example_dags/example_skip_dag.py
[2023-11-14T09:52:50.233+0000] {processor.py:829} INFO - Processing file /home/airflow/.local/lib/python3.8/site-packages/airflow/example_dags/example_skip_dag.py for tasks to queue
[2023-11-14T09:52:50.234+0000] {logging_mixin.py:154} INFO - [2023-11-14T09:52:50.234+0000] {dagbag.py:536} INFO - Filling up the DagBag from /home/airflow/.local/lib/python3.8/site-packages/airflow/example_dags/example_skip_dag.py
[2023-11-14T09:52:50.239+0000] {processor.py:839} INFO - DAG(s) dict_keys(['example_skip_dag']) retrieved from /home/airflow/.local/lib/python3.8/site-packages/airflow/example_dags/example_skip_dag.py
[2023-11-14T09:52:50.255+0000] {logging_mixin.py:154} INFO - [2023-11-14T09:52:50.255+0000] {dag.py:2941} INFO - Sync 1 DAGs
[2023-11-14T09:52:50.267+0000] {logging_mixin.py:154} INFO - [2023-11-14T09:52:50.266+0000] {dag.py:3722} INFO - Setting next_dagrun for example_skip_dag to 2023-11-13T09:52:50.266807+00:00, run_after=2023-11-14T09:52:50.266807+00:00
[2023-11-14T09:52:50.275+0000] {processor.py:179} INFO - Processing /home/airflow/.local/lib/python3.8/site-packages/airflow/example_dags/example_skip_dag.py took 0.046 seconds
[2023-11-14T09:53:40.894+0000] {processor.py:157} INFO - Started process (PID=62) to work on /home/airflow/.local/lib/python3.8/site-packages/airflow/example_dags/example_skip_dag.py
[2023-11-14T09:53:40.895+0000] {processor.py:829} INFO - Processing file /home/airflow/.local/lib/python3.8/site-packages/airflow/example_dags/example_skip_dag.py for tasks to queue
[2023-11-14T09:53:40.898+0000] {logging_mixin.py:154} INFO - [2023-11-14T09:53:40.898+0000] {dagbag.py:536} INFO - Filling up the DagBag from /home/airflow/.local/lib/python3.8/site-packages/airflow/example_dags/example_skip_dag.py
[2023-11-14T09:53:40.903+0000] {processor.py:839} INFO - DAG(s) dict_keys(['example_skip_dag']) retrieved from /home/airflow/.local/lib/python3.8/site-packages/airflow/example_dags/example_skip_dag.py
[2023-11-14T09:53:40.911+0000] {logging_mixin.py:154} INFO - [2023-11-14T09:53:40.911+0000] {dag.py:2941} INFO - Sync 1 DAGs
[2023-11-14T09:53:40.924+0000] {logging_mixin.py:154} INFO - [2023-11-14T09:53:40.923+0000] {dag.py:3722} INFO - Setting next_dagrun for example_skip_dag to 2023-11-13T09:53:40.923812+00:00, run_after=2023-11-14T09:53:40.923812+00:00
[2023-11-14T09:53:40.933+0000] {processor.py:179} INFO - Processing /home/airflow/.local/lib/python3.8/site-packages/airflow/example_dags/example_skip_dag.py took 0.041 seconds
[2023-11-14T09:54:11.143+0000] {processor.py:157} INFO - Started process (PID=115) to work on /home/airflow/.local/lib/python3.8/site-packages/airflow/example_dags/example_skip_dag.py
[2023-11-14T09:54:11.144+0000] {processor.py:829} INFO - Processing file /home/airflow/.local/lib/python3.8/site-packages/airflow/example_dags/example_skip_dag.py for tasks to queue
[2023-11-14T09:54:11.145+0000] {logging_mixin.py:154} INFO - [2023-11-14T09:54:11.145+0000] {dagbag.py:536} INFO - Filling up the DagBag from /home/airflow/.local/lib/python3.8/site-packages/airflow/example_dags/example_skip_dag.py
[2023-11-14T09:54:11.149+0000] {processor.py:839} INFO - DAG(s) dict_keys(['example_skip_dag']) retrieved from /home/airflow/.local/lib/python3.8/site-packages/airflow/example_dags/example_skip_dag.py
[2023-11-14T09:54:11.161+0000] {logging_mixin.py:154} INFO - [2023-11-14T09:54:11.161+0000] {dag.py:2941} INFO - Sync 1 DAGs
[2023-11-14T09:54:11.171+0000] {logging_mixin.py:154} INFO - [2023-11-14T09:54:11.171+0000] {dag.py:3722} INFO - Setting next_dagrun for example_skip_dag to 2023-11-13T09:54:11.171394+00:00, run_after=2023-11-14T09:54:11.171394+00:00
[2023-11-14T09:54:11.179+0000] {processor.py:179} INFO - Processing /home/airflow/.local/lib/python3.8/site-packages/airflow/example_dags/example_skip_dag.py took 0.038 seconds
[2023-11-14T09:54:41.635+0000] {processor.py:157} INFO - Started process (PID=168) to work on /home/airflow/.local/lib/python3.8/site-packages/airflow/example_dags/example_skip_dag.py
[2023-11-14T09:54:41.636+0000] {processor.py:829} INFO - Processing file /home/airflow/.local/lib/python3.8/site-packages/airflow/example_dags/example_skip_dag.py for tasks to queue
[2023-11-14T09:54:41.638+0000] {logging_mixin.py:154} INFO - [2023-11-14T09:54:41.637+0000] {dagbag.py:536} INFO - Filling up the DagBag from /home/airflow/.local/lib/python3.8/site-packages/airflow/example_dags/example_skip_dag.py
[2023-11-14T09:54:41.642+0000] {processor.py:839} INFO - DAG(s) dict_keys(['example_skip_dag']) retrieved from /home/airflow/.local/lib/python3.8/site-packages/airflow/example_dags/example_skip_dag.py
[2023-11-14T09:54:41.659+0000] {logging_mixin.py:154} INFO - [2023-11-14T09:54:41.658+0000] {dag.py:2941} INFO - Sync 1 DAGs
[2023-11-14T09:54:41.672+0000] {logging_mixin.py:154} INFO - [2023-11-14T09:54:41.672+0000] {dag.py:3722} INFO - Setting next_dagrun for example_skip_dag to 2023-11-13T09:54:41.672233+00:00, run_after=2023-11-14T09:54:41.672233+00:00
[2023-11-14T09:54:41.683+0000] {processor.py:179} INFO - Processing /home/airflow/.local/lib/python3.8/site-packages/airflow/example_dags/example_skip_dag.py took 0.051 seconds
[2023-11-14T09:55:11.961+0000] {processor.py:157} INFO - Started process (PID=222) to work on /home/airflow/.local/lib/python3.8/site-packages/airflow/example_dags/example_skip_dag.py
[2023-11-14T09:55:11.961+0000] {processor.py:829} INFO - Processing file /home/airflow/.local/lib/python3.8/site-packages/airflow/example_dags/example_skip_dag.py for tasks to queue
[2023-11-14T09:55:11.963+0000] {logging_mixin.py:154} INFO - [2023-11-14T09:55:11.963+0000] {dagbag.py:536} INFO - Filling up the DagBag from /home/airflow/.local/lib/python3.8/site-packages/airflow/example_dags/example_skip_dag.py
[2023-11-14T09:55:11.967+0000] {processor.py:839} INFO - DAG(s) dict_keys(['example_skip_dag']) retrieved from /home/airflow/.local/lib/python3.8/site-packages/airflow/example_dags/example_skip_dag.py
[2023-11-14T09:55:11.979+0000] {logging_mixin.py:154} INFO - [2023-11-14T09:55:11.979+0000] {dag.py:2941} INFO - Sync 1 DAGs
[2023-11-14T09:55:11.990+0000] {logging_mixin.py:154} INFO - [2023-11-14T09:55:11.990+0000] {dag.py:3722} INFO - Setting next_dagrun for example_skip_dag to 2023-11-13T09:55:11.990029+00:00, run_after=2023-11-14T09:55:11.990029+00:00
[2023-11-14T09:55:11.999+0000] {processor.py:179} INFO - Processing /home/airflow/.local/lib/python3.8/site-packages/airflow/example_dags/example_skip_dag.py took 0.041 seconds
[2023-11-14T09:55:42.244+0000] {processor.py:157} INFO - Started process (PID=276) to work on /home/airflow/.local/lib/python3.8/site-packages/airflow/example_dags/example_skip_dag.py
[2023-11-14T09:55:42.245+0000] {processor.py:829} INFO - Processing file /home/airflow/.local/lib/python3.8/site-packages/airflow/example_dags/example_skip_dag.py for tasks to queue
[2023-11-14T09:55:42.247+0000] {logging_mixin.py:154} INFO - [2023-11-14T09:55:42.247+0000] {dagbag.py:536} INFO - Filling up the DagBag from /home/airflow/.local/lib/python3.8/site-packages/airflow/example_dags/example_skip_dag.py
[2023-11-14T09:55:42.251+0000] {processor.py:839} INFO - DAG(s) dict_keys(['example_skip_dag']) retrieved from /home/airflow/.local/lib/python3.8/site-packages/airflow/example_dags/example_skip_dag.py
[2023-11-14T09:55:42.264+0000] {logging_mixin.py:154} INFO - [2023-11-14T09:55:42.263+0000] {dag.py:2941} INFO - Sync 1 DAGs
[2023-11-14T09:55:42.275+0000] {logging_mixin.py:154} INFO - [2023-11-14T09:55:42.275+0000] {dag.py:3722} INFO - Setting next_dagrun for example_skip_dag to 2023-11-13T09:55:42.275527+00:00, run_after=2023-11-14T09:55:42.275527+00:00
[2023-11-14T09:55:42.284+0000] {processor.py:179} INFO - Processing /home/airflow/.local/lib/python3.8/site-packages/airflow/example_dags/example_skip_dag.py took 0.042 seconds
[2023-11-14T09:56:12.940+0000] {processor.py:157} INFO - Started process (PID=330) to work on /home/airflow/.local/lib/python3.8/site-packages/airflow/example_dags/example_skip_dag.py
[2023-11-14T09:56:12.941+0000] {processor.py:829} INFO - Processing file /home/airflow/.local/lib/python3.8/site-packages/airflow/example_dags/example_skip_dag.py for tasks to queue
[2023-11-14T09:56:12.943+0000] {logging_mixin.py:154} INFO - [2023-11-14T09:56:12.943+0000] {dagbag.py:536} INFO - Filling up the DagBag from /home/airflow/.local/lib/python3.8/site-packages/airflow/example_dags/example_skip_dag.py
[2023-11-14T09:56:12.948+0000] {processor.py:839} INFO - DAG(s) dict_keys(['example_skip_dag']) retrieved from /home/airflow/.local/lib/python3.8/site-packages/airflow/example_dags/example_skip_dag.py
[2023-11-14T09:56:12.964+0000] {logging_mixin.py:154} INFO - [2023-11-14T09:56:12.963+0000] {dag.py:2941} INFO - Sync 1 DAGs
[2023-11-14T09:56:12.977+0000] {logging_mixin.py:154} INFO - [2023-11-14T09:56:12.977+0000] {dag.py:3722} INFO - Setting next_dagrun for example_skip_dag to 2023-11-13T09:56:12.976868+00:00, run_after=2023-11-14T09:56:12.976868+00:00
[2023-11-14T09:56:12.989+0000] {processor.py:179} INFO - Processing /home/airflow/.local/lib/python3.8/site-packages/airflow/example_dags/example_skip_dag.py took 0.052 seconds
[2023-11-14T09:56:43.304+0000] {processor.py:157} INFO - Started process (PID=384) to work on /home/airflow/.local/lib/python3.8/site-packages/airflow/example_dags/example_skip_dag.py
[2023-11-14T09:56:43.305+0000] {processor.py:829} INFO - Processing file /home/airflow/.local/lib/python3.8/site-packages/airflow/example_dags/example_skip_dag.py for tasks to queue
[2023-11-14T09:56:43.307+0000] {logging_mixin.py:154} INFO - [2023-11-14T09:56:43.307+0000] {dagbag.py:536} INFO - Filling up the DagBag from /home/airflow/.local/lib/python3.8/site-packages/airflow/example_dags/example_skip_dag.py
[2023-11-14T09:56:43.311+0000] {processor.py:839} INFO - DAG(s) dict_keys(['example_skip_dag']) retrieved from /home/airflow/.local/lib/python3.8/site-packages/airflow/example_dags/example_skip_dag.py
[2023-11-14T09:56:43.320+0000] {logging_mixin.py:154} INFO - [2023-11-14T09:56:43.320+0000] {dag.py:2941} INFO - Sync 1 DAGs
[2023-11-14T09:56:43.333+0000] {logging_mixin.py:154} INFO - [2023-11-14T09:56:43.333+0000] {dag.py:3722} INFO - Setting next_dagrun for example_skip_dag to 2023-11-13T09:56:43.332870+00:00, run_after=2023-11-14T09:56:43.332870+00:00
[2023-11-14T09:56:43.342+0000] {processor.py:179} INFO - Processing /home/airflow/.local/lib/python3.8/site-packages/airflow/example_dags/example_skip_dag.py took 0.040 seconds
[2023-11-14T09:57:13.621+0000] {processor.py:157} INFO - Started process (PID=439) to work on /home/airflow/.local/lib/python3.8/site-packages/airflow/example_dags/example_skip_dag.py
[2023-11-14T09:57:13.622+0000] {processor.py:829} INFO - Processing file /home/airflow/.local/lib/python3.8/site-packages/airflow/example_dags/example_skip_dag.py for tasks to queue
[2023-11-14T09:57:13.624+0000] {logging_mixin.py:154} INFO - [2023-11-14T09:57:13.624+0000] {dagbag.py:536} INFO - Filling up the DagBag from /home/airflow/.local/lib/python3.8/site-packages/airflow/example_dags/example_skip_dag.py
[2023-11-14T09:57:13.628+0000] {processor.py:839} INFO - DAG(s) dict_keys(['example_skip_dag']) retrieved from /home/airflow/.local/lib/python3.8/site-packages/airflow/example_dags/example_skip_dag.py
[2023-11-14T09:57:13.643+0000] {logging_mixin.py:154} INFO - [2023-11-14T09:57:13.642+0000] {dag.py:2941} INFO - Sync 1 DAGs
[2023-11-14T09:57:13.656+0000] {logging_mixin.py:154} INFO - [2023-11-14T09:57:13.656+0000] {dag.py:3722} INFO - Setting next_dagrun for example_skip_dag to 2023-11-13T09:57:13.656434+00:00, run_after=2023-11-14T09:57:13.656434+00:00
[2023-11-14T09:57:13.667+0000] {processor.py:179} INFO - Processing /home/airflow/.local/lib/python3.8/site-packages/airflow/example_dags/example_skip_dag.py took 0.049 seconds
[2023-11-14T09:57:44.618+0000] {processor.py:157} INFO - Started process (PID=493) to work on /home/airflow/.local/lib/python3.8/site-packages/airflow/example_dags/example_skip_dag.py
[2023-11-14T09:57:44.619+0000] {processor.py:829} INFO - Processing file /home/airflow/.local/lib/python3.8/site-packages/airflow/example_dags/example_skip_dag.py for tasks to queue
[2023-11-14T09:57:44.620+0000] {logging_mixin.py:154} INFO - [2023-11-14T09:57:44.620+0000] {dagbag.py:536} INFO - Filling up the DagBag from /home/airflow/.local/lib/python3.8/site-packages/airflow/example_dags/example_skip_dag.py
[2023-11-14T09:57:44.624+0000] {processor.py:839} INFO - DAG(s) dict_keys(['example_skip_dag']) retrieved from /home/airflow/.local/lib/python3.8/site-packages/airflow/example_dags/example_skip_dag.py
[2023-11-14T09:57:44.636+0000] {logging_mixin.py:154} INFO - [2023-11-14T09:57:44.636+0000] {dag.py:2941} INFO - Sync 1 DAGs
[2023-11-14T09:57:44.649+0000] {logging_mixin.py:154} INFO - [2023-11-14T09:57:44.649+0000] {dag.py:3722} INFO - Setting next_dagrun for example_skip_dag to 2023-11-13T09:57:44.649410+00:00, run_after=2023-11-14T09:57:44.649410+00:00
[2023-11-14T09:57:44.659+0000] {processor.py:179} INFO - Processing /home/airflow/.local/lib/python3.8/site-packages/airflow/example_dags/example_skip_dag.py took 0.044 seconds
[2023-11-14T09:58:14.831+0000] {processor.py:157} INFO - Started process (PID=547) to work on /home/airflow/.local/lib/python3.8/site-packages/airflow/example_dags/example_skip_dag.py
[2023-11-14T09:58:14.831+0000] {processor.py:829} INFO - Processing file /home/airflow/.local/lib/python3.8/site-packages/airflow/example_dags/example_skip_dag.py for tasks to queue
[2023-11-14T09:58:14.833+0000] {logging_mixin.py:154} INFO - [2023-11-14T09:58:14.833+0000] {dagbag.py:536} INFO - Filling up the DagBag from /home/airflow/.local/lib/python3.8/site-packages/airflow/example_dags/example_skip_dag.py
[2023-11-14T09:58:14.837+0000] {processor.py:839} INFO - DAG(s) dict_keys(['example_skip_dag']) retrieved from /home/airflow/.local/lib/python3.8/site-packages/airflow/example_dags/example_skip_dag.py
[2023-11-14T09:58:14.850+0000] {logging_mixin.py:154} INFO - [2023-11-14T09:58:14.850+0000] {dag.py:2941} INFO - Sync 1 DAGs
[2023-11-14T09:58:14.861+0000] {logging_mixin.py:154} INFO - [2023-11-14T09:58:14.861+0000] {dag.py:3722} INFO - Setting next_dagrun for example_skip_dag to 2023-11-13T09:58:14.861660+00:00, run_after=2023-11-14T09:58:14.861660+00:00
[2023-11-14T09:58:14.870+0000] {processor.py:179} INFO - Processing /home/airflow/.local/lib/python3.8/site-packages/airflow/example_dags/example_skip_dag.py took 0.042 seconds
[2023-11-14T09:58:44.921+0000] {processor.py:157} INFO - Started process (PID=601) to work on /home/airflow/.local/lib/python3.8/site-packages/airflow/example_dags/example_skip_dag.py
[2023-11-14T09:58:44.922+0000] {processor.py:829} INFO - Processing file /home/airflow/.local/lib/python3.8/site-packages/airflow/example_dags/example_skip_dag.py for tasks to queue
[2023-11-14T09:58:44.923+0000] {logging_mixin.py:154} INFO - [2023-11-14T09:58:44.923+0000] {dagbag.py:536} INFO - Filling up the DagBag from /home/airflow/.local/lib/python3.8/site-packages/airflow/example_dags/example_skip_dag.py
[2023-11-14T09:58:44.927+0000] {processor.py:839} INFO - DAG(s) dict_keys(['example_skip_dag']) retrieved from /home/airflow/.local/lib/python3.8/site-packages/airflow/example_dags/example_skip_dag.py
[2023-11-14T09:58:44.940+0000] {logging_mixin.py:154} INFO - [2023-11-14T09:58:44.940+0000] {dag.py:2941} INFO - Sync 1 DAGs
[2023-11-14T09:58:44.951+0000] {logging_mixin.py:154} INFO - [2023-11-14T09:58:44.951+0000] {dag.py:3722} INFO - Setting next_dagrun for example_skip_dag to 2023-11-13T09:58:44.951550+00:00, run_after=2023-11-14T09:58:44.951550+00:00
[2023-11-14T09:58:44.960+0000] {processor.py:179} INFO - Processing /home/airflow/.local/lib/python3.8/site-packages/airflow/example_dags/example_skip_dag.py took 0.041 seconds
[2023-11-14T09:59:15.366+0000] {processor.py:157} INFO - Started process (PID=655) to work on /home/airflow/.local/lib/python3.8/site-packages/airflow/example_dags/example_skip_dag.py
[2023-11-14T09:59:15.367+0000] {processor.py:829} INFO - Processing file /home/airflow/.local/lib/python3.8/site-packages/airflow/example_dags/example_skip_dag.py for tasks to queue
[2023-11-14T09:59:15.369+0000] {logging_mixin.py:154} INFO - [2023-11-14T09:59:15.369+0000] {dagbag.py:536} INFO - Filling up the DagBag from /home/airflow/.local/lib/python3.8/site-packages/airflow/example_dags/example_skip_dag.py
[2023-11-14T09:59:15.374+0000] {processor.py:839} INFO - DAG(s) dict_keys(['example_skip_dag']) retrieved from /home/airflow/.local/lib/python3.8/site-packages/airflow/example_dags/example_skip_dag.py
[2023-11-14T09:59:15.388+0000] {logging_mixin.py:154} INFO - [2023-11-14T09:59:15.388+0000] {dag.py:2941} INFO - Sync 1 DAGs
[2023-11-14T09:59:15.403+0000] {logging_mixin.py:154} INFO - [2023-11-14T09:59:15.402+0000] {dag.py:3722} INFO - Setting next_dagrun for example_skip_dag to 2023-11-13T09:59:15.402751+00:00, run_after=2023-11-14T09:59:15.402751+00:00
[2023-11-14T09:59:15.417+0000] {processor.py:179} INFO - Processing /home/airflow/.local/lib/python3.8/site-packages/airflow/example_dags/example_skip_dag.py took 0.054 seconds
[2023-11-14T09:59:45.737+0000] {processor.py:157} INFO - Started process (PID=709) to work on /home/airflow/.local/lib/python3.8/site-packages/airflow/example_dags/example_skip_dag.py
[2023-11-14T09:59:45.738+0000] {processor.py:829} INFO - Processing file /home/airflow/.local/lib/python3.8/site-packages/airflow/example_dags/example_skip_dag.py for tasks to queue
[2023-11-14T09:59:45.740+0000] {logging_mixin.py:154} INFO - [2023-11-14T09:59:45.740+0000] {dagbag.py:536} INFO - Filling up the DagBag from /home/airflow/.local/lib/python3.8/site-packages/airflow/example_dags/example_skip_dag.py
[2023-11-14T09:59:45.745+0000] {processor.py:839} INFO - DAG(s) dict_keys(['example_skip_dag']) retrieved from /home/airflow/.local/lib/python3.8/site-packages/airflow/example_dags/example_skip_dag.py
[2023-11-14T09:59:45.758+0000] {logging_mixin.py:154} INFO - [2023-11-14T09:59:45.758+0000] {dag.py:2941} INFO - Sync 1 DAGs
[2023-11-14T09:59:45.770+0000] {logging_mixin.py:154} INFO - [2023-11-14T09:59:45.770+0000] {dag.py:3722} INFO - Setting next_dagrun for example_skip_dag to 2023-11-13T09:59:45.770224+00:00, run_after=2023-11-14T09:59:45.770224+00:00
[2023-11-14T09:59:45.779+0000] {processor.py:179} INFO - Processing /home/airflow/.local/lib/python3.8/site-packages/airflow/example_dags/example_skip_dag.py took 0.044 seconds
[2023-11-14T10:00:16.068+0000] {processor.py:157} INFO - Started process (PID=763) to work on /home/airflow/.local/lib/python3.8/site-packages/airflow/example_dags/example_skip_dag.py
[2023-11-14T10:00:16.068+0000] {processor.py:829} INFO - Processing file /home/airflow/.local/lib/python3.8/site-packages/airflow/example_dags/example_skip_dag.py for tasks to queue
[2023-11-14T10:00:16.070+0000] {logging_mixin.py:154} INFO - [2023-11-14T10:00:16.070+0000] {dagbag.py:536} INFO - Filling up the DagBag from /home/airflow/.local/lib/python3.8/site-packages/airflow/example_dags/example_skip_dag.py
[2023-11-14T10:00:16.076+0000] {processor.py:839} INFO - DAG(s) dict_keys(['example_skip_dag']) retrieved from /home/airflow/.local/lib/python3.8/site-packages/airflow/example_dags/example_skip_dag.py
[2023-11-14T10:00:16.095+0000] {logging_mixin.py:154} INFO - [2023-11-14T10:00:16.095+0000] {dag.py:2941} INFO - Sync 1 DAGs
[2023-11-14T10:00:16.109+0000] {logging_mixin.py:154} INFO - [2023-11-14T10:00:16.109+0000] {dag.py:3722} INFO - Setting next_dagrun for example_skip_dag to 2023-11-13T10:00:16.109138+00:00, run_after=2023-11-14T10:00:16.109138+00:00
[2023-11-14T10:00:16.120+0000] {processor.py:179} INFO - Processing /home/airflow/.local/lib/python3.8/site-packages/airflow/example_dags/example_skip_dag.py took 0.056 seconds
[2023-11-14T10:00:46.260+0000] {processor.py:157} INFO - Started process (PID=817) to work on /home/airflow/.local/lib/python3.8/site-packages/airflow/example_dags/example_skip_dag.py
[2023-11-14T10:00:46.261+0000] {processor.py:829} INFO - Processing file /home/airflow/.local/lib/python3.8/site-packages/airflow/example_dags/example_skip_dag.py for tasks to queue
[2023-11-14T10:00:46.263+0000] {logging_mixin.py:154} INFO - [2023-11-14T10:00:46.263+0000] {dagbag.py:536} INFO - Filling up the DagBag from /home/airflow/.local/lib/python3.8/site-packages/airflow/example_dags/example_skip_dag.py
[2023-11-14T10:00:46.267+0000] {processor.py:839} INFO - DAG(s) dict_keys(['example_skip_dag']) retrieved from /home/airflow/.local/lib/python3.8/site-packages/airflow/example_dags/example_skip_dag.py
[2023-11-14T10:00:46.280+0000] {logging_mixin.py:154} INFO - [2023-11-14T10:00:46.279+0000] {dag.py:2941} INFO - Sync 1 DAGs
[2023-11-14T10:00:46.292+0000] {logging_mixin.py:154} INFO - [2023-11-14T10:00:46.291+0000] {dag.py:3722} INFO - Setting next_dagrun for example_skip_dag to 2023-11-13T10:00:46.291751+00:00, run_after=2023-11-14T10:00:46.291751+00:00
[2023-11-14T10:00:46.301+0000] {processor.py:179} INFO - Processing /home/airflow/.local/lib/python3.8/site-packages/airflow/example_dags/example_skip_dag.py took 0.043 seconds
[2023-11-14T10:01:16.465+0000] {processor.py:157} INFO - Started process (PID=871) to work on /home/airflow/.local/lib/python3.8/site-packages/airflow/example_dags/example_skip_dag.py
[2023-11-14T10:01:16.466+0000] {processor.py:829} INFO - Processing file /home/airflow/.local/lib/python3.8/site-packages/airflow/example_dags/example_skip_dag.py for tasks to queue
[2023-11-14T10:01:16.467+0000] {logging_mixin.py:154} INFO - [2023-11-14T10:01:16.467+0000] {dagbag.py:536} INFO - Filling up the DagBag from /home/airflow/.local/lib/python3.8/site-packages/airflow/example_dags/example_skip_dag.py
[2023-11-14T10:01:16.472+0000] {processor.py:839} INFO - DAG(s) dict_keys(['example_skip_dag']) retrieved from /home/airflow/.local/lib/python3.8/site-packages/airflow/example_dags/example_skip_dag.py
[2023-11-14T10:01:16.487+0000] {logging_mixin.py:154} INFO - [2023-11-14T10:01:16.487+0000] {dag.py:2941} INFO - Sync 1 DAGs
[2023-11-14T10:01:16.501+0000] {logging_mixin.py:154} INFO - [2023-11-14T10:01:16.501+0000] {dag.py:3722} INFO - Setting next_dagrun for example_skip_dag to 2023-11-13T10:01:16.501351+00:00, run_after=2023-11-14T10:01:16.501351+00:00
[2023-11-14T10:01:16.511+0000] {processor.py:179} INFO - Processing /home/airflow/.local/lib/python3.8/site-packages/airflow/example_dags/example_skip_dag.py took 0.049 seconds
[2023-11-14T10:01:47.493+0000] {processor.py:157} INFO - Started process (PID=925) to work on /home/airflow/.local/lib/python3.8/site-packages/airflow/example_dags/example_skip_dag.py
[2023-11-14T10:01:47.494+0000] {processor.py:829} INFO - Processing file /home/airflow/.local/lib/python3.8/site-packages/airflow/example_dags/example_skip_dag.py for tasks to queue
[2023-11-14T10:01:47.496+0000] {logging_mixin.py:154} INFO - [2023-11-14T10:01:47.496+0000] {dagbag.py:536} INFO - Filling up the DagBag from /home/airflow/.local/lib/python3.8/site-packages/airflow/example_dags/example_skip_dag.py
[2023-11-14T10:01:47.501+0000] {processor.py:839} INFO - DAG(s) dict_keys(['example_skip_dag']) retrieved from /home/airflow/.local/lib/python3.8/site-packages/airflow/example_dags/example_skip_dag.py
[2023-11-14T10:01:47.515+0000] {logging_mixin.py:154} INFO - [2023-11-14T10:01:47.515+0000] {dag.py:2941} INFO - Sync 1 DAGs
[2023-11-14T10:01:47.528+0000] {logging_mixin.py:154} INFO - [2023-11-14T10:01:47.528+0000] {dag.py:3722} INFO - Setting next_dagrun for example_skip_dag to 2023-11-13T10:01:47.527865+00:00, run_after=2023-11-14T10:01:47.527865+00:00
[2023-11-14T10:01:47.538+0000] {processor.py:179} INFO - Processing /home/airflow/.local/lib/python3.8/site-packages/airflow/example_dags/example_skip_dag.py took 0.048 seconds
[2023-11-14T10:02:18.508+0000] {processor.py:157} INFO - Started process (PID=979) to work on /home/airflow/.local/lib/python3.8/site-packages/airflow/example_dags/example_skip_dag.py
[2023-11-14T10:02:18.509+0000] {processor.py:829} INFO - Processing file /home/airflow/.local/lib/python3.8/site-packages/airflow/example_dags/example_skip_dag.py for tasks to queue
[2023-11-14T10:02:18.511+0000] {logging_mixin.py:154} INFO - [2023-11-14T10:02:18.511+0000] {dagbag.py:536} INFO - Filling up the DagBag from /home/airflow/.local/lib/python3.8/site-packages/airflow/example_dags/example_skip_dag.py
[2023-11-14T10:02:18.516+0000] {processor.py:839} INFO - DAG(s) dict_keys(['example_skip_dag']) retrieved from /home/airflow/.local/lib/python3.8/site-packages/airflow/example_dags/example_skip_dag.py
[2023-11-14T10:02:18.532+0000] {logging_mixin.py:154} INFO - [2023-11-14T10:02:18.532+0000] {dag.py:2941} INFO - Sync 1 DAGs
[2023-11-14T10:02:18.544+0000] {logging_mixin.py:154} INFO - [2023-11-14T10:02:18.544+0000] {dag.py:3722} INFO - Setting next_dagrun for example_skip_dag to 2023-11-13T10:02:18.543904+00:00, run_after=2023-11-14T10:02:18.543904+00:00
[2023-11-14T10:02:18.555+0000] {processor.py:179} INFO - Processing /home/airflow/.local/lib/python3.8/site-packages/airflow/example_dags/example_skip_dag.py took 0.050 seconds
[2023-11-14T10:02:48.810+0000] {processor.py:157} INFO - Started process (PID=1033) to work on /home/airflow/.local/lib/python3.8/site-packages/airflow/example_dags/example_skip_dag.py
[2023-11-14T10:02:48.811+0000] {processor.py:829} INFO - Processing file /home/airflow/.local/lib/python3.8/site-packages/airflow/example_dags/example_skip_dag.py for tasks to queue
[2023-11-14T10:02:48.812+0000] {logging_mixin.py:154} INFO - [2023-11-14T10:02:48.812+0000] {dagbag.py:536} INFO - Filling up the DagBag from /home/airflow/.local/lib/python3.8/site-packages/airflow/example_dags/example_skip_dag.py
[2023-11-14T10:02:48.817+0000] {processor.py:839} INFO - DAG(s) dict_keys(['example_skip_dag']) retrieved from /home/airflow/.local/lib/python3.8/site-packages/airflow/example_dags/example_skip_dag.py
[2023-11-14T10:02:48.829+0000] {logging_mixin.py:154} INFO - [2023-11-14T10:02:48.829+0000] {dag.py:2941} INFO - Sync 1 DAGs
[2023-11-14T10:02:48.841+0000] {logging_mixin.py:154} INFO - [2023-11-14T10:02:48.841+0000] {dag.py:3722} INFO - Setting next_dagrun for example_skip_dag to 2023-11-13T10:02:48.840903+00:00, run_after=2023-11-14T10:02:48.840903+00:00
[2023-11-14T10:02:48.850+0000] {processor.py:179} INFO - Processing /home/airflow/.local/lib/python3.8/site-packages/airflow/example_dags/example_skip_dag.py took 0.042 seconds
[2023-11-14T10:03:19.694+0000] {processor.py:157} INFO - Started process (PID=1087) to work on /home/airflow/.local/lib/python3.8/site-packages/airflow/example_dags/example_skip_dag.py
[2023-11-14T10:03:19.695+0000] {processor.py:829} INFO - Processing file /home/airflow/.local/lib/python3.8/site-packages/airflow/example_dags/example_skip_dag.py for tasks to queue
[2023-11-14T10:03:19.697+0000] {logging_mixin.py:154} INFO - [2023-11-14T10:03:19.697+0000] {dagbag.py:536} INFO - Filling up the DagBag from /home/airflow/.local/lib/python3.8/site-packages/airflow/example_dags/example_skip_dag.py
[2023-11-14T10:03:19.702+0000] {processor.py:839} INFO - DAG(s) dict_keys(['example_skip_dag']) retrieved from /home/airflow/.local/lib/python3.8/site-packages/airflow/example_dags/example_skip_dag.py
[2023-11-14T10:03:19.716+0000] {logging_mixin.py:154} INFO - [2023-11-14T10:03:19.716+0000] {dag.py:2941} INFO - Sync 1 DAGs
[2023-11-14T10:03:19.730+0000] {logging_mixin.py:154} INFO - [2023-11-14T10:03:19.730+0000] {dag.py:3722} INFO - Setting next_dagrun for example_skip_dag to 2023-11-13T10:03:19.729926+00:00, run_after=2023-11-14T10:03:19.729926+00:00
[2023-11-14T10:03:19.742+0000] {processor.py:179} INFO - Processing /home/airflow/.local/lib/python3.8/site-packages/airflow/example_dags/example_skip_dag.py took 0.051 seconds
[2023-11-14T10:03:50.022+0000] {processor.py:157} INFO - Started process (PID=1141) to work on /home/airflow/.local/lib/python3.8/site-packages/airflow/example_dags/example_skip_dag.py
[2023-11-14T10:03:50.022+0000] {processor.py:829} INFO - Processing file /home/airflow/.local/lib/python3.8/site-packages/airflow/example_dags/example_skip_dag.py for tasks to queue
[2023-11-14T10:03:50.024+0000] {logging_mixin.py:154} INFO - [2023-11-14T10:03:50.024+0000] {dagbag.py:536} INFO - Filling up the DagBag from /home/airflow/.local/lib/python3.8/site-packages/airflow/example_dags/example_skip_dag.py
[2023-11-14T10:03:50.029+0000] {processor.py:839} INFO - DAG(s) dict_keys(['example_skip_dag']) retrieved from /home/airflow/.local/lib/python3.8/site-packages/airflow/example_dags/example_skip_dag.py
[2023-11-14T10:03:50.043+0000] {logging_mixin.py:154} INFO - [2023-11-14T10:03:50.043+0000] {dag.py:2941} INFO - Sync 1 DAGs
[2023-11-14T10:03:50.058+0000] {logging_mixin.py:154} INFO - [2023-11-14T10:03:50.058+0000] {dag.py:3722} INFO - Setting next_dagrun for example_skip_dag to 2023-11-13T10:03:50.058205+00:00, run_after=2023-11-14T10:03:50.058205+00:00
[2023-11-14T10:03:50.069+0000] {processor.py:179} INFO - Processing /home/airflow/.local/lib/python3.8/site-packages/airflow/example_dags/example_skip_dag.py took 0.050 seconds
[2023-11-14T10:04:20.265+0000] {processor.py:157} INFO - Started process (PID=1195) to work on /home/airflow/.local/lib/python3.8/site-packages/airflow/example_dags/example_skip_dag.py
[2023-11-14T10:04:20.265+0000] {processor.py:829} INFO - Processing file /home/airflow/.local/lib/python3.8/site-packages/airflow/example_dags/example_skip_dag.py for tasks to queue
[2023-11-14T10:04:20.267+0000] {logging_mixin.py:154} INFO - [2023-11-14T10:04:20.267+0000] {dagbag.py:536} INFO - Filling up the DagBag from /home/airflow/.local/lib/python3.8/site-packages/airflow/example_dags/example_skip_dag.py
[2023-11-14T10:04:20.271+0000] {processor.py:839} INFO - DAG(s) dict_keys(['example_skip_dag']) retrieved from /home/airflow/.local/lib/python3.8/site-packages/airflow/example_dags/example_skip_dag.py
[2023-11-14T10:04:20.284+0000] {logging_mixin.py:154} INFO - [2023-11-14T10:04:20.283+0000] {dag.py:2941} INFO - Sync 1 DAGs
[2023-11-14T10:04:20.296+0000] {logging_mixin.py:154} INFO - [2023-11-14T10:04:20.296+0000] {dag.py:3722} INFO - Setting next_dagrun for example_skip_dag to 2023-11-13T10:04:20.295973+00:00, run_after=2023-11-14T10:04:20.295973+00:00
[2023-11-14T10:04:20.306+0000] {processor.py:179} INFO - Processing /home/airflow/.local/lib/python3.8/site-packages/airflow/example_dags/example_skip_dag.py took 0.044 seconds
[2023-11-14T10:04:50.474+0000] {processor.py:157} INFO - Started process (PID=1249) to work on /home/airflow/.local/lib/python3.8/site-packages/airflow/example_dags/example_skip_dag.py
[2023-11-14T10:04:50.474+0000] {processor.py:829} INFO - Processing file /home/airflow/.local/lib/python3.8/site-packages/airflow/example_dags/example_skip_dag.py for tasks to queue
[2023-11-14T10:04:50.477+0000] {logging_mixin.py:154} INFO - [2023-11-14T10:04:50.477+0000] {dagbag.py:536} INFO - Filling up the DagBag from /home/airflow/.local/lib/python3.8/site-packages/airflow/example_dags/example_skip_dag.py
[2023-11-14T10:04:50.483+0000] {processor.py:839} INFO - DAG(s) dict_keys(['example_skip_dag']) retrieved from /home/airflow/.local/lib/python3.8/site-packages/airflow/example_dags/example_skip_dag.py
[2023-11-14T10:04:50.497+0000] {logging_mixin.py:154} INFO - [2023-11-14T10:04:50.497+0000] {dag.py:2941} INFO - Sync 1 DAGs
[2023-11-14T10:04:50.512+0000] {logging_mixin.py:154} INFO - [2023-11-14T10:04:50.512+0000] {dag.py:3722} INFO - Setting next_dagrun for example_skip_dag to 2023-11-13T10:04:50.512710+00:00, run_after=2023-11-14T10:04:50.512710+00:00
[2023-11-14T10:04:50.524+0000] {processor.py:179} INFO - Processing /home/airflow/.local/lib/python3.8/site-packages/airflow/example_dags/example_skip_dag.py took 0.053 seconds
[2023-11-14T10:05:20.685+0000] {processor.py:157} INFO - Started process (PID=1303) to work on /home/airflow/.local/lib/python3.8/site-packages/airflow/example_dags/example_skip_dag.py
[2023-11-14T10:05:20.686+0000] {processor.py:829} INFO - Processing file /home/airflow/.local/lib/python3.8/site-packages/airflow/example_dags/example_skip_dag.py for tasks to queue
[2023-11-14T10:05:20.688+0000] {logging_mixin.py:154} INFO - [2023-11-14T10:05:20.687+0000] {dagbag.py:536} INFO - Filling up the DagBag from /home/airflow/.local/lib/python3.8/site-packages/airflow/example_dags/example_skip_dag.py
[2023-11-14T10:05:20.694+0000] {processor.py:839} INFO - DAG(s) dict_keys(['example_skip_dag']) retrieved from /home/airflow/.local/lib/python3.8/site-packages/airflow/example_dags/example_skip_dag.py
[2023-11-14T10:05:20.715+0000] {logging_mixin.py:154} INFO - [2023-11-14T10:05:20.715+0000] {dag.py:2941} INFO - Sync 1 DAGs
[2023-11-14T10:05:20.736+0000] {logging_mixin.py:154} INFO - [2023-11-14T10:05:20.736+0000] {dag.py:3722} INFO - Setting next_dagrun for example_skip_dag to 2023-11-13T10:05:20.736118+00:00, run_after=2023-11-14T10:05:20.736118+00:00
[2023-11-14T10:05:20.752+0000] {processor.py:179} INFO - Processing /home/airflow/.local/lib/python3.8/site-packages/airflow/example_dags/example_skip_dag.py took 0.070 seconds
[2023-11-14T10:05:50.879+0000] {processor.py:157} INFO - Started process (PID=1356) to work on /home/airflow/.local/lib/python3.8/site-packages/airflow/example_dags/example_skip_dag.py
[2023-11-14T10:05:50.880+0000] {processor.py:829} INFO - Processing file /home/airflow/.local/lib/python3.8/site-packages/airflow/example_dags/example_skip_dag.py for tasks to queue
[2023-11-14T10:05:50.882+0000] {logging_mixin.py:154} INFO - [2023-11-14T10:05:50.882+0000] {dagbag.py:536} INFO - Filling up the DagBag from /home/airflow/.local/lib/python3.8/site-packages/airflow/example_dags/example_skip_dag.py
[2023-11-14T10:05:50.886+0000] {processor.py:839} INFO - DAG(s) dict_keys(['example_skip_dag']) retrieved from /home/airflow/.local/lib/python3.8/site-packages/airflow/example_dags/example_skip_dag.py
[2023-11-14T10:05:50.898+0000] {logging_mixin.py:154} INFO - [2023-11-14T10:05:50.898+0000] {dag.py:2941} INFO - Sync 1 DAGs
[2023-11-14T10:05:50.908+0000] {logging_mixin.py:154} INFO - [2023-11-14T10:05:50.908+0000] {dag.py:3722} INFO - Setting next_dagrun for example_skip_dag to 2023-11-13T10:05:50.908413+00:00, run_after=2023-11-14T10:05:50.908413+00:00
[2023-11-14T10:05:50.917+0000] {processor.py:179} INFO - Processing /home/airflow/.local/lib/python3.8/site-packages/airflow/example_dags/example_skip_dag.py took 0.040 seconds
[2023-11-14T10:06:21.132+0000] {processor.py:157} INFO - Started process (PID=1410) to work on /home/airflow/.local/lib/python3.8/site-packages/airflow/example_dags/example_skip_dag.py
[2023-11-14T10:06:21.132+0000] {processor.py:829} INFO - Processing file /home/airflow/.local/lib/python3.8/site-packages/airflow/example_dags/example_skip_dag.py for tasks to queue
[2023-11-14T10:06:21.134+0000] {logging_mixin.py:154} INFO - [2023-11-14T10:06:21.134+0000] {dagbag.py:536} INFO - Filling up the DagBag from /home/airflow/.local/lib/python3.8/site-packages/airflow/example_dags/example_skip_dag.py
[2023-11-14T10:06:21.137+0000] {processor.py:839} INFO - DAG(s) dict_keys(['example_skip_dag']) retrieved from /home/airflow/.local/lib/python3.8/site-packages/airflow/example_dags/example_skip_dag.py
[2023-11-14T10:06:21.148+0000] {logging_mixin.py:154} INFO - [2023-11-14T10:06:21.148+0000] {dag.py:2941} INFO - Sync 1 DAGs
[2023-11-14T10:06:21.160+0000] {logging_mixin.py:154} INFO - [2023-11-14T10:06:21.160+0000] {dag.py:3722} INFO - Setting next_dagrun for example_skip_dag to 2023-11-13T10:06:21.160193+00:00, run_after=2023-11-14T10:06:21.160193+00:00
[2023-11-14T10:06:21.169+0000] {processor.py:179} INFO - Processing /home/airflow/.local/lib/python3.8/site-packages/airflow/example_dags/example_skip_dag.py took 0.039 seconds
[2023-11-14T10:06:51.310+0000] {processor.py:157} INFO - Started process (PID=1464) to work on /home/airflow/.local/lib/python3.8/site-packages/airflow/example_dags/example_skip_dag.py
[2023-11-14T10:06:51.310+0000] {processor.py:829} INFO - Processing file /home/airflow/.local/lib/python3.8/site-packages/airflow/example_dags/example_skip_dag.py for tasks to queue
[2023-11-14T10:06:51.312+0000] {logging_mixin.py:154} INFO - [2023-11-14T10:06:51.312+0000] {dagbag.py:536} INFO - Filling up the DagBag from /home/airflow/.local/lib/python3.8/site-packages/airflow/example_dags/example_skip_dag.py
[2023-11-14T10:06:51.316+0000] {processor.py:839} INFO - DAG(s) dict_keys(['example_skip_dag']) retrieved from /home/airflow/.local/lib/python3.8/site-packages/airflow/example_dags/example_skip_dag.py
[2023-11-14T10:06:51.326+0000] {logging_mixin.py:154} INFO - [2023-11-14T10:06:51.326+0000] {dag.py:2941} INFO - Sync 1 DAGs
[2023-11-14T10:06:51.338+0000] {logging_mixin.py:154} INFO - [2023-11-14T10:06:51.337+0000] {dag.py:3722} INFO - Setting next_dagrun for example_skip_dag to 2023-11-13T10:06:51.337725+00:00, run_after=2023-11-14T10:06:51.337725+00:00
[2023-11-14T10:06:51.348+0000] {processor.py:179} INFO - Processing /home/airflow/.local/lib/python3.8/site-packages/airflow/example_dags/example_skip_dag.py took 0.041 seconds
[2023-11-14T10:07:21.666+0000] {processor.py:157} INFO - Started process (PID=1518) to work on /home/airflow/.local/lib/python3.8/site-packages/airflow/example_dags/example_skip_dag.py
[2023-11-14T10:07:21.667+0000] {processor.py:829} INFO - Processing file /home/airflow/.local/lib/python3.8/site-packages/airflow/example_dags/example_skip_dag.py for tasks to queue
[2023-11-14T10:07:21.669+0000] {logging_mixin.py:154} INFO - [2023-11-14T10:07:21.669+0000] {dagbag.py:536} INFO - Filling up the DagBag from /home/airflow/.local/lib/python3.8/site-packages/airflow/example_dags/example_skip_dag.py
[2023-11-14T10:07:21.674+0000] {processor.py:839} INFO - DAG(s) dict_keys(['example_skip_dag']) retrieved from /home/airflow/.local/lib/python3.8/site-packages/airflow/example_dags/example_skip_dag.py
[2023-11-14T10:07:21.687+0000] {logging_mixin.py:154} INFO - [2023-11-14T10:07:21.687+0000] {dag.py:2941} INFO - Sync 1 DAGs
[2023-11-14T10:07:21.699+0000] {logging_mixin.py:154} INFO - [2023-11-14T10:07:21.699+0000] {dag.py:3722} INFO - Setting next_dagrun for example_skip_dag to 2023-11-13T10:07:21.699455+00:00, run_after=2023-11-14T10:07:21.699455+00:00
[2023-11-14T10:07:21.710+0000] {processor.py:179} INFO - Processing /home/airflow/.local/lib/python3.8/site-packages/airflow/example_dags/example_skip_dag.py took 0.046 seconds
[2023-11-14T10:07:51.963+0000] {processor.py:157} INFO - Started process (PID=1572) to work on /home/airflow/.local/lib/python3.8/site-packages/airflow/example_dags/example_skip_dag.py
[2023-11-14T10:07:51.964+0000] {processor.py:829} INFO - Processing file /home/airflow/.local/lib/python3.8/site-packages/airflow/example_dags/example_skip_dag.py for tasks to queue
[2023-11-14T10:07:51.965+0000] {logging_mixin.py:154} INFO - [2023-11-14T10:07:51.965+0000] {dagbag.py:536} INFO - Filling up the DagBag from /home/airflow/.local/lib/python3.8/site-packages/airflow/example_dags/example_skip_dag.py
[2023-11-14T10:07:51.969+0000] {processor.py:839} INFO - DAG(s) dict_keys(['example_skip_dag']) retrieved from /home/airflow/.local/lib/python3.8/site-packages/airflow/example_dags/example_skip_dag.py
[2023-11-14T10:07:51.980+0000] {logging_mixin.py:154} INFO - [2023-11-14T10:07:51.980+0000] {dag.py:2941} INFO - Sync 1 DAGs
[2023-11-14T10:07:51.990+0000] {logging_mixin.py:154} INFO - [2023-11-14T10:07:51.990+0000] {dag.py:3722} INFO - Setting next_dagrun for example_skip_dag to 2023-11-13T10:07:51.990175+00:00, run_after=2023-11-14T10:07:51.990175+00:00
[2023-11-14T10:07:51.999+0000] {processor.py:179} INFO - Processing /home/airflow/.local/lib/python3.8/site-packages/airflow/example_dags/example_skip_dag.py took 0.038 seconds
[2023-11-14T10:08:22.684+0000] {processor.py:157} INFO - Started process (PID=1627) to work on /home/airflow/.local/lib/python3.8/site-packages/airflow/example_dags/example_skip_dag.py
[2023-11-14T10:08:22.685+0000] {processor.py:829} INFO - Processing file /home/airflow/.local/lib/python3.8/site-packages/airflow/example_dags/example_skip_dag.py for tasks to queue
[2023-11-14T10:08:22.687+0000] {logging_mixin.py:154} INFO - [2023-11-14T10:08:22.686+0000] {dagbag.py:536} INFO - Filling up the DagBag from /home/airflow/.local/lib/python3.8/site-packages/airflow/example_dags/example_skip_dag.py
[2023-11-14T10:08:22.692+0000] {processor.py:839} INFO - DAG(s) dict_keys(['example_skip_dag']) retrieved from /home/airflow/.local/lib/python3.8/site-packages/airflow/example_dags/example_skip_dag.py
[2023-11-14T10:08:22.707+0000] {logging_mixin.py:154} INFO - [2023-11-14T10:08:22.707+0000] {dag.py:2941} INFO - Sync 1 DAGs
[2023-11-14T10:08:22.721+0000] {logging_mixin.py:154} INFO - [2023-11-14T10:08:22.721+0000] {dag.py:3722} INFO - Setting next_dagrun for example_skip_dag to 2023-11-13T10:08:22.720976+00:00, run_after=2023-11-14T10:08:22.720976+00:00
[2023-11-14T10:08:22.731+0000] {processor.py:179} INFO - Processing /home/airflow/.local/lib/python3.8/site-packages/airflow/example_dags/example_skip_dag.py took 0.050 seconds
[2023-11-14T10:08:53.818+0000] {processor.py:157} INFO - Started process (PID=1681) to work on /home/airflow/.local/lib/python3.8/site-packages/airflow/example_dags/example_skip_dag.py
[2023-11-14T10:08:53.819+0000] {processor.py:829} INFO - Processing file /home/airflow/.local/lib/python3.8/site-packages/airflow/example_dags/example_skip_dag.py for tasks to queue
[2023-11-14T10:08:53.820+0000] {logging_mixin.py:154} INFO - [2023-11-14T10:08:53.820+0000] {dagbag.py:536} INFO - Filling up the DagBag from /home/airflow/.local/lib/python3.8/site-packages/airflow/example_dags/example_skip_dag.py
[2023-11-14T10:08:53.825+0000] {processor.py:839} INFO - DAG(s) dict_keys(['example_skip_dag']) retrieved from /home/airflow/.local/lib/python3.8/site-packages/airflow/example_dags/example_skip_dag.py
[2023-11-14T10:08:53.840+0000] {logging_mixin.py:154} INFO - [2023-11-14T10:08:53.840+0000] {dag.py:2941} INFO - Sync 1 DAGs
[2023-11-14T10:08:53.851+0000] {logging_mixin.py:154} INFO - [2023-11-14T10:08:53.851+0000] {dag.py:3722} INFO - Setting next_dagrun for example_skip_dag to 2023-11-13T10:08:53.851683+00:00, run_after=2023-11-14T10:08:53.851683+00:00
[2023-11-14T10:08:53.862+0000] {processor.py:179} INFO - Processing /home/airflow/.local/lib/python3.8/site-packages/airflow/example_dags/example_skip_dag.py took 0.047 seconds
[2023-11-14T10:09:24.167+0000] {processor.py:157} INFO - Started process (PID=1735) to work on /home/airflow/.local/lib/python3.8/site-packages/airflow/example_dags/example_skip_dag.py
[2023-11-14T10:09:24.167+0000] {processor.py:829} INFO - Processing file /home/airflow/.local/lib/python3.8/site-packages/airflow/example_dags/example_skip_dag.py for tasks to queue
[2023-11-14T10:09:24.169+0000] {logging_mixin.py:154} INFO - [2023-11-14T10:09:24.169+0000] {dagbag.py:536} INFO - Filling up the DagBag from /home/airflow/.local/lib/python3.8/site-packages/airflow/example_dags/example_skip_dag.py
[2023-11-14T10:09:24.173+0000] {processor.py:839} INFO - DAG(s) dict_keys(['example_skip_dag']) retrieved from /home/airflow/.local/lib/python3.8/site-packages/airflow/example_dags/example_skip_dag.py
[2023-11-14T10:09:24.187+0000] {logging_mixin.py:154} INFO - [2023-11-14T10:09:24.187+0000] {dag.py:2941} INFO - Sync 1 DAGs
[2023-11-14T10:09:24.201+0000] {logging_mixin.py:154} INFO - [2023-11-14T10:09:24.201+0000] {dag.py:3722} INFO - Setting next_dagrun for example_skip_dag to 2023-11-13T10:09:24.201386+00:00, run_after=2023-11-14T10:09:24.201386+00:00
[2023-11-14T10:09:24.212+0000] {processor.py:179} INFO - Processing /home/airflow/.local/lib/python3.8/site-packages/airflow/example_dags/example_skip_dag.py took 0.047 seconds
[2023-11-14T10:09:55.004+0000] {processor.py:157} INFO - Started process (PID=1789) to work on /home/airflow/.local/lib/python3.8/site-packages/airflow/example_dags/example_skip_dag.py
[2023-11-14T10:09:55.005+0000] {processor.py:829} INFO - Processing file /home/airflow/.local/lib/python3.8/site-packages/airflow/example_dags/example_skip_dag.py for tasks to queue
[2023-11-14T10:09:55.007+0000] {logging_mixin.py:154} INFO - [2023-11-14T10:09:55.007+0000] {dagbag.py:536} INFO - Filling up the DagBag from /home/airflow/.local/lib/python3.8/site-packages/airflow/example_dags/example_skip_dag.py
[2023-11-14T10:09:55.012+0000] {processor.py:839} INFO - DAG(s) dict_keys(['example_skip_dag']) retrieved from /home/airflow/.local/lib/python3.8/site-packages/airflow/example_dags/example_skip_dag.py
[2023-11-14T10:09:55.026+0000] {logging_mixin.py:154} INFO - [2023-11-14T10:09:55.026+0000] {dag.py:2941} INFO - Sync 1 DAGs
[2023-11-14T10:09:55.039+0000] {logging_mixin.py:154} INFO - [2023-11-14T10:09:55.039+0000] {dag.py:3722} INFO - Setting next_dagrun for example_skip_dag to 2023-11-13T10:09:55.039259+00:00, run_after=2023-11-14T10:09:55.039259+00:00
[2023-11-14T10:09:55.048+0000] {processor.py:179} INFO - Processing /home/airflow/.local/lib/python3.8/site-packages/airflow/example_dags/example_skip_dag.py took 0.046 seconds
[2023-11-14T10:10:26.035+0000] {processor.py:157} INFO - Started process (PID=1843) to work on /home/airflow/.local/lib/python3.8/site-packages/airflow/example_dags/example_skip_dag.py
[2023-11-14T10:10:26.035+0000] {processor.py:829} INFO - Processing file /home/airflow/.local/lib/python3.8/site-packages/airflow/example_dags/example_skip_dag.py for tasks to queue
[2023-11-14T10:10:26.037+0000] {logging_mixin.py:154} INFO - [2023-11-14T10:10:26.037+0000] {dagbag.py:536} INFO - Filling up the DagBag from /home/airflow/.local/lib/python3.8/site-packages/airflow/example_dags/example_skip_dag.py
[2023-11-14T10:10:26.042+0000] {processor.py:839} INFO - DAG(s) dict_keys(['example_skip_dag']) retrieved from /home/airflow/.local/lib/python3.8/site-packages/airflow/example_dags/example_skip_dag.py
[2023-11-14T10:10:26.056+0000] {logging_mixin.py:154} INFO - [2023-11-14T10:10:26.056+0000] {dag.py:2941} INFO - Sync 1 DAGs
[2023-11-14T10:10:26.180+0000] {logging_mixin.py:154} INFO - [2023-11-14T10:10:26.180+0000] {dag.py:3722} INFO - Setting next_dagrun for example_skip_dag to 2023-11-13T10:10:26.180535+00:00, run_after=2023-11-14T10:10:26.180535+00:00
[2023-11-14T10:10:26.189+0000] {processor.py:179} INFO - Processing /home/airflow/.local/lib/python3.8/site-packages/airflow/example_dags/example_skip_dag.py took 0.157 seconds
[2023-11-14T10:10:56.920+0000] {processor.py:157} INFO - Started process (PID=1897) to work on /home/airflow/.local/lib/python3.8/site-packages/airflow/example_dags/example_skip_dag.py
[2023-11-14T10:10:56.921+0000] {processor.py:829} INFO - Processing file /home/airflow/.local/lib/python3.8/site-packages/airflow/example_dags/example_skip_dag.py for tasks to queue
[2023-11-14T10:10:56.924+0000] {logging_mixin.py:154} INFO - [2023-11-14T10:10:56.923+0000] {dagbag.py:536} INFO - Filling up the DagBag from /home/airflow/.local/lib/python3.8/site-packages/airflow/example_dags/example_skip_dag.py
[2023-11-14T10:10:56.931+0000] {processor.py:839} INFO - DAG(s) dict_keys(['example_skip_dag']) retrieved from /home/airflow/.local/lib/python3.8/site-packages/airflow/example_dags/example_skip_dag.py
[2023-11-14T10:10:56.946+0000] {logging_mixin.py:154} INFO - [2023-11-14T10:10:56.945+0000] {dag.py:2941} INFO - Sync 1 DAGs
[2023-11-14T10:10:56.960+0000] {logging_mixin.py:154} INFO - [2023-11-14T10:10:56.959+0000] {dag.py:3722} INFO - Setting next_dagrun for example_skip_dag to 2023-11-13T10:10:56.959826+00:00, run_after=2023-11-14T10:10:56.959826+00:00
[2023-11-14T10:10:57.075+0000] {processor.py:179} INFO - Processing /home/airflow/.local/lib/python3.8/site-packages/airflow/example_dags/example_skip_dag.py took 0.157 seconds
[2023-11-14T10:11:27.950+0000] {processor.py:157} INFO - Started process (PID=1951) to work on /home/airflow/.local/lib/python3.8/site-packages/airflow/example_dags/example_skip_dag.py
[2023-11-14T10:11:27.951+0000] {processor.py:829} INFO - Processing file /home/airflow/.local/lib/python3.8/site-packages/airflow/example_dags/example_skip_dag.py for tasks to queue
[2023-11-14T10:11:27.952+0000] {logging_mixin.py:154} INFO - [2023-11-14T10:11:27.952+0000] {dagbag.py:536} INFO - Filling up the DagBag from /home/airflow/.local/lib/python3.8/site-packages/airflow/example_dags/example_skip_dag.py
[2023-11-14T10:11:27.956+0000] {processor.py:839} INFO - DAG(s) dict_keys(['example_skip_dag']) retrieved from /home/airflow/.local/lib/python3.8/site-packages/airflow/example_dags/example_skip_dag.py
[2023-11-14T10:11:27.969+0000] {logging_mixin.py:154} INFO - [2023-11-14T10:11:27.968+0000] {dag.py:2941} INFO - Sync 1 DAGs
[2023-11-14T10:11:27.982+0000] {logging_mixin.py:154} INFO - [2023-11-14T10:11:27.982+0000] {dag.py:3722} INFO - Setting next_dagrun for example_skip_dag to 2023-11-13T10:11:27.982462+00:00, run_after=2023-11-14T10:11:27.982462+00:00
[2023-11-14T10:11:27.991+0000] {processor.py:179} INFO - Processing /home/airflow/.local/lib/python3.8/site-packages/airflow/example_dags/example_skip_dag.py took 0.044 seconds
[2023-11-14T10:11:58.542+0000] {processor.py:157} INFO - Started process (PID=2005) to work on /home/airflow/.local/lib/python3.8/site-packages/airflow/example_dags/example_skip_dag.py
[2023-11-14T10:11:58.543+0000] {processor.py:829} INFO - Processing file /home/airflow/.local/lib/python3.8/site-packages/airflow/example_dags/example_skip_dag.py for tasks to queue
[2023-11-14T10:11:58.545+0000] {logging_mixin.py:154} INFO - [2023-11-14T10:11:58.544+0000] {dagbag.py:536} INFO - Filling up the DagBag from /home/airflow/.local/lib/python3.8/site-packages/airflow/example_dags/example_skip_dag.py
[2023-11-14T10:11:58.550+0000] {processor.py:839} INFO - DAG(s) dict_keys(['example_skip_dag']) retrieved from /home/airflow/.local/lib/python3.8/site-packages/airflow/example_dags/example_skip_dag.py
[2023-11-14T10:11:58.667+0000] {logging_mixin.py:154} INFO - [2023-11-14T10:11:58.667+0000] {dag.py:2941} INFO - Sync 1 DAGs
[2023-11-14T10:11:58.678+0000] {logging_mixin.py:154} INFO - [2023-11-14T10:11:58.678+0000] {dag.py:3722} INFO - Setting next_dagrun for example_skip_dag to 2023-11-13T10:11:58.678284+00:00, run_after=2023-11-14T10:11:58.678284+00:00
[2023-11-14T10:11:58.686+0000] {processor.py:179} INFO - Processing /home/airflow/.local/lib/python3.8/site-packages/airflow/example_dags/example_skip_dag.py took 0.147 seconds
[2023-11-14T10:12:28.835+0000] {processor.py:157} INFO - Started process (PID=2059) to work on /home/airflow/.local/lib/python3.8/site-packages/airflow/example_dags/example_skip_dag.py
[2023-11-14T10:12:28.835+0000] {processor.py:829} INFO - Processing file /home/airflow/.local/lib/python3.8/site-packages/airflow/example_dags/example_skip_dag.py for tasks to queue
[2023-11-14T10:12:28.837+0000] {logging_mixin.py:154} INFO - [2023-11-14T10:12:28.837+0000] {dagbag.py:536} INFO - Filling up the DagBag from /home/airflow/.local/lib/python3.8/site-packages/airflow/example_dags/example_skip_dag.py
[2023-11-14T10:12:28.842+0000] {processor.py:839} INFO - DAG(s) dict_keys(['example_skip_dag']) retrieved from /home/airflow/.local/lib/python3.8/site-packages/airflow/example_dags/example_skip_dag.py
[2023-11-14T10:12:28.855+0000] {logging_mixin.py:154} INFO - [2023-11-14T10:12:28.855+0000] {dag.py:2941} INFO - Sync 1 DAGs
[2023-11-14T10:12:28.952+0000] {logging_mixin.py:154} INFO - [2023-11-14T10:12:28.952+0000] {dag.py:3722} INFO - Setting next_dagrun for example_skip_dag to 2023-11-13T10:12:28.952705+00:00, run_after=2023-11-14T10:12:28.952705+00:00
[2023-11-14T10:12:28.962+0000] {processor.py:179} INFO - Processing /home/airflow/.local/lib/python3.8/site-packages/airflow/example_dags/example_skip_dag.py took 0.130 seconds
[2023-11-14T10:12:59.907+0000] {processor.py:157} INFO - Started process (PID=2113) to work on /home/airflow/.local/lib/python3.8/site-packages/airflow/example_dags/example_skip_dag.py
[2023-11-14T10:12:59.910+0000] {processor.py:829} INFO - Processing file /home/airflow/.local/lib/python3.8/site-packages/airflow/example_dags/example_skip_dag.py for tasks to queue
[2023-11-14T10:12:59.914+0000] {logging_mixin.py:154} INFO - [2023-11-14T10:12:59.913+0000] {dagbag.py:536} INFO - Filling up the DagBag from /home/airflow/.local/lib/python3.8/site-packages/airflow/example_dags/example_skip_dag.py
[2023-11-14T10:12:59.920+0000] {processor.py:839} INFO - DAG(s) dict_keys(['example_skip_dag']) retrieved from /home/airflow/.local/lib/python3.8/site-packages/airflow/example_dags/example_skip_dag.py
[2023-11-14T10:13:00.190+0000] {logging_mixin.py:154} INFO - [2023-11-14T10:13:00.190+0000] {dag.py:2941} INFO - Sync 1 DAGs
[2023-11-14T10:13:00.210+0000] {logging_mixin.py:154} INFO - [2023-11-14T10:13:00.209+0000] {dag.py:3722} INFO - Setting next_dagrun for example_skip_dag to 2023-11-13T10:13:00.209186+00:00, run_after=2023-11-14T10:13:00.209186+00:00
[2023-11-14T10:13:00.230+0000] {processor.py:179} INFO - Processing /home/airflow/.local/lib/python3.8/site-packages/airflow/example_dags/example_skip_dag.py took 0.328 seconds
[2023-11-14T10:13:45.536+0000] {processor.py:157} INFO - Started process (PID=2174) to work on /home/airflow/.local/lib/python3.8/site-packages/airflow/example_dags/example_skip_dag.py
[2023-11-14T10:13:45.537+0000] {processor.py:829} INFO - Processing file /home/airflow/.local/lib/python3.8/site-packages/airflow/example_dags/example_skip_dag.py for tasks to queue
[2023-11-14T10:13:45.540+0000] {logging_mixin.py:154} INFO - [2023-11-14T10:13:45.539+0000] {dagbag.py:536} INFO - Filling up the DagBag from /home/airflow/.local/lib/python3.8/site-packages/airflow/example_dags/example_skip_dag.py
[2023-11-14T10:13:45.547+0000] {processor.py:839} INFO - DAG(s) dict_keys(['example_skip_dag']) retrieved from /home/airflow/.local/lib/python3.8/site-packages/airflow/example_dags/example_skip_dag.py
[2023-11-14T10:13:45.569+0000] {logging_mixin.py:154} INFO - [2023-11-14T10:13:45.569+0000] {dag.py:2941} INFO - Sync 1 DAGs
[2023-11-14T10:13:45.592+0000] {logging_mixin.py:154} INFO - [2023-11-14T10:13:45.592+0000] {dag.py:3722} INFO - Setting next_dagrun for example_skip_dag to 2023-11-13T10:13:45.592640+00:00, run_after=2023-11-14T10:13:45.592640+00:00
[2023-11-14T10:13:45.609+0000] {processor.py:179} INFO - Processing /home/airflow/.local/lib/python3.8/site-packages/airflow/example_dags/example_skip_dag.py took 0.078 seconds
[2023-11-14T10:14:47.382+0000] {processor.py:157} INFO - Started process (PID=2229) to work on /home/airflow/.local/lib/python3.8/site-packages/airflow/example_dags/example_skip_dag.py
[2023-11-14T10:14:47.383+0000] {processor.py:829} INFO - Processing file /home/airflow/.local/lib/python3.8/site-packages/airflow/example_dags/example_skip_dag.py for tasks to queue
[2023-11-14T10:14:47.386+0000] {logging_mixin.py:154} INFO - [2023-11-14T10:14:47.385+0000] {dagbag.py:536} INFO - Filling up the DagBag from /home/airflow/.local/lib/python3.8/site-packages/airflow/example_dags/example_skip_dag.py
[2023-11-14T10:14:47.393+0000] {processor.py:839} INFO - DAG(s) dict_keys(['example_skip_dag']) retrieved from /home/airflow/.local/lib/python3.8/site-packages/airflow/example_dags/example_skip_dag.py
[2023-11-14T10:14:47.411+0000] {logging_mixin.py:154} INFO - [2023-11-14T10:14:47.410+0000] {dag.py:2941} INFO - Sync 1 DAGs
[2023-11-14T10:14:47.425+0000] {logging_mixin.py:154} INFO - [2023-11-14T10:14:47.425+0000] {dag.py:3722} INFO - Setting next_dagrun for example_skip_dag to 2023-11-13T10:14:47.425120+00:00, run_after=2023-11-14T10:14:47.425120+00:00
[2023-11-14T10:14:47.437+0000] {processor.py:179} INFO - Processing /home/airflow/.local/lib/python3.8/site-packages/airflow/example_dags/example_skip_dag.py took 0.060 seconds
[2023-11-14T10:17:57.143+0000] {processor.py:157} INFO - Started process (PID=2283) to work on /home/airflow/.local/lib/python3.8/site-packages/airflow/example_dags/example_skip_dag.py
[2023-11-14T10:17:57.145+0000] {processor.py:829} INFO - Processing file /home/airflow/.local/lib/python3.8/site-packages/airflow/example_dags/example_skip_dag.py for tasks to queue
[2023-11-14T10:17:57.148+0000] {logging_mixin.py:154} INFO - [2023-11-14T10:17:57.148+0000] {dagbag.py:536} INFO - Filling up the DagBag from /home/airflow/.local/lib/python3.8/site-packages/airflow/example_dags/example_skip_dag.py
[2023-11-14T10:17:57.157+0000] {processor.py:839} INFO - DAG(s) dict_keys(['example_skip_dag']) retrieved from /home/airflow/.local/lib/python3.8/site-packages/airflow/example_dags/example_skip_dag.py
[2023-11-14T10:17:57.186+0000] {logging_mixin.py:154} INFO - [2023-11-14T10:17:57.186+0000] {dag.py:2941} INFO - Sync 1 DAGs
[2023-11-14T10:17:57.230+0000] {logging_mixin.py:154} INFO - [2023-11-14T10:17:57.229+0000] {dag.py:3722} INFO - Setting next_dagrun for example_skip_dag to 2023-11-13T10:17:57.229175+00:00, run_after=2023-11-14T10:17:57.229175+00:00
[2023-11-14T10:17:57.260+0000] {processor.py:179} INFO - Processing /home/airflow/.local/lib/python3.8/site-packages/airflow/example_dags/example_skip_dag.py took 0.120 seconds
[2023-11-14T10:20:17.940+0000] {processor.py:157} INFO - Started process (PID=2330) to work on /home/airflow/.local/lib/python3.8/site-packages/airflow/example_dags/example_skip_dag.py
[2023-11-14T10:20:17.941+0000] {processor.py:829} INFO - Processing file /home/airflow/.local/lib/python3.8/site-packages/airflow/example_dags/example_skip_dag.py for tasks to queue
[2023-11-14T10:20:17.941+0000] {logging_mixin.py:154} INFO - [2023-11-14T10:20:17.941+0000] {dagbag.py:536} INFO - Filling up the DagBag from /home/airflow/.local/lib/python3.8/site-packages/airflow/example_dags/example_skip_dag.py
[2023-11-14T10:20:17.948+0000] {processor.py:839} INFO - DAG(s) dict_keys(['example_skip_dag']) retrieved from /home/airflow/.local/lib/python3.8/site-packages/airflow/example_dags/example_skip_dag.py
[2023-11-14T10:20:17.963+0000] {logging_mixin.py:154} INFO - [2023-11-14T10:20:17.963+0000] {dag.py:2941} INFO - Sync 1 DAGs
[2023-11-14T10:20:17.977+0000] {logging_mixin.py:154} INFO - [2023-11-14T10:20:17.977+0000] {dag.py:3722} INFO - Setting next_dagrun for example_skip_dag to 2023-11-13T10:20:17.977229+00:00, run_after=2023-11-14T10:20:17.977229+00:00
[2023-11-14T10:20:17.989+0000] {processor.py:179} INFO - Processing /home/airflow/.local/lib/python3.8/site-packages/airflow/example_dags/example_skip_dag.py took 0.052 seconds
