[2023-11-14T09:52:50.844+0000] {processor.py:157} INFO - Started process (PID=74) to work on /home/airflow/.local/lib/python3.8/site-packages/airflow/example_dags/example_branch_labels.py
[2023-11-14T09:52:50.845+0000] {processor.py:829} INFO - Processing file /home/airflow/.local/lib/python3.8/site-packages/airflow/example_dags/example_branch_labels.py for tasks to queue
[2023-11-14T09:52:50.849+0000] {logging_mixin.py:154} INFO - [2023-11-14T09:52:50.848+0000] {dagbag.py:536} INFO - Filling up the DagBag from /home/airflow/.local/lib/python3.8/site-packages/airflow/example_dags/example_branch_labels.py
[2023-11-14T09:52:50.855+0000] {processor.py:839} INFO - DAG(s) dict_keys(['example_branch_labels']) retrieved from /home/airflow/.local/lib/python3.8/site-packages/airflow/example_dags/example_branch_labels.py
[2023-11-14T09:52:50.871+0000] {logging_mixin.py:154} INFO - [2023-11-14T09:52:50.871+0000] {dag.py:2941} INFO - Sync 1 DAGs
[2023-11-14T09:52:50.892+0000] {logging_mixin.py:154} INFO - [2023-11-14T09:52:50.892+0000] {dag.py:3722} INFO - Setting next_dagrun for example_branch_labels to 2023-11-13T00:00:00+00:00, run_after=2023-11-14T00:00:00+00:00
[2023-11-14T09:52:50.911+0000] {processor.py:179} INFO - Processing /home/airflow/.local/lib/python3.8/site-packages/airflow/example_dags/example_branch_labels.py took 0.070 seconds
[2023-11-14T09:53:41.351+0000] {processor.py:157} INFO - Started process (PID=75) to work on /home/airflow/.local/lib/python3.8/site-packages/airflow/example_dags/example_branch_labels.py
[2023-11-14T09:53:41.352+0000] {processor.py:829} INFO - Processing file /home/airflow/.local/lib/python3.8/site-packages/airflow/example_dags/example_branch_labels.py for tasks to queue
[2023-11-14T09:53:41.354+0000] {logging_mixin.py:154} INFO - [2023-11-14T09:53:41.353+0000] {dagbag.py:536} INFO - Filling up the DagBag from /home/airflow/.local/lib/python3.8/site-packages/airflow/example_dags/example_branch_labels.py
[2023-11-14T09:53:41.359+0000] {processor.py:839} INFO - DAG(s) dict_keys(['example_branch_labels']) retrieved from /home/airflow/.local/lib/python3.8/site-packages/airflow/example_dags/example_branch_labels.py
[2023-11-14T09:53:41.368+0000] {logging_mixin.py:154} INFO - [2023-11-14T09:53:41.368+0000] {dag.py:2941} INFO - Sync 1 DAGs
[2023-11-14T09:53:41.383+0000] {logging_mixin.py:154} INFO - [2023-11-14T09:53:41.383+0000] {dag.py:3722} INFO - Setting next_dagrun for example_branch_labels to 2023-11-13T00:00:00+00:00, run_after=2023-11-14T00:00:00+00:00
[2023-11-14T09:53:41.396+0000] {processor.py:179} INFO - Processing /home/airflow/.local/lib/python3.8/site-packages/airflow/example_dags/example_branch_labels.py took 0.048 seconds
[2023-11-14T09:54:11.568+0000] {processor.py:157} INFO - Started process (PID=128) to work on /home/airflow/.local/lib/python3.8/site-packages/airflow/example_dags/example_branch_labels.py
[2023-11-14T09:54:11.569+0000] {processor.py:829} INFO - Processing file /home/airflow/.local/lib/python3.8/site-packages/airflow/example_dags/example_branch_labels.py for tasks to queue
[2023-11-14T09:54:11.571+0000] {logging_mixin.py:154} INFO - [2023-11-14T09:54:11.571+0000] {dagbag.py:536} INFO - Filling up the DagBag from /home/airflow/.local/lib/python3.8/site-packages/airflow/example_dags/example_branch_labels.py
[2023-11-14T09:54:11.575+0000] {processor.py:839} INFO - DAG(s) dict_keys(['example_branch_labels']) retrieved from /home/airflow/.local/lib/python3.8/site-packages/airflow/example_dags/example_branch_labels.py
[2023-11-14T09:54:11.587+0000] {logging_mixin.py:154} INFO - [2023-11-14T09:54:11.587+0000] {dag.py:2941} INFO - Sync 1 DAGs
[2023-11-14T09:54:11.599+0000] {logging_mixin.py:154} INFO - [2023-11-14T09:54:11.599+0000] {dag.py:3722} INFO - Setting next_dagrun for example_branch_labels to 2023-11-13T00:00:00+00:00, run_after=2023-11-14T00:00:00+00:00
[2023-11-14T09:54:11.609+0000] {processor.py:179} INFO - Processing /home/airflow/.local/lib/python3.8/site-packages/airflow/example_dags/example_branch_labels.py took 0.042 seconds
[2023-11-14T09:54:42.164+0000] {processor.py:157} INFO - Started process (PID=181) to work on /home/airflow/.local/lib/python3.8/site-packages/airflow/example_dags/example_branch_labels.py
[2023-11-14T09:54:42.165+0000] {processor.py:829} INFO - Processing file /home/airflow/.local/lib/python3.8/site-packages/airflow/example_dags/example_branch_labels.py for tasks to queue
[2023-11-14T09:54:42.167+0000] {logging_mixin.py:154} INFO - [2023-11-14T09:54:42.167+0000] {dagbag.py:536} INFO - Filling up the DagBag from /home/airflow/.local/lib/python3.8/site-packages/airflow/example_dags/example_branch_labels.py
[2023-11-14T09:54:42.173+0000] {processor.py:839} INFO - DAG(s) dict_keys(['example_branch_labels']) retrieved from /home/airflow/.local/lib/python3.8/site-packages/airflow/example_dags/example_branch_labels.py
[2023-11-14T09:54:42.191+0000] {logging_mixin.py:154} INFO - [2023-11-14T09:54:42.191+0000] {dag.py:2941} INFO - Sync 1 DAGs
[2023-11-14T09:54:42.211+0000] {logging_mixin.py:154} INFO - [2023-11-14T09:54:42.211+0000] {dag.py:3722} INFO - Setting next_dagrun for example_branch_labels to 2023-11-13T00:00:00+00:00, run_after=2023-11-14T00:00:00+00:00
[2023-11-14T09:54:42.222+0000] {processor.py:179} INFO - Processing /home/airflow/.local/lib/python3.8/site-packages/airflow/example_dags/example_branch_labels.py took 0.061 seconds
[2023-11-14T09:55:12.448+0000] {processor.py:157} INFO - Started process (PID=235) to work on /home/airflow/.local/lib/python3.8/site-packages/airflow/example_dags/example_branch_labels.py
[2023-11-14T09:55:12.449+0000] {processor.py:829} INFO - Processing file /home/airflow/.local/lib/python3.8/site-packages/airflow/example_dags/example_branch_labels.py for tasks to queue
[2023-11-14T09:55:12.451+0000] {logging_mixin.py:154} INFO - [2023-11-14T09:55:12.451+0000] {dagbag.py:536} INFO - Filling up the DagBag from /home/airflow/.local/lib/python3.8/site-packages/airflow/example_dags/example_branch_labels.py
[2023-11-14T09:55:12.457+0000] {processor.py:839} INFO - DAG(s) dict_keys(['example_branch_labels']) retrieved from /home/airflow/.local/lib/python3.8/site-packages/airflow/example_dags/example_branch_labels.py
[2023-11-14T09:55:12.473+0000] {logging_mixin.py:154} INFO - [2023-11-14T09:55:12.473+0000] {dag.py:2941} INFO - Sync 1 DAGs
[2023-11-14T09:55:12.525+0000] {logging_mixin.py:154} INFO - [2023-11-14T09:55:12.525+0000] {dag.py:3722} INFO - Setting next_dagrun for example_branch_labels to 2023-11-13T00:00:00+00:00, run_after=2023-11-14T00:00:00+00:00
[2023-11-14T09:55:12.548+0000] {processor.py:179} INFO - Processing /home/airflow/.local/lib/python3.8/site-packages/airflow/example_dags/example_branch_labels.py took 0.104 seconds
[2023-11-14T09:55:42.601+0000] {processor.py:157} INFO - Started process (PID=289) to work on /home/airflow/.local/lib/python3.8/site-packages/airflow/example_dags/example_branch_labels.py
[2023-11-14T09:55:42.602+0000] {processor.py:829} INFO - Processing file /home/airflow/.local/lib/python3.8/site-packages/airflow/example_dags/example_branch_labels.py for tasks to queue
[2023-11-14T09:55:42.604+0000] {logging_mixin.py:154} INFO - [2023-11-14T09:55:42.603+0000] {dagbag.py:536} INFO - Filling up the DagBag from /home/airflow/.local/lib/python3.8/site-packages/airflow/example_dags/example_branch_labels.py
[2023-11-14T09:55:42.609+0000] {processor.py:839} INFO - DAG(s) dict_keys(['example_branch_labels']) retrieved from /home/airflow/.local/lib/python3.8/site-packages/airflow/example_dags/example_branch_labels.py
[2023-11-14T09:55:42.621+0000] {logging_mixin.py:154} INFO - [2023-11-14T09:55:42.621+0000] {dag.py:2941} INFO - Sync 1 DAGs
[2023-11-14T09:55:42.632+0000] {logging_mixin.py:154} INFO - [2023-11-14T09:55:42.632+0000] {dag.py:3722} INFO - Setting next_dagrun for example_branch_labels to 2023-11-13T00:00:00+00:00, run_after=2023-11-14T00:00:00+00:00
[2023-11-14T09:55:42.641+0000] {processor.py:179} INFO - Processing /home/airflow/.local/lib/python3.8/site-packages/airflow/example_dags/example_branch_labels.py took 0.042 seconds
[2023-11-14T09:56:13.455+0000] {processor.py:157} INFO - Started process (PID=343) to work on /home/airflow/.local/lib/python3.8/site-packages/airflow/example_dags/example_branch_labels.py
[2023-11-14T09:56:13.456+0000] {processor.py:829} INFO - Processing file /home/airflow/.local/lib/python3.8/site-packages/airflow/example_dags/example_branch_labels.py for tasks to queue
[2023-11-14T09:56:13.458+0000] {logging_mixin.py:154} INFO - [2023-11-14T09:56:13.458+0000] {dagbag.py:536} INFO - Filling up the DagBag from /home/airflow/.local/lib/python3.8/site-packages/airflow/example_dags/example_branch_labels.py
[2023-11-14T09:56:13.464+0000] {processor.py:839} INFO - DAG(s) dict_keys(['example_branch_labels']) retrieved from /home/airflow/.local/lib/python3.8/site-packages/airflow/example_dags/example_branch_labels.py
[2023-11-14T09:56:13.482+0000] {logging_mixin.py:154} INFO - [2023-11-14T09:56:13.482+0000] {dag.py:2941} INFO - Sync 1 DAGs
[2023-11-14T09:56:13.496+0000] {logging_mixin.py:154} INFO - [2023-11-14T09:56:13.496+0000] {dag.py:3722} INFO - Setting next_dagrun for example_branch_labels to 2023-11-13T00:00:00+00:00, run_after=2023-11-14T00:00:00+00:00
[2023-11-14T09:56:13.508+0000] {processor.py:179} INFO - Processing /home/airflow/.local/lib/python3.8/site-packages/airflow/example_dags/example_branch_labels.py took 0.057 seconds
[2023-11-14T09:56:43.829+0000] {processor.py:157} INFO - Started process (PID=397) to work on /home/airflow/.local/lib/python3.8/site-packages/airflow/example_dags/example_branch_labels.py
[2023-11-14T09:56:43.830+0000] {processor.py:829} INFO - Processing file /home/airflow/.local/lib/python3.8/site-packages/airflow/example_dags/example_branch_labels.py for tasks to queue
[2023-11-14T09:56:43.832+0000] {logging_mixin.py:154} INFO - [2023-11-14T09:56:43.832+0000] {dagbag.py:536} INFO - Filling up the DagBag from /home/airflow/.local/lib/python3.8/site-packages/airflow/example_dags/example_branch_labels.py
[2023-11-14T09:56:43.837+0000] {processor.py:839} INFO - DAG(s) dict_keys(['example_branch_labels']) retrieved from /home/airflow/.local/lib/python3.8/site-packages/airflow/example_dags/example_branch_labels.py
[2023-11-14T09:56:43.845+0000] {logging_mixin.py:154} INFO - [2023-11-14T09:56:43.845+0000] {dag.py:2941} INFO - Sync 1 DAGs
[2023-11-14T09:56:43.863+0000] {logging_mixin.py:154} INFO - [2023-11-14T09:56:43.863+0000] {dag.py:3722} INFO - Setting next_dagrun for example_branch_labels to 2023-11-13T00:00:00+00:00, run_after=2023-11-14T00:00:00+00:00
[2023-11-14T09:56:43.876+0000] {processor.py:179} INFO - Processing /home/airflow/.local/lib/python3.8/site-packages/airflow/example_dags/example_branch_labels.py took 0.049 seconds
[2023-11-14T09:57:14.178+0000] {processor.py:157} INFO - Started process (PID=452) to work on /home/airflow/.local/lib/python3.8/site-packages/airflow/example_dags/example_branch_labels.py
[2023-11-14T09:57:14.179+0000] {processor.py:829} INFO - Processing file /home/airflow/.local/lib/python3.8/site-packages/airflow/example_dags/example_branch_labels.py for tasks to queue
[2023-11-14T09:57:14.183+0000] {logging_mixin.py:154} INFO - [2023-11-14T09:57:14.183+0000] {dagbag.py:536} INFO - Filling up the DagBag from /home/airflow/.local/lib/python3.8/site-packages/airflow/example_dags/example_branch_labels.py
[2023-11-14T09:57:14.191+0000] {processor.py:839} INFO - DAG(s) dict_keys(['example_branch_labels']) retrieved from /home/airflow/.local/lib/python3.8/site-packages/airflow/example_dags/example_branch_labels.py
[2023-11-14T09:57:14.206+0000] {logging_mixin.py:154} INFO - [2023-11-14T09:57:14.206+0000] {dag.py:2941} INFO - Sync 1 DAGs
[2023-11-14T09:57:14.220+0000] {logging_mixin.py:154} INFO - [2023-11-14T09:57:14.220+0000] {dag.py:3722} INFO - Setting next_dagrun for example_branch_labels to 2023-11-13T00:00:00+00:00, run_after=2023-11-14T00:00:00+00:00
[2023-11-14T09:57:14.231+0000] {processor.py:179} INFO - Processing /home/airflow/.local/lib/python3.8/site-packages/airflow/example_dags/example_branch_labels.py took 0.056 seconds
[2023-11-14T09:57:45.045+0000] {processor.py:157} INFO - Started process (PID=506) to work on /home/airflow/.local/lib/python3.8/site-packages/airflow/example_dags/example_branch_labels.py
[2023-11-14T09:57:45.046+0000] {processor.py:829} INFO - Processing file /home/airflow/.local/lib/python3.8/site-packages/airflow/example_dags/example_branch_labels.py for tasks to queue
[2023-11-14T09:57:45.047+0000] {logging_mixin.py:154} INFO - [2023-11-14T09:57:45.047+0000] {dagbag.py:536} INFO - Filling up the DagBag from /home/airflow/.local/lib/python3.8/site-packages/airflow/example_dags/example_branch_labels.py
[2023-11-14T09:57:45.053+0000] {processor.py:839} INFO - DAG(s) dict_keys(['example_branch_labels']) retrieved from /home/airflow/.local/lib/python3.8/site-packages/airflow/example_dags/example_branch_labels.py
[2023-11-14T09:57:45.068+0000] {logging_mixin.py:154} INFO - [2023-11-14T09:57:45.068+0000] {dag.py:2941} INFO - Sync 1 DAGs
[2023-11-14T09:57:45.082+0000] {logging_mixin.py:154} INFO - [2023-11-14T09:57:45.082+0000] {dag.py:3722} INFO - Setting next_dagrun for example_branch_labels to 2023-11-13T00:00:00+00:00, run_after=2023-11-14T00:00:00+00:00
[2023-11-14T09:57:45.092+0000] {processor.py:179} INFO - Processing /home/airflow/.local/lib/python3.8/site-packages/airflow/example_dags/example_branch_labels.py took 0.050 seconds
[2023-11-14T09:58:15.252+0000] {processor.py:157} INFO - Started process (PID=560) to work on /home/airflow/.local/lib/python3.8/site-packages/airflow/example_dags/example_branch_labels.py
[2023-11-14T09:58:15.252+0000] {processor.py:829} INFO - Processing file /home/airflow/.local/lib/python3.8/site-packages/airflow/example_dags/example_branch_labels.py for tasks to queue
[2023-11-14T09:58:15.254+0000] {logging_mixin.py:154} INFO - [2023-11-14T09:58:15.254+0000] {dagbag.py:536} INFO - Filling up the DagBag from /home/airflow/.local/lib/python3.8/site-packages/airflow/example_dags/example_branch_labels.py
[2023-11-14T09:58:15.259+0000] {processor.py:839} INFO - DAG(s) dict_keys(['example_branch_labels']) retrieved from /home/airflow/.local/lib/python3.8/site-packages/airflow/example_dags/example_branch_labels.py
[2023-11-14T09:58:15.271+0000] {logging_mixin.py:154} INFO - [2023-11-14T09:58:15.271+0000] {dag.py:2941} INFO - Sync 1 DAGs
[2023-11-14T09:58:15.283+0000] {logging_mixin.py:154} INFO - [2023-11-14T09:58:15.283+0000] {dag.py:3722} INFO - Setting next_dagrun for example_branch_labels to 2023-11-13T00:00:00+00:00, run_after=2023-11-14T00:00:00+00:00
[2023-11-14T09:58:15.292+0000] {processor.py:179} INFO - Processing /home/airflow/.local/lib/python3.8/site-packages/airflow/example_dags/example_branch_labels.py took 0.044 seconds
[2023-11-14T09:58:45.340+0000] {processor.py:157} INFO - Started process (PID=614) to work on /home/airflow/.local/lib/python3.8/site-packages/airflow/example_dags/example_branch_labels.py
[2023-11-14T09:58:45.341+0000] {processor.py:829} INFO - Processing file /home/airflow/.local/lib/python3.8/site-packages/airflow/example_dags/example_branch_labels.py for tasks to queue
[2023-11-14T09:58:45.342+0000] {logging_mixin.py:154} INFO - [2023-11-14T09:58:45.342+0000] {dagbag.py:536} INFO - Filling up the DagBag from /home/airflow/.local/lib/python3.8/site-packages/airflow/example_dags/example_branch_labels.py
[2023-11-14T09:58:45.348+0000] {processor.py:839} INFO - DAG(s) dict_keys(['example_branch_labels']) retrieved from /home/airflow/.local/lib/python3.8/site-packages/airflow/example_dags/example_branch_labels.py
[2023-11-14T09:58:45.361+0000] {logging_mixin.py:154} INFO - [2023-11-14T09:58:45.361+0000] {dag.py:2941} INFO - Sync 1 DAGs
[2023-11-14T09:58:45.372+0000] {logging_mixin.py:154} INFO - [2023-11-14T09:58:45.372+0000] {dag.py:3722} INFO - Setting next_dagrun for example_branch_labels to 2023-11-13T00:00:00+00:00, run_after=2023-11-14T00:00:00+00:00
[2023-11-14T09:58:45.382+0000] {processor.py:179} INFO - Processing /home/airflow/.local/lib/python3.8/site-packages/airflow/example_dags/example_branch_labels.py took 0.044 seconds
[2023-11-14T09:59:15.882+0000] {processor.py:157} INFO - Started process (PID=668) to work on /home/airflow/.local/lib/python3.8/site-packages/airflow/example_dags/example_branch_labels.py
[2023-11-14T09:59:15.883+0000] {processor.py:829} INFO - Processing file /home/airflow/.local/lib/python3.8/site-packages/airflow/example_dags/example_branch_labels.py for tasks to queue
[2023-11-14T09:59:15.885+0000] {logging_mixin.py:154} INFO - [2023-11-14T09:59:15.884+0000] {dagbag.py:536} INFO - Filling up the DagBag from /home/airflow/.local/lib/python3.8/site-packages/airflow/example_dags/example_branch_labels.py
[2023-11-14T09:59:15.891+0000] {processor.py:839} INFO - DAG(s) dict_keys(['example_branch_labels']) retrieved from /home/airflow/.local/lib/python3.8/site-packages/airflow/example_dags/example_branch_labels.py
[2023-11-14T09:59:15.911+0000] {logging_mixin.py:154} INFO - [2023-11-14T09:59:15.911+0000] {dag.py:2941} INFO - Sync 1 DAGs
[2023-11-14T09:59:15.928+0000] {logging_mixin.py:154} INFO - [2023-11-14T09:59:15.928+0000] {dag.py:3722} INFO - Setting next_dagrun for example_branch_labels to 2023-11-13T00:00:00+00:00, run_after=2023-11-14T00:00:00+00:00
[2023-11-14T09:59:15.943+0000] {processor.py:179} INFO - Processing /home/airflow/.local/lib/python3.8/site-packages/airflow/example_dags/example_branch_labels.py took 0.064 seconds
[2023-11-14T09:59:46.143+0000] {processor.py:157} INFO - Started process (PID=722) to work on /home/airflow/.local/lib/python3.8/site-packages/airflow/example_dags/example_branch_labels.py
[2023-11-14T09:59:46.143+0000] {processor.py:829} INFO - Processing file /home/airflow/.local/lib/python3.8/site-packages/airflow/example_dags/example_branch_labels.py for tasks to queue
[2023-11-14T09:59:46.145+0000] {logging_mixin.py:154} INFO - [2023-11-14T09:59:46.145+0000] {dagbag.py:536} INFO - Filling up the DagBag from /home/airflow/.local/lib/python3.8/site-packages/airflow/example_dags/example_branch_labels.py
[2023-11-14T09:59:46.150+0000] {processor.py:839} INFO - DAG(s) dict_keys(['example_branch_labels']) retrieved from /home/airflow/.local/lib/python3.8/site-packages/airflow/example_dags/example_branch_labels.py
[2023-11-14T09:59:46.163+0000] {logging_mixin.py:154} INFO - [2023-11-14T09:59:46.163+0000] {dag.py:2941} INFO - Sync 1 DAGs
[2023-11-14T09:59:46.177+0000] {logging_mixin.py:154} INFO - [2023-11-14T09:59:46.177+0000] {dag.py:3722} INFO - Setting next_dagrun for example_branch_labels to 2023-11-13T00:00:00+00:00, run_after=2023-11-14T00:00:00+00:00
[2023-11-14T09:59:46.188+0000] {processor.py:179} INFO - Processing /home/airflow/.local/lib/python3.8/site-packages/airflow/example_dags/example_branch_labels.py took 0.048 seconds
[2023-11-14T10:00:16.588+0000] {processor.py:157} INFO - Started process (PID=776) to work on /home/airflow/.local/lib/python3.8/site-packages/airflow/example_dags/example_branch_labels.py
[2023-11-14T10:00:16.588+0000] {processor.py:829} INFO - Processing file /home/airflow/.local/lib/python3.8/site-packages/airflow/example_dags/example_branch_labels.py for tasks to queue
[2023-11-14T10:00:16.590+0000] {logging_mixin.py:154} INFO - [2023-11-14T10:00:16.590+0000] {dagbag.py:536} INFO - Filling up the DagBag from /home/airflow/.local/lib/python3.8/site-packages/airflow/example_dags/example_branch_labels.py
[2023-11-14T10:00:16.595+0000] {processor.py:839} INFO - DAG(s) dict_keys(['example_branch_labels']) retrieved from /home/airflow/.local/lib/python3.8/site-packages/airflow/example_dags/example_branch_labels.py
[2023-11-14T10:00:16.609+0000] {logging_mixin.py:154} INFO - [2023-11-14T10:00:16.609+0000] {dag.py:2941} INFO - Sync 1 DAGs
[2023-11-14T10:00:16.622+0000] {logging_mixin.py:154} INFO - [2023-11-14T10:00:16.622+0000] {dag.py:3722} INFO - Setting next_dagrun for example_branch_labels to 2023-11-13T00:00:00+00:00, run_after=2023-11-14T00:00:00+00:00
[2023-11-14T10:00:16.632+0000] {processor.py:179} INFO - Processing /home/airflow/.local/lib/python3.8/site-packages/airflow/example_dags/example_branch_labels.py took 0.046 seconds
[2023-11-14T10:00:46.719+0000] {processor.py:157} INFO - Started process (PID=830) to work on /home/airflow/.local/lib/python3.8/site-packages/airflow/example_dags/example_branch_labels.py
[2023-11-14T10:00:46.720+0000] {processor.py:829} INFO - Processing file /home/airflow/.local/lib/python3.8/site-packages/airflow/example_dags/example_branch_labels.py for tasks to queue
[2023-11-14T10:00:46.721+0000] {logging_mixin.py:154} INFO - [2023-11-14T10:00:46.721+0000] {dagbag.py:536} INFO - Filling up the DagBag from /home/airflow/.local/lib/python3.8/site-packages/airflow/example_dags/example_branch_labels.py
[2023-11-14T10:00:46.726+0000] {processor.py:839} INFO - DAG(s) dict_keys(['example_branch_labels']) retrieved from /home/airflow/.local/lib/python3.8/site-packages/airflow/example_dags/example_branch_labels.py
[2023-11-14T10:00:46.739+0000] {logging_mixin.py:154} INFO - [2023-11-14T10:00:46.739+0000] {dag.py:2941} INFO - Sync 1 DAGs
[2023-11-14T10:00:46.752+0000] {logging_mixin.py:154} INFO - [2023-11-14T10:00:46.752+0000] {dag.py:3722} INFO - Setting next_dagrun for example_branch_labels to 2023-11-13T00:00:00+00:00, run_after=2023-11-14T00:00:00+00:00
[2023-11-14T10:00:46.761+0000] {processor.py:179} INFO - Processing /home/airflow/.local/lib/python3.8/site-packages/airflow/example_dags/example_branch_labels.py took 0.044 seconds
[2023-11-14T10:01:16.925+0000] {processor.py:157} INFO - Started process (PID=884) to work on /home/airflow/.local/lib/python3.8/site-packages/airflow/example_dags/example_branch_labels.py
[2023-11-14T10:01:16.926+0000] {processor.py:829} INFO - Processing file /home/airflow/.local/lib/python3.8/site-packages/airflow/example_dags/example_branch_labels.py for tasks to queue
[2023-11-14T10:01:16.928+0000] {logging_mixin.py:154} INFO - [2023-11-14T10:01:16.927+0000] {dagbag.py:536} INFO - Filling up the DagBag from /home/airflow/.local/lib/python3.8/site-packages/airflow/example_dags/example_branch_labels.py
[2023-11-14T10:01:16.933+0000] {processor.py:839} INFO - DAG(s) dict_keys(['example_branch_labels']) retrieved from /home/airflow/.local/lib/python3.8/site-packages/airflow/example_dags/example_branch_labels.py
[2023-11-14T10:01:16.946+0000] {logging_mixin.py:154} INFO - [2023-11-14T10:01:16.946+0000] {dag.py:2941} INFO - Sync 1 DAGs
[2023-11-14T10:01:16.959+0000] {logging_mixin.py:154} INFO - [2023-11-14T10:01:16.959+0000] {dag.py:3722} INFO - Setting next_dagrun for example_branch_labels to 2023-11-13T00:00:00+00:00, run_after=2023-11-14T00:00:00+00:00
[2023-11-14T10:01:16.970+0000] {processor.py:179} INFO - Processing /home/airflow/.local/lib/python3.8/site-packages/airflow/example_dags/example_branch_labels.py took 0.048 seconds
[2023-11-14T10:01:47.906+0000] {processor.py:157} INFO - Started process (PID=938) to work on /home/airflow/.local/lib/python3.8/site-packages/airflow/example_dags/example_branch_labels.py
[2023-11-14T10:01:47.907+0000] {processor.py:829} INFO - Processing file /home/airflow/.local/lib/python3.8/site-packages/airflow/example_dags/example_branch_labels.py for tasks to queue
[2023-11-14T10:01:47.908+0000] {logging_mixin.py:154} INFO - [2023-11-14T10:01:47.908+0000] {dagbag.py:536} INFO - Filling up the DagBag from /home/airflow/.local/lib/python3.8/site-packages/airflow/example_dags/example_branch_labels.py
[2023-11-14T10:01:47.913+0000] {processor.py:839} INFO - DAG(s) dict_keys(['example_branch_labels']) retrieved from /home/airflow/.local/lib/python3.8/site-packages/airflow/example_dags/example_branch_labels.py
[2023-11-14T10:01:47.928+0000] {logging_mixin.py:154} INFO - [2023-11-14T10:01:47.928+0000] {dag.py:2941} INFO - Sync 1 DAGs
[2023-11-14T10:01:47.943+0000] {logging_mixin.py:154} INFO - [2023-11-14T10:01:47.943+0000] {dag.py:3722} INFO - Setting next_dagrun for example_branch_labels to 2023-11-13T00:00:00+00:00, run_after=2023-11-14T00:00:00+00:00
[2023-11-14T10:01:47.954+0000] {processor.py:179} INFO - Processing /home/airflow/.local/lib/python3.8/site-packages/airflow/example_dags/example_branch_labels.py took 0.051 seconds
[2023-11-14T10:02:18.904+0000] {processor.py:157} INFO - Started process (PID=992) to work on /home/airflow/.local/lib/python3.8/site-packages/airflow/example_dags/example_branch_labels.py
[2023-11-14T10:02:18.905+0000] {processor.py:829} INFO - Processing file /home/airflow/.local/lib/python3.8/site-packages/airflow/example_dags/example_branch_labels.py for tasks to queue
[2023-11-14T10:02:18.907+0000] {logging_mixin.py:154} INFO - [2023-11-14T10:02:18.907+0000] {dagbag.py:536} INFO - Filling up the DagBag from /home/airflow/.local/lib/python3.8/site-packages/airflow/example_dags/example_branch_labels.py
[2023-11-14T10:02:18.912+0000] {processor.py:839} INFO - DAG(s) dict_keys(['example_branch_labels']) retrieved from /home/airflow/.local/lib/python3.8/site-packages/airflow/example_dags/example_branch_labels.py
[2023-11-14T10:02:18.926+0000] {logging_mixin.py:154} INFO - [2023-11-14T10:02:18.926+0000] {dag.py:2941} INFO - Sync 1 DAGs
[2023-11-14T10:02:18.941+0000] {logging_mixin.py:154} INFO - [2023-11-14T10:02:18.940+0000] {dag.py:3722} INFO - Setting next_dagrun for example_branch_labels to 2023-11-13T00:00:00+00:00, run_after=2023-11-14T00:00:00+00:00
[2023-11-14T10:02:18.951+0000] {processor.py:179} INFO - Processing /home/airflow/.local/lib/python3.8/site-packages/airflow/example_dags/example_branch_labels.py took 0.050 seconds
[2023-11-14T10:02:49.192+0000] {processor.py:157} INFO - Started process (PID=1046) to work on /home/airflow/.local/lib/python3.8/site-packages/airflow/example_dags/example_branch_labels.py
[2023-11-14T10:02:49.193+0000] {processor.py:829} INFO - Processing file /home/airflow/.local/lib/python3.8/site-packages/airflow/example_dags/example_branch_labels.py for tasks to queue
[2023-11-14T10:02:49.195+0000] {logging_mixin.py:154} INFO - [2023-11-14T10:02:49.195+0000] {dagbag.py:536} INFO - Filling up the DagBag from /home/airflow/.local/lib/python3.8/site-packages/airflow/example_dags/example_branch_labels.py
[2023-11-14T10:02:49.201+0000] {processor.py:839} INFO - DAG(s) dict_keys(['example_branch_labels']) retrieved from /home/airflow/.local/lib/python3.8/site-packages/airflow/example_dags/example_branch_labels.py
[2023-11-14T10:02:49.215+0000] {logging_mixin.py:154} INFO - [2023-11-14T10:02:49.215+0000] {dag.py:2941} INFO - Sync 1 DAGs
[2023-11-14T10:02:49.227+0000] {logging_mixin.py:154} INFO - [2023-11-14T10:02:49.226+0000] {dag.py:3722} INFO - Setting next_dagrun for example_branch_labels to 2023-11-13T00:00:00+00:00, run_after=2023-11-14T00:00:00+00:00
[2023-11-14T10:02:49.236+0000] {processor.py:179} INFO - Processing /home/airflow/.local/lib/python3.8/site-packages/airflow/example_dags/example_branch_labels.py took 0.048 seconds
[2023-11-14T10:03:20.127+0000] {processor.py:157} INFO - Started process (PID=1100) to work on /home/airflow/.local/lib/python3.8/site-packages/airflow/example_dags/example_branch_labels.py
[2023-11-14T10:03:20.128+0000] {processor.py:829} INFO - Processing file /home/airflow/.local/lib/python3.8/site-packages/airflow/example_dags/example_branch_labels.py for tasks to queue
[2023-11-14T10:03:20.129+0000] {logging_mixin.py:154} INFO - [2023-11-14T10:03:20.129+0000] {dagbag.py:536} INFO - Filling up the DagBag from /home/airflow/.local/lib/python3.8/site-packages/airflow/example_dags/example_branch_labels.py
[2023-11-14T10:03:20.135+0000] {processor.py:839} INFO - DAG(s) dict_keys(['example_branch_labels']) retrieved from /home/airflow/.local/lib/python3.8/site-packages/airflow/example_dags/example_branch_labels.py
[2023-11-14T10:03:20.148+0000] {logging_mixin.py:154} INFO - [2023-11-14T10:03:20.148+0000] {dag.py:2941} INFO - Sync 1 DAGs
[2023-11-14T10:03:20.162+0000] {logging_mixin.py:154} INFO - [2023-11-14T10:03:20.162+0000] {dag.py:3722} INFO - Setting next_dagrun for example_branch_labels to 2023-11-13T00:00:00+00:00, run_after=2023-11-14T00:00:00+00:00
[2023-11-14T10:03:20.171+0000] {processor.py:179} INFO - Processing /home/airflow/.local/lib/python3.8/site-packages/airflow/example_dags/example_branch_labels.py took 0.047 seconds
[2023-11-14T10:03:50.477+0000] {processor.py:157} INFO - Started process (PID=1154) to work on /home/airflow/.local/lib/python3.8/site-packages/airflow/example_dags/example_branch_labels.py
[2023-11-14T10:03:50.478+0000] {processor.py:829} INFO - Processing file /home/airflow/.local/lib/python3.8/site-packages/airflow/example_dags/example_branch_labels.py for tasks to queue
[2023-11-14T10:03:50.480+0000] {logging_mixin.py:154} INFO - [2023-11-14T10:03:50.480+0000] {dagbag.py:536} INFO - Filling up the DagBag from /home/airflow/.local/lib/python3.8/site-packages/airflow/example_dags/example_branch_labels.py
[2023-11-14T10:03:50.485+0000] {processor.py:839} INFO - DAG(s) dict_keys(['example_branch_labels']) retrieved from /home/airflow/.local/lib/python3.8/site-packages/airflow/example_dags/example_branch_labels.py
[2023-11-14T10:03:50.499+0000] {logging_mixin.py:154} INFO - [2023-11-14T10:03:50.499+0000] {dag.py:2941} INFO - Sync 1 DAGs
[2023-11-14T10:03:50.514+0000] {logging_mixin.py:154} INFO - [2023-11-14T10:03:50.514+0000] {dag.py:3722} INFO - Setting next_dagrun for example_branch_labels to 2023-11-13T00:00:00+00:00, run_after=2023-11-14T00:00:00+00:00
[2023-11-14T10:03:50.523+0000] {processor.py:179} INFO - Processing /home/airflow/.local/lib/python3.8/site-packages/airflow/example_dags/example_branch_labels.py took 0.049 seconds
[2023-11-14T10:04:20.697+0000] {processor.py:157} INFO - Started process (PID=1208) to work on /home/airflow/.local/lib/python3.8/site-packages/airflow/example_dags/example_branch_labels.py
[2023-11-14T10:04:20.698+0000] {processor.py:829} INFO - Processing file /home/airflow/.local/lib/python3.8/site-packages/airflow/example_dags/example_branch_labels.py for tasks to queue
[2023-11-14T10:04:20.700+0000] {logging_mixin.py:154} INFO - [2023-11-14T10:04:20.700+0000] {dagbag.py:536} INFO - Filling up the DagBag from /home/airflow/.local/lib/python3.8/site-packages/airflow/example_dags/example_branch_labels.py
[2023-11-14T10:04:20.706+0000] {processor.py:839} INFO - DAG(s) dict_keys(['example_branch_labels']) retrieved from /home/airflow/.local/lib/python3.8/site-packages/airflow/example_dags/example_branch_labels.py
[2023-11-14T10:04:20.719+0000] {logging_mixin.py:154} INFO - [2023-11-14T10:04:20.718+0000] {dag.py:2941} INFO - Sync 1 DAGs
[2023-11-14T10:04:20.732+0000] {logging_mixin.py:154} INFO - [2023-11-14T10:04:20.732+0000] {dag.py:3722} INFO - Setting next_dagrun for example_branch_labels to 2023-11-13T00:00:00+00:00, run_after=2023-11-14T00:00:00+00:00
[2023-11-14T10:04:20.742+0000] {processor.py:179} INFO - Processing /home/airflow/.local/lib/python3.8/site-packages/airflow/example_dags/example_branch_labels.py took 0.047 seconds
[2023-11-14T10:04:50.881+0000] {processor.py:157} INFO - Started process (PID=1262) to work on /home/airflow/.local/lib/python3.8/site-packages/airflow/example_dags/example_branch_labels.py
[2023-11-14T10:04:50.882+0000] {processor.py:829} INFO - Processing file /home/airflow/.local/lib/python3.8/site-packages/airflow/example_dags/example_branch_labels.py for tasks to queue
[2023-11-14T10:04:50.883+0000] {logging_mixin.py:154} INFO - [2023-11-14T10:04:50.883+0000] {dagbag.py:536} INFO - Filling up the DagBag from /home/airflow/.local/lib/python3.8/site-packages/airflow/example_dags/example_branch_labels.py
[2023-11-14T10:04:50.888+0000] {processor.py:839} INFO - DAG(s) dict_keys(['example_branch_labels']) retrieved from /home/airflow/.local/lib/python3.8/site-packages/airflow/example_dags/example_branch_labels.py
[2023-11-14T10:04:50.901+0000] {logging_mixin.py:154} INFO - [2023-11-14T10:04:50.901+0000] {dag.py:2941} INFO - Sync 1 DAGs
[2023-11-14T10:04:50.913+0000] {logging_mixin.py:154} INFO - [2023-11-14T10:04:50.913+0000] {dag.py:3722} INFO - Setting next_dagrun for example_branch_labels to 2023-11-13T00:00:00+00:00, run_after=2023-11-14T00:00:00+00:00
[2023-11-14T10:04:50.922+0000] {processor.py:179} INFO - Processing /home/airflow/.local/lib/python3.8/site-packages/airflow/example_dags/example_branch_labels.py took 0.044 seconds
[2023-11-14T10:05:21.191+0000] {processor.py:157} INFO - Started process (PID=1316) to work on /home/airflow/.local/lib/python3.8/site-packages/airflow/example_dags/example_branch_labels.py
[2023-11-14T10:05:21.192+0000] {processor.py:829} INFO - Processing file /home/airflow/.local/lib/python3.8/site-packages/airflow/example_dags/example_branch_labels.py for tasks to queue
[2023-11-14T10:05:21.194+0000] {logging_mixin.py:154} INFO - [2023-11-14T10:05:21.194+0000] {dagbag.py:536} INFO - Filling up the DagBag from /home/airflow/.local/lib/python3.8/site-packages/airflow/example_dags/example_branch_labels.py
[2023-11-14T10:05:21.199+0000] {processor.py:839} INFO - DAG(s) dict_keys(['example_branch_labels']) retrieved from /home/airflow/.local/lib/python3.8/site-packages/airflow/example_dags/example_branch_labels.py
[2023-11-14T10:05:21.212+0000] {logging_mixin.py:154} INFO - [2023-11-14T10:05:21.212+0000] {dag.py:2941} INFO - Sync 1 DAGs
[2023-11-14T10:05:21.225+0000] {logging_mixin.py:154} INFO - [2023-11-14T10:05:21.225+0000] {dag.py:3722} INFO - Setting next_dagrun for example_branch_labels to 2023-11-13T00:00:00+00:00, run_after=2023-11-14T00:00:00+00:00
[2023-11-14T10:05:21.235+0000] {processor.py:179} INFO - Processing /home/airflow/.local/lib/python3.8/site-packages/airflow/example_dags/example_branch_labels.py took 0.047 seconds
[2023-11-14T10:05:51.416+0000] {processor.py:157} INFO - Started process (PID=1370) to work on /home/airflow/.local/lib/python3.8/site-packages/airflow/example_dags/example_branch_labels.py
[2023-11-14T10:05:51.417+0000] {processor.py:829} INFO - Processing file /home/airflow/.local/lib/python3.8/site-packages/airflow/example_dags/example_branch_labels.py for tasks to queue
[2023-11-14T10:05:51.419+0000] {logging_mixin.py:154} INFO - [2023-11-14T10:05:51.418+0000] {dagbag.py:536} INFO - Filling up the DagBag from /home/airflow/.local/lib/python3.8/site-packages/airflow/example_dags/example_branch_labels.py
[2023-11-14T10:05:51.423+0000] {processor.py:839} INFO - DAG(s) dict_keys(['example_branch_labels']) retrieved from /home/airflow/.local/lib/python3.8/site-packages/airflow/example_dags/example_branch_labels.py
[2023-11-14T10:05:51.436+0000] {logging_mixin.py:154} INFO - [2023-11-14T10:05:51.436+0000] {dag.py:2941} INFO - Sync 1 DAGs
[2023-11-14T10:05:51.450+0000] {logging_mixin.py:154} INFO - [2023-11-14T10:05:51.450+0000] {dag.py:3722} INFO - Setting next_dagrun for example_branch_labels to 2023-11-13T00:00:00+00:00, run_after=2023-11-14T00:00:00+00:00
[2023-11-14T10:05:51.461+0000] {processor.py:179} INFO - Processing /home/airflow/.local/lib/python3.8/site-packages/airflow/example_dags/example_branch_labels.py took 0.047 seconds
[2023-11-14T10:06:21.640+0000] {processor.py:157} INFO - Started process (PID=1424) to work on /home/airflow/.local/lib/python3.8/site-packages/airflow/example_dags/example_branch_labels.py
[2023-11-14T10:06:21.640+0000] {processor.py:829} INFO - Processing file /home/airflow/.local/lib/python3.8/site-packages/airflow/example_dags/example_branch_labels.py for tasks to queue
[2023-11-14T10:06:21.642+0000] {logging_mixin.py:154} INFO - [2023-11-14T10:06:21.642+0000] {dagbag.py:536} INFO - Filling up the DagBag from /home/airflow/.local/lib/python3.8/site-packages/airflow/example_dags/example_branch_labels.py
[2023-11-14T10:06:21.647+0000] {processor.py:839} INFO - DAG(s) dict_keys(['example_branch_labels']) retrieved from /home/airflow/.local/lib/python3.8/site-packages/airflow/example_dags/example_branch_labels.py
[2023-11-14T10:06:21.660+0000] {logging_mixin.py:154} INFO - [2023-11-14T10:06:21.660+0000] {dag.py:2941} INFO - Sync 1 DAGs
[2023-11-14T10:06:21.671+0000] {logging_mixin.py:154} INFO - [2023-11-14T10:06:21.671+0000] {dag.py:3722} INFO - Setting next_dagrun for example_branch_labels to 2023-11-13T00:00:00+00:00, run_after=2023-11-14T00:00:00+00:00
[2023-11-14T10:06:21.680+0000] {processor.py:179} INFO - Processing /home/airflow/.local/lib/python3.8/site-packages/airflow/example_dags/example_branch_labels.py took 0.043 seconds
[2023-11-14T10:06:51.899+0000] {processor.py:157} INFO - Started process (PID=1478) to work on /home/airflow/.local/lib/python3.8/site-packages/airflow/example_dags/example_branch_labels.py
[2023-11-14T10:06:51.900+0000] {processor.py:829} INFO - Processing file /home/airflow/.local/lib/python3.8/site-packages/airflow/example_dags/example_branch_labels.py for tasks to queue
[2023-11-14T10:06:51.902+0000] {logging_mixin.py:154} INFO - [2023-11-14T10:06:51.901+0000] {dagbag.py:536} INFO - Filling up the DagBag from /home/airflow/.local/lib/python3.8/site-packages/airflow/example_dags/example_branch_labels.py
[2023-11-14T10:06:51.906+0000] {processor.py:839} INFO - DAG(s) dict_keys(['example_branch_labels']) retrieved from /home/airflow/.local/lib/python3.8/site-packages/airflow/example_dags/example_branch_labels.py
[2023-11-14T10:06:51.919+0000] {logging_mixin.py:154} INFO - [2023-11-14T10:06:51.918+0000] {dag.py:2941} INFO - Sync 1 DAGs
[2023-11-14T10:06:51.932+0000] {logging_mixin.py:154} INFO - [2023-11-14T10:06:51.932+0000] {dag.py:3722} INFO - Setting next_dagrun for example_branch_labels to 2023-11-13T00:00:00+00:00, run_after=2023-11-14T00:00:00+00:00
[2023-11-14T10:06:51.942+0000] {processor.py:179} INFO - Processing /home/airflow/.local/lib/python3.8/site-packages/airflow/example_dags/example_branch_labels.py took 0.045 seconds
[2023-11-14T10:07:22.210+0000] {processor.py:157} INFO - Started process (PID=1532) to work on /home/airflow/.local/lib/python3.8/site-packages/airflow/example_dags/example_branch_labels.py
[2023-11-14T10:07:22.211+0000] {processor.py:829} INFO - Processing file /home/airflow/.local/lib/python3.8/site-packages/airflow/example_dags/example_branch_labels.py for tasks to queue
[2023-11-14T10:07:22.212+0000] {logging_mixin.py:154} INFO - [2023-11-14T10:07:22.212+0000] {dagbag.py:536} INFO - Filling up the DagBag from /home/airflow/.local/lib/python3.8/site-packages/airflow/example_dags/example_branch_labels.py
[2023-11-14T10:07:22.217+0000] {processor.py:839} INFO - DAG(s) dict_keys(['example_branch_labels']) retrieved from /home/airflow/.local/lib/python3.8/site-packages/airflow/example_dags/example_branch_labels.py
[2023-11-14T10:07:22.231+0000] {logging_mixin.py:154} INFO - [2023-11-14T10:07:22.231+0000] {dag.py:2941} INFO - Sync 1 DAGs
[2023-11-14T10:07:22.245+0000] {logging_mixin.py:154} INFO - [2023-11-14T10:07:22.245+0000] {dag.py:3722} INFO - Setting next_dagrun for example_branch_labels to 2023-11-13T00:00:00+00:00, run_after=2023-11-14T00:00:00+00:00
[2023-11-14T10:07:22.257+0000] {processor.py:179} INFO - Processing /home/airflow/.local/lib/python3.8/site-packages/airflow/example_dags/example_branch_labels.py took 0.050 seconds
[2023-11-14T10:07:52.539+0000] {processor.py:157} INFO - Started process (PID=1586) to work on /home/airflow/.local/lib/python3.8/site-packages/airflow/example_dags/example_branch_labels.py
[2023-11-14T10:07:52.540+0000] {processor.py:829} INFO - Processing file /home/airflow/.local/lib/python3.8/site-packages/airflow/example_dags/example_branch_labels.py for tasks to queue
[2023-11-14T10:07:52.541+0000] {logging_mixin.py:154} INFO - [2023-11-14T10:07:52.541+0000] {dagbag.py:536} INFO - Filling up the DagBag from /home/airflow/.local/lib/python3.8/site-packages/airflow/example_dags/example_branch_labels.py
[2023-11-14T10:07:52.546+0000] {processor.py:839} INFO - DAG(s) dict_keys(['example_branch_labels']) retrieved from /home/airflow/.local/lib/python3.8/site-packages/airflow/example_dags/example_branch_labels.py
[2023-11-14T10:07:52.559+0000] {logging_mixin.py:154} INFO - [2023-11-14T10:07:52.559+0000] {dag.py:2941} INFO - Sync 1 DAGs
[2023-11-14T10:07:52.571+0000] {logging_mixin.py:154} INFO - [2023-11-14T10:07:52.571+0000] {dag.py:3722} INFO - Setting next_dagrun for example_branch_labels to 2023-11-13T00:00:00+00:00, run_after=2023-11-14T00:00:00+00:00
[2023-11-14T10:07:52.583+0000] {processor.py:179} INFO - Processing /home/airflow/.local/lib/python3.8/site-packages/airflow/example_dags/example_branch_labels.py took 0.046 seconds
[2023-11-14T10:08:23.170+0000] {processor.py:157} INFO - Started process (PID=1641) to work on /home/airflow/.local/lib/python3.8/site-packages/airflow/example_dags/example_branch_labels.py
[2023-11-14T10:08:23.170+0000] {processor.py:829} INFO - Processing file /home/airflow/.local/lib/python3.8/site-packages/airflow/example_dags/example_branch_labels.py for tasks to queue
[2023-11-14T10:08:23.172+0000] {logging_mixin.py:154} INFO - [2023-11-14T10:08:23.172+0000] {dagbag.py:536} INFO - Filling up the DagBag from /home/airflow/.local/lib/python3.8/site-packages/airflow/example_dags/example_branch_labels.py
[2023-11-14T10:08:23.177+0000] {processor.py:839} INFO - DAG(s) dict_keys(['example_branch_labels']) retrieved from /home/airflow/.local/lib/python3.8/site-packages/airflow/example_dags/example_branch_labels.py
[2023-11-14T10:08:23.189+0000] {logging_mixin.py:154} INFO - [2023-11-14T10:08:23.189+0000] {dag.py:2941} INFO - Sync 1 DAGs
[2023-11-14T10:08:23.201+0000] {logging_mixin.py:154} INFO - [2023-11-14T10:08:23.201+0000] {dag.py:3722} INFO - Setting next_dagrun for example_branch_labels to 2023-11-13T00:00:00+00:00, run_after=2023-11-14T00:00:00+00:00
[2023-11-14T10:08:23.210+0000] {processor.py:179} INFO - Processing /home/airflow/.local/lib/python3.8/site-packages/airflow/example_dags/example_branch_labels.py took 0.042 seconds
[2023-11-14T10:08:54.612+0000] {processor.py:157} INFO - Started process (PID=1694) to work on /home/airflow/.local/lib/python3.8/site-packages/airflow/example_dags/example_branch_labels.py
[2023-11-14T10:08:54.613+0000] {processor.py:829} INFO - Processing file /home/airflow/.local/lib/python3.8/site-packages/airflow/example_dags/example_branch_labels.py for tasks to queue
[2023-11-14T10:08:54.615+0000] {logging_mixin.py:154} INFO - [2023-11-14T10:08:54.615+0000] {dagbag.py:536} INFO - Filling up the DagBag from /home/airflow/.local/lib/python3.8/site-packages/airflow/example_dags/example_branch_labels.py
[2023-11-14T10:08:54.619+0000] {processor.py:839} INFO - DAG(s) dict_keys(['example_branch_labels']) retrieved from /home/airflow/.local/lib/python3.8/site-packages/airflow/example_dags/example_branch_labels.py
[2023-11-14T10:08:54.634+0000] {logging_mixin.py:154} INFO - [2023-11-14T10:08:54.634+0000] {dag.py:2941} INFO - Sync 1 DAGs
[2023-11-14T10:08:54.646+0000] {logging_mixin.py:154} INFO - [2023-11-14T10:08:54.646+0000] {dag.py:3722} INFO - Setting next_dagrun for example_branch_labels to 2023-11-13T00:00:00+00:00, run_after=2023-11-14T00:00:00+00:00
[2023-11-14T10:08:54.760+0000] {processor.py:179} INFO - Processing /home/airflow/.local/lib/python3.8/site-packages/airflow/example_dags/example_branch_labels.py took 0.151 seconds
[2023-11-14T10:09:25.616+0000] {processor.py:157} INFO - Started process (PID=1748) to work on /home/airflow/.local/lib/python3.8/site-packages/airflow/example_dags/example_branch_labels.py
[2023-11-14T10:09:25.616+0000] {processor.py:829} INFO - Processing file /home/airflow/.local/lib/python3.8/site-packages/airflow/example_dags/example_branch_labels.py for tasks to queue
[2023-11-14T10:09:25.618+0000] {logging_mixin.py:154} INFO - [2023-11-14T10:09:25.618+0000] {dagbag.py:536} INFO - Filling up the DagBag from /home/airflow/.local/lib/python3.8/site-packages/airflow/example_dags/example_branch_labels.py
[2023-11-14T10:09:25.622+0000] {processor.py:839} INFO - DAG(s) dict_keys(['example_branch_labels']) retrieved from /home/airflow/.local/lib/python3.8/site-packages/airflow/example_dags/example_branch_labels.py
[2023-11-14T10:09:25.634+0000] {logging_mixin.py:154} INFO - [2023-11-14T10:09:25.634+0000] {dag.py:2941} INFO - Sync 1 DAGs
[2023-11-14T10:09:25.645+0000] {logging_mixin.py:154} INFO - [2023-11-14T10:09:25.645+0000] {dag.py:3722} INFO - Setting next_dagrun for example_branch_labels to 2023-11-13T00:00:00+00:00, run_after=2023-11-14T00:00:00+00:00
[2023-11-14T10:09:25.654+0000] {processor.py:179} INFO - Processing /home/airflow/.local/lib/python3.8/site-packages/airflow/example_dags/example_branch_labels.py took 0.041 seconds
[2023-11-14T10:09:56.472+0000] {processor.py:157} INFO - Started process (PID=1802) to work on /home/airflow/.local/lib/python3.8/site-packages/airflow/example_dags/example_branch_labels.py
[2023-11-14T10:09:56.473+0000] {processor.py:829} INFO - Processing file /home/airflow/.local/lib/python3.8/site-packages/airflow/example_dags/example_branch_labels.py for tasks to queue
[2023-11-14T10:09:56.474+0000] {logging_mixin.py:154} INFO - [2023-11-14T10:09:56.474+0000] {dagbag.py:536} INFO - Filling up the DagBag from /home/airflow/.local/lib/python3.8/site-packages/airflow/example_dags/example_branch_labels.py
[2023-11-14T10:09:56.479+0000] {processor.py:839} INFO - DAG(s) dict_keys(['example_branch_labels']) retrieved from /home/airflow/.local/lib/python3.8/site-packages/airflow/example_dags/example_branch_labels.py
[2023-11-14T10:09:56.493+0000] {logging_mixin.py:154} INFO - [2023-11-14T10:09:56.493+0000] {dag.py:2941} INFO - Sync 1 DAGs
[2023-11-14T10:09:56.505+0000] {logging_mixin.py:154} INFO - [2023-11-14T10:09:56.505+0000] {dag.py:3722} INFO - Setting next_dagrun for example_branch_labels to 2023-11-13T00:00:00+00:00, run_after=2023-11-14T00:00:00+00:00
[2023-11-14T10:09:56.516+0000] {processor.py:179} INFO - Processing /home/airflow/.local/lib/python3.8/site-packages/airflow/example_dags/example_branch_labels.py took 0.046 seconds
[2023-11-14T10:10:27.083+0000] {processor.py:157} INFO - Started process (PID=1856) to work on /home/airflow/.local/lib/python3.8/site-packages/airflow/example_dags/example_branch_labels.py
[2023-11-14T10:10:27.083+0000] {processor.py:829} INFO - Processing file /home/airflow/.local/lib/python3.8/site-packages/airflow/example_dags/example_branch_labels.py for tasks to queue
[2023-11-14T10:10:27.086+0000] {logging_mixin.py:154} INFO - [2023-11-14T10:10:27.085+0000] {dagbag.py:536} INFO - Filling up the DagBag from /home/airflow/.local/lib/python3.8/site-packages/airflow/example_dags/example_branch_labels.py
[2023-11-14T10:10:27.091+0000] {processor.py:839} INFO - DAG(s) dict_keys(['example_branch_labels']) retrieved from /home/airflow/.local/lib/python3.8/site-packages/airflow/example_dags/example_branch_labels.py
[2023-11-14T10:10:27.104+0000] {logging_mixin.py:154} INFO - [2023-11-14T10:10:27.103+0000] {dag.py:2941} INFO - Sync 1 DAGs
[2023-11-14T10:10:27.116+0000] {logging_mixin.py:154} INFO - [2023-11-14T10:10:27.115+0000] {dag.py:3722} INFO - Setting next_dagrun for example_branch_labels to 2023-11-13T00:00:00+00:00, run_after=2023-11-14T00:00:00+00:00
[2023-11-14T10:10:27.124+0000] {processor.py:179} INFO - Processing /home/airflow/.local/lib/python3.8/site-packages/airflow/example_dags/example_branch_labels.py took 0.044 seconds
[2023-11-14T10:10:57.951+0000] {processor.py:157} INFO - Started process (PID=1910) to work on /home/airflow/.local/lib/python3.8/site-packages/airflow/example_dags/example_branch_labels.py
[2023-11-14T10:10:57.951+0000] {processor.py:829} INFO - Processing file /home/airflow/.local/lib/python3.8/site-packages/airflow/example_dags/example_branch_labels.py for tasks to queue
[2023-11-14T10:10:57.953+0000] {logging_mixin.py:154} INFO - [2023-11-14T10:10:57.953+0000] {dagbag.py:536} INFO - Filling up the DagBag from /home/airflow/.local/lib/python3.8/site-packages/airflow/example_dags/example_branch_labels.py
[2023-11-14T10:10:57.959+0000] {processor.py:839} INFO - DAG(s) dict_keys(['example_branch_labels']) retrieved from /home/airflow/.local/lib/python3.8/site-packages/airflow/example_dags/example_branch_labels.py
[2023-11-14T10:10:57.973+0000] {logging_mixin.py:154} INFO - [2023-11-14T10:10:57.973+0000] {dag.py:2941} INFO - Sync 1 DAGs
[2023-11-14T10:10:58.113+0000] {logging_mixin.py:154} INFO - [2023-11-14T10:10:58.113+0000] {dag.py:3722} INFO - Setting next_dagrun for example_branch_labels to 2023-11-13T00:00:00+00:00, run_after=2023-11-14T00:00:00+00:00
[2023-11-14T10:10:58.122+0000] {processor.py:179} INFO - Processing /home/airflow/.local/lib/python3.8/site-packages/airflow/example_dags/example_branch_labels.py took 0.174 seconds
[2023-11-14T10:11:28.458+0000] {processor.py:157} INFO - Started process (PID=1964) to work on /home/airflow/.local/lib/python3.8/site-packages/airflow/example_dags/example_branch_labels.py
[2023-11-14T10:11:28.459+0000] {processor.py:829} INFO - Processing file /home/airflow/.local/lib/python3.8/site-packages/airflow/example_dags/example_branch_labels.py for tasks to queue
[2023-11-14T10:11:28.461+0000] {logging_mixin.py:154} INFO - [2023-11-14T10:11:28.461+0000] {dagbag.py:536} INFO - Filling up the DagBag from /home/airflow/.local/lib/python3.8/site-packages/airflow/example_dags/example_branch_labels.py
[2023-11-14T10:11:28.466+0000] {processor.py:839} INFO - DAG(s) dict_keys(['example_branch_labels']) retrieved from /home/airflow/.local/lib/python3.8/site-packages/airflow/example_dags/example_branch_labels.py
[2023-11-14T10:11:28.481+0000] {logging_mixin.py:154} INFO - [2023-11-14T10:11:28.481+0000] {dag.py:2941} INFO - Sync 1 DAGs
[2023-11-14T10:11:28.495+0000] {logging_mixin.py:154} INFO - [2023-11-14T10:11:28.495+0000] {dag.py:3722} INFO - Setting next_dagrun for example_branch_labels to 2023-11-13T00:00:00+00:00, run_after=2023-11-14T00:00:00+00:00
[2023-11-14T10:11:28.510+0000] {processor.py:179} INFO - Processing /home/airflow/.local/lib/python3.8/site-packages/airflow/example_dags/example_branch_labels.py took 0.054 seconds
[2023-11-14T10:11:59.161+0000] {processor.py:157} INFO - Started process (PID=2018) to work on /home/airflow/.local/lib/python3.8/site-packages/airflow/example_dags/example_branch_labels.py
[2023-11-14T10:11:59.162+0000] {processor.py:829} INFO - Processing file /home/airflow/.local/lib/python3.8/site-packages/airflow/example_dags/example_branch_labels.py for tasks to queue
[2023-11-14T10:11:59.163+0000] {logging_mixin.py:154} INFO - [2023-11-14T10:11:59.163+0000] {dagbag.py:536} INFO - Filling up the DagBag from /home/airflow/.local/lib/python3.8/site-packages/airflow/example_dags/example_branch_labels.py
[2023-11-14T10:11:59.168+0000] {processor.py:839} INFO - DAG(s) dict_keys(['example_branch_labels']) retrieved from /home/airflow/.local/lib/python3.8/site-packages/airflow/example_dags/example_branch_labels.py
[2023-11-14T10:11:59.181+0000] {logging_mixin.py:154} INFO - [2023-11-14T10:11:59.181+0000] {dag.py:2941} INFO - Sync 1 DAGs
[2023-11-14T10:11:59.194+0000] {logging_mixin.py:154} INFO - [2023-11-14T10:11:59.194+0000] {dag.py:3722} INFO - Setting next_dagrun for example_branch_labels to 2023-11-13T00:00:00+00:00, run_after=2023-11-14T00:00:00+00:00
[2023-11-14T10:11:59.203+0000] {processor.py:179} INFO - Processing /home/airflow/.local/lib/python3.8/site-packages/airflow/example_dags/example_branch_labels.py took 0.044 seconds
[2023-11-14T10:12:30.186+0000] {processor.py:157} INFO - Started process (PID=2072) to work on /home/airflow/.local/lib/python3.8/site-packages/airflow/example_dags/example_branch_labels.py
[2023-11-14T10:12:30.188+0000] {processor.py:829} INFO - Processing file /home/airflow/.local/lib/python3.8/site-packages/airflow/example_dags/example_branch_labels.py for tasks to queue
[2023-11-14T10:12:30.193+0000] {logging_mixin.py:154} INFO - [2023-11-14T10:12:30.192+0000] {dagbag.py:536} INFO - Filling up the DagBag from /home/airflow/.local/lib/python3.8/site-packages/airflow/example_dags/example_branch_labels.py
[2023-11-14T10:12:30.201+0000] {processor.py:839} INFO - DAG(s) dict_keys(['example_branch_labels']) retrieved from /home/airflow/.local/lib/python3.8/site-packages/airflow/example_dags/example_branch_labels.py
[2023-11-14T10:12:30.225+0000] {logging_mixin.py:154} INFO - [2023-11-14T10:12:30.225+0000] {dag.py:2941} INFO - Sync 1 DAGs
[2023-11-14T10:12:30.353+0000] {logging_mixin.py:154} INFO - [2023-11-14T10:12:30.353+0000] {dag.py:3722} INFO - Setting next_dagrun for example_branch_labels to 2023-11-13T00:00:00+00:00, run_after=2023-11-14T00:00:00+00:00
[2023-11-14T10:12:30.362+0000] {processor.py:179} INFO - Processing /home/airflow/.local/lib/python3.8/site-packages/airflow/example_dags/example_branch_labels.py took 0.179 seconds
[2023-11-14T10:13:01.207+0000] {processor.py:157} INFO - Started process (PID=2126) to work on /home/airflow/.local/lib/python3.8/site-packages/airflow/example_dags/example_branch_labels.py
[2023-11-14T10:13:01.208+0000] {processor.py:829} INFO - Processing file /home/airflow/.local/lib/python3.8/site-packages/airflow/example_dags/example_branch_labels.py for tasks to queue
[2023-11-14T10:13:01.210+0000] {logging_mixin.py:154} INFO - [2023-11-14T10:13:01.209+0000] {dagbag.py:536} INFO - Filling up the DagBag from /home/airflow/.local/lib/python3.8/site-packages/airflow/example_dags/example_branch_labels.py
[2023-11-14T10:13:01.216+0000] {processor.py:839} INFO - DAG(s) dict_keys(['example_branch_labels']) retrieved from /home/airflow/.local/lib/python3.8/site-packages/airflow/example_dags/example_branch_labels.py
[2023-11-14T10:13:01.255+0000] {logging_mixin.py:154} INFO - [2023-11-14T10:13:01.254+0000] {dag.py:2941} INFO - Sync 1 DAGs
[2023-11-14T10:13:01.295+0000] {logging_mixin.py:154} INFO - [2023-11-14T10:13:01.293+0000] {dag.py:3722} INFO - Setting next_dagrun for example_branch_labels to 2023-11-13T00:00:00+00:00, run_after=2023-11-14T00:00:00+00:00
[2023-11-14T10:13:01.405+0000] {processor.py:179} INFO - Processing /home/airflow/.local/lib/python3.8/site-packages/airflow/example_dags/example_branch_labels.py took 0.200 seconds
[2023-11-14T10:13:46.358+0000] {processor.py:157} INFO - Started process (PID=2187) to work on /home/airflow/.local/lib/python3.8/site-packages/airflow/example_dags/example_branch_labels.py
[2023-11-14T10:13:46.360+0000] {processor.py:829} INFO - Processing file /home/airflow/.local/lib/python3.8/site-packages/airflow/example_dags/example_branch_labels.py for tasks to queue
[2023-11-14T10:13:46.363+0000] {logging_mixin.py:154} INFO - [2023-11-14T10:13:46.363+0000] {dagbag.py:536} INFO - Filling up the DagBag from /home/airflow/.local/lib/python3.8/site-packages/airflow/example_dags/example_branch_labels.py
[2023-11-14T10:13:46.371+0000] {processor.py:839} INFO - DAG(s) dict_keys(['example_branch_labels']) retrieved from /home/airflow/.local/lib/python3.8/site-packages/airflow/example_dags/example_branch_labels.py
[2023-11-14T10:13:46.391+0000] {logging_mixin.py:154} INFO - [2023-11-14T10:13:46.391+0000] {dag.py:2941} INFO - Sync 1 DAGs
[2023-11-14T10:13:46.414+0000] {logging_mixin.py:154} INFO - [2023-11-14T10:13:46.414+0000] {dag.py:3722} INFO - Setting next_dagrun for example_branch_labels to 2023-11-13T00:00:00+00:00, run_after=2023-11-14T00:00:00+00:00
[2023-11-14T10:13:46.428+0000] {processor.py:179} INFO - Processing /home/airflow/.local/lib/python3.8/site-packages/airflow/example_dags/example_branch_labels.py took 0.074 seconds
[2023-11-14T10:14:48.129+0000] {processor.py:157} INFO - Started process (PID=2242) to work on /home/airflow/.local/lib/python3.8/site-packages/airflow/example_dags/example_branch_labels.py
[2023-11-14T10:14:48.131+0000] {processor.py:829} INFO - Processing file /home/airflow/.local/lib/python3.8/site-packages/airflow/example_dags/example_branch_labels.py for tasks to queue
[2023-11-14T10:14:48.136+0000] {logging_mixin.py:154} INFO - [2023-11-14T10:14:48.135+0000] {dagbag.py:536} INFO - Filling up the DagBag from /home/airflow/.local/lib/python3.8/site-packages/airflow/example_dags/example_branch_labels.py
[2023-11-14T10:14:48.147+0000] {processor.py:839} INFO - DAG(s) dict_keys(['example_branch_labels']) retrieved from /home/airflow/.local/lib/python3.8/site-packages/airflow/example_dags/example_branch_labels.py
[2023-11-14T10:14:48.179+0000] {logging_mixin.py:154} INFO - [2023-11-14T10:14:48.179+0000] {dag.py:2941} INFO - Sync 1 DAGs
[2023-11-14T10:14:48.205+0000] {logging_mixin.py:154} INFO - [2023-11-14T10:14:48.204+0000] {dag.py:3722} INFO - Setting next_dagrun for example_branch_labels to 2023-11-13T00:00:00+00:00, run_after=2023-11-14T00:00:00+00:00
[2023-11-14T10:14:48.232+0000] {processor.py:179} INFO - Processing /home/airflow/.local/lib/python3.8/site-packages/airflow/example_dags/example_branch_labels.py took 0.109 seconds
[2023-11-14T10:17:58.170+0000] {processor.py:157} INFO - Started process (PID=2296) to work on /home/airflow/.local/lib/python3.8/site-packages/airflow/example_dags/example_branch_labels.py
[2023-11-14T10:17:58.172+0000] {processor.py:829} INFO - Processing file /home/airflow/.local/lib/python3.8/site-packages/airflow/example_dags/example_branch_labels.py for tasks to queue
[2023-11-14T10:17:58.175+0000] {logging_mixin.py:154} INFO - [2023-11-14T10:17:58.175+0000] {dagbag.py:536} INFO - Filling up the DagBag from /home/airflow/.local/lib/python3.8/site-packages/airflow/example_dags/example_branch_labels.py
[2023-11-14T10:17:58.183+0000] {processor.py:839} INFO - DAG(s) dict_keys(['example_branch_labels']) retrieved from /home/airflow/.local/lib/python3.8/site-packages/airflow/example_dags/example_branch_labels.py
[2023-11-14T10:17:58.219+0000] {logging_mixin.py:154} INFO - [2023-11-14T10:17:58.218+0000] {dag.py:2941} INFO - Sync 1 DAGs
[2023-11-14T10:17:58.271+0000] {logging_mixin.py:154} INFO - [2023-11-14T10:17:58.270+0000] {dag.py:3722} INFO - Setting next_dagrun for example_branch_labels to 2023-11-13T00:00:00+00:00, run_after=2023-11-14T00:00:00+00:00
[2023-11-14T10:17:58.314+0000] {processor.py:179} INFO - Processing /home/airflow/.local/lib/python3.8/site-packages/airflow/example_dags/example_branch_labels.py took 0.148 seconds
[2023-11-14T10:20:18.911+0000] {processor.py:157} INFO - Started process (PID=2343) to work on /home/airflow/.local/lib/python3.8/site-packages/airflow/example_dags/example_branch_labels.py
[2023-11-14T10:20:18.913+0000] {processor.py:829} INFO - Processing file /home/airflow/.local/lib/python3.8/site-packages/airflow/example_dags/example_branch_labels.py for tasks to queue
[2023-11-14T10:20:18.916+0000] {logging_mixin.py:154} INFO - [2023-11-14T10:20:18.914+0000] {dagbag.py:536} INFO - Filling up the DagBag from /home/airflow/.local/lib/python3.8/site-packages/airflow/example_dags/example_branch_labels.py
[2023-11-14T10:20:18.925+0000] {processor.py:839} INFO - DAG(s) dict_keys(['example_branch_labels']) retrieved from /home/airflow/.local/lib/python3.8/site-packages/airflow/example_dags/example_branch_labels.py
[2023-11-14T10:20:18.961+0000] {logging_mixin.py:154} INFO - [2023-11-14T10:20:18.960+0000] {dag.py:2941} INFO - Sync 1 DAGs
[2023-11-14T10:20:18.978+0000] {logging_mixin.py:154} INFO - [2023-11-14T10:20:18.978+0000] {dag.py:3722} INFO - Setting next_dagrun for example_branch_labels to 2023-11-13T00:00:00+00:00, run_after=2023-11-14T00:00:00+00:00
[2023-11-14T10:20:18.996+0000] {processor.py:179} INFO - Processing /home/airflow/.local/lib/python3.8/site-packages/airflow/example_dags/example_branch_labels.py took 0.088 seconds
