[2023-11-14T09:52:50.823+0000] {processor.py:157} INFO - Started process (PID=73) to work on /home/airflow/.local/lib/python3.8/site-packages/airflow/example_dags/example_nested_branch_dag.py
[2023-11-14T09:52:50.825+0000] {processor.py:829} INFO - Processing file /home/airflow/.local/lib/python3.8/site-packages/airflow/example_dags/example_nested_branch_dag.py for tasks to queue
[2023-11-14T09:52:50.828+0000] {logging_mixin.py:154} INFO - [2023-11-14T09:52:50.827+0000] {dagbag.py:536} INFO - Filling up the DagBag from /home/airflow/.local/lib/python3.8/site-packages/airflow/example_dags/example_nested_branch_dag.py
[2023-11-14T09:52:50.835+0000] {processor.py:839} INFO - DAG(s) dict_keys(['example_nested_branch_dag']) retrieved from /home/airflow/.local/lib/python3.8/site-packages/airflow/example_dags/example_nested_branch_dag.py
[2023-11-14T09:52:50.859+0000] {logging_mixin.py:154} INFO - [2023-11-14T09:52:50.858+0000] {dag.py:2941} INFO - Sync 1 DAGs
[2023-11-14T09:52:50.880+0000] {logging_mixin.py:154} INFO - [2023-11-14T09:52:50.880+0000] {dag.py:3722} INFO - Setting next_dagrun for example_nested_branch_dag to 2023-11-13T00:00:00+00:00, run_after=2023-11-14T00:00:00+00:00
[2023-11-14T09:52:50.901+0000] {processor.py:179} INFO - Processing /home/airflow/.local/lib/python3.8/site-packages/airflow/example_dags/example_nested_branch_dag.py took 0.081 seconds
[2023-11-14T09:53:41.334+0000] {processor.py:157} INFO - Started process (PID=74) to work on /home/airflow/.local/lib/python3.8/site-packages/airflow/example_dags/example_nested_branch_dag.py
[2023-11-14T09:53:41.336+0000] {processor.py:829} INFO - Processing file /home/airflow/.local/lib/python3.8/site-packages/airflow/example_dags/example_nested_branch_dag.py for tasks to queue
[2023-11-14T09:53:41.338+0000] {logging_mixin.py:154} INFO - [2023-11-14T09:53:41.338+0000] {dagbag.py:536} INFO - Filling up the DagBag from /home/airflow/.local/lib/python3.8/site-packages/airflow/example_dags/example_nested_branch_dag.py
[2023-11-14T09:53:41.346+0000] {processor.py:839} INFO - DAG(s) dict_keys(['example_nested_branch_dag']) retrieved from /home/airflow/.local/lib/python3.8/site-packages/airflow/example_dags/example_nested_branch_dag.py
[2023-11-14T09:53:41.355+0000] {logging_mixin.py:154} INFO - [2023-11-14T09:53:41.355+0000] {dag.py:2941} INFO - Sync 1 DAGs
[2023-11-14T09:53:41.371+0000] {logging_mixin.py:154} INFO - [2023-11-14T09:53:41.370+0000] {dag.py:3722} INFO - Setting next_dagrun for example_nested_branch_dag to 2023-11-13T00:00:00+00:00, run_after=2023-11-14T00:00:00+00:00
[2023-11-14T09:53:41.382+0000] {processor.py:179} INFO - Processing /home/airflow/.local/lib/python3.8/site-packages/airflow/example_dags/example_nested_branch_dag.py took 0.050 seconds
[2023-11-14T09:54:11.522+0000] {processor.py:157} INFO - Started process (PID=127) to work on /home/airflow/.local/lib/python3.8/site-packages/airflow/example_dags/example_nested_branch_dag.py
[2023-11-14T09:54:11.522+0000] {processor.py:829} INFO - Processing file /home/airflow/.local/lib/python3.8/site-packages/airflow/example_dags/example_nested_branch_dag.py for tasks to queue
[2023-11-14T09:54:11.524+0000] {logging_mixin.py:154} INFO - [2023-11-14T09:54:11.524+0000] {dagbag.py:536} INFO - Filling up the DagBag from /home/airflow/.local/lib/python3.8/site-packages/airflow/example_dags/example_nested_branch_dag.py
[2023-11-14T09:54:11.529+0000] {processor.py:839} INFO - DAG(s) dict_keys(['example_nested_branch_dag']) retrieved from /home/airflow/.local/lib/python3.8/site-packages/airflow/example_dags/example_nested_branch_dag.py
[2023-11-14T09:54:11.540+0000] {logging_mixin.py:154} INFO - [2023-11-14T09:54:11.540+0000] {dag.py:2941} INFO - Sync 1 DAGs
[2023-11-14T09:54:11.551+0000] {logging_mixin.py:154} INFO - [2023-11-14T09:54:11.551+0000] {dag.py:3722} INFO - Setting next_dagrun for example_nested_branch_dag to 2023-11-13T00:00:00+00:00, run_after=2023-11-14T00:00:00+00:00
[2023-11-14T09:54:11.560+0000] {processor.py:179} INFO - Processing /home/airflow/.local/lib/python3.8/site-packages/airflow/example_dags/example_nested_branch_dag.py took 0.041 seconds
[2023-11-14T09:54:42.129+0000] {processor.py:157} INFO - Started process (PID=180) to work on /home/airflow/.local/lib/python3.8/site-packages/airflow/example_dags/example_nested_branch_dag.py
[2023-11-14T09:54:42.132+0000] {processor.py:829} INFO - Processing file /home/airflow/.local/lib/python3.8/site-packages/airflow/example_dags/example_nested_branch_dag.py for tasks to queue
[2023-11-14T09:54:42.138+0000] {logging_mixin.py:154} INFO - [2023-11-14T09:54:42.138+0000] {dagbag.py:536} INFO - Filling up the DagBag from /home/airflow/.local/lib/python3.8/site-packages/airflow/example_dags/example_nested_branch_dag.py
[2023-11-14T09:54:42.150+0000] {processor.py:839} INFO - DAG(s) dict_keys(['example_nested_branch_dag']) retrieved from /home/airflow/.local/lib/python3.8/site-packages/airflow/example_dags/example_nested_branch_dag.py
[2023-11-14T09:54:42.171+0000] {logging_mixin.py:154} INFO - [2023-11-14T09:54:42.171+0000] {dag.py:2941} INFO - Sync 1 DAGs
[2023-11-14T09:54:42.188+0000] {logging_mixin.py:154} INFO - [2023-11-14T09:54:42.188+0000] {dag.py:3722} INFO - Setting next_dagrun for example_nested_branch_dag to 2023-11-13T00:00:00+00:00, run_after=2023-11-14T00:00:00+00:00
[2023-11-14T09:54:42.203+0000] {processor.py:179} INFO - Processing /home/airflow/.local/lib/python3.8/site-packages/airflow/example_dags/example_nested_branch_dag.py took 0.076 seconds
[2023-11-14T09:55:12.432+0000] {processor.py:157} INFO - Started process (PID=234) to work on /home/airflow/.local/lib/python3.8/site-packages/airflow/example_dags/example_nested_branch_dag.py
[2023-11-14T09:55:12.434+0000] {processor.py:829} INFO - Processing file /home/airflow/.local/lib/python3.8/site-packages/airflow/example_dags/example_nested_branch_dag.py for tasks to queue
[2023-11-14T09:55:12.436+0000] {logging_mixin.py:154} INFO - [2023-11-14T09:55:12.436+0000] {dagbag.py:536} INFO - Filling up the DagBag from /home/airflow/.local/lib/python3.8/site-packages/airflow/example_dags/example_nested_branch_dag.py
[2023-11-14T09:55:12.445+0000] {processor.py:839} INFO - DAG(s) dict_keys(['example_nested_branch_dag']) retrieved from /home/airflow/.local/lib/python3.8/site-packages/airflow/example_dags/example_nested_branch_dag.py
[2023-11-14T09:55:12.463+0000] {logging_mixin.py:154} INFO - [2023-11-14T09:55:12.463+0000] {dag.py:2941} INFO - Sync 1 DAGs
[2023-11-14T09:55:12.484+0000] {logging_mixin.py:154} INFO - [2023-11-14T09:55:12.483+0000] {dag.py:3722} INFO - Setting next_dagrun for example_nested_branch_dag to 2023-11-13T00:00:00+00:00, run_after=2023-11-14T00:00:00+00:00
[2023-11-14T09:55:12.516+0000] {processor.py:179} INFO - Processing /home/airflow/.local/lib/python3.8/site-packages/airflow/example_dags/example_nested_branch_dag.py took 0.087 seconds
[2023-11-14T09:55:42.594+0000] {processor.py:157} INFO - Started process (PID=288) to work on /home/airflow/.local/lib/python3.8/site-packages/airflow/example_dags/example_nested_branch_dag.py
[2023-11-14T09:55:42.595+0000] {processor.py:829} INFO - Processing file /home/airflow/.local/lib/python3.8/site-packages/airflow/example_dags/example_nested_branch_dag.py for tasks to queue
[2023-11-14T09:55:42.596+0000] {logging_mixin.py:154} INFO - [2023-11-14T09:55:42.596+0000] {dagbag.py:536} INFO - Filling up the DagBag from /home/airflow/.local/lib/python3.8/site-packages/airflow/example_dags/example_nested_branch_dag.py
[2023-11-14T09:55:42.602+0000] {processor.py:839} INFO - DAG(s) dict_keys(['example_nested_branch_dag']) retrieved from /home/airflow/.local/lib/python3.8/site-packages/airflow/example_dags/example_nested_branch_dag.py
[2023-11-14T09:55:42.615+0000] {logging_mixin.py:154} INFO - [2023-11-14T09:55:42.615+0000] {dag.py:2941} INFO - Sync 1 DAGs
[2023-11-14T09:55:42.627+0000] {logging_mixin.py:154} INFO - [2023-11-14T09:55:42.626+0000] {dag.py:3722} INFO - Setting next_dagrun for example_nested_branch_dag to 2023-11-13T00:00:00+00:00, run_after=2023-11-14T00:00:00+00:00
[2023-11-14T09:55:42.636+0000] {processor.py:179} INFO - Processing /home/airflow/.local/lib/python3.8/site-packages/airflow/example_dags/example_nested_branch_dag.py took 0.044 seconds
[2023-11-14T09:56:13.443+0000] {processor.py:157} INFO - Started process (PID=342) to work on /home/airflow/.local/lib/python3.8/site-packages/airflow/example_dags/example_nested_branch_dag.py
[2023-11-14T09:56:13.444+0000] {processor.py:829} INFO - Processing file /home/airflow/.local/lib/python3.8/site-packages/airflow/example_dags/example_nested_branch_dag.py for tasks to queue
[2023-11-14T09:56:13.446+0000] {logging_mixin.py:154} INFO - [2023-11-14T09:56:13.446+0000] {dagbag.py:536} INFO - Filling up the DagBag from /home/airflow/.local/lib/python3.8/site-packages/airflow/example_dags/example_nested_branch_dag.py
[2023-11-14T09:56:13.453+0000] {processor.py:839} INFO - DAG(s) dict_keys(['example_nested_branch_dag']) retrieved from /home/airflow/.local/lib/python3.8/site-packages/airflow/example_dags/example_nested_branch_dag.py
[2023-11-14T09:56:13.469+0000] {logging_mixin.py:154} INFO - [2023-11-14T09:56:13.469+0000] {dag.py:2941} INFO - Sync 1 DAGs
[2023-11-14T09:56:13.485+0000] {logging_mixin.py:154} INFO - [2023-11-14T09:56:13.484+0000] {dag.py:3722} INFO - Setting next_dagrun for example_nested_branch_dag to 2023-11-13T00:00:00+00:00, run_after=2023-11-14T00:00:00+00:00
[2023-11-14T09:56:13.496+0000] {processor.py:179} INFO - Processing /home/airflow/.local/lib/python3.8/site-packages/airflow/example_dags/example_nested_branch_dag.py took 0.056 seconds
[2023-11-14T09:56:43.818+0000] {processor.py:157} INFO - Started process (PID=396) to work on /home/airflow/.local/lib/python3.8/site-packages/airflow/example_dags/example_nested_branch_dag.py
[2023-11-14T09:56:43.820+0000] {processor.py:829} INFO - Processing file /home/airflow/.local/lib/python3.8/site-packages/airflow/example_dags/example_nested_branch_dag.py for tasks to queue
[2023-11-14T09:56:43.821+0000] {logging_mixin.py:154} INFO - [2023-11-14T09:56:43.821+0000] {dagbag.py:536} INFO - Filling up the DagBag from /home/airflow/.local/lib/python3.8/site-packages/airflow/example_dags/example_nested_branch_dag.py
[2023-11-14T09:56:43.828+0000] {processor.py:839} INFO - DAG(s) dict_keys(['example_nested_branch_dag']) retrieved from /home/airflow/.local/lib/python3.8/site-packages/airflow/example_dags/example_nested_branch_dag.py
[2023-11-14T09:56:43.835+0000] {logging_mixin.py:154} INFO - [2023-11-14T09:56:43.835+0000] {dag.py:2941} INFO - Sync 1 DAGs
[2023-11-14T09:56:43.850+0000] {logging_mixin.py:154} INFO - [2023-11-14T09:56:43.850+0000] {dag.py:3722} INFO - Setting next_dagrun for example_nested_branch_dag to 2023-11-13T00:00:00+00:00, run_after=2023-11-14T00:00:00+00:00
[2023-11-14T09:56:43.864+0000] {processor.py:179} INFO - Processing /home/airflow/.local/lib/python3.8/site-packages/airflow/example_dags/example_nested_branch_dag.py took 0.048 seconds
[2023-11-14T09:57:14.108+0000] {processor.py:157} INFO - Started process (PID=451) to work on /home/airflow/.local/lib/python3.8/site-packages/airflow/example_dags/example_nested_branch_dag.py
[2023-11-14T09:57:14.109+0000] {processor.py:829} INFO - Processing file /home/airflow/.local/lib/python3.8/site-packages/airflow/example_dags/example_nested_branch_dag.py for tasks to queue
[2023-11-14T09:57:14.110+0000] {logging_mixin.py:154} INFO - [2023-11-14T09:57:14.110+0000] {dagbag.py:536} INFO - Filling up the DagBag from /home/airflow/.local/lib/python3.8/site-packages/airflow/example_dags/example_nested_branch_dag.py
[2023-11-14T09:57:14.117+0000] {processor.py:839} INFO - DAG(s) dict_keys(['example_nested_branch_dag']) retrieved from /home/airflow/.local/lib/python3.8/site-packages/airflow/example_dags/example_nested_branch_dag.py
[2023-11-14T09:57:14.133+0000] {logging_mixin.py:154} INFO - [2023-11-14T09:57:14.133+0000] {dag.py:2941} INFO - Sync 1 DAGs
[2023-11-14T09:57:14.151+0000] {logging_mixin.py:154} INFO - [2023-11-14T09:57:14.151+0000] {dag.py:3722} INFO - Setting next_dagrun for example_nested_branch_dag to 2023-11-13T00:00:00+00:00, run_after=2023-11-14T00:00:00+00:00
[2023-11-14T09:57:14.170+0000] {processor.py:179} INFO - Processing /home/airflow/.local/lib/python3.8/site-packages/airflow/example_dags/example_nested_branch_dag.py took 0.064 seconds
[2023-11-14T09:57:44.992+0000] {processor.py:157} INFO - Started process (PID=505) to work on /home/airflow/.local/lib/python3.8/site-packages/airflow/example_dags/example_nested_branch_dag.py
[2023-11-14T09:57:44.992+0000] {processor.py:829} INFO - Processing file /home/airflow/.local/lib/python3.8/site-packages/airflow/example_dags/example_nested_branch_dag.py for tasks to queue
[2023-11-14T09:57:44.994+0000] {logging_mixin.py:154} INFO - [2023-11-14T09:57:44.994+0000] {dagbag.py:536} INFO - Filling up the DagBag from /home/airflow/.local/lib/python3.8/site-packages/airflow/example_dags/example_nested_branch_dag.py
[2023-11-14T09:57:45.001+0000] {processor.py:839} INFO - DAG(s) dict_keys(['example_nested_branch_dag']) retrieved from /home/airflow/.local/lib/python3.8/site-packages/airflow/example_dags/example_nested_branch_dag.py
[2023-11-14T09:57:45.014+0000] {logging_mixin.py:154} INFO - [2023-11-14T09:57:45.014+0000] {dag.py:2941} INFO - Sync 1 DAGs
[2023-11-14T09:57:45.027+0000] {logging_mixin.py:154} INFO - [2023-11-14T09:57:45.027+0000] {dag.py:3722} INFO - Setting next_dagrun for example_nested_branch_dag to 2023-11-13T00:00:00+00:00, run_after=2023-11-14T00:00:00+00:00
[2023-11-14T09:57:45.039+0000] {processor.py:179} INFO - Processing /home/airflow/.local/lib/python3.8/site-packages/airflow/example_dags/example_nested_branch_dag.py took 0.050 seconds
[2023-11-14T09:58:15.247+0000] {processor.py:157} INFO - Started process (PID=559) to work on /home/airflow/.local/lib/python3.8/site-packages/airflow/example_dags/example_nested_branch_dag.py
[2023-11-14T09:58:15.248+0000] {processor.py:829} INFO - Processing file /home/airflow/.local/lib/python3.8/site-packages/airflow/example_dags/example_nested_branch_dag.py for tasks to queue
[2023-11-14T09:58:15.250+0000] {logging_mixin.py:154} INFO - [2023-11-14T09:58:15.250+0000] {dagbag.py:536} INFO - Filling up the DagBag from /home/airflow/.local/lib/python3.8/site-packages/airflow/example_dags/example_nested_branch_dag.py
[2023-11-14T09:58:15.257+0000] {processor.py:839} INFO - DAG(s) dict_keys(['example_nested_branch_dag']) retrieved from /home/airflow/.local/lib/python3.8/site-packages/airflow/example_dags/example_nested_branch_dag.py
[2023-11-14T09:58:15.271+0000] {logging_mixin.py:154} INFO - [2023-11-14T09:58:15.271+0000] {dag.py:2941} INFO - Sync 1 DAGs
[2023-11-14T09:58:15.283+0000] {logging_mixin.py:154} INFO - [2023-11-14T09:58:15.283+0000] {dag.py:3722} INFO - Setting next_dagrun for example_nested_branch_dag to 2023-11-13T00:00:00+00:00, run_after=2023-11-14T00:00:00+00:00
[2023-11-14T09:58:15.292+0000] {processor.py:179} INFO - Processing /home/airflow/.local/lib/python3.8/site-packages/airflow/example_dags/example_nested_branch_dag.py took 0.048 seconds
[2023-11-14T09:58:45.326+0000] {processor.py:157} INFO - Started process (PID=613) to work on /home/airflow/.local/lib/python3.8/site-packages/airflow/example_dags/example_nested_branch_dag.py
[2023-11-14T09:58:45.327+0000] {processor.py:829} INFO - Processing file /home/airflow/.local/lib/python3.8/site-packages/airflow/example_dags/example_nested_branch_dag.py for tasks to queue
[2023-11-14T09:58:45.329+0000] {logging_mixin.py:154} INFO - [2023-11-14T09:58:45.328+0000] {dagbag.py:536} INFO - Filling up the DagBag from /home/airflow/.local/lib/python3.8/site-packages/airflow/example_dags/example_nested_branch_dag.py
[2023-11-14T09:58:45.335+0000] {processor.py:839} INFO - DAG(s) dict_keys(['example_nested_branch_dag']) retrieved from /home/airflow/.local/lib/python3.8/site-packages/airflow/example_dags/example_nested_branch_dag.py
[2023-11-14T09:58:45.349+0000] {logging_mixin.py:154} INFO - [2023-11-14T09:58:45.349+0000] {dag.py:2941} INFO - Sync 1 DAGs
[2023-11-14T09:58:45.361+0000] {logging_mixin.py:154} INFO - [2023-11-14T09:58:45.361+0000] {dag.py:3722} INFO - Setting next_dagrun for example_nested_branch_dag to 2023-11-13T00:00:00+00:00, run_after=2023-11-14T00:00:00+00:00
[2023-11-14T09:58:45.370+0000] {processor.py:179} INFO - Processing /home/airflow/.local/lib/python3.8/site-packages/airflow/example_dags/example_nested_branch_dag.py took 0.047 seconds
[2023-11-14T09:59:15.873+0000] {processor.py:157} INFO - Started process (PID=667) to work on /home/airflow/.local/lib/python3.8/site-packages/airflow/example_dags/example_nested_branch_dag.py
[2023-11-14T09:59:15.874+0000] {processor.py:829} INFO - Processing file /home/airflow/.local/lib/python3.8/site-packages/airflow/example_dags/example_nested_branch_dag.py for tasks to queue
[2023-11-14T09:59:15.876+0000] {logging_mixin.py:154} INFO - [2023-11-14T09:59:15.876+0000] {dagbag.py:536} INFO - Filling up the DagBag from /home/airflow/.local/lib/python3.8/site-packages/airflow/example_dags/example_nested_branch_dag.py
[2023-11-14T09:59:15.884+0000] {processor.py:839} INFO - DAG(s) dict_keys(['example_nested_branch_dag']) retrieved from /home/airflow/.local/lib/python3.8/site-packages/airflow/example_dags/example_nested_branch_dag.py
[2023-11-14T09:59:15.905+0000] {logging_mixin.py:154} INFO - [2023-11-14T09:59:15.905+0000] {dag.py:2941} INFO - Sync 1 DAGs
[2023-11-14T09:59:15.926+0000] {logging_mixin.py:154} INFO - [2023-11-14T09:59:15.925+0000] {dag.py:3722} INFO - Setting next_dagrun for example_nested_branch_dag to 2023-11-13T00:00:00+00:00, run_after=2023-11-14T00:00:00+00:00
[2023-11-14T09:59:15.943+0000] {processor.py:179} INFO - Processing /home/airflow/.local/lib/python3.8/site-packages/airflow/example_dags/example_nested_branch_dag.py took 0.078 seconds
[2023-11-14T09:59:46.125+0000] {processor.py:157} INFO - Started process (PID=721) to work on /home/airflow/.local/lib/python3.8/site-packages/airflow/example_dags/example_nested_branch_dag.py
[2023-11-14T09:59:46.125+0000] {processor.py:829} INFO - Processing file /home/airflow/.local/lib/python3.8/site-packages/airflow/example_dags/example_nested_branch_dag.py for tasks to queue
[2023-11-14T09:59:46.127+0000] {logging_mixin.py:154} INFO - [2023-11-14T09:59:46.127+0000] {dagbag.py:536} INFO - Filling up the DagBag from /home/airflow/.local/lib/python3.8/site-packages/airflow/example_dags/example_nested_branch_dag.py
[2023-11-14T09:59:46.134+0000] {processor.py:839} INFO - DAG(s) dict_keys(['example_nested_branch_dag']) retrieved from /home/airflow/.local/lib/python3.8/site-packages/airflow/example_dags/example_nested_branch_dag.py
[2023-11-14T09:59:46.147+0000] {logging_mixin.py:154} INFO - [2023-11-14T09:59:46.147+0000] {dag.py:2941} INFO - Sync 1 DAGs
[2023-11-14T09:59:46.161+0000] {logging_mixin.py:154} INFO - [2023-11-14T09:59:46.161+0000] {dag.py:3722} INFO - Setting next_dagrun for example_nested_branch_dag to 2023-11-13T00:00:00+00:00, run_after=2023-11-14T00:00:00+00:00
[2023-11-14T09:59:46.172+0000] {processor.py:179} INFO - Processing /home/airflow/.local/lib/python3.8/site-packages/airflow/example_dags/example_nested_branch_dag.py took 0.051 seconds
[2023-11-14T10:00:16.535+0000] {processor.py:157} INFO - Started process (PID=775) to work on /home/airflow/.local/lib/python3.8/site-packages/airflow/example_dags/example_nested_branch_dag.py
[2023-11-14T10:00:16.536+0000] {processor.py:829} INFO - Processing file /home/airflow/.local/lib/python3.8/site-packages/airflow/example_dags/example_nested_branch_dag.py for tasks to queue
[2023-11-14T10:00:16.537+0000] {logging_mixin.py:154} INFO - [2023-11-14T10:00:16.537+0000] {dagbag.py:536} INFO - Filling up the DagBag from /home/airflow/.local/lib/python3.8/site-packages/airflow/example_dags/example_nested_branch_dag.py
[2023-11-14T10:00:16.544+0000] {processor.py:839} INFO - DAG(s) dict_keys(['example_nested_branch_dag']) retrieved from /home/airflow/.local/lib/python3.8/site-packages/airflow/example_dags/example_nested_branch_dag.py
[2023-11-14T10:00:16.559+0000] {logging_mixin.py:154} INFO - [2023-11-14T10:00:16.559+0000] {dag.py:2941} INFO - Sync 1 DAGs
[2023-11-14T10:00:16.572+0000] {logging_mixin.py:154} INFO - [2023-11-14T10:00:16.572+0000] {dag.py:3722} INFO - Setting next_dagrun for example_nested_branch_dag to 2023-11-13T00:00:00+00:00, run_after=2023-11-14T00:00:00+00:00
[2023-11-14T10:00:16.584+0000] {processor.py:179} INFO - Processing /home/airflow/.local/lib/python3.8/site-packages/airflow/example_dags/example_nested_branch_dag.py took 0.052 seconds
[2023-11-14T10:00:46.668+0000] {processor.py:157} INFO - Started process (PID=829) to work on /home/airflow/.local/lib/python3.8/site-packages/airflow/example_dags/example_nested_branch_dag.py
[2023-11-14T10:00:46.669+0000] {processor.py:829} INFO - Processing file /home/airflow/.local/lib/python3.8/site-packages/airflow/example_dags/example_nested_branch_dag.py for tasks to queue
[2023-11-14T10:00:46.670+0000] {logging_mixin.py:154} INFO - [2023-11-14T10:00:46.670+0000] {dagbag.py:536} INFO - Filling up the DagBag from /home/airflow/.local/lib/python3.8/site-packages/airflow/example_dags/example_nested_branch_dag.py
[2023-11-14T10:00:46.676+0000] {processor.py:839} INFO - DAG(s) dict_keys(['example_nested_branch_dag']) retrieved from /home/airflow/.local/lib/python3.8/site-packages/airflow/example_dags/example_nested_branch_dag.py
[2023-11-14T10:00:46.688+0000] {logging_mixin.py:154} INFO - [2023-11-14T10:00:46.688+0000] {dag.py:2941} INFO - Sync 1 DAGs
[2023-11-14T10:00:46.700+0000] {logging_mixin.py:154} INFO - [2023-11-14T10:00:46.700+0000] {dag.py:3722} INFO - Setting next_dagrun for example_nested_branch_dag to 2023-11-13T00:00:00+00:00, run_after=2023-11-14T00:00:00+00:00
[2023-11-14T10:00:46.709+0000] {processor.py:179} INFO - Processing /home/airflow/.local/lib/python3.8/site-packages/airflow/example_dags/example_nested_branch_dag.py took 0.044 seconds
[2023-11-14T10:01:16.909+0000] {processor.py:157} INFO - Started process (PID=883) to work on /home/airflow/.local/lib/python3.8/site-packages/airflow/example_dags/example_nested_branch_dag.py
[2023-11-14T10:01:16.910+0000] {processor.py:829} INFO - Processing file /home/airflow/.local/lib/python3.8/site-packages/airflow/example_dags/example_nested_branch_dag.py for tasks to queue
[2023-11-14T10:01:16.912+0000] {logging_mixin.py:154} INFO - [2023-11-14T10:01:16.911+0000] {dagbag.py:536} INFO - Filling up the DagBag from /home/airflow/.local/lib/python3.8/site-packages/airflow/example_dags/example_nested_branch_dag.py
[2023-11-14T10:01:16.918+0000] {processor.py:839} INFO - DAG(s) dict_keys(['example_nested_branch_dag']) retrieved from /home/airflow/.local/lib/python3.8/site-packages/airflow/example_dags/example_nested_branch_dag.py
[2023-11-14T10:01:16.934+0000] {logging_mixin.py:154} INFO - [2023-11-14T10:01:16.934+0000] {dag.py:2941} INFO - Sync 1 DAGs
[2023-11-14T10:01:16.946+0000] {logging_mixin.py:154} INFO - [2023-11-14T10:01:16.946+0000] {dag.py:3722} INFO - Setting next_dagrun for example_nested_branch_dag to 2023-11-13T00:00:00+00:00, run_after=2023-11-14T00:00:00+00:00
[2023-11-14T10:01:16.956+0000] {processor.py:179} INFO - Processing /home/airflow/.local/lib/python3.8/site-packages/airflow/example_dags/example_nested_branch_dag.py took 0.049 seconds
[2023-11-14T10:01:47.875+0000] {processor.py:157} INFO - Started process (PID=937) to work on /home/airflow/.local/lib/python3.8/site-packages/airflow/example_dags/example_nested_branch_dag.py
[2023-11-14T10:01:47.875+0000] {processor.py:829} INFO - Processing file /home/airflow/.local/lib/python3.8/site-packages/airflow/example_dags/example_nested_branch_dag.py for tasks to queue
[2023-11-14T10:01:47.877+0000] {logging_mixin.py:154} INFO - [2023-11-14T10:01:47.877+0000] {dagbag.py:536} INFO - Filling up the DagBag from /home/airflow/.local/lib/python3.8/site-packages/airflow/example_dags/example_nested_branch_dag.py
[2023-11-14T10:01:47.884+0000] {processor.py:839} INFO - DAG(s) dict_keys(['example_nested_branch_dag']) retrieved from /home/airflow/.local/lib/python3.8/site-packages/airflow/example_dags/example_nested_branch_dag.py
[2023-11-14T10:01:47.897+0000] {logging_mixin.py:154} INFO - [2023-11-14T10:01:47.897+0000] {dag.py:2941} INFO - Sync 1 DAGs
[2023-11-14T10:01:47.910+0000] {logging_mixin.py:154} INFO - [2023-11-14T10:01:47.910+0000] {dag.py:3722} INFO - Setting next_dagrun for example_nested_branch_dag to 2023-11-13T00:00:00+00:00, run_after=2023-11-14T00:00:00+00:00
[2023-11-14T10:01:47.920+0000] {processor.py:179} INFO - Processing /home/airflow/.local/lib/python3.8/site-packages/airflow/example_dags/example_nested_branch_dag.py took 0.048 seconds
[2023-11-14T10:02:18.892+0000] {processor.py:157} INFO - Started process (PID=991) to work on /home/airflow/.local/lib/python3.8/site-packages/airflow/example_dags/example_nested_branch_dag.py
[2023-11-14T10:02:18.893+0000] {processor.py:829} INFO - Processing file /home/airflow/.local/lib/python3.8/site-packages/airflow/example_dags/example_nested_branch_dag.py for tasks to queue
[2023-11-14T10:02:18.895+0000] {logging_mixin.py:154} INFO - [2023-11-14T10:02:18.895+0000] {dagbag.py:536} INFO - Filling up the DagBag from /home/airflow/.local/lib/python3.8/site-packages/airflow/example_dags/example_nested_branch_dag.py
[2023-11-14T10:02:18.902+0000] {processor.py:839} INFO - DAG(s) dict_keys(['example_nested_branch_dag']) retrieved from /home/airflow/.local/lib/python3.8/site-packages/airflow/example_dags/example_nested_branch_dag.py
[2023-11-14T10:02:18.916+0000] {logging_mixin.py:154} INFO - [2023-11-14T10:02:18.916+0000] {dag.py:2941} INFO - Sync 1 DAGs
[2023-11-14T10:02:18.930+0000] {logging_mixin.py:154} INFO - [2023-11-14T10:02:18.930+0000] {dag.py:3722} INFO - Setting next_dagrun for example_nested_branch_dag to 2023-11-13T00:00:00+00:00, run_after=2023-11-14T00:00:00+00:00
[2023-11-14T10:02:18.942+0000] {processor.py:179} INFO - Processing /home/airflow/.local/lib/python3.8/site-packages/airflow/example_dags/example_nested_branch_dag.py took 0.052 seconds
[2023-11-14T10:02:49.184+0000] {processor.py:157} INFO - Started process (PID=1045) to work on /home/airflow/.local/lib/python3.8/site-packages/airflow/example_dags/example_nested_branch_dag.py
[2023-11-14T10:02:49.185+0000] {processor.py:829} INFO - Processing file /home/airflow/.local/lib/python3.8/site-packages/airflow/example_dags/example_nested_branch_dag.py for tasks to queue
[2023-11-14T10:02:49.187+0000] {logging_mixin.py:154} INFO - [2023-11-14T10:02:49.186+0000] {dagbag.py:536} INFO - Filling up the DagBag from /home/airflow/.local/lib/python3.8/site-packages/airflow/example_dags/example_nested_branch_dag.py
[2023-11-14T10:02:49.194+0000] {processor.py:839} INFO - DAG(s) dict_keys(['example_nested_branch_dag']) retrieved from /home/airflow/.local/lib/python3.8/site-packages/airflow/example_dags/example_nested_branch_dag.py
[2023-11-14T10:02:49.209+0000] {logging_mixin.py:154} INFO - [2023-11-14T10:02:49.208+0000] {dag.py:2941} INFO - Sync 1 DAGs
[2023-11-14T10:02:49.221+0000] {logging_mixin.py:154} INFO - [2023-11-14T10:02:49.221+0000] {dag.py:3722} INFO - Setting next_dagrun for example_nested_branch_dag to 2023-11-13T00:00:00+00:00, run_after=2023-11-14T00:00:00+00:00
[2023-11-14T10:02:49.231+0000] {processor.py:179} INFO - Processing /home/airflow/.local/lib/python3.8/site-packages/airflow/example_dags/example_nested_branch_dag.py took 0.050 seconds
[2023-11-14T10:03:20.073+0000] {processor.py:157} INFO - Started process (PID=1099) to work on /home/airflow/.local/lib/python3.8/site-packages/airflow/example_dags/example_nested_branch_dag.py
[2023-11-14T10:03:20.073+0000] {processor.py:829} INFO - Processing file /home/airflow/.local/lib/python3.8/site-packages/airflow/example_dags/example_nested_branch_dag.py for tasks to queue
[2023-11-14T10:03:20.075+0000] {logging_mixin.py:154} INFO - [2023-11-14T10:03:20.075+0000] {dagbag.py:536} INFO - Filling up the DagBag from /home/airflow/.local/lib/python3.8/site-packages/airflow/example_dags/example_nested_branch_dag.py
[2023-11-14T10:03:20.081+0000] {processor.py:839} INFO - DAG(s) dict_keys(['example_nested_branch_dag']) retrieved from /home/airflow/.local/lib/python3.8/site-packages/airflow/example_dags/example_nested_branch_dag.py
[2023-11-14T10:03:20.094+0000] {logging_mixin.py:154} INFO - [2023-11-14T10:03:20.093+0000] {dag.py:2941} INFO - Sync 1 DAGs
[2023-11-14T10:03:20.105+0000] {logging_mixin.py:154} INFO - [2023-11-14T10:03:20.104+0000] {dag.py:3722} INFO - Setting next_dagrun for example_nested_branch_dag to 2023-11-13T00:00:00+00:00, run_after=2023-11-14T00:00:00+00:00
[2023-11-14T10:03:20.113+0000] {processor.py:179} INFO - Processing /home/airflow/.local/lib/python3.8/site-packages/airflow/example_dags/example_nested_branch_dag.py took 0.043 seconds
[2023-11-14T10:03:50.448+0000] {processor.py:157} INFO - Started process (PID=1153) to work on /home/airflow/.local/lib/python3.8/site-packages/airflow/example_dags/example_nested_branch_dag.py
[2023-11-14T10:03:50.449+0000] {processor.py:829} INFO - Processing file /home/airflow/.local/lib/python3.8/site-packages/airflow/example_dags/example_nested_branch_dag.py for tasks to queue
[2023-11-14T10:03:50.451+0000] {logging_mixin.py:154} INFO - [2023-11-14T10:03:50.451+0000] {dagbag.py:536} INFO - Filling up the DagBag from /home/airflow/.local/lib/python3.8/site-packages/airflow/example_dags/example_nested_branch_dag.py
[2023-11-14T10:03:50.457+0000] {processor.py:839} INFO - DAG(s) dict_keys(['example_nested_branch_dag']) retrieved from /home/airflow/.local/lib/python3.8/site-packages/airflow/example_dags/example_nested_branch_dag.py
[2023-11-14T10:03:50.471+0000] {logging_mixin.py:154} INFO - [2023-11-14T10:03:50.471+0000] {dag.py:2941} INFO - Sync 1 DAGs
[2023-11-14T10:03:50.485+0000] {logging_mixin.py:154} INFO - [2023-11-14T10:03:50.485+0000] {dag.py:3722} INFO - Setting next_dagrun for example_nested_branch_dag to 2023-11-13T00:00:00+00:00, run_after=2023-11-14T00:00:00+00:00
[2023-11-14T10:03:50.496+0000] {processor.py:179} INFO - Processing /home/airflow/.local/lib/python3.8/site-packages/airflow/example_dags/example_nested_branch_dag.py took 0.050 seconds
[2023-11-14T10:04:20.642+0000] {processor.py:157} INFO - Started process (PID=1207) to work on /home/airflow/.local/lib/python3.8/site-packages/airflow/example_dags/example_nested_branch_dag.py
[2023-11-14T10:04:20.643+0000] {processor.py:829} INFO - Processing file /home/airflow/.local/lib/python3.8/site-packages/airflow/example_dags/example_nested_branch_dag.py for tasks to queue
[2023-11-14T10:04:20.645+0000] {logging_mixin.py:154} INFO - [2023-11-14T10:04:20.645+0000] {dagbag.py:536} INFO - Filling up the DagBag from /home/airflow/.local/lib/python3.8/site-packages/airflow/example_dags/example_nested_branch_dag.py
[2023-11-14T10:04:20.651+0000] {processor.py:839} INFO - DAG(s) dict_keys(['example_nested_branch_dag']) retrieved from /home/airflow/.local/lib/python3.8/site-packages/airflow/example_dags/example_nested_branch_dag.py
[2023-11-14T10:04:20.666+0000] {logging_mixin.py:154} INFO - [2023-11-14T10:04:20.666+0000] {dag.py:2941} INFO - Sync 1 DAGs
[2023-11-14T10:04:20.679+0000] {logging_mixin.py:154} INFO - [2023-11-14T10:04:20.679+0000] {dag.py:3722} INFO - Setting next_dagrun for example_nested_branch_dag to 2023-11-13T00:00:00+00:00, run_after=2023-11-14T00:00:00+00:00
[2023-11-14T10:04:20.690+0000] {processor.py:179} INFO - Processing /home/airflow/.local/lib/python3.8/site-packages/airflow/example_dags/example_nested_branch_dag.py took 0.050 seconds
[2023-11-14T10:04:50.872+0000] {processor.py:157} INFO - Started process (PID=1261) to work on /home/airflow/.local/lib/python3.8/site-packages/airflow/example_dags/example_nested_branch_dag.py
[2023-11-14T10:04:50.873+0000] {processor.py:829} INFO - Processing file /home/airflow/.local/lib/python3.8/site-packages/airflow/example_dags/example_nested_branch_dag.py for tasks to queue
[2023-11-14T10:04:50.876+0000] {logging_mixin.py:154} INFO - [2023-11-14T10:04:50.876+0000] {dagbag.py:536} INFO - Filling up the DagBag from /home/airflow/.local/lib/python3.8/site-packages/airflow/example_dags/example_nested_branch_dag.py
[2023-11-14T10:04:50.883+0000] {processor.py:839} INFO - DAG(s) dict_keys(['example_nested_branch_dag']) retrieved from /home/airflow/.local/lib/python3.8/site-packages/airflow/example_dags/example_nested_branch_dag.py
[2023-11-14T10:04:50.896+0000] {logging_mixin.py:154} INFO - [2023-11-14T10:04:50.896+0000] {dag.py:2941} INFO - Sync 1 DAGs
[2023-11-14T10:04:50.907+0000] {logging_mixin.py:154} INFO - [2023-11-14T10:04:50.907+0000] {dag.py:3722} INFO - Setting next_dagrun for example_nested_branch_dag to 2023-11-13T00:00:00+00:00, run_after=2023-11-14T00:00:00+00:00
[2023-11-14T10:04:50.918+0000] {processor.py:179} INFO - Processing /home/airflow/.local/lib/python3.8/site-packages/airflow/example_dags/example_nested_branch_dag.py took 0.048 seconds
[2023-11-14T10:05:21.157+0000] {processor.py:157} INFO - Started process (PID=1315) to work on /home/airflow/.local/lib/python3.8/site-packages/airflow/example_dags/example_nested_branch_dag.py
[2023-11-14T10:05:21.158+0000] {processor.py:829} INFO - Processing file /home/airflow/.local/lib/python3.8/site-packages/airflow/example_dags/example_nested_branch_dag.py for tasks to queue
[2023-11-14T10:05:21.160+0000] {logging_mixin.py:154} INFO - [2023-11-14T10:05:21.160+0000] {dagbag.py:536} INFO - Filling up the DagBag from /home/airflow/.local/lib/python3.8/site-packages/airflow/example_dags/example_nested_branch_dag.py
[2023-11-14T10:05:21.166+0000] {processor.py:839} INFO - DAG(s) dict_keys(['example_nested_branch_dag']) retrieved from /home/airflow/.local/lib/python3.8/site-packages/airflow/example_dags/example_nested_branch_dag.py
[2023-11-14T10:05:21.181+0000] {logging_mixin.py:154} INFO - [2023-11-14T10:05:21.181+0000] {dag.py:2941} INFO - Sync 1 DAGs
[2023-11-14T10:05:21.196+0000] {logging_mixin.py:154} INFO - [2023-11-14T10:05:21.196+0000] {dag.py:3722} INFO - Setting next_dagrun for example_nested_branch_dag to 2023-11-13T00:00:00+00:00, run_after=2023-11-14T00:00:00+00:00
[2023-11-14T10:05:21.206+0000] {processor.py:179} INFO - Processing /home/airflow/.local/lib/python3.8/site-packages/airflow/example_dags/example_nested_branch_dag.py took 0.051 seconds
[2023-11-14T10:05:51.398+0000] {processor.py:157} INFO - Started process (PID=1369) to work on /home/airflow/.local/lib/python3.8/site-packages/airflow/example_dags/example_nested_branch_dag.py
[2023-11-14T10:05:51.398+0000] {processor.py:829} INFO - Processing file /home/airflow/.local/lib/python3.8/site-packages/airflow/example_dags/example_nested_branch_dag.py for tasks to queue
[2023-11-14T10:05:51.400+0000] {logging_mixin.py:154} INFO - [2023-11-14T10:05:51.400+0000] {dagbag.py:536} INFO - Filling up the DagBag from /home/airflow/.local/lib/python3.8/site-packages/airflow/example_dags/example_nested_branch_dag.py
[2023-11-14T10:05:51.406+0000] {processor.py:839} INFO - DAG(s) dict_keys(['example_nested_branch_dag']) retrieved from /home/airflow/.local/lib/python3.8/site-packages/airflow/example_dags/example_nested_branch_dag.py
[2023-11-14T10:05:51.418+0000] {logging_mixin.py:154} INFO - [2023-11-14T10:05:51.418+0000] {dag.py:2941} INFO - Sync 1 DAGs
[2023-11-14T10:05:51.430+0000] {logging_mixin.py:154} INFO - [2023-11-14T10:05:51.430+0000] {dag.py:3722} INFO - Setting next_dagrun for example_nested_branch_dag to 2023-11-13T00:00:00+00:00, run_after=2023-11-14T00:00:00+00:00
[2023-11-14T10:05:51.441+0000] {processor.py:179} INFO - Processing /home/airflow/.local/lib/python3.8/site-packages/airflow/example_dags/example_nested_branch_dag.py took 0.046 seconds
[2023-11-14T10:06:21.631+0000] {processor.py:157} INFO - Started process (PID=1423) to work on /home/airflow/.local/lib/python3.8/site-packages/airflow/example_dags/example_nested_branch_dag.py
[2023-11-14T10:06:21.632+0000] {processor.py:829} INFO - Processing file /home/airflow/.local/lib/python3.8/site-packages/airflow/example_dags/example_nested_branch_dag.py for tasks to queue
[2023-11-14T10:06:21.634+0000] {logging_mixin.py:154} INFO - [2023-11-14T10:06:21.634+0000] {dagbag.py:536} INFO - Filling up the DagBag from /home/airflow/.local/lib/python3.8/site-packages/airflow/example_dags/example_nested_branch_dag.py
[2023-11-14T10:06:21.641+0000] {processor.py:839} INFO - DAG(s) dict_keys(['example_nested_branch_dag']) retrieved from /home/airflow/.local/lib/python3.8/site-packages/airflow/example_dags/example_nested_branch_dag.py
[2023-11-14T10:06:21.655+0000] {logging_mixin.py:154} INFO - [2023-11-14T10:06:21.654+0000] {dag.py:2941} INFO - Sync 1 DAGs
[2023-11-14T10:06:21.666+0000] {logging_mixin.py:154} INFO - [2023-11-14T10:06:21.666+0000] {dag.py:3722} INFO - Setting next_dagrun for example_nested_branch_dag to 2023-11-13T00:00:00+00:00, run_after=2023-11-14T00:00:00+00:00
[2023-11-14T10:06:21.675+0000] {processor.py:179} INFO - Processing /home/airflow/.local/lib/python3.8/site-packages/airflow/example_dags/example_nested_branch_dag.py took 0.046 seconds
[2023-11-14T10:06:51.849+0000] {processor.py:157} INFO - Started process (PID=1477) to work on /home/airflow/.local/lib/python3.8/site-packages/airflow/example_dags/example_nested_branch_dag.py
[2023-11-14T10:06:51.849+0000] {processor.py:829} INFO - Processing file /home/airflow/.local/lib/python3.8/site-packages/airflow/example_dags/example_nested_branch_dag.py for tasks to queue
[2023-11-14T10:06:51.851+0000] {logging_mixin.py:154} INFO - [2023-11-14T10:06:51.850+0000] {dagbag.py:536} INFO - Filling up the DagBag from /home/airflow/.local/lib/python3.8/site-packages/airflow/example_dags/example_nested_branch_dag.py
[2023-11-14T10:06:51.856+0000] {processor.py:839} INFO - DAG(s) dict_keys(['example_nested_branch_dag']) retrieved from /home/airflow/.local/lib/python3.8/site-packages/airflow/example_dags/example_nested_branch_dag.py
[2023-11-14T10:06:51.868+0000] {logging_mixin.py:154} INFO - [2023-11-14T10:06:51.868+0000] {dag.py:2941} INFO - Sync 1 DAGs
[2023-11-14T10:06:51.879+0000] {logging_mixin.py:154} INFO - [2023-11-14T10:06:51.879+0000] {dag.py:3722} INFO - Setting next_dagrun for example_nested_branch_dag to 2023-11-13T00:00:00+00:00, run_after=2023-11-14T00:00:00+00:00
[2023-11-14T10:06:51.887+0000] {processor.py:179} INFO - Processing /home/airflow/.local/lib/python3.8/site-packages/airflow/example_dags/example_nested_branch_dag.py took 0.041 seconds
[2023-11-14T10:07:22.206+0000] {processor.py:157} INFO - Started process (PID=1531) to work on /home/airflow/.local/lib/python3.8/site-packages/airflow/example_dags/example_nested_branch_dag.py
[2023-11-14T10:07:22.207+0000] {processor.py:829} INFO - Processing file /home/airflow/.local/lib/python3.8/site-packages/airflow/example_dags/example_nested_branch_dag.py for tasks to queue
[2023-11-14T10:07:22.209+0000] {logging_mixin.py:154} INFO - [2023-11-14T10:07:22.209+0000] {dagbag.py:536} INFO - Filling up the DagBag from /home/airflow/.local/lib/python3.8/site-packages/airflow/example_dags/example_nested_branch_dag.py
[2023-11-14T10:07:22.215+0000] {processor.py:839} INFO - DAG(s) dict_keys(['example_nested_branch_dag']) retrieved from /home/airflow/.local/lib/python3.8/site-packages/airflow/example_dags/example_nested_branch_dag.py
[2023-11-14T10:07:22.231+0000] {logging_mixin.py:154} INFO - [2023-11-14T10:07:22.230+0000] {dag.py:2941} INFO - Sync 1 DAGs
[2023-11-14T10:07:22.245+0000] {logging_mixin.py:154} INFO - [2023-11-14T10:07:22.245+0000] {dag.py:3722} INFO - Setting next_dagrun for example_nested_branch_dag to 2023-11-13T00:00:00+00:00, run_after=2023-11-14T00:00:00+00:00
[2023-11-14T10:07:22.257+0000] {processor.py:179} INFO - Processing /home/airflow/.local/lib/python3.8/site-packages/airflow/example_dags/example_nested_branch_dag.py took 0.053 seconds
[2023-11-14T10:07:52.492+0000] {processor.py:157} INFO - Started process (PID=1585) to work on /home/airflow/.local/lib/python3.8/site-packages/airflow/example_dags/example_nested_branch_dag.py
[2023-11-14T10:07:52.492+0000] {processor.py:829} INFO - Processing file /home/airflow/.local/lib/python3.8/site-packages/airflow/example_dags/example_nested_branch_dag.py for tasks to queue
[2023-11-14T10:07:52.494+0000] {logging_mixin.py:154} INFO - [2023-11-14T10:07:52.494+0000] {dagbag.py:536} INFO - Filling up the DagBag from /home/airflow/.local/lib/python3.8/site-packages/airflow/example_dags/example_nested_branch_dag.py
[2023-11-14T10:07:52.501+0000] {processor.py:839} INFO - DAG(s) dict_keys(['example_nested_branch_dag']) retrieved from /home/airflow/.local/lib/python3.8/site-packages/airflow/example_dags/example_nested_branch_dag.py
[2023-11-14T10:07:52.513+0000] {logging_mixin.py:154} INFO - [2023-11-14T10:07:52.513+0000] {dag.py:2941} INFO - Sync 1 DAGs
[2023-11-14T10:07:52.524+0000] {logging_mixin.py:154} INFO - [2023-11-14T10:07:52.524+0000] {dag.py:3722} INFO - Setting next_dagrun for example_nested_branch_dag to 2023-11-13T00:00:00+00:00, run_after=2023-11-14T00:00:00+00:00
[2023-11-14T10:07:52.532+0000] {processor.py:179} INFO - Processing /home/airflow/.local/lib/python3.8/site-packages/airflow/example_dags/example_nested_branch_dag.py took 0.043 seconds
[2023-11-14T10:08:23.112+0000] {processor.py:157} INFO - Started process (PID=1639) to work on /home/airflow/.local/lib/python3.8/site-packages/airflow/example_dags/example_nested_branch_dag.py
[2023-11-14T10:08:23.113+0000] {processor.py:829} INFO - Processing file /home/airflow/.local/lib/python3.8/site-packages/airflow/example_dags/example_nested_branch_dag.py for tasks to queue
[2023-11-14T10:08:23.114+0000] {logging_mixin.py:154} INFO - [2023-11-14T10:08:23.114+0000] {dagbag.py:536} INFO - Filling up the DagBag from /home/airflow/.local/lib/python3.8/site-packages/airflow/example_dags/example_nested_branch_dag.py
[2023-11-14T10:08:23.121+0000] {processor.py:839} INFO - DAG(s) dict_keys(['example_nested_branch_dag']) retrieved from /home/airflow/.local/lib/python3.8/site-packages/airflow/example_dags/example_nested_branch_dag.py
[2023-11-14T10:08:23.134+0000] {logging_mixin.py:154} INFO - [2023-11-14T10:08:23.134+0000] {dag.py:2941} INFO - Sync 1 DAGs
[2023-11-14T10:08:23.146+0000] {logging_mixin.py:154} INFO - [2023-11-14T10:08:23.146+0000] {dag.py:3722} INFO - Setting next_dagrun for example_nested_branch_dag to 2023-11-13T00:00:00+00:00, run_after=2023-11-14T00:00:00+00:00
[2023-11-14T10:08:23.155+0000] {processor.py:179} INFO - Processing /home/airflow/.local/lib/python3.8/site-packages/airflow/example_dags/example_nested_branch_dag.py took 0.046 seconds
[2023-11-14T10:08:54.600+0000] {processor.py:157} INFO - Started process (PID=1693) to work on /home/airflow/.local/lib/python3.8/site-packages/airflow/example_dags/example_nested_branch_dag.py
[2023-11-14T10:08:54.601+0000] {processor.py:829} INFO - Processing file /home/airflow/.local/lib/python3.8/site-packages/airflow/example_dags/example_nested_branch_dag.py for tasks to queue
[2023-11-14T10:08:54.603+0000] {logging_mixin.py:154} INFO - [2023-11-14T10:08:54.603+0000] {dagbag.py:536} INFO - Filling up the DagBag from /home/airflow/.local/lib/python3.8/site-packages/airflow/example_dags/example_nested_branch_dag.py
[2023-11-14T10:08:54.609+0000] {processor.py:839} INFO - DAG(s) dict_keys(['example_nested_branch_dag']) retrieved from /home/airflow/.local/lib/python3.8/site-packages/airflow/example_dags/example_nested_branch_dag.py
[2023-11-14T10:08:54.622+0000] {logging_mixin.py:154} INFO - [2023-11-14T10:08:54.622+0000] {dag.py:2941} INFO - Sync 1 DAGs
[2023-11-14T10:08:54.635+0000] {logging_mixin.py:154} INFO - [2023-11-14T10:08:54.635+0000] {dag.py:3722} INFO - Setting next_dagrun for example_nested_branch_dag to 2023-11-13T00:00:00+00:00, run_after=2023-11-14T00:00:00+00:00
[2023-11-14T10:08:54.753+0000] {processor.py:179} INFO - Processing /home/airflow/.local/lib/python3.8/site-packages/airflow/example_dags/example_nested_branch_dag.py took 0.155 seconds
[2023-11-14T10:09:25.612+0000] {processor.py:157} INFO - Started process (PID=1747) to work on /home/airflow/.local/lib/python3.8/site-packages/airflow/example_dags/example_nested_branch_dag.py
[2023-11-14T10:09:25.613+0000] {processor.py:829} INFO - Processing file /home/airflow/.local/lib/python3.8/site-packages/airflow/example_dags/example_nested_branch_dag.py for tasks to queue
[2023-11-14T10:09:25.615+0000] {logging_mixin.py:154} INFO - [2023-11-14T10:09:25.614+0000] {dagbag.py:536} INFO - Filling up the DagBag from /home/airflow/.local/lib/python3.8/site-packages/airflow/example_dags/example_nested_branch_dag.py
[2023-11-14T10:09:25.621+0000] {processor.py:839} INFO - DAG(s) dict_keys(['example_nested_branch_dag']) retrieved from /home/airflow/.local/lib/python3.8/site-packages/airflow/example_dags/example_nested_branch_dag.py
[2023-11-14T10:09:25.634+0000] {logging_mixin.py:154} INFO - [2023-11-14T10:09:25.634+0000] {dag.py:2941} INFO - Sync 1 DAGs
[2023-11-14T10:09:25.645+0000] {logging_mixin.py:154} INFO - [2023-11-14T10:09:25.645+0000] {dag.py:3722} INFO - Setting next_dagrun for example_nested_branch_dag to 2023-11-13T00:00:00+00:00, run_after=2023-11-14T00:00:00+00:00
[2023-11-14T10:09:25.654+0000] {processor.py:179} INFO - Processing /home/airflow/.local/lib/python3.8/site-packages/airflow/example_dags/example_nested_branch_dag.py took 0.044 seconds
[2023-11-14T10:09:56.421+0000] {processor.py:157} INFO - Started process (PID=1801) to work on /home/airflow/.local/lib/python3.8/site-packages/airflow/example_dags/example_nested_branch_dag.py
[2023-11-14T10:09:56.422+0000] {processor.py:829} INFO - Processing file /home/airflow/.local/lib/python3.8/site-packages/airflow/example_dags/example_nested_branch_dag.py for tasks to queue
[2023-11-14T10:09:56.423+0000] {logging_mixin.py:154} INFO - [2023-11-14T10:09:56.423+0000] {dagbag.py:536} INFO - Filling up the DagBag from /home/airflow/.local/lib/python3.8/site-packages/airflow/example_dags/example_nested_branch_dag.py
[2023-11-14T10:09:56.429+0000] {processor.py:839} INFO - DAG(s) dict_keys(['example_nested_branch_dag']) retrieved from /home/airflow/.local/lib/python3.8/site-packages/airflow/example_dags/example_nested_branch_dag.py
[2023-11-14T10:09:56.441+0000] {logging_mixin.py:154} INFO - [2023-11-14T10:09:56.441+0000] {dag.py:2941} INFO - Sync 1 DAGs
[2023-11-14T10:09:56.452+0000] {logging_mixin.py:154} INFO - [2023-11-14T10:09:56.452+0000] {dag.py:3722} INFO - Setting next_dagrun for example_nested_branch_dag to 2023-11-13T00:00:00+00:00, run_after=2023-11-14T00:00:00+00:00
[2023-11-14T10:09:56.459+0000] {processor.py:179} INFO - Processing /home/airflow/.local/lib/python3.8/site-packages/airflow/example_dags/example_nested_branch_dag.py took 0.041 seconds
[2023-11-14T10:10:27.018+0000] {processor.py:157} INFO - Started process (PID=1855) to work on /home/airflow/.local/lib/python3.8/site-packages/airflow/example_dags/example_nested_branch_dag.py
[2023-11-14T10:10:27.019+0000] {processor.py:829} INFO - Processing file /home/airflow/.local/lib/python3.8/site-packages/airflow/example_dags/example_nested_branch_dag.py for tasks to queue
[2023-11-14T10:10:27.021+0000] {logging_mixin.py:154} INFO - [2023-11-14T10:10:27.020+0000] {dagbag.py:536} INFO - Filling up the DagBag from /home/airflow/.local/lib/python3.8/site-packages/airflow/example_dags/example_nested_branch_dag.py
[2023-11-14T10:10:27.028+0000] {processor.py:839} INFO - DAG(s) dict_keys(['example_nested_branch_dag']) retrieved from /home/airflow/.local/lib/python3.8/site-packages/airflow/example_dags/example_nested_branch_dag.py
[2023-11-14T10:10:27.045+0000] {logging_mixin.py:154} INFO - [2023-11-14T10:10:27.045+0000] {dag.py:2941} INFO - Sync 1 DAGs
[2023-11-14T10:10:27.060+0000] {logging_mixin.py:154} INFO - [2023-11-14T10:10:27.060+0000] {dag.py:3722} INFO - Setting next_dagrun for example_nested_branch_dag to 2023-11-13T00:00:00+00:00, run_after=2023-11-14T00:00:00+00:00
[2023-11-14T10:10:27.069+0000] {processor.py:179} INFO - Processing /home/airflow/.local/lib/python3.8/site-packages/airflow/example_dags/example_nested_branch_dag.py took 0.054 seconds
[2023-11-14T10:10:57.851+0000] {processor.py:157} INFO - Started process (PID=1909) to work on /home/airflow/.local/lib/python3.8/site-packages/airflow/example_dags/example_nested_branch_dag.py
[2023-11-14T10:10:57.852+0000] {processor.py:829} INFO - Processing file /home/airflow/.local/lib/python3.8/site-packages/airflow/example_dags/example_nested_branch_dag.py for tasks to queue
[2023-11-14T10:10:57.854+0000] {logging_mixin.py:154} INFO - [2023-11-14T10:10:57.854+0000] {dagbag.py:536} INFO - Filling up the DagBag from /home/airflow/.local/lib/python3.8/site-packages/airflow/example_dags/example_nested_branch_dag.py
[2023-11-14T10:10:57.862+0000] {processor.py:839} INFO - DAG(s) dict_keys(['example_nested_branch_dag']) retrieved from /home/airflow/.local/lib/python3.8/site-packages/airflow/example_dags/example_nested_branch_dag.py
[2023-11-14T10:10:57.878+0000] {logging_mixin.py:154} INFO - [2023-11-14T10:10:57.878+0000] {dag.py:2941} INFO - Sync 1 DAGs
[2023-11-14T10:10:58.002+0000] {logging_mixin.py:154} INFO - [2023-11-14T10:10:58.002+0000] {dag.py:3722} INFO - Setting next_dagrun for example_nested_branch_dag to 2023-11-13T00:00:00+00:00, run_after=2023-11-14T00:00:00+00:00
[2023-11-14T10:10:58.013+0000] {processor.py:179} INFO - Processing /home/airflow/.local/lib/python3.8/site-packages/airflow/example_dags/example_nested_branch_dag.py took 0.165 seconds
[2023-11-14T10:11:28.431+0000] {processor.py:157} INFO - Started process (PID=1963) to work on /home/airflow/.local/lib/python3.8/site-packages/airflow/example_dags/example_nested_branch_dag.py
[2023-11-14T10:11:28.432+0000] {processor.py:829} INFO - Processing file /home/airflow/.local/lib/python3.8/site-packages/airflow/example_dags/example_nested_branch_dag.py for tasks to queue
[2023-11-14T10:11:28.434+0000] {logging_mixin.py:154} INFO - [2023-11-14T10:11:28.434+0000] {dagbag.py:536} INFO - Filling up the DagBag from /home/airflow/.local/lib/python3.8/site-packages/airflow/example_dags/example_nested_branch_dag.py
[2023-11-14T10:11:28.441+0000] {processor.py:839} INFO - DAG(s) dict_keys(['example_nested_branch_dag']) retrieved from /home/airflow/.local/lib/python3.8/site-packages/airflow/example_dags/example_nested_branch_dag.py
[2023-11-14T10:11:28.456+0000] {logging_mixin.py:154} INFO - [2023-11-14T10:11:28.456+0000] {dag.py:2941} INFO - Sync 1 DAGs
[2023-11-14T10:11:28.470+0000] {logging_mixin.py:154} INFO - [2023-11-14T10:11:28.470+0000] {dag.py:3722} INFO - Setting next_dagrun for example_nested_branch_dag to 2023-11-13T00:00:00+00:00, run_after=2023-11-14T00:00:00+00:00
[2023-11-14T10:11:28.482+0000] {processor.py:179} INFO - Processing /home/airflow/.local/lib/python3.8/site-packages/airflow/example_dags/example_nested_branch_dag.py took 0.054 seconds
[2023-11-14T10:11:59.108+0000] {processor.py:157} INFO - Started process (PID=2017) to work on /home/airflow/.local/lib/python3.8/site-packages/airflow/example_dags/example_nested_branch_dag.py
[2023-11-14T10:11:59.109+0000] {processor.py:829} INFO - Processing file /home/airflow/.local/lib/python3.8/site-packages/airflow/example_dags/example_nested_branch_dag.py for tasks to queue
[2023-11-14T10:11:59.111+0000] {logging_mixin.py:154} INFO - [2023-11-14T10:11:59.110+0000] {dagbag.py:536} INFO - Filling up the DagBag from /home/airflow/.local/lib/python3.8/site-packages/airflow/example_dags/example_nested_branch_dag.py
[2023-11-14T10:11:59.117+0000] {processor.py:839} INFO - DAG(s) dict_keys(['example_nested_branch_dag']) retrieved from /home/airflow/.local/lib/python3.8/site-packages/airflow/example_dags/example_nested_branch_dag.py
[2023-11-14T10:11:59.131+0000] {logging_mixin.py:154} INFO - [2023-11-14T10:11:59.130+0000] {dag.py:2941} INFO - Sync 1 DAGs
[2023-11-14T10:11:59.144+0000] {logging_mixin.py:154} INFO - [2023-11-14T10:11:59.144+0000] {dag.py:3722} INFO - Setting next_dagrun for example_nested_branch_dag to 2023-11-13T00:00:00+00:00, run_after=2023-11-14T00:00:00+00:00
[2023-11-14T10:11:59.154+0000] {processor.py:179} INFO - Processing /home/airflow/.local/lib/python3.8/site-packages/airflow/example_dags/example_nested_branch_dag.py took 0.048 seconds
[2023-11-14T10:12:29.986+0000] {processor.py:157} INFO - Started process (PID=2071) to work on /home/airflow/.local/lib/python3.8/site-packages/airflow/example_dags/example_nested_branch_dag.py
[2023-11-14T10:12:29.987+0000] {processor.py:829} INFO - Processing file /home/airflow/.local/lib/python3.8/site-packages/airflow/example_dags/example_nested_branch_dag.py for tasks to queue
[2023-11-14T10:12:29.989+0000] {logging_mixin.py:154} INFO - [2023-11-14T10:12:29.988+0000] {dagbag.py:536} INFO - Filling up the DagBag from /home/airflow/.local/lib/python3.8/site-packages/airflow/example_dags/example_nested_branch_dag.py
[2023-11-14T10:12:29.995+0000] {processor.py:839} INFO - DAG(s) dict_keys(['example_nested_branch_dag']) retrieved from /home/airflow/.local/lib/python3.8/site-packages/airflow/example_dags/example_nested_branch_dag.py
[2023-11-14T10:12:30.007+0000] {logging_mixin.py:154} INFO - [2023-11-14T10:12:30.007+0000] {dag.py:2941} INFO - Sync 1 DAGs
[2023-11-14T10:12:30.153+0000] {logging_mixin.py:154} INFO - [2023-11-14T10:12:30.152+0000] {dag.py:3722} INFO - Setting next_dagrun for example_nested_branch_dag to 2023-11-13T00:00:00+00:00, run_after=2023-11-14T00:00:00+00:00
[2023-11-14T10:12:30.163+0000] {processor.py:179} INFO - Processing /home/airflow/.local/lib/python3.8/site-packages/airflow/example_dags/example_nested_branch_dag.py took 0.180 seconds
[2023-11-14T10:13:01.203+0000] {processor.py:157} INFO - Started process (PID=2125) to work on /home/airflow/.local/lib/python3.8/site-packages/airflow/example_dags/example_nested_branch_dag.py
[2023-11-14T10:13:01.204+0000] {processor.py:829} INFO - Processing file /home/airflow/.local/lib/python3.8/site-packages/airflow/example_dags/example_nested_branch_dag.py for tasks to queue
[2023-11-14T10:13:01.207+0000] {logging_mixin.py:154} INFO - [2023-11-14T10:13:01.206+0000] {dagbag.py:536} INFO - Filling up the DagBag from /home/airflow/.local/lib/python3.8/site-packages/airflow/example_dags/example_nested_branch_dag.py
[2023-11-14T10:13:01.217+0000] {processor.py:839} INFO - DAG(s) dict_keys(['example_nested_branch_dag']) retrieved from /home/airflow/.local/lib/python3.8/site-packages/airflow/example_dags/example_nested_branch_dag.py
[2023-11-14T10:13:01.255+0000] {logging_mixin.py:154} INFO - [2023-11-14T10:13:01.254+0000] {dag.py:2941} INFO - Sync 1 DAGs
[2023-11-14T10:13:01.295+0000] {logging_mixin.py:154} INFO - [2023-11-14T10:13:01.293+0000] {dag.py:3722} INFO - Setting next_dagrun for example_nested_branch_dag to 2023-11-13T00:00:00+00:00, run_after=2023-11-14T00:00:00+00:00
[2023-11-14T10:13:01.405+0000] {processor.py:179} INFO - Processing /home/airflow/.local/lib/python3.8/site-packages/airflow/example_dags/example_nested_branch_dag.py took 0.205 seconds
[2023-11-14T10:13:46.224+0000] {processor.py:157} INFO - Started process (PID=2186) to work on /home/airflow/.local/lib/python3.8/site-packages/airflow/example_dags/example_nested_branch_dag.py
[2023-11-14T10:13:46.226+0000] {processor.py:829} INFO - Processing file /home/airflow/.local/lib/python3.8/site-packages/airflow/example_dags/example_nested_branch_dag.py for tasks to queue
[2023-11-14T10:13:46.229+0000] {logging_mixin.py:154} INFO - [2023-11-14T10:13:46.229+0000] {dagbag.py:536} INFO - Filling up the DagBag from /home/airflow/.local/lib/python3.8/site-packages/airflow/example_dags/example_nested_branch_dag.py
[2023-11-14T10:13:46.245+0000] {processor.py:839} INFO - DAG(s) dict_keys(['example_nested_branch_dag']) retrieved from /home/airflow/.local/lib/python3.8/site-packages/airflow/example_dags/example_nested_branch_dag.py
[2023-11-14T10:13:46.297+0000] {logging_mixin.py:154} INFO - [2023-11-14T10:13:46.297+0000] {dag.py:2941} INFO - Sync 1 DAGs
[2023-11-14T10:13:46.321+0000] {logging_mixin.py:154} INFO - [2023-11-14T10:13:46.321+0000] {dag.py:3722} INFO - Setting next_dagrun for example_nested_branch_dag to 2023-11-13T00:00:00+00:00, run_after=2023-11-14T00:00:00+00:00
[2023-11-14T10:13:46.334+0000] {processor.py:179} INFO - Processing /home/airflow/.local/lib/python3.8/site-packages/airflow/example_dags/example_nested_branch_dag.py took 0.114 seconds
[2023-11-14T10:14:48.061+0000] {processor.py:157} INFO - Started process (PID=2241) to work on /home/airflow/.local/lib/python3.8/site-packages/airflow/example_dags/example_nested_branch_dag.py
[2023-11-14T10:14:48.062+0000] {processor.py:829} INFO - Processing file /home/airflow/.local/lib/python3.8/site-packages/airflow/example_dags/example_nested_branch_dag.py for tasks to queue
[2023-11-14T10:14:48.065+0000] {logging_mixin.py:154} INFO - [2023-11-14T10:14:48.065+0000] {dagbag.py:536} INFO - Filling up the DagBag from /home/airflow/.local/lib/python3.8/site-packages/airflow/example_dags/example_nested_branch_dag.py
[2023-11-14T10:14:48.074+0000] {processor.py:839} INFO - DAG(s) dict_keys(['example_nested_branch_dag']) retrieved from /home/airflow/.local/lib/python3.8/site-packages/airflow/example_dags/example_nested_branch_dag.py
[2023-11-14T10:14:48.107+0000] {logging_mixin.py:154} INFO - [2023-11-14T10:14:48.107+0000] {dag.py:2941} INFO - Sync 1 DAGs
[2023-11-14T10:14:48.147+0000] {logging_mixin.py:154} INFO - [2023-11-14T10:14:48.147+0000] {dag.py:3722} INFO - Setting next_dagrun for example_nested_branch_dag to 2023-11-13T00:00:00+00:00, run_after=2023-11-14T00:00:00+00:00
[2023-11-14T10:14:48.171+0000] {processor.py:179} INFO - Processing /home/airflow/.local/lib/python3.8/site-packages/airflow/example_dags/example_nested_branch_dag.py took 0.114 seconds
[2023-11-14T10:17:58.157+0000] {processor.py:157} INFO - Started process (PID=2295) to work on /home/airflow/.local/lib/python3.8/site-packages/airflow/example_dags/example_nested_branch_dag.py
[2023-11-14T10:17:58.159+0000] {processor.py:829} INFO - Processing file /home/airflow/.local/lib/python3.8/site-packages/airflow/example_dags/example_nested_branch_dag.py for tasks to queue
[2023-11-14T10:17:58.161+0000] {logging_mixin.py:154} INFO - [2023-11-14T10:17:58.161+0000] {dagbag.py:536} INFO - Filling up the DagBag from /home/airflow/.local/lib/python3.8/site-packages/airflow/example_dags/example_nested_branch_dag.py
[2023-11-14T10:17:58.172+0000] {processor.py:839} INFO - DAG(s) dict_keys(['example_nested_branch_dag']) retrieved from /home/airflow/.local/lib/python3.8/site-packages/airflow/example_dags/example_nested_branch_dag.py
[2023-11-14T10:17:58.200+0000] {logging_mixin.py:154} INFO - [2023-11-14T10:17:58.199+0000] {dag.py:2941} INFO - Sync 1 DAGs
[2023-11-14T10:17:58.260+0000] {logging_mixin.py:154} INFO - [2023-11-14T10:17:58.260+0000] {dag.py:3722} INFO - Setting next_dagrun for example_nested_branch_dag to 2023-11-13T00:00:00+00:00, run_after=2023-11-14T00:00:00+00:00
[2023-11-14T10:17:58.295+0000] {processor.py:179} INFO - Processing /home/airflow/.local/lib/python3.8/site-packages/airflow/example_dags/example_nested_branch_dag.py took 0.142 seconds
[2023-11-14T10:20:18.796+0000] {processor.py:157} INFO - Started process (PID=2342) to work on /home/airflow/.local/lib/python3.8/site-packages/airflow/example_dags/example_nested_branch_dag.py
[2023-11-14T10:20:18.804+0000] {processor.py:829} INFO - Processing file /home/airflow/.local/lib/python3.8/site-packages/airflow/example_dags/example_nested_branch_dag.py for tasks to queue
[2023-11-14T10:20:18.805+0000] {logging_mixin.py:154} INFO - [2023-11-14T10:20:18.805+0000] {dagbag.py:536} INFO - Filling up the DagBag from /home/airflow/.local/lib/python3.8/site-packages/airflow/example_dags/example_nested_branch_dag.py
[2023-11-14T10:20:18.815+0000] {processor.py:839} INFO - DAG(s) dict_keys(['example_nested_branch_dag']) retrieved from /home/airflow/.local/lib/python3.8/site-packages/airflow/example_dags/example_nested_branch_dag.py
[2023-11-14T10:20:18.840+0000] {logging_mixin.py:154} INFO - [2023-11-14T10:20:18.840+0000] {dag.py:2941} INFO - Sync 1 DAGs
[2023-11-14T10:20:18.881+0000] {logging_mixin.py:154} INFO - [2023-11-14T10:20:18.881+0000] {dag.py:3722} INFO - Setting next_dagrun for example_nested_branch_dag to 2023-11-13T00:00:00+00:00, run_after=2023-11-14T00:00:00+00:00
[2023-11-14T10:20:18.909+0000] {processor.py:179} INFO - Processing /home/airflow/.local/lib/python3.8/site-packages/airflow/example_dags/example_nested_branch_dag.py took 0.124 seconds
