[2023-11-14T09:52:49.446+0000] {processor.py:157} INFO - Started process (PID=46) to work on /home/airflow/.local/lib/python3.8/site-packages/airflow/example_dags/example_short_circuit_decorator.py
[2023-11-14T09:52:49.446+0000] {processor.py:829} INFO - Processing file /home/airflow/.local/lib/python3.8/site-packages/airflow/example_dags/example_short_circuit_decorator.py for tasks to queue
[2023-11-14T09:52:49.448+0000] {logging_mixin.py:154} INFO - [2023-11-14T09:52:49.448+0000] {dagbag.py:536} INFO - Filling up the DagBag from /home/airflow/.local/lib/python3.8/site-packages/airflow/example_dags/example_short_circuit_decorator.py
[2023-11-14T09:52:49.458+0000] {processor.py:839} INFO - DAG(s) dict_keys(['example_short_circuit_decorator']) retrieved from /home/airflow/.local/lib/python3.8/site-packages/airflow/example_dags/example_short_circuit_decorator.py
[2023-11-14T09:52:49.486+0000] {logging_mixin.py:154} INFO - [2023-11-14T09:52:49.486+0000] {dag.py:2941} INFO - Sync 1 DAGs
[2023-11-14T09:52:49.505+0000] {logging_mixin.py:154} INFO - [2023-11-14T09:52:49.505+0000] {dag.py:3722} INFO - Setting next_dagrun for example_short_circuit_decorator to 2023-11-13T09:52:49.505125+00:00, run_after=2023-11-14T09:52:49.505125+00:00
[2023-11-14T09:52:49.522+0000] {processor.py:179} INFO - Processing /home/airflow/.local/lib/python3.8/site-packages/airflow/example_dags/example_short_circuit_decorator.py took 0.079 seconds
[2023-11-14T09:53:40.055+0000] {processor.py:157} INFO - Started process (PID=47) to work on /home/airflow/.local/lib/python3.8/site-packages/airflow/example_dags/example_short_circuit_decorator.py
[2023-11-14T09:53:40.056+0000] {processor.py:829} INFO - Processing file /home/airflow/.local/lib/python3.8/site-packages/airflow/example_dags/example_short_circuit_decorator.py for tasks to queue
[2023-11-14T09:53:40.058+0000] {logging_mixin.py:154} INFO - [2023-11-14T09:53:40.058+0000] {dagbag.py:536} INFO - Filling up the DagBag from /home/airflow/.local/lib/python3.8/site-packages/airflow/example_dags/example_short_circuit_decorator.py
[2023-11-14T09:53:40.066+0000] {processor.py:839} INFO - DAG(s) dict_keys(['example_short_circuit_decorator']) retrieved from /home/airflow/.local/lib/python3.8/site-packages/airflow/example_dags/example_short_circuit_decorator.py
[2023-11-14T09:53:40.076+0000] {logging_mixin.py:154} INFO - [2023-11-14T09:53:40.076+0000] {dag.py:2941} INFO - Sync 1 DAGs
[2023-11-14T09:53:40.099+0000] {logging_mixin.py:154} INFO - [2023-11-14T09:53:40.099+0000] {dag.py:3722} INFO - Setting next_dagrun for example_short_circuit_decorator to 2023-11-13T09:53:40.098785+00:00, run_after=2023-11-14T09:53:40.098785+00:00
[2023-11-14T09:53:40.112+0000] {processor.py:179} INFO - Processing /home/airflow/.local/lib/python3.8/site-packages/airflow/example_dags/example_short_circuit_decorator.py took 0.060 seconds
[2023-11-14T09:54:10.588+0000] {processor.py:157} INFO - Started process (PID=100) to work on /home/airflow/.local/lib/python3.8/site-packages/airflow/example_dags/example_short_circuit_decorator.py
[2023-11-14T09:54:10.589+0000] {processor.py:829} INFO - Processing file /home/airflow/.local/lib/python3.8/site-packages/airflow/example_dags/example_short_circuit_decorator.py for tasks to queue
[2023-11-14T09:54:10.590+0000] {logging_mixin.py:154} INFO - [2023-11-14T09:54:10.590+0000] {dagbag.py:536} INFO - Filling up the DagBag from /home/airflow/.local/lib/python3.8/site-packages/airflow/example_dags/example_short_circuit_decorator.py
[2023-11-14T09:54:10.596+0000] {processor.py:839} INFO - DAG(s) dict_keys(['example_short_circuit_decorator']) retrieved from /home/airflow/.local/lib/python3.8/site-packages/airflow/example_dags/example_short_circuit_decorator.py
[2023-11-14T09:54:10.610+0000] {logging_mixin.py:154} INFO - [2023-11-14T09:54:10.609+0000] {dag.py:2941} INFO - Sync 1 DAGs
[2023-11-14T09:54:10.622+0000] {logging_mixin.py:154} INFO - [2023-11-14T09:54:10.621+0000] {dag.py:3722} INFO - Setting next_dagrun for example_short_circuit_decorator to 2023-11-13T09:54:10.621842+00:00, run_after=2023-11-14T09:54:10.621842+00:00
[2023-11-14T09:54:10.631+0000] {processor.py:179} INFO - Processing /home/airflow/.local/lib/python3.8/site-packages/airflow/example_dags/example_short_circuit_decorator.py took 0.046 seconds
[2023-11-14T09:54:41.086+0000] {processor.py:157} INFO - Started process (PID=153) to work on /home/airflow/.local/lib/python3.8/site-packages/airflow/example_dags/example_short_circuit_decorator.py
[2023-11-14T09:54:41.087+0000] {processor.py:829} INFO - Processing file /home/airflow/.local/lib/python3.8/site-packages/airflow/example_dags/example_short_circuit_decorator.py for tasks to queue
[2023-11-14T09:54:41.089+0000] {logging_mixin.py:154} INFO - [2023-11-14T09:54:41.089+0000] {dagbag.py:536} INFO - Filling up the DagBag from /home/airflow/.local/lib/python3.8/site-packages/airflow/example_dags/example_short_circuit_decorator.py
[2023-11-14T09:54:41.095+0000] {processor.py:839} INFO - DAG(s) dict_keys(['example_short_circuit_decorator']) retrieved from /home/airflow/.local/lib/python3.8/site-packages/airflow/example_dags/example_short_circuit_decorator.py
[2023-11-14T09:54:41.110+0000] {logging_mixin.py:154} INFO - [2023-11-14T09:54:41.110+0000] {dag.py:2941} INFO - Sync 1 DAGs
[2023-11-14T09:54:41.124+0000] {logging_mixin.py:154} INFO - [2023-11-14T09:54:41.124+0000] {dag.py:3722} INFO - Setting next_dagrun for example_short_circuit_decorator to 2023-11-13T09:54:41.124240+00:00, run_after=2023-11-14T09:54:41.124240+00:00
[2023-11-14T09:54:41.134+0000] {processor.py:179} INFO - Processing /home/airflow/.local/lib/python3.8/site-packages/airflow/example_dags/example_short_circuit_decorator.py took 0.050 seconds
[2023-11-14T09:55:11.362+0000] {processor.py:157} INFO - Started process (PID=207) to work on /home/airflow/.local/lib/python3.8/site-packages/airflow/example_dags/example_short_circuit_decorator.py
[2023-11-14T09:55:11.363+0000] {processor.py:829} INFO - Processing file /home/airflow/.local/lib/python3.8/site-packages/airflow/example_dags/example_short_circuit_decorator.py for tasks to queue
[2023-11-14T09:55:11.365+0000] {logging_mixin.py:154} INFO - [2023-11-14T09:55:11.365+0000] {dagbag.py:536} INFO - Filling up the DagBag from /home/airflow/.local/lib/python3.8/site-packages/airflow/example_dags/example_short_circuit_decorator.py
[2023-11-14T09:55:11.371+0000] {processor.py:839} INFO - DAG(s) dict_keys(['example_short_circuit_decorator']) retrieved from /home/airflow/.local/lib/python3.8/site-packages/airflow/example_dags/example_short_circuit_decorator.py
[2023-11-14T09:55:11.385+0000] {logging_mixin.py:154} INFO - [2023-11-14T09:55:11.385+0000] {dag.py:2941} INFO - Sync 1 DAGs
[2023-11-14T09:55:11.399+0000] {logging_mixin.py:154} INFO - [2023-11-14T09:55:11.399+0000] {dag.py:3722} INFO - Setting next_dagrun for example_short_circuit_decorator to 2023-11-13T09:55:11.399280+00:00, run_after=2023-11-14T09:55:11.399280+00:00
[2023-11-14T09:55:11.409+0000] {processor.py:179} INFO - Processing /home/airflow/.local/lib/python3.8/site-packages/airflow/example_dags/example_short_circuit_decorator.py took 0.049 seconds
[2023-11-14T09:55:41.761+0000] {processor.py:157} INFO - Started process (PID=261) to work on /home/airflow/.local/lib/python3.8/site-packages/airflow/example_dags/example_short_circuit_decorator.py
[2023-11-14T09:55:41.761+0000] {processor.py:829} INFO - Processing file /home/airflow/.local/lib/python3.8/site-packages/airflow/example_dags/example_short_circuit_decorator.py for tasks to queue
[2023-11-14T09:55:41.763+0000] {logging_mixin.py:154} INFO - [2023-11-14T09:55:41.763+0000] {dagbag.py:536} INFO - Filling up the DagBag from /home/airflow/.local/lib/python3.8/site-packages/airflow/example_dags/example_short_circuit_decorator.py
[2023-11-14T09:55:41.769+0000] {processor.py:839} INFO - DAG(s) dict_keys(['example_short_circuit_decorator']) retrieved from /home/airflow/.local/lib/python3.8/site-packages/airflow/example_dags/example_short_circuit_decorator.py
[2023-11-14T09:55:41.781+0000] {logging_mixin.py:154} INFO - [2023-11-14T09:55:41.781+0000] {dag.py:2941} INFO - Sync 1 DAGs
[2023-11-14T09:55:41.792+0000] {logging_mixin.py:154} INFO - [2023-11-14T09:55:41.792+0000] {dag.py:3722} INFO - Setting next_dagrun for example_short_circuit_decorator to 2023-11-13T09:55:41.792648+00:00, run_after=2023-11-14T09:55:41.792648+00:00
[2023-11-14T09:55:41.801+0000] {processor.py:179} INFO - Processing /home/airflow/.local/lib/python3.8/site-packages/airflow/example_dags/example_short_circuit_decorator.py took 0.043 seconds
[2023-11-14T09:56:12.081+0000] {processor.py:157} INFO - Started process (PID=315) to work on /home/airflow/.local/lib/python3.8/site-packages/airflow/example_dags/example_short_circuit_decorator.py
[2023-11-14T09:56:12.082+0000] {processor.py:829} INFO - Processing file /home/airflow/.local/lib/python3.8/site-packages/airflow/example_dags/example_short_circuit_decorator.py for tasks to queue
[2023-11-14T09:56:12.085+0000] {logging_mixin.py:154} INFO - [2023-11-14T09:56:12.085+0000] {dagbag.py:536} INFO - Filling up the DagBag from /home/airflow/.local/lib/python3.8/site-packages/airflow/example_dags/example_short_circuit_decorator.py
[2023-11-14T09:56:12.092+0000] {processor.py:839} INFO - DAG(s) dict_keys(['example_short_circuit_decorator']) retrieved from /home/airflow/.local/lib/python3.8/site-packages/airflow/example_dags/example_short_circuit_decorator.py
[2023-11-14T09:56:12.118+0000] {logging_mixin.py:154} INFO - [2023-11-14T09:56:12.117+0000] {dag.py:2941} INFO - Sync 1 DAGs
[2023-11-14T09:56:12.140+0000] {logging_mixin.py:154} INFO - [2023-11-14T09:56:12.139+0000] {dag.py:3722} INFO - Setting next_dagrun for example_short_circuit_decorator to 2023-11-13T09:56:12.139365+00:00, run_after=2023-11-14T09:56:12.139365+00:00
[2023-11-14T09:56:12.160+0000] {processor.py:179} INFO - Processing /home/airflow/.local/lib/python3.8/site-packages/airflow/example_dags/example_short_circuit_decorator.py took 0.082 seconds
[2023-11-14T09:56:42.723+0000] {processor.py:157} INFO - Started process (PID=369) to work on /home/airflow/.local/lib/python3.8/site-packages/airflow/example_dags/example_short_circuit_decorator.py
[2023-11-14T09:56:42.724+0000] {processor.py:829} INFO - Processing file /home/airflow/.local/lib/python3.8/site-packages/airflow/example_dags/example_short_circuit_decorator.py for tasks to queue
[2023-11-14T09:56:42.726+0000] {logging_mixin.py:154} INFO - [2023-11-14T09:56:42.725+0000] {dagbag.py:536} INFO - Filling up the DagBag from /home/airflow/.local/lib/python3.8/site-packages/airflow/example_dags/example_short_circuit_decorator.py
[2023-11-14T09:56:42.732+0000] {processor.py:839} INFO - DAG(s) dict_keys(['example_short_circuit_decorator']) retrieved from /home/airflow/.local/lib/python3.8/site-packages/airflow/example_dags/example_short_circuit_decorator.py
[2023-11-14T09:56:42.740+0000] {logging_mixin.py:154} INFO - [2023-11-14T09:56:42.740+0000] {dag.py:2941} INFO - Sync 1 DAGs
[2023-11-14T09:56:42.756+0000] {logging_mixin.py:154} INFO - [2023-11-14T09:56:42.755+0000] {dag.py:3722} INFO - Setting next_dagrun for example_short_circuit_decorator to 2023-11-13T09:56:42.755692+00:00, run_after=2023-11-14T09:56:42.755692+00:00
[2023-11-14T09:56:42.773+0000] {processor.py:179} INFO - Processing /home/airflow/.local/lib/python3.8/site-packages/airflow/example_dags/example_short_circuit_decorator.py took 0.053 seconds
[2023-11-14T09:57:13.031+0000] {processor.py:157} INFO - Started process (PID=424) to work on /home/airflow/.local/lib/python3.8/site-packages/airflow/example_dags/example_short_circuit_decorator.py
[2023-11-14T09:57:13.032+0000] {processor.py:829} INFO - Processing file /home/airflow/.local/lib/python3.8/site-packages/airflow/example_dags/example_short_circuit_decorator.py for tasks to queue
[2023-11-14T09:57:13.034+0000] {logging_mixin.py:154} INFO - [2023-11-14T09:57:13.034+0000] {dagbag.py:536} INFO - Filling up the DagBag from /home/airflow/.local/lib/python3.8/site-packages/airflow/example_dags/example_short_circuit_decorator.py
[2023-11-14T09:57:13.040+0000] {processor.py:839} INFO - DAG(s) dict_keys(['example_short_circuit_decorator']) retrieved from /home/airflow/.local/lib/python3.8/site-packages/airflow/example_dags/example_short_circuit_decorator.py
[2023-11-14T09:57:13.052+0000] {logging_mixin.py:154} INFO - [2023-11-14T09:57:13.052+0000] {dag.py:2941} INFO - Sync 1 DAGs
[2023-11-14T09:57:13.064+0000] {logging_mixin.py:154} INFO - [2023-11-14T09:57:13.063+0000] {dag.py:3722} INFO - Setting next_dagrun for example_short_circuit_decorator to 2023-11-13T09:57:13.063817+00:00, run_after=2023-11-14T09:57:13.063817+00:00
[2023-11-14T09:57:13.072+0000] {processor.py:179} INFO - Processing /home/airflow/.local/lib/python3.8/site-packages/airflow/example_dags/example_short_circuit_decorator.py took 0.044 seconds
[2023-11-14T09:57:44.152+0000] {processor.py:157} INFO - Started process (PID=478) to work on /home/airflow/.local/lib/python3.8/site-packages/airflow/example_dags/example_short_circuit_decorator.py
[2023-11-14T09:57:44.153+0000] {processor.py:829} INFO - Processing file /home/airflow/.local/lib/python3.8/site-packages/airflow/example_dags/example_short_circuit_decorator.py for tasks to queue
[2023-11-14T09:57:44.155+0000] {logging_mixin.py:154} INFO - [2023-11-14T09:57:44.154+0000] {dagbag.py:536} INFO - Filling up the DagBag from /home/airflow/.local/lib/python3.8/site-packages/airflow/example_dags/example_short_circuit_decorator.py
[2023-11-14T09:57:44.160+0000] {processor.py:839} INFO - DAG(s) dict_keys(['example_short_circuit_decorator']) retrieved from /home/airflow/.local/lib/python3.8/site-packages/airflow/example_dags/example_short_circuit_decorator.py
[2023-11-14T09:57:44.173+0000] {logging_mixin.py:154} INFO - [2023-11-14T09:57:44.173+0000] {dag.py:2941} INFO - Sync 1 DAGs
[2023-11-14T09:57:44.185+0000] {logging_mixin.py:154} INFO - [2023-11-14T09:57:44.185+0000] {dag.py:3722} INFO - Setting next_dagrun for example_short_circuit_decorator to 2023-11-13T09:57:44.185068+00:00, run_after=2023-11-14T09:57:44.185068+00:00
[2023-11-14T09:57:44.195+0000] {processor.py:179} INFO - Processing /home/airflow/.local/lib/python3.8/site-packages/airflow/example_dags/example_short_circuit_decorator.py took 0.046 seconds
[2023-11-14T09:58:14.302+0000] {processor.py:157} INFO - Started process (PID=532) to work on /home/airflow/.local/lib/python3.8/site-packages/airflow/example_dags/example_short_circuit_decorator.py
[2023-11-14T09:58:14.303+0000] {processor.py:829} INFO - Processing file /home/airflow/.local/lib/python3.8/site-packages/airflow/example_dags/example_short_circuit_decorator.py for tasks to queue
[2023-11-14T09:58:14.305+0000] {logging_mixin.py:154} INFO - [2023-11-14T09:58:14.305+0000] {dagbag.py:536} INFO - Filling up the DagBag from /home/airflow/.local/lib/python3.8/site-packages/airflow/example_dags/example_short_circuit_decorator.py
[2023-11-14T09:58:14.310+0000] {processor.py:839} INFO - DAG(s) dict_keys(['example_short_circuit_decorator']) retrieved from /home/airflow/.local/lib/python3.8/site-packages/airflow/example_dags/example_short_circuit_decorator.py
[2023-11-14T09:58:14.325+0000] {logging_mixin.py:154} INFO - [2023-11-14T09:58:14.325+0000] {dag.py:2941} INFO - Sync 1 DAGs
[2023-11-14T09:58:14.338+0000] {logging_mixin.py:154} INFO - [2023-11-14T09:58:14.338+0000] {dag.py:3722} INFO - Setting next_dagrun for example_short_circuit_decorator to 2023-11-13T09:58:14.338078+00:00, run_after=2023-11-14T09:58:14.338078+00:00
[2023-11-14T09:58:14.350+0000] {processor.py:179} INFO - Processing /home/airflow/.local/lib/python3.8/site-packages/airflow/example_dags/example_short_circuit_decorator.py took 0.050 seconds
[2023-11-14T09:58:44.378+0000] {processor.py:157} INFO - Started process (PID=585) to work on /home/airflow/.local/lib/python3.8/site-packages/airflow/example_dags/example_short_circuit_decorator.py
[2023-11-14T09:58:44.379+0000] {processor.py:829} INFO - Processing file /home/airflow/.local/lib/python3.8/site-packages/airflow/example_dags/example_short_circuit_decorator.py for tasks to queue
[2023-11-14T09:58:44.381+0000] {logging_mixin.py:154} INFO - [2023-11-14T09:58:44.381+0000] {dagbag.py:536} INFO - Filling up the DagBag from /home/airflow/.local/lib/python3.8/site-packages/airflow/example_dags/example_short_circuit_decorator.py
[2023-11-14T09:58:44.387+0000] {processor.py:839} INFO - DAG(s) dict_keys(['example_short_circuit_decorator']) retrieved from /home/airflow/.local/lib/python3.8/site-packages/airflow/example_dags/example_short_circuit_decorator.py
[2023-11-14T09:58:44.401+0000] {logging_mixin.py:154} INFO - [2023-11-14T09:58:44.400+0000] {dag.py:2941} INFO - Sync 1 DAGs
[2023-11-14T09:58:44.413+0000] {logging_mixin.py:154} INFO - [2023-11-14T09:58:44.413+0000] {dag.py:3722} INFO - Setting next_dagrun for example_short_circuit_decorator to 2023-11-13T09:58:44.413541+00:00, run_after=2023-11-14T09:58:44.413541+00:00
[2023-11-14T09:58:44.423+0000] {processor.py:179} INFO - Processing /home/airflow/.local/lib/python3.8/site-packages/airflow/example_dags/example_short_circuit_decorator.py took 0.047 seconds
[2023-11-14T09:59:14.683+0000] {processor.py:157} INFO - Started process (PID=639) to work on /home/airflow/.local/lib/python3.8/site-packages/airflow/example_dags/example_short_circuit_decorator.py
[2023-11-14T09:59:14.684+0000] {processor.py:829} INFO - Processing file /home/airflow/.local/lib/python3.8/site-packages/airflow/example_dags/example_short_circuit_decorator.py for tasks to queue
[2023-11-14T09:59:14.686+0000] {logging_mixin.py:154} INFO - [2023-11-14T09:59:14.686+0000] {dagbag.py:536} INFO - Filling up the DagBag from /home/airflow/.local/lib/python3.8/site-packages/airflow/example_dags/example_short_circuit_decorator.py
[2023-11-14T09:59:14.692+0000] {processor.py:839} INFO - DAG(s) dict_keys(['example_short_circuit_decorator']) retrieved from /home/airflow/.local/lib/python3.8/site-packages/airflow/example_dags/example_short_circuit_decorator.py
[2023-11-14T09:59:14.713+0000] {logging_mixin.py:154} INFO - [2023-11-14T09:59:14.712+0000] {dag.py:2941} INFO - Sync 1 DAGs
[2023-11-14T09:59:14.733+0000] {logging_mixin.py:154} INFO - [2023-11-14T09:59:14.732+0000] {dag.py:3722} INFO - Setting next_dagrun for example_short_circuit_decorator to 2023-11-13T09:59:14.732697+00:00, run_after=2023-11-14T09:59:14.732697+00:00
[2023-11-14T09:59:14.749+0000] {processor.py:179} INFO - Processing /home/airflow/.local/lib/python3.8/site-packages/airflow/example_dags/example_short_circuit_decorator.py took 0.069 seconds
[2023-11-14T09:59:45.099+0000] {processor.py:157} INFO - Started process (PID=693) to work on /home/airflow/.local/lib/python3.8/site-packages/airflow/example_dags/example_short_circuit_decorator.py
[2023-11-14T09:59:45.100+0000] {processor.py:829} INFO - Processing file /home/airflow/.local/lib/python3.8/site-packages/airflow/example_dags/example_short_circuit_decorator.py for tasks to queue
[2023-11-14T09:59:45.102+0000] {logging_mixin.py:154} INFO - [2023-11-14T09:59:45.102+0000] {dagbag.py:536} INFO - Filling up the DagBag from /home/airflow/.local/lib/python3.8/site-packages/airflow/example_dags/example_short_circuit_decorator.py
[2023-11-14T09:59:45.109+0000] {processor.py:839} INFO - DAG(s) dict_keys(['example_short_circuit_decorator']) retrieved from /home/airflow/.local/lib/python3.8/site-packages/airflow/example_dags/example_short_circuit_decorator.py
[2023-11-14T09:59:45.123+0000] {logging_mixin.py:154} INFO - [2023-11-14T09:59:45.122+0000] {dag.py:2941} INFO - Sync 1 DAGs
[2023-11-14T09:59:45.136+0000] {logging_mixin.py:154} INFO - [2023-11-14T09:59:45.136+0000] {dag.py:3722} INFO - Setting next_dagrun for example_short_circuit_decorator to 2023-11-13T09:59:45.135895+00:00, run_after=2023-11-14T09:59:45.135895+00:00
[2023-11-14T09:59:45.146+0000] {processor.py:179} INFO - Processing /home/airflow/.local/lib/python3.8/site-packages/airflow/example_dags/example_short_circuit_decorator.py took 0.050 seconds
[2023-11-14T10:00:15.512+0000] {processor.py:157} INFO - Started process (PID=748) to work on /home/airflow/.local/lib/python3.8/site-packages/airflow/example_dags/example_short_circuit_decorator.py
[2023-11-14T10:00:15.513+0000] {processor.py:829} INFO - Processing file /home/airflow/.local/lib/python3.8/site-packages/airflow/example_dags/example_short_circuit_decorator.py for tasks to queue
[2023-11-14T10:00:15.516+0000] {logging_mixin.py:154} INFO - [2023-11-14T10:00:15.516+0000] {dagbag.py:536} INFO - Filling up the DagBag from /home/airflow/.local/lib/python3.8/site-packages/airflow/example_dags/example_short_circuit_decorator.py
[2023-11-14T10:00:15.522+0000] {processor.py:839} INFO - DAG(s) dict_keys(['example_short_circuit_decorator']) retrieved from /home/airflow/.local/lib/python3.8/site-packages/airflow/example_dags/example_short_circuit_decorator.py
[2023-11-14T10:00:15.537+0000] {logging_mixin.py:154} INFO - [2023-11-14T10:00:15.537+0000] {dag.py:2941} INFO - Sync 1 DAGs
[2023-11-14T10:00:15.551+0000] {logging_mixin.py:154} INFO - [2023-11-14T10:00:15.551+0000] {dag.py:3722} INFO - Setting next_dagrun for example_short_circuit_decorator to 2023-11-13T10:00:15.550869+00:00, run_after=2023-11-14T10:00:15.550869+00:00
[2023-11-14T10:00:15.561+0000] {processor.py:179} INFO - Processing /home/airflow/.local/lib/python3.8/site-packages/airflow/example_dags/example_short_circuit_decorator.py took 0.052 seconds
[2023-11-14T10:00:45.677+0000] {processor.py:157} INFO - Started process (PID=802) to work on /home/airflow/.local/lib/python3.8/site-packages/airflow/example_dags/example_short_circuit_decorator.py
[2023-11-14T10:00:45.677+0000] {processor.py:829} INFO - Processing file /home/airflow/.local/lib/python3.8/site-packages/airflow/example_dags/example_short_circuit_decorator.py for tasks to queue
[2023-11-14T10:00:45.679+0000] {logging_mixin.py:154} INFO - [2023-11-14T10:00:45.679+0000] {dagbag.py:536} INFO - Filling up the DagBag from /home/airflow/.local/lib/python3.8/site-packages/airflow/example_dags/example_short_circuit_decorator.py
[2023-11-14T10:00:45.685+0000] {processor.py:839} INFO - DAG(s) dict_keys(['example_short_circuit_decorator']) retrieved from /home/airflow/.local/lib/python3.8/site-packages/airflow/example_dags/example_short_circuit_decorator.py
[2023-11-14T10:00:45.700+0000] {logging_mixin.py:154} INFO - [2023-11-14T10:00:45.700+0000] {dag.py:2941} INFO - Sync 1 DAGs
[2023-11-14T10:00:45.712+0000] {logging_mixin.py:154} INFO - [2023-11-14T10:00:45.712+0000] {dag.py:3722} INFO - Setting next_dagrun for example_short_circuit_decorator to 2023-11-13T10:00:45.712715+00:00, run_after=2023-11-14T10:00:45.712715+00:00
[2023-11-14T10:00:45.722+0000] {processor.py:179} INFO - Processing /home/airflow/.local/lib/python3.8/site-packages/airflow/example_dags/example_short_circuit_decorator.py took 0.048 seconds
[2023-11-14T10:01:15.785+0000] {processor.py:157} INFO - Started process (PID=855) to work on /home/airflow/.local/lib/python3.8/site-packages/airflow/example_dags/example_short_circuit_decorator.py
[2023-11-14T10:01:15.787+0000] {processor.py:829} INFO - Processing file /home/airflow/.local/lib/python3.8/site-packages/airflow/example_dags/example_short_circuit_decorator.py for tasks to queue
[2023-11-14T10:01:15.789+0000] {logging_mixin.py:154} INFO - [2023-11-14T10:01:15.789+0000] {dagbag.py:536} INFO - Filling up the DagBag from /home/airflow/.local/lib/python3.8/site-packages/airflow/example_dags/example_short_circuit_decorator.py
[2023-11-14T10:01:15.795+0000] {processor.py:839} INFO - DAG(s) dict_keys(['example_short_circuit_decorator']) retrieved from /home/airflow/.local/lib/python3.8/site-packages/airflow/example_dags/example_short_circuit_decorator.py
[2023-11-14T10:01:15.809+0000] {logging_mixin.py:154} INFO - [2023-11-14T10:01:15.809+0000] {dag.py:2941} INFO - Sync 1 DAGs
[2023-11-14T10:01:15.822+0000] {logging_mixin.py:154} INFO - [2023-11-14T10:01:15.822+0000] {dag.py:3722} INFO - Setting next_dagrun for example_short_circuit_decorator to 2023-11-13T10:01:15.822283+00:00, run_after=2023-11-14T10:01:15.822283+00:00
[2023-11-14T10:01:15.833+0000] {processor.py:179} INFO - Processing /home/airflow/.local/lib/python3.8/site-packages/airflow/example_dags/example_short_circuit_decorator.py took 0.050 seconds
[2023-11-14T10:01:45.949+0000] {processor.py:157} INFO - Started process (PID=909) to work on /home/airflow/.local/lib/python3.8/site-packages/airflow/example_dags/example_short_circuit_decorator.py
[2023-11-14T10:01:45.950+0000] {processor.py:829} INFO - Processing file /home/airflow/.local/lib/python3.8/site-packages/airflow/example_dags/example_short_circuit_decorator.py for tasks to queue
[2023-11-14T10:01:45.952+0000] {logging_mixin.py:154} INFO - [2023-11-14T10:01:45.951+0000] {dagbag.py:536} INFO - Filling up the DagBag from /home/airflow/.local/lib/python3.8/site-packages/airflow/example_dags/example_short_circuit_decorator.py
[2023-11-14T10:01:45.958+0000] {processor.py:839} INFO - DAG(s) dict_keys(['example_short_circuit_decorator']) retrieved from /home/airflow/.local/lib/python3.8/site-packages/airflow/example_dags/example_short_circuit_decorator.py
[2023-11-14T10:01:45.973+0000] {logging_mixin.py:154} INFO - [2023-11-14T10:01:45.973+0000] {dag.py:2941} INFO - Sync 1 DAGs
[2023-11-14T10:01:45.985+0000] {logging_mixin.py:154} INFO - [2023-11-14T10:01:45.985+0000] {dag.py:3722} INFO - Setting next_dagrun for example_short_circuit_decorator to 2023-11-13T10:01:45.984889+00:00, run_after=2023-11-14T10:01:45.984889+00:00
[2023-11-14T10:01:45.996+0000] {processor.py:179} INFO - Processing /home/airflow/.local/lib/python3.8/site-packages/airflow/example_dags/example_short_circuit_decorator.py took 0.050 seconds
[2023-11-14T10:02:16.789+0000] {processor.py:157} INFO - Started process (PID=963) to work on /home/airflow/.local/lib/python3.8/site-packages/airflow/example_dags/example_short_circuit_decorator.py
[2023-11-14T10:02:16.790+0000] {processor.py:829} INFO - Processing file /home/airflow/.local/lib/python3.8/site-packages/airflow/example_dags/example_short_circuit_decorator.py for tasks to queue
[2023-11-14T10:02:16.792+0000] {logging_mixin.py:154} INFO - [2023-11-14T10:02:16.792+0000] {dagbag.py:536} INFO - Filling up the DagBag from /home/airflow/.local/lib/python3.8/site-packages/airflow/example_dags/example_short_circuit_decorator.py
[2023-11-14T10:02:16.799+0000] {processor.py:839} INFO - DAG(s) dict_keys(['example_short_circuit_decorator']) retrieved from /home/airflow/.local/lib/python3.8/site-packages/airflow/example_dags/example_short_circuit_decorator.py
[2023-11-14T10:02:16.820+0000] {logging_mixin.py:154} INFO - [2023-11-14T10:02:16.819+0000] {dag.py:2941} INFO - Sync 1 DAGs
[2023-11-14T10:02:16.837+0000] {logging_mixin.py:154} INFO - [2023-11-14T10:02:16.837+0000] {dag.py:3722} INFO - Setting next_dagrun for example_short_circuit_decorator to 2023-11-13T10:02:16.836795+00:00, run_after=2023-11-14T10:02:16.836795+00:00
[2023-11-14T10:02:16.851+0000] {processor.py:179} INFO - Processing /home/airflow/.local/lib/python3.8/site-packages/airflow/example_dags/example_short_circuit_decorator.py took 0.065 seconds
[2023-11-14T10:02:47.093+0000] {processor.py:157} INFO - Started process (PID=1017) to work on /home/airflow/.local/lib/python3.8/site-packages/airflow/example_dags/example_short_circuit_decorator.py
[2023-11-14T10:02:47.094+0000] {processor.py:829} INFO - Processing file /home/airflow/.local/lib/python3.8/site-packages/airflow/example_dags/example_short_circuit_decorator.py for tasks to queue
[2023-11-14T10:02:47.096+0000] {logging_mixin.py:154} INFO - [2023-11-14T10:02:47.096+0000] {dagbag.py:536} INFO - Filling up the DagBag from /home/airflow/.local/lib/python3.8/site-packages/airflow/example_dags/example_short_circuit_decorator.py
[2023-11-14T10:02:47.103+0000] {processor.py:839} INFO - DAG(s) dict_keys(['example_short_circuit_decorator']) retrieved from /home/airflow/.local/lib/python3.8/site-packages/airflow/example_dags/example_short_circuit_decorator.py
[2023-11-14T10:02:47.116+0000] {logging_mixin.py:154} INFO - [2023-11-14T10:02:47.116+0000] {dag.py:2941} INFO - Sync 1 DAGs
[2023-11-14T10:02:47.129+0000] {logging_mixin.py:154} INFO - [2023-11-14T10:02:47.129+0000] {dag.py:3722} INFO - Setting next_dagrun for example_short_circuit_decorator to 2023-11-13T10:02:47.128838+00:00, run_after=2023-11-14T10:02:47.128838+00:00
[2023-11-14T10:02:47.139+0000] {processor.py:179} INFO - Processing /home/airflow/.local/lib/python3.8/site-packages/airflow/example_dags/example_short_circuit_decorator.py took 0.048 seconds
[2023-11-14T10:03:18.117+0000] {processor.py:157} INFO - Started process (PID=1071) to work on /home/airflow/.local/lib/python3.8/site-packages/airflow/example_dags/example_short_circuit_decorator.py
[2023-11-14T10:03:18.118+0000] {processor.py:829} INFO - Processing file /home/airflow/.local/lib/python3.8/site-packages/airflow/example_dags/example_short_circuit_decorator.py for tasks to queue
[2023-11-14T10:03:18.120+0000] {logging_mixin.py:154} INFO - [2023-11-14T10:03:18.120+0000] {dagbag.py:536} INFO - Filling up the DagBag from /home/airflow/.local/lib/python3.8/site-packages/airflow/example_dags/example_short_circuit_decorator.py
[2023-11-14T10:03:18.125+0000] {processor.py:839} INFO - DAG(s) dict_keys(['example_short_circuit_decorator']) retrieved from /home/airflow/.local/lib/python3.8/site-packages/airflow/example_dags/example_short_circuit_decorator.py
[2023-11-14T10:03:18.139+0000] {logging_mixin.py:154} INFO - [2023-11-14T10:03:18.139+0000] {dag.py:2941} INFO - Sync 1 DAGs
[2023-11-14T10:03:18.151+0000] {logging_mixin.py:154} INFO - [2023-11-14T10:03:18.151+0000] {dag.py:3722} INFO - Setting next_dagrun for example_short_circuit_decorator to 2023-11-13T10:03:18.151125+00:00, run_after=2023-11-14T10:03:18.151125+00:00
[2023-11-14T10:03:18.160+0000] {processor.py:179} INFO - Processing /home/airflow/.local/lib/python3.8/site-packages/airflow/example_dags/example_short_circuit_decorator.py took 0.046 seconds
[2023-11-14T10:03:48.328+0000] {processor.py:157} INFO - Started process (PID=1125) to work on /home/airflow/.local/lib/python3.8/site-packages/airflow/example_dags/example_short_circuit_decorator.py
[2023-11-14T10:03:48.329+0000] {processor.py:829} INFO - Processing file /home/airflow/.local/lib/python3.8/site-packages/airflow/example_dags/example_short_circuit_decorator.py for tasks to queue
[2023-11-14T10:03:48.330+0000] {logging_mixin.py:154} INFO - [2023-11-14T10:03:48.330+0000] {dagbag.py:536} INFO - Filling up the DagBag from /home/airflow/.local/lib/python3.8/site-packages/airflow/example_dags/example_short_circuit_decorator.py
[2023-11-14T10:03:48.336+0000] {processor.py:839} INFO - DAG(s) dict_keys(['example_short_circuit_decorator']) retrieved from /home/airflow/.local/lib/python3.8/site-packages/airflow/example_dags/example_short_circuit_decorator.py
[2023-11-14T10:03:48.350+0000] {logging_mixin.py:154} INFO - [2023-11-14T10:03:48.350+0000] {dag.py:2941} INFO - Sync 1 DAGs
[2023-11-14T10:03:48.362+0000] {logging_mixin.py:154} INFO - [2023-11-14T10:03:48.362+0000] {dag.py:3722} INFO - Setting next_dagrun for example_short_circuit_decorator to 2023-11-13T10:03:48.361930+00:00, run_after=2023-11-14T10:03:48.361930+00:00
[2023-11-14T10:03:48.374+0000] {processor.py:179} INFO - Processing /home/airflow/.local/lib/python3.8/site-packages/airflow/example_dags/example_short_circuit_decorator.py took 0.049 seconds
[2023-11-14T10:04:18.602+0000] {processor.py:157} INFO - Started process (PID=1179) to work on /home/airflow/.local/lib/python3.8/site-packages/airflow/example_dags/example_short_circuit_decorator.py
[2023-11-14T10:04:18.603+0000] {processor.py:829} INFO - Processing file /home/airflow/.local/lib/python3.8/site-packages/airflow/example_dags/example_short_circuit_decorator.py for tasks to queue
[2023-11-14T10:04:18.606+0000] {logging_mixin.py:154} INFO - [2023-11-14T10:04:18.605+0000] {dagbag.py:536} INFO - Filling up the DagBag from /home/airflow/.local/lib/python3.8/site-packages/airflow/example_dags/example_short_circuit_decorator.py
[2023-11-14T10:04:18.611+0000] {processor.py:839} INFO - DAG(s) dict_keys(['example_short_circuit_decorator']) retrieved from /home/airflow/.local/lib/python3.8/site-packages/airflow/example_dags/example_short_circuit_decorator.py
[2023-11-14T10:04:18.625+0000] {logging_mixin.py:154} INFO - [2023-11-14T10:04:18.625+0000] {dag.py:2941} INFO - Sync 1 DAGs
[2023-11-14T10:04:18.638+0000] {logging_mixin.py:154} INFO - [2023-11-14T10:04:18.638+0000] {dag.py:3722} INFO - Setting next_dagrun for example_short_circuit_decorator to 2023-11-13T10:04:18.637976+00:00, run_after=2023-11-14T10:04:18.637976+00:00
[2023-11-14T10:04:18.649+0000] {processor.py:179} INFO - Processing /home/airflow/.local/lib/python3.8/site-packages/airflow/example_dags/example_short_circuit_decorator.py took 0.050 seconds
[2023-11-14T10:04:48.800+0000] {processor.py:157} INFO - Started process (PID=1233) to work on /home/airflow/.local/lib/python3.8/site-packages/airflow/example_dags/example_short_circuit_decorator.py
[2023-11-14T10:04:48.801+0000] {processor.py:829} INFO - Processing file /home/airflow/.local/lib/python3.8/site-packages/airflow/example_dags/example_short_circuit_decorator.py for tasks to queue
[2023-11-14T10:04:48.803+0000] {logging_mixin.py:154} INFO - [2023-11-14T10:04:48.803+0000] {dagbag.py:536} INFO - Filling up the DagBag from /home/airflow/.local/lib/python3.8/site-packages/airflow/example_dags/example_short_circuit_decorator.py
[2023-11-14T10:04:48.808+0000] {processor.py:839} INFO - DAG(s) dict_keys(['example_short_circuit_decorator']) retrieved from /home/airflow/.local/lib/python3.8/site-packages/airflow/example_dags/example_short_circuit_decorator.py
[2023-11-14T10:04:48.823+0000] {logging_mixin.py:154} INFO - [2023-11-14T10:04:48.822+0000] {dag.py:2941} INFO - Sync 1 DAGs
[2023-11-14T10:04:48.837+0000] {logging_mixin.py:154} INFO - [2023-11-14T10:04:48.836+0000] {dag.py:3722} INFO - Setting next_dagrun for example_short_circuit_decorator to 2023-11-13T10:04:48.836758+00:00, run_after=2023-11-14T10:04:48.836758+00:00
[2023-11-14T10:04:48.850+0000] {processor.py:179} INFO - Processing /home/airflow/.local/lib/python3.8/site-packages/airflow/example_dags/example_short_circuit_decorator.py took 0.052 seconds
[2023-11-14T10:05:19.060+0000] {processor.py:157} INFO - Started process (PID=1287) to work on /home/airflow/.local/lib/python3.8/site-packages/airflow/example_dags/example_short_circuit_decorator.py
[2023-11-14T10:05:19.061+0000] {processor.py:829} INFO - Processing file /home/airflow/.local/lib/python3.8/site-packages/airflow/example_dags/example_short_circuit_decorator.py for tasks to queue
[2023-11-14T10:05:19.064+0000] {logging_mixin.py:154} INFO - [2023-11-14T10:05:19.063+0000] {dagbag.py:536} INFO - Filling up the DagBag from /home/airflow/.local/lib/python3.8/site-packages/airflow/example_dags/example_short_circuit_decorator.py
[2023-11-14T10:05:19.069+0000] {processor.py:839} INFO - DAG(s) dict_keys(['example_short_circuit_decorator']) retrieved from /home/airflow/.local/lib/python3.8/site-packages/airflow/example_dags/example_short_circuit_decorator.py
[2023-11-14T10:05:19.083+0000] {logging_mixin.py:154} INFO - [2023-11-14T10:05:19.083+0000] {dag.py:2941} INFO - Sync 1 DAGs
[2023-11-14T10:05:19.094+0000] {logging_mixin.py:154} INFO - [2023-11-14T10:05:19.094+0000] {dag.py:3722} INFO - Setting next_dagrun for example_short_circuit_decorator to 2023-11-13T10:05:19.094684+00:00, run_after=2023-11-14T10:05:19.094684+00:00
[2023-11-14T10:05:19.104+0000] {processor.py:179} INFO - Processing /home/airflow/.local/lib/python3.8/site-packages/airflow/example_dags/example_short_circuit_decorator.py took 0.046 seconds
[2023-11-14T10:05:49.347+0000] {processor.py:157} INFO - Started process (PID=1341) to work on /home/airflow/.local/lib/python3.8/site-packages/airflow/example_dags/example_short_circuit_decorator.py
[2023-11-14T10:05:49.347+0000] {processor.py:829} INFO - Processing file /home/airflow/.local/lib/python3.8/site-packages/airflow/example_dags/example_short_circuit_decorator.py for tasks to queue
[2023-11-14T10:05:49.349+0000] {logging_mixin.py:154} INFO - [2023-11-14T10:05:49.349+0000] {dagbag.py:536} INFO - Filling up the DagBag from /home/airflow/.local/lib/python3.8/site-packages/airflow/example_dags/example_short_circuit_decorator.py
[2023-11-14T10:05:49.354+0000] {processor.py:839} INFO - DAG(s) dict_keys(['example_short_circuit_decorator']) retrieved from /home/airflow/.local/lib/python3.8/site-packages/airflow/example_dags/example_short_circuit_decorator.py
[2023-11-14T10:05:49.366+0000] {logging_mixin.py:154} INFO - [2023-11-14T10:05:49.366+0000] {dag.py:2941} INFO - Sync 1 DAGs
[2023-11-14T10:05:49.377+0000] {logging_mixin.py:154} INFO - [2023-11-14T10:05:49.376+0000] {dag.py:3722} INFO - Setting next_dagrun for example_short_circuit_decorator to 2023-11-13T10:05:49.376798+00:00, run_after=2023-11-14T10:05:49.376798+00:00
[2023-11-14T10:05:49.384+0000] {processor.py:179} INFO - Processing /home/airflow/.local/lib/python3.8/site-packages/airflow/example_dags/example_short_circuit_decorator.py took 0.040 seconds
[2023-11-14T10:06:19.588+0000] {processor.py:157} INFO - Started process (PID=1395) to work on /home/airflow/.local/lib/python3.8/site-packages/airflow/example_dags/example_short_circuit_decorator.py
[2023-11-14T10:06:19.589+0000] {processor.py:829} INFO - Processing file /home/airflow/.local/lib/python3.8/site-packages/airflow/example_dags/example_short_circuit_decorator.py for tasks to queue
[2023-11-14T10:06:19.591+0000] {logging_mixin.py:154} INFO - [2023-11-14T10:06:19.590+0000] {dagbag.py:536} INFO - Filling up the DagBag from /home/airflow/.local/lib/python3.8/site-packages/airflow/example_dags/example_short_circuit_decorator.py
[2023-11-14T10:06:19.596+0000] {processor.py:839} INFO - DAG(s) dict_keys(['example_short_circuit_decorator']) retrieved from /home/airflow/.local/lib/python3.8/site-packages/airflow/example_dags/example_short_circuit_decorator.py
[2023-11-14T10:06:19.608+0000] {logging_mixin.py:154} INFO - [2023-11-14T10:06:19.608+0000] {dag.py:2941} INFO - Sync 1 DAGs
[2023-11-14T10:06:19.618+0000] {logging_mixin.py:154} INFO - [2023-11-14T10:06:19.618+0000] {dag.py:3722} INFO - Setting next_dagrun for example_short_circuit_decorator to 2023-11-13T10:06:19.618037+00:00, run_after=2023-11-14T10:06:19.618037+00:00
[2023-11-14T10:06:19.626+0000] {processor.py:179} INFO - Processing /home/airflow/.local/lib/python3.8/site-packages/airflow/example_dags/example_short_circuit_decorator.py took 0.040 seconds
[2023-11-14T10:06:49.798+0000] {processor.py:157} INFO - Started process (PID=1449) to work on /home/airflow/.local/lib/python3.8/site-packages/airflow/example_dags/example_short_circuit_decorator.py
[2023-11-14T10:06:49.799+0000] {processor.py:829} INFO - Processing file /home/airflow/.local/lib/python3.8/site-packages/airflow/example_dags/example_short_circuit_decorator.py for tasks to queue
[2023-11-14T10:06:49.801+0000] {logging_mixin.py:154} INFO - [2023-11-14T10:06:49.801+0000] {dagbag.py:536} INFO - Filling up the DagBag from /home/airflow/.local/lib/python3.8/site-packages/airflow/example_dags/example_short_circuit_decorator.py
[2023-11-14T10:06:49.806+0000] {processor.py:839} INFO - DAG(s) dict_keys(['example_short_circuit_decorator']) retrieved from /home/airflow/.local/lib/python3.8/site-packages/airflow/example_dags/example_short_circuit_decorator.py
[2023-11-14T10:06:49.820+0000] {logging_mixin.py:154} INFO - [2023-11-14T10:06:49.820+0000] {dag.py:2941} INFO - Sync 1 DAGs
[2023-11-14T10:06:49.833+0000] {logging_mixin.py:154} INFO - [2023-11-14T10:06:49.833+0000] {dag.py:3722} INFO - Setting next_dagrun for example_short_circuit_decorator to 2023-11-13T10:06:49.833376+00:00, run_after=2023-11-14T10:06:49.833376+00:00
[2023-11-14T10:06:49.843+0000] {processor.py:179} INFO - Processing /home/airflow/.local/lib/python3.8/site-packages/airflow/example_dags/example_short_circuit_decorator.py took 0.047 seconds
[2023-11-14T10:07:20.104+0000] {processor.py:157} INFO - Started process (PID=1503) to work on /home/airflow/.local/lib/python3.8/site-packages/airflow/example_dags/example_short_circuit_decorator.py
[2023-11-14T10:07:20.105+0000] {processor.py:829} INFO - Processing file /home/airflow/.local/lib/python3.8/site-packages/airflow/example_dags/example_short_circuit_decorator.py for tasks to queue
[2023-11-14T10:07:20.107+0000] {logging_mixin.py:154} INFO - [2023-11-14T10:07:20.107+0000] {dagbag.py:536} INFO - Filling up the DagBag from /home/airflow/.local/lib/python3.8/site-packages/airflow/example_dags/example_short_circuit_decorator.py
[2023-11-14T10:07:20.112+0000] {processor.py:839} INFO - DAG(s) dict_keys(['example_short_circuit_decorator']) retrieved from /home/airflow/.local/lib/python3.8/site-packages/airflow/example_dags/example_short_circuit_decorator.py
[2023-11-14T10:07:20.125+0000] {logging_mixin.py:154} INFO - [2023-11-14T10:07:20.125+0000] {dag.py:2941} INFO - Sync 1 DAGs
[2023-11-14T10:07:20.137+0000] {logging_mixin.py:154} INFO - [2023-11-14T10:07:20.137+0000] {dag.py:3722} INFO - Setting next_dagrun for example_short_circuit_decorator to 2023-11-13T10:07:20.137713+00:00, run_after=2023-11-14T10:07:20.137713+00:00
[2023-11-14T10:07:20.148+0000] {processor.py:179} INFO - Processing /home/airflow/.local/lib/python3.8/site-packages/airflow/example_dags/example_short_circuit_decorator.py took 0.046 seconds
[2023-11-14T10:07:50.410+0000] {processor.py:157} INFO - Started process (PID=1557) to work on /home/airflow/.local/lib/python3.8/site-packages/airflow/example_dags/example_short_circuit_decorator.py
[2023-11-14T10:07:50.411+0000] {processor.py:829} INFO - Processing file /home/airflow/.local/lib/python3.8/site-packages/airflow/example_dags/example_short_circuit_decorator.py for tasks to queue
[2023-11-14T10:07:50.413+0000] {logging_mixin.py:154} INFO - [2023-11-14T10:07:50.413+0000] {dagbag.py:536} INFO - Filling up the DagBag from /home/airflow/.local/lib/python3.8/site-packages/airflow/example_dags/example_short_circuit_decorator.py
[2023-11-14T10:07:50.418+0000] {processor.py:839} INFO - DAG(s) dict_keys(['example_short_circuit_decorator']) retrieved from /home/airflow/.local/lib/python3.8/site-packages/airflow/example_dags/example_short_circuit_decorator.py
[2023-11-14T10:07:50.432+0000] {logging_mixin.py:154} INFO - [2023-11-14T10:07:50.431+0000] {dag.py:2941} INFO - Sync 1 DAGs
[2023-11-14T10:07:50.443+0000] {logging_mixin.py:154} INFO - [2023-11-14T10:07:50.443+0000] {dag.py:3722} INFO - Setting next_dagrun for example_short_circuit_decorator to 2023-11-13T10:07:50.443053+00:00, run_after=2023-11-14T10:07:50.443053+00:00
[2023-11-14T10:07:50.452+0000] {processor.py:179} INFO - Processing /home/airflow/.local/lib/python3.8/site-packages/airflow/example_dags/example_short_circuit_decorator.py took 0.044 seconds
[2023-11-14T10:08:20.737+0000] {processor.py:157} INFO - Started process (PID=1611) to work on /home/airflow/.local/lib/python3.8/site-packages/airflow/example_dags/example_short_circuit_decorator.py
[2023-11-14T10:08:20.738+0000] {processor.py:829} INFO - Processing file /home/airflow/.local/lib/python3.8/site-packages/airflow/example_dags/example_short_circuit_decorator.py for tasks to queue
[2023-11-14T10:08:20.740+0000] {logging_mixin.py:154} INFO - [2023-11-14T10:08:20.740+0000] {dagbag.py:536} INFO - Filling up the DagBag from /home/airflow/.local/lib/python3.8/site-packages/airflow/example_dags/example_short_circuit_decorator.py
[2023-11-14T10:08:20.745+0000] {processor.py:839} INFO - DAG(s) dict_keys(['example_short_circuit_decorator']) retrieved from /home/airflow/.local/lib/python3.8/site-packages/airflow/example_dags/example_short_circuit_decorator.py
[2023-11-14T10:08:20.759+0000] {logging_mixin.py:154} INFO - [2023-11-14T10:08:20.758+0000] {dag.py:2941} INFO - Sync 1 DAGs
[2023-11-14T10:08:20.770+0000] {logging_mixin.py:154} INFO - [2023-11-14T10:08:20.770+0000] {dag.py:3722} INFO - Setting next_dagrun for example_short_circuit_decorator to 2023-11-13T10:08:20.770267+00:00, run_after=2023-11-14T10:08:20.770267+00:00
[2023-11-14T10:08:20.779+0000] {processor.py:179} INFO - Processing /home/airflow/.local/lib/python3.8/site-packages/airflow/example_dags/example_short_circuit_decorator.py took 0.045 seconds
[2023-11-14T10:08:51.072+0000] {processor.py:157} INFO - Started process (PID=1665) to work on /home/airflow/.local/lib/python3.8/site-packages/airflow/example_dags/example_short_circuit_decorator.py
[2023-11-14T10:08:51.072+0000] {processor.py:829} INFO - Processing file /home/airflow/.local/lib/python3.8/site-packages/airflow/example_dags/example_short_circuit_decorator.py for tasks to queue
[2023-11-14T10:08:51.075+0000] {logging_mixin.py:154} INFO - [2023-11-14T10:08:51.075+0000] {dagbag.py:536} INFO - Filling up the DagBag from /home/airflow/.local/lib/python3.8/site-packages/airflow/example_dags/example_short_circuit_decorator.py
[2023-11-14T10:08:51.081+0000] {processor.py:839} INFO - DAG(s) dict_keys(['example_short_circuit_decorator']) retrieved from /home/airflow/.local/lib/python3.8/site-packages/airflow/example_dags/example_short_circuit_decorator.py
[2023-11-14T10:08:51.095+0000] {logging_mixin.py:154} INFO - [2023-11-14T10:08:51.095+0000] {dag.py:2941} INFO - Sync 1 DAGs
[2023-11-14T10:08:51.106+0000] {logging_mixin.py:154} INFO - [2023-11-14T10:08:51.106+0000] {dag.py:3722} INFO - Setting next_dagrun for example_short_circuit_decorator to 2023-11-13T10:08:51.106587+00:00, run_after=2023-11-14T10:08:51.106587+00:00
[2023-11-14T10:08:51.116+0000] {processor.py:179} INFO - Processing /home/airflow/.local/lib/python3.8/site-packages/airflow/example_dags/example_short_circuit_decorator.py took 0.047 seconds
[2023-11-14T10:09:21.529+0000] {processor.py:157} INFO - Started process (PID=1719) to work on /home/airflow/.local/lib/python3.8/site-packages/airflow/example_dags/example_short_circuit_decorator.py
[2023-11-14T10:09:21.530+0000] {processor.py:829} INFO - Processing file /home/airflow/.local/lib/python3.8/site-packages/airflow/example_dags/example_short_circuit_decorator.py for tasks to queue
[2023-11-14T10:09:21.532+0000] {logging_mixin.py:154} INFO - [2023-11-14T10:09:21.532+0000] {dagbag.py:536} INFO - Filling up the DagBag from /home/airflow/.local/lib/python3.8/site-packages/airflow/example_dags/example_short_circuit_decorator.py
[2023-11-14T10:09:21.538+0000] {processor.py:839} INFO - DAG(s) dict_keys(['example_short_circuit_decorator']) retrieved from /home/airflow/.local/lib/python3.8/site-packages/airflow/example_dags/example_short_circuit_decorator.py
[2023-11-14T10:09:21.551+0000] {logging_mixin.py:154} INFO - [2023-11-14T10:09:21.550+0000] {dag.py:2941} INFO - Sync 1 DAGs
[2023-11-14T10:09:21.562+0000] {logging_mixin.py:154} INFO - [2023-11-14T10:09:21.562+0000] {dag.py:3722} INFO - Setting next_dagrun for example_short_circuit_decorator to 2023-11-13T10:09:21.561870+00:00, run_after=2023-11-14T10:09:21.561870+00:00
[2023-11-14T10:09:21.570+0000] {processor.py:179} INFO - Processing /home/airflow/.local/lib/python3.8/site-packages/airflow/example_dags/example_short_circuit_decorator.py took 0.044 seconds
[2023-11-14T10:09:52.182+0000] {processor.py:157} INFO - Started process (PID=1773) to work on /home/airflow/.local/lib/python3.8/site-packages/airflow/example_dags/example_short_circuit_decorator.py
[2023-11-14T10:09:52.182+0000] {processor.py:829} INFO - Processing file /home/airflow/.local/lib/python3.8/site-packages/airflow/example_dags/example_short_circuit_decorator.py for tasks to queue
[2023-11-14T10:09:52.184+0000] {logging_mixin.py:154} INFO - [2023-11-14T10:09:52.184+0000] {dagbag.py:536} INFO - Filling up the DagBag from /home/airflow/.local/lib/python3.8/site-packages/airflow/example_dags/example_short_circuit_decorator.py
[2023-11-14T10:09:52.189+0000] {processor.py:839} INFO - DAG(s) dict_keys(['example_short_circuit_decorator']) retrieved from /home/airflow/.local/lib/python3.8/site-packages/airflow/example_dags/example_short_circuit_decorator.py
[2023-11-14T10:09:52.202+0000] {logging_mixin.py:154} INFO - [2023-11-14T10:09:52.202+0000] {dag.py:2941} INFO - Sync 1 DAGs
[2023-11-14T10:09:52.317+0000] {logging_mixin.py:154} INFO - [2023-11-14T10:09:52.317+0000] {dag.py:3722} INFO - Setting next_dagrun for example_short_circuit_decorator to 2023-11-13T10:09:52.317074+00:00, run_after=2023-11-14T10:09:52.317074+00:00
[2023-11-14T10:09:52.325+0000] {processor.py:179} INFO - Processing /home/airflow/.local/lib/python3.8/site-packages/airflow/example_dags/example_short_circuit_decorator.py took 0.146 seconds
[2023-11-14T10:10:22.631+0000] {processor.py:157} INFO - Started process (PID=1827) to work on /home/airflow/.local/lib/python3.8/site-packages/airflow/example_dags/example_short_circuit_decorator.py
[2023-11-14T10:10:22.632+0000] {processor.py:829} INFO - Processing file /home/airflow/.local/lib/python3.8/site-packages/airflow/example_dags/example_short_circuit_decorator.py for tasks to queue
[2023-11-14T10:10:22.635+0000] {logging_mixin.py:154} INFO - [2023-11-14T10:10:22.635+0000] {dagbag.py:536} INFO - Filling up the DagBag from /home/airflow/.local/lib/python3.8/site-packages/airflow/example_dags/example_short_circuit_decorator.py
[2023-11-14T10:10:22.641+0000] {processor.py:839} INFO - DAG(s) dict_keys(['example_short_circuit_decorator']) retrieved from /home/airflow/.local/lib/python3.8/site-packages/airflow/example_dags/example_short_circuit_decorator.py
[2023-11-14T10:10:22.658+0000] {logging_mixin.py:154} INFO - [2023-11-14T10:10:22.658+0000] {dag.py:2941} INFO - Sync 1 DAGs
[2023-11-14T10:10:22.671+0000] {logging_mixin.py:154} INFO - [2023-11-14T10:10:22.671+0000] {dag.py:3722} INFO - Setting next_dagrun for example_short_circuit_decorator to 2023-11-13T10:10:22.671686+00:00, run_after=2023-11-14T10:10:22.671686+00:00
[2023-11-14T10:10:22.800+0000] {processor.py:179} INFO - Processing /home/airflow/.local/lib/python3.8/site-packages/airflow/example_dags/example_short_circuit_decorator.py took 0.172 seconds
[2023-11-14T10:10:52.885+0000] {processor.py:157} INFO - Started process (PID=1881) to work on /home/airflow/.local/lib/python3.8/site-packages/airflow/example_dags/example_short_circuit_decorator.py
[2023-11-14T10:10:52.885+0000] {processor.py:829} INFO - Processing file /home/airflow/.local/lib/python3.8/site-packages/airflow/example_dags/example_short_circuit_decorator.py for tasks to queue
[2023-11-14T10:10:52.887+0000] {logging_mixin.py:154} INFO - [2023-11-14T10:10:52.887+0000] {dagbag.py:536} INFO - Filling up the DagBag from /home/airflow/.local/lib/python3.8/site-packages/airflow/example_dags/example_short_circuit_decorator.py
[2023-11-14T10:10:52.892+0000] {processor.py:839} INFO - DAG(s) dict_keys(['example_short_circuit_decorator']) retrieved from /home/airflow/.local/lib/python3.8/site-packages/airflow/example_dags/example_short_circuit_decorator.py
[2023-11-14T10:10:52.905+0000] {logging_mixin.py:154} INFO - [2023-11-14T10:10:52.905+0000] {dag.py:2941} INFO - Sync 1 DAGs
[2023-11-14T10:10:52.915+0000] {logging_mixin.py:154} INFO - [2023-11-14T10:10:52.915+0000] {dag.py:3722} INFO - Setting next_dagrun for example_short_circuit_decorator to 2023-11-13T10:10:52.915343+00:00, run_after=2023-11-14T10:10:52.915343+00:00
[2023-11-14T10:10:52.924+0000] {processor.py:179} INFO - Processing /home/airflow/.local/lib/python3.8/site-packages/airflow/example_dags/example_short_circuit_decorator.py took 0.042 seconds
[2023-11-14T10:11:23.259+0000] {processor.py:157} INFO - Started process (PID=1935) to work on /home/airflow/.local/lib/python3.8/site-packages/airflow/example_dags/example_short_circuit_decorator.py
[2023-11-14T10:11:23.260+0000] {processor.py:829} INFO - Processing file /home/airflow/.local/lib/python3.8/site-packages/airflow/example_dags/example_short_circuit_decorator.py for tasks to queue
[2023-11-14T10:11:23.262+0000] {logging_mixin.py:154} INFO - [2023-11-14T10:11:23.262+0000] {dagbag.py:536} INFO - Filling up the DagBag from /home/airflow/.local/lib/python3.8/site-packages/airflow/example_dags/example_short_circuit_decorator.py
[2023-11-14T10:11:23.268+0000] {processor.py:839} INFO - DAG(s) dict_keys(['example_short_circuit_decorator']) retrieved from /home/airflow/.local/lib/python3.8/site-packages/airflow/example_dags/example_short_circuit_decorator.py
[2023-11-14T10:11:23.284+0000] {logging_mixin.py:154} INFO - [2023-11-14T10:11:23.284+0000] {dag.py:2941} INFO - Sync 1 DAGs
[2023-11-14T10:11:23.298+0000] {logging_mixin.py:154} INFO - [2023-11-14T10:11:23.297+0000] {dag.py:3722} INFO - Setting next_dagrun for example_short_circuit_decorator to 2023-11-13T10:11:23.297721+00:00, run_after=2023-11-14T10:11:23.297721+00:00
[2023-11-14T10:11:23.308+0000] {processor.py:179} INFO - Processing /home/airflow/.local/lib/python3.8/site-packages/airflow/example_dags/example_short_circuit_decorator.py took 0.051 seconds
[2023-11-14T10:11:54.108+0000] {processor.py:157} INFO - Started process (PID=1989) to work on /home/airflow/.local/lib/python3.8/site-packages/airflow/example_dags/example_short_circuit_decorator.py
[2023-11-14T10:11:54.109+0000] {processor.py:829} INFO - Processing file /home/airflow/.local/lib/python3.8/site-packages/airflow/example_dags/example_short_circuit_decorator.py for tasks to queue
[2023-11-14T10:11:54.111+0000] {logging_mixin.py:154} INFO - [2023-11-14T10:11:54.111+0000] {dagbag.py:536} INFO - Filling up the DagBag from /home/airflow/.local/lib/python3.8/site-packages/airflow/example_dags/example_short_circuit_decorator.py
[2023-11-14T10:11:54.116+0000] {processor.py:839} INFO - DAG(s) dict_keys(['example_short_circuit_decorator']) retrieved from /home/airflow/.local/lib/python3.8/site-packages/airflow/example_dags/example_short_circuit_decorator.py
[2023-11-14T10:11:54.130+0000] {logging_mixin.py:154} INFO - [2023-11-14T10:11:54.130+0000] {dag.py:2941} INFO - Sync 1 DAGs
[2023-11-14T10:11:54.244+0000] {logging_mixin.py:154} INFO - [2023-11-14T10:11:54.244+0000] {dag.py:3722} INFO - Setting next_dagrun for example_short_circuit_decorator to 2023-11-13T10:11:54.244671+00:00, run_after=2023-11-14T10:11:54.244671+00:00
[2023-11-14T10:11:54.255+0000] {processor.py:179} INFO - Processing /home/airflow/.local/lib/python3.8/site-packages/airflow/example_dags/example_short_circuit_decorator.py took 0.149 seconds
[2023-11-14T10:12:24.362+0000] {processor.py:157} INFO - Started process (PID=2043) to work on /home/airflow/.local/lib/python3.8/site-packages/airflow/example_dags/example_short_circuit_decorator.py
[2023-11-14T10:12:24.363+0000] {processor.py:829} INFO - Processing file /home/airflow/.local/lib/python3.8/site-packages/airflow/example_dags/example_short_circuit_decorator.py for tasks to queue
[2023-11-14T10:12:24.365+0000] {logging_mixin.py:154} INFO - [2023-11-14T10:12:24.364+0000] {dagbag.py:536} INFO - Filling up the DagBag from /home/airflow/.local/lib/python3.8/site-packages/airflow/example_dags/example_short_circuit_decorator.py
[2023-11-14T10:12:24.370+0000] {processor.py:839} INFO - DAG(s) dict_keys(['example_short_circuit_decorator']) retrieved from /home/airflow/.local/lib/python3.8/site-packages/airflow/example_dags/example_short_circuit_decorator.py
[2023-11-14T10:12:24.383+0000] {logging_mixin.py:154} INFO - [2023-11-14T10:12:24.383+0000] {dag.py:2941} INFO - Sync 1 DAGs
[2023-11-14T10:12:24.394+0000] {logging_mixin.py:154} INFO - [2023-11-14T10:12:24.394+0000] {dag.py:3722} INFO - Setting next_dagrun for example_short_circuit_decorator to 2023-11-13T10:12:24.394719+00:00, run_after=2023-11-14T10:12:24.394719+00:00
[2023-11-14T10:12:24.503+0000] {processor.py:179} INFO - Processing /home/airflow/.local/lib/python3.8/site-packages/airflow/example_dags/example_short_circuit_decorator.py took 0.143 seconds
[2023-11-14T10:12:54.545+0000] {processor.py:157} INFO - Started process (PID=2097) to work on /home/airflow/.local/lib/python3.8/site-packages/airflow/example_dags/example_short_circuit_decorator.py
[2023-11-14T10:12:54.547+0000] {processor.py:829} INFO - Processing file /home/airflow/.local/lib/python3.8/site-packages/airflow/example_dags/example_short_circuit_decorator.py for tasks to queue
[2023-11-14T10:12:54.549+0000] {logging_mixin.py:154} INFO - [2023-11-14T10:12:54.548+0000] {dagbag.py:536} INFO - Filling up the DagBag from /home/airflow/.local/lib/python3.8/site-packages/airflow/example_dags/example_short_circuit_decorator.py
[2023-11-14T10:12:54.556+0000] {processor.py:839} INFO - DAG(s) dict_keys(['example_short_circuit_decorator']) retrieved from /home/airflow/.local/lib/python3.8/site-packages/airflow/example_dags/example_short_circuit_decorator.py
[2023-11-14T10:12:54.572+0000] {logging_mixin.py:154} INFO - [2023-11-14T10:12:54.572+0000] {dag.py:2941} INFO - Sync 1 DAGs
[2023-11-14T10:12:54.583+0000] {logging_mixin.py:154} INFO - [2023-11-14T10:12:54.583+0000] {dag.py:3722} INFO - Setting next_dagrun for example_short_circuit_decorator to 2023-11-13T10:12:54.583682+00:00, run_after=2023-11-14T10:12:54.583682+00:00
[2023-11-14T10:12:54.592+0000] {processor.py:179} INFO - Processing /home/airflow/.local/lib/python3.8/site-packages/airflow/example_dags/example_short_circuit_decorator.py took 0.050 seconds
[2023-11-14T10:13:44.378+0000] {processor.py:157} INFO - Started process (PID=2158) to work on /home/airflow/.local/lib/python3.8/site-packages/airflow/example_dags/example_short_circuit_decorator.py
[2023-11-14T10:13:44.379+0000] {processor.py:829} INFO - Processing file /home/airflow/.local/lib/python3.8/site-packages/airflow/example_dags/example_short_circuit_decorator.py for tasks to queue
[2023-11-14T10:13:44.382+0000] {logging_mixin.py:154} INFO - [2023-11-14T10:13:44.382+0000] {dagbag.py:536} INFO - Filling up the DagBag from /home/airflow/.local/lib/python3.8/site-packages/airflow/example_dags/example_short_circuit_decorator.py
[2023-11-14T10:13:44.390+0000] {processor.py:839} INFO - DAG(s) dict_keys(['example_short_circuit_decorator']) retrieved from /home/airflow/.local/lib/python3.8/site-packages/airflow/example_dags/example_short_circuit_decorator.py
[2023-11-14T10:13:44.457+0000] {logging_mixin.py:154} INFO - [2023-11-14T10:13:44.455+0000] {dag.py:2941} INFO - Sync 1 DAGs
[2023-11-14T10:13:44.614+0000] {logging_mixin.py:154} INFO - [2023-11-14T10:13:44.611+0000] {dag.py:3722} INFO - Setting next_dagrun for example_short_circuit_decorator to 2023-11-13T10:13:44.610532+00:00, run_after=2023-11-14T10:13:44.610532+00:00
[2023-11-14T10:13:44.634+0000] {processor.py:179} INFO - Processing /home/airflow/.local/lib/python3.8/site-packages/airflow/example_dags/example_short_circuit_decorator.py took 0.259 seconds
[2023-11-14T10:14:46.430+0000] {processor.py:157} INFO - Started process (PID=2214) to work on /home/airflow/.local/lib/python3.8/site-packages/airflow/example_dags/example_short_circuit_decorator.py
[2023-11-14T10:14:46.432+0000] {processor.py:829} INFO - Processing file /home/airflow/.local/lib/python3.8/site-packages/airflow/example_dags/example_short_circuit_decorator.py for tasks to queue
[2023-11-14T10:14:46.434+0000] {logging_mixin.py:154} INFO - [2023-11-14T10:14:46.434+0000] {dagbag.py:536} INFO - Filling up the DagBag from /home/airflow/.local/lib/python3.8/site-packages/airflow/example_dags/example_short_circuit_decorator.py
[2023-11-14T10:14:46.441+0000] {processor.py:839} INFO - DAG(s) dict_keys(['example_short_circuit_decorator']) retrieved from /home/airflow/.local/lib/python3.8/site-packages/airflow/example_dags/example_short_circuit_decorator.py
[2023-11-14T10:14:46.460+0000] {logging_mixin.py:154} INFO - [2023-11-14T10:14:46.460+0000] {dag.py:2941} INFO - Sync 1 DAGs
[2023-11-14T10:14:46.475+0000] {logging_mixin.py:154} INFO - [2023-11-14T10:14:46.475+0000] {dag.py:3722} INFO - Setting next_dagrun for example_short_circuit_decorator to 2023-11-13T10:14:46.475305+00:00, run_after=2023-11-14T10:14:46.475305+00:00
[2023-11-14T10:14:46.492+0000] {processor.py:179} INFO - Processing /home/airflow/.local/lib/python3.8/site-packages/airflow/example_dags/example_short_circuit_decorator.py took 0.065 seconds
[2023-11-14T10:17:56.153+0000] {processor.py:157} INFO - Started process (PID=2268) to work on /home/airflow/.local/lib/python3.8/site-packages/airflow/example_dags/example_short_circuit_decorator.py
[2023-11-14T10:17:56.154+0000] {processor.py:829} INFO - Processing file /home/airflow/.local/lib/python3.8/site-packages/airflow/example_dags/example_short_circuit_decorator.py for tasks to queue
[2023-11-14T10:17:56.157+0000] {logging_mixin.py:154} INFO - [2023-11-14T10:17:56.157+0000] {dagbag.py:536} INFO - Filling up the DagBag from /home/airflow/.local/lib/python3.8/site-packages/airflow/example_dags/example_short_circuit_decorator.py
[2023-11-14T10:17:56.165+0000] {processor.py:839} INFO - DAG(s) dict_keys(['example_short_circuit_decorator']) retrieved from /home/airflow/.local/lib/python3.8/site-packages/airflow/example_dags/example_short_circuit_decorator.py
[2023-11-14T10:17:56.186+0000] {logging_mixin.py:154} INFO - [2023-11-14T10:17:56.186+0000] {dag.py:2941} INFO - Sync 1 DAGs
[2023-11-14T10:17:56.201+0000] {logging_mixin.py:154} INFO - [2023-11-14T10:17:56.201+0000] {dag.py:3722} INFO - Setting next_dagrun for example_short_circuit_decorator to 2023-11-13T10:17:56.200974+00:00, run_after=2023-11-14T10:17:56.200974+00:00
[2023-11-14T10:17:56.218+0000] {processor.py:179} INFO - Processing /home/airflow/.local/lib/python3.8/site-packages/airflow/example_dags/example_short_circuit_decorator.py took 0.069 seconds
[2023-11-14T10:20:16.821+0000] {processor.py:157} INFO - Started process (PID=2315) to work on /home/airflow/.local/lib/python3.8/site-packages/airflow/example_dags/example_short_circuit_decorator.py
[2023-11-14T10:20:16.822+0000] {processor.py:829} INFO - Processing file /home/airflow/.local/lib/python3.8/site-packages/airflow/example_dags/example_short_circuit_decorator.py for tasks to queue
[2023-11-14T10:20:16.822+0000] {logging_mixin.py:154} INFO - [2023-11-14T10:20:16.822+0000] {dagbag.py:536} INFO - Filling up the DagBag from /home/airflow/.local/lib/python3.8/site-packages/airflow/example_dags/example_short_circuit_decorator.py
[2023-11-14T10:20:16.829+0000] {processor.py:839} INFO - DAG(s) dict_keys(['example_short_circuit_decorator']) retrieved from /home/airflow/.local/lib/python3.8/site-packages/airflow/example_dags/example_short_circuit_decorator.py
[2023-11-14T10:20:16.846+0000] {logging_mixin.py:154} INFO - [2023-11-14T10:20:16.846+0000] {dag.py:2941} INFO - Sync 1 DAGs
[2023-11-14T10:20:16.863+0000] {logging_mixin.py:154} INFO - [2023-11-14T10:20:16.863+0000] {dag.py:3722} INFO - Setting next_dagrun for example_short_circuit_decorator to 2023-11-13T10:20:16.863353+00:00, run_after=2023-11-14T10:20:16.863353+00:00
[2023-11-14T10:20:16.880+0000] {processor.py:179} INFO - Processing /home/airflow/.local/lib/python3.8/site-packages/airflow/example_dags/example_short_circuit_decorator.py took 0.062 seconds
