[2023-11-14T09:52:50.388+0000] {processor.py:157} INFO - Started process (PID=64) to work on /home/airflow/.local/lib/python3.8/site-packages/airflow/example_dags/example_task_group_decorator.py
[2023-11-14T09:52:50.389+0000] {processor.py:829} INFO - Processing file /home/airflow/.local/lib/python3.8/site-packages/airflow/example_dags/example_task_group_decorator.py for tasks to queue
[2023-11-14T09:52:50.391+0000] {logging_mixin.py:154} INFO - [2023-11-14T09:52:50.391+0000] {dagbag.py:536} INFO - Filling up the DagBag from /home/airflow/.local/lib/python3.8/site-packages/airflow/example_dags/example_task_group_decorator.py
[2023-11-14T09:52:50.403+0000] {processor.py:839} INFO - DAG(s) dict_keys(['example_task_group_decorator']) retrieved from /home/airflow/.local/lib/python3.8/site-packages/airflow/example_dags/example_task_group_decorator.py
[2023-11-14T09:52:50.419+0000] {logging_mixin.py:154} INFO - [2023-11-14T09:52:50.419+0000] {dag.py:2941} INFO - Sync 1 DAGs
[2023-11-14T09:52:50.434+0000] {logging_mixin.py:154} INFO - [2023-11-14T09:52:50.433+0000] {dag.py:3722} INFO - Setting next_dagrun for example_task_group_decorator to 2023-11-13T09:52:50.433819+00:00, run_after=2023-11-14T09:52:50.433819+00:00
[2023-11-14T09:52:50.446+0000] {processor.py:179} INFO - Processing /home/airflow/.local/lib/python3.8/site-packages/airflow/example_dags/example_task_group_decorator.py took 0.061 seconds
[2023-11-14T09:53:41.013+0000] {processor.py:157} INFO - Started process (PID=65) to work on /home/airflow/.local/lib/python3.8/site-packages/airflow/example_dags/example_task_group_decorator.py
[2023-11-14T09:53:41.014+0000] {processor.py:829} INFO - Processing file /home/airflow/.local/lib/python3.8/site-packages/airflow/example_dags/example_task_group_decorator.py for tasks to queue
[2023-11-14T09:53:41.016+0000] {logging_mixin.py:154} INFO - [2023-11-14T09:53:41.016+0000] {dagbag.py:536} INFO - Filling up the DagBag from /home/airflow/.local/lib/python3.8/site-packages/airflow/example_dags/example_task_group_decorator.py
[2023-11-14T09:53:41.027+0000] {processor.py:839} INFO - DAG(s) dict_keys(['example_task_group_decorator']) retrieved from /home/airflow/.local/lib/python3.8/site-packages/airflow/example_dags/example_task_group_decorator.py
[2023-11-14T09:53:41.036+0000] {logging_mixin.py:154} INFO - [2023-11-14T09:53:41.035+0000] {dag.py:2941} INFO - Sync 1 DAGs
[2023-11-14T09:53:41.053+0000] {logging_mixin.py:154} INFO - [2023-11-14T09:53:41.052+0000] {dag.py:3722} INFO - Setting next_dagrun for example_task_group_decorator to 2023-11-13T09:53:41.052781+00:00, run_after=2023-11-14T09:53:41.052781+00:00
[2023-11-14T09:53:41.067+0000] {processor.py:179} INFO - Processing /home/airflow/.local/lib/python3.8/site-packages/airflow/example_dags/example_task_group_decorator.py took 0.057 seconds
[2023-11-14T09:54:11.241+0000] {processor.py:157} INFO - Started process (PID=118) to work on /home/airflow/.local/lib/python3.8/site-packages/airflow/example_dags/example_task_group_decorator.py
[2023-11-14T09:54:11.242+0000] {processor.py:829} INFO - Processing file /home/airflow/.local/lib/python3.8/site-packages/airflow/example_dags/example_task_group_decorator.py for tasks to queue
[2023-11-14T09:54:11.243+0000] {logging_mixin.py:154} INFO - [2023-11-14T09:54:11.243+0000] {dagbag.py:536} INFO - Filling up the DagBag from /home/airflow/.local/lib/python3.8/site-packages/airflow/example_dags/example_task_group_decorator.py
[2023-11-14T09:54:11.252+0000] {processor.py:839} INFO - DAG(s) dict_keys(['example_task_group_decorator']) retrieved from /home/airflow/.local/lib/python3.8/site-packages/airflow/example_dags/example_task_group_decorator.py
[2023-11-14T09:54:11.264+0000] {logging_mixin.py:154} INFO - [2023-11-14T09:54:11.264+0000] {dag.py:2941} INFO - Sync 1 DAGs
[2023-11-14T09:54:11.274+0000] {logging_mixin.py:154} INFO - [2023-11-14T09:54:11.274+0000] {dag.py:3722} INFO - Setting next_dagrun for example_task_group_decorator to 2023-11-13T09:54:11.274277+00:00, run_after=2023-11-14T09:54:11.274277+00:00
[2023-11-14T09:54:11.282+0000] {processor.py:179} INFO - Processing /home/airflow/.local/lib/python3.8/site-packages/airflow/example_dags/example_task_group_decorator.py took 0.042 seconds
[2023-11-14T09:54:41.748+0000] {processor.py:157} INFO - Started process (PID=171) to work on /home/airflow/.local/lib/python3.8/site-packages/airflow/example_dags/example_task_group_decorator.py
[2023-11-14T09:54:41.749+0000] {processor.py:829} INFO - Processing file /home/airflow/.local/lib/python3.8/site-packages/airflow/example_dags/example_task_group_decorator.py for tasks to queue
[2023-11-14T09:54:41.750+0000] {logging_mixin.py:154} INFO - [2023-11-14T09:54:41.750+0000] {dagbag.py:536} INFO - Filling up the DagBag from /home/airflow/.local/lib/python3.8/site-packages/airflow/example_dags/example_task_group_decorator.py
[2023-11-14T09:54:41.758+0000] {processor.py:839} INFO - DAG(s) dict_keys(['example_task_group_decorator']) retrieved from /home/airflow/.local/lib/python3.8/site-packages/airflow/example_dags/example_task_group_decorator.py
[2023-11-14T09:54:41.779+0000] {logging_mixin.py:154} INFO - [2023-11-14T09:54:41.779+0000] {dag.py:2941} INFO - Sync 1 DAGs
[2023-11-14T09:54:41.794+0000] {logging_mixin.py:154} INFO - [2023-11-14T09:54:41.794+0000] {dag.py:3722} INFO - Setting next_dagrun for example_task_group_decorator to 2023-11-13T09:54:41.793887+00:00, run_after=2023-11-14T09:54:41.793887+00:00
[2023-11-14T09:54:41.807+0000] {processor.py:179} INFO - Processing /home/airflow/.local/lib/python3.8/site-packages/airflow/example_dags/example_task_group_decorator.py took 0.061 seconds
[2023-11-14T09:55:12.067+0000] {processor.py:157} INFO - Started process (PID=225) to work on /home/airflow/.local/lib/python3.8/site-packages/airflow/example_dags/example_task_group_decorator.py
[2023-11-14T09:55:12.068+0000] {processor.py:829} INFO - Processing file /home/airflow/.local/lib/python3.8/site-packages/airflow/example_dags/example_task_group_decorator.py for tasks to queue
[2023-11-14T09:55:12.069+0000] {logging_mixin.py:154} INFO - [2023-11-14T09:55:12.069+0000] {dagbag.py:536} INFO - Filling up the DagBag from /home/airflow/.local/lib/python3.8/site-packages/airflow/example_dags/example_task_group_decorator.py
[2023-11-14T09:55:12.078+0000] {processor.py:839} INFO - DAG(s) dict_keys(['example_task_group_decorator']) retrieved from /home/airflow/.local/lib/python3.8/site-packages/airflow/example_dags/example_task_group_decorator.py
[2023-11-14T09:55:12.092+0000] {logging_mixin.py:154} INFO - [2023-11-14T09:55:12.092+0000] {dag.py:2941} INFO - Sync 1 DAGs
[2023-11-14T09:55:12.107+0000] {logging_mixin.py:154} INFO - [2023-11-14T09:55:12.107+0000] {dag.py:3722} INFO - Setting next_dagrun for example_task_group_decorator to 2023-11-13T09:55:12.107480+00:00, run_after=2023-11-14T09:55:12.107480+00:00
[2023-11-14T09:55:12.119+0000] {processor.py:179} INFO - Processing /home/airflow/.local/lib/python3.8/site-packages/airflow/example_dags/example_task_group_decorator.py took 0.055 seconds
[2023-11-14T09:55:42.332+0000] {processor.py:157} INFO - Started process (PID=279) to work on /home/airflow/.local/lib/python3.8/site-packages/airflow/example_dags/example_task_group_decorator.py
[2023-11-14T09:55:42.332+0000] {processor.py:829} INFO - Processing file /home/airflow/.local/lib/python3.8/site-packages/airflow/example_dags/example_task_group_decorator.py for tasks to queue
[2023-11-14T09:55:42.334+0000] {logging_mixin.py:154} INFO - [2023-11-14T09:55:42.334+0000] {dagbag.py:536} INFO - Filling up the DagBag from /home/airflow/.local/lib/python3.8/site-packages/airflow/example_dags/example_task_group_decorator.py
[2023-11-14T09:55:42.342+0000] {processor.py:839} INFO - DAG(s) dict_keys(['example_task_group_decorator']) retrieved from /home/airflow/.local/lib/python3.8/site-packages/airflow/example_dags/example_task_group_decorator.py
[2023-11-14T09:55:42.355+0000] {logging_mixin.py:154} INFO - [2023-11-14T09:55:42.355+0000] {dag.py:2941} INFO - Sync 1 DAGs
[2023-11-14T09:55:42.367+0000] {logging_mixin.py:154} INFO - [2023-11-14T09:55:42.367+0000] {dag.py:3722} INFO - Setting next_dagrun for example_task_group_decorator to 2023-11-13T09:55:42.367013+00:00, run_after=2023-11-14T09:55:42.367013+00:00
[2023-11-14T09:55:42.377+0000] {processor.py:179} INFO - Processing /home/airflow/.local/lib/python3.8/site-packages/airflow/example_dags/example_task_group_decorator.py took 0.047 seconds
[2023-11-14T09:56:13.101+0000] {processor.py:157} INFO - Started process (PID=333) to work on /home/airflow/.local/lib/python3.8/site-packages/airflow/example_dags/example_task_group_decorator.py
[2023-11-14T09:56:13.103+0000] {processor.py:829} INFO - Processing file /home/airflow/.local/lib/python3.8/site-packages/airflow/example_dags/example_task_group_decorator.py for tasks to queue
[2023-11-14T09:56:13.105+0000] {logging_mixin.py:154} INFO - [2023-11-14T09:56:13.105+0000] {dagbag.py:536} INFO - Filling up the DagBag from /home/airflow/.local/lib/python3.8/site-packages/airflow/example_dags/example_task_group_decorator.py
[2023-11-14T09:56:13.115+0000] {processor.py:839} INFO - DAG(s) dict_keys(['example_task_group_decorator']) retrieved from /home/airflow/.local/lib/python3.8/site-packages/airflow/example_dags/example_task_group_decorator.py
[2023-11-14T09:56:13.135+0000] {logging_mixin.py:154} INFO - [2023-11-14T09:56:13.134+0000] {dag.py:2941} INFO - Sync 1 DAGs
[2023-11-14T09:56:13.151+0000] {logging_mixin.py:154} INFO - [2023-11-14T09:56:13.151+0000] {dag.py:3722} INFO - Setting next_dagrun for example_task_group_decorator to 2023-11-13T09:56:13.150977+00:00, run_after=2023-11-14T09:56:13.150977+00:00
[2023-11-14T09:56:13.165+0000] {processor.py:179} INFO - Processing /home/airflow/.local/lib/python3.8/site-packages/airflow/example_dags/example_task_group_decorator.py took 0.066 seconds
[2023-11-14T09:56:43.420+0000] {processor.py:157} INFO - Started process (PID=387) to work on /home/airflow/.local/lib/python3.8/site-packages/airflow/example_dags/example_task_group_decorator.py
[2023-11-14T09:56:43.421+0000] {processor.py:829} INFO - Processing file /home/airflow/.local/lib/python3.8/site-packages/airflow/example_dags/example_task_group_decorator.py for tasks to queue
[2023-11-14T09:56:43.423+0000] {logging_mixin.py:154} INFO - [2023-11-14T09:56:43.422+0000] {dagbag.py:536} INFO - Filling up the DagBag from /home/airflow/.local/lib/python3.8/site-packages/airflow/example_dags/example_task_group_decorator.py
[2023-11-14T09:56:43.432+0000] {processor.py:839} INFO - DAG(s) dict_keys(['example_task_group_decorator']) retrieved from /home/airflow/.local/lib/python3.8/site-packages/airflow/example_dags/example_task_group_decorator.py
[2023-11-14T09:56:43.442+0000] {logging_mixin.py:154} INFO - [2023-11-14T09:56:43.441+0000] {dag.py:2941} INFO - Sync 1 DAGs
[2023-11-14T09:56:43.456+0000] {logging_mixin.py:154} INFO - [2023-11-14T09:56:43.456+0000] {dag.py:3722} INFO - Setting next_dagrun for example_task_group_decorator to 2023-11-13T09:56:43.455993+00:00, run_after=2023-11-14T09:56:43.455993+00:00
[2023-11-14T09:56:43.466+0000] {processor.py:179} INFO - Processing /home/airflow/.local/lib/python3.8/site-packages/airflow/example_dags/example_task_group_decorator.py took 0.048 seconds
[2023-11-14T09:57:13.758+0000] {processor.py:157} INFO - Started process (PID=442) to work on /home/airflow/.local/lib/python3.8/site-packages/airflow/example_dags/example_task_group_decorator.py
[2023-11-14T09:57:13.759+0000] {processor.py:829} INFO - Processing file /home/airflow/.local/lib/python3.8/site-packages/airflow/example_dags/example_task_group_decorator.py for tasks to queue
[2023-11-14T09:57:13.760+0000] {logging_mixin.py:154} INFO - [2023-11-14T09:57:13.760+0000] {dagbag.py:536} INFO - Filling up the DagBag from /home/airflow/.local/lib/python3.8/site-packages/airflow/example_dags/example_task_group_decorator.py
[2023-11-14T09:57:13.768+0000] {processor.py:839} INFO - DAG(s) dict_keys(['example_task_group_decorator']) retrieved from /home/airflow/.local/lib/python3.8/site-packages/airflow/example_dags/example_task_group_decorator.py
[2023-11-14T09:57:13.784+0000] {logging_mixin.py:154} INFO - [2023-11-14T09:57:13.784+0000] {dag.py:2941} INFO - Sync 1 DAGs
[2023-11-14T09:57:13.796+0000] {logging_mixin.py:154} INFO - [2023-11-14T09:57:13.796+0000] {dag.py:3722} INFO - Setting next_dagrun for example_task_group_decorator to 2023-11-13T09:57:13.796359+00:00, run_after=2023-11-14T09:57:13.796359+00:00
[2023-11-14T09:57:13.807+0000] {processor.py:179} INFO - Processing /home/airflow/.local/lib/python3.8/site-packages/airflow/example_dags/example_task_group_decorator.py took 0.052 seconds
[2023-11-14T09:57:44.711+0000] {processor.py:157} INFO - Started process (PID=496) to work on /home/airflow/.local/lib/python3.8/site-packages/airflow/example_dags/example_task_group_decorator.py
[2023-11-14T09:57:44.712+0000] {processor.py:829} INFO - Processing file /home/airflow/.local/lib/python3.8/site-packages/airflow/example_dags/example_task_group_decorator.py for tasks to queue
[2023-11-14T09:57:44.714+0000] {logging_mixin.py:154} INFO - [2023-11-14T09:57:44.714+0000] {dagbag.py:536} INFO - Filling up the DagBag from /home/airflow/.local/lib/python3.8/site-packages/airflow/example_dags/example_task_group_decorator.py
[2023-11-14T09:57:44.722+0000] {processor.py:839} INFO - DAG(s) dict_keys(['example_task_group_decorator']) retrieved from /home/airflow/.local/lib/python3.8/site-packages/airflow/example_dags/example_task_group_decorator.py
[2023-11-14T09:57:44.737+0000] {logging_mixin.py:154} INFO - [2023-11-14T09:57:44.737+0000] {dag.py:2941} INFO - Sync 1 DAGs
[2023-11-14T09:57:44.749+0000] {logging_mixin.py:154} INFO - [2023-11-14T09:57:44.749+0000] {dag.py:3722} INFO - Setting next_dagrun for example_task_group_decorator to 2023-11-13T09:57:44.749153+00:00, run_after=2023-11-14T09:57:44.749153+00:00
[2023-11-14T09:57:44.758+0000] {processor.py:179} INFO - Processing /home/airflow/.local/lib/python3.8/site-packages/airflow/example_dags/example_task_group_decorator.py took 0.050 seconds
[2023-11-14T09:58:14.923+0000] {processor.py:157} INFO - Started process (PID=550) to work on /home/airflow/.local/lib/python3.8/site-packages/airflow/example_dags/example_task_group_decorator.py
[2023-11-14T09:58:14.924+0000] {processor.py:829} INFO - Processing file /home/airflow/.local/lib/python3.8/site-packages/airflow/example_dags/example_task_group_decorator.py for tasks to queue
[2023-11-14T09:58:14.926+0000] {logging_mixin.py:154} INFO - [2023-11-14T09:58:14.926+0000] {dagbag.py:536} INFO - Filling up the DagBag from /home/airflow/.local/lib/python3.8/site-packages/airflow/example_dags/example_task_group_decorator.py
[2023-11-14T09:58:14.934+0000] {processor.py:839} INFO - DAG(s) dict_keys(['example_task_group_decorator']) retrieved from /home/airflow/.local/lib/python3.8/site-packages/airflow/example_dags/example_task_group_decorator.py
[2023-11-14T09:58:14.948+0000] {logging_mixin.py:154} INFO - [2023-11-14T09:58:14.948+0000] {dag.py:2941} INFO - Sync 1 DAGs
[2023-11-14T09:58:14.961+0000] {logging_mixin.py:154} INFO - [2023-11-14T09:58:14.961+0000] {dag.py:3722} INFO - Setting next_dagrun for example_task_group_decorator to 2023-11-13T09:58:14.961526+00:00, run_after=2023-11-14T09:58:14.961526+00:00
[2023-11-14T09:58:14.972+0000] {processor.py:179} INFO - Processing /home/airflow/.local/lib/python3.8/site-packages/airflow/example_dags/example_task_group_decorator.py took 0.051 seconds
[2023-11-14T09:58:44.989+0000] {processor.py:157} INFO - Started process (PID=604) to work on /home/airflow/.local/lib/python3.8/site-packages/airflow/example_dags/example_task_group_decorator.py
[2023-11-14T09:58:44.990+0000] {processor.py:829} INFO - Processing file /home/airflow/.local/lib/python3.8/site-packages/airflow/example_dags/example_task_group_decorator.py for tasks to queue
[2023-11-14T09:58:44.992+0000] {logging_mixin.py:154} INFO - [2023-11-14T09:58:44.992+0000] {dagbag.py:536} INFO - Filling up the DagBag from /home/airflow/.local/lib/python3.8/site-packages/airflow/example_dags/example_task_group_decorator.py
[2023-11-14T09:58:45.000+0000] {processor.py:839} INFO - DAG(s) dict_keys(['example_task_group_decorator']) retrieved from /home/airflow/.local/lib/python3.8/site-packages/airflow/example_dags/example_task_group_decorator.py
[2023-11-14T09:58:45.015+0000] {logging_mixin.py:154} INFO - [2023-11-14T09:58:45.015+0000] {dag.py:2941} INFO - Sync 1 DAGs
[2023-11-14T09:58:45.027+0000] {logging_mixin.py:154} INFO - [2023-11-14T09:58:45.027+0000] {dag.py:3722} INFO - Setting next_dagrun for example_task_group_decorator to 2023-11-13T09:58:45.027306+00:00, run_after=2023-11-14T09:58:45.027306+00:00
[2023-11-14T09:58:45.038+0000] {processor.py:179} INFO - Processing /home/airflow/.local/lib/python3.8/site-packages/airflow/example_dags/example_task_group_decorator.py took 0.051 seconds
[2023-11-14T09:59:15.471+0000] {processor.py:157} INFO - Started process (PID=658) to work on /home/airflow/.local/lib/python3.8/site-packages/airflow/example_dags/example_task_group_decorator.py
[2023-11-14T09:59:15.471+0000] {processor.py:829} INFO - Processing file /home/airflow/.local/lib/python3.8/site-packages/airflow/example_dags/example_task_group_decorator.py for tasks to queue
[2023-11-14T09:59:15.474+0000] {logging_mixin.py:154} INFO - [2023-11-14T09:59:15.473+0000] {dagbag.py:536} INFO - Filling up the DagBag from /home/airflow/.local/lib/python3.8/site-packages/airflow/example_dags/example_task_group_decorator.py
[2023-11-14T09:59:15.482+0000] {processor.py:839} INFO - DAG(s) dict_keys(['example_task_group_decorator']) retrieved from /home/airflow/.local/lib/python3.8/site-packages/airflow/example_dags/example_task_group_decorator.py
[2023-11-14T09:59:15.498+0000] {logging_mixin.py:154} INFO - [2023-11-14T09:59:15.498+0000] {dag.py:2941} INFO - Sync 1 DAGs
[2023-11-14T09:59:15.514+0000] {logging_mixin.py:154} INFO - [2023-11-14T09:59:15.514+0000] {dag.py:3722} INFO - Setting next_dagrun for example_task_group_decorator to 2023-11-13T09:59:15.514419+00:00, run_after=2023-11-14T09:59:15.514419+00:00
[2023-11-14T09:59:15.532+0000] {processor.py:179} INFO - Processing /home/airflow/.local/lib/python3.8/site-packages/airflow/example_dags/example_task_group_decorator.py took 0.066 seconds
[2023-11-14T09:59:45.848+0000] {processor.py:157} INFO - Started process (PID=712) to work on /home/airflow/.local/lib/python3.8/site-packages/airflow/example_dags/example_task_group_decorator.py
[2023-11-14T09:59:45.849+0000] {processor.py:829} INFO - Processing file /home/airflow/.local/lib/python3.8/site-packages/airflow/example_dags/example_task_group_decorator.py for tasks to queue
[2023-11-14T09:59:45.851+0000] {logging_mixin.py:154} INFO - [2023-11-14T09:59:45.851+0000] {dagbag.py:536} INFO - Filling up the DagBag from /home/airflow/.local/lib/python3.8/site-packages/airflow/example_dags/example_task_group_decorator.py
[2023-11-14T09:59:45.860+0000] {processor.py:839} INFO - DAG(s) dict_keys(['example_task_group_decorator']) retrieved from /home/airflow/.local/lib/python3.8/site-packages/airflow/example_dags/example_task_group_decorator.py
[2023-11-14T09:59:45.875+0000] {logging_mixin.py:154} INFO - [2023-11-14T09:59:45.875+0000] {dag.py:2941} INFO - Sync 1 DAGs
[2023-11-14T09:59:45.888+0000] {logging_mixin.py:154} INFO - [2023-11-14T09:59:45.888+0000] {dag.py:3722} INFO - Setting next_dagrun for example_task_group_decorator to 2023-11-13T09:59:45.888019+00:00, run_after=2023-11-14T09:59:45.888019+00:00
[2023-11-14T09:59:45.897+0000] {processor.py:179} INFO - Processing /home/airflow/.local/lib/python3.8/site-packages/airflow/example_dags/example_task_group_decorator.py took 0.052 seconds
[2023-11-14T10:00:16.195+0000] {processor.py:157} INFO - Started process (PID=766) to work on /home/airflow/.local/lib/python3.8/site-packages/airflow/example_dags/example_task_group_decorator.py
[2023-11-14T10:00:16.196+0000] {processor.py:829} INFO - Processing file /home/airflow/.local/lib/python3.8/site-packages/airflow/example_dags/example_task_group_decorator.py for tasks to queue
[2023-11-14T10:00:16.199+0000] {logging_mixin.py:154} INFO - [2023-11-14T10:00:16.198+0000] {dagbag.py:536} INFO - Filling up the DagBag from /home/airflow/.local/lib/python3.8/site-packages/airflow/example_dags/example_task_group_decorator.py
[2023-11-14T10:00:16.209+0000] {processor.py:839} INFO - DAG(s) dict_keys(['example_task_group_decorator']) retrieved from /home/airflow/.local/lib/python3.8/site-packages/airflow/example_dags/example_task_group_decorator.py
[2023-11-14T10:00:16.233+0000] {logging_mixin.py:154} INFO - [2023-11-14T10:00:16.232+0000] {dag.py:2941} INFO - Sync 1 DAGs
[2023-11-14T10:00:16.246+0000] {logging_mixin.py:154} INFO - [2023-11-14T10:00:16.246+0000] {dag.py:3722} INFO - Setting next_dagrun for example_task_group_decorator to 2023-11-13T10:00:16.246384+00:00, run_after=2023-11-14T10:00:16.246384+00:00
[2023-11-14T10:00:16.257+0000] {processor.py:179} INFO - Processing /home/airflow/.local/lib/python3.8/site-packages/airflow/example_dags/example_task_group_decorator.py took 0.065 seconds
[2023-11-14T10:00:46.366+0000] {processor.py:157} INFO - Started process (PID=820) to work on /home/airflow/.local/lib/python3.8/site-packages/airflow/example_dags/example_task_group_decorator.py
[2023-11-14T10:00:46.367+0000] {processor.py:829} INFO - Processing file /home/airflow/.local/lib/python3.8/site-packages/airflow/example_dags/example_task_group_decorator.py for tasks to queue
[2023-11-14T10:00:46.368+0000] {logging_mixin.py:154} INFO - [2023-11-14T10:00:46.368+0000] {dagbag.py:536} INFO - Filling up the DagBag from /home/airflow/.local/lib/python3.8/site-packages/airflow/example_dags/example_task_group_decorator.py
[2023-11-14T10:00:46.375+0000] {processor.py:839} INFO - DAG(s) dict_keys(['example_task_group_decorator']) retrieved from /home/airflow/.local/lib/python3.8/site-packages/airflow/example_dags/example_task_group_decorator.py
[2023-11-14T10:00:46.389+0000] {logging_mixin.py:154} INFO - [2023-11-14T10:00:46.388+0000] {dag.py:2941} INFO - Sync 1 DAGs
[2023-11-14T10:00:46.400+0000] {logging_mixin.py:154} INFO - [2023-11-14T10:00:46.400+0000] {dag.py:3722} INFO - Setting next_dagrun for example_task_group_decorator to 2023-11-13T10:00:46.400581+00:00, run_after=2023-11-14T10:00:46.400581+00:00
[2023-11-14T10:00:46.411+0000] {processor.py:179} INFO - Processing /home/airflow/.local/lib/python3.8/site-packages/airflow/example_dags/example_task_group_decorator.py took 0.047 seconds
[2023-11-14T10:01:16.551+0000] {processor.py:157} INFO - Started process (PID=874) to work on /home/airflow/.local/lib/python3.8/site-packages/airflow/example_dags/example_task_group_decorator.py
[2023-11-14T10:01:16.551+0000] {processor.py:829} INFO - Processing file /home/airflow/.local/lib/python3.8/site-packages/airflow/example_dags/example_task_group_decorator.py for tasks to queue
[2023-11-14T10:01:16.553+0000] {logging_mixin.py:154} INFO - [2023-11-14T10:01:16.553+0000] {dagbag.py:536} INFO - Filling up the DagBag from /home/airflow/.local/lib/python3.8/site-packages/airflow/example_dags/example_task_group_decorator.py
[2023-11-14T10:01:16.561+0000] {processor.py:839} INFO - DAG(s) dict_keys(['example_task_group_decorator']) retrieved from /home/airflow/.local/lib/python3.8/site-packages/airflow/example_dags/example_task_group_decorator.py
[2023-11-14T10:01:16.575+0000] {logging_mixin.py:154} INFO - [2023-11-14T10:01:16.574+0000] {dag.py:2941} INFO - Sync 1 DAGs
[2023-11-14T10:01:16.587+0000] {logging_mixin.py:154} INFO - [2023-11-14T10:01:16.587+0000] {dag.py:3722} INFO - Setting next_dagrun for example_task_group_decorator to 2023-11-13T10:01:16.587276+00:00, run_after=2023-11-14T10:01:16.587276+00:00
[2023-11-14T10:01:16.597+0000] {processor.py:179} INFO - Processing /home/airflow/.local/lib/python3.8/site-packages/airflow/example_dags/example_task_group_decorator.py took 0.049 seconds
[2023-11-14T10:01:47.576+0000] {processor.py:157} INFO - Started process (PID=928) to work on /home/airflow/.local/lib/python3.8/site-packages/airflow/example_dags/example_task_group_decorator.py
[2023-11-14T10:01:47.576+0000] {processor.py:829} INFO - Processing file /home/airflow/.local/lib/python3.8/site-packages/airflow/example_dags/example_task_group_decorator.py for tasks to queue
[2023-11-14T10:01:47.578+0000] {logging_mixin.py:154} INFO - [2023-11-14T10:01:47.578+0000] {dagbag.py:536} INFO - Filling up the DagBag from /home/airflow/.local/lib/python3.8/site-packages/airflow/example_dags/example_task_group_decorator.py
[2023-11-14T10:01:47.586+0000] {processor.py:839} INFO - DAG(s) dict_keys(['example_task_group_decorator']) retrieved from /home/airflow/.local/lib/python3.8/site-packages/airflow/example_dags/example_task_group_decorator.py
[2023-11-14T10:01:47.602+0000] {logging_mixin.py:154} INFO - [2023-11-14T10:01:47.601+0000] {dag.py:2941} INFO - Sync 1 DAGs
[2023-11-14T10:01:47.614+0000] {logging_mixin.py:154} INFO - [2023-11-14T10:01:47.614+0000] {dag.py:3722} INFO - Setting next_dagrun for example_task_group_decorator to 2023-11-13T10:01:47.613982+00:00, run_after=2023-11-14T10:01:47.613982+00:00
[2023-11-14T10:01:47.626+0000] {processor.py:179} INFO - Processing /home/airflow/.local/lib/python3.8/site-packages/airflow/example_dags/example_task_group_decorator.py took 0.052 seconds
[2023-11-14T10:02:18.585+0000] {processor.py:157} INFO - Started process (PID=982) to work on /home/airflow/.local/lib/python3.8/site-packages/airflow/example_dags/example_task_group_decorator.py
[2023-11-14T10:02:18.586+0000] {processor.py:829} INFO - Processing file /home/airflow/.local/lib/python3.8/site-packages/airflow/example_dags/example_task_group_decorator.py for tasks to queue
[2023-11-14T10:02:18.588+0000] {logging_mixin.py:154} INFO - [2023-11-14T10:02:18.588+0000] {dagbag.py:536} INFO - Filling up the DagBag from /home/airflow/.local/lib/python3.8/site-packages/airflow/example_dags/example_task_group_decorator.py
[2023-11-14T10:02:18.596+0000] {processor.py:839} INFO - DAG(s) dict_keys(['example_task_group_decorator']) retrieved from /home/airflow/.local/lib/python3.8/site-packages/airflow/example_dags/example_task_group_decorator.py
[2023-11-14T10:02:18.611+0000] {logging_mixin.py:154} INFO - [2023-11-14T10:02:18.611+0000] {dag.py:2941} INFO - Sync 1 DAGs
[2023-11-14T10:02:18.624+0000] {logging_mixin.py:154} INFO - [2023-11-14T10:02:18.624+0000] {dag.py:3722} INFO - Setting next_dagrun for example_task_group_decorator to 2023-11-13T10:02:18.624656+00:00, run_after=2023-11-14T10:02:18.624656+00:00
[2023-11-14T10:02:18.638+0000] {processor.py:179} INFO - Processing /home/airflow/.local/lib/python3.8/site-packages/airflow/example_dags/example_task_group_decorator.py took 0.056 seconds
[2023-11-14T10:02:48.895+0000] {processor.py:157} INFO - Started process (PID=1036) to work on /home/airflow/.local/lib/python3.8/site-packages/airflow/example_dags/example_task_group_decorator.py
[2023-11-14T10:02:48.896+0000] {processor.py:829} INFO - Processing file /home/airflow/.local/lib/python3.8/site-packages/airflow/example_dags/example_task_group_decorator.py for tasks to queue
[2023-11-14T10:02:48.898+0000] {logging_mixin.py:154} INFO - [2023-11-14T10:02:48.898+0000] {dagbag.py:536} INFO - Filling up the DagBag from /home/airflow/.local/lib/python3.8/site-packages/airflow/example_dags/example_task_group_decorator.py
[2023-11-14T10:02:48.905+0000] {processor.py:839} INFO - DAG(s) dict_keys(['example_task_group_decorator']) retrieved from /home/airflow/.local/lib/python3.8/site-packages/airflow/example_dags/example_task_group_decorator.py
[2023-11-14T10:02:48.919+0000] {logging_mixin.py:154} INFO - [2023-11-14T10:02:48.919+0000] {dag.py:2941} INFO - Sync 1 DAGs
[2023-11-14T10:02:48.932+0000] {logging_mixin.py:154} INFO - [2023-11-14T10:02:48.932+0000] {dag.py:3722} INFO - Setting next_dagrun for example_task_group_decorator to 2023-11-13T10:02:48.932216+00:00, run_after=2023-11-14T10:02:48.932216+00:00
[2023-11-14T10:02:48.941+0000] {processor.py:179} INFO - Processing /home/airflow/.local/lib/python3.8/site-packages/airflow/example_dags/example_task_group_decorator.py took 0.048 seconds
[2023-11-14T10:03:19.784+0000] {processor.py:157} INFO - Started process (PID=1090) to work on /home/airflow/.local/lib/python3.8/site-packages/airflow/example_dags/example_task_group_decorator.py
[2023-11-14T10:03:19.785+0000] {processor.py:829} INFO - Processing file /home/airflow/.local/lib/python3.8/site-packages/airflow/example_dags/example_task_group_decorator.py for tasks to queue
[2023-11-14T10:03:19.787+0000] {logging_mixin.py:154} INFO - [2023-11-14T10:03:19.787+0000] {dagbag.py:536} INFO - Filling up the DagBag from /home/airflow/.local/lib/python3.8/site-packages/airflow/example_dags/example_task_group_decorator.py
[2023-11-14T10:03:19.795+0000] {processor.py:839} INFO - DAG(s) dict_keys(['example_task_group_decorator']) retrieved from /home/airflow/.local/lib/python3.8/site-packages/airflow/example_dags/example_task_group_decorator.py
[2023-11-14T10:03:19.809+0000] {logging_mixin.py:154} INFO - [2023-11-14T10:03:19.809+0000] {dag.py:2941} INFO - Sync 1 DAGs
[2023-11-14T10:03:19.821+0000] {logging_mixin.py:154} INFO - [2023-11-14T10:03:19.821+0000] {dag.py:3722} INFO - Setting next_dagrun for example_task_group_decorator to 2023-11-13T10:03:19.821029+00:00, run_after=2023-11-14T10:03:19.821029+00:00
[2023-11-14T10:03:19.830+0000] {processor.py:179} INFO - Processing /home/airflow/.local/lib/python3.8/site-packages/airflow/example_dags/example_task_group_decorator.py took 0.048 seconds
[2023-11-14T10:03:50.109+0000] {processor.py:157} INFO - Started process (PID=1144) to work on /home/airflow/.local/lib/python3.8/site-packages/airflow/example_dags/example_task_group_decorator.py
[2023-11-14T10:03:50.110+0000] {processor.py:829} INFO - Processing file /home/airflow/.local/lib/python3.8/site-packages/airflow/example_dags/example_task_group_decorator.py for tasks to queue
[2023-11-14T10:03:50.113+0000] {logging_mixin.py:154} INFO - [2023-11-14T10:03:50.113+0000] {dagbag.py:536} INFO - Filling up the DagBag from /home/airflow/.local/lib/python3.8/site-packages/airflow/example_dags/example_task_group_decorator.py
[2023-11-14T10:03:50.122+0000] {processor.py:839} INFO - DAG(s) dict_keys(['example_task_group_decorator']) retrieved from /home/airflow/.local/lib/python3.8/site-packages/airflow/example_dags/example_task_group_decorator.py
[2023-11-14T10:03:50.139+0000] {logging_mixin.py:154} INFO - [2023-11-14T10:03:50.139+0000] {dag.py:2941} INFO - Sync 1 DAGs
[2023-11-14T10:03:50.154+0000] {logging_mixin.py:154} INFO - [2023-11-14T10:03:50.154+0000] {dag.py:3722} INFO - Setting next_dagrun for example_task_group_decorator to 2023-11-13T10:03:50.154022+00:00, run_after=2023-11-14T10:03:50.154022+00:00
[2023-11-14T10:03:50.164+0000] {processor.py:179} INFO - Processing /home/airflow/.local/lib/python3.8/site-packages/airflow/example_dags/example_task_group_decorator.py took 0.058 seconds
[2023-11-14T10:04:20.356+0000] {processor.py:157} INFO - Started process (PID=1198) to work on /home/airflow/.local/lib/python3.8/site-packages/airflow/example_dags/example_task_group_decorator.py
[2023-11-14T10:04:20.357+0000] {processor.py:829} INFO - Processing file /home/airflow/.local/lib/python3.8/site-packages/airflow/example_dags/example_task_group_decorator.py for tasks to queue
[2023-11-14T10:04:20.360+0000] {logging_mixin.py:154} INFO - [2023-11-14T10:04:20.360+0000] {dagbag.py:536} INFO - Filling up the DagBag from /home/airflow/.local/lib/python3.8/site-packages/airflow/example_dags/example_task_group_decorator.py
[2023-11-14T10:04:20.369+0000] {processor.py:839} INFO - DAG(s) dict_keys(['example_task_group_decorator']) retrieved from /home/airflow/.local/lib/python3.8/site-packages/airflow/example_dags/example_task_group_decorator.py
[2023-11-14T10:04:20.384+0000] {logging_mixin.py:154} INFO - [2023-11-14T10:04:20.383+0000] {dag.py:2941} INFO - Sync 1 DAGs
[2023-11-14T10:04:20.398+0000] {logging_mixin.py:154} INFO - [2023-11-14T10:04:20.398+0000] {dag.py:3722} INFO - Setting next_dagrun for example_task_group_decorator to 2023-11-13T10:04:20.398389+00:00, run_after=2023-11-14T10:04:20.398389+00:00
[2023-11-14T10:04:20.409+0000] {processor.py:179} INFO - Processing /home/airflow/.local/lib/python3.8/site-packages/airflow/example_dags/example_task_group_decorator.py took 0.055 seconds
[2023-11-14T10:04:50.567+0000] {processor.py:157} INFO - Started process (PID=1252) to work on /home/airflow/.local/lib/python3.8/site-packages/airflow/example_dags/example_task_group_decorator.py
[2023-11-14T10:04:50.568+0000] {processor.py:829} INFO - Processing file /home/airflow/.local/lib/python3.8/site-packages/airflow/example_dags/example_task_group_decorator.py for tasks to queue
[2023-11-14T10:04:50.570+0000] {logging_mixin.py:154} INFO - [2023-11-14T10:04:50.570+0000] {dagbag.py:536} INFO - Filling up the DagBag from /home/airflow/.local/lib/python3.8/site-packages/airflow/example_dags/example_task_group_decorator.py
[2023-11-14T10:04:50.579+0000] {processor.py:839} INFO - DAG(s) dict_keys(['example_task_group_decorator']) retrieved from /home/airflow/.local/lib/python3.8/site-packages/airflow/example_dags/example_task_group_decorator.py
[2023-11-14T10:04:50.592+0000] {logging_mixin.py:154} INFO - [2023-11-14T10:04:50.592+0000] {dag.py:2941} INFO - Sync 1 DAGs
[2023-11-14T10:04:50.605+0000] {logging_mixin.py:154} INFO - [2023-11-14T10:04:50.605+0000] {dag.py:3722} INFO - Setting next_dagrun for example_task_group_decorator to 2023-11-13T10:04:50.605151+00:00, run_after=2023-11-14T10:04:50.605151+00:00
[2023-11-14T10:04:50.616+0000] {processor.py:179} INFO - Processing /home/airflow/.local/lib/python3.8/site-packages/airflow/example_dags/example_task_group_decorator.py took 0.052 seconds
[2023-11-14T10:05:20.837+0000] {processor.py:157} INFO - Started process (PID=1306) to work on /home/airflow/.local/lib/python3.8/site-packages/airflow/example_dags/example_task_group_decorator.py
[2023-11-14T10:05:20.838+0000] {processor.py:829} INFO - Processing file /home/airflow/.local/lib/python3.8/site-packages/airflow/example_dags/example_task_group_decorator.py for tasks to queue
[2023-11-14T10:05:20.840+0000] {logging_mixin.py:154} INFO - [2023-11-14T10:05:20.839+0000] {dagbag.py:536} INFO - Filling up the DagBag from /home/airflow/.local/lib/python3.8/site-packages/airflow/example_dags/example_task_group_decorator.py
[2023-11-14T10:05:20.848+0000] {processor.py:839} INFO - DAG(s) dict_keys(['example_task_group_decorator']) retrieved from /home/airflow/.local/lib/python3.8/site-packages/airflow/example_dags/example_task_group_decorator.py
[2023-11-14T10:05:20.862+0000] {logging_mixin.py:154} INFO - [2023-11-14T10:05:20.862+0000] {dag.py:2941} INFO - Sync 1 DAGs
[2023-11-14T10:05:20.876+0000] {logging_mixin.py:154} INFO - [2023-11-14T10:05:20.876+0000] {dag.py:3722} INFO - Setting next_dagrun for example_task_group_decorator to 2023-11-13T10:05:20.876590+00:00, run_after=2023-11-14T10:05:20.876590+00:00
[2023-11-14T10:05:20.888+0000] {processor.py:179} INFO - Processing /home/airflow/.local/lib/python3.8/site-packages/airflow/example_dags/example_task_group_decorator.py took 0.054 seconds
[2023-11-14T10:05:51.058+0000] {processor.py:157} INFO - Started process (PID=1360) to work on /home/airflow/.local/lib/python3.8/site-packages/airflow/example_dags/example_task_group_decorator.py
[2023-11-14T10:05:51.059+0000] {processor.py:829} INFO - Processing file /home/airflow/.local/lib/python3.8/site-packages/airflow/example_dags/example_task_group_decorator.py for tasks to queue
[2023-11-14T10:05:51.061+0000] {logging_mixin.py:154} INFO - [2023-11-14T10:05:51.061+0000] {dagbag.py:536} INFO - Filling up the DagBag from /home/airflow/.local/lib/python3.8/site-packages/airflow/example_dags/example_task_group_decorator.py
[2023-11-14T10:05:51.072+0000] {processor.py:839} INFO - DAG(s) dict_keys(['example_task_group_decorator']) retrieved from /home/airflow/.local/lib/python3.8/site-packages/airflow/example_dags/example_task_group_decorator.py
[2023-11-14T10:05:51.094+0000] {logging_mixin.py:154} INFO - [2023-11-14T10:05:51.094+0000] {dag.py:2941} INFO - Sync 1 DAGs
[2023-11-14T10:05:51.110+0000] {logging_mixin.py:154} INFO - [2023-11-14T10:05:51.110+0000] {dag.py:3722} INFO - Setting next_dagrun for example_task_group_decorator to 2023-11-13T10:05:51.110250+00:00, run_after=2023-11-14T10:05:51.110250+00:00
[2023-11-14T10:05:51.121+0000] {processor.py:179} INFO - Processing /home/airflow/.local/lib/python3.8/site-packages/airflow/example_dags/example_task_group_decorator.py took 0.067 seconds
[2023-11-14T10:06:21.236+0000] {processor.py:157} INFO - Started process (PID=1413) to work on /home/airflow/.local/lib/python3.8/site-packages/airflow/example_dags/example_task_group_decorator.py
[2023-11-14T10:06:21.237+0000] {processor.py:829} INFO - Processing file /home/airflow/.local/lib/python3.8/site-packages/airflow/example_dags/example_task_group_decorator.py for tasks to queue
[2023-11-14T10:06:21.238+0000] {logging_mixin.py:154} INFO - [2023-11-14T10:06:21.238+0000] {dagbag.py:536} INFO - Filling up the DagBag from /home/airflow/.local/lib/python3.8/site-packages/airflow/example_dags/example_task_group_decorator.py
[2023-11-14T10:06:21.245+0000] {processor.py:839} INFO - DAG(s) dict_keys(['example_task_group_decorator']) retrieved from /home/airflow/.local/lib/python3.8/site-packages/airflow/example_dags/example_task_group_decorator.py
[2023-11-14T10:06:21.258+0000] {logging_mixin.py:154} INFO - [2023-11-14T10:06:21.258+0000] {dag.py:2941} INFO - Sync 1 DAGs
[2023-11-14T10:06:21.268+0000] {logging_mixin.py:154} INFO - [2023-11-14T10:06:21.268+0000] {dag.py:3722} INFO - Setting next_dagrun for example_task_group_decorator to 2023-11-13T10:06:21.268598+00:00, run_after=2023-11-14T10:06:21.268598+00:00
[2023-11-14T10:06:21.276+0000] {processor.py:179} INFO - Processing /home/airflow/.local/lib/python3.8/site-packages/airflow/example_dags/example_task_group_decorator.py took 0.042 seconds
[2023-11-14T10:06:51.458+0000] {processor.py:157} INFO - Started process (PID=1467) to work on /home/airflow/.local/lib/python3.8/site-packages/airflow/example_dags/example_task_group_decorator.py
[2023-11-14T10:06:51.459+0000] {processor.py:829} INFO - Processing file /home/airflow/.local/lib/python3.8/site-packages/airflow/example_dags/example_task_group_decorator.py for tasks to queue
[2023-11-14T10:06:51.460+0000] {logging_mixin.py:154} INFO - [2023-11-14T10:06:51.460+0000] {dagbag.py:536} INFO - Filling up the DagBag from /home/airflow/.local/lib/python3.8/site-packages/airflow/example_dags/example_task_group_decorator.py
[2023-11-14T10:06:51.468+0000] {processor.py:839} INFO - DAG(s) dict_keys(['example_task_group_decorator']) retrieved from /home/airflow/.local/lib/python3.8/site-packages/airflow/example_dags/example_task_group_decorator.py
[2023-11-14T10:06:51.481+0000] {logging_mixin.py:154} INFO - [2023-11-14T10:06:51.481+0000] {dag.py:2941} INFO - Sync 1 DAGs
[2023-11-14T10:06:51.493+0000] {logging_mixin.py:154} INFO - [2023-11-14T10:06:51.493+0000] {dag.py:3722} INFO - Setting next_dagrun for example_task_group_decorator to 2023-11-13T10:06:51.493388+00:00, run_after=2023-11-14T10:06:51.493388+00:00
[2023-11-14T10:06:51.505+0000] {processor.py:179} INFO - Processing /home/airflow/.local/lib/python3.8/site-packages/airflow/example_dags/example_task_group_decorator.py took 0.049 seconds
[2023-11-14T10:07:21.774+0000] {processor.py:157} INFO - Started process (PID=1521) to work on /home/airflow/.local/lib/python3.8/site-packages/airflow/example_dags/example_task_group_decorator.py
[2023-11-14T10:07:21.775+0000] {processor.py:829} INFO - Processing file /home/airflow/.local/lib/python3.8/site-packages/airflow/example_dags/example_task_group_decorator.py for tasks to queue
[2023-11-14T10:07:21.777+0000] {logging_mixin.py:154} INFO - [2023-11-14T10:07:21.776+0000] {dagbag.py:536} INFO - Filling up the DagBag from /home/airflow/.local/lib/python3.8/site-packages/airflow/example_dags/example_task_group_decorator.py
[2023-11-14T10:07:21.785+0000] {processor.py:839} INFO - DAG(s) dict_keys(['example_task_group_decorator']) retrieved from /home/airflow/.local/lib/python3.8/site-packages/airflow/example_dags/example_task_group_decorator.py
[2023-11-14T10:07:21.799+0000] {logging_mixin.py:154} INFO - [2023-11-14T10:07:21.799+0000] {dag.py:2941} INFO - Sync 1 DAGs
[2023-11-14T10:07:21.811+0000] {logging_mixin.py:154} INFO - [2023-11-14T10:07:21.811+0000] {dag.py:3722} INFO - Setting next_dagrun for example_task_group_decorator to 2023-11-13T10:07:21.811003+00:00, run_after=2023-11-14T10:07:21.811003+00:00
[2023-11-14T10:07:21.821+0000] {processor.py:179} INFO - Processing /home/airflow/.local/lib/python3.8/site-packages/airflow/example_dags/example_task_group_decorator.py took 0.050 seconds
[2023-11-14T10:07:52.068+0000] {processor.py:157} INFO - Started process (PID=1575) to work on /home/airflow/.local/lib/python3.8/site-packages/airflow/example_dags/example_task_group_decorator.py
[2023-11-14T10:07:52.069+0000] {processor.py:829} INFO - Processing file /home/airflow/.local/lib/python3.8/site-packages/airflow/example_dags/example_task_group_decorator.py for tasks to queue
[2023-11-14T10:07:52.070+0000] {logging_mixin.py:154} INFO - [2023-11-14T10:07:52.070+0000] {dagbag.py:536} INFO - Filling up the DagBag from /home/airflow/.local/lib/python3.8/site-packages/airflow/example_dags/example_task_group_decorator.py
[2023-11-14T10:07:52.078+0000] {processor.py:839} INFO - DAG(s) dict_keys(['example_task_group_decorator']) retrieved from /home/airflow/.local/lib/python3.8/site-packages/airflow/example_dags/example_task_group_decorator.py
[2023-11-14T10:07:52.091+0000] {logging_mixin.py:154} INFO - [2023-11-14T10:07:52.091+0000] {dag.py:2941} INFO - Sync 1 DAGs
[2023-11-14T10:07:52.102+0000] {logging_mixin.py:154} INFO - [2023-11-14T10:07:52.102+0000] {dag.py:3722} INFO - Setting next_dagrun for example_task_group_decorator to 2023-11-13T10:07:52.102117+00:00, run_after=2023-11-14T10:07:52.102117+00:00
[2023-11-14T10:07:52.111+0000] {processor.py:179} INFO - Processing /home/airflow/.local/lib/python3.8/site-packages/airflow/example_dags/example_task_group_decorator.py took 0.045 seconds
[2023-11-14T10:08:22.839+0000] {processor.py:157} INFO - Started process (PID=1630) to work on /home/airflow/.local/lib/python3.8/site-packages/airflow/example_dags/example_task_group_decorator.py
[2023-11-14T10:08:22.840+0000] {processor.py:829} INFO - Processing file /home/airflow/.local/lib/python3.8/site-packages/airflow/example_dags/example_task_group_decorator.py for tasks to queue
[2023-11-14T10:08:22.841+0000] {logging_mixin.py:154} INFO - [2023-11-14T10:08:22.841+0000] {dagbag.py:536} INFO - Filling up the DagBag from /home/airflow/.local/lib/python3.8/site-packages/airflow/example_dags/example_task_group_decorator.py
[2023-11-14T10:08:22.849+0000] {processor.py:839} INFO - DAG(s) dict_keys(['example_task_group_decorator']) retrieved from /home/airflow/.local/lib/python3.8/site-packages/airflow/example_dags/example_task_group_decorator.py
[2023-11-14T10:08:22.863+0000] {logging_mixin.py:154} INFO - [2023-11-14T10:08:22.863+0000] {dag.py:2941} INFO - Sync 1 DAGs
[2023-11-14T10:08:22.875+0000] {logging_mixin.py:154} INFO - [2023-11-14T10:08:22.875+0000] {dag.py:3722} INFO - Setting next_dagrun for example_task_group_decorator to 2023-11-13T10:08:22.875367+00:00, run_after=2023-11-14T10:08:22.875367+00:00
[2023-11-14T10:08:22.884+0000] {processor.py:179} INFO - Processing /home/airflow/.local/lib/python3.8/site-packages/airflow/example_dags/example_task_group_decorator.py took 0.047 seconds
[2023-11-14T10:08:53.925+0000] {processor.py:157} INFO - Started process (PID=1684) to work on /home/airflow/.local/lib/python3.8/site-packages/airflow/example_dags/example_task_group_decorator.py
[2023-11-14T10:08:53.926+0000] {processor.py:829} INFO - Processing file /home/airflow/.local/lib/python3.8/site-packages/airflow/example_dags/example_task_group_decorator.py for tasks to queue
[2023-11-14T10:08:53.928+0000] {logging_mixin.py:154} INFO - [2023-11-14T10:08:53.927+0000] {dagbag.py:536} INFO - Filling up the DagBag from /home/airflow/.local/lib/python3.8/site-packages/airflow/example_dags/example_task_group_decorator.py
[2023-11-14T10:08:53.935+0000] {processor.py:839} INFO - DAG(s) dict_keys(['example_task_group_decorator']) retrieved from /home/airflow/.local/lib/python3.8/site-packages/airflow/example_dags/example_task_group_decorator.py
[2023-11-14T10:08:53.949+0000] {logging_mixin.py:154} INFO - [2023-11-14T10:08:53.949+0000] {dag.py:2941} INFO - Sync 1 DAGs
[2023-11-14T10:08:53.962+0000] {logging_mixin.py:154} INFO - [2023-11-14T10:08:53.962+0000] {dag.py:3722} INFO - Setting next_dagrun for example_task_group_decorator to 2023-11-13T10:08:53.962619+00:00, run_after=2023-11-14T10:08:53.962619+00:00
[2023-11-14T10:08:54.076+0000] {processor.py:179} INFO - Processing /home/airflow/.local/lib/python3.8/site-packages/airflow/example_dags/example_task_group_decorator.py took 0.153 seconds
[2023-11-14T10:09:24.257+0000] {processor.py:157} INFO - Started process (PID=1738) to work on /home/airflow/.local/lib/python3.8/site-packages/airflow/example_dags/example_task_group_decorator.py
[2023-11-14T10:09:24.258+0000] {processor.py:829} INFO - Processing file /home/airflow/.local/lib/python3.8/site-packages/airflow/example_dags/example_task_group_decorator.py for tasks to queue
[2023-11-14T10:09:24.260+0000] {logging_mixin.py:154} INFO - [2023-11-14T10:09:24.259+0000] {dagbag.py:536} INFO - Filling up the DagBag from /home/airflow/.local/lib/python3.8/site-packages/airflow/example_dags/example_task_group_decorator.py
[2023-11-14T10:09:24.267+0000] {processor.py:839} INFO - DAG(s) dict_keys(['example_task_group_decorator']) retrieved from /home/airflow/.local/lib/python3.8/site-packages/airflow/example_dags/example_task_group_decorator.py
[2023-11-14T10:09:24.281+0000] {logging_mixin.py:154} INFO - [2023-11-14T10:09:24.281+0000] {dag.py:2941} INFO - Sync 1 DAGs
[2023-11-14T10:09:24.292+0000] {logging_mixin.py:154} INFO - [2023-11-14T10:09:24.292+0000] {dag.py:3722} INFO - Setting next_dagrun for example_task_group_decorator to 2023-11-13T10:09:24.292416+00:00, run_after=2023-11-14T10:09:24.292416+00:00
[2023-11-14T10:09:24.301+0000] {processor.py:179} INFO - Processing /home/airflow/.local/lib/python3.8/site-packages/airflow/example_dags/example_task_group_decorator.py took 0.047 seconds
[2023-11-14T10:09:55.085+0000] {processor.py:157} INFO - Started process (PID=1792) to work on /home/airflow/.local/lib/python3.8/site-packages/airflow/example_dags/example_task_group_decorator.py
[2023-11-14T10:09:55.085+0000] {processor.py:829} INFO - Processing file /home/airflow/.local/lib/python3.8/site-packages/airflow/example_dags/example_task_group_decorator.py for tasks to queue
[2023-11-14T10:09:55.087+0000] {logging_mixin.py:154} INFO - [2023-11-14T10:09:55.087+0000] {dagbag.py:536} INFO - Filling up the DagBag from /home/airflow/.local/lib/python3.8/site-packages/airflow/example_dags/example_task_group_decorator.py
[2023-11-14T10:09:55.095+0000] {processor.py:839} INFO - DAG(s) dict_keys(['example_task_group_decorator']) retrieved from /home/airflow/.local/lib/python3.8/site-packages/airflow/example_dags/example_task_group_decorator.py
[2023-11-14T10:09:55.108+0000] {logging_mixin.py:154} INFO - [2023-11-14T10:09:55.108+0000] {dag.py:2941} INFO - Sync 1 DAGs
[2023-11-14T10:09:55.121+0000] {logging_mixin.py:154} INFO - [2023-11-14T10:09:55.121+0000] {dag.py:3722} INFO - Setting next_dagrun for example_task_group_decorator to 2023-11-13T10:09:55.121063+00:00, run_after=2023-11-14T10:09:55.121063+00:00
[2023-11-14T10:09:55.132+0000] {processor.py:179} INFO - Processing /home/airflow/.local/lib/python3.8/site-packages/airflow/example_dags/example_task_group_decorator.py took 0.049 seconds
[2023-11-14T10:10:26.290+0000] {processor.py:157} INFO - Started process (PID=1846) to work on /home/airflow/.local/lib/python3.8/site-packages/airflow/example_dags/example_task_group_decorator.py
[2023-11-14T10:10:26.291+0000] {processor.py:829} INFO - Processing file /home/airflow/.local/lib/python3.8/site-packages/airflow/example_dags/example_task_group_decorator.py for tasks to queue
[2023-11-14T10:10:26.293+0000] {logging_mixin.py:154} INFO - [2023-11-14T10:10:26.292+0000] {dagbag.py:536} INFO - Filling up the DagBag from /home/airflow/.local/lib/python3.8/site-packages/airflow/example_dags/example_task_group_decorator.py
[2023-11-14T10:10:26.300+0000] {processor.py:839} INFO - DAG(s) dict_keys(['example_task_group_decorator']) retrieved from /home/airflow/.local/lib/python3.8/site-packages/airflow/example_dags/example_task_group_decorator.py
[2023-11-14T10:10:26.315+0000] {logging_mixin.py:154} INFO - [2023-11-14T10:10:26.315+0000] {dag.py:2941} INFO - Sync 1 DAGs
[2023-11-14T10:10:26.439+0000] {logging_mixin.py:154} INFO - [2023-11-14T10:10:26.439+0000] {dag.py:3722} INFO - Setting next_dagrun for example_task_group_decorator to 2023-11-13T10:10:26.439527+00:00, run_after=2023-11-14T10:10:26.439527+00:00
[2023-11-14T10:10:26.448+0000] {processor.py:179} INFO - Processing /home/airflow/.local/lib/python3.8/site-packages/airflow/example_dags/example_task_group_decorator.py took 0.161 seconds
[2023-11-14T10:10:57.094+0000] {processor.py:157} INFO - Started process (PID=1900) to work on /home/airflow/.local/lib/python3.8/site-packages/airflow/example_dags/example_task_group_decorator.py
[2023-11-14T10:10:57.095+0000] {processor.py:829} INFO - Processing file /home/airflow/.local/lib/python3.8/site-packages/airflow/example_dags/example_task_group_decorator.py for tasks to queue
[2023-11-14T10:10:57.097+0000] {logging_mixin.py:154} INFO - [2023-11-14T10:10:57.097+0000] {dagbag.py:536} INFO - Filling up the DagBag from /home/airflow/.local/lib/python3.8/site-packages/airflow/example_dags/example_task_group_decorator.py
[2023-11-14T10:10:57.106+0000] {processor.py:839} INFO - DAG(s) dict_keys(['example_task_group_decorator']) retrieved from /home/airflow/.local/lib/python3.8/site-packages/airflow/example_dags/example_task_group_decorator.py
[2023-11-14T10:10:57.123+0000] {logging_mixin.py:154} INFO - [2023-11-14T10:10:57.123+0000] {dag.py:2941} INFO - Sync 1 DAGs
[2023-11-14T10:10:57.138+0000] {logging_mixin.py:154} INFO - [2023-11-14T10:10:57.138+0000] {dag.py:3722} INFO - Setting next_dagrun for example_task_group_decorator to 2023-11-13T10:10:57.138562+00:00, run_after=2023-11-14T10:10:57.138562+00:00
[2023-11-14T10:10:57.257+0000] {processor.py:179} INFO - Processing /home/airflow/.local/lib/python3.8/site-packages/airflow/example_dags/example_task_group_decorator.py took 0.165 seconds
[2023-11-14T10:11:28.065+0000] {processor.py:157} INFO - Started process (PID=1954) to work on /home/airflow/.local/lib/python3.8/site-packages/airflow/example_dags/example_task_group_decorator.py
[2023-11-14T10:11:28.066+0000] {processor.py:829} INFO - Processing file /home/airflow/.local/lib/python3.8/site-packages/airflow/example_dags/example_task_group_decorator.py for tasks to queue
[2023-11-14T10:11:28.069+0000] {logging_mixin.py:154} INFO - [2023-11-14T10:11:28.068+0000] {dagbag.py:536} INFO - Filling up the DagBag from /home/airflow/.local/lib/python3.8/site-packages/airflow/example_dags/example_task_group_decorator.py
[2023-11-14T10:11:28.077+0000] {processor.py:839} INFO - DAG(s) dict_keys(['example_task_group_decorator']) retrieved from /home/airflow/.local/lib/python3.8/site-packages/airflow/example_dags/example_task_group_decorator.py
[2023-11-14T10:11:28.095+0000] {logging_mixin.py:154} INFO - [2023-11-14T10:11:28.095+0000] {dag.py:2941} INFO - Sync 1 DAGs
[2023-11-14T10:11:28.107+0000] {logging_mixin.py:154} INFO - [2023-11-14T10:11:28.107+0000] {dag.py:3722} INFO - Setting next_dagrun for example_task_group_decorator to 2023-11-13T10:11:28.107360+00:00, run_after=2023-11-14T10:11:28.107360+00:00
[2023-11-14T10:11:28.117+0000] {processor.py:179} INFO - Processing /home/airflow/.local/lib/python3.8/site-packages/airflow/example_dags/example_task_group_decorator.py took 0.054 seconds
[2023-11-14T10:11:58.708+0000] {processor.py:157} INFO - Started process (PID=2008) to work on /home/airflow/.local/lib/python3.8/site-packages/airflow/example_dags/example_task_group_decorator.py
[2023-11-14T10:11:58.709+0000] {processor.py:829} INFO - Processing file /home/airflow/.local/lib/python3.8/site-packages/airflow/example_dags/example_task_group_decorator.py for tasks to queue
[2023-11-14T10:11:58.710+0000] {logging_mixin.py:154} INFO - [2023-11-14T10:11:58.710+0000] {dagbag.py:536} INFO - Filling up the DagBag from /home/airflow/.local/lib/python3.8/site-packages/airflow/example_dags/example_task_group_decorator.py
[2023-11-14T10:11:58.830+0000] {processor.py:839} INFO - DAG(s) dict_keys(['example_task_group_decorator']) retrieved from /home/airflow/.local/lib/python3.8/site-packages/airflow/example_dags/example_task_group_decorator.py
[2023-11-14T10:11:58.842+0000] {logging_mixin.py:154} INFO - [2023-11-14T10:11:58.842+0000] {dag.py:2941} INFO - Sync 1 DAGs
[2023-11-14T10:11:58.852+0000] {logging_mixin.py:154} INFO - [2023-11-14T10:11:58.851+0000] {dag.py:3722} INFO - Setting next_dagrun for example_task_group_decorator to 2023-11-13T10:11:58.851780+00:00, run_after=2023-11-14T10:11:58.851780+00:00
[2023-11-14T10:11:58.861+0000] {processor.py:179} INFO - Processing /home/airflow/.local/lib/python3.8/site-packages/airflow/example_dags/example_task_group_decorator.py took 0.156 seconds
[2023-11-14T10:12:29.127+0000] {processor.py:157} INFO - Started process (PID=2062) to work on /home/airflow/.local/lib/python3.8/site-packages/airflow/example_dags/example_task_group_decorator.py
[2023-11-14T10:12:29.128+0000] {processor.py:829} INFO - Processing file /home/airflow/.local/lib/python3.8/site-packages/airflow/example_dags/example_task_group_decorator.py for tasks to queue
[2023-11-14T10:12:29.130+0000] {logging_mixin.py:154} INFO - [2023-11-14T10:12:29.130+0000] {dagbag.py:536} INFO - Filling up the DagBag from /home/airflow/.local/lib/python3.8/site-packages/airflow/example_dags/example_task_group_decorator.py
[2023-11-14T10:12:29.139+0000] {processor.py:839} INFO - DAG(s) dict_keys(['example_task_group_decorator']) retrieved from /home/airflow/.local/lib/python3.8/site-packages/airflow/example_dags/example_task_group_decorator.py
[2023-11-14T10:12:29.155+0000] {logging_mixin.py:154} INFO - [2023-11-14T10:12:29.155+0000] {dag.py:2941} INFO - Sync 1 DAGs
[2023-11-14T10:12:29.265+0000] {logging_mixin.py:154} INFO - [2023-11-14T10:12:29.265+0000] {dag.py:3722} INFO - Setting next_dagrun for example_task_group_decorator to 2023-11-13T10:12:29.265349+00:00, run_after=2023-11-14T10:12:29.265349+00:00
[2023-11-14T10:12:29.276+0000] {processor.py:179} INFO - Processing /home/airflow/.local/lib/python3.8/site-packages/airflow/example_dags/example_task_group_decorator.py took 0.151 seconds
[2023-11-14T10:13:00.504+0000] {processor.py:157} INFO - Started process (PID=2116) to work on /home/airflow/.local/lib/python3.8/site-packages/airflow/example_dags/example_task_group_decorator.py
[2023-11-14T10:13:00.507+0000] {processor.py:829} INFO - Processing file /home/airflow/.local/lib/python3.8/site-packages/airflow/example_dags/example_task_group_decorator.py for tasks to queue
[2023-11-14T10:13:00.511+0000] {logging_mixin.py:154} INFO - [2023-11-14T10:13:00.511+0000] {dagbag.py:536} INFO - Filling up the DagBag from /home/airflow/.local/lib/python3.8/site-packages/airflow/example_dags/example_task_group_decorator.py
[2023-11-14T10:13:00.526+0000] {processor.py:839} INFO - DAG(s) dict_keys(['example_task_group_decorator']) retrieved from /home/airflow/.local/lib/python3.8/site-packages/airflow/example_dags/example_task_group_decorator.py
[2023-11-14T10:13:00.600+0000] {logging_mixin.py:154} INFO - [2023-11-14T10:13:00.597+0000] {dag.py:2941} INFO - Sync 1 DAGs
[2023-11-14T10:13:00.634+0000] {logging_mixin.py:154} INFO - [2023-11-14T10:13:00.633+0000] {dag.py:3722} INFO - Setting next_dagrun for example_task_group_decorator to 2023-11-13T10:13:00.633580+00:00, run_after=2023-11-14T10:13:00.633580+00:00
[2023-11-14T10:13:00.694+0000] {processor.py:179} INFO - Processing /home/airflow/.local/lib/python3.8/site-packages/airflow/example_dags/example_task_group_decorator.py took 0.247 seconds
[2023-11-14T10:13:45.722+0000] {processor.py:157} INFO - Started process (PID=2177) to work on /home/airflow/.local/lib/python3.8/site-packages/airflow/example_dags/example_task_group_decorator.py
[2023-11-14T10:13:45.724+0000] {processor.py:829} INFO - Processing file /home/airflow/.local/lib/python3.8/site-packages/airflow/example_dags/example_task_group_decorator.py for tasks to queue
[2023-11-14T10:13:45.727+0000] {logging_mixin.py:154} INFO - [2023-11-14T10:13:45.727+0000] {dagbag.py:536} INFO - Filling up the DagBag from /home/airflow/.local/lib/python3.8/site-packages/airflow/example_dags/example_task_group_decorator.py
[2023-11-14T10:13:45.744+0000] {processor.py:839} INFO - DAG(s) dict_keys(['example_task_group_decorator']) retrieved from /home/airflow/.local/lib/python3.8/site-packages/airflow/example_dags/example_task_group_decorator.py
[2023-11-14T10:13:45.777+0000] {logging_mixin.py:154} INFO - [2023-11-14T10:13:45.777+0000] {dag.py:2941} INFO - Sync 1 DAGs
[2023-11-14T10:13:45.803+0000] {logging_mixin.py:154} INFO - [2023-11-14T10:13:45.801+0000] {dag.py:3722} INFO - Setting next_dagrun for example_task_group_decorator to 2023-11-13T10:13:45.801639+00:00, run_after=2023-11-14T10:13:45.801639+00:00
[2023-11-14T10:13:45.822+0000] {processor.py:179} INFO - Processing /home/airflow/.local/lib/python3.8/site-packages/airflow/example_dags/example_task_group_decorator.py took 0.103 seconds
[2023-11-14T10:14:47.490+0000] {processor.py:157} INFO - Started process (PID=2232) to work on /home/airflow/.local/lib/python3.8/site-packages/airflow/example_dags/example_task_group_decorator.py
[2023-11-14T10:14:47.490+0000] {processor.py:829} INFO - Processing file /home/airflow/.local/lib/python3.8/site-packages/airflow/example_dags/example_task_group_decorator.py for tasks to queue
[2023-11-14T10:14:47.493+0000] {logging_mixin.py:154} INFO - [2023-11-14T10:14:47.492+0000] {dagbag.py:536} INFO - Filling up the DagBag from /home/airflow/.local/lib/python3.8/site-packages/airflow/example_dags/example_task_group_decorator.py
[2023-11-14T10:14:47.509+0000] {processor.py:839} INFO - DAG(s) dict_keys(['example_task_group_decorator']) retrieved from /home/airflow/.local/lib/python3.8/site-packages/airflow/example_dags/example_task_group_decorator.py
[2023-11-14T10:14:47.548+0000] {logging_mixin.py:154} INFO - [2023-11-14T10:14:47.547+0000] {dag.py:2941} INFO - Sync 1 DAGs
[2023-11-14T10:14:47.568+0000] {logging_mixin.py:154} INFO - [2023-11-14T10:14:47.568+0000] {dag.py:3722} INFO - Setting next_dagrun for example_task_group_decorator to 2023-11-13T10:14:47.568201+00:00, run_after=2023-11-14T10:14:47.568201+00:00
[2023-11-14T10:14:47.588+0000] {processor.py:179} INFO - Processing /home/airflow/.local/lib/python3.8/site-packages/airflow/example_dags/example_task_group_decorator.py took 0.101 seconds
[2023-11-14T10:17:57.474+0000] {processor.py:157} INFO - Started process (PID=2286) to work on /home/airflow/.local/lib/python3.8/site-packages/airflow/example_dags/example_task_group_decorator.py
[2023-11-14T10:17:57.477+0000] {processor.py:829} INFO - Processing file /home/airflow/.local/lib/python3.8/site-packages/airflow/example_dags/example_task_group_decorator.py for tasks to queue
[2023-11-14T10:17:57.483+0000] {logging_mixin.py:154} INFO - [2023-11-14T10:17:57.482+0000] {dagbag.py:536} INFO - Filling up the DagBag from /home/airflow/.local/lib/python3.8/site-packages/airflow/example_dags/example_task_group_decorator.py
[2023-11-14T10:17:57.507+0000] {processor.py:839} INFO - DAG(s) dict_keys(['example_task_group_decorator']) retrieved from /home/airflow/.local/lib/python3.8/site-packages/airflow/example_dags/example_task_group_decorator.py
[2023-11-14T10:17:57.552+0000] {logging_mixin.py:154} INFO - [2023-11-14T10:17:57.552+0000] {dag.py:2941} INFO - Sync 1 DAGs
[2023-11-14T10:17:57.580+0000] {logging_mixin.py:154} INFO - [2023-11-14T10:17:57.580+0000] {dag.py:3722} INFO - Setting next_dagrun for example_task_group_decorator to 2023-11-13T10:17:57.580135+00:00, run_after=2023-11-14T10:17:57.580135+00:00
[2023-11-14T10:17:57.602+0000] {processor.py:179} INFO - Processing /home/airflow/.local/lib/python3.8/site-packages/airflow/example_dags/example_task_group_decorator.py took 0.140 seconds
[2023-11-14T10:20:18.206+0000] {processor.py:157} INFO - Started process (PID=2333) to work on /home/airflow/.local/lib/python3.8/site-packages/airflow/example_dags/example_task_group_decorator.py
[2023-11-14T10:20:18.209+0000] {processor.py:829} INFO - Processing file /home/airflow/.local/lib/python3.8/site-packages/airflow/example_dags/example_task_group_decorator.py for tasks to queue
[2023-11-14T10:20:18.214+0000] {logging_mixin.py:154} INFO - [2023-11-14T10:20:18.213+0000] {dagbag.py:536} INFO - Filling up the DagBag from /home/airflow/.local/lib/python3.8/site-packages/airflow/example_dags/example_task_group_decorator.py
[2023-11-14T10:20:18.237+0000] {processor.py:839} INFO - DAG(s) dict_keys(['example_task_group_decorator']) retrieved from /home/airflow/.local/lib/python3.8/site-packages/airflow/example_dags/example_task_group_decorator.py
[2023-11-14T10:20:18.272+0000] {logging_mixin.py:154} INFO - [2023-11-14T10:20:18.272+0000] {dag.py:2941} INFO - Sync 1 DAGs
[2023-11-14T10:20:18.289+0000] {logging_mixin.py:154} INFO - [2023-11-14T10:20:18.289+0000] {dag.py:3722} INFO - Setting next_dagrun for example_task_group_decorator to 2023-11-13T10:20:18.289288+00:00, run_after=2023-11-14T10:20:18.289288+00:00
[2023-11-14T10:20:18.306+0000] {processor.py:179} INFO - Processing /home/airflow/.local/lib/python3.8/site-packages/airflow/example_dags/example_task_group_decorator.py took 0.105 seconds
