[2023-11-14T09:52:49.435+0000] {processor.py:157} INFO - Started process (PID=45) to work on /home/airflow/.local/lib/python3.8/site-packages/airflow/example_dags/example_dag_decorator.py
[2023-11-14T09:52:49.436+0000] {processor.py:829} INFO - Processing file /home/airflow/.local/lib/python3.8/site-packages/airflow/example_dags/example_dag_decorator.py for tasks to queue
[2023-11-14T09:52:49.438+0000] {logging_mixin.py:154} INFO - [2023-11-14T09:52:49.437+0000] {dagbag.py:536} INFO - Filling up the DagBag from /home/airflow/.local/lib/python3.8/site-packages/airflow/example_dags/example_dag_decorator.py
[2023-11-14T09:52:49.510+0000] {processor.py:839} INFO - DAG(s) dict_keys(['example_dag_decorator']) retrieved from /home/airflow/.local/lib/python3.8/site-packages/airflow/example_dags/example_dag_decorator.py
[2023-11-14T09:52:49.582+0000] {logging_mixin.py:154} INFO - [2023-11-14T09:52:49.582+0000] {dag.py:2941} INFO - Sync 1 DAGs
[2023-11-14T09:52:49.588+0000] {logging_mixin.py:154} INFO - [2023-11-14T09:52:49.588+0000] {dag.py:3722} INFO - Setting next_dagrun for example_dag_decorator to None, run_after=None
[2023-11-14T09:52:49.598+0000] {processor.py:179} INFO - Processing /home/airflow/.local/lib/python3.8/site-packages/airflow/example_dags/example_dag_decorator.py took 0.165 seconds
[2023-11-14T09:53:40.015+0000] {processor.py:157} INFO - Started process (PID=46) to work on /home/airflow/.local/lib/python3.8/site-packages/airflow/example_dags/example_dag_decorator.py
[2023-11-14T09:53:40.016+0000] {processor.py:829} INFO - Processing file /home/airflow/.local/lib/python3.8/site-packages/airflow/example_dags/example_dag_decorator.py for tasks to queue
[2023-11-14T09:53:40.018+0000] {logging_mixin.py:154} INFO - [2023-11-14T09:53:40.018+0000] {dagbag.py:536} INFO - Filling up the DagBag from /home/airflow/.local/lib/python3.8/site-packages/airflow/example_dags/example_dag_decorator.py
[2023-11-14T09:53:40.080+0000] {processor.py:839} INFO - DAG(s) dict_keys(['example_dag_decorator']) retrieved from /home/airflow/.local/lib/python3.8/site-packages/airflow/example_dags/example_dag_decorator.py
[2023-11-14T09:53:40.093+0000] {logging_mixin.py:154} INFO - [2023-11-14T09:53:40.093+0000] {dag.py:2941} INFO - Sync 1 DAGs
[2023-11-14T09:53:40.103+0000] {logging_mixin.py:154} INFO - [2023-11-14T09:53:40.103+0000] {dag.py:3722} INFO - Setting next_dagrun for example_dag_decorator to None, run_after=None
[2023-11-14T09:53:40.117+0000] {processor.py:179} INFO - Processing /home/airflow/.local/lib/python3.8/site-packages/airflow/example_dags/example_dag_decorator.py took 0.106 seconds
[2023-11-14T09:54:10.535+0000] {processor.py:157} INFO - Started process (PID=99) to work on /home/airflow/.local/lib/python3.8/site-packages/airflow/example_dags/example_dag_decorator.py
[2023-11-14T09:54:10.536+0000] {processor.py:829} INFO - Processing file /home/airflow/.local/lib/python3.8/site-packages/airflow/example_dags/example_dag_decorator.py for tasks to queue
[2023-11-14T09:54:10.537+0000] {logging_mixin.py:154} INFO - [2023-11-14T09:54:10.537+0000] {dagbag.py:536} INFO - Filling up the DagBag from /home/airflow/.local/lib/python3.8/site-packages/airflow/example_dags/example_dag_decorator.py
[2023-11-14T09:54:10.586+0000] {processor.py:839} INFO - DAG(s) dict_keys(['example_dag_decorator']) retrieved from /home/airflow/.local/lib/python3.8/site-packages/airflow/example_dags/example_dag_decorator.py
[2023-11-14T09:54:10.640+0000] {logging_mixin.py:154} INFO - [2023-11-14T09:54:10.640+0000] {dag.py:2941} INFO - Sync 1 DAGs
[2023-11-14T09:54:10.646+0000] {logging_mixin.py:154} INFO - [2023-11-14T09:54:10.646+0000] {dag.py:3722} INFO - Setting next_dagrun for example_dag_decorator to None, run_after=None
[2023-11-14T09:54:10.659+0000] {processor.py:179} INFO - Processing /home/airflow/.local/lib/python3.8/site-packages/airflow/example_dags/example_dag_decorator.py took 0.127 seconds
[2023-11-14T09:54:41.030+0000] {processor.py:157} INFO - Started process (PID=152) to work on /home/airflow/.local/lib/python3.8/site-packages/airflow/example_dags/example_dag_decorator.py
[2023-11-14T09:54:41.031+0000] {processor.py:829} INFO - Processing file /home/airflow/.local/lib/python3.8/site-packages/airflow/example_dags/example_dag_decorator.py for tasks to queue
[2023-11-14T09:54:41.032+0000] {logging_mixin.py:154} INFO - [2023-11-14T09:54:41.032+0000] {dagbag.py:536} INFO - Filling up the DagBag from /home/airflow/.local/lib/python3.8/site-packages/airflow/example_dags/example_dag_decorator.py
[2023-11-14T09:54:41.085+0000] {processor.py:839} INFO - DAG(s) dict_keys(['example_dag_decorator']) retrieved from /home/airflow/.local/lib/python3.8/site-packages/airflow/example_dags/example_dag_decorator.py
[2023-11-14T09:54:41.169+0000] {logging_mixin.py:154} INFO - [2023-11-14T09:54:41.169+0000] {dag.py:2941} INFO - Sync 1 DAGs
[2023-11-14T09:54:41.175+0000] {logging_mixin.py:154} INFO - [2023-11-14T09:54:41.175+0000] {dag.py:3722} INFO - Setting next_dagrun for example_dag_decorator to None, run_after=None
[2023-11-14T09:54:41.185+0000] {processor.py:179} INFO - Processing /home/airflow/.local/lib/python3.8/site-packages/airflow/example_dags/example_dag_decorator.py took 0.157 seconds
[2023-11-14T09:55:11.329+0000] {processor.py:157} INFO - Started process (PID=206) to work on /home/airflow/.local/lib/python3.8/site-packages/airflow/example_dags/example_dag_decorator.py
[2023-11-14T09:55:11.330+0000] {processor.py:829} INFO - Processing file /home/airflow/.local/lib/python3.8/site-packages/airflow/example_dags/example_dag_decorator.py for tasks to queue
[2023-11-14T09:55:11.332+0000] {logging_mixin.py:154} INFO - [2023-11-14T09:55:11.332+0000] {dagbag.py:536} INFO - Filling up the DagBag from /home/airflow/.local/lib/python3.8/site-packages/airflow/example_dags/example_dag_decorator.py
[2023-11-14T09:55:11.396+0000] {processor.py:839} INFO - DAG(s) dict_keys(['example_dag_decorator']) retrieved from /home/airflow/.local/lib/python3.8/site-packages/airflow/example_dags/example_dag_decorator.py
[2023-11-14T09:55:11.478+0000] {logging_mixin.py:154} INFO - [2023-11-14T09:55:11.478+0000] {dag.py:2941} INFO - Sync 1 DAGs
[2023-11-14T09:55:11.484+0000] {logging_mixin.py:154} INFO - [2023-11-14T09:55:11.484+0000] {dag.py:3722} INFO - Setting next_dagrun for example_dag_decorator to None, run_after=None
[2023-11-14T09:55:11.496+0000] {processor.py:179} INFO - Processing /home/airflow/.local/lib/python3.8/site-packages/airflow/example_dags/example_dag_decorator.py took 0.169 seconds
[2023-11-14T09:55:41.717+0000] {processor.py:157} INFO - Started process (PID=260) to work on /home/airflow/.local/lib/python3.8/site-packages/airflow/example_dags/example_dag_decorator.py
[2023-11-14T09:55:41.718+0000] {processor.py:829} INFO - Processing file /home/airflow/.local/lib/python3.8/site-packages/airflow/example_dags/example_dag_decorator.py for tasks to queue
[2023-11-14T09:55:41.720+0000] {logging_mixin.py:154} INFO - [2023-11-14T09:55:41.719+0000] {dagbag.py:536} INFO - Filling up the DagBag from /home/airflow/.local/lib/python3.8/site-packages/airflow/example_dags/example_dag_decorator.py
[2023-11-14T09:55:41.765+0000] {processor.py:839} INFO - DAG(s) dict_keys(['example_dag_decorator']) retrieved from /home/airflow/.local/lib/python3.8/site-packages/airflow/example_dags/example_dag_decorator.py
[2023-11-14T09:55:41.836+0000] {logging_mixin.py:154} INFO - [2023-11-14T09:55:41.836+0000] {dag.py:2941} INFO - Sync 1 DAGs
[2023-11-14T09:55:41.841+0000] {logging_mixin.py:154} INFO - [2023-11-14T09:55:41.841+0000] {dag.py:3722} INFO - Setting next_dagrun for example_dag_decorator to None, run_after=None
[2023-11-14T09:55:41.850+0000] {processor.py:179} INFO - Processing /home/airflow/.local/lib/python3.8/site-packages/airflow/example_dags/example_dag_decorator.py took 0.135 seconds
[2023-11-14T09:56:12.020+0000] {processor.py:157} INFO - Started process (PID=314) to work on /home/airflow/.local/lib/python3.8/site-packages/airflow/example_dags/example_dag_decorator.py
[2023-11-14T09:56:12.021+0000] {processor.py:829} INFO - Processing file /home/airflow/.local/lib/python3.8/site-packages/airflow/example_dags/example_dag_decorator.py for tasks to queue
[2023-11-14T09:56:12.024+0000] {logging_mixin.py:154} INFO - [2023-11-14T09:56:12.023+0000] {dagbag.py:536} INFO - Filling up the DagBag from /home/airflow/.local/lib/python3.8/site-packages/airflow/example_dags/example_dag_decorator.py
[2023-11-14T09:56:12.083+0000] {processor.py:839} INFO - DAG(s) dict_keys(['example_dag_decorator']) retrieved from /home/airflow/.local/lib/python3.8/site-packages/airflow/example_dags/example_dag_decorator.py
[2023-11-14T09:56:12.104+0000] {logging_mixin.py:154} INFO - [2023-11-14T09:56:12.104+0000] {dag.py:2941} INFO - Sync 1 DAGs
[2023-11-14T09:56:12.119+0000] {logging_mixin.py:154} INFO - [2023-11-14T09:56:12.119+0000] {dag.py:3722} INFO - Setting next_dagrun for example_dag_decorator to None, run_after=None
[2023-11-14T09:56:12.150+0000] {processor.py:179} INFO - Processing /home/airflow/.local/lib/python3.8/site-packages/airflow/example_dags/example_dag_decorator.py took 0.132 seconds
[2023-11-14T09:56:42.698+0000] {processor.py:157} INFO - Started process (PID=368) to work on /home/airflow/.local/lib/python3.8/site-packages/airflow/example_dags/example_dag_decorator.py
[2023-11-14T09:56:42.699+0000] {processor.py:829} INFO - Processing file /home/airflow/.local/lib/python3.8/site-packages/airflow/example_dags/example_dag_decorator.py for tasks to queue
[2023-11-14T09:56:42.701+0000] {logging_mixin.py:154} INFO - [2023-11-14T09:56:42.701+0000] {dagbag.py:536} INFO - Filling up the DagBag from /home/airflow/.local/lib/python3.8/site-packages/airflow/example_dags/example_dag_decorator.py
[2023-11-14T09:56:42.782+0000] {processor.py:839} INFO - DAG(s) dict_keys(['example_dag_decorator']) retrieved from /home/airflow/.local/lib/python3.8/site-packages/airflow/example_dags/example_dag_decorator.py
[2023-11-14T09:56:42.793+0000] {logging_mixin.py:154} INFO - [2023-11-14T09:56:42.792+0000] {dag.py:2941} INFO - Sync 1 DAGs
[2023-11-14T09:56:42.805+0000] {logging_mixin.py:154} INFO - [2023-11-14T09:56:42.805+0000] {dag.py:3722} INFO - Setting next_dagrun for example_dag_decorator to None, run_after=None
[2023-11-14T09:56:42.824+0000] {processor.py:179} INFO - Processing /home/airflow/.local/lib/python3.8/site-packages/airflow/example_dags/example_dag_decorator.py took 0.136 seconds
[2023-11-14T09:57:12.987+0000] {processor.py:157} INFO - Started process (PID=423) to work on /home/airflow/.local/lib/python3.8/site-packages/airflow/example_dags/example_dag_decorator.py
[2023-11-14T09:57:12.988+0000] {processor.py:829} INFO - Processing file /home/airflow/.local/lib/python3.8/site-packages/airflow/example_dags/example_dag_decorator.py for tasks to queue
[2023-11-14T09:57:12.990+0000] {logging_mixin.py:154} INFO - [2023-11-14T09:57:12.990+0000] {dagbag.py:536} INFO - Filling up the DagBag from /home/airflow/.local/lib/python3.8/site-packages/airflow/example_dags/example_dag_decorator.py
[2023-11-14T09:57:13.038+0000] {processor.py:839} INFO - DAG(s) dict_keys(['example_dag_decorator']) retrieved from /home/airflow/.local/lib/python3.8/site-packages/airflow/example_dags/example_dag_decorator.py
[2023-11-14T09:57:13.092+0000] {logging_mixin.py:154} INFO - [2023-11-14T09:57:13.092+0000] {dag.py:2941} INFO - Sync 1 DAGs
[2023-11-14T09:57:13.099+0000] {logging_mixin.py:154} INFO - [2023-11-14T09:57:13.098+0000] {dag.py:3722} INFO - Setting next_dagrun for example_dag_decorator to None, run_after=None
[2023-11-14T09:57:13.111+0000] {processor.py:179} INFO - Processing /home/airflow/.local/lib/python3.8/site-packages/airflow/example_dags/example_dag_decorator.py took 0.126 seconds
[2023-11-14T09:57:44.011+0000] {processor.py:157} INFO - Started process (PID=477) to work on /home/airflow/.local/lib/python3.8/site-packages/airflow/example_dags/example_dag_decorator.py
[2023-11-14T09:57:44.012+0000] {processor.py:829} INFO - Processing file /home/airflow/.local/lib/python3.8/site-packages/airflow/example_dags/example_dag_decorator.py for tasks to queue
[2023-11-14T09:57:44.014+0000] {logging_mixin.py:154} INFO - [2023-11-14T09:57:44.014+0000] {dagbag.py:536} INFO - Filling up the DagBag from /home/airflow/.local/lib/python3.8/site-packages/airflow/example_dags/example_dag_decorator.py
[2023-11-14T09:57:44.067+0000] {processor.py:839} INFO - DAG(s) dict_keys(['example_dag_decorator']) retrieved from /home/airflow/.local/lib/python3.8/site-packages/airflow/example_dags/example_dag_decorator.py
[2023-11-14T09:57:44.124+0000] {logging_mixin.py:154} INFO - [2023-11-14T09:57:44.124+0000] {dag.py:2941} INFO - Sync 1 DAGs
[2023-11-14T09:57:44.129+0000] {logging_mixin.py:154} INFO - [2023-11-14T09:57:44.129+0000] {dag.py:3722} INFO - Setting next_dagrun for example_dag_decorator to None, run_after=None
[2023-11-14T09:57:44.137+0000] {processor.py:179} INFO - Processing /home/airflow/.local/lib/python3.8/site-packages/airflow/example_dags/example_dag_decorator.py took 0.128 seconds
[2023-11-14T09:58:14.259+0000] {processor.py:157} INFO - Started process (PID=531) to work on /home/airflow/.local/lib/python3.8/site-packages/airflow/example_dags/example_dag_decorator.py
[2023-11-14T09:58:14.260+0000] {processor.py:829} INFO - Processing file /home/airflow/.local/lib/python3.8/site-packages/airflow/example_dags/example_dag_decorator.py for tasks to queue
[2023-11-14T09:58:14.262+0000] {logging_mixin.py:154} INFO - [2023-11-14T09:58:14.262+0000] {dagbag.py:536} INFO - Filling up the DagBag from /home/airflow/.local/lib/python3.8/site-packages/airflow/example_dags/example_dag_decorator.py
[2023-11-14T09:58:14.302+0000] {processor.py:839} INFO - DAG(s) dict_keys(['example_dag_decorator']) retrieved from /home/airflow/.local/lib/python3.8/site-packages/airflow/example_dags/example_dag_decorator.py
[2023-11-14T09:58:14.360+0000] {logging_mixin.py:154} INFO - [2023-11-14T09:58:14.360+0000] {dag.py:2941} INFO - Sync 1 DAGs
[2023-11-14T09:58:14.367+0000] {logging_mixin.py:154} INFO - [2023-11-14T09:58:14.366+0000] {dag.py:3722} INFO - Setting next_dagrun for example_dag_decorator to None, run_after=None
[2023-11-14T09:58:14.377+0000] {processor.py:179} INFO - Processing /home/airflow/.local/lib/python3.8/site-packages/airflow/example_dags/example_dag_decorator.py took 0.120 seconds
[2023-11-14T09:58:44.420+0000] {processor.py:157} INFO - Started process (PID=586) to work on /home/airflow/.local/lib/python3.8/site-packages/airflow/example_dags/example_dag_decorator.py
[2023-11-14T09:58:44.420+0000] {processor.py:829} INFO - Processing file /home/airflow/.local/lib/python3.8/site-packages/airflow/example_dags/example_dag_decorator.py for tasks to queue
[2023-11-14T09:58:44.422+0000] {logging_mixin.py:154} INFO - [2023-11-14T09:58:44.422+0000] {dagbag.py:536} INFO - Filling up the DagBag from /home/airflow/.local/lib/python3.8/site-packages/airflow/example_dags/example_dag_decorator.py
[2023-11-14T09:58:44.466+0000] {processor.py:839} INFO - DAG(s) dict_keys(['example_dag_decorator']) retrieved from /home/airflow/.local/lib/python3.8/site-packages/airflow/example_dags/example_dag_decorator.py
[2023-11-14T09:58:44.527+0000] {logging_mixin.py:154} INFO - [2023-11-14T09:58:44.527+0000] {dag.py:2941} INFO - Sync 1 DAGs
[2023-11-14T09:58:44.533+0000] {logging_mixin.py:154} INFO - [2023-11-14T09:58:44.533+0000] {dag.py:3722} INFO - Setting next_dagrun for example_dag_decorator to None, run_after=None
[2023-11-14T09:58:44.543+0000] {processor.py:179} INFO - Processing /home/airflow/.local/lib/python3.8/site-packages/airflow/example_dags/example_dag_decorator.py took 0.126 seconds
[2023-11-14T09:59:14.738+0000] {processor.py:157} INFO - Started process (PID=640) to work on /home/airflow/.local/lib/python3.8/site-packages/airflow/example_dags/example_dag_decorator.py
[2023-11-14T09:59:14.739+0000] {processor.py:829} INFO - Processing file /home/airflow/.local/lib/python3.8/site-packages/airflow/example_dags/example_dag_decorator.py for tasks to queue
[2023-11-14T09:59:14.741+0000] {logging_mixin.py:154} INFO - [2023-11-14T09:59:14.741+0000] {dagbag.py:536} INFO - Filling up the DagBag from /home/airflow/.local/lib/python3.8/site-packages/airflow/example_dags/example_dag_decorator.py
[2023-11-14T09:59:14.798+0000] {processor.py:839} INFO - DAG(s) dict_keys(['example_dag_decorator']) retrieved from /home/airflow/.local/lib/python3.8/site-packages/airflow/example_dags/example_dag_decorator.py
[2023-11-14T09:59:14.889+0000] {logging_mixin.py:154} INFO - [2023-11-14T09:59:14.889+0000] {dag.py:2941} INFO - Sync 1 DAGs
[2023-11-14T09:59:14.895+0000] {logging_mixin.py:154} INFO - [2023-11-14T09:59:14.895+0000] {dag.py:3722} INFO - Setting next_dagrun for example_dag_decorator to None, run_after=None
[2023-11-14T09:59:14.908+0000] {processor.py:179} INFO - Processing /home/airflow/.local/lib/python3.8/site-packages/airflow/example_dags/example_dag_decorator.py took 0.174 seconds
[2023-11-14T09:59:45.161+0000] {processor.py:157} INFO - Started process (PID=695) to work on /home/airflow/.local/lib/python3.8/site-packages/airflow/example_dags/example_dag_decorator.py
[2023-11-14T09:59:45.161+0000] {processor.py:829} INFO - Processing file /home/airflow/.local/lib/python3.8/site-packages/airflow/example_dags/example_dag_decorator.py for tasks to queue
[2023-11-14T09:59:45.163+0000] {logging_mixin.py:154} INFO - [2023-11-14T09:59:45.163+0000] {dagbag.py:536} INFO - Filling up the DagBag from /home/airflow/.local/lib/python3.8/site-packages/airflow/example_dags/example_dag_decorator.py
[2023-11-14T09:59:45.208+0000] {processor.py:839} INFO - DAG(s) dict_keys(['example_dag_decorator']) retrieved from /home/airflow/.local/lib/python3.8/site-packages/airflow/example_dags/example_dag_decorator.py
[2023-11-14T09:59:45.266+0000] {logging_mixin.py:154} INFO - [2023-11-14T09:59:45.266+0000] {dag.py:2941} INFO - Sync 1 DAGs
[2023-11-14T09:59:45.271+0000] {logging_mixin.py:154} INFO - [2023-11-14T09:59:45.271+0000] {dag.py:3722} INFO - Setting next_dagrun for example_dag_decorator to None, run_after=None
[2023-11-14T09:59:45.279+0000] {processor.py:179} INFO - Processing /home/airflow/.local/lib/python3.8/site-packages/airflow/example_dags/example_dag_decorator.py took 0.121 seconds
[2023-11-14T10:00:15.367+0000] {processor.py:157} INFO - Started process (PID=747) to work on /home/airflow/.local/lib/python3.8/site-packages/airflow/example_dags/example_dag_decorator.py
[2023-11-14T10:00:15.368+0000] {processor.py:829} INFO - Processing file /home/airflow/.local/lib/python3.8/site-packages/airflow/example_dags/example_dag_decorator.py for tasks to queue
[2023-11-14T10:00:15.370+0000] {logging_mixin.py:154} INFO - [2023-11-14T10:00:15.370+0000] {dagbag.py:536} INFO - Filling up the DagBag from /home/airflow/.local/lib/python3.8/site-packages/airflow/example_dags/example_dag_decorator.py
[2023-11-14T10:00:15.416+0000] {processor.py:839} INFO - DAG(s) dict_keys(['example_dag_decorator']) retrieved from /home/airflow/.local/lib/python3.8/site-packages/airflow/example_dags/example_dag_decorator.py
[2023-11-14T10:00:15.477+0000] {logging_mixin.py:154} INFO - [2023-11-14T10:00:15.477+0000] {dag.py:2941} INFO - Sync 1 DAGs
[2023-11-14T10:00:15.484+0000] {logging_mixin.py:154} INFO - [2023-11-14T10:00:15.484+0000] {dag.py:3722} INFO - Setting next_dagrun for example_dag_decorator to None, run_after=None
[2023-11-14T10:00:15.496+0000] {processor.py:179} INFO - Processing /home/airflow/.local/lib/python3.8/site-packages/airflow/example_dags/example_dag_decorator.py took 0.132 seconds
[2023-11-14T10:00:45.632+0000] {processor.py:157} INFO - Started process (PID=801) to work on /home/airflow/.local/lib/python3.8/site-packages/airflow/example_dags/example_dag_decorator.py
[2023-11-14T10:00:45.633+0000] {processor.py:829} INFO - Processing file /home/airflow/.local/lib/python3.8/site-packages/airflow/example_dags/example_dag_decorator.py for tasks to queue
[2023-11-14T10:00:45.635+0000] {logging_mixin.py:154} INFO - [2023-11-14T10:00:45.635+0000] {dagbag.py:536} INFO - Filling up the DagBag from /home/airflow/.local/lib/python3.8/site-packages/airflow/example_dags/example_dag_decorator.py
[2023-11-14T10:00:45.682+0000] {processor.py:839} INFO - DAG(s) dict_keys(['example_dag_decorator']) retrieved from /home/airflow/.local/lib/python3.8/site-packages/airflow/example_dags/example_dag_decorator.py
[2023-11-14T10:00:45.744+0000] {logging_mixin.py:154} INFO - [2023-11-14T10:00:45.744+0000] {dag.py:2941} INFO - Sync 1 DAGs
[2023-11-14T10:00:45.878+0000] {logging_mixin.py:154} INFO - [2023-11-14T10:00:45.878+0000] {dag.py:3722} INFO - Setting next_dagrun for example_dag_decorator to None, run_after=None
[2023-11-14T10:00:45.887+0000] {processor.py:179} INFO - Processing /home/airflow/.local/lib/python3.8/site-packages/airflow/example_dags/example_dag_decorator.py took 0.258 seconds
[2023-11-14T10:01:15.950+0000] {processor.py:157} INFO - Started process (PID=858) to work on /home/airflow/.local/lib/python3.8/site-packages/airflow/example_dags/example_dag_decorator.py
[2023-11-14T10:01:15.951+0000] {processor.py:829} INFO - Processing file /home/airflow/.local/lib/python3.8/site-packages/airflow/example_dags/example_dag_decorator.py for tasks to queue
[2023-11-14T10:01:15.953+0000] {logging_mixin.py:154} INFO - [2023-11-14T10:01:15.952+0000] {dagbag.py:536} INFO - Filling up the DagBag from /home/airflow/.local/lib/python3.8/site-packages/airflow/example_dags/example_dag_decorator.py
[2023-11-14T10:01:15.992+0000] {processor.py:839} INFO - DAG(s) dict_keys(['example_dag_decorator']) retrieved from /home/airflow/.local/lib/python3.8/site-packages/airflow/example_dags/example_dag_decorator.py
[2023-11-14T10:01:16.052+0000] {logging_mixin.py:154} INFO - [2023-11-14T10:01:16.051+0000] {dag.py:2941} INFO - Sync 1 DAGs
[2023-11-14T10:01:16.058+0000] {logging_mixin.py:154} INFO - [2023-11-14T10:01:16.057+0000] {dag.py:3722} INFO - Setting next_dagrun for example_dag_decorator to None, run_after=None
[2023-11-14T10:01:16.201+0000] {processor.py:179} INFO - Processing /home/airflow/.local/lib/python3.8/site-packages/airflow/example_dags/example_dag_decorator.py took 0.253 seconds
[2023-11-14T10:01:47.115+0000] {processor.py:157} INFO - Started process (PID=914) to work on /home/airflow/.local/lib/python3.8/site-packages/airflow/example_dags/example_dag_decorator.py
[2023-11-14T10:01:47.116+0000] {processor.py:829} INFO - Processing file /home/airflow/.local/lib/python3.8/site-packages/airflow/example_dags/example_dag_decorator.py for tasks to queue
[2023-11-14T10:01:47.119+0000] {logging_mixin.py:154} INFO - [2023-11-14T10:01:47.118+0000] {dagbag.py:536} INFO - Filling up the DagBag from /home/airflow/.local/lib/python3.8/site-packages/airflow/example_dags/example_dag_decorator.py
[2023-11-14T10:01:47.173+0000] {processor.py:839} INFO - DAG(s) dict_keys(['example_dag_decorator']) retrieved from /home/airflow/.local/lib/python3.8/site-packages/airflow/example_dags/example_dag_decorator.py
[2023-11-14T10:01:47.228+0000] {logging_mixin.py:154} INFO - [2023-11-14T10:01:47.228+0000] {dag.py:2941} INFO - Sync 1 DAGs
[2023-11-14T10:01:47.235+0000] {logging_mixin.py:154} INFO - [2023-11-14T10:01:47.235+0000] {dag.py:3722} INFO - Setting next_dagrun for example_dag_decorator to None, run_after=None
[2023-11-14T10:01:47.246+0000] {processor.py:179} INFO - Processing /home/airflow/.local/lib/python3.8/site-packages/airflow/example_dags/example_dag_decorator.py took 0.136 seconds
[2023-11-14T10:02:18.024+0000] {processor.py:157} INFO - Started process (PID=968) to work on /home/airflow/.local/lib/python3.8/site-packages/airflow/example_dags/example_dag_decorator.py
[2023-11-14T10:02:18.026+0000] {processor.py:829} INFO - Processing file /home/airflow/.local/lib/python3.8/site-packages/airflow/example_dags/example_dag_decorator.py for tasks to queue
[2023-11-14T10:02:18.029+0000] {logging_mixin.py:154} INFO - [2023-11-14T10:02:18.029+0000] {dagbag.py:536} INFO - Filling up the DagBag from /home/airflow/.local/lib/python3.8/site-packages/airflow/example_dags/example_dag_decorator.py
[2023-11-14T10:02:18.079+0000] {processor.py:839} INFO - DAG(s) dict_keys(['example_dag_decorator']) retrieved from /home/airflow/.local/lib/python3.8/site-packages/airflow/example_dags/example_dag_decorator.py
[2023-11-14T10:02:18.277+0000] {logging_mixin.py:154} INFO - [2023-11-14T10:02:18.277+0000] {dag.py:2941} INFO - Sync 1 DAGs
[2023-11-14T10:02:18.283+0000] {logging_mixin.py:154} INFO - [2023-11-14T10:02:18.283+0000] {dag.py:3722} INFO - Setting next_dagrun for example_dag_decorator to None, run_after=None
[2023-11-14T10:02:18.293+0000] {processor.py:179} INFO - Processing /home/airflow/.local/lib/python3.8/site-packages/airflow/example_dags/example_dag_decorator.py took 0.274 seconds
[2023-11-14T10:02:48.450+0000] {processor.py:157} INFO - Started process (PID=1025) to work on /home/airflow/.local/lib/python3.8/site-packages/airflow/example_dags/example_dag_decorator.py
[2023-11-14T10:02:48.451+0000] {processor.py:829} INFO - Processing file /home/airflow/.local/lib/python3.8/site-packages/airflow/example_dags/example_dag_decorator.py for tasks to queue
[2023-11-14T10:02:48.452+0000] {logging_mixin.py:154} INFO - [2023-11-14T10:02:48.452+0000] {dagbag.py:536} INFO - Filling up the DagBag from /home/airflow/.local/lib/python3.8/site-packages/airflow/example_dags/example_dag_decorator.py
[2023-11-14T10:02:48.502+0000] {processor.py:839} INFO - DAG(s) dict_keys(['example_dag_decorator']) retrieved from /home/airflow/.local/lib/python3.8/site-packages/airflow/example_dags/example_dag_decorator.py
[2023-11-14T10:02:48.567+0000] {logging_mixin.py:154} INFO - [2023-11-14T10:02:48.566+0000] {dag.py:2941} INFO - Sync 1 DAGs
[2023-11-14T10:02:48.724+0000] {logging_mixin.py:154} INFO - [2023-11-14T10:02:48.724+0000] {dag.py:3722} INFO - Setting next_dagrun for example_dag_decorator to None, run_after=None
[2023-11-14T10:02:48.736+0000] {processor.py:179} INFO - Processing /home/airflow/.local/lib/python3.8/site-packages/airflow/example_dags/example_dag_decorator.py took 0.289 seconds
[2023-11-14T10:03:19.311+0000] {processor.py:157} INFO - Started process (PID=1076) to work on /home/airflow/.local/lib/python3.8/site-packages/airflow/example_dags/example_dag_decorator.py
[2023-11-14T10:03:19.312+0000] {processor.py:829} INFO - Processing file /home/airflow/.local/lib/python3.8/site-packages/airflow/example_dags/example_dag_decorator.py for tasks to queue
[2023-11-14T10:03:19.314+0000] {logging_mixin.py:154} INFO - [2023-11-14T10:03:19.314+0000] {dagbag.py:536} INFO - Filling up the DagBag from /home/airflow/.local/lib/python3.8/site-packages/airflow/example_dags/example_dag_decorator.py
[2023-11-14T10:03:19.367+0000] {processor.py:839} INFO - DAG(s) dict_keys(['example_dag_decorator']) retrieved from /home/airflow/.local/lib/python3.8/site-packages/airflow/example_dags/example_dag_decorator.py
[2023-11-14T10:03:19.429+0000] {logging_mixin.py:154} INFO - [2023-11-14T10:03:19.428+0000] {dag.py:2941} INFO - Sync 1 DAGs
[2023-11-14T10:03:19.435+0000] {logging_mixin.py:154} INFO - [2023-11-14T10:03:19.435+0000] {dag.py:3722} INFO - Setting next_dagrun for example_dag_decorator to None, run_after=None
[2023-11-14T10:03:19.449+0000] {processor.py:179} INFO - Processing /home/airflow/.local/lib/python3.8/site-packages/airflow/example_dags/example_dag_decorator.py took 0.143 seconds
[2023-11-14T10:03:49.524+0000] {processor.py:157} INFO - Started process (PID=1130) to work on /home/airflow/.local/lib/python3.8/site-packages/airflow/example_dags/example_dag_decorator.py
[2023-11-14T10:03:49.525+0000] {processor.py:829} INFO - Processing file /home/airflow/.local/lib/python3.8/site-packages/airflow/example_dags/example_dag_decorator.py for tasks to queue
[2023-11-14T10:03:49.527+0000] {logging_mixin.py:154} INFO - [2023-11-14T10:03:49.527+0000] {dagbag.py:536} INFO - Filling up the DagBag from /home/airflow/.local/lib/python3.8/site-packages/airflow/example_dags/example_dag_decorator.py
[2023-11-14T10:03:49.577+0000] {processor.py:839} INFO - DAG(s) dict_keys(['example_dag_decorator']) retrieved from /home/airflow/.local/lib/python3.8/site-packages/airflow/example_dags/example_dag_decorator.py
[2023-11-14T10:03:49.775+0000] {logging_mixin.py:154} INFO - [2023-11-14T10:03:49.775+0000] {dag.py:2941} INFO - Sync 1 DAGs
[2023-11-14T10:03:49.788+0000] {logging_mixin.py:154} INFO - [2023-11-14T10:03:49.788+0000] {dag.py:3722} INFO - Setting next_dagrun for example_dag_decorator to None, run_after=None
[2023-11-14T10:03:49.800+0000] {processor.py:179} INFO - Processing /home/airflow/.local/lib/python3.8/site-packages/airflow/example_dags/example_dag_decorator.py took 0.279 seconds
[2023-11-14T10:04:19.913+0000] {processor.py:157} INFO - Started process (PID=1187) to work on /home/airflow/.local/lib/python3.8/site-packages/airflow/example_dags/example_dag_decorator.py
[2023-11-14T10:04:19.915+0000] {processor.py:829} INFO - Processing file /home/airflow/.local/lib/python3.8/site-packages/airflow/example_dags/example_dag_decorator.py for tasks to queue
[2023-11-14T10:04:19.916+0000] {logging_mixin.py:154} INFO - [2023-11-14T10:04:19.916+0000] {dagbag.py:536} INFO - Filling up the DagBag from /home/airflow/.local/lib/python3.8/site-packages/airflow/example_dags/example_dag_decorator.py
[2023-11-14T10:04:19.961+0000] {processor.py:839} INFO - DAG(s) dict_keys(['example_dag_decorator']) retrieved from /home/airflow/.local/lib/python3.8/site-packages/airflow/example_dags/example_dag_decorator.py
[2023-11-14T10:04:20.158+0000] {logging_mixin.py:154} INFO - [2023-11-14T10:04:20.158+0000] {dag.py:2941} INFO - Sync 1 DAGs
[2023-11-14T10:04:20.163+0000] {logging_mixin.py:154} INFO - [2023-11-14T10:04:20.163+0000] {dag.py:3722} INFO - Setting next_dagrun for example_dag_decorator to None, run_after=None
[2023-11-14T10:04:20.172+0000] {processor.py:179} INFO - Processing /home/airflow/.local/lib/python3.8/site-packages/airflow/example_dags/example_dag_decorator.py took 0.261 seconds
[2023-11-14T10:04:50.199+0000] {processor.py:157} INFO - Started process (PID=1244) to work on /home/airflow/.local/lib/python3.8/site-packages/airflow/example_dags/example_dag_decorator.py
[2023-11-14T10:04:50.200+0000] {processor.py:829} INFO - Processing file /home/airflow/.local/lib/python3.8/site-packages/airflow/example_dags/example_dag_decorator.py for tasks to queue
[2023-11-14T10:04:50.202+0000] {logging_mixin.py:154} INFO - [2023-11-14T10:04:50.202+0000] {dagbag.py:536} INFO - Filling up the DagBag from /home/airflow/.local/lib/python3.8/site-packages/airflow/example_dags/example_dag_decorator.py
[2023-11-14T10:04:50.250+0000] {processor.py:839} INFO - DAG(s) dict_keys(['example_dag_decorator']) retrieved from /home/airflow/.local/lib/python3.8/site-packages/airflow/example_dags/example_dag_decorator.py
[2023-11-14T10:04:50.439+0000] {logging_mixin.py:154} INFO - [2023-11-14T10:04:50.438+0000] {dag.py:2941} INFO - Sync 1 DAGs
[2023-11-14T10:04:50.445+0000] {logging_mixin.py:154} INFO - [2023-11-14T10:04:50.445+0000] {dag.py:3722} INFO - Setting next_dagrun for example_dag_decorator to None, run_after=None
[2023-11-14T10:04:50.455+0000] {processor.py:179} INFO - Processing /home/airflow/.local/lib/python3.8/site-packages/airflow/example_dags/example_dag_decorator.py took 0.259 seconds
[2023-11-14T10:05:20.531+0000] {processor.py:157} INFO - Started process (PID=1300) to work on /home/airflow/.local/lib/python3.8/site-packages/airflow/example_dags/example_dag_decorator.py
[2023-11-14T10:05:20.532+0000] {processor.py:829} INFO - Processing file /home/airflow/.local/lib/python3.8/site-packages/airflow/example_dags/example_dag_decorator.py for tasks to queue
[2023-11-14T10:05:20.533+0000] {logging_mixin.py:154} INFO - [2023-11-14T10:05:20.533+0000] {dagbag.py:536} INFO - Filling up the DagBag from /home/airflow/.local/lib/python3.8/site-packages/airflow/example_dags/example_dag_decorator.py
[2023-11-14T10:05:20.577+0000] {processor.py:839} INFO - DAG(s) dict_keys(['example_dag_decorator']) retrieved from /home/airflow/.local/lib/python3.8/site-packages/airflow/example_dags/example_dag_decorator.py
[2023-11-14T10:05:20.783+0000] {logging_mixin.py:154} INFO - [2023-11-14T10:05:20.783+0000] {dag.py:2941} INFO - Sync 1 DAGs
[2023-11-14T10:05:20.788+0000] {logging_mixin.py:154} INFO - [2023-11-14T10:05:20.788+0000] {dag.py:3722} INFO - Setting next_dagrun for example_dag_decorator to None, run_after=None
[2023-11-14T10:05:20.799+0000] {processor.py:179} INFO - Processing /home/airflow/.local/lib/python3.8/site-packages/airflow/example_dags/example_dag_decorator.py took 0.270 seconds
[2023-11-14T10:05:50.931+0000] {processor.py:157} INFO - Started process (PID=1357) to work on /home/airflow/.local/lib/python3.8/site-packages/airflow/example_dags/example_dag_decorator.py
[2023-11-14T10:05:50.932+0000] {processor.py:829} INFO - Processing file /home/airflow/.local/lib/python3.8/site-packages/airflow/example_dags/example_dag_decorator.py for tasks to queue
[2023-11-14T10:05:50.933+0000] {logging_mixin.py:154} INFO - [2023-11-14T10:05:50.933+0000] {dagbag.py:536} INFO - Filling up the DagBag from /home/airflow/.local/lib/python3.8/site-packages/airflow/example_dags/example_dag_decorator.py
[2023-11-14T10:05:50.973+0000] {processor.py:839} INFO - DAG(s) dict_keys(['example_dag_decorator']) retrieved from /home/airflow/.local/lib/python3.8/site-packages/airflow/example_dags/example_dag_decorator.py
[2023-11-14T10:05:51.173+0000] {logging_mixin.py:154} INFO - [2023-11-14T10:05:51.173+0000] {dag.py:2941} INFO - Sync 1 DAGs
[2023-11-14T10:05:51.179+0000] {logging_mixin.py:154} INFO - [2023-11-14T10:05:51.179+0000] {dag.py:3722} INFO - Setting next_dagrun for example_dag_decorator to None, run_after=None
[2023-11-14T10:05:51.187+0000] {processor.py:179} INFO - Processing /home/airflow/.local/lib/python3.8/site-packages/airflow/example_dags/example_dag_decorator.py took 0.259 seconds
[2023-11-14T10:06:21.289+0000] {processor.py:157} INFO - Started process (PID=1414) to work on /home/airflow/.local/lib/python3.8/site-packages/airflow/example_dags/example_dag_decorator.py
[2023-11-14T10:06:21.290+0000] {processor.py:829} INFO - Processing file /home/airflow/.local/lib/python3.8/site-packages/airflow/example_dags/example_dag_decorator.py for tasks to queue
[2023-11-14T10:06:21.291+0000] {logging_mixin.py:154} INFO - [2023-11-14T10:06:21.291+0000] {dagbag.py:536} INFO - Filling up the DagBag from /home/airflow/.local/lib/python3.8/site-packages/airflow/example_dags/example_dag_decorator.py
[2023-11-14T10:06:21.328+0000] {processor.py:839} INFO - DAG(s) dict_keys(['example_dag_decorator']) retrieved from /home/airflow/.local/lib/python3.8/site-packages/airflow/example_dags/example_dag_decorator.py
[2023-11-14T10:06:21.476+0000] {logging_mixin.py:154} INFO - [2023-11-14T10:06:21.476+0000] {dag.py:2941} INFO - Sync 1 DAGs
[2023-11-14T10:06:21.482+0000] {logging_mixin.py:154} INFO - [2023-11-14T10:06:21.482+0000] {dag.py:3722} INFO - Setting next_dagrun for example_dag_decorator to None, run_after=None
[2023-11-14T10:06:21.494+0000] {processor.py:179} INFO - Processing /home/airflow/.local/lib/python3.8/site-packages/airflow/example_dags/example_dag_decorator.py took 0.208 seconds
[2023-11-14T10:06:51.537+0000] {processor.py:157} INFO - Started process (PID=1470) to work on /home/airflow/.local/lib/python3.8/site-packages/airflow/example_dags/example_dag_decorator.py
[2023-11-14T10:06:51.538+0000] {processor.py:829} INFO - Processing file /home/airflow/.local/lib/python3.8/site-packages/airflow/example_dags/example_dag_decorator.py for tasks to queue
[2023-11-14T10:06:51.540+0000] {logging_mixin.py:154} INFO - [2023-11-14T10:06:51.539+0000] {dagbag.py:536} INFO - Filling up the DagBag from /home/airflow/.local/lib/python3.8/site-packages/airflow/example_dags/example_dag_decorator.py
[2023-11-14T10:06:51.575+0000] {processor.py:839} INFO - DAG(s) dict_keys(['example_dag_decorator']) retrieved from /home/airflow/.local/lib/python3.8/site-packages/airflow/example_dags/example_dag_decorator.py
[2023-11-14T10:06:51.722+0000] {logging_mixin.py:154} INFO - [2023-11-14T10:06:51.722+0000] {dag.py:2941} INFO - Sync 1 DAGs
[2023-11-14T10:06:51.727+0000] {logging_mixin.py:154} INFO - [2023-11-14T10:06:51.726+0000] {dag.py:3722} INFO - Setting next_dagrun for example_dag_decorator to None, run_after=None
[2023-11-14T10:06:51.734+0000] {processor.py:179} INFO - Processing /home/airflow/.local/lib/python3.8/site-packages/airflow/example_dags/example_dag_decorator.py took 0.199 seconds
[2023-11-14T10:07:21.889+0000] {processor.py:157} INFO - Started process (PID=1524) to work on /home/airflow/.local/lib/python3.8/site-packages/airflow/example_dags/example_dag_decorator.py
[2023-11-14T10:07:21.890+0000] {processor.py:829} INFO - Processing file /home/airflow/.local/lib/python3.8/site-packages/airflow/example_dags/example_dag_decorator.py for tasks to queue
[2023-11-14T10:07:21.891+0000] {logging_mixin.py:154} INFO - [2023-11-14T10:07:21.891+0000] {dagbag.py:536} INFO - Filling up the DagBag from /home/airflow/.local/lib/python3.8/site-packages/airflow/example_dags/example_dag_decorator.py
[2023-11-14T10:07:21.929+0000] {processor.py:839} INFO - DAG(s) dict_keys(['example_dag_decorator']) retrieved from /home/airflow/.local/lib/python3.8/site-packages/airflow/example_dags/example_dag_decorator.py
[2023-11-14T10:07:22.049+0000] {logging_mixin.py:154} INFO - [2023-11-14T10:07:22.049+0000] {dag.py:2941} INFO - Sync 1 DAGs
[2023-11-14T10:07:22.055+0000] {logging_mixin.py:154} INFO - [2023-11-14T10:07:22.055+0000] {dag.py:3722} INFO - Setting next_dagrun for example_dag_decorator to None, run_after=None
[2023-11-14T10:07:22.064+0000] {processor.py:179} INFO - Processing /home/airflow/.local/lib/python3.8/site-packages/airflow/example_dags/example_dag_decorator.py took 0.177 seconds
[2023-11-14T10:07:52.117+0000] {processor.py:157} INFO - Started process (PID=1576) to work on /home/airflow/.local/lib/python3.8/site-packages/airflow/example_dags/example_dag_decorator.py
[2023-11-14T10:07:52.117+0000] {processor.py:829} INFO - Processing file /home/airflow/.local/lib/python3.8/site-packages/airflow/example_dags/example_dag_decorator.py for tasks to queue
[2023-11-14T10:07:52.119+0000] {logging_mixin.py:154} INFO - [2023-11-14T10:07:52.119+0000] {dagbag.py:536} INFO - Filling up the DagBag from /home/airflow/.local/lib/python3.8/site-packages/airflow/example_dags/example_dag_decorator.py
[2023-11-14T10:07:52.157+0000] {processor.py:839} INFO - DAG(s) dict_keys(['example_dag_decorator']) retrieved from /home/airflow/.local/lib/python3.8/site-packages/airflow/example_dags/example_dag_decorator.py
[2023-11-14T10:07:52.338+0000] {logging_mixin.py:154} INFO - [2023-11-14T10:07:52.338+0000] {dag.py:2941} INFO - Sync 1 DAGs
[2023-11-14T10:07:52.344+0000] {logging_mixin.py:154} INFO - [2023-11-14T10:07:52.344+0000] {dag.py:3722} INFO - Setting next_dagrun for example_dag_decorator to None, run_after=None
[2023-11-14T10:07:52.354+0000] {processor.py:179} INFO - Processing /home/airflow/.local/lib/python3.8/site-packages/airflow/example_dags/example_dag_decorator.py took 0.240 seconds
[2023-11-14T10:08:22.586+0000] {processor.py:157} INFO - Started process (PID=1625) to work on /home/airflow/.local/lib/python3.8/site-packages/airflow/example_dags/example_dag_decorator.py
[2023-11-14T10:08:22.587+0000] {processor.py:829} INFO - Processing file /home/airflow/.local/lib/python3.8/site-packages/airflow/example_dags/example_dag_decorator.py for tasks to queue
[2023-11-14T10:08:22.589+0000] {logging_mixin.py:154} INFO - [2023-11-14T10:08:22.589+0000] {dagbag.py:536} INFO - Filling up the DagBag from /home/airflow/.local/lib/python3.8/site-packages/airflow/example_dags/example_dag_decorator.py
[2023-11-14T10:08:22.634+0000] {processor.py:839} INFO - DAG(s) dict_keys(['example_dag_decorator']) retrieved from /home/airflow/.local/lib/python3.8/site-packages/airflow/example_dags/example_dag_decorator.py
[2023-11-14T10:08:22.804+0000] {logging_mixin.py:154} INFO - [2023-11-14T10:08:22.804+0000] {dag.py:2941} INFO - Sync 1 DAGs
[2023-11-14T10:08:22.810+0000] {logging_mixin.py:154} INFO - [2023-11-14T10:08:22.809+0000] {dag.py:3722} INFO - Setting next_dagrun for example_dag_decorator to None, run_after=None
[2023-11-14T10:08:22.821+0000] {processor.py:179} INFO - Processing /home/airflow/.local/lib/python3.8/site-packages/airflow/example_dags/example_dag_decorator.py took 0.237 seconds
[2023-11-14T10:08:53.389+0000] {processor.py:157} INFO - Started process (PID=1673) to work on /home/airflow/.local/lib/python3.8/site-packages/airflow/example_dags/example_dag_decorator.py
[2023-11-14T10:08:53.390+0000] {processor.py:829} INFO - Processing file /home/airflow/.local/lib/python3.8/site-packages/airflow/example_dags/example_dag_decorator.py for tasks to queue
[2023-11-14T10:08:53.393+0000] {logging_mixin.py:154} INFO - [2023-11-14T10:08:53.393+0000] {dagbag.py:536} INFO - Filling up the DagBag from /home/airflow/.local/lib/python3.8/site-packages/airflow/example_dags/example_dag_decorator.py
[2023-11-14T10:08:53.451+0000] {processor.py:839} INFO - DAG(s) dict_keys(['example_dag_decorator']) retrieved from /home/airflow/.local/lib/python3.8/site-packages/airflow/example_dags/example_dag_decorator.py
[2023-11-14T10:08:53.616+0000] {logging_mixin.py:154} INFO - [2023-11-14T10:08:53.616+0000] {dag.py:2941} INFO - Sync 1 DAGs
[2023-11-14T10:08:53.621+0000] {logging_mixin.py:154} INFO - [2023-11-14T10:08:53.621+0000] {dag.py:3722} INFO - Setting next_dagrun for example_dag_decorator to None, run_after=None
[2023-11-14T10:08:53.631+0000] {processor.py:179} INFO - Processing /home/airflow/.local/lib/python3.8/site-packages/airflow/example_dags/example_dag_decorator.py took 0.246 seconds
[2023-11-14T10:09:23.824+0000] {processor.py:157} INFO - Started process (PID=1727) to work on /home/airflow/.local/lib/python3.8/site-packages/airflow/example_dags/example_dag_decorator.py
[2023-11-14T10:09:23.825+0000] {processor.py:829} INFO - Processing file /home/airflow/.local/lib/python3.8/site-packages/airflow/example_dags/example_dag_decorator.py for tasks to queue
[2023-11-14T10:09:23.827+0000] {logging_mixin.py:154} INFO - [2023-11-14T10:09:23.826+0000] {dagbag.py:536} INFO - Filling up the DagBag from /home/airflow/.local/lib/python3.8/site-packages/airflow/example_dags/example_dag_decorator.py
[2023-11-14T10:09:23.874+0000] {processor.py:839} INFO - DAG(s) dict_keys(['example_dag_decorator']) retrieved from /home/airflow/.local/lib/python3.8/site-packages/airflow/example_dags/example_dag_decorator.py
[2023-11-14T10:09:24.058+0000] {logging_mixin.py:154} INFO - [2023-11-14T10:09:24.058+0000] {dag.py:2941} INFO - Sync 1 DAGs
[2023-11-14T10:09:24.064+0000] {logging_mixin.py:154} INFO - [2023-11-14T10:09:24.064+0000] {dag.py:3722} INFO - Setting next_dagrun for example_dag_decorator to None, run_after=None
[2023-11-14T10:09:24.075+0000] {processor.py:179} INFO - Processing /home/airflow/.local/lib/python3.8/site-packages/airflow/example_dags/example_dag_decorator.py took 0.254 seconds
[2023-11-14T10:09:54.633+0000] {processor.py:157} INFO - Started process (PID=1781) to work on /home/airflow/.local/lib/python3.8/site-packages/airflow/example_dags/example_dag_decorator.py
[2023-11-14T10:09:54.634+0000] {processor.py:829} INFO - Processing file /home/airflow/.local/lib/python3.8/site-packages/airflow/example_dags/example_dag_decorator.py for tasks to queue
[2023-11-14T10:09:54.638+0000] {logging_mixin.py:154} INFO - [2023-11-14T10:09:54.637+0000] {dagbag.py:536} INFO - Filling up the DagBag from /home/airflow/.local/lib/python3.8/site-packages/airflow/example_dags/example_dag_decorator.py
[2023-11-14T10:09:54.704+0000] {processor.py:839} INFO - DAG(s) dict_keys(['example_dag_decorator']) retrieved from /home/airflow/.local/lib/python3.8/site-packages/airflow/example_dags/example_dag_decorator.py
[2023-11-14T10:09:54.889+0000] {logging_mixin.py:154} INFO - [2023-11-14T10:09:54.889+0000] {dag.py:2941} INFO - Sync 1 DAGs
[2023-11-14T10:09:54.895+0000] {logging_mixin.py:154} INFO - [2023-11-14T10:09:54.895+0000] {dag.py:3722} INFO - Setting next_dagrun for example_dag_decorator to None, run_after=None
[2023-11-14T10:09:54.904+0000] {processor.py:179} INFO - Processing /home/airflow/.local/lib/python3.8/site-packages/airflow/example_dags/example_dag_decorator.py took 0.278 seconds
[2023-11-14T10:10:25.318+0000] {processor.py:157} INFO - Started process (PID=1835) to work on /home/airflow/.local/lib/python3.8/site-packages/airflow/example_dags/example_dag_decorator.py
[2023-11-14T10:10:25.319+0000] {processor.py:829} INFO - Processing file /home/airflow/.local/lib/python3.8/site-packages/airflow/example_dags/example_dag_decorator.py for tasks to queue
[2023-11-14T10:10:25.322+0000] {logging_mixin.py:154} INFO - [2023-11-14T10:10:25.322+0000] {dagbag.py:536} INFO - Filling up the DagBag from /home/airflow/.local/lib/python3.8/site-packages/airflow/example_dags/example_dag_decorator.py
[2023-11-14T10:10:25.486+0000] {processor.py:839} INFO - DAG(s) dict_keys(['example_dag_decorator']) retrieved from /home/airflow/.local/lib/python3.8/site-packages/airflow/example_dags/example_dag_decorator.py
[2023-11-14T10:10:25.547+0000] {logging_mixin.py:154} INFO - [2023-11-14T10:10:25.547+0000] {dag.py:2941} INFO - Sync 1 DAGs
[2023-11-14T10:10:25.553+0000] {logging_mixin.py:154} INFO - [2023-11-14T10:10:25.553+0000] {dag.py:3722} INFO - Setting next_dagrun for example_dag_decorator to None, run_after=None
[2023-11-14T10:10:25.563+0000] {processor.py:179} INFO - Processing /home/airflow/.local/lib/python3.8/site-packages/airflow/example_dags/example_dag_decorator.py took 0.249 seconds
[2023-11-14T10:10:56.226+0000] {processor.py:157} INFO - Started process (PID=1889) to work on /home/airflow/.local/lib/python3.8/site-packages/airflow/example_dags/example_dag_decorator.py
[2023-11-14T10:10:56.228+0000] {processor.py:829} INFO - Processing file /home/airflow/.local/lib/python3.8/site-packages/airflow/example_dags/example_dag_decorator.py for tasks to queue
[2023-11-14T10:10:56.232+0000] {logging_mixin.py:154} INFO - [2023-11-14T10:10:56.232+0000] {dagbag.py:536} INFO - Filling up the DagBag from /home/airflow/.local/lib/python3.8/site-packages/airflow/example_dags/example_dag_decorator.py
[2023-11-14T10:10:56.403+0000] {processor.py:839} INFO - DAG(s) dict_keys(['example_dag_decorator']) retrieved from /home/airflow/.local/lib/python3.8/site-packages/airflow/example_dags/example_dag_decorator.py
[2023-11-14T10:10:56.458+0000] {logging_mixin.py:154} INFO - [2023-11-14T10:10:56.458+0000] {dag.py:2941} INFO - Sync 1 DAGs
[2023-11-14T10:10:56.463+0000] {logging_mixin.py:154} INFO - [2023-11-14T10:10:56.463+0000] {dag.py:3722} INFO - Setting next_dagrun for example_dag_decorator to None, run_after=None
[2023-11-14T10:10:56.475+0000] {processor.py:179} INFO - Processing /home/airflow/.local/lib/python3.8/site-packages/airflow/example_dags/example_dag_decorator.py took 0.253 seconds
[2023-11-14T10:11:26.500+0000] {processor.py:157} INFO - Started process (PID=1943) to work on /home/airflow/.local/lib/python3.8/site-packages/airflow/example_dags/example_dag_decorator.py
[2023-11-14T10:11:26.501+0000] {processor.py:829} INFO - Processing file /home/airflow/.local/lib/python3.8/site-packages/airflow/example_dags/example_dag_decorator.py for tasks to queue
[2023-11-14T10:11:26.503+0000] {logging_mixin.py:154} INFO - [2023-11-14T10:11:26.502+0000] {dagbag.py:536} INFO - Filling up the DagBag from /home/airflow/.local/lib/python3.8/site-packages/airflow/example_dags/example_dag_decorator.py
[2023-11-14T10:11:26.553+0000] {processor.py:839} INFO - DAG(s) dict_keys(['example_dag_decorator']) retrieved from /home/airflow/.local/lib/python3.8/site-packages/airflow/example_dags/example_dag_decorator.py
[2023-11-14T10:11:26.729+0000] {logging_mixin.py:154} INFO - [2023-11-14T10:11:26.729+0000] {dag.py:2941} INFO - Sync 1 DAGs
[2023-11-14T10:11:26.734+0000] {logging_mixin.py:154} INFO - [2023-11-14T10:11:26.734+0000] {dag.py:3722} INFO - Setting next_dagrun for example_dag_decorator to None, run_after=None
[2023-11-14T10:11:26.742+0000] {processor.py:179} INFO - Processing /home/airflow/.local/lib/python3.8/site-packages/airflow/example_dags/example_dag_decorator.py took 0.245 seconds
[2023-11-14T10:11:56.810+0000] {processor.py:157} INFO - Started process (PID=1997) to work on /home/airflow/.local/lib/python3.8/site-packages/airflow/example_dags/example_dag_decorator.py
[2023-11-14T10:11:56.811+0000] {processor.py:829} INFO - Processing file /home/airflow/.local/lib/python3.8/site-packages/airflow/example_dags/example_dag_decorator.py for tasks to queue
[2023-11-14T10:11:56.813+0000] {logging_mixin.py:154} INFO - [2023-11-14T10:11:56.813+0000] {dagbag.py:536} INFO - Filling up the DagBag from /home/airflow/.local/lib/python3.8/site-packages/airflow/example_dags/example_dag_decorator.py
[2023-11-14T10:11:56.976+0000] {processor.py:839} INFO - DAG(s) dict_keys(['example_dag_decorator']) retrieved from /home/airflow/.local/lib/python3.8/site-packages/airflow/example_dags/example_dag_decorator.py
[2023-11-14T10:11:57.029+0000] {logging_mixin.py:154} INFO - [2023-11-14T10:11:57.028+0000] {dag.py:2941} INFO - Sync 1 DAGs
[2023-11-14T10:11:57.035+0000] {logging_mixin.py:154} INFO - [2023-11-14T10:11:57.034+0000] {dag.py:3722} INFO - Setting next_dagrun for example_dag_decorator to None, run_after=None
[2023-11-14T10:11:57.043+0000] {processor.py:179} INFO - Processing /home/airflow/.local/lib/python3.8/site-packages/airflow/example_dags/example_dag_decorator.py took 0.238 seconds
[2023-11-14T10:12:27.133+0000] {processor.py:157} INFO - Started process (PID=2051) to work on /home/airflow/.local/lib/python3.8/site-packages/airflow/example_dags/example_dag_decorator.py
[2023-11-14T10:12:27.134+0000] {processor.py:829} INFO - Processing file /home/airflow/.local/lib/python3.8/site-packages/airflow/example_dags/example_dag_decorator.py for tasks to queue
[2023-11-14T10:12:27.136+0000] {logging_mixin.py:154} INFO - [2023-11-14T10:12:27.136+0000] {dagbag.py:536} INFO - Filling up the DagBag from /home/airflow/.local/lib/python3.8/site-packages/airflow/example_dags/example_dag_decorator.py
[2023-11-14T10:12:27.287+0000] {processor.py:839} INFO - DAG(s) dict_keys(['example_dag_decorator']) retrieved from /home/airflow/.local/lib/python3.8/site-packages/airflow/example_dags/example_dag_decorator.py
[2023-11-14T10:12:27.338+0000] {logging_mixin.py:154} INFO - [2023-11-14T10:12:27.338+0000] {dag.py:2941} INFO - Sync 1 DAGs
[2023-11-14T10:12:27.343+0000] {logging_mixin.py:154} INFO - [2023-11-14T10:12:27.343+0000] {dag.py:3722} INFO - Setting next_dagrun for example_dag_decorator to None, run_after=None
[2023-11-14T10:12:27.354+0000] {processor.py:179} INFO - Processing /home/airflow/.local/lib/python3.8/site-packages/airflow/example_dags/example_dag_decorator.py took 0.226 seconds
[2023-11-14T10:12:57.807+0000] {processor.py:157} INFO - Started process (PID=2105) to work on /home/airflow/.local/lib/python3.8/site-packages/airflow/example_dags/example_dag_decorator.py
[2023-11-14T10:12:57.809+0000] {processor.py:829} INFO - Processing file /home/airflow/.local/lib/python3.8/site-packages/airflow/example_dags/example_dag_decorator.py for tasks to queue
[2023-11-14T10:12:57.811+0000] {logging_mixin.py:154} INFO - [2023-11-14T10:12:57.810+0000] {dagbag.py:536} INFO - Filling up the DagBag from /home/airflow/.local/lib/python3.8/site-packages/airflow/example_dags/example_dag_decorator.py
[2023-11-14T10:12:57.861+0000] {processor.py:839} INFO - DAG(s) dict_keys(['example_dag_decorator']) retrieved from /home/airflow/.local/lib/python3.8/site-packages/airflow/example_dags/example_dag_decorator.py
[2023-11-14T10:12:58.014+0000] {logging_mixin.py:154} INFO - [2023-11-14T10:12:58.014+0000] {dag.py:2941} INFO - Sync 1 DAGs
[2023-11-14T10:12:58.020+0000] {logging_mixin.py:154} INFO - [2023-11-14T10:12:58.020+0000] {dag.py:3722} INFO - Setting next_dagrun for example_dag_decorator to None, run_after=None
[2023-11-14T10:12:58.034+0000] {processor.py:179} INFO - Processing /home/airflow/.local/lib/python3.8/site-packages/airflow/example_dags/example_dag_decorator.py took 0.229 seconds
[2023-11-14T10:13:44.653+0000] {processor.py:157} INFO - Started process (PID=2159) to work on /home/airflow/.local/lib/python3.8/site-packages/airflow/example_dags/example_dag_decorator.py
[2023-11-14T10:13:44.654+0000] {processor.py:829} INFO - Processing file /home/airflow/.local/lib/python3.8/site-packages/airflow/example_dags/example_dag_decorator.py for tasks to queue
[2023-11-14T10:13:44.656+0000] {logging_mixin.py:154} INFO - [2023-11-14T10:13:44.656+0000] {dagbag.py:536} INFO - Filling up the DagBag from /home/airflow/.local/lib/python3.8/site-packages/airflow/example_dags/example_dag_decorator.py
[2023-11-14T10:13:44.732+0000] {processor.py:839} INFO - DAG(s) dict_keys(['example_dag_decorator']) retrieved from /home/airflow/.local/lib/python3.8/site-packages/airflow/example_dags/example_dag_decorator.py
[2023-11-14T10:13:44.839+0000] {logging_mixin.py:154} INFO - [2023-11-14T10:13:44.839+0000] {dag.py:2941} INFO - Sync 1 DAGs
[2023-11-14T10:13:44.846+0000] {logging_mixin.py:154} INFO - [2023-11-14T10:13:44.846+0000] {dag.py:3722} INFO - Setting next_dagrun for example_dag_decorator to None, run_after=None
[2023-11-14T10:13:44.859+0000] {processor.py:179} INFO - Processing /home/airflow/.local/lib/python3.8/site-packages/airflow/example_dags/example_dag_decorator.py took 0.209 seconds
[2023-11-14T10:14:46.364+0000] {processor.py:157} INFO - Started process (PID=2213) to work on /home/airflow/.local/lib/python3.8/site-packages/airflow/example_dags/example_dag_decorator.py
[2023-11-14T10:14:46.366+0000] {processor.py:829} INFO - Processing file /home/airflow/.local/lib/python3.8/site-packages/airflow/example_dags/example_dag_decorator.py for tasks to queue
[2023-11-14T10:14:46.368+0000] {logging_mixin.py:154} INFO - [2023-11-14T10:14:46.367+0000] {dagbag.py:536} INFO - Filling up the DagBag from /home/airflow/.local/lib/python3.8/site-packages/airflow/example_dags/example_dag_decorator.py
[2023-11-14T10:14:46.496+0000] {processor.py:839} INFO - DAG(s) dict_keys(['example_dag_decorator']) retrieved from /home/airflow/.local/lib/python3.8/site-packages/airflow/example_dags/example_dag_decorator.py
[2023-11-14T10:14:46.518+0000] {logging_mixin.py:154} INFO - [2023-11-14T10:14:46.518+0000] {dag.py:2941} INFO - Sync 1 DAGs
[2023-11-14T10:14:46.527+0000] {logging_mixin.py:154} INFO - [2023-11-14T10:14:46.527+0000] {dag.py:3722} INFO - Setting next_dagrun for example_dag_decorator to None, run_after=None
[2023-11-14T10:14:46.545+0000] {processor.py:179} INFO - Processing /home/airflow/.local/lib/python3.8/site-packages/airflow/example_dags/example_dag_decorator.py took 0.183 seconds
[2023-11-14T10:17:56.140+0000] {processor.py:157} INFO - Started process (PID=2267) to work on /home/airflow/.local/lib/python3.8/site-packages/airflow/example_dags/example_dag_decorator.py
[2023-11-14T10:17:56.144+0000] {processor.py:829} INFO - Processing file /home/airflow/.local/lib/python3.8/site-packages/airflow/example_dags/example_dag_decorator.py for tasks to queue
[2023-11-14T10:17:56.148+0000] {logging_mixin.py:154} INFO - [2023-11-14T10:17:56.148+0000] {dagbag.py:536} INFO - Filling up the DagBag from /home/airflow/.local/lib/python3.8/site-packages/airflow/example_dags/example_dag_decorator.py
[2023-11-14T10:17:56.259+0000] {processor.py:839} INFO - DAG(s) dict_keys(['example_dag_decorator']) retrieved from /home/airflow/.local/lib/python3.8/site-packages/airflow/example_dags/example_dag_decorator.py
[2023-11-14T10:17:56.511+0000] {logging_mixin.py:154} INFO - [2023-11-14T10:17:56.511+0000] {dag.py:2941} INFO - Sync 1 DAGs
[2023-11-14T10:17:56.525+0000] {logging_mixin.py:154} INFO - [2023-11-14T10:17:56.525+0000] {dag.py:3722} INFO - Setting next_dagrun for example_dag_decorator to None, run_after=None
[2023-11-14T10:17:56.549+0000] {processor.py:179} INFO - Processing /home/airflow/.local/lib/python3.8/site-packages/airflow/example_dags/example_dag_decorator.py took 0.418 seconds
[2023-11-14T10:20:16.748+0000] {processor.py:157} INFO - Started process (PID=2314) to work on /home/airflow/.local/lib/python3.8/site-packages/airflow/example_dags/example_dag_decorator.py
[2023-11-14T10:20:16.749+0000] {processor.py:829} INFO - Processing file /home/airflow/.local/lib/python3.8/site-packages/airflow/example_dags/example_dag_decorator.py for tasks to queue
[2023-11-14T10:20:16.750+0000] {logging_mixin.py:154} INFO - [2023-11-14T10:20:16.750+0000] {dagbag.py:536} INFO - Filling up the DagBag from /home/airflow/.local/lib/python3.8/site-packages/airflow/example_dags/example_dag_decorator.py
[2023-11-14T10:20:16.848+0000] {processor.py:839} INFO - DAG(s) dict_keys(['example_dag_decorator']) retrieved from /home/airflow/.local/lib/python3.8/site-packages/airflow/example_dags/example_dag_decorator.py
[2023-11-14T10:20:17.201+0000] {logging_mixin.py:154} INFO - [2023-11-14T10:20:17.201+0000] {dag.py:2941} INFO - Sync 1 DAGs
[2023-11-14T10:20:17.209+0000] {logging_mixin.py:154} INFO - [2023-11-14T10:20:17.209+0000] {dag.py:3722} INFO - Setting next_dagrun for example_dag_decorator to None, run_after=None
[2023-11-14T10:20:17.245+0000] {processor.py:179} INFO - Processing /home/airflow/.local/lib/python3.8/site-packages/airflow/example_dags/example_dag_decorator.py took 0.501 seconds
