[2023-11-14T09:52:49.702+0000] {processor.py:157} INFO - Started process (PID=50) to work on /home/airflow/.local/lib/python3.8/site-packages/airflow/example_dags/example_bash_operator.py
[2023-11-14T09:52:49.703+0000] {processor.py:829} INFO - Processing file /home/airflow/.local/lib/python3.8/site-packages/airflow/example_dags/example_bash_operator.py for tasks to queue
[2023-11-14T09:52:49.705+0000] {logging_mixin.py:154} INFO - [2023-11-14T09:52:49.705+0000] {dagbag.py:536} INFO - Filling up the DagBag from /home/airflow/.local/lib/python3.8/site-packages/airflow/example_dags/example_bash_operator.py
[2023-11-14T09:52:49.715+0000] {processor.py:839} INFO - DAG(s) dict_keys(['example_bash_operator']) retrieved from /home/airflow/.local/lib/python3.8/site-packages/airflow/example_dags/example_bash_operator.py
[2023-11-14T09:52:49.740+0000] {logging_mixin.py:154} INFO - [2023-11-14T09:52:49.740+0000] {dag.py:2941} INFO - Sync 1 DAGs
[2023-11-14T09:52:49.755+0000] {logging_mixin.py:154} INFO - [2023-11-14T09:52:49.755+0000] {dag.py:3722} INFO - Setting next_dagrun for example_bash_operator to 2023-11-13T00:00:00+00:00, run_after=2023-11-14T00:00:00+00:00
[2023-11-14T09:52:49.766+0000] {processor.py:179} INFO - Processing /home/airflow/.local/lib/python3.8/site-packages/airflow/example_dags/example_bash_operator.py took 0.068 seconds
[2023-11-14T09:53:40.258+0000] {processor.py:157} INFO - Started process (PID=51) to work on /home/airflow/.local/lib/python3.8/site-packages/airflow/example_dags/example_bash_operator.py
[2023-11-14T09:53:40.259+0000] {processor.py:829} INFO - Processing file /home/airflow/.local/lib/python3.8/site-packages/airflow/example_dags/example_bash_operator.py for tasks to queue
[2023-11-14T09:53:40.261+0000] {logging_mixin.py:154} INFO - [2023-11-14T09:53:40.261+0000] {dagbag.py:536} INFO - Filling up the DagBag from /home/airflow/.local/lib/python3.8/site-packages/airflow/example_dags/example_bash_operator.py
[2023-11-14T09:53:40.275+0000] {processor.py:839} INFO - DAG(s) dict_keys(['example_bash_operator']) retrieved from /home/airflow/.local/lib/python3.8/site-packages/airflow/example_dags/example_bash_operator.py
[2023-11-14T09:53:40.286+0000] {logging_mixin.py:154} INFO - [2023-11-14T09:53:40.286+0000] {dag.py:2941} INFO - Sync 1 DAGs
[2023-11-14T09:53:40.302+0000] {logging_mixin.py:154} INFO - [2023-11-14T09:53:40.302+0000] {dag.py:3722} INFO - Setting next_dagrun for example_bash_operator to 2023-11-13T00:00:00+00:00, run_after=2023-11-14T00:00:00+00:00
[2023-11-14T09:53:40.312+0000] {processor.py:179} INFO - Processing /home/airflow/.local/lib/python3.8/site-packages/airflow/example_dags/example_bash_operator.py took 0.058 seconds
[2023-11-14T09:54:10.816+0000] {processor.py:157} INFO - Started process (PID=104) to work on /home/airflow/.local/lib/python3.8/site-packages/airflow/example_dags/example_bash_operator.py
[2023-11-14T09:54:10.817+0000] {processor.py:829} INFO - Processing file /home/airflow/.local/lib/python3.8/site-packages/airflow/example_dags/example_bash_operator.py for tasks to queue
[2023-11-14T09:54:10.819+0000] {logging_mixin.py:154} INFO - [2023-11-14T09:54:10.818+0000] {dagbag.py:536} INFO - Filling up the DagBag from /home/airflow/.local/lib/python3.8/site-packages/airflow/example_dags/example_bash_operator.py
[2023-11-14T09:54:10.826+0000] {processor.py:839} INFO - DAG(s) dict_keys(['example_bash_operator']) retrieved from /home/airflow/.local/lib/python3.8/site-packages/airflow/example_dags/example_bash_operator.py
[2023-11-14T09:54:10.841+0000] {logging_mixin.py:154} INFO - [2023-11-14T09:54:10.841+0000] {dag.py:2941} INFO - Sync 1 DAGs
[2023-11-14T09:54:10.853+0000] {logging_mixin.py:154} INFO - [2023-11-14T09:54:10.853+0000] {dag.py:3722} INFO - Setting next_dagrun for example_bash_operator to 2023-11-13T00:00:00+00:00, run_after=2023-11-14T00:00:00+00:00
[2023-11-14T09:54:10.863+0000] {processor.py:179} INFO - Processing /home/airflow/.local/lib/python3.8/site-packages/airflow/example_dags/example_bash_operator.py took 0.049 seconds
[2023-11-14T09:54:41.260+0000] {processor.py:157} INFO - Started process (PID=157) to work on /home/airflow/.local/lib/python3.8/site-packages/airflow/example_dags/example_bash_operator.py
[2023-11-14T09:54:41.262+0000] {processor.py:829} INFO - Processing file /home/airflow/.local/lib/python3.8/site-packages/airflow/example_dags/example_bash_operator.py for tasks to queue
[2023-11-14T09:54:41.263+0000] {logging_mixin.py:154} INFO - [2023-11-14T09:54:41.263+0000] {dagbag.py:536} INFO - Filling up the DagBag from /home/airflow/.local/lib/python3.8/site-packages/airflow/example_dags/example_bash_operator.py
[2023-11-14T09:54:41.271+0000] {processor.py:839} INFO - DAG(s) dict_keys(['example_bash_operator']) retrieved from /home/airflow/.local/lib/python3.8/site-packages/airflow/example_dags/example_bash_operator.py
[2023-11-14T09:54:41.290+0000] {logging_mixin.py:154} INFO - [2023-11-14T09:54:41.290+0000] {dag.py:2941} INFO - Sync 1 DAGs
[2023-11-14T09:54:41.305+0000] {logging_mixin.py:154} INFO - [2023-11-14T09:54:41.305+0000] {dag.py:3722} INFO - Setting next_dagrun for example_bash_operator to 2023-11-13T00:00:00+00:00, run_after=2023-11-14T00:00:00+00:00
[2023-11-14T09:54:41.317+0000] {processor.py:179} INFO - Processing /home/airflow/.local/lib/python3.8/site-packages/airflow/example_dags/example_bash_operator.py took 0.059 seconds
[2023-11-14T09:55:11.565+0000] {processor.py:157} INFO - Started process (PID=211) to work on /home/airflow/.local/lib/python3.8/site-packages/airflow/example_dags/example_bash_operator.py
[2023-11-14T09:55:11.567+0000] {processor.py:829} INFO - Processing file /home/airflow/.local/lib/python3.8/site-packages/airflow/example_dags/example_bash_operator.py for tasks to queue
[2023-11-14T09:55:11.569+0000] {logging_mixin.py:154} INFO - [2023-11-14T09:55:11.569+0000] {dagbag.py:536} INFO - Filling up the DagBag from /home/airflow/.local/lib/python3.8/site-packages/airflow/example_dags/example_bash_operator.py
[2023-11-14T09:55:11.578+0000] {processor.py:839} INFO - DAG(s) dict_keys(['example_bash_operator']) retrieved from /home/airflow/.local/lib/python3.8/site-packages/airflow/example_dags/example_bash_operator.py
[2023-11-14T09:55:11.596+0000] {logging_mixin.py:154} INFO - [2023-11-14T09:55:11.596+0000] {dag.py:2941} INFO - Sync 1 DAGs
[2023-11-14T09:55:11.609+0000] {logging_mixin.py:154} INFO - [2023-11-14T09:55:11.609+0000] {dag.py:3722} INFO - Setting next_dagrun for example_bash_operator to 2023-11-13T00:00:00+00:00, run_after=2023-11-14T00:00:00+00:00
[2023-11-14T09:55:11.619+0000] {processor.py:179} INFO - Processing /home/airflow/.local/lib/python3.8/site-packages/airflow/example_dags/example_bash_operator.py took 0.058 seconds
[2023-11-14T09:55:41.928+0000] {processor.py:157} INFO - Started process (PID=265) to work on /home/airflow/.local/lib/python3.8/site-packages/airflow/example_dags/example_bash_operator.py
[2023-11-14T09:55:41.929+0000] {processor.py:829} INFO - Processing file /home/airflow/.local/lib/python3.8/site-packages/airflow/example_dags/example_bash_operator.py for tasks to queue
[2023-11-14T09:55:41.930+0000] {logging_mixin.py:154} INFO - [2023-11-14T09:55:41.930+0000] {dagbag.py:536} INFO - Filling up the DagBag from /home/airflow/.local/lib/python3.8/site-packages/airflow/example_dags/example_bash_operator.py
[2023-11-14T09:55:41.937+0000] {processor.py:839} INFO - DAG(s) dict_keys(['example_bash_operator']) retrieved from /home/airflow/.local/lib/python3.8/site-packages/airflow/example_dags/example_bash_operator.py
[2023-11-14T09:55:41.952+0000] {logging_mixin.py:154} INFO - [2023-11-14T09:55:41.952+0000] {dag.py:2941} INFO - Sync 1 DAGs
[2023-11-14T09:55:41.965+0000] {logging_mixin.py:154} INFO - [2023-11-14T09:55:41.964+0000] {dag.py:3722} INFO - Setting next_dagrun for example_bash_operator to 2023-11-13T00:00:00+00:00, run_after=2023-11-14T00:00:00+00:00
[2023-11-14T09:55:41.973+0000] {processor.py:179} INFO - Processing /home/airflow/.local/lib/python3.8/site-packages/airflow/example_dags/example_bash_operator.py took 0.047 seconds
[2023-11-14T09:56:12.361+0000] {processor.py:157} INFO - Started process (PID=319) to work on /home/airflow/.local/lib/python3.8/site-packages/airflow/example_dags/example_bash_operator.py
[2023-11-14T09:56:12.363+0000] {processor.py:829} INFO - Processing file /home/airflow/.local/lib/python3.8/site-packages/airflow/example_dags/example_bash_operator.py for tasks to queue
[2023-11-14T09:56:12.365+0000] {logging_mixin.py:154} INFO - [2023-11-14T09:56:12.365+0000] {dagbag.py:536} INFO - Filling up the DagBag from /home/airflow/.local/lib/python3.8/site-packages/airflow/example_dags/example_bash_operator.py
[2023-11-14T09:56:12.373+0000] {processor.py:839} INFO - DAG(s) dict_keys(['example_bash_operator']) retrieved from /home/airflow/.local/lib/python3.8/site-packages/airflow/example_dags/example_bash_operator.py
[2023-11-14T09:56:12.395+0000] {logging_mixin.py:154} INFO - [2023-11-14T09:56:12.395+0000] {dag.py:2941} INFO - Sync 1 DAGs
[2023-11-14T09:56:12.413+0000] {logging_mixin.py:154} INFO - [2023-11-14T09:56:12.413+0000] {dag.py:3722} INFO - Setting next_dagrun for example_bash_operator to 2023-11-13T00:00:00+00:00, run_after=2023-11-14T00:00:00+00:00
[2023-11-14T09:56:12.426+0000] {processor.py:179} INFO - Processing /home/airflow/.local/lib/python3.8/site-packages/airflow/example_dags/example_bash_operator.py took 0.069 seconds
[2023-11-14T09:56:42.908+0000] {processor.py:157} INFO - Started process (PID=373) to work on /home/airflow/.local/lib/python3.8/site-packages/airflow/example_dags/example_bash_operator.py
[2023-11-14T09:56:42.909+0000] {processor.py:829} INFO - Processing file /home/airflow/.local/lib/python3.8/site-packages/airflow/example_dags/example_bash_operator.py for tasks to queue
[2023-11-14T09:56:42.911+0000] {logging_mixin.py:154} INFO - [2023-11-14T09:56:42.911+0000] {dagbag.py:536} INFO - Filling up the DagBag from /home/airflow/.local/lib/python3.8/site-packages/airflow/example_dags/example_bash_operator.py
[2023-11-14T09:56:42.920+0000] {processor.py:839} INFO - DAG(s) dict_keys(['example_bash_operator']) retrieved from /home/airflow/.local/lib/python3.8/site-packages/airflow/example_dags/example_bash_operator.py
[2023-11-14T09:56:42.931+0000] {logging_mixin.py:154} INFO - [2023-11-14T09:56:42.931+0000] {dag.py:2941} INFO - Sync 1 DAGs
[2023-11-14T09:56:42.947+0000] {logging_mixin.py:154} INFO - [2023-11-14T09:56:42.947+0000] {dag.py:3722} INFO - Setting next_dagrun for example_bash_operator to 2023-11-13T00:00:00+00:00, run_after=2023-11-14T00:00:00+00:00
[2023-11-14T09:56:42.977+0000] {processor.py:179} INFO - Processing /home/airflow/.local/lib/python3.8/site-packages/airflow/example_dags/example_bash_operator.py took 0.072 seconds
[2023-11-14T09:57:13.193+0000] {processor.py:157} INFO - Started process (PID=428) to work on /home/airflow/.local/lib/python3.8/site-packages/airflow/example_dags/example_bash_operator.py
[2023-11-14T09:57:13.194+0000] {processor.py:829} INFO - Processing file /home/airflow/.local/lib/python3.8/site-packages/airflow/example_dags/example_bash_operator.py for tasks to queue
[2023-11-14T09:57:13.195+0000] {logging_mixin.py:154} INFO - [2023-11-14T09:57:13.195+0000] {dagbag.py:536} INFO - Filling up the DagBag from /home/airflow/.local/lib/python3.8/site-packages/airflow/example_dags/example_bash_operator.py
[2023-11-14T09:57:13.202+0000] {processor.py:839} INFO - DAG(s) dict_keys(['example_bash_operator']) retrieved from /home/airflow/.local/lib/python3.8/site-packages/airflow/example_dags/example_bash_operator.py
[2023-11-14T09:57:13.216+0000] {logging_mixin.py:154} INFO - [2023-11-14T09:57:13.216+0000] {dag.py:2941} INFO - Sync 1 DAGs
[2023-11-14T09:57:13.228+0000] {logging_mixin.py:154} INFO - [2023-11-14T09:57:13.228+0000] {dag.py:3722} INFO - Setting next_dagrun for example_bash_operator to 2023-11-13T00:00:00+00:00, run_after=2023-11-14T00:00:00+00:00
[2023-11-14T09:57:13.237+0000] {processor.py:179} INFO - Processing /home/airflow/.local/lib/python3.8/site-packages/airflow/example_dags/example_bash_operator.py took 0.046 seconds
[2023-11-14T09:57:44.279+0000] {processor.py:157} INFO - Started process (PID=482) to work on /home/airflow/.local/lib/python3.8/site-packages/airflow/example_dags/example_bash_operator.py
[2023-11-14T09:57:44.280+0000] {processor.py:829} INFO - Processing file /home/airflow/.local/lib/python3.8/site-packages/airflow/example_dags/example_bash_operator.py for tasks to queue
[2023-11-14T09:57:44.281+0000] {logging_mixin.py:154} INFO - [2023-11-14T09:57:44.281+0000] {dagbag.py:536} INFO - Filling up the DagBag from /home/airflow/.local/lib/python3.8/site-packages/airflow/example_dags/example_bash_operator.py
[2023-11-14T09:57:44.288+0000] {processor.py:839} INFO - DAG(s) dict_keys(['example_bash_operator']) retrieved from /home/airflow/.local/lib/python3.8/site-packages/airflow/example_dags/example_bash_operator.py
[2023-11-14T09:57:44.303+0000] {logging_mixin.py:154} INFO - [2023-11-14T09:57:44.303+0000] {dag.py:2941} INFO - Sync 1 DAGs
[2023-11-14T09:57:44.317+0000] {logging_mixin.py:154} INFO - [2023-11-14T09:57:44.316+0000] {dag.py:3722} INFO - Setting next_dagrun for example_bash_operator to 2023-11-13T00:00:00+00:00, run_after=2023-11-14T00:00:00+00:00
[2023-11-14T09:57:44.328+0000] {processor.py:179} INFO - Processing /home/airflow/.local/lib/python3.8/site-packages/airflow/example_dags/example_bash_operator.py took 0.051 seconds
[2023-11-14T09:58:14.465+0000] {processor.py:157} INFO - Started process (PID=536) to work on /home/airflow/.local/lib/python3.8/site-packages/airflow/example_dags/example_bash_operator.py
[2023-11-14T09:58:14.466+0000] {processor.py:829} INFO - Processing file /home/airflow/.local/lib/python3.8/site-packages/airflow/example_dags/example_bash_operator.py for tasks to queue
[2023-11-14T09:58:14.468+0000] {logging_mixin.py:154} INFO - [2023-11-14T09:58:14.468+0000] {dagbag.py:536} INFO - Filling up the DagBag from /home/airflow/.local/lib/python3.8/site-packages/airflow/example_dags/example_bash_operator.py
[2023-11-14T09:58:14.476+0000] {processor.py:839} INFO - DAG(s) dict_keys(['example_bash_operator']) retrieved from /home/airflow/.local/lib/python3.8/site-packages/airflow/example_dags/example_bash_operator.py
[2023-11-14T09:58:14.495+0000] {logging_mixin.py:154} INFO - [2023-11-14T09:58:14.495+0000] {dag.py:2941} INFO - Sync 1 DAGs
[2023-11-14T09:58:14.508+0000] {logging_mixin.py:154} INFO - [2023-11-14T09:58:14.508+0000] {dag.py:3722} INFO - Setting next_dagrun for example_bash_operator to 2023-11-13T00:00:00+00:00, run_after=2023-11-14T00:00:00+00:00
[2023-11-14T09:58:14.518+0000] {processor.py:179} INFO - Processing /home/airflow/.local/lib/python3.8/site-packages/airflow/example_dags/example_bash_operator.py took 0.056 seconds
[2023-11-14T09:58:44.572+0000] {processor.py:157} INFO - Started process (PID=590) to work on /home/airflow/.local/lib/python3.8/site-packages/airflow/example_dags/example_bash_operator.py
[2023-11-14T09:58:44.573+0000] {processor.py:829} INFO - Processing file /home/airflow/.local/lib/python3.8/site-packages/airflow/example_dags/example_bash_operator.py for tasks to queue
[2023-11-14T09:58:44.575+0000] {logging_mixin.py:154} INFO - [2023-11-14T09:58:44.575+0000] {dagbag.py:536} INFO - Filling up the DagBag from /home/airflow/.local/lib/python3.8/site-packages/airflow/example_dags/example_bash_operator.py
[2023-11-14T09:58:44.584+0000] {processor.py:839} INFO - DAG(s) dict_keys(['example_bash_operator']) retrieved from /home/airflow/.local/lib/python3.8/site-packages/airflow/example_dags/example_bash_operator.py
[2023-11-14T09:58:44.602+0000] {logging_mixin.py:154} INFO - [2023-11-14T09:58:44.602+0000] {dag.py:2941} INFO - Sync 1 DAGs
[2023-11-14T09:58:44.615+0000] {logging_mixin.py:154} INFO - [2023-11-14T09:58:44.615+0000] {dag.py:3722} INFO - Setting next_dagrun for example_bash_operator to 2023-11-13T00:00:00+00:00, run_after=2023-11-14T00:00:00+00:00
[2023-11-14T09:58:44.625+0000] {processor.py:179} INFO - Processing /home/airflow/.local/lib/python3.8/site-packages/airflow/example_dags/example_bash_operator.py took 0.056 seconds
[2023-11-14T09:59:14.939+0000] {processor.py:157} INFO - Started process (PID=644) to work on /home/airflow/.local/lib/python3.8/site-packages/airflow/example_dags/example_bash_operator.py
[2023-11-14T09:59:14.939+0000] {processor.py:829} INFO - Processing file /home/airflow/.local/lib/python3.8/site-packages/airflow/example_dags/example_bash_operator.py for tasks to queue
[2023-11-14T09:59:14.941+0000] {logging_mixin.py:154} INFO - [2023-11-14T09:59:14.941+0000] {dagbag.py:536} INFO - Filling up the DagBag from /home/airflow/.local/lib/python3.8/site-packages/airflow/example_dags/example_bash_operator.py
[2023-11-14T09:59:14.949+0000] {processor.py:839} INFO - DAG(s) dict_keys(['example_bash_operator']) retrieved from /home/airflow/.local/lib/python3.8/site-packages/airflow/example_dags/example_bash_operator.py
[2023-11-14T09:59:14.967+0000] {logging_mixin.py:154} INFO - [2023-11-14T09:59:14.967+0000] {dag.py:2941} INFO - Sync 1 DAGs
[2023-11-14T09:59:14.982+0000] {logging_mixin.py:154} INFO - [2023-11-14T09:59:14.982+0000] {dag.py:3722} INFO - Setting next_dagrun for example_bash_operator to 2023-11-13T00:00:00+00:00, run_after=2023-11-14T00:00:00+00:00
[2023-11-14T09:59:14.996+0000] {processor.py:179} INFO - Processing /home/airflow/.local/lib/python3.8/site-packages/airflow/example_dags/example_bash_operator.py took 0.060 seconds
[2023-11-14T09:59:45.346+0000] {processor.py:157} INFO - Started process (PID=698) to work on /home/airflow/.local/lib/python3.8/site-packages/airflow/example_dags/example_bash_operator.py
[2023-11-14T09:59:45.347+0000] {processor.py:829} INFO - Processing file /home/airflow/.local/lib/python3.8/site-packages/airflow/example_dags/example_bash_operator.py for tasks to queue
[2023-11-14T09:59:45.349+0000] {logging_mixin.py:154} INFO - [2023-11-14T09:59:45.349+0000] {dagbag.py:536} INFO - Filling up the DagBag from /home/airflow/.local/lib/python3.8/site-packages/airflow/example_dags/example_bash_operator.py
[2023-11-14T09:59:45.358+0000] {processor.py:839} INFO - DAG(s) dict_keys(['example_bash_operator']) retrieved from /home/airflow/.local/lib/python3.8/site-packages/airflow/example_dags/example_bash_operator.py
[2023-11-14T09:59:45.383+0000] {logging_mixin.py:154} INFO - [2023-11-14T09:59:45.383+0000] {dag.py:2941} INFO - Sync 1 DAGs
[2023-11-14T09:59:45.401+0000] {logging_mixin.py:154} INFO - [2023-11-14T09:59:45.400+0000] {dag.py:3722} INFO - Setting next_dagrun for example_bash_operator to 2023-11-13T00:00:00+00:00, run_after=2023-11-14T00:00:00+00:00
[2023-11-14T09:59:45.414+0000] {processor.py:179} INFO - Processing /home/airflow/.local/lib/python3.8/site-packages/airflow/example_dags/example_bash_operator.py took 0.070 seconds
[2023-11-14T10:00:15.646+0000] {processor.py:157} INFO - Started process (PID=752) to work on /home/airflow/.local/lib/python3.8/site-packages/airflow/example_dags/example_bash_operator.py
[2023-11-14T10:00:15.647+0000] {processor.py:829} INFO - Processing file /home/airflow/.local/lib/python3.8/site-packages/airflow/example_dags/example_bash_operator.py for tasks to queue
[2023-11-14T10:00:15.649+0000] {logging_mixin.py:154} INFO - [2023-11-14T10:00:15.649+0000] {dagbag.py:536} INFO - Filling up the DagBag from /home/airflow/.local/lib/python3.8/site-packages/airflow/example_dags/example_bash_operator.py
[2023-11-14T10:00:15.657+0000] {processor.py:839} INFO - DAG(s) dict_keys(['example_bash_operator']) retrieved from /home/airflow/.local/lib/python3.8/site-packages/airflow/example_dags/example_bash_operator.py
[2023-11-14T10:00:15.676+0000] {logging_mixin.py:154} INFO - [2023-11-14T10:00:15.675+0000] {dag.py:2941} INFO - Sync 1 DAGs
[2023-11-14T10:00:15.692+0000] {logging_mixin.py:154} INFO - [2023-11-14T10:00:15.692+0000] {dag.py:3722} INFO - Setting next_dagrun for example_bash_operator to 2023-11-13T00:00:00+00:00, run_after=2023-11-14T00:00:00+00:00
[2023-11-14T10:00:15.707+0000] {processor.py:179} INFO - Processing /home/airflow/.local/lib/python3.8/site-packages/airflow/example_dags/example_bash_operator.py took 0.064 seconds
[2023-11-14T10:00:45.905+0000] {processor.py:157} INFO - Started process (PID=806) to work on /home/airflow/.local/lib/python3.8/site-packages/airflow/example_dags/example_bash_operator.py
[2023-11-14T10:00:45.906+0000] {processor.py:829} INFO - Processing file /home/airflow/.local/lib/python3.8/site-packages/airflow/example_dags/example_bash_operator.py for tasks to queue
[2023-11-14T10:00:45.908+0000] {logging_mixin.py:154} INFO - [2023-11-14T10:00:45.907+0000] {dagbag.py:536} INFO - Filling up the DagBag from /home/airflow/.local/lib/python3.8/site-packages/airflow/example_dags/example_bash_operator.py
[2023-11-14T10:00:45.914+0000] {processor.py:839} INFO - DAG(s) dict_keys(['example_bash_operator']) retrieved from /home/airflow/.local/lib/python3.8/site-packages/airflow/example_dags/example_bash_operator.py
[2023-11-14T10:00:45.930+0000] {logging_mixin.py:154} INFO - [2023-11-14T10:00:45.930+0000] {dag.py:2941} INFO - Sync 1 DAGs
[2023-11-14T10:00:45.943+0000] {logging_mixin.py:154} INFO - [2023-11-14T10:00:45.943+0000] {dag.py:3722} INFO - Setting next_dagrun for example_bash_operator to 2023-11-13T00:00:00+00:00, run_after=2023-11-14T00:00:00+00:00
[2023-11-14T10:00:45.953+0000] {processor.py:179} INFO - Processing /home/airflow/.local/lib/python3.8/site-packages/airflow/example_dags/example_bash_operator.py took 0.050 seconds
[2023-11-14T10:01:16.006+0000] {processor.py:157} INFO - Started process (PID=860) to work on /home/airflow/.local/lib/python3.8/site-packages/airflow/example_dags/example_bash_operator.py
[2023-11-14T10:01:16.007+0000] {processor.py:829} INFO - Processing file /home/airflow/.local/lib/python3.8/site-packages/airflow/example_dags/example_bash_operator.py for tasks to queue
[2023-11-14T10:01:16.009+0000] {logging_mixin.py:154} INFO - [2023-11-14T10:01:16.009+0000] {dagbag.py:536} INFO - Filling up the DagBag from /home/airflow/.local/lib/python3.8/site-packages/airflow/example_dags/example_bash_operator.py
[2023-11-14T10:01:16.017+0000] {processor.py:839} INFO - DAG(s) dict_keys(['example_bash_operator']) retrieved from /home/airflow/.local/lib/python3.8/site-packages/airflow/example_dags/example_bash_operator.py
[2023-11-14T10:01:16.035+0000] {logging_mixin.py:154} INFO - [2023-11-14T10:01:16.035+0000] {dag.py:2941} INFO - Sync 1 DAGs
[2023-11-14T10:01:16.049+0000] {logging_mixin.py:154} INFO - [2023-11-14T10:01:16.049+0000] {dag.py:3722} INFO - Setting next_dagrun for example_bash_operator to 2023-11-13T00:00:00+00:00, run_after=2023-11-14T00:00:00+00:00
[2023-11-14T10:01:16.059+0000] {processor.py:179} INFO - Processing /home/airflow/.local/lib/python3.8/site-packages/airflow/example_dags/example_bash_operator.py took 0.056 seconds
[2023-11-14T10:01:46.081+0000] {processor.py:157} INFO - Started process (PID=913) to work on /home/airflow/.local/lib/python3.8/site-packages/airflow/example_dags/example_bash_operator.py
[2023-11-14T10:01:46.082+0000] {processor.py:829} INFO - Processing file /home/airflow/.local/lib/python3.8/site-packages/airflow/example_dags/example_bash_operator.py for tasks to queue
[2023-11-14T10:01:46.083+0000] {logging_mixin.py:154} INFO - [2023-11-14T10:01:46.083+0000] {dagbag.py:536} INFO - Filling up the DagBag from /home/airflow/.local/lib/python3.8/site-packages/airflow/example_dags/example_bash_operator.py
[2023-11-14T10:01:46.091+0000] {processor.py:839} INFO - DAG(s) dict_keys(['example_bash_operator']) retrieved from /home/airflow/.local/lib/python3.8/site-packages/airflow/example_dags/example_bash_operator.py
[2023-11-14T10:01:46.106+0000] {logging_mixin.py:154} INFO - [2023-11-14T10:01:46.105+0000] {dag.py:2941} INFO - Sync 1 DAGs
[2023-11-14T10:01:46.119+0000] {logging_mixin.py:154} INFO - [2023-11-14T10:01:46.119+0000] {dag.py:3722} INFO - Setting next_dagrun for example_bash_operator to 2023-11-13T00:00:00+00:00, run_after=2023-11-14T00:00:00+00:00
[2023-11-14T10:01:46.128+0000] {processor.py:179} INFO - Processing /home/airflow/.local/lib/python3.8/site-packages/airflow/example_dags/example_bash_operator.py took 0.049 seconds
[2023-11-14T10:02:16.949+0000] {processor.py:157} INFO - Started process (PID=967) to work on /home/airflow/.local/lib/python3.8/site-packages/airflow/example_dags/example_bash_operator.py
[2023-11-14T10:02:16.950+0000] {processor.py:829} INFO - Processing file /home/airflow/.local/lib/python3.8/site-packages/airflow/example_dags/example_bash_operator.py for tasks to queue
[2023-11-14T10:02:16.952+0000] {logging_mixin.py:154} INFO - [2023-11-14T10:02:16.951+0000] {dagbag.py:536} INFO - Filling up the DagBag from /home/airflow/.local/lib/python3.8/site-packages/airflow/example_dags/example_bash_operator.py
[2023-11-14T10:02:16.960+0000] {processor.py:839} INFO - DAG(s) dict_keys(['example_bash_operator']) retrieved from /home/airflow/.local/lib/python3.8/site-packages/airflow/example_dags/example_bash_operator.py
[2023-11-14T10:02:16.981+0000] {logging_mixin.py:154} INFO - [2023-11-14T10:02:16.981+0000] {dag.py:2941} INFO - Sync 1 DAGs
[2023-11-14T10:02:16.996+0000] {logging_mixin.py:154} INFO - [2023-11-14T10:02:16.996+0000] {dag.py:3722} INFO - Setting next_dagrun for example_bash_operator to 2023-11-13T00:00:00+00:00, run_after=2023-11-14T00:00:00+00:00
[2023-11-14T10:02:17.006+0000] {processor.py:179} INFO - Processing /home/airflow/.local/lib/python3.8/site-packages/airflow/example_dags/example_bash_operator.py took 0.060 seconds
[2023-11-14T10:02:47.261+0000] {processor.py:157} INFO - Started process (PID=1021) to work on /home/airflow/.local/lib/python3.8/site-packages/airflow/example_dags/example_bash_operator.py
[2023-11-14T10:02:47.262+0000] {processor.py:829} INFO - Processing file /home/airflow/.local/lib/python3.8/site-packages/airflow/example_dags/example_bash_operator.py for tasks to queue
[2023-11-14T10:02:47.264+0000] {logging_mixin.py:154} INFO - [2023-11-14T10:02:47.264+0000] {dagbag.py:536} INFO - Filling up the DagBag from /home/airflow/.local/lib/python3.8/site-packages/airflow/example_dags/example_bash_operator.py
[2023-11-14T10:02:47.274+0000] {processor.py:839} INFO - DAG(s) dict_keys(['example_bash_operator']) retrieved from /home/airflow/.local/lib/python3.8/site-packages/airflow/example_dags/example_bash_operator.py
[2023-11-14T10:02:47.295+0000] {logging_mixin.py:154} INFO - [2023-11-14T10:02:47.295+0000] {dag.py:2941} INFO - Sync 1 DAGs
[2023-11-14T10:02:47.308+0000] {logging_mixin.py:154} INFO - [2023-11-14T10:02:47.308+0000] {dag.py:3722} INFO - Setting next_dagrun for example_bash_operator to 2023-11-13T00:00:00+00:00, run_after=2023-11-14T00:00:00+00:00
[2023-11-14T10:02:47.318+0000] {processor.py:179} INFO - Processing /home/airflow/.local/lib/python3.8/site-packages/airflow/example_dags/example_bash_operator.py took 0.061 seconds
[2023-11-14T10:03:18.249+0000] {processor.py:157} INFO - Started process (PID=1075) to work on /home/airflow/.local/lib/python3.8/site-packages/airflow/example_dags/example_bash_operator.py
[2023-11-14T10:03:18.249+0000] {processor.py:829} INFO - Processing file /home/airflow/.local/lib/python3.8/site-packages/airflow/example_dags/example_bash_operator.py for tasks to queue
[2023-11-14T10:03:18.251+0000] {logging_mixin.py:154} INFO - [2023-11-14T10:03:18.251+0000] {dagbag.py:536} INFO - Filling up the DagBag from /home/airflow/.local/lib/python3.8/site-packages/airflow/example_dags/example_bash_operator.py
[2023-11-14T10:03:18.258+0000] {processor.py:839} INFO - DAG(s) dict_keys(['example_bash_operator']) retrieved from /home/airflow/.local/lib/python3.8/site-packages/airflow/example_dags/example_bash_operator.py
[2023-11-14T10:03:18.273+0000] {logging_mixin.py:154} INFO - [2023-11-14T10:03:18.273+0000] {dag.py:2941} INFO - Sync 1 DAGs
[2023-11-14T10:03:18.286+0000] {logging_mixin.py:154} INFO - [2023-11-14T10:03:18.286+0000] {dag.py:3722} INFO - Setting next_dagrun for example_bash_operator to 2023-11-13T00:00:00+00:00, run_after=2023-11-14T00:00:00+00:00
[2023-11-14T10:03:18.294+0000] {processor.py:179} INFO - Processing /home/airflow/.local/lib/python3.8/site-packages/airflow/example_dags/example_bash_operator.py took 0.048 seconds
[2023-11-14T10:03:48.480+0000] {processor.py:157} INFO - Started process (PID=1129) to work on /home/airflow/.local/lib/python3.8/site-packages/airflow/example_dags/example_bash_operator.py
[2023-11-14T10:03:48.481+0000] {processor.py:829} INFO - Processing file /home/airflow/.local/lib/python3.8/site-packages/airflow/example_dags/example_bash_operator.py for tasks to queue
[2023-11-14T10:03:48.482+0000] {logging_mixin.py:154} INFO - [2023-11-14T10:03:48.482+0000] {dagbag.py:536} INFO - Filling up the DagBag from /home/airflow/.local/lib/python3.8/site-packages/airflow/example_dags/example_bash_operator.py
[2023-11-14T10:03:48.489+0000] {processor.py:839} INFO - DAG(s) dict_keys(['example_bash_operator']) retrieved from /home/airflow/.local/lib/python3.8/site-packages/airflow/example_dags/example_bash_operator.py
[2023-11-14T10:03:48.507+0000] {logging_mixin.py:154} INFO - [2023-11-14T10:03:48.507+0000] {dag.py:2941} INFO - Sync 1 DAGs
[2023-11-14T10:03:48.520+0000] {logging_mixin.py:154} INFO - [2023-11-14T10:03:48.520+0000] {dag.py:3722} INFO - Setting next_dagrun for example_bash_operator to 2023-11-13T00:00:00+00:00, run_after=2023-11-14T00:00:00+00:00
[2023-11-14T10:03:48.530+0000] {processor.py:179} INFO - Processing /home/airflow/.local/lib/python3.8/site-packages/airflow/example_dags/example_bash_operator.py took 0.052 seconds
[2023-11-14T10:04:18.738+0000] {processor.py:157} INFO - Started process (PID=1183) to work on /home/airflow/.local/lib/python3.8/site-packages/airflow/example_dags/example_bash_operator.py
[2023-11-14T10:04:18.739+0000] {processor.py:829} INFO - Processing file /home/airflow/.local/lib/python3.8/site-packages/airflow/example_dags/example_bash_operator.py for tasks to queue
[2023-11-14T10:04:18.741+0000] {logging_mixin.py:154} INFO - [2023-11-14T10:04:18.740+0000] {dagbag.py:536} INFO - Filling up the DagBag from /home/airflow/.local/lib/python3.8/site-packages/airflow/example_dags/example_bash_operator.py
[2023-11-14T10:04:18.748+0000] {processor.py:839} INFO - DAG(s) dict_keys(['example_bash_operator']) retrieved from /home/airflow/.local/lib/python3.8/site-packages/airflow/example_dags/example_bash_operator.py
[2023-11-14T10:04:18.763+0000] {logging_mixin.py:154} INFO - [2023-11-14T10:04:18.763+0000] {dag.py:2941} INFO - Sync 1 DAGs
[2023-11-14T10:04:18.774+0000] {logging_mixin.py:154} INFO - [2023-11-14T10:04:18.774+0000] {dag.py:3722} INFO - Setting next_dagrun for example_bash_operator to 2023-11-13T00:00:00+00:00, run_after=2023-11-14T00:00:00+00:00
[2023-11-14T10:04:18.782+0000] {processor.py:179} INFO - Processing /home/airflow/.local/lib/python3.8/site-packages/airflow/example_dags/example_bash_operator.py took 0.046 seconds
[2023-11-14T10:04:48.938+0000] {processor.py:157} INFO - Started process (PID=1237) to work on /home/airflow/.local/lib/python3.8/site-packages/airflow/example_dags/example_bash_operator.py
[2023-11-14T10:04:48.938+0000] {processor.py:829} INFO - Processing file /home/airflow/.local/lib/python3.8/site-packages/airflow/example_dags/example_bash_operator.py for tasks to queue
[2023-11-14T10:04:48.940+0000] {logging_mixin.py:154} INFO - [2023-11-14T10:04:48.940+0000] {dagbag.py:536} INFO - Filling up the DagBag from /home/airflow/.local/lib/python3.8/site-packages/airflow/example_dags/example_bash_operator.py
[2023-11-14T10:04:48.947+0000] {processor.py:839} INFO - DAG(s) dict_keys(['example_bash_operator']) retrieved from /home/airflow/.local/lib/python3.8/site-packages/airflow/example_dags/example_bash_operator.py
[2023-11-14T10:04:48.962+0000] {logging_mixin.py:154} INFO - [2023-11-14T10:04:48.962+0000] {dag.py:2941} INFO - Sync 1 DAGs
[2023-11-14T10:04:48.975+0000] {logging_mixin.py:154} INFO - [2023-11-14T10:04:48.975+0000] {dag.py:3722} INFO - Setting next_dagrun for example_bash_operator to 2023-11-13T00:00:00+00:00, run_after=2023-11-14T00:00:00+00:00
[2023-11-14T10:04:48.986+0000] {processor.py:179} INFO - Processing /home/airflow/.local/lib/python3.8/site-packages/airflow/example_dags/example_bash_operator.py took 0.050 seconds
[2023-11-14T10:05:19.190+0000] {processor.py:157} INFO - Started process (PID=1291) to work on /home/airflow/.local/lib/python3.8/site-packages/airflow/example_dags/example_bash_operator.py
[2023-11-14T10:05:19.191+0000] {processor.py:829} INFO - Processing file /home/airflow/.local/lib/python3.8/site-packages/airflow/example_dags/example_bash_operator.py for tasks to queue
[2023-11-14T10:05:19.193+0000] {logging_mixin.py:154} INFO - [2023-11-14T10:05:19.193+0000] {dagbag.py:536} INFO - Filling up the DagBag from /home/airflow/.local/lib/python3.8/site-packages/airflow/example_dags/example_bash_operator.py
[2023-11-14T10:05:19.201+0000] {processor.py:839} INFO - DAG(s) dict_keys(['example_bash_operator']) retrieved from /home/airflow/.local/lib/python3.8/site-packages/airflow/example_dags/example_bash_operator.py
[2023-11-14T10:05:19.217+0000] {logging_mixin.py:154} INFO - [2023-11-14T10:05:19.217+0000] {dag.py:2941} INFO - Sync 1 DAGs
[2023-11-14T10:05:19.229+0000] {logging_mixin.py:154} INFO - [2023-11-14T10:05:19.229+0000] {dag.py:3722} INFO - Setting next_dagrun for example_bash_operator to 2023-11-13T00:00:00+00:00, run_after=2023-11-14T00:00:00+00:00
[2023-11-14T10:05:19.236+0000] {processor.py:179} INFO - Processing /home/airflow/.local/lib/python3.8/site-packages/airflow/example_dags/example_bash_operator.py took 0.049 seconds
[2023-11-14T10:05:49.470+0000] {processor.py:157} INFO - Started process (PID=1345) to work on /home/airflow/.local/lib/python3.8/site-packages/airflow/example_dags/example_bash_operator.py
[2023-11-14T10:05:49.471+0000] {processor.py:829} INFO - Processing file /home/airflow/.local/lib/python3.8/site-packages/airflow/example_dags/example_bash_operator.py for tasks to queue
[2023-11-14T10:05:49.473+0000] {logging_mixin.py:154} INFO - [2023-11-14T10:05:49.473+0000] {dagbag.py:536} INFO - Filling up the DagBag from /home/airflow/.local/lib/python3.8/site-packages/airflow/example_dags/example_bash_operator.py
[2023-11-14T10:05:49.480+0000] {processor.py:839} INFO - DAG(s) dict_keys(['example_bash_operator']) retrieved from /home/airflow/.local/lib/python3.8/site-packages/airflow/example_dags/example_bash_operator.py
[2023-11-14T10:05:49.496+0000] {logging_mixin.py:154} INFO - [2023-11-14T10:05:49.496+0000] {dag.py:2941} INFO - Sync 1 DAGs
[2023-11-14T10:05:49.508+0000] {logging_mixin.py:154} INFO - [2023-11-14T10:05:49.507+0000] {dag.py:3722} INFO - Setting next_dagrun for example_bash_operator to 2023-11-13T00:00:00+00:00, run_after=2023-11-14T00:00:00+00:00
[2023-11-14T10:05:49.516+0000] {processor.py:179} INFO - Processing /home/airflow/.local/lib/python3.8/site-packages/airflow/example_dags/example_bash_operator.py took 0.048 seconds
[2023-11-14T10:06:19.714+0000] {processor.py:157} INFO - Started process (PID=1399) to work on /home/airflow/.local/lib/python3.8/site-packages/airflow/example_dags/example_bash_operator.py
[2023-11-14T10:06:19.715+0000] {processor.py:829} INFO - Processing file /home/airflow/.local/lib/python3.8/site-packages/airflow/example_dags/example_bash_operator.py for tasks to queue
[2023-11-14T10:06:19.717+0000] {logging_mixin.py:154} INFO - [2023-11-14T10:06:19.716+0000] {dagbag.py:536} INFO - Filling up the DagBag from /home/airflow/.local/lib/python3.8/site-packages/airflow/example_dags/example_bash_operator.py
[2023-11-14T10:06:19.723+0000] {processor.py:839} INFO - DAG(s) dict_keys(['example_bash_operator']) retrieved from /home/airflow/.local/lib/python3.8/site-packages/airflow/example_dags/example_bash_operator.py
[2023-11-14T10:06:19.738+0000] {logging_mixin.py:154} INFO - [2023-11-14T10:06:19.738+0000] {dag.py:2941} INFO - Sync 1 DAGs
[2023-11-14T10:06:19.750+0000] {logging_mixin.py:154} INFO - [2023-11-14T10:06:19.750+0000] {dag.py:3722} INFO - Setting next_dagrun for example_bash_operator to 2023-11-13T00:00:00+00:00, run_after=2023-11-14T00:00:00+00:00
[2023-11-14T10:06:19.758+0000] {processor.py:179} INFO - Processing /home/airflow/.local/lib/python3.8/site-packages/airflow/example_dags/example_bash_operator.py took 0.046 seconds
[2023-11-14T10:06:49.910+0000] {processor.py:157} INFO - Started process (PID=1453) to work on /home/airflow/.local/lib/python3.8/site-packages/airflow/example_dags/example_bash_operator.py
[2023-11-14T10:06:49.911+0000] {processor.py:829} INFO - Processing file /home/airflow/.local/lib/python3.8/site-packages/airflow/example_dags/example_bash_operator.py for tasks to queue
[2023-11-14T10:06:49.913+0000] {logging_mixin.py:154} INFO - [2023-11-14T10:06:49.912+0000] {dagbag.py:536} INFO - Filling up the DagBag from /home/airflow/.local/lib/python3.8/site-packages/airflow/example_dags/example_bash_operator.py
[2023-11-14T10:06:49.919+0000] {processor.py:839} INFO - DAG(s) dict_keys(['example_bash_operator']) retrieved from /home/airflow/.local/lib/python3.8/site-packages/airflow/example_dags/example_bash_operator.py
[2023-11-14T10:06:49.933+0000] {logging_mixin.py:154} INFO - [2023-11-14T10:06:49.933+0000] {dag.py:2941} INFO - Sync 1 DAGs
[2023-11-14T10:06:49.943+0000] {logging_mixin.py:154} INFO - [2023-11-14T10:06:49.943+0000] {dag.py:3722} INFO - Setting next_dagrun for example_bash_operator to 2023-11-13T00:00:00+00:00, run_after=2023-11-14T00:00:00+00:00
[2023-11-14T10:06:49.952+0000] {processor.py:179} INFO - Processing /home/airflow/.local/lib/python3.8/site-packages/airflow/example_dags/example_bash_operator.py took 0.044 seconds
[2023-11-14T10:07:20.228+0000] {processor.py:157} INFO - Started process (PID=1507) to work on /home/airflow/.local/lib/python3.8/site-packages/airflow/example_dags/example_bash_operator.py
[2023-11-14T10:07:20.228+0000] {processor.py:829} INFO - Processing file /home/airflow/.local/lib/python3.8/site-packages/airflow/example_dags/example_bash_operator.py for tasks to queue
[2023-11-14T10:07:20.230+0000] {logging_mixin.py:154} INFO - [2023-11-14T10:07:20.230+0000] {dagbag.py:536} INFO - Filling up the DagBag from /home/airflow/.local/lib/python3.8/site-packages/airflow/example_dags/example_bash_operator.py
[2023-11-14T10:07:20.237+0000] {processor.py:839} INFO - DAG(s) dict_keys(['example_bash_operator']) retrieved from /home/airflow/.local/lib/python3.8/site-packages/airflow/example_dags/example_bash_operator.py
[2023-11-14T10:07:20.251+0000] {logging_mixin.py:154} INFO - [2023-11-14T10:07:20.251+0000] {dag.py:2941} INFO - Sync 1 DAGs
[2023-11-14T10:07:20.263+0000] {logging_mixin.py:154} INFO - [2023-11-14T10:07:20.263+0000] {dag.py:3722} INFO - Setting next_dagrun for example_bash_operator to 2023-11-13T00:00:00+00:00, run_after=2023-11-14T00:00:00+00:00
[2023-11-14T10:07:20.271+0000] {processor.py:179} INFO - Processing /home/airflow/.local/lib/python3.8/site-packages/airflow/example_dags/example_bash_operator.py took 0.045 seconds
[2023-11-14T10:07:50.536+0000] {processor.py:157} INFO - Started process (PID=1561) to work on /home/airflow/.local/lib/python3.8/site-packages/airflow/example_dags/example_bash_operator.py
[2023-11-14T10:07:50.536+0000] {processor.py:829} INFO - Processing file /home/airflow/.local/lib/python3.8/site-packages/airflow/example_dags/example_bash_operator.py for tasks to queue
[2023-11-14T10:07:50.538+0000] {logging_mixin.py:154} INFO - [2023-11-14T10:07:50.538+0000] {dagbag.py:536} INFO - Filling up the DagBag from /home/airflow/.local/lib/python3.8/site-packages/airflow/example_dags/example_bash_operator.py
[2023-11-14T10:07:50.545+0000] {processor.py:839} INFO - DAG(s) dict_keys(['example_bash_operator']) retrieved from /home/airflow/.local/lib/python3.8/site-packages/airflow/example_dags/example_bash_operator.py
[2023-11-14T10:07:50.560+0000] {logging_mixin.py:154} INFO - [2023-11-14T10:07:50.560+0000] {dag.py:2941} INFO - Sync 1 DAGs
[2023-11-14T10:07:50.572+0000] {logging_mixin.py:154} INFO - [2023-11-14T10:07:50.572+0000] {dag.py:3722} INFO - Setting next_dagrun for example_bash_operator to 2023-11-13T00:00:00+00:00, run_after=2023-11-14T00:00:00+00:00
[2023-11-14T10:07:50.580+0000] {processor.py:179} INFO - Processing /home/airflow/.local/lib/python3.8/site-packages/airflow/example_dags/example_bash_operator.py took 0.047 seconds
[2023-11-14T10:08:20.950+0000] {processor.py:157} INFO - Started process (PID=1615) to work on /home/airflow/.local/lib/python3.8/site-packages/airflow/example_dags/example_bash_operator.py
[2023-11-14T10:08:20.951+0000] {processor.py:829} INFO - Processing file /home/airflow/.local/lib/python3.8/site-packages/airflow/example_dags/example_bash_operator.py for tasks to queue
[2023-11-14T10:08:20.953+0000] {logging_mixin.py:154} INFO - [2023-11-14T10:08:20.952+0000] {dagbag.py:536} INFO - Filling up the DagBag from /home/airflow/.local/lib/python3.8/site-packages/airflow/example_dags/example_bash_operator.py
[2023-11-14T10:08:20.960+0000] {processor.py:839} INFO - DAG(s) dict_keys(['example_bash_operator']) retrieved from /home/airflow/.local/lib/python3.8/site-packages/airflow/example_dags/example_bash_operator.py
[2023-11-14T10:08:20.977+0000] {logging_mixin.py:154} INFO - [2023-11-14T10:08:20.977+0000] {dag.py:2941} INFO - Sync 1 DAGs
[2023-11-14T10:08:20.992+0000] {logging_mixin.py:154} INFO - [2023-11-14T10:08:20.992+0000] {dag.py:3722} INFO - Setting next_dagrun for example_bash_operator to 2023-11-13T00:00:00+00:00, run_after=2023-11-14T00:00:00+00:00
[2023-11-14T10:08:21.087+0000] {processor.py:179} INFO - Processing /home/airflow/.local/lib/python3.8/site-packages/airflow/example_dags/example_bash_operator.py took 0.140 seconds
[2023-11-14T10:08:51.207+0000] {processor.py:157} INFO - Started process (PID=1669) to work on /home/airflow/.local/lib/python3.8/site-packages/airflow/example_dags/example_bash_operator.py
[2023-11-14T10:08:51.207+0000] {processor.py:829} INFO - Processing file /home/airflow/.local/lib/python3.8/site-packages/airflow/example_dags/example_bash_operator.py for tasks to queue
[2023-11-14T10:08:51.209+0000] {logging_mixin.py:154} INFO - [2023-11-14T10:08:51.209+0000] {dagbag.py:536} INFO - Filling up the DagBag from /home/airflow/.local/lib/python3.8/site-packages/airflow/example_dags/example_bash_operator.py
[2023-11-14T10:08:51.217+0000] {processor.py:839} INFO - DAG(s) dict_keys(['example_bash_operator']) retrieved from /home/airflow/.local/lib/python3.8/site-packages/airflow/example_dags/example_bash_operator.py
[2023-11-14T10:08:51.234+0000] {logging_mixin.py:154} INFO - [2023-11-14T10:08:51.234+0000] {dag.py:2941} INFO - Sync 1 DAGs
[2023-11-14T10:08:51.247+0000] {logging_mixin.py:154} INFO - [2023-11-14T10:08:51.247+0000] {dag.py:3722} INFO - Setting next_dagrun for example_bash_operator to 2023-11-13T00:00:00+00:00, run_after=2023-11-14T00:00:00+00:00
[2023-11-14T10:08:51.256+0000] {processor.py:179} INFO - Processing /home/airflow/.local/lib/python3.8/site-packages/airflow/example_dags/example_bash_operator.py took 0.052 seconds
[2023-11-14T10:09:21.656+0000] {processor.py:157} INFO - Started process (PID=1723) to work on /home/airflow/.local/lib/python3.8/site-packages/airflow/example_dags/example_bash_operator.py
[2023-11-14T10:09:21.657+0000] {processor.py:829} INFO - Processing file /home/airflow/.local/lib/python3.8/site-packages/airflow/example_dags/example_bash_operator.py for tasks to queue
[2023-11-14T10:09:21.658+0000] {logging_mixin.py:154} INFO - [2023-11-14T10:09:21.658+0000] {dagbag.py:536} INFO - Filling up the DagBag from /home/airflow/.local/lib/python3.8/site-packages/airflow/example_dags/example_bash_operator.py
[2023-11-14T10:09:21.665+0000] {processor.py:839} INFO - DAG(s) dict_keys(['example_bash_operator']) retrieved from /home/airflow/.local/lib/python3.8/site-packages/airflow/example_dags/example_bash_operator.py
[2023-11-14T10:09:21.680+0000] {logging_mixin.py:154} INFO - [2023-11-14T10:09:21.680+0000] {dag.py:2941} INFO - Sync 1 DAGs
[2023-11-14T10:09:21.692+0000] {logging_mixin.py:154} INFO - [2023-11-14T10:09:21.692+0000] {dag.py:3722} INFO - Setting next_dagrun for example_bash_operator to 2023-11-13T00:00:00+00:00, run_after=2023-11-14T00:00:00+00:00
[2023-11-14T10:09:21.700+0000] {processor.py:179} INFO - Processing /home/airflow/.local/lib/python3.8/site-packages/airflow/example_dags/example_bash_operator.py took 0.047 seconds
[2023-11-14T10:09:52.472+0000] {processor.py:157} INFO - Started process (PID=1777) to work on /home/airflow/.local/lib/python3.8/site-packages/airflow/example_dags/example_bash_operator.py
[2023-11-14T10:09:52.473+0000] {processor.py:829} INFO - Processing file /home/airflow/.local/lib/python3.8/site-packages/airflow/example_dags/example_bash_operator.py for tasks to queue
[2023-11-14T10:09:52.475+0000] {logging_mixin.py:154} INFO - [2023-11-14T10:09:52.475+0000] {dagbag.py:536} INFO - Filling up the DagBag from /home/airflow/.local/lib/python3.8/site-packages/airflow/example_dags/example_bash_operator.py
[2023-11-14T10:09:52.482+0000] {processor.py:839} INFO - DAG(s) dict_keys(['example_bash_operator']) retrieved from /home/airflow/.local/lib/python3.8/site-packages/airflow/example_dags/example_bash_operator.py
[2023-11-14T10:09:52.496+0000] {logging_mixin.py:154} INFO - [2023-11-14T10:09:52.496+0000] {dag.py:2941} INFO - Sync 1 DAGs
[2023-11-14T10:09:52.507+0000] {logging_mixin.py:154} INFO - [2023-11-14T10:09:52.507+0000] {dag.py:3722} INFO - Setting next_dagrun for example_bash_operator to 2023-11-13T00:00:00+00:00, run_after=2023-11-14T00:00:00+00:00
[2023-11-14T10:09:52.515+0000] {processor.py:179} INFO - Processing /home/airflow/.local/lib/python3.8/site-packages/airflow/example_dags/example_bash_operator.py took 0.045 seconds
[2023-11-14T10:10:22.909+0000] {processor.py:157} INFO - Started process (PID=1831) to work on /home/airflow/.local/lib/python3.8/site-packages/airflow/example_dags/example_bash_operator.py
[2023-11-14T10:10:22.910+0000] {processor.py:829} INFO - Processing file /home/airflow/.local/lib/python3.8/site-packages/airflow/example_dags/example_bash_operator.py for tasks to queue
[2023-11-14T10:10:22.912+0000] {logging_mixin.py:154} INFO - [2023-11-14T10:10:22.912+0000] {dagbag.py:536} INFO - Filling up the DagBag from /home/airflow/.local/lib/python3.8/site-packages/airflow/example_dags/example_bash_operator.py
[2023-11-14T10:10:22.922+0000] {processor.py:839} INFO - DAG(s) dict_keys(['example_bash_operator']) retrieved from /home/airflow/.local/lib/python3.8/site-packages/airflow/example_dags/example_bash_operator.py
[2023-11-14T10:10:22.945+0000] {logging_mixin.py:154} INFO - [2023-11-14T10:10:22.945+0000] {dag.py:2941} INFO - Sync 1 DAGs
[2023-11-14T10:10:23.065+0000] {logging_mixin.py:154} INFO - [2023-11-14T10:10:23.065+0000] {dag.py:3722} INFO - Setting next_dagrun for example_bash_operator to 2023-11-13T00:00:00+00:00, run_after=2023-11-14T00:00:00+00:00
[2023-11-14T10:10:23.075+0000] {processor.py:179} INFO - Processing /home/airflow/.local/lib/python3.8/site-packages/airflow/example_dags/example_bash_operator.py took 0.169 seconds
[2023-11-14T10:10:54.090+0000] {processor.py:157} INFO - Started process (PID=1885) to work on /home/airflow/.local/lib/python3.8/site-packages/airflow/example_dags/example_bash_operator.py
[2023-11-14T10:10:54.091+0000] {processor.py:829} INFO - Processing file /home/airflow/.local/lib/python3.8/site-packages/airflow/example_dags/example_bash_operator.py for tasks to queue
[2023-11-14T10:10:54.093+0000] {logging_mixin.py:154} INFO - [2023-11-14T10:10:54.092+0000] {dagbag.py:536} INFO - Filling up the DagBag from /home/airflow/.local/lib/python3.8/site-packages/airflow/example_dags/example_bash_operator.py
[2023-11-14T10:10:54.103+0000] {processor.py:839} INFO - DAG(s) dict_keys(['example_bash_operator']) retrieved from /home/airflow/.local/lib/python3.8/site-packages/airflow/example_dags/example_bash_operator.py
[2023-11-14T10:10:54.126+0000] {logging_mixin.py:154} INFO - [2023-11-14T10:10:54.126+0000] {dag.py:2941} INFO - Sync 1 DAGs
[2023-11-14T10:10:54.141+0000] {logging_mixin.py:154} INFO - [2023-11-14T10:10:54.141+0000] {dag.py:3722} INFO - Setting next_dagrun for example_bash_operator to 2023-11-13T00:00:00+00:00, run_after=2023-11-14T00:00:00+00:00
[2023-11-14T10:10:54.151+0000] {processor.py:179} INFO - Processing /home/airflow/.local/lib/python3.8/site-packages/airflow/example_dags/example_bash_operator.py took 0.065 seconds
[2023-11-14T10:11:24.398+0000] {processor.py:157} INFO - Started process (PID=1939) to work on /home/airflow/.local/lib/python3.8/site-packages/airflow/example_dags/example_bash_operator.py
[2023-11-14T10:11:24.400+0000] {processor.py:829} INFO - Processing file /home/airflow/.local/lib/python3.8/site-packages/airflow/example_dags/example_bash_operator.py for tasks to queue
[2023-11-14T10:11:24.403+0000] {logging_mixin.py:154} INFO - [2023-11-14T10:11:24.403+0000] {dagbag.py:536} INFO - Filling up the DagBag from /home/airflow/.local/lib/python3.8/site-packages/airflow/example_dags/example_bash_operator.py
[2023-11-14T10:11:24.413+0000] {processor.py:839} INFO - DAG(s) dict_keys(['example_bash_operator']) retrieved from /home/airflow/.local/lib/python3.8/site-packages/airflow/example_dags/example_bash_operator.py
[2023-11-14T10:11:24.436+0000] {logging_mixin.py:154} INFO - [2023-11-14T10:11:24.436+0000] {dag.py:2941} INFO - Sync 1 DAGs
[2023-11-14T10:11:24.451+0000] {logging_mixin.py:154} INFO - [2023-11-14T10:11:24.451+0000] {dag.py:3722} INFO - Setting next_dagrun for example_bash_operator to 2023-11-13T00:00:00+00:00, run_after=2023-11-14T00:00:00+00:00
[2023-11-14T10:11:24.462+0000] {processor.py:179} INFO - Processing /home/airflow/.local/lib/python3.8/site-packages/airflow/example_dags/example_bash_operator.py took 0.069 seconds
[2023-11-14T10:11:54.570+0000] {processor.py:157} INFO - Started process (PID=1993) to work on /home/airflow/.local/lib/python3.8/site-packages/airflow/example_dags/example_bash_operator.py
[2023-11-14T10:11:54.571+0000] {processor.py:829} INFO - Processing file /home/airflow/.local/lib/python3.8/site-packages/airflow/example_dags/example_bash_operator.py for tasks to queue
[2023-11-14T10:11:54.572+0000] {logging_mixin.py:154} INFO - [2023-11-14T10:11:54.572+0000] {dagbag.py:536} INFO - Filling up the DagBag from /home/airflow/.local/lib/python3.8/site-packages/airflow/example_dags/example_bash_operator.py
[2023-11-14T10:11:54.579+0000] {processor.py:839} INFO - DAG(s) dict_keys(['example_bash_operator']) retrieved from /home/airflow/.local/lib/python3.8/site-packages/airflow/example_dags/example_bash_operator.py
[2023-11-14T10:11:54.593+0000] {logging_mixin.py:154} INFO - [2023-11-14T10:11:54.593+0000] {dag.py:2941} INFO - Sync 1 DAGs
[2023-11-14T10:11:54.694+0000] {logging_mixin.py:154} INFO - [2023-11-14T10:11:54.693+0000] {dag.py:3722} INFO - Setting next_dagrun for example_bash_operator to 2023-11-13T00:00:00+00:00, run_after=2023-11-14T00:00:00+00:00
[2023-11-14T10:11:54.701+0000] {processor.py:179} INFO - Processing /home/airflow/.local/lib/python3.8/site-packages/airflow/example_dags/example_bash_operator.py took 0.133 seconds
[2023-11-14T10:12:24.737+0000] {processor.py:157} INFO - Started process (PID=2047) to work on /home/airflow/.local/lib/python3.8/site-packages/airflow/example_dags/example_bash_operator.py
[2023-11-14T10:12:24.738+0000] {processor.py:829} INFO - Processing file /home/airflow/.local/lib/python3.8/site-packages/airflow/example_dags/example_bash_operator.py for tasks to queue
[2023-11-14T10:12:24.739+0000] {logging_mixin.py:154} INFO - [2023-11-14T10:12:24.739+0000] {dagbag.py:536} INFO - Filling up the DagBag from /home/airflow/.local/lib/python3.8/site-packages/airflow/example_dags/example_bash_operator.py
[2023-11-14T10:12:24.747+0000] {processor.py:839} INFO - DAG(s) dict_keys(['example_bash_operator']) retrieved from /home/airflow/.local/lib/python3.8/site-packages/airflow/example_dags/example_bash_operator.py
[2023-11-14T10:12:24.762+0000] {logging_mixin.py:154} INFO - [2023-11-14T10:12:24.762+0000] {dag.py:2941} INFO - Sync 1 DAGs
[2023-11-14T10:12:24.865+0000] {logging_mixin.py:154} INFO - [2023-11-14T10:12:24.865+0000] {dag.py:3722} INFO - Setting next_dagrun for example_bash_operator to 2023-11-13T00:00:00+00:00, run_after=2023-11-14T00:00:00+00:00
[2023-11-14T10:12:24.873+0000] {processor.py:179} INFO - Processing /home/airflow/.local/lib/python3.8/site-packages/airflow/example_dags/example_bash_operator.py took 0.138 seconds
[2023-11-14T10:12:55.678+0000] {processor.py:157} INFO - Started process (PID=2101) to work on /home/airflow/.local/lib/python3.8/site-packages/airflow/example_dags/example_bash_operator.py
[2023-11-14T10:12:55.679+0000] {processor.py:829} INFO - Processing file /home/airflow/.local/lib/python3.8/site-packages/airflow/example_dags/example_bash_operator.py for tasks to queue
[2023-11-14T10:12:55.681+0000] {logging_mixin.py:154} INFO - [2023-11-14T10:12:55.681+0000] {dagbag.py:536} INFO - Filling up the DagBag from /home/airflow/.local/lib/python3.8/site-packages/airflow/example_dags/example_bash_operator.py
[2023-11-14T10:12:55.689+0000] {processor.py:839} INFO - DAG(s) dict_keys(['example_bash_operator']) retrieved from /home/airflow/.local/lib/python3.8/site-packages/airflow/example_dags/example_bash_operator.py
[2023-11-14T10:12:55.706+0000] {logging_mixin.py:154} INFO - [2023-11-14T10:12:55.706+0000] {dag.py:2941} INFO - Sync 1 DAGs
[2023-11-14T10:12:55.720+0000] {logging_mixin.py:154} INFO - [2023-11-14T10:12:55.720+0000] {dag.py:3722} INFO - Setting next_dagrun for example_bash_operator to 2023-11-13T00:00:00+00:00, run_after=2023-11-14T00:00:00+00:00
[2023-11-14T10:12:55.731+0000] {processor.py:179} INFO - Processing /home/airflow/.local/lib/python3.8/site-packages/airflow/example_dags/example_bash_operator.py took 0.055 seconds
[2023-11-14T10:13:44.975+0000] {processor.py:157} INFO - Started process (PID=2163) to work on /home/airflow/.local/lib/python3.8/site-packages/airflow/example_dags/example_bash_operator.py
[2023-11-14T10:13:44.976+0000] {processor.py:829} INFO - Processing file /home/airflow/.local/lib/python3.8/site-packages/airflow/example_dags/example_bash_operator.py for tasks to queue
[2023-11-14T10:13:44.977+0000] {logging_mixin.py:154} INFO - [2023-11-14T10:13:44.977+0000] {dagbag.py:536} INFO - Filling up the DagBag from /home/airflow/.local/lib/python3.8/site-packages/airflow/example_dags/example_bash_operator.py
[2023-11-14T10:13:44.988+0000] {processor.py:839} INFO - DAG(s) dict_keys(['example_bash_operator']) retrieved from /home/airflow/.local/lib/python3.8/site-packages/airflow/example_dags/example_bash_operator.py
[2023-11-14T10:13:45.011+0000] {logging_mixin.py:154} INFO - [2023-11-14T10:13:45.011+0000] {dag.py:2941} INFO - Sync 1 DAGs
[2023-11-14T10:13:45.029+0000] {logging_mixin.py:154} INFO - [2023-11-14T10:13:45.029+0000] {dag.py:3722} INFO - Setting next_dagrun for example_bash_operator to 2023-11-13T00:00:00+00:00, run_after=2023-11-14T00:00:00+00:00
[2023-11-14T10:13:45.042+0000] {processor.py:179} INFO - Processing /home/airflow/.local/lib/python3.8/site-packages/airflow/example_dags/example_bash_operator.py took 0.071 seconds
[2023-11-14T10:14:46.696+0000] {processor.py:157} INFO - Started process (PID=2218) to work on /home/airflow/.local/lib/python3.8/site-packages/airflow/example_dags/example_bash_operator.py
[2023-11-14T10:14:46.698+0000] {processor.py:829} INFO - Processing file /home/airflow/.local/lib/python3.8/site-packages/airflow/example_dags/example_bash_operator.py for tasks to queue
[2023-11-14T10:14:46.700+0000] {logging_mixin.py:154} INFO - [2023-11-14T10:14:46.700+0000] {dagbag.py:536} INFO - Filling up the DagBag from /home/airflow/.local/lib/python3.8/site-packages/airflow/example_dags/example_bash_operator.py
[2023-11-14T10:14:46.712+0000] {processor.py:839} INFO - DAG(s) dict_keys(['example_bash_operator']) retrieved from /home/airflow/.local/lib/python3.8/site-packages/airflow/example_dags/example_bash_operator.py
[2023-11-14T10:14:46.762+0000] {logging_mixin.py:154} INFO - [2023-11-14T10:14:46.761+0000] {dag.py:2941} INFO - Sync 1 DAGs
[2023-11-14T10:14:46.781+0000] {logging_mixin.py:154} INFO - [2023-11-14T10:14:46.781+0000] {dag.py:3722} INFO - Setting next_dagrun for example_bash_operator to 2023-11-13T00:00:00+00:00, run_after=2023-11-14T00:00:00+00:00
[2023-11-14T10:14:46.797+0000] {processor.py:179} INFO - Processing /home/airflow/.local/lib/python3.8/site-packages/airflow/example_dags/example_bash_operator.py took 0.106 seconds
[2023-11-14T10:17:56.577+0000] {processor.py:157} INFO - Started process (PID=2272) to work on /home/airflow/.local/lib/python3.8/site-packages/airflow/example_dags/example_bash_operator.py
[2023-11-14T10:17:56.580+0000] {processor.py:829} INFO - Processing file /home/airflow/.local/lib/python3.8/site-packages/airflow/example_dags/example_bash_operator.py for tasks to queue
[2023-11-14T10:17:56.587+0000] {logging_mixin.py:154} INFO - [2023-11-14T10:17:56.586+0000] {dagbag.py:536} INFO - Filling up the DagBag from /home/airflow/.local/lib/python3.8/site-packages/airflow/example_dags/example_bash_operator.py
[2023-11-14T10:17:56.611+0000] {processor.py:839} INFO - DAG(s) dict_keys(['example_bash_operator']) retrieved from /home/airflow/.local/lib/python3.8/site-packages/airflow/example_dags/example_bash_operator.py
[2023-11-14T10:17:56.669+0000] {logging_mixin.py:154} INFO - [2023-11-14T10:17:56.669+0000] {dag.py:2941} INFO - Sync 1 DAGs
[2023-11-14T10:17:56.689+0000] {logging_mixin.py:154} INFO - [2023-11-14T10:17:56.689+0000] {dag.py:3722} INFO - Setting next_dagrun for example_bash_operator to 2023-11-13T00:00:00+00:00, run_after=2023-11-14T00:00:00+00:00
[2023-11-14T10:17:56.706+0000] {processor.py:179} INFO - Processing /home/airflow/.local/lib/python3.8/site-packages/airflow/example_dags/example_bash_operator.py took 0.133 seconds
[2023-11-14T10:20:17.271+0000] {processor.py:157} INFO - Started process (PID=2319) to work on /home/airflow/.local/lib/python3.8/site-packages/airflow/example_dags/example_bash_operator.py
[2023-11-14T10:20:17.272+0000] {processor.py:829} INFO - Processing file /home/airflow/.local/lib/python3.8/site-packages/airflow/example_dags/example_bash_operator.py for tasks to queue
[2023-11-14T10:20:17.273+0000] {logging_mixin.py:154} INFO - [2023-11-14T10:20:17.273+0000] {dagbag.py:536} INFO - Filling up the DagBag from /home/airflow/.local/lib/python3.8/site-packages/airflow/example_dags/example_bash_operator.py
[2023-11-14T10:20:17.283+0000] {processor.py:839} INFO - DAG(s) dict_keys(['example_bash_operator']) retrieved from /home/airflow/.local/lib/python3.8/site-packages/airflow/example_dags/example_bash_operator.py
[2023-11-14T10:20:17.316+0000] {logging_mixin.py:154} INFO - [2023-11-14T10:20:17.316+0000] {dag.py:2941} INFO - Sync 1 DAGs
[2023-11-14T10:20:17.337+0000] {logging_mixin.py:154} INFO - [2023-11-14T10:20:17.337+0000] {dag.py:3722} INFO - Setting next_dagrun for example_bash_operator to 2023-11-13T00:00:00+00:00, run_after=2023-11-14T00:00:00+00:00
[2023-11-14T10:20:17.355+0000] {processor.py:179} INFO - Processing /home/airflow/.local/lib/python3.8/site-packages/airflow/example_dags/example_bash_operator.py took 0.087 seconds
