[2023-11-14T09:52:50.733+0000] {processor.py:157} INFO - Started process (PID=71) to work on /home/airflow/.local/lib/python3.8/site-packages/airflow/example_dags/example_task_group.py
[2023-11-14T09:52:50.735+0000] {processor.py:829} INFO - Processing file /home/airflow/.local/lib/python3.8/site-packages/airflow/example_dags/example_task_group.py for tasks to queue
[2023-11-14T09:52:50.738+0000] {logging_mixin.py:154} INFO - [2023-11-14T09:52:50.738+0000] {dagbag.py:536} INFO - Filling up the DagBag from /home/airflow/.local/lib/python3.8/site-packages/airflow/example_dags/example_task_group.py
[2023-11-14T09:52:50.744+0000] {processor.py:839} INFO - DAG(s) dict_keys(['example_task_group']) retrieved from /home/airflow/.local/lib/python3.8/site-packages/airflow/example_dags/example_task_group.py
[2023-11-14T09:52:50.761+0000] {logging_mixin.py:154} INFO - [2023-11-14T09:52:50.761+0000] {dag.py:2941} INFO - Sync 1 DAGs
[2023-11-14T09:52:50.776+0000] {logging_mixin.py:154} INFO - [2023-11-14T09:52:50.776+0000] {dag.py:3722} INFO - Setting next_dagrun for example_task_group to 2023-11-13T09:52:50.776407+00:00, run_after=2023-11-14T09:52:50.776407+00:00
[2023-11-14T09:52:50.797+0000] {processor.py:179} INFO - Processing /home/airflow/.local/lib/python3.8/site-packages/airflow/example_dags/example_task_group.py took 0.067 seconds
[2023-11-14T09:53:41.275+0000] {processor.py:157} INFO - Started process (PID=72) to work on /home/airflow/.local/lib/python3.8/site-packages/airflow/example_dags/example_task_group.py
[2023-11-14T09:53:41.277+0000] {processor.py:829} INFO - Processing file /home/airflow/.local/lib/python3.8/site-packages/airflow/example_dags/example_task_group.py for tasks to queue
[2023-11-14T09:53:41.278+0000] {logging_mixin.py:154} INFO - [2023-11-14T09:53:41.278+0000] {dagbag.py:536} INFO - Filling up the DagBag from /home/airflow/.local/lib/python3.8/site-packages/airflow/example_dags/example_task_group.py
[2023-11-14T09:53:41.283+0000] {processor.py:839} INFO - DAG(s) dict_keys(['example_task_group']) retrieved from /home/airflow/.local/lib/python3.8/site-packages/airflow/example_dags/example_task_group.py
[2023-11-14T09:53:41.293+0000] {logging_mixin.py:154} INFO - [2023-11-14T09:53:41.293+0000] {dag.py:2941} INFO - Sync 1 DAGs
[2023-11-14T09:53:41.308+0000] {logging_mixin.py:154} INFO - [2023-11-14T09:53:41.308+0000] {dag.py:3722} INFO - Setting next_dagrun for example_task_group to 2023-11-13T09:53:41.307877+00:00, run_after=2023-11-14T09:53:41.307877+00:00
[2023-11-14T09:53:41.319+0000] {processor.py:179} INFO - Processing /home/airflow/.local/lib/python3.8/site-packages/airflow/example_dags/example_task_group.py took 0.047 seconds
[2023-11-14T09:54:11.469+0000] {processor.py:157} INFO - Started process (PID=125) to work on /home/airflow/.local/lib/python3.8/site-packages/airflow/example_dags/example_task_group.py
[2023-11-14T09:54:11.470+0000] {processor.py:829} INFO - Processing file /home/airflow/.local/lib/python3.8/site-packages/airflow/example_dags/example_task_group.py for tasks to queue
[2023-11-14T09:54:11.471+0000] {logging_mixin.py:154} INFO - [2023-11-14T09:54:11.471+0000] {dagbag.py:536} INFO - Filling up the DagBag from /home/airflow/.local/lib/python3.8/site-packages/airflow/example_dags/example_task_group.py
[2023-11-14T09:54:11.475+0000] {processor.py:839} INFO - DAG(s) dict_keys(['example_task_group']) retrieved from /home/airflow/.local/lib/python3.8/site-packages/airflow/example_dags/example_task_group.py
[2023-11-14T09:54:11.487+0000] {logging_mixin.py:154} INFO - [2023-11-14T09:54:11.487+0000] {dag.py:2941} INFO - Sync 1 DAGs
[2023-11-14T09:54:11.498+0000] {logging_mixin.py:154} INFO - [2023-11-14T09:54:11.497+0000] {dag.py:3722} INFO - Setting next_dagrun for example_task_group to 2023-11-13T09:54:11.497797+00:00, run_after=2023-11-14T09:54:11.497797+00:00
[2023-11-14T09:54:11.505+0000] {processor.py:179} INFO - Processing /home/airflow/.local/lib/python3.8/site-packages/airflow/example_dags/example_task_group.py took 0.038 seconds
[2023-11-14T09:54:42.025+0000] {processor.py:157} INFO - Started process (PID=178) to work on /home/airflow/.local/lib/python3.8/site-packages/airflow/example_dags/example_task_group.py
[2023-11-14T09:54:42.026+0000] {processor.py:829} INFO - Processing file /home/airflow/.local/lib/python3.8/site-packages/airflow/example_dags/example_task_group.py for tasks to queue
[2023-11-14T09:54:42.028+0000] {logging_mixin.py:154} INFO - [2023-11-14T09:54:42.027+0000] {dagbag.py:536} INFO - Filling up the DagBag from /home/airflow/.local/lib/python3.8/site-packages/airflow/example_dags/example_task_group.py
[2023-11-14T09:54:42.032+0000] {processor.py:839} INFO - DAG(s) dict_keys(['example_task_group']) retrieved from /home/airflow/.local/lib/python3.8/site-packages/airflow/example_dags/example_task_group.py
[2023-11-14T09:54:42.046+0000] {logging_mixin.py:154} INFO - [2023-11-14T09:54:42.046+0000] {dag.py:2941} INFO - Sync 1 DAGs
[2023-11-14T09:54:42.063+0000] {logging_mixin.py:154} INFO - [2023-11-14T09:54:42.063+0000] {dag.py:3722} INFO - Setting next_dagrun for example_task_group to 2023-11-13T09:54:42.063436+00:00, run_after=2023-11-14T09:54:42.063436+00:00
[2023-11-14T09:54:42.080+0000] {processor.py:179} INFO - Processing /home/airflow/.local/lib/python3.8/site-packages/airflow/example_dags/example_task_group.py took 0.057 seconds
[2023-11-14T09:55:12.351+0000] {processor.py:157} INFO - Started process (PID=232) to work on /home/airflow/.local/lib/python3.8/site-packages/airflow/example_dags/example_task_group.py
[2023-11-14T09:55:12.353+0000] {processor.py:829} INFO - Processing file /home/airflow/.local/lib/python3.8/site-packages/airflow/example_dags/example_task_group.py for tasks to queue
[2023-11-14T09:55:12.355+0000] {logging_mixin.py:154} INFO - [2023-11-14T09:55:12.355+0000] {dagbag.py:536} INFO - Filling up the DagBag from /home/airflow/.local/lib/python3.8/site-packages/airflow/example_dags/example_task_group.py
[2023-11-14T09:55:12.361+0000] {processor.py:839} INFO - DAG(s) dict_keys(['example_task_group']) retrieved from /home/airflow/.local/lib/python3.8/site-packages/airflow/example_dags/example_task_group.py
[2023-11-14T09:55:12.382+0000] {logging_mixin.py:154} INFO - [2023-11-14T09:55:12.382+0000] {dag.py:2941} INFO - Sync 1 DAGs
[2023-11-14T09:55:12.402+0000] {logging_mixin.py:154} INFO - [2023-11-14T09:55:12.402+0000] {dag.py:3722} INFO - Setting next_dagrun for example_task_group to 2023-11-13T09:55:12.401829+00:00, run_after=2023-11-14T09:55:12.401829+00:00
[2023-11-14T09:55:12.414+0000] {processor.py:179} INFO - Processing /home/airflow/.local/lib/python3.8/site-packages/airflow/example_dags/example_task_group.py took 0.065 seconds
[2023-11-14T09:55:42.541+0000] {processor.py:157} INFO - Started process (PID=286) to work on /home/airflow/.local/lib/python3.8/site-packages/airflow/example_dags/example_task_group.py
[2023-11-14T09:55:42.542+0000] {processor.py:829} INFO - Processing file /home/airflow/.local/lib/python3.8/site-packages/airflow/example_dags/example_task_group.py for tasks to queue
[2023-11-14T09:55:42.543+0000] {logging_mixin.py:154} INFO - [2023-11-14T09:55:42.543+0000] {dagbag.py:536} INFO - Filling up the DagBag from /home/airflow/.local/lib/python3.8/site-packages/airflow/example_dags/example_task_group.py
[2023-11-14T09:55:42.548+0000] {processor.py:839} INFO - DAG(s) dict_keys(['example_task_group']) retrieved from /home/airflow/.local/lib/python3.8/site-packages/airflow/example_dags/example_task_group.py
[2023-11-14T09:55:42.560+0000] {logging_mixin.py:154} INFO - [2023-11-14T09:55:42.560+0000] {dag.py:2941} INFO - Sync 1 DAGs
[2023-11-14T09:55:42.571+0000] {logging_mixin.py:154} INFO - [2023-11-14T09:55:42.571+0000] {dag.py:3722} INFO - Setting next_dagrun for example_task_group to 2023-11-13T09:55:42.571567+00:00, run_after=2023-11-14T09:55:42.571567+00:00
[2023-11-14T09:55:42.580+0000] {processor.py:179} INFO - Processing /home/airflow/.local/lib/python3.8/site-packages/airflow/example_dags/example_task_group.py took 0.042 seconds
[2023-11-14T09:56:13.378+0000] {processor.py:157} INFO - Started process (PID=340) to work on /home/airflow/.local/lib/python3.8/site-packages/airflow/example_dags/example_task_group.py
[2023-11-14T09:56:13.379+0000] {processor.py:829} INFO - Processing file /home/airflow/.local/lib/python3.8/site-packages/airflow/example_dags/example_task_group.py for tasks to queue
[2023-11-14T09:56:13.381+0000] {logging_mixin.py:154} INFO - [2023-11-14T09:56:13.380+0000] {dagbag.py:536} INFO - Filling up the DagBag from /home/airflow/.local/lib/python3.8/site-packages/airflow/example_dags/example_task_group.py
[2023-11-14T09:56:13.385+0000] {processor.py:839} INFO - DAG(s) dict_keys(['example_task_group']) retrieved from /home/airflow/.local/lib/python3.8/site-packages/airflow/example_dags/example_task_group.py
[2023-11-14T09:56:13.400+0000] {logging_mixin.py:154} INFO - [2023-11-14T09:56:13.400+0000] {dag.py:2941} INFO - Sync 1 DAGs
[2023-11-14T09:56:13.413+0000] {logging_mixin.py:154} INFO - [2023-11-14T09:56:13.413+0000] {dag.py:3722} INFO - Setting next_dagrun for example_task_group to 2023-11-13T09:56:13.413689+00:00, run_after=2023-11-14T09:56:13.413689+00:00
[2023-11-14T09:56:13.427+0000] {processor.py:179} INFO - Processing /home/airflow/.local/lib/python3.8/site-packages/airflow/example_dags/example_task_group.py took 0.052 seconds
[2023-11-14T09:56:43.759+0000] {processor.py:157} INFO - Started process (PID=394) to work on /home/airflow/.local/lib/python3.8/site-packages/airflow/example_dags/example_task_group.py
[2023-11-14T09:56:43.761+0000] {processor.py:829} INFO - Processing file /home/airflow/.local/lib/python3.8/site-packages/airflow/example_dags/example_task_group.py for tasks to queue
[2023-11-14T09:56:43.763+0000] {logging_mixin.py:154} INFO - [2023-11-14T09:56:43.763+0000] {dagbag.py:536} INFO - Filling up the DagBag from /home/airflow/.local/lib/python3.8/site-packages/airflow/example_dags/example_task_group.py
[2023-11-14T09:56:43.769+0000] {processor.py:839} INFO - DAG(s) dict_keys(['example_task_group']) retrieved from /home/airflow/.local/lib/python3.8/site-packages/airflow/example_dags/example_task_group.py
[2023-11-14T09:56:43.779+0000] {logging_mixin.py:154} INFO - [2023-11-14T09:56:43.779+0000] {dag.py:2941} INFO - Sync 1 DAGs
[2023-11-14T09:56:43.793+0000] {logging_mixin.py:154} INFO - [2023-11-14T09:56:43.793+0000] {dag.py:3722} INFO - Setting next_dagrun for example_task_group to 2023-11-13T09:56:43.793288+00:00, run_after=2023-11-14T09:56:43.793288+00:00
[2023-11-14T09:56:43.803+0000] {processor.py:179} INFO - Processing /home/airflow/.local/lib/python3.8/site-packages/airflow/example_dags/example_task_group.py took 0.047 seconds
[2023-11-14T09:57:14.042+0000] {processor.py:157} INFO - Started process (PID=449) to work on /home/airflow/.local/lib/python3.8/site-packages/airflow/example_dags/example_task_group.py
[2023-11-14T09:57:14.043+0000] {processor.py:829} INFO - Processing file /home/airflow/.local/lib/python3.8/site-packages/airflow/example_dags/example_task_group.py for tasks to queue
[2023-11-14T09:57:14.045+0000] {logging_mixin.py:154} INFO - [2023-11-14T09:57:14.044+0000] {dagbag.py:536} INFO - Filling up the DagBag from /home/airflow/.local/lib/python3.8/site-packages/airflow/example_dags/example_task_group.py
[2023-11-14T09:57:14.050+0000] {processor.py:839} INFO - DAG(s) dict_keys(['example_task_group']) retrieved from /home/airflow/.local/lib/python3.8/site-packages/airflow/example_dags/example_task_group.py
[2023-11-14T09:57:14.065+0000] {logging_mixin.py:154} INFO - [2023-11-14T09:57:14.065+0000] {dag.py:2941} INFO - Sync 1 DAGs
[2023-11-14T09:57:14.077+0000] {logging_mixin.py:154} INFO - [2023-11-14T09:57:14.077+0000] {dag.py:3722} INFO - Setting next_dagrun for example_task_group to 2023-11-13T09:57:14.077643+00:00, run_after=2023-11-14T09:57:14.077643+00:00
[2023-11-14T09:57:14.088+0000] {processor.py:179} INFO - Processing /home/airflow/.local/lib/python3.8/site-packages/airflow/example_dags/example_task_group.py took 0.049 seconds
[2023-11-14T09:57:44.932+0000] {processor.py:157} INFO - Started process (PID=503) to work on /home/airflow/.local/lib/python3.8/site-packages/airflow/example_dags/example_task_group.py
[2023-11-14T09:57:44.933+0000] {processor.py:829} INFO - Processing file /home/airflow/.local/lib/python3.8/site-packages/airflow/example_dags/example_task_group.py for tasks to queue
[2023-11-14T09:57:44.934+0000] {logging_mixin.py:154} INFO - [2023-11-14T09:57:44.934+0000] {dagbag.py:536} INFO - Filling up the DagBag from /home/airflow/.local/lib/python3.8/site-packages/airflow/example_dags/example_task_group.py
[2023-11-14T09:57:44.938+0000] {processor.py:839} INFO - DAG(s) dict_keys(['example_task_group']) retrieved from /home/airflow/.local/lib/python3.8/site-packages/airflow/example_dags/example_task_group.py
[2023-11-14T09:57:44.952+0000] {logging_mixin.py:154} INFO - [2023-11-14T09:57:44.952+0000] {dag.py:2941} INFO - Sync 1 DAGs
[2023-11-14T09:57:44.963+0000] {logging_mixin.py:154} INFO - [2023-11-14T09:57:44.963+0000] {dag.py:3722} INFO - Setting next_dagrun for example_task_group to 2023-11-13T09:57:44.962930+00:00, run_after=2023-11-14T09:57:44.962930+00:00
[2023-11-14T09:57:44.972+0000] {processor.py:179} INFO - Processing /home/airflow/.local/lib/python3.8/site-packages/airflow/example_dags/example_task_group.py took 0.042 seconds
[2023-11-14T09:58:15.144+0000] {processor.py:157} INFO - Started process (PID=557) to work on /home/airflow/.local/lib/python3.8/site-packages/airflow/example_dags/example_task_group.py
[2023-11-14T09:58:15.145+0000] {processor.py:829} INFO - Processing file /home/airflow/.local/lib/python3.8/site-packages/airflow/example_dags/example_task_group.py for tasks to queue
[2023-11-14T09:58:15.146+0000] {logging_mixin.py:154} INFO - [2023-11-14T09:58:15.146+0000] {dagbag.py:536} INFO - Filling up the DagBag from /home/airflow/.local/lib/python3.8/site-packages/airflow/example_dags/example_task_group.py
[2023-11-14T09:58:15.151+0000] {processor.py:839} INFO - DAG(s) dict_keys(['example_task_group']) retrieved from /home/airflow/.local/lib/python3.8/site-packages/airflow/example_dags/example_task_group.py
[2023-11-14T09:58:15.163+0000] {logging_mixin.py:154} INFO - [2023-11-14T09:58:15.163+0000] {dag.py:2941} INFO - Sync 1 DAGs
[2023-11-14T09:58:15.173+0000] {logging_mixin.py:154} INFO - [2023-11-14T09:58:15.173+0000] {dag.py:3722} INFO - Setting next_dagrun for example_task_group to 2023-11-13T09:58:15.173502+00:00, run_after=2023-11-14T09:58:15.173502+00:00
[2023-11-14T09:58:15.181+0000] {processor.py:179} INFO - Processing /home/airflow/.local/lib/python3.8/site-packages/airflow/example_dags/example_task_group.py took 0.040 seconds
[2023-11-14T09:58:45.262+0000] {processor.py:157} INFO - Started process (PID=611) to work on /home/airflow/.local/lib/python3.8/site-packages/airflow/example_dags/example_task_group.py
[2023-11-14T09:58:45.263+0000] {processor.py:829} INFO - Processing file /home/airflow/.local/lib/python3.8/site-packages/airflow/example_dags/example_task_group.py for tasks to queue
[2023-11-14T09:58:45.265+0000] {logging_mixin.py:154} INFO - [2023-11-14T09:58:45.265+0000] {dagbag.py:536} INFO - Filling up the DagBag from /home/airflow/.local/lib/python3.8/site-packages/airflow/example_dags/example_task_group.py
[2023-11-14T09:58:45.269+0000] {processor.py:839} INFO - DAG(s) dict_keys(['example_task_group']) retrieved from /home/airflow/.local/lib/python3.8/site-packages/airflow/example_dags/example_task_group.py
[2023-11-14T09:58:45.282+0000] {logging_mixin.py:154} INFO - [2023-11-14T09:58:45.282+0000] {dag.py:2941} INFO - Sync 1 DAGs
[2023-11-14T09:58:45.295+0000] {logging_mixin.py:154} INFO - [2023-11-14T09:58:45.295+0000] {dag.py:3722} INFO - Setting next_dagrun for example_task_group to 2023-11-13T09:58:45.294963+00:00, run_after=2023-11-14T09:58:45.294963+00:00
[2023-11-14T09:58:45.309+0000] {processor.py:179} INFO - Processing /home/airflow/.local/lib/python3.8/site-packages/airflow/example_dags/example_task_group.py took 0.049 seconds
[2023-11-14T09:59:15.763+0000] {processor.py:157} INFO - Started process (PID=665) to work on /home/airflow/.local/lib/python3.8/site-packages/airflow/example_dags/example_task_group.py
[2023-11-14T09:59:15.764+0000] {processor.py:829} INFO - Processing file /home/airflow/.local/lib/python3.8/site-packages/airflow/example_dags/example_task_group.py for tasks to queue
[2023-11-14T09:59:15.769+0000] {logging_mixin.py:154} INFO - [2023-11-14T09:59:15.768+0000] {dagbag.py:536} INFO - Filling up the DagBag from /home/airflow/.local/lib/python3.8/site-packages/airflow/example_dags/example_task_group.py
[2023-11-14T09:59:15.788+0000] {processor.py:839} INFO - DAG(s) dict_keys(['example_task_group']) retrieved from /home/airflow/.local/lib/python3.8/site-packages/airflow/example_dags/example_task_group.py
[2023-11-14T09:59:15.814+0000] {logging_mixin.py:154} INFO - [2023-11-14T09:59:15.814+0000] {dag.py:2941} INFO - Sync 1 DAGs
[2023-11-14T09:59:15.832+0000] {logging_mixin.py:154} INFO - [2023-11-14T09:59:15.831+0000] {dag.py:3722} INFO - Setting next_dagrun for example_task_group to 2023-11-13T09:59:15.831690+00:00, run_after=2023-11-14T09:59:15.831690+00:00
[2023-11-14T09:59:15.844+0000] {processor.py:179} INFO - Processing /home/airflow/.local/lib/python3.8/site-packages/airflow/example_dags/example_task_group.py took 0.088 seconds
[2023-11-14T09:59:46.064+0000] {processor.py:157} INFO - Started process (PID=719) to work on /home/airflow/.local/lib/python3.8/site-packages/airflow/example_dags/example_task_group.py
[2023-11-14T09:59:46.065+0000] {processor.py:829} INFO - Processing file /home/airflow/.local/lib/python3.8/site-packages/airflow/example_dags/example_task_group.py for tasks to queue
[2023-11-14T09:59:46.067+0000] {logging_mixin.py:154} INFO - [2023-11-14T09:59:46.067+0000] {dagbag.py:536} INFO - Filling up the DagBag from /home/airflow/.local/lib/python3.8/site-packages/airflow/example_dags/example_task_group.py
[2023-11-14T09:59:46.071+0000] {processor.py:839} INFO - DAG(s) dict_keys(['example_task_group']) retrieved from /home/airflow/.local/lib/python3.8/site-packages/airflow/example_dags/example_task_group.py
[2023-11-14T09:59:46.086+0000] {logging_mixin.py:154} INFO - [2023-11-14T09:59:46.086+0000] {dag.py:2941} INFO - Sync 1 DAGs
[2023-11-14T09:59:46.100+0000] {logging_mixin.py:154} INFO - [2023-11-14T09:59:46.100+0000] {dag.py:3722} INFO - Setting next_dagrun for example_task_group to 2023-11-13T09:59:46.100404+00:00, run_after=2023-11-14T09:59:46.100404+00:00
[2023-11-14T09:59:46.109+0000] {processor.py:179} INFO - Processing /home/airflow/.local/lib/python3.8/site-packages/airflow/example_dags/example_task_group.py took 0.048 seconds
[2023-11-14T10:00:16.472+0000] {processor.py:157} INFO - Started process (PID=773) to work on /home/airflow/.local/lib/python3.8/site-packages/airflow/example_dags/example_task_group.py
[2023-11-14T10:00:16.473+0000] {processor.py:829} INFO - Processing file /home/airflow/.local/lib/python3.8/site-packages/airflow/example_dags/example_task_group.py for tasks to queue
[2023-11-14T10:00:16.474+0000] {logging_mixin.py:154} INFO - [2023-11-14T10:00:16.474+0000] {dagbag.py:536} INFO - Filling up the DagBag from /home/airflow/.local/lib/python3.8/site-packages/airflow/example_dags/example_task_group.py
[2023-11-14T10:00:16.479+0000] {processor.py:839} INFO - DAG(s) dict_keys(['example_task_group']) retrieved from /home/airflow/.local/lib/python3.8/site-packages/airflow/example_dags/example_task_group.py
[2023-11-14T10:00:16.492+0000] {logging_mixin.py:154} INFO - [2023-11-14T10:00:16.491+0000] {dag.py:2941} INFO - Sync 1 DAGs
[2023-11-14T10:00:16.504+0000] {logging_mixin.py:154} INFO - [2023-11-14T10:00:16.504+0000] {dag.py:3722} INFO - Setting next_dagrun for example_task_group to 2023-11-13T10:00:16.503663+00:00, run_after=2023-11-14T10:00:16.503663+00:00
[2023-11-14T10:00:16.514+0000] {processor.py:179} INFO - Processing /home/airflow/.local/lib/python3.8/site-packages/airflow/example_dags/example_task_group.py took 0.044 seconds
[2023-11-14T10:00:46.611+0000] {processor.py:157} INFO - Started process (PID=827) to work on /home/airflow/.local/lib/python3.8/site-packages/airflow/example_dags/example_task_group.py
[2023-11-14T10:00:46.612+0000] {processor.py:829} INFO - Processing file /home/airflow/.local/lib/python3.8/site-packages/airflow/example_dags/example_task_group.py for tasks to queue
[2023-11-14T10:00:46.613+0000] {logging_mixin.py:154} INFO - [2023-11-14T10:00:46.613+0000] {dagbag.py:536} INFO - Filling up the DagBag from /home/airflow/.local/lib/python3.8/site-packages/airflow/example_dags/example_task_group.py
[2023-11-14T10:00:46.618+0000] {processor.py:839} INFO - DAG(s) dict_keys(['example_task_group']) retrieved from /home/airflow/.local/lib/python3.8/site-packages/airflow/example_dags/example_task_group.py
[2023-11-14T10:00:46.631+0000] {logging_mixin.py:154} INFO - [2023-11-14T10:00:46.630+0000] {dag.py:2941} INFO - Sync 1 DAGs
[2023-11-14T10:00:46.642+0000] {logging_mixin.py:154} INFO - [2023-11-14T10:00:46.642+0000] {dag.py:3722} INFO - Setting next_dagrun for example_task_group to 2023-11-13T10:00:46.642025+00:00, run_after=2023-11-14T10:00:46.642025+00:00
[2023-11-14T10:00:46.650+0000] {processor.py:179} INFO - Processing /home/airflow/.local/lib/python3.8/site-packages/airflow/example_dags/example_task_group.py took 0.042 seconds
[2023-11-14T10:01:16.854+0000] {processor.py:157} INFO - Started process (PID=881) to work on /home/airflow/.local/lib/python3.8/site-packages/airflow/example_dags/example_task_group.py
[2023-11-14T10:01:16.855+0000] {processor.py:829} INFO - Processing file /home/airflow/.local/lib/python3.8/site-packages/airflow/example_dags/example_task_group.py for tasks to queue
[2023-11-14T10:01:16.857+0000] {logging_mixin.py:154} INFO - [2023-11-14T10:01:16.857+0000] {dagbag.py:536} INFO - Filling up the DagBag from /home/airflow/.local/lib/python3.8/site-packages/airflow/example_dags/example_task_group.py
[2023-11-14T10:01:16.861+0000] {processor.py:839} INFO - DAG(s) dict_keys(['example_task_group']) retrieved from /home/airflow/.local/lib/python3.8/site-packages/airflow/example_dags/example_task_group.py
[2023-11-14T10:01:16.874+0000] {logging_mixin.py:154} INFO - [2023-11-14T10:01:16.874+0000] {dag.py:2941} INFO - Sync 1 DAGs
[2023-11-14T10:01:16.886+0000] {logging_mixin.py:154} INFO - [2023-11-14T10:01:16.886+0000] {dag.py:3722} INFO - Setting next_dagrun for example_task_group to 2023-11-13T10:01:16.885986+00:00, run_after=2023-11-14T10:01:16.885986+00:00
[2023-11-14T10:01:16.894+0000] {processor.py:179} INFO - Processing /home/airflow/.local/lib/python3.8/site-packages/airflow/example_dags/example_task_group.py took 0.043 seconds
[2023-11-14T10:01:47.819+0000] {processor.py:157} INFO - Started process (PID=935) to work on /home/airflow/.local/lib/python3.8/site-packages/airflow/example_dags/example_task_group.py
[2023-11-14T10:01:47.820+0000] {processor.py:829} INFO - Processing file /home/airflow/.local/lib/python3.8/site-packages/airflow/example_dags/example_task_group.py for tasks to queue
[2023-11-14T10:01:47.822+0000] {logging_mixin.py:154} INFO - [2023-11-14T10:01:47.821+0000] {dagbag.py:536} INFO - Filling up the DagBag from /home/airflow/.local/lib/python3.8/site-packages/airflow/example_dags/example_task_group.py
[2023-11-14T10:01:47.826+0000] {processor.py:839} INFO - DAG(s) dict_keys(['example_task_group']) retrieved from /home/airflow/.local/lib/python3.8/site-packages/airflow/example_dags/example_task_group.py
[2023-11-14T10:01:47.840+0000] {logging_mixin.py:154} INFO - [2023-11-14T10:01:47.839+0000] {dag.py:2941} INFO - Sync 1 DAGs
[2023-11-14T10:01:47.851+0000] {logging_mixin.py:154} INFO - [2023-11-14T10:01:47.851+0000] {dag.py:3722} INFO - Setting next_dagrun for example_task_group to 2023-11-13T10:01:47.851718+00:00, run_after=2023-11-14T10:01:47.851718+00:00
[2023-11-14T10:01:47.861+0000] {processor.py:179} INFO - Processing /home/airflow/.local/lib/python3.8/site-packages/airflow/example_dags/example_task_group.py took 0.044 seconds
[2023-11-14T10:02:18.835+0000] {processor.py:157} INFO - Started process (PID=989) to work on /home/airflow/.local/lib/python3.8/site-packages/airflow/example_dags/example_task_group.py
[2023-11-14T10:02:18.836+0000] {processor.py:829} INFO - Processing file /home/airflow/.local/lib/python3.8/site-packages/airflow/example_dags/example_task_group.py for tasks to queue
[2023-11-14T10:02:18.837+0000] {logging_mixin.py:154} INFO - [2023-11-14T10:02:18.837+0000] {dagbag.py:536} INFO - Filling up the DagBag from /home/airflow/.local/lib/python3.8/site-packages/airflow/example_dags/example_task_group.py
[2023-11-14T10:02:18.842+0000] {processor.py:839} INFO - DAG(s) dict_keys(['example_task_group']) retrieved from /home/airflow/.local/lib/python3.8/site-packages/airflow/example_dags/example_task_group.py
[2023-11-14T10:02:18.856+0000] {logging_mixin.py:154} INFO - [2023-11-14T10:02:18.856+0000] {dag.py:2941} INFO - Sync 1 DAGs
[2023-11-14T10:02:18.869+0000] {logging_mixin.py:154} INFO - [2023-11-14T10:02:18.869+0000] {dag.py:3722} INFO - Setting next_dagrun for example_task_group to 2023-11-13T10:02:18.868624+00:00, run_after=2023-11-14T10:02:18.868624+00:00
[2023-11-14T10:02:18.878+0000] {processor.py:179} INFO - Processing /home/airflow/.local/lib/python3.8/site-packages/airflow/example_dags/example_task_group.py took 0.045 seconds
[2023-11-14T10:02:49.124+0000] {processor.py:157} INFO - Started process (PID=1043) to work on /home/airflow/.local/lib/python3.8/site-packages/airflow/example_dags/example_task_group.py
[2023-11-14T10:02:49.125+0000] {processor.py:829} INFO - Processing file /home/airflow/.local/lib/python3.8/site-packages/airflow/example_dags/example_task_group.py for tasks to queue
[2023-11-14T10:02:49.126+0000] {logging_mixin.py:154} INFO - [2023-11-14T10:02:49.126+0000] {dagbag.py:536} INFO - Filling up the DagBag from /home/airflow/.local/lib/python3.8/site-packages/airflow/example_dags/example_task_group.py
[2023-11-14T10:02:49.131+0000] {processor.py:839} INFO - DAG(s) dict_keys(['example_task_group']) retrieved from /home/airflow/.local/lib/python3.8/site-packages/airflow/example_dags/example_task_group.py
[2023-11-14T10:02:49.145+0000] {logging_mixin.py:154} INFO - [2023-11-14T10:02:49.144+0000] {dag.py:2941} INFO - Sync 1 DAGs
[2023-11-14T10:02:49.157+0000] {logging_mixin.py:154} INFO - [2023-11-14T10:02:49.157+0000] {dag.py:3722} INFO - Setting next_dagrun for example_task_group to 2023-11-13T10:02:49.157109+00:00, run_after=2023-11-14T10:02:49.157109+00:00
[2023-11-14T10:02:49.168+0000] {processor.py:179} INFO - Processing /home/airflow/.local/lib/python3.8/site-packages/airflow/example_dags/example_task_group.py took 0.046 seconds
[2023-11-14T10:03:20.013+0000] {processor.py:157} INFO - Started process (PID=1097) to work on /home/airflow/.local/lib/python3.8/site-packages/airflow/example_dags/example_task_group.py
[2023-11-14T10:03:20.013+0000] {processor.py:829} INFO - Processing file /home/airflow/.local/lib/python3.8/site-packages/airflow/example_dags/example_task_group.py for tasks to queue
[2023-11-14T10:03:20.015+0000] {logging_mixin.py:154} INFO - [2023-11-14T10:03:20.015+0000] {dagbag.py:536} INFO - Filling up the DagBag from /home/airflow/.local/lib/python3.8/site-packages/airflow/example_dags/example_task_group.py
[2023-11-14T10:03:20.020+0000] {processor.py:839} INFO - DAG(s) dict_keys(['example_task_group']) retrieved from /home/airflow/.local/lib/python3.8/site-packages/airflow/example_dags/example_task_group.py
[2023-11-14T10:03:20.034+0000] {logging_mixin.py:154} INFO - [2023-11-14T10:03:20.034+0000] {dag.py:2941} INFO - Sync 1 DAGs
[2023-11-14T10:03:20.047+0000] {logging_mixin.py:154} INFO - [2023-11-14T10:03:20.047+0000] {dag.py:3722} INFO - Setting next_dagrun for example_task_group to 2023-11-13T10:03:20.047337+00:00, run_after=2023-11-14T10:03:20.047337+00:00
[2023-11-14T10:03:20.059+0000] {processor.py:179} INFO - Processing /home/airflow/.local/lib/python3.8/site-packages/airflow/example_dags/example_task_group.py took 0.049 seconds
[2023-11-14T10:03:50.380+0000] {processor.py:157} INFO - Started process (PID=1151) to work on /home/airflow/.local/lib/python3.8/site-packages/airflow/example_dags/example_task_group.py
[2023-11-14T10:03:50.381+0000] {processor.py:829} INFO - Processing file /home/airflow/.local/lib/python3.8/site-packages/airflow/example_dags/example_task_group.py for tasks to queue
[2023-11-14T10:03:50.383+0000] {logging_mixin.py:154} INFO - [2023-11-14T10:03:50.382+0000] {dagbag.py:536} INFO - Filling up the DagBag from /home/airflow/.local/lib/python3.8/site-packages/airflow/example_dags/example_task_group.py
[2023-11-14T10:03:50.387+0000] {processor.py:839} INFO - DAG(s) dict_keys(['example_task_group']) retrieved from /home/airflow/.local/lib/python3.8/site-packages/airflow/example_dags/example_task_group.py
[2023-11-14T10:03:50.401+0000] {logging_mixin.py:154} INFO - [2023-11-14T10:03:50.400+0000] {dag.py:2941} INFO - Sync 1 DAGs
[2023-11-14T10:03:50.415+0000] {logging_mixin.py:154} INFO - [2023-11-14T10:03:50.415+0000] {dag.py:3722} INFO - Setting next_dagrun for example_task_group to 2023-11-13T10:03:50.415599+00:00, run_after=2023-11-14T10:03:50.415599+00:00
[2023-11-14T10:03:50.429+0000] {processor.py:179} INFO - Processing /home/airflow/.local/lib/python3.8/site-packages/airflow/example_dags/example_task_group.py took 0.052 seconds
[2023-11-14T10:04:20.586+0000] {processor.py:157} INFO - Started process (PID=1205) to work on /home/airflow/.local/lib/python3.8/site-packages/airflow/example_dags/example_task_group.py
[2023-11-14T10:04:20.587+0000] {processor.py:829} INFO - Processing file /home/airflow/.local/lib/python3.8/site-packages/airflow/example_dags/example_task_group.py for tasks to queue
[2023-11-14T10:04:20.588+0000] {logging_mixin.py:154} INFO - [2023-11-14T10:04:20.588+0000] {dagbag.py:536} INFO - Filling up the DagBag from /home/airflow/.local/lib/python3.8/site-packages/airflow/example_dags/example_task_group.py
[2023-11-14T10:04:20.594+0000] {processor.py:839} INFO - DAG(s) dict_keys(['example_task_group']) retrieved from /home/airflow/.local/lib/python3.8/site-packages/airflow/example_dags/example_task_group.py
[2023-11-14T10:04:20.606+0000] {logging_mixin.py:154} INFO - [2023-11-14T10:04:20.606+0000] {dag.py:2941} INFO - Sync 1 DAGs
[2023-11-14T10:04:20.617+0000] {logging_mixin.py:154} INFO - [2023-11-14T10:04:20.617+0000] {dag.py:3722} INFO - Setting next_dagrun for example_task_group to 2023-11-13T10:04:20.616900+00:00, run_after=2023-11-14T10:04:20.616900+00:00
[2023-11-14T10:04:20.625+0000] {processor.py:179} INFO - Processing /home/airflow/.local/lib/python3.8/site-packages/airflow/example_dags/example_task_group.py took 0.041 seconds
[2023-11-14T10:04:50.804+0000] {processor.py:157} INFO - Started process (PID=1259) to work on /home/airflow/.local/lib/python3.8/site-packages/airflow/example_dags/example_task_group.py
[2023-11-14T10:04:50.804+0000] {processor.py:829} INFO - Processing file /home/airflow/.local/lib/python3.8/site-packages/airflow/example_dags/example_task_group.py for tasks to queue
[2023-11-14T10:04:50.806+0000] {logging_mixin.py:154} INFO - [2023-11-14T10:04:50.806+0000] {dagbag.py:536} INFO - Filling up the DagBag from /home/airflow/.local/lib/python3.8/site-packages/airflow/example_dags/example_task_group.py
[2023-11-14T10:04:50.812+0000] {processor.py:839} INFO - DAG(s) dict_keys(['example_task_group']) retrieved from /home/airflow/.local/lib/python3.8/site-packages/airflow/example_dags/example_task_group.py
[2023-11-14T10:04:50.835+0000] {logging_mixin.py:154} INFO - [2023-11-14T10:04:50.834+0000] {dag.py:2941} INFO - Sync 1 DAGs
[2023-11-14T10:04:50.847+0000] {logging_mixin.py:154} INFO - [2023-11-14T10:04:50.847+0000] {dag.py:3722} INFO - Setting next_dagrun for example_task_group to 2023-11-13T10:04:50.847638+00:00, run_after=2023-11-14T10:04:50.847638+00:00
[2023-11-14T10:04:50.857+0000] {processor.py:179} INFO - Processing /home/airflow/.local/lib/python3.8/site-packages/airflow/example_dags/example_task_group.py took 0.056 seconds
[2023-11-14T10:05:21.097+0000] {processor.py:157} INFO - Started process (PID=1313) to work on /home/airflow/.local/lib/python3.8/site-packages/airflow/example_dags/example_task_group.py
[2023-11-14T10:05:21.098+0000] {processor.py:829} INFO - Processing file /home/airflow/.local/lib/python3.8/site-packages/airflow/example_dags/example_task_group.py for tasks to queue
[2023-11-14T10:05:21.099+0000] {logging_mixin.py:154} INFO - [2023-11-14T10:05:21.099+0000] {dagbag.py:536} INFO - Filling up the DagBag from /home/airflow/.local/lib/python3.8/site-packages/airflow/example_dags/example_task_group.py
[2023-11-14T10:05:21.104+0000] {processor.py:839} INFO - DAG(s) dict_keys(['example_task_group']) retrieved from /home/airflow/.local/lib/python3.8/site-packages/airflow/example_dags/example_task_group.py
[2023-11-14T10:05:21.118+0000] {logging_mixin.py:154} INFO - [2023-11-14T10:05:21.118+0000] {dag.py:2941} INFO - Sync 1 DAGs
[2023-11-14T10:05:21.132+0000] {logging_mixin.py:154} INFO - [2023-11-14T10:05:21.132+0000] {dag.py:3722} INFO - Setting next_dagrun for example_task_group to 2023-11-13T10:05:21.132289+00:00, run_after=2023-11-14T10:05:21.132289+00:00
[2023-11-14T10:05:21.142+0000] {processor.py:179} INFO - Processing /home/airflow/.local/lib/python3.8/site-packages/airflow/example_dags/example_task_group.py took 0.047 seconds
[2023-11-14T10:05:51.344+0000] {processor.py:157} INFO - Started process (PID=1367) to work on /home/airflow/.local/lib/python3.8/site-packages/airflow/example_dags/example_task_group.py
[2023-11-14T10:05:51.345+0000] {processor.py:829} INFO - Processing file /home/airflow/.local/lib/python3.8/site-packages/airflow/example_dags/example_task_group.py for tasks to queue
[2023-11-14T10:05:51.347+0000] {logging_mixin.py:154} INFO - [2023-11-14T10:05:51.346+0000] {dagbag.py:536} INFO - Filling up the DagBag from /home/airflow/.local/lib/python3.8/site-packages/airflow/example_dags/example_task_group.py
[2023-11-14T10:05:51.351+0000] {processor.py:839} INFO - DAG(s) dict_keys(['example_task_group']) retrieved from /home/airflow/.local/lib/python3.8/site-packages/airflow/example_dags/example_task_group.py
[2023-11-14T10:05:51.364+0000] {logging_mixin.py:154} INFO - [2023-11-14T10:05:51.363+0000] {dag.py:2941} INFO - Sync 1 DAGs
[2023-11-14T10:05:51.375+0000] {logging_mixin.py:154} INFO - [2023-11-14T10:05:51.375+0000] {dag.py:3722} INFO - Setting next_dagrun for example_task_group to 2023-11-13T10:05:51.375226+00:00, run_after=2023-11-14T10:05:51.375226+00:00
[2023-11-14T10:05:51.384+0000] {processor.py:179} INFO - Processing /home/airflow/.local/lib/python3.8/site-packages/airflow/example_dags/example_task_group.py took 0.042 seconds
[2023-11-14T10:06:21.576+0000] {processor.py:157} INFO - Started process (PID=1421) to work on /home/airflow/.local/lib/python3.8/site-packages/airflow/example_dags/example_task_group.py
[2023-11-14T10:06:21.576+0000] {processor.py:829} INFO - Processing file /home/airflow/.local/lib/python3.8/site-packages/airflow/example_dags/example_task_group.py for tasks to queue
[2023-11-14T10:06:21.578+0000] {logging_mixin.py:154} INFO - [2023-11-14T10:06:21.577+0000] {dagbag.py:536} INFO - Filling up the DagBag from /home/airflow/.local/lib/python3.8/site-packages/airflow/example_dags/example_task_group.py
[2023-11-14T10:06:21.582+0000] {processor.py:839} INFO - DAG(s) dict_keys(['example_task_group']) retrieved from /home/airflow/.local/lib/python3.8/site-packages/airflow/example_dags/example_task_group.py
[2023-11-14T10:06:21.595+0000] {logging_mixin.py:154} INFO - [2023-11-14T10:06:21.595+0000] {dag.py:2941} INFO - Sync 1 DAGs
[2023-11-14T10:06:21.606+0000] {logging_mixin.py:154} INFO - [2023-11-14T10:06:21.606+0000] {dag.py:3722} INFO - Setting next_dagrun for example_task_group to 2023-11-13T10:06:21.606143+00:00, run_after=2023-11-14T10:06:21.606143+00:00
[2023-11-14T10:06:21.617+0000] {processor.py:179} INFO - Processing /home/airflow/.local/lib/python3.8/site-packages/airflow/example_dags/example_task_group.py took 0.044 seconds
[2023-11-14T10:06:51.792+0000] {processor.py:157} INFO - Started process (PID=1475) to work on /home/airflow/.local/lib/python3.8/site-packages/airflow/example_dags/example_task_group.py
[2023-11-14T10:06:51.792+0000] {processor.py:829} INFO - Processing file /home/airflow/.local/lib/python3.8/site-packages/airflow/example_dags/example_task_group.py for tasks to queue
[2023-11-14T10:06:51.795+0000] {logging_mixin.py:154} INFO - [2023-11-14T10:06:51.794+0000] {dagbag.py:536} INFO - Filling up the DagBag from /home/airflow/.local/lib/python3.8/site-packages/airflow/example_dags/example_task_group.py
[2023-11-14T10:06:51.800+0000] {processor.py:839} INFO - DAG(s) dict_keys(['example_task_group']) retrieved from /home/airflow/.local/lib/python3.8/site-packages/airflow/example_dags/example_task_group.py
[2023-11-14T10:06:51.814+0000] {logging_mixin.py:154} INFO - [2023-11-14T10:06:51.814+0000] {dag.py:2941} INFO - Sync 1 DAGs
[2023-11-14T10:06:51.826+0000] {logging_mixin.py:154} INFO - [2023-11-14T10:06:51.826+0000] {dag.py:3722} INFO - Setting next_dagrun for example_task_group to 2023-11-13T10:06:51.825919+00:00, run_after=2023-11-14T10:06:51.825919+00:00
[2023-11-14T10:06:51.835+0000] {processor.py:179} INFO - Processing /home/airflow/.local/lib/python3.8/site-packages/airflow/example_dags/example_task_group.py took 0.046 seconds
[2023-11-14T10:07:22.142+0000] {processor.py:157} INFO - Started process (PID=1529) to work on /home/airflow/.local/lib/python3.8/site-packages/airflow/example_dags/example_task_group.py
[2023-11-14T10:07:22.143+0000] {processor.py:829} INFO - Processing file /home/airflow/.local/lib/python3.8/site-packages/airflow/example_dags/example_task_group.py for tasks to queue
[2023-11-14T10:07:22.145+0000] {logging_mixin.py:154} INFO - [2023-11-14T10:07:22.145+0000] {dagbag.py:536} INFO - Filling up the DagBag from /home/airflow/.local/lib/python3.8/site-packages/airflow/example_dags/example_task_group.py
[2023-11-14T10:07:22.150+0000] {processor.py:839} INFO - DAG(s) dict_keys(['example_task_group']) retrieved from /home/airflow/.local/lib/python3.8/site-packages/airflow/example_dags/example_task_group.py
[2023-11-14T10:07:22.166+0000] {logging_mixin.py:154} INFO - [2023-11-14T10:07:22.166+0000] {dag.py:2941} INFO - Sync 1 DAGs
[2023-11-14T10:07:22.180+0000] {logging_mixin.py:154} INFO - [2023-11-14T10:07:22.180+0000] {dag.py:3722} INFO - Setting next_dagrun for example_task_group to 2023-11-13T10:07:22.180019+00:00, run_after=2023-11-14T10:07:22.180019+00:00
[2023-11-14T10:07:22.191+0000] {processor.py:179} INFO - Processing /home/airflow/.local/lib/python3.8/site-packages/airflow/example_dags/example_task_group.py took 0.052 seconds
[2023-11-14T10:07:52.433+0000] {processor.py:157} INFO - Started process (PID=1583) to work on /home/airflow/.local/lib/python3.8/site-packages/airflow/example_dags/example_task_group.py
[2023-11-14T10:07:52.434+0000] {processor.py:829} INFO - Processing file /home/airflow/.local/lib/python3.8/site-packages/airflow/example_dags/example_task_group.py for tasks to queue
[2023-11-14T10:07:52.435+0000] {logging_mixin.py:154} INFO - [2023-11-14T10:07:52.435+0000] {dagbag.py:536} INFO - Filling up the DagBag from /home/airflow/.local/lib/python3.8/site-packages/airflow/example_dags/example_task_group.py
[2023-11-14T10:07:52.439+0000] {processor.py:839} INFO - DAG(s) dict_keys(['example_task_group']) retrieved from /home/airflow/.local/lib/python3.8/site-packages/airflow/example_dags/example_task_group.py
[2023-11-14T10:07:52.451+0000] {logging_mixin.py:154} INFO - [2023-11-14T10:07:52.451+0000] {dag.py:2941} INFO - Sync 1 DAGs
[2023-11-14T10:07:52.463+0000] {logging_mixin.py:154} INFO - [2023-11-14T10:07:52.463+0000] {dag.py:3722} INFO - Setting next_dagrun for example_task_group to 2023-11-13T10:07:52.463342+00:00, run_after=2023-11-14T10:07:52.463342+00:00
[2023-11-14T10:07:52.472+0000] {processor.py:179} INFO - Processing /home/airflow/.local/lib/python3.8/site-packages/airflow/example_dags/example_task_group.py took 0.042 seconds
[2023-11-14T10:08:23.054+0000] {processor.py:157} INFO - Started process (PID=1637) to work on /home/airflow/.local/lib/python3.8/site-packages/airflow/example_dags/example_task_group.py
[2023-11-14T10:08:23.055+0000] {processor.py:829} INFO - Processing file /home/airflow/.local/lib/python3.8/site-packages/airflow/example_dags/example_task_group.py for tasks to queue
[2023-11-14T10:08:23.056+0000] {logging_mixin.py:154} INFO - [2023-11-14T10:08:23.056+0000] {dagbag.py:536} INFO - Filling up the DagBag from /home/airflow/.local/lib/python3.8/site-packages/airflow/example_dags/example_task_group.py
[2023-11-14T10:08:23.061+0000] {processor.py:839} INFO - DAG(s) dict_keys(['example_task_group']) retrieved from /home/airflow/.local/lib/python3.8/site-packages/airflow/example_dags/example_task_group.py
[2023-11-14T10:08:23.073+0000] {logging_mixin.py:154} INFO - [2023-11-14T10:08:23.073+0000] {dag.py:2941} INFO - Sync 1 DAGs
[2023-11-14T10:08:23.083+0000] {logging_mixin.py:154} INFO - [2023-11-14T10:08:23.083+0000] {dag.py:3722} INFO - Setting next_dagrun for example_task_group to 2023-11-13T10:08:23.083216+00:00, run_after=2023-11-14T10:08:23.083216+00:00
[2023-11-14T10:08:23.092+0000] {processor.py:179} INFO - Processing /home/airflow/.local/lib/python3.8/site-packages/airflow/example_dags/example_task_group.py took 0.039 seconds
[2023-11-14T10:08:54.438+0000] {processor.py:157} INFO - Started process (PID=1691) to work on /home/airflow/.local/lib/python3.8/site-packages/airflow/example_dags/example_task_group.py
[2023-11-14T10:08:54.440+0000] {processor.py:829} INFO - Processing file /home/airflow/.local/lib/python3.8/site-packages/airflow/example_dags/example_task_group.py for tasks to queue
[2023-11-14T10:08:54.441+0000] {logging_mixin.py:154} INFO - [2023-11-14T10:08:54.441+0000] {dagbag.py:536} INFO - Filling up the DagBag from /home/airflow/.local/lib/python3.8/site-packages/airflow/example_dags/example_task_group.py
[2023-11-14T10:08:54.446+0000] {processor.py:839} INFO - DAG(s) dict_keys(['example_task_group']) retrieved from /home/airflow/.local/lib/python3.8/site-packages/airflow/example_dags/example_task_group.py
[2023-11-14T10:08:54.458+0000] {logging_mixin.py:154} INFO - [2023-11-14T10:08:54.458+0000] {dag.py:2941} INFO - Sync 1 DAGs
[2023-11-14T10:08:54.470+0000] {logging_mixin.py:154} INFO - [2023-11-14T10:08:54.470+0000] {dag.py:3722} INFO - Setting next_dagrun for example_task_group to 2023-11-13T10:08:54.470063+00:00, run_after=2023-11-14T10:08:54.470063+00:00
[2023-11-14T10:08:54.583+0000] {processor.py:179} INFO - Processing /home/airflow/.local/lib/python3.8/site-packages/airflow/example_dags/example_task_group.py took 0.147 seconds
[2023-11-14T10:09:25.527+0000] {processor.py:157} INFO - Started process (PID=1745) to work on /home/airflow/.local/lib/python3.8/site-packages/airflow/example_dags/example_task_group.py
[2023-11-14T10:09:25.528+0000] {processor.py:829} INFO - Processing file /home/airflow/.local/lib/python3.8/site-packages/airflow/example_dags/example_task_group.py for tasks to queue
[2023-11-14T10:09:25.531+0000] {logging_mixin.py:154} INFO - [2023-11-14T10:09:25.531+0000] {dagbag.py:536} INFO - Filling up the DagBag from /home/airflow/.local/lib/python3.8/site-packages/airflow/example_dags/example_task_group.py
[2023-11-14T10:09:25.539+0000] {processor.py:839} INFO - DAG(s) dict_keys(['example_task_group']) retrieved from /home/airflow/.local/lib/python3.8/site-packages/airflow/example_dags/example_task_group.py
[2023-11-14T10:09:25.562+0000] {logging_mixin.py:154} INFO - [2023-11-14T10:09:25.562+0000] {dag.py:2941} INFO - Sync 1 DAGs
[2023-11-14T10:09:25.582+0000] {logging_mixin.py:154} INFO - [2023-11-14T10:09:25.582+0000] {dag.py:3722} INFO - Setting next_dagrun for example_task_group to 2023-11-13T10:09:25.582414+00:00, run_after=2023-11-14T10:09:25.582414+00:00
[2023-11-14T10:09:25.595+0000] {processor.py:179} INFO - Processing /home/airflow/.local/lib/python3.8/site-packages/airflow/example_dags/example_task_group.py took 0.073 seconds
[2023-11-14T10:09:56.344+0000] {processor.py:157} INFO - Started process (PID=1799) to work on /home/airflow/.local/lib/python3.8/site-packages/airflow/example_dags/example_task_group.py
[2023-11-14T10:09:56.346+0000] {processor.py:829} INFO - Processing file /home/airflow/.local/lib/python3.8/site-packages/airflow/example_dags/example_task_group.py for tasks to queue
[2023-11-14T10:09:56.349+0000] {logging_mixin.py:154} INFO - [2023-11-14T10:09:56.348+0000] {dagbag.py:536} INFO - Filling up the DagBag from /home/airflow/.local/lib/python3.8/site-packages/airflow/example_dags/example_task_group.py
[2023-11-14T10:09:56.357+0000] {processor.py:839} INFO - DAG(s) dict_keys(['example_task_group']) retrieved from /home/airflow/.local/lib/python3.8/site-packages/airflow/example_dags/example_task_group.py
[2023-11-14T10:09:56.379+0000] {logging_mixin.py:154} INFO - [2023-11-14T10:09:56.379+0000] {dag.py:2941} INFO - Sync 1 DAGs
[2023-11-14T10:09:56.396+0000] {logging_mixin.py:154} INFO - [2023-11-14T10:09:56.396+0000] {dag.py:3722} INFO - Setting next_dagrun for example_task_group to 2023-11-13T10:09:56.395876+00:00, run_after=2023-11-14T10:09:56.395876+00:00
[2023-11-14T10:09:56.409+0000] {processor.py:179} INFO - Processing /home/airflow/.local/lib/python3.8/site-packages/airflow/example_dags/example_task_group.py took 0.070 seconds
[2023-11-14T10:10:26.938+0000] {processor.py:157} INFO - Started process (PID=1853) to work on /home/airflow/.local/lib/python3.8/site-packages/airflow/example_dags/example_task_group.py
[2023-11-14T10:10:26.939+0000] {processor.py:829} INFO - Processing file /home/airflow/.local/lib/python3.8/site-packages/airflow/example_dags/example_task_group.py for tasks to queue
[2023-11-14T10:10:26.940+0000] {logging_mixin.py:154} INFO - [2023-11-14T10:10:26.940+0000] {dagbag.py:536} INFO - Filling up the DagBag from /home/airflow/.local/lib/python3.8/site-packages/airflow/example_dags/example_task_group.py
[2023-11-14T10:10:26.945+0000] {processor.py:839} INFO - DAG(s) dict_keys(['example_task_group']) retrieved from /home/airflow/.local/lib/python3.8/site-packages/airflow/example_dags/example_task_group.py
[2023-11-14T10:10:26.958+0000] {logging_mixin.py:154} INFO - [2023-11-14T10:10:26.958+0000] {dag.py:2941} INFO - Sync 1 DAGs
[2023-11-14T10:10:27.069+0000] {logging_mixin.py:154} INFO - [2023-11-14T10:10:27.069+0000] {dag.py:3722} INFO - Setting next_dagrun for example_task_group to 2023-11-13T10:10:27.069660+00:00, run_after=2023-11-14T10:10:27.069660+00:00
[2023-11-14T10:10:27.078+0000] {processor.py:179} INFO - Processing /home/airflow/.local/lib/python3.8/site-packages/airflow/example_dags/example_task_group.py took 0.142 seconds
[2023-11-14T10:10:57.664+0000] {processor.py:157} INFO - Started process (PID=1907) to work on /home/airflow/.local/lib/python3.8/site-packages/airflow/example_dags/example_task_group.py
[2023-11-14T10:10:57.665+0000] {processor.py:829} INFO - Processing file /home/airflow/.local/lib/python3.8/site-packages/airflow/example_dags/example_task_group.py for tasks to queue
[2023-11-14T10:10:57.666+0000] {logging_mixin.py:154} INFO - [2023-11-14T10:10:57.666+0000] {dagbag.py:536} INFO - Filling up the DagBag from /home/airflow/.local/lib/python3.8/site-packages/airflow/example_dags/example_task_group.py
[2023-11-14T10:10:57.672+0000] {processor.py:839} INFO - DAG(s) dict_keys(['example_task_group']) retrieved from /home/airflow/.local/lib/python3.8/site-packages/airflow/example_dags/example_task_group.py
[2023-11-14T10:10:57.686+0000] {logging_mixin.py:154} INFO - [2023-11-14T10:10:57.686+0000] {dag.py:2941} INFO - Sync 1 DAGs
[2023-11-14T10:10:57.825+0000] {logging_mixin.py:154} INFO - [2023-11-14T10:10:57.824+0000] {dag.py:3722} INFO - Setting next_dagrun for example_task_group to 2023-11-13T10:10:57.709835+00:00, run_after=2023-11-14T10:10:57.709835+00:00
[2023-11-14T10:10:57.834+0000] {processor.py:179} INFO - Processing /home/airflow/.local/lib/python3.8/site-packages/airflow/example_dags/example_task_group.py took 0.172 seconds
[2023-11-14T10:11:28.365+0000] {processor.py:157} INFO - Started process (PID=1961) to work on /home/airflow/.local/lib/python3.8/site-packages/airflow/example_dags/example_task_group.py
[2023-11-14T10:11:28.366+0000] {processor.py:829} INFO - Processing file /home/airflow/.local/lib/python3.8/site-packages/airflow/example_dags/example_task_group.py for tasks to queue
[2023-11-14T10:11:28.368+0000] {logging_mixin.py:154} INFO - [2023-11-14T10:11:28.368+0000] {dagbag.py:536} INFO - Filling up the DagBag from /home/airflow/.local/lib/python3.8/site-packages/airflow/example_dags/example_task_group.py
[2023-11-14T10:11:28.374+0000] {processor.py:839} INFO - DAG(s) dict_keys(['example_task_group']) retrieved from /home/airflow/.local/lib/python3.8/site-packages/airflow/example_dags/example_task_group.py
[2023-11-14T10:11:28.389+0000] {logging_mixin.py:154} INFO - [2023-11-14T10:11:28.388+0000] {dag.py:2941} INFO - Sync 1 DAGs
[2023-11-14T10:11:28.403+0000] {logging_mixin.py:154} INFO - [2023-11-14T10:11:28.403+0000] {dag.py:3722} INFO - Setting next_dagrun for example_task_group to 2023-11-13T10:11:28.402869+00:00, run_after=2023-11-14T10:11:28.402869+00:00
[2023-11-14T10:11:28.416+0000] {processor.py:179} INFO - Processing /home/airflow/.local/lib/python3.8/site-packages/airflow/example_dags/example_task_group.py took 0.054 seconds
[2023-11-14T10:11:59.051+0000] {processor.py:157} INFO - Started process (PID=2015) to work on /home/airflow/.local/lib/python3.8/site-packages/airflow/example_dags/example_task_group.py
[2023-11-14T10:11:59.051+0000] {processor.py:829} INFO - Processing file /home/airflow/.local/lib/python3.8/site-packages/airflow/example_dags/example_task_group.py for tasks to queue
[2023-11-14T10:11:59.053+0000] {logging_mixin.py:154} INFO - [2023-11-14T10:11:59.053+0000] {dagbag.py:536} INFO - Filling up the DagBag from /home/airflow/.local/lib/python3.8/site-packages/airflow/example_dags/example_task_group.py
[2023-11-14T10:11:59.057+0000] {processor.py:839} INFO - DAG(s) dict_keys(['example_task_group']) retrieved from /home/airflow/.local/lib/python3.8/site-packages/airflow/example_dags/example_task_group.py
[2023-11-14T10:11:59.069+0000] {logging_mixin.py:154} INFO - [2023-11-14T10:11:59.069+0000] {dag.py:2941} INFO - Sync 1 DAGs
[2023-11-14T10:11:59.080+0000] {logging_mixin.py:154} INFO - [2023-11-14T10:11:59.080+0000] {dag.py:3722} INFO - Setting next_dagrun for example_task_group to 2023-11-13T10:11:59.080247+00:00, run_after=2023-11-14T10:11:59.080247+00:00
[2023-11-14T10:11:59.089+0000] {processor.py:179} INFO - Processing /home/airflow/.local/lib/python3.8/site-packages/airflow/example_dags/example_task_group.py took 0.041 seconds
[2023-11-14T10:12:29.799+0000] {processor.py:157} INFO - Started process (PID=2069) to work on /home/airflow/.local/lib/python3.8/site-packages/airflow/example_dags/example_task_group.py
[2023-11-14T10:12:29.800+0000] {processor.py:829} INFO - Processing file /home/airflow/.local/lib/python3.8/site-packages/airflow/example_dags/example_task_group.py for tasks to queue
[2023-11-14T10:12:29.802+0000] {logging_mixin.py:154} INFO - [2023-11-14T10:12:29.801+0000] {dagbag.py:536} INFO - Filling up the DagBag from /home/airflow/.local/lib/python3.8/site-packages/airflow/example_dags/example_task_group.py
[2023-11-14T10:12:29.807+0000] {processor.py:839} INFO - DAG(s) dict_keys(['example_task_group']) retrieved from /home/airflow/.local/lib/python3.8/site-packages/airflow/example_dags/example_task_group.py
[2023-11-14T10:12:29.821+0000] {logging_mixin.py:154} INFO - [2023-11-14T10:12:29.821+0000] {dag.py:2941} INFO - Sync 1 DAGs
[2023-11-14T10:12:29.953+0000] {logging_mixin.py:154} INFO - [2023-11-14T10:12:29.953+0000] {dag.py:3722} INFO - Setting next_dagrun for example_task_group to 2023-11-13T10:12:29.953106+00:00, run_after=2023-11-14T10:12:29.953106+00:00
[2023-11-14T10:12:29.967+0000] {processor.py:179} INFO - Processing /home/airflow/.local/lib/python3.8/site-packages/airflow/example_dags/example_task_group.py took 0.170 seconds
[2023-11-14T10:13:01.095+0000] {processor.py:157} INFO - Started process (PID=2123) to work on /home/airflow/.local/lib/python3.8/site-packages/airflow/example_dags/example_task_group.py
[2023-11-14T10:13:01.096+0000] {processor.py:829} INFO - Processing file /home/airflow/.local/lib/python3.8/site-packages/airflow/example_dags/example_task_group.py for tasks to queue
[2023-11-14T10:13:01.098+0000] {logging_mixin.py:154} INFO - [2023-11-14T10:13:01.098+0000] {dagbag.py:536} INFO - Filling up the DagBag from /home/airflow/.local/lib/python3.8/site-packages/airflow/example_dags/example_task_group.py
[2023-11-14T10:13:01.106+0000] {processor.py:839} INFO - DAG(s) dict_keys(['example_task_group']) retrieved from /home/airflow/.local/lib/python3.8/site-packages/airflow/example_dags/example_task_group.py
[2023-11-14T10:13:01.143+0000] {logging_mixin.py:154} INFO - [2023-11-14T10:13:01.142+0000] {dag.py:2941} INFO - Sync 1 DAGs
[2023-11-14T10:13:01.158+0000] {logging_mixin.py:154} INFO - [2023-11-14T10:13:01.157+0000] {dag.py:3722} INFO - Setting next_dagrun for example_task_group to 2023-11-13T10:13:01.157255+00:00, run_after=2023-11-14T10:13:01.157255+00:00
[2023-11-14T10:13:01.176+0000] {processor.py:179} INFO - Processing /home/airflow/.local/lib/python3.8/site-packages/airflow/example_dags/example_task_group.py took 0.085 seconds
[2023-11-14T10:13:46.102+0000] {processor.py:157} INFO - Started process (PID=2184) to work on /home/airflow/.local/lib/python3.8/site-packages/airflow/example_dags/example_task_group.py
[2023-11-14T10:13:46.103+0000] {processor.py:829} INFO - Processing file /home/airflow/.local/lib/python3.8/site-packages/airflow/example_dags/example_task_group.py for tasks to queue
[2023-11-14T10:13:46.107+0000] {logging_mixin.py:154} INFO - [2023-11-14T10:13:46.106+0000] {dagbag.py:536} INFO - Filling up the DagBag from /home/airflow/.local/lib/python3.8/site-packages/airflow/example_dags/example_task_group.py
[2023-11-14T10:13:46.112+0000] {processor.py:839} INFO - DAG(s) dict_keys(['example_task_group']) retrieved from /home/airflow/.local/lib/python3.8/site-packages/airflow/example_dags/example_task_group.py
[2023-11-14T10:13:46.140+0000] {logging_mixin.py:154} INFO - [2023-11-14T10:13:46.140+0000] {dag.py:2941} INFO - Sync 1 DAGs
[2023-11-14T10:13:46.158+0000] {logging_mixin.py:154} INFO - [2023-11-14T10:13:46.158+0000] {dag.py:3722} INFO - Setting next_dagrun for example_task_group to 2023-11-13T10:13:46.158051+00:00, run_after=2023-11-14T10:13:46.158051+00:00
[2023-11-14T10:13:46.182+0000] {processor.py:179} INFO - Processing /home/airflow/.local/lib/python3.8/site-packages/airflow/example_dags/example_task_group.py took 0.083 seconds
[2023-11-14T10:14:47.950+0000] {processor.py:157} INFO - Started process (PID=2239) to work on /home/airflow/.local/lib/python3.8/site-packages/airflow/example_dags/example_task_group.py
[2023-11-14T10:14:47.951+0000] {processor.py:829} INFO - Processing file /home/airflow/.local/lib/python3.8/site-packages/airflow/example_dags/example_task_group.py for tasks to queue
[2023-11-14T10:14:47.953+0000] {logging_mixin.py:154} INFO - [2023-11-14T10:14:47.953+0000] {dagbag.py:536} INFO - Filling up the DagBag from /home/airflow/.local/lib/python3.8/site-packages/airflow/example_dags/example_task_group.py
[2023-11-14T10:14:47.962+0000] {processor.py:839} INFO - DAG(s) dict_keys(['example_task_group']) retrieved from /home/airflow/.local/lib/python3.8/site-packages/airflow/example_dags/example_task_group.py
[2023-11-14T10:14:47.991+0000] {logging_mixin.py:154} INFO - [2023-11-14T10:14:47.990+0000] {dag.py:2941} INFO - Sync 1 DAGs
[2023-11-14T10:14:48.013+0000] {logging_mixin.py:154} INFO - [2023-11-14T10:14:48.013+0000] {dag.py:3722} INFO - Setting next_dagrun for example_task_group to 2023-11-13T10:14:48.013051+00:00, run_after=2023-11-14T10:14:48.013051+00:00
[2023-11-14T10:14:48.036+0000] {processor.py:179} INFO - Processing /home/airflow/.local/lib/python3.8/site-packages/airflow/example_dags/example_task_group.py took 0.090 seconds
[2023-11-14T10:17:58.041+0000] {processor.py:157} INFO - Started process (PID=2293) to work on /home/airflow/.local/lib/python3.8/site-packages/airflow/example_dags/example_task_group.py
[2023-11-14T10:17:58.044+0000] {processor.py:829} INFO - Processing file /home/airflow/.local/lib/python3.8/site-packages/airflow/example_dags/example_task_group.py for tasks to queue
[2023-11-14T10:17:58.049+0000] {logging_mixin.py:154} INFO - [2023-11-14T10:17:58.049+0000] {dagbag.py:536} INFO - Filling up the DagBag from /home/airflow/.local/lib/python3.8/site-packages/airflow/example_dags/example_task_group.py
[2023-11-14T10:17:58.056+0000] {processor.py:839} INFO - DAG(s) dict_keys(['example_task_group']) retrieved from /home/airflow/.local/lib/python3.8/site-packages/airflow/example_dags/example_task_group.py
[2023-11-14T10:17:58.084+0000] {logging_mixin.py:154} INFO - [2023-11-14T10:17:58.084+0000] {dag.py:2941} INFO - Sync 1 DAGs
[2023-11-14T10:17:58.107+0000] {logging_mixin.py:154} INFO - [2023-11-14T10:17:58.107+0000] {dag.py:3722} INFO - Setting next_dagrun for example_task_group to 2023-11-13T10:17:58.107617+00:00, run_after=2023-11-14T10:17:58.107617+00:00
[2023-11-14T10:17:58.131+0000] {processor.py:179} INFO - Processing /home/airflow/.local/lib/python3.8/site-packages/airflow/example_dags/example_task_group.py took 0.094 seconds
[2023-11-14T10:20:18.704+0000] {processor.py:157} INFO - Started process (PID=2340) to work on /home/airflow/.local/lib/python3.8/site-packages/airflow/example_dags/example_task_group.py
[2023-11-14T10:20:18.705+0000] {processor.py:829} INFO - Processing file /home/airflow/.local/lib/python3.8/site-packages/airflow/example_dags/example_task_group.py for tasks to queue
[2023-11-14T10:20:18.706+0000] {logging_mixin.py:154} INFO - [2023-11-14T10:20:18.706+0000] {dagbag.py:536} INFO - Filling up the DagBag from /home/airflow/.local/lib/python3.8/site-packages/airflow/example_dags/example_task_group.py
[2023-11-14T10:20:18.712+0000] {processor.py:839} INFO - DAG(s) dict_keys(['example_task_group']) retrieved from /home/airflow/.local/lib/python3.8/site-packages/airflow/example_dags/example_task_group.py
[2023-11-14T10:20:18.727+0000] {logging_mixin.py:154} INFO - [2023-11-14T10:20:18.727+0000] {dag.py:2941} INFO - Sync 1 DAGs
[2023-11-14T10:20:18.747+0000] {logging_mixin.py:154} INFO - [2023-11-14T10:20:18.747+0000] {dag.py:3722} INFO - Setting next_dagrun for example_task_group to 2023-11-13T10:20:18.747103+00:00, run_after=2023-11-14T10:20:18.747103+00:00
[2023-11-14T10:20:18.763+0000] {processor.py:179} INFO - Processing /home/airflow/.local/lib/python3.8/site-packages/airflow/example_dags/example_task_group.py took 0.062 seconds
