[2023-11-14T09:52:49.539+0000] {processor.py:157} INFO - Started process (PID=47) to work on /home/airflow/.local/lib/python3.8/site-packages/airflow/example_dags/example_setup_teardown_taskflow.py
[2023-11-14T09:52:49.540+0000] {processor.py:829} INFO - Processing file /home/airflow/.local/lib/python3.8/site-packages/airflow/example_dags/example_setup_teardown_taskflow.py for tasks to queue
[2023-11-14T09:52:49.542+0000] {logging_mixin.py:154} INFO - [2023-11-14T09:52:49.542+0000] {dagbag.py:536} INFO - Filling up the DagBag from /home/airflow/.local/lib/python3.8/site-packages/airflow/example_dags/example_setup_teardown_taskflow.py
[2023-11-14T09:52:49.551+0000] {processor.py:839} INFO - DAG(s) dict_keys(['example_setup_teardown_taskflow']) retrieved from /home/airflow/.local/lib/python3.8/site-packages/airflow/example_dags/example_setup_teardown_taskflow.py
[2023-11-14T09:52:49.569+0000] {logging_mixin.py:154} INFO - [2023-11-14T09:52:49.569+0000] {dag.py:2941} INFO - Sync 1 DAGs
[2023-11-14T09:52:49.582+0000] {logging_mixin.py:154} INFO - [2023-11-14T09:52:49.581+0000] {dag.py:3722} INFO - Setting next_dagrun for example_setup_teardown_taskflow to 2023-11-13T09:52:49.581765+00:00, run_after=2023-11-14T09:52:49.581765+00:00
[2023-11-14T09:52:49.591+0000] {processor.py:179} INFO - Processing /home/airflow/.local/lib/python3.8/site-packages/airflow/example_dags/example_setup_teardown_taskflow.py took 0.054 seconds
[2023-11-14T09:53:40.130+0000] {processor.py:157} INFO - Started process (PID=48) to work on /home/airflow/.local/lib/python3.8/site-packages/airflow/example_dags/example_setup_teardown_taskflow.py
[2023-11-14T09:53:40.131+0000] {processor.py:829} INFO - Processing file /home/airflow/.local/lib/python3.8/site-packages/airflow/example_dags/example_setup_teardown_taskflow.py for tasks to queue
[2023-11-14T09:53:40.133+0000] {logging_mixin.py:154} INFO - [2023-11-14T09:53:40.133+0000] {dagbag.py:536} INFO - Filling up the DagBag from /home/airflow/.local/lib/python3.8/site-packages/airflow/example_dags/example_setup_teardown_taskflow.py
[2023-11-14T09:53:40.141+0000] {processor.py:839} INFO - DAG(s) dict_keys(['example_setup_teardown_taskflow']) retrieved from /home/airflow/.local/lib/python3.8/site-packages/airflow/example_dags/example_setup_teardown_taskflow.py
[2023-11-14T09:53:40.151+0000] {logging_mixin.py:154} INFO - [2023-11-14T09:53:40.151+0000] {dag.py:2941} INFO - Sync 1 DAGs
[2023-11-14T09:53:40.169+0000] {logging_mixin.py:154} INFO - [2023-11-14T09:53:40.169+0000] {dag.py:3722} INFO - Setting next_dagrun for example_setup_teardown_taskflow to 2023-11-13T09:53:40.169032+00:00, run_after=2023-11-14T09:53:40.169032+00:00
[2023-11-14T09:53:40.180+0000] {processor.py:179} INFO - Processing /home/airflow/.local/lib/python3.8/site-packages/airflow/example_dags/example_setup_teardown_taskflow.py took 0.054 seconds
[2023-11-14T09:54:10.644+0000] {processor.py:157} INFO - Started process (PID=101) to work on /home/airflow/.local/lib/python3.8/site-packages/airflow/example_dags/example_setup_teardown_taskflow.py
[2023-11-14T09:54:10.645+0000] {processor.py:829} INFO - Processing file /home/airflow/.local/lib/python3.8/site-packages/airflow/example_dags/example_setup_teardown_taskflow.py for tasks to queue
[2023-11-14T09:54:10.647+0000] {logging_mixin.py:154} INFO - [2023-11-14T09:54:10.647+0000] {dagbag.py:536} INFO - Filling up the DagBag from /home/airflow/.local/lib/python3.8/site-packages/airflow/example_dags/example_setup_teardown_taskflow.py
[2023-11-14T09:54:10.653+0000] {processor.py:839} INFO - DAG(s) dict_keys(['example_setup_teardown_taskflow']) retrieved from /home/airflow/.local/lib/python3.8/site-packages/airflow/example_dags/example_setup_teardown_taskflow.py
[2023-11-14T09:54:10.682+0000] {logging_mixin.py:154} INFO - [2023-11-14T09:54:10.682+0000] {dag.py:2941} INFO - Sync 1 DAGs
[2023-11-14T09:54:10.719+0000] {logging_mixin.py:154} INFO - [2023-11-14T09:54:10.719+0000] {dag.py:3722} INFO - Setting next_dagrun for example_setup_teardown_taskflow to 2023-11-13T09:54:10.718807+00:00, run_after=2023-11-14T09:54:10.718807+00:00
[2023-11-14T09:54:10.744+0000] {processor.py:179} INFO - Processing /home/airflow/.local/lib/python3.8/site-packages/airflow/example_dags/example_setup_teardown_taskflow.py took 0.102 seconds
[2023-11-14T09:54:41.147+0000] {processor.py:157} INFO - Started process (PID=154) to work on /home/airflow/.local/lib/python3.8/site-packages/airflow/example_dags/example_setup_teardown_taskflow.py
[2023-11-14T09:54:41.148+0000] {processor.py:829} INFO - Processing file /home/airflow/.local/lib/python3.8/site-packages/airflow/example_dags/example_setup_teardown_taskflow.py for tasks to queue
[2023-11-14T09:54:41.150+0000] {logging_mixin.py:154} INFO - [2023-11-14T09:54:41.150+0000] {dagbag.py:536} INFO - Filling up the DagBag from /home/airflow/.local/lib/python3.8/site-packages/airflow/example_dags/example_setup_teardown_taskflow.py
[2023-11-14T09:54:41.156+0000] {processor.py:839} INFO - DAG(s) dict_keys(['example_setup_teardown_taskflow']) retrieved from /home/airflow/.local/lib/python3.8/site-packages/airflow/example_dags/example_setup_teardown_taskflow.py
[2023-11-14T09:54:41.169+0000] {logging_mixin.py:154} INFO - [2023-11-14T09:54:41.168+0000] {dag.py:2941} INFO - Sync 1 DAGs
[2023-11-14T09:54:41.182+0000] {logging_mixin.py:154} INFO - [2023-11-14T09:54:41.182+0000] {dag.py:3722} INFO - Setting next_dagrun for example_setup_teardown_taskflow to 2023-11-13T09:54:41.182084+00:00, run_after=2023-11-14T09:54:41.182084+00:00
[2023-11-14T09:54:41.192+0000] {processor.py:179} INFO - Processing /home/airflow/.local/lib/python3.8/site-packages/airflow/example_dags/example_setup_teardown_taskflow.py took 0.047 seconds
[2023-11-14T09:55:11.423+0000] {processor.py:157} INFO - Started process (PID=208) to work on /home/airflow/.local/lib/python3.8/site-packages/airflow/example_dags/example_setup_teardown_taskflow.py
[2023-11-14T09:55:11.424+0000] {processor.py:829} INFO - Processing file /home/airflow/.local/lib/python3.8/site-packages/airflow/example_dags/example_setup_teardown_taskflow.py for tasks to queue
[2023-11-14T09:55:11.426+0000] {logging_mixin.py:154} INFO - [2023-11-14T09:55:11.426+0000] {dagbag.py:536} INFO - Filling up the DagBag from /home/airflow/.local/lib/python3.8/site-packages/airflow/example_dags/example_setup_teardown_taskflow.py
[2023-11-14T09:55:11.432+0000] {processor.py:839} INFO - DAG(s) dict_keys(['example_setup_teardown_taskflow']) retrieved from /home/airflow/.local/lib/python3.8/site-packages/airflow/example_dags/example_setup_teardown_taskflow.py
[2023-11-14T09:55:11.444+0000] {logging_mixin.py:154} INFO - [2023-11-14T09:55:11.444+0000] {dag.py:2941} INFO - Sync 1 DAGs
[2023-11-14T09:55:11.456+0000] {logging_mixin.py:154} INFO - [2023-11-14T09:55:11.455+0000] {dag.py:3722} INFO - Setting next_dagrun for example_setup_teardown_taskflow to 2023-11-13T09:55:11.455797+00:00, run_after=2023-11-14T09:55:11.455797+00:00
[2023-11-14T09:55:11.464+0000] {processor.py:179} INFO - Processing /home/airflow/.local/lib/python3.8/site-packages/airflow/example_dags/example_setup_teardown_taskflow.py took 0.043 seconds
[2023-11-14T09:55:41.814+0000] {processor.py:157} INFO - Started process (PID=262) to work on /home/airflow/.local/lib/python3.8/site-packages/airflow/example_dags/example_setup_teardown_taskflow.py
[2023-11-14T09:55:41.815+0000] {processor.py:829} INFO - Processing file /home/airflow/.local/lib/python3.8/site-packages/airflow/example_dags/example_setup_teardown_taskflow.py for tasks to queue
[2023-11-14T09:55:41.817+0000] {logging_mixin.py:154} INFO - [2023-11-14T09:55:41.817+0000] {dagbag.py:536} INFO - Filling up the DagBag from /home/airflow/.local/lib/python3.8/site-packages/airflow/example_dags/example_setup_teardown_taskflow.py
[2023-11-14T09:55:41.822+0000] {processor.py:839} INFO - DAG(s) dict_keys(['example_setup_teardown_taskflow']) retrieved from /home/airflow/.local/lib/python3.8/site-packages/airflow/example_dags/example_setup_teardown_taskflow.py
[2023-11-14T09:55:41.834+0000] {logging_mixin.py:154} INFO - [2023-11-14T09:55:41.834+0000] {dag.py:2941} INFO - Sync 1 DAGs
[2023-11-14T09:55:41.845+0000] {logging_mixin.py:154} INFO - [2023-11-14T09:55:41.845+0000] {dag.py:3722} INFO - Setting next_dagrun for example_setup_teardown_taskflow to 2023-11-13T09:55:41.845715+00:00, run_after=2023-11-14T09:55:41.845715+00:00
[2023-11-14T09:55:41.854+0000] {processor.py:179} INFO - Processing /home/airflow/.local/lib/python3.8/site-packages/airflow/example_dags/example_setup_teardown_taskflow.py took 0.043 seconds
[2023-11-14T09:56:12.176+0000] {processor.py:157} INFO - Started process (PID=316) to work on /home/airflow/.local/lib/python3.8/site-packages/airflow/example_dags/example_setup_teardown_taskflow.py
[2023-11-14T09:56:12.177+0000] {processor.py:829} INFO - Processing file /home/airflow/.local/lib/python3.8/site-packages/airflow/example_dags/example_setup_teardown_taskflow.py for tasks to queue
[2023-11-14T09:56:12.179+0000] {logging_mixin.py:154} INFO - [2023-11-14T09:56:12.179+0000] {dagbag.py:536} INFO - Filling up the DagBag from /home/airflow/.local/lib/python3.8/site-packages/airflow/example_dags/example_setup_teardown_taskflow.py
[2023-11-14T09:56:12.187+0000] {processor.py:839} INFO - DAG(s) dict_keys(['example_setup_teardown_taskflow']) retrieved from /home/airflow/.local/lib/python3.8/site-packages/airflow/example_dags/example_setup_teardown_taskflow.py
[2023-11-14T09:56:12.206+0000] {logging_mixin.py:154} INFO - [2023-11-14T09:56:12.206+0000] {dag.py:2941} INFO - Sync 1 DAGs
[2023-11-14T09:56:12.239+0000] {logging_mixin.py:154} INFO - [2023-11-14T09:56:12.238+0000] {dag.py:3722} INFO - Setting next_dagrun for example_setup_teardown_taskflow to 2023-11-13T09:56:12.237229+00:00, run_after=2023-11-14T09:56:12.237229+00:00
[2023-11-14T09:56:12.258+0000] {processor.py:179} INFO - Processing /home/airflow/.local/lib/python3.8/site-packages/airflow/example_dags/example_setup_teardown_taskflow.py took 0.085 seconds
[2023-11-14T09:56:42.792+0000] {processor.py:157} INFO - Started process (PID=370) to work on /home/airflow/.local/lib/python3.8/site-packages/airflow/example_dags/example_setup_teardown_taskflow.py
[2023-11-14T09:56:42.794+0000] {processor.py:829} INFO - Processing file /home/airflow/.local/lib/python3.8/site-packages/airflow/example_dags/example_setup_teardown_taskflow.py for tasks to queue
[2023-11-14T09:56:42.798+0000] {logging_mixin.py:154} INFO - [2023-11-14T09:56:42.798+0000] {dagbag.py:536} INFO - Filling up the DagBag from /home/airflow/.local/lib/python3.8/site-packages/airflow/example_dags/example_setup_teardown_taskflow.py
[2023-11-14T09:56:42.806+0000] {processor.py:839} INFO - DAG(s) dict_keys(['example_setup_teardown_taskflow']) retrieved from /home/airflow/.local/lib/python3.8/site-packages/airflow/example_dags/example_setup_teardown_taskflow.py
[2023-11-14T09:56:42.818+0000] {logging_mixin.py:154} INFO - [2023-11-14T09:56:42.817+0000] {dag.py:2941} INFO - Sync 1 DAGs
[2023-11-14T09:56:42.836+0000] {logging_mixin.py:154} INFO - [2023-11-14T09:56:42.836+0000] {dag.py:3722} INFO - Setting next_dagrun for example_setup_teardown_taskflow to 2023-11-13T09:56:42.836034+00:00, run_after=2023-11-14T09:56:42.836034+00:00
[2023-11-14T09:56:42.849+0000] {processor.py:179} INFO - Processing /home/airflow/.local/lib/python3.8/site-packages/airflow/example_dags/example_setup_teardown_taskflow.py took 0.061 seconds
[2023-11-14T09:57:13.087+0000] {processor.py:157} INFO - Started process (PID=425) to work on /home/airflow/.local/lib/python3.8/site-packages/airflow/example_dags/example_setup_teardown_taskflow.py
[2023-11-14T09:57:13.088+0000] {processor.py:829} INFO - Processing file /home/airflow/.local/lib/python3.8/site-packages/airflow/example_dags/example_setup_teardown_taskflow.py for tasks to queue
[2023-11-14T09:57:13.090+0000] {logging_mixin.py:154} INFO - [2023-11-14T09:57:13.090+0000] {dagbag.py:536} INFO - Filling up the DagBag from /home/airflow/.local/lib/python3.8/site-packages/airflow/example_dags/example_setup_teardown_taskflow.py
[2023-11-14T09:57:13.096+0000] {processor.py:839} INFO - DAG(s) dict_keys(['example_setup_teardown_taskflow']) retrieved from /home/airflow/.local/lib/python3.8/site-packages/airflow/example_dags/example_setup_teardown_taskflow.py
[2023-11-14T09:57:13.110+0000] {logging_mixin.py:154} INFO - [2023-11-14T09:57:13.110+0000] {dag.py:2941} INFO - Sync 1 DAGs
[2023-11-14T09:57:13.124+0000] {logging_mixin.py:154} INFO - [2023-11-14T09:57:13.124+0000] {dag.py:3722} INFO - Setting next_dagrun for example_setup_teardown_taskflow to 2023-11-13T09:57:13.123938+00:00, run_after=2023-11-14T09:57:13.123938+00:00
[2023-11-14T09:57:13.133+0000] {processor.py:179} INFO - Processing /home/airflow/.local/lib/python3.8/site-packages/airflow/example_dags/example_setup_teardown_taskflow.py took 0.048 seconds
[2023-11-14T09:57:44.156+0000] {processor.py:157} INFO - Started process (PID=479) to work on /home/airflow/.local/lib/python3.8/site-packages/airflow/example_dags/example_setup_teardown_taskflow.py
[2023-11-14T09:57:44.156+0000] {processor.py:829} INFO - Processing file /home/airflow/.local/lib/python3.8/site-packages/airflow/example_dags/example_setup_teardown_taskflow.py for tasks to queue
[2023-11-14T09:57:44.158+0000] {logging_mixin.py:154} INFO - [2023-11-14T09:57:44.158+0000] {dagbag.py:536} INFO - Filling up the DagBag from /home/airflow/.local/lib/python3.8/site-packages/airflow/example_dags/example_setup_teardown_taskflow.py
[2023-11-14T09:57:44.163+0000] {processor.py:839} INFO - DAG(s) dict_keys(['example_setup_teardown_taskflow']) retrieved from /home/airflow/.local/lib/python3.8/site-packages/airflow/example_dags/example_setup_teardown_taskflow.py
[2023-11-14T09:57:44.175+0000] {logging_mixin.py:154} INFO - [2023-11-14T09:57:44.175+0000] {dag.py:2941} INFO - Sync 1 DAGs
[2023-11-14T09:57:44.187+0000] {logging_mixin.py:154} INFO - [2023-11-14T09:57:44.187+0000] {dag.py:3722} INFO - Setting next_dagrun for example_setup_teardown_taskflow to 2023-11-13T09:57:44.187638+00:00, run_after=2023-11-14T09:57:44.187638+00:00
[2023-11-14T09:57:44.197+0000] {processor.py:179} INFO - Processing /home/airflow/.local/lib/python3.8/site-packages/airflow/example_dags/example_setup_teardown_taskflow.py took 0.043 seconds
[2023-11-14T09:58:14.364+0000] {processor.py:157} INFO - Started process (PID=533) to work on /home/airflow/.local/lib/python3.8/site-packages/airflow/example_dags/example_setup_teardown_taskflow.py
[2023-11-14T09:58:14.365+0000] {processor.py:829} INFO - Processing file /home/airflow/.local/lib/python3.8/site-packages/airflow/example_dags/example_setup_teardown_taskflow.py for tasks to queue
[2023-11-14T09:58:14.367+0000] {logging_mixin.py:154} INFO - [2023-11-14T09:58:14.367+0000] {dagbag.py:536} INFO - Filling up the DagBag from /home/airflow/.local/lib/python3.8/site-packages/airflow/example_dags/example_setup_teardown_taskflow.py
[2023-11-14T09:58:14.373+0000] {processor.py:839} INFO - DAG(s) dict_keys(['example_setup_teardown_taskflow']) retrieved from /home/airflow/.local/lib/python3.8/site-packages/airflow/example_dags/example_setup_teardown_taskflow.py
[2023-11-14T09:58:14.386+0000] {logging_mixin.py:154} INFO - [2023-11-14T09:58:14.386+0000] {dag.py:2941} INFO - Sync 1 DAGs
[2023-11-14T09:58:14.398+0000] {logging_mixin.py:154} INFO - [2023-11-14T09:58:14.398+0000] {dag.py:3722} INFO - Setting next_dagrun for example_setup_teardown_taskflow to 2023-11-13T09:58:14.398160+00:00, run_after=2023-11-14T09:58:14.398160+00:00
[2023-11-14T09:58:14.407+0000] {processor.py:179} INFO - Processing /home/airflow/.local/lib/python3.8/site-packages/airflow/example_dags/example_setup_teardown_taskflow.py took 0.045 seconds
[2023-11-14T09:58:44.439+0000] {processor.py:157} INFO - Started process (PID=587) to work on /home/airflow/.local/lib/python3.8/site-packages/airflow/example_dags/example_setup_teardown_taskflow.py
[2023-11-14T09:58:44.440+0000] {processor.py:829} INFO - Processing file /home/airflow/.local/lib/python3.8/site-packages/airflow/example_dags/example_setup_teardown_taskflow.py for tasks to queue
[2023-11-14T09:58:44.442+0000] {logging_mixin.py:154} INFO - [2023-11-14T09:58:44.442+0000] {dagbag.py:536} INFO - Filling up the DagBag from /home/airflow/.local/lib/python3.8/site-packages/airflow/example_dags/example_setup_teardown_taskflow.py
[2023-11-14T09:58:44.448+0000] {processor.py:839} INFO - DAG(s) dict_keys(['example_setup_teardown_taskflow']) retrieved from /home/airflow/.local/lib/python3.8/site-packages/airflow/example_dags/example_setup_teardown_taskflow.py
[2023-11-14T09:58:44.462+0000] {logging_mixin.py:154} INFO - [2023-11-14T09:58:44.462+0000] {dag.py:2941} INFO - Sync 1 DAGs
[2023-11-14T09:58:44.474+0000] {logging_mixin.py:154} INFO - [2023-11-14T09:58:44.473+0000] {dag.py:3722} INFO - Setting next_dagrun for example_setup_teardown_taskflow to 2023-11-13T09:58:44.473807+00:00, run_after=2023-11-14T09:58:44.473807+00:00
[2023-11-14T09:58:44.483+0000] {processor.py:179} INFO - Processing /home/airflow/.local/lib/python3.8/site-packages/airflow/example_dags/example_setup_teardown_taskflow.py took 0.047 seconds
[2023-11-14T09:59:14.774+0000] {processor.py:157} INFO - Started process (PID=641) to work on /home/airflow/.local/lib/python3.8/site-packages/airflow/example_dags/example_setup_teardown_taskflow.py
[2023-11-14T09:59:14.775+0000] {processor.py:829} INFO - Processing file /home/airflow/.local/lib/python3.8/site-packages/airflow/example_dags/example_setup_teardown_taskflow.py for tasks to queue
[2023-11-14T09:59:14.777+0000] {logging_mixin.py:154} INFO - [2023-11-14T09:59:14.776+0000] {dagbag.py:536} INFO - Filling up the DagBag from /home/airflow/.local/lib/python3.8/site-packages/airflow/example_dags/example_setup_teardown_taskflow.py
[2023-11-14T09:59:14.783+0000] {processor.py:839} INFO - DAG(s) dict_keys(['example_setup_teardown_taskflow']) retrieved from /home/airflow/.local/lib/python3.8/site-packages/airflow/example_dags/example_setup_teardown_taskflow.py
[2023-11-14T09:59:14.798+0000] {logging_mixin.py:154} INFO - [2023-11-14T09:59:14.798+0000] {dag.py:2941} INFO - Sync 1 DAGs
[2023-11-14T09:59:14.813+0000] {logging_mixin.py:154} INFO - [2023-11-14T09:59:14.813+0000] {dag.py:3722} INFO - Setting next_dagrun for example_setup_teardown_taskflow to 2023-11-13T09:59:14.812958+00:00, run_after=2023-11-14T09:59:14.812958+00:00
[2023-11-14T09:59:14.827+0000] {processor.py:179} INFO - Processing /home/airflow/.local/lib/python3.8/site-packages/airflow/example_dags/example_setup_teardown_taskflow.py took 0.056 seconds
[2023-11-14T09:59:45.104+0000] {processor.py:157} INFO - Started process (PID=694) to work on /home/airflow/.local/lib/python3.8/site-packages/airflow/example_dags/example_setup_teardown_taskflow.py
[2023-11-14T09:59:45.105+0000] {processor.py:829} INFO - Processing file /home/airflow/.local/lib/python3.8/site-packages/airflow/example_dags/example_setup_teardown_taskflow.py for tasks to queue
[2023-11-14T09:59:45.107+0000] {logging_mixin.py:154} INFO - [2023-11-14T09:59:45.107+0000] {dagbag.py:536} INFO - Filling up the DagBag from /home/airflow/.local/lib/python3.8/site-packages/airflow/example_dags/example_setup_teardown_taskflow.py
[2023-11-14T09:59:45.113+0000] {processor.py:839} INFO - DAG(s) dict_keys(['example_setup_teardown_taskflow']) retrieved from /home/airflow/.local/lib/python3.8/site-packages/airflow/example_dags/example_setup_teardown_taskflow.py
[2023-11-14T09:59:45.126+0000] {logging_mixin.py:154} INFO - [2023-11-14T09:59:45.126+0000] {dag.py:2941} INFO - Sync 1 DAGs
[2023-11-14T09:59:45.139+0000] {logging_mixin.py:154} INFO - [2023-11-14T09:59:45.139+0000] {dag.py:3722} INFO - Setting next_dagrun for example_setup_teardown_taskflow to 2023-11-13T09:59:45.139116+00:00, run_after=2023-11-14T09:59:45.139116+00:00
[2023-11-14T09:59:45.149+0000] {processor.py:179} INFO - Processing /home/airflow/.local/lib/python3.8/site-packages/airflow/example_dags/example_setup_teardown_taskflow.py took 0.048 seconds
[2023-11-14T10:00:15.517+0000] {processor.py:157} INFO - Started process (PID=749) to work on /home/airflow/.local/lib/python3.8/site-packages/airflow/example_dags/example_setup_teardown_taskflow.py
[2023-11-14T10:00:15.518+0000] {processor.py:829} INFO - Processing file /home/airflow/.local/lib/python3.8/site-packages/airflow/example_dags/example_setup_teardown_taskflow.py for tasks to queue
[2023-11-14T10:00:15.520+0000] {logging_mixin.py:154} INFO - [2023-11-14T10:00:15.520+0000] {dagbag.py:536} INFO - Filling up the DagBag from /home/airflow/.local/lib/python3.8/site-packages/airflow/example_dags/example_setup_teardown_taskflow.py
[2023-11-14T10:00:15.526+0000] {processor.py:839} INFO - DAG(s) dict_keys(['example_setup_teardown_taskflow']) retrieved from /home/airflow/.local/lib/python3.8/site-packages/airflow/example_dags/example_setup_teardown_taskflow.py
[2023-11-14T10:00:15.540+0000] {logging_mixin.py:154} INFO - [2023-11-14T10:00:15.540+0000] {dag.py:2941} INFO - Sync 1 DAGs
[2023-11-14T10:00:15.552+0000] {logging_mixin.py:154} INFO - [2023-11-14T10:00:15.552+0000] {dag.py:3722} INFO - Setting next_dagrun for example_setup_teardown_taskflow to 2023-11-13T10:00:15.552757+00:00, run_after=2023-11-14T10:00:15.552757+00:00
[2023-11-14T10:00:15.562+0000] {processor.py:179} INFO - Processing /home/airflow/.local/lib/python3.8/site-packages/airflow/example_dags/example_setup_teardown_taskflow.py took 0.048 seconds
[2023-11-14T10:00:45.737+0000] {processor.py:157} INFO - Started process (PID=803) to work on /home/airflow/.local/lib/python3.8/site-packages/airflow/example_dags/example_setup_teardown_taskflow.py
[2023-11-14T10:00:45.737+0000] {processor.py:829} INFO - Processing file /home/airflow/.local/lib/python3.8/site-packages/airflow/example_dags/example_setup_teardown_taskflow.py for tasks to queue
[2023-11-14T10:00:45.739+0000] {logging_mixin.py:154} INFO - [2023-11-14T10:00:45.739+0000] {dagbag.py:536} INFO - Filling up the DagBag from /home/airflow/.local/lib/python3.8/site-packages/airflow/example_dags/example_setup_teardown_taskflow.py
[2023-11-14T10:00:45.745+0000] {processor.py:839} INFO - DAG(s) dict_keys(['example_setup_teardown_taskflow']) retrieved from /home/airflow/.local/lib/python3.8/site-packages/airflow/example_dags/example_setup_teardown_taskflow.py
[2023-11-14T10:00:45.758+0000] {logging_mixin.py:154} INFO - [2023-11-14T10:00:45.758+0000] {dag.py:2941} INFO - Sync 1 DAGs
[2023-11-14T10:00:45.772+0000] {logging_mixin.py:154} INFO - [2023-11-14T10:00:45.771+0000] {dag.py:3722} INFO - Setting next_dagrun for example_setup_teardown_taskflow to 2023-11-13T10:00:45.771794+00:00, run_after=2023-11-14T10:00:45.771794+00:00
[2023-11-14T10:00:45.781+0000] {processor.py:179} INFO - Processing /home/airflow/.local/lib/python3.8/site-packages/airflow/example_dags/example_setup_teardown_taskflow.py took 0.046 seconds
[2023-11-14T10:01:15.829+0000] {processor.py:157} INFO - Started process (PID=856) to work on /home/airflow/.local/lib/python3.8/site-packages/airflow/example_dags/example_setup_teardown_taskflow.py
[2023-11-14T10:01:15.830+0000] {processor.py:829} INFO - Processing file /home/airflow/.local/lib/python3.8/site-packages/airflow/example_dags/example_setup_teardown_taskflow.py for tasks to queue
[2023-11-14T10:01:15.832+0000] {logging_mixin.py:154} INFO - [2023-11-14T10:01:15.832+0000] {dagbag.py:536} INFO - Filling up the DagBag from /home/airflow/.local/lib/python3.8/site-packages/airflow/example_dags/example_setup_teardown_taskflow.py
[2023-11-14T10:01:15.838+0000] {processor.py:839} INFO - DAG(s) dict_keys(['example_setup_teardown_taskflow']) retrieved from /home/airflow/.local/lib/python3.8/site-packages/airflow/example_dags/example_setup_teardown_taskflow.py
[2023-11-14T10:01:15.850+0000] {logging_mixin.py:154} INFO - [2023-11-14T10:01:15.850+0000] {dag.py:2941} INFO - Sync 1 DAGs
[2023-11-14T10:01:15.863+0000] {logging_mixin.py:154} INFO - [2023-11-14T10:01:15.863+0000] {dag.py:3722} INFO - Setting next_dagrun for example_setup_teardown_taskflow to 2023-11-13T10:01:15.863360+00:00, run_after=2023-11-14T10:01:15.863360+00:00
[2023-11-14T10:01:15.873+0000] {processor.py:179} INFO - Processing /home/airflow/.local/lib/python3.8/site-packages/airflow/example_dags/example_setup_teardown_taskflow.py took 0.046 seconds
[2023-11-14T10:01:45.991+0000] {processor.py:157} INFO - Started process (PID=910) to work on /home/airflow/.local/lib/python3.8/site-packages/airflow/example_dags/example_setup_teardown_taskflow.py
[2023-11-14T10:01:45.991+0000] {processor.py:829} INFO - Processing file /home/airflow/.local/lib/python3.8/site-packages/airflow/example_dags/example_setup_teardown_taskflow.py for tasks to queue
[2023-11-14T10:01:45.993+0000] {logging_mixin.py:154} INFO - [2023-11-14T10:01:45.993+0000] {dagbag.py:536} INFO - Filling up the DagBag from /home/airflow/.local/lib/python3.8/site-packages/airflow/example_dags/example_setup_teardown_taskflow.py
[2023-11-14T10:01:45.999+0000] {processor.py:839} INFO - DAG(s) dict_keys(['example_setup_teardown_taskflow']) retrieved from /home/airflow/.local/lib/python3.8/site-packages/airflow/example_dags/example_setup_teardown_taskflow.py
[2023-11-14T10:01:46.012+0000] {logging_mixin.py:154} INFO - [2023-11-14T10:01:46.011+0000] {dag.py:2941} INFO - Sync 1 DAGs
[2023-11-14T10:01:46.024+0000] {logging_mixin.py:154} INFO - [2023-11-14T10:01:46.024+0000] {dag.py:3722} INFO - Setting next_dagrun for example_setup_teardown_taskflow to 2023-11-13T10:01:46.024503+00:00, run_after=2023-11-14T10:01:46.024503+00:00
[2023-11-14T10:01:46.035+0000] {processor.py:179} INFO - Processing /home/airflow/.local/lib/python3.8/site-packages/airflow/example_dags/example_setup_teardown_taskflow.py took 0.047 seconds
[2023-11-14T10:02:16.793+0000] {processor.py:157} INFO - Started process (PID=964) to work on /home/airflow/.local/lib/python3.8/site-packages/airflow/example_dags/example_setup_teardown_taskflow.py
[2023-11-14T10:02:16.793+0000] {processor.py:829} INFO - Processing file /home/airflow/.local/lib/python3.8/site-packages/airflow/example_dags/example_setup_teardown_taskflow.py for tasks to queue
[2023-11-14T10:02:16.796+0000] {logging_mixin.py:154} INFO - [2023-11-14T10:02:16.795+0000] {dagbag.py:536} INFO - Filling up the DagBag from /home/airflow/.local/lib/python3.8/site-packages/airflow/example_dags/example_setup_teardown_taskflow.py
[2023-11-14T10:02:16.803+0000] {processor.py:839} INFO - DAG(s) dict_keys(['example_setup_teardown_taskflow']) retrieved from /home/airflow/.local/lib/python3.8/site-packages/airflow/example_dags/example_setup_teardown_taskflow.py
[2023-11-14T10:02:16.823+0000] {logging_mixin.py:154} INFO - [2023-11-14T10:02:16.822+0000] {dag.py:2941} INFO - Sync 1 DAGs
[2023-11-14T10:02:16.841+0000] {logging_mixin.py:154} INFO - [2023-11-14T10:02:16.841+0000] {dag.py:3722} INFO - Setting next_dagrun for example_setup_teardown_taskflow to 2023-11-13T10:02:16.840902+00:00, run_after=2023-11-14T10:02:16.840902+00:00
[2023-11-14T10:02:16.854+0000] {processor.py:179} INFO - Processing /home/airflow/.local/lib/python3.8/site-packages/airflow/example_dags/example_setup_teardown_taskflow.py took 0.064 seconds
[2023-11-14T10:02:47.155+0000] {processor.py:157} INFO - Started process (PID=1018) to work on /home/airflow/.local/lib/python3.8/site-packages/airflow/example_dags/example_setup_teardown_taskflow.py
[2023-11-14T10:02:47.156+0000] {processor.py:829} INFO - Processing file /home/airflow/.local/lib/python3.8/site-packages/airflow/example_dags/example_setup_teardown_taskflow.py for tasks to queue
[2023-11-14T10:02:47.158+0000] {logging_mixin.py:154} INFO - [2023-11-14T10:02:47.158+0000] {dagbag.py:536} INFO - Filling up the DagBag from /home/airflow/.local/lib/python3.8/site-packages/airflow/example_dags/example_setup_teardown_taskflow.py
[2023-11-14T10:02:47.164+0000] {processor.py:839} INFO - DAG(s) dict_keys(['example_setup_teardown_taskflow']) retrieved from /home/airflow/.local/lib/python3.8/site-packages/airflow/example_dags/example_setup_teardown_taskflow.py
[2023-11-14T10:02:47.181+0000] {logging_mixin.py:154} INFO - [2023-11-14T10:02:47.180+0000] {dag.py:2941} INFO - Sync 1 DAGs
[2023-11-14T10:02:47.198+0000] {logging_mixin.py:154} INFO - [2023-11-14T10:02:47.198+0000] {dag.py:3722} INFO - Setting next_dagrun for example_setup_teardown_taskflow to 2023-11-13T10:02:47.197990+00:00, run_after=2023-11-14T10:02:47.197990+00:00
[2023-11-14T10:02:47.213+0000] {processor.py:179} INFO - Processing /home/airflow/.local/lib/python3.8/site-packages/airflow/example_dags/example_setup_teardown_taskflow.py took 0.061 seconds
[2023-11-14T10:03:18.121+0000] {processor.py:157} INFO - Started process (PID=1072) to work on /home/airflow/.local/lib/python3.8/site-packages/airflow/example_dags/example_setup_teardown_taskflow.py
[2023-11-14T10:03:18.121+0000] {processor.py:829} INFO - Processing file /home/airflow/.local/lib/python3.8/site-packages/airflow/example_dags/example_setup_teardown_taskflow.py for tasks to queue
[2023-11-14T10:03:18.123+0000] {logging_mixin.py:154} INFO - [2023-11-14T10:03:18.123+0000] {dagbag.py:536} INFO - Filling up the DagBag from /home/airflow/.local/lib/python3.8/site-packages/airflow/example_dags/example_setup_teardown_taskflow.py
[2023-11-14T10:03:18.129+0000] {processor.py:839} INFO - DAG(s) dict_keys(['example_setup_teardown_taskflow']) retrieved from /home/airflow/.local/lib/python3.8/site-packages/airflow/example_dags/example_setup_teardown_taskflow.py
[2023-11-14T10:03:18.141+0000] {logging_mixin.py:154} INFO - [2023-11-14T10:03:18.141+0000] {dag.py:2941} INFO - Sync 1 DAGs
[2023-11-14T10:03:18.152+0000] {logging_mixin.py:154} INFO - [2023-11-14T10:03:18.152+0000] {dag.py:3722} INFO - Setting next_dagrun for example_setup_teardown_taskflow to 2023-11-13T10:03:18.152371+00:00, run_after=2023-11-14T10:03:18.152371+00:00
[2023-11-14T10:03:18.161+0000] {processor.py:179} INFO - Processing /home/airflow/.local/lib/python3.8/site-packages/airflow/example_dags/example_setup_teardown_taskflow.py took 0.042 seconds
[2023-11-14T10:03:48.391+0000] {processor.py:157} INFO - Started process (PID=1126) to work on /home/airflow/.local/lib/python3.8/site-packages/airflow/example_dags/example_setup_teardown_taskflow.py
[2023-11-14T10:03:48.392+0000] {processor.py:829} INFO - Processing file /home/airflow/.local/lib/python3.8/site-packages/airflow/example_dags/example_setup_teardown_taskflow.py for tasks to queue
[2023-11-14T10:03:48.394+0000] {logging_mixin.py:154} INFO - [2023-11-14T10:03:48.393+0000] {dagbag.py:536} INFO - Filling up the DagBag from /home/airflow/.local/lib/python3.8/site-packages/airflow/example_dags/example_setup_teardown_taskflow.py
[2023-11-14T10:03:48.399+0000] {processor.py:839} INFO - DAG(s) dict_keys(['example_setup_teardown_taskflow']) retrieved from /home/airflow/.local/lib/python3.8/site-packages/airflow/example_dags/example_setup_teardown_taskflow.py
[2023-11-14T10:03:48.414+0000] {logging_mixin.py:154} INFO - [2023-11-14T10:03:48.414+0000] {dag.py:2941} INFO - Sync 1 DAGs
[2023-11-14T10:03:48.426+0000] {logging_mixin.py:154} INFO - [2023-11-14T10:03:48.426+0000] {dag.py:3722} INFO - Setting next_dagrun for example_setup_teardown_taskflow to 2023-11-13T10:03:48.426543+00:00, run_after=2023-11-14T10:03:48.426543+00:00
[2023-11-14T10:03:48.442+0000] {processor.py:179} INFO - Processing /home/airflow/.local/lib/python3.8/site-packages/airflow/example_dags/example_setup_teardown_taskflow.py took 0.054 seconds
[2023-11-14T10:04:18.645+0000] {processor.py:157} INFO - Started process (PID=1180) to work on /home/airflow/.local/lib/python3.8/site-packages/airflow/example_dags/example_setup_teardown_taskflow.py
[2023-11-14T10:04:18.646+0000] {processor.py:829} INFO - Processing file /home/airflow/.local/lib/python3.8/site-packages/airflow/example_dags/example_setup_teardown_taskflow.py for tasks to queue
[2023-11-14T10:04:18.648+0000] {logging_mixin.py:154} INFO - [2023-11-14T10:04:18.648+0000] {dagbag.py:536} INFO - Filling up the DagBag from /home/airflow/.local/lib/python3.8/site-packages/airflow/example_dags/example_setup_teardown_taskflow.py
[2023-11-14T10:04:18.654+0000] {processor.py:839} INFO - DAG(s) dict_keys(['example_setup_teardown_taskflow']) retrieved from /home/airflow/.local/lib/python3.8/site-packages/airflow/example_dags/example_setup_teardown_taskflow.py
[2023-11-14T10:04:18.668+0000] {logging_mixin.py:154} INFO - [2023-11-14T10:04:18.667+0000] {dag.py:2941} INFO - Sync 1 DAGs
[2023-11-14T10:04:18.680+0000] {logging_mixin.py:154} INFO - [2023-11-14T10:04:18.680+0000] {dag.py:3722} INFO - Setting next_dagrun for example_setup_teardown_taskflow to 2023-11-13T10:04:18.680291+00:00, run_after=2023-11-14T10:04:18.680291+00:00
[2023-11-14T10:04:18.691+0000] {processor.py:179} INFO - Processing /home/airflow/.local/lib/python3.8/site-packages/airflow/example_dags/example_setup_teardown_taskflow.py took 0.048 seconds
[2023-11-14T10:04:48.845+0000] {processor.py:157} INFO - Started process (PID=1234) to work on /home/airflow/.local/lib/python3.8/site-packages/airflow/example_dags/example_setup_teardown_taskflow.py
[2023-11-14T10:04:48.846+0000] {processor.py:829} INFO - Processing file /home/airflow/.local/lib/python3.8/site-packages/airflow/example_dags/example_setup_teardown_taskflow.py for tasks to queue
[2023-11-14T10:04:48.848+0000] {logging_mixin.py:154} INFO - [2023-11-14T10:04:48.848+0000] {dagbag.py:536} INFO - Filling up the DagBag from /home/airflow/.local/lib/python3.8/site-packages/airflow/example_dags/example_setup_teardown_taskflow.py
[2023-11-14T10:04:48.854+0000] {processor.py:839} INFO - DAG(s) dict_keys(['example_setup_teardown_taskflow']) retrieved from /home/airflow/.local/lib/python3.8/site-packages/airflow/example_dags/example_setup_teardown_taskflow.py
[2023-11-14T10:04:48.868+0000] {logging_mixin.py:154} INFO - [2023-11-14T10:04:48.868+0000] {dag.py:2941} INFO - Sync 1 DAGs
[2023-11-14T10:04:48.881+0000] {logging_mixin.py:154} INFO - [2023-11-14T10:04:48.881+0000] {dag.py:3722} INFO - Setting next_dagrun for example_setup_teardown_taskflow to 2023-11-13T10:04:48.881727+00:00, run_after=2023-11-14T10:04:48.881727+00:00
[2023-11-14T10:04:48.891+0000] {processor.py:179} INFO - Processing /home/airflow/.local/lib/python3.8/site-packages/airflow/example_dags/example_setup_teardown_taskflow.py took 0.049 seconds
[2023-11-14T10:05:19.100+0000] {processor.py:157} INFO - Started process (PID=1288) to work on /home/airflow/.local/lib/python3.8/site-packages/airflow/example_dags/example_setup_teardown_taskflow.py
[2023-11-14T10:05:19.101+0000] {processor.py:829} INFO - Processing file /home/airflow/.local/lib/python3.8/site-packages/airflow/example_dags/example_setup_teardown_taskflow.py for tasks to queue
[2023-11-14T10:05:19.103+0000] {logging_mixin.py:154} INFO - [2023-11-14T10:05:19.103+0000] {dagbag.py:536} INFO - Filling up the DagBag from /home/airflow/.local/lib/python3.8/site-packages/airflow/example_dags/example_setup_teardown_taskflow.py
[2023-11-14T10:05:19.109+0000] {processor.py:839} INFO - DAG(s) dict_keys(['example_setup_teardown_taskflow']) retrieved from /home/airflow/.local/lib/python3.8/site-packages/airflow/example_dags/example_setup_teardown_taskflow.py
[2023-11-14T10:05:19.122+0000] {logging_mixin.py:154} INFO - [2023-11-14T10:05:19.122+0000] {dag.py:2941} INFO - Sync 1 DAGs
[2023-11-14T10:05:19.135+0000] {logging_mixin.py:154} INFO - [2023-11-14T10:05:19.135+0000] {dag.py:3722} INFO - Setting next_dagrun for example_setup_teardown_taskflow to 2023-11-13T10:05:19.135146+00:00, run_after=2023-11-14T10:05:19.135146+00:00
[2023-11-14T10:05:19.146+0000] {processor.py:179} INFO - Processing /home/airflow/.local/lib/python3.8/site-packages/airflow/example_dags/example_setup_teardown_taskflow.py took 0.048 seconds
[2023-11-14T10:05:49.397+0000] {processor.py:157} INFO - Started process (PID=1342) to work on /home/airflow/.local/lib/python3.8/site-packages/airflow/example_dags/example_setup_teardown_taskflow.py
[2023-11-14T10:05:49.398+0000] {processor.py:829} INFO - Processing file /home/airflow/.local/lib/python3.8/site-packages/airflow/example_dags/example_setup_teardown_taskflow.py for tasks to queue
[2023-11-14T10:05:49.400+0000] {logging_mixin.py:154} INFO - [2023-11-14T10:05:49.399+0000] {dagbag.py:536} INFO - Filling up the DagBag from /home/airflow/.local/lib/python3.8/site-packages/airflow/example_dags/example_setup_teardown_taskflow.py
[2023-11-14T10:05:49.405+0000] {processor.py:839} INFO - DAG(s) dict_keys(['example_setup_teardown_taskflow']) retrieved from /home/airflow/.local/lib/python3.8/site-packages/airflow/example_dags/example_setup_teardown_taskflow.py
[2023-11-14T10:05:49.418+0000] {logging_mixin.py:154} INFO - [2023-11-14T10:05:49.417+0000] {dag.py:2941} INFO - Sync 1 DAGs
[2023-11-14T10:05:49.428+0000] {logging_mixin.py:154} INFO - [2023-11-14T10:05:49.428+0000] {dag.py:3722} INFO - Setting next_dagrun for example_setup_teardown_taskflow to 2023-11-13T10:05:49.428610+00:00, run_after=2023-11-14T10:05:49.428610+00:00
[2023-11-14T10:05:49.437+0000] {processor.py:179} INFO - Processing /home/airflow/.local/lib/python3.8/site-packages/airflow/example_dags/example_setup_teardown_taskflow.py took 0.042 seconds
[2023-11-14T10:06:19.640+0000] {processor.py:157} INFO - Started process (PID=1396) to work on /home/airflow/.local/lib/python3.8/site-packages/airflow/example_dags/example_setup_teardown_taskflow.py
[2023-11-14T10:06:19.641+0000] {processor.py:829} INFO - Processing file /home/airflow/.local/lib/python3.8/site-packages/airflow/example_dags/example_setup_teardown_taskflow.py for tasks to queue
[2023-11-14T10:06:19.643+0000] {logging_mixin.py:154} INFO - [2023-11-14T10:06:19.643+0000] {dagbag.py:536} INFO - Filling up the DagBag from /home/airflow/.local/lib/python3.8/site-packages/airflow/example_dags/example_setup_teardown_taskflow.py
[2023-11-14T10:06:19.649+0000] {processor.py:839} INFO - DAG(s) dict_keys(['example_setup_teardown_taskflow']) retrieved from /home/airflow/.local/lib/python3.8/site-packages/airflow/example_dags/example_setup_teardown_taskflow.py
[2023-11-14T10:06:19.663+0000] {logging_mixin.py:154} INFO - [2023-11-14T10:06:19.663+0000] {dag.py:2941} INFO - Sync 1 DAGs
[2023-11-14T10:06:19.675+0000] {logging_mixin.py:154} INFO - [2023-11-14T10:06:19.675+0000] {dag.py:3722} INFO - Setting next_dagrun for example_setup_teardown_taskflow to 2023-11-13T10:06:19.674876+00:00, run_after=2023-11-14T10:06:19.674876+00:00
[2023-11-14T10:06:19.685+0000] {processor.py:179} INFO - Processing /home/airflow/.local/lib/python3.8/site-packages/airflow/example_dags/example_setup_teardown_taskflow.py took 0.048 seconds
[2023-11-14T10:06:49.802+0000] {processor.py:157} INFO - Started process (PID=1450) to work on /home/airflow/.local/lib/python3.8/site-packages/airflow/example_dags/example_setup_teardown_taskflow.py
[2023-11-14T10:06:49.802+0000] {processor.py:829} INFO - Processing file /home/airflow/.local/lib/python3.8/site-packages/airflow/example_dags/example_setup_teardown_taskflow.py for tasks to queue
[2023-11-14T10:06:49.804+0000] {logging_mixin.py:154} INFO - [2023-11-14T10:06:49.804+0000] {dagbag.py:536} INFO - Filling up the DagBag from /home/airflow/.local/lib/python3.8/site-packages/airflow/example_dags/example_setup_teardown_taskflow.py
[2023-11-14T10:06:49.809+0000] {processor.py:839} INFO - DAG(s) dict_keys(['example_setup_teardown_taskflow']) retrieved from /home/airflow/.local/lib/python3.8/site-packages/airflow/example_dags/example_setup_teardown_taskflow.py
[2023-11-14T10:06:49.822+0000] {logging_mixin.py:154} INFO - [2023-11-14T10:06:49.821+0000] {dag.py:2941} INFO - Sync 1 DAGs
[2023-11-14T10:06:49.833+0000] {logging_mixin.py:154} INFO - [2023-11-14T10:06:49.833+0000] {dag.py:3722} INFO - Setting next_dagrun for example_setup_teardown_taskflow to 2023-11-13T10:06:49.833478+00:00, run_after=2023-11-14T10:06:49.833478+00:00
[2023-11-14T10:06:49.843+0000] {processor.py:179} INFO - Processing /home/airflow/.local/lib/python3.8/site-packages/airflow/example_dags/example_setup_teardown_taskflow.py took 0.044 seconds
[2023-11-14T10:07:20.108+0000] {processor.py:157} INFO - Started process (PID=1504) to work on /home/airflow/.local/lib/python3.8/site-packages/airflow/example_dags/example_setup_teardown_taskflow.py
[2023-11-14T10:07:20.108+0000] {processor.py:829} INFO - Processing file /home/airflow/.local/lib/python3.8/site-packages/airflow/example_dags/example_setup_teardown_taskflow.py for tasks to queue
[2023-11-14T10:07:20.110+0000] {logging_mixin.py:154} INFO - [2023-11-14T10:07:20.110+0000] {dagbag.py:536} INFO - Filling up the DagBag from /home/airflow/.local/lib/python3.8/site-packages/airflow/example_dags/example_setup_teardown_taskflow.py
[2023-11-14T10:07:20.115+0000] {processor.py:839} INFO - DAG(s) dict_keys(['example_setup_teardown_taskflow']) retrieved from /home/airflow/.local/lib/python3.8/site-packages/airflow/example_dags/example_setup_teardown_taskflow.py
[2023-11-14T10:07:20.125+0000] {logging_mixin.py:154} INFO - [2023-11-14T10:07:20.125+0000] {dag.py:2941} INFO - Sync 1 DAGs
[2023-11-14T10:07:20.137+0000] {logging_mixin.py:154} INFO - [2023-11-14T10:07:20.137+0000] {dag.py:3722} INFO - Setting next_dagrun for example_setup_teardown_taskflow to 2023-11-13T10:07:20.137709+00:00, run_after=2023-11-14T10:07:20.137709+00:00
[2023-11-14T10:07:20.148+0000] {processor.py:179} INFO - Processing /home/airflow/.local/lib/python3.8/site-packages/airflow/example_dags/example_setup_teardown_taskflow.py took 0.042 seconds
[2023-11-14T10:07:50.414+0000] {processor.py:157} INFO - Started process (PID=1558) to work on /home/airflow/.local/lib/python3.8/site-packages/airflow/example_dags/example_setup_teardown_taskflow.py
[2023-11-14T10:07:50.415+0000] {processor.py:829} INFO - Processing file /home/airflow/.local/lib/python3.8/site-packages/airflow/example_dags/example_setup_teardown_taskflow.py for tasks to queue
[2023-11-14T10:07:50.417+0000] {logging_mixin.py:154} INFO - [2023-11-14T10:07:50.416+0000] {dagbag.py:536} INFO - Filling up the DagBag from /home/airflow/.local/lib/python3.8/site-packages/airflow/example_dags/example_setup_teardown_taskflow.py
[2023-11-14T10:07:50.421+0000] {processor.py:839} INFO - DAG(s) dict_keys(['example_setup_teardown_taskflow']) retrieved from /home/airflow/.local/lib/python3.8/site-packages/airflow/example_dags/example_setup_teardown_taskflow.py
[2023-11-14T10:07:50.433+0000] {logging_mixin.py:154} INFO - [2023-11-14T10:07:50.433+0000] {dag.py:2941} INFO - Sync 1 DAGs
[2023-11-14T10:07:50.443+0000] {logging_mixin.py:154} INFO - [2023-11-14T10:07:50.443+0000] {dag.py:3722} INFO - Setting next_dagrun for example_setup_teardown_taskflow to 2023-11-13T10:07:50.443118+00:00, run_after=2023-11-14T10:07:50.443118+00:00
[2023-11-14T10:07:50.452+0000] {processor.py:179} INFO - Processing /home/airflow/.local/lib/python3.8/site-packages/airflow/example_dags/example_setup_teardown_taskflow.py took 0.040 seconds
[2023-11-14T10:08:20.741+0000] {processor.py:157} INFO - Started process (PID=1612) to work on /home/airflow/.local/lib/python3.8/site-packages/airflow/example_dags/example_setup_teardown_taskflow.py
[2023-11-14T10:08:20.741+0000] {processor.py:829} INFO - Processing file /home/airflow/.local/lib/python3.8/site-packages/airflow/example_dags/example_setup_teardown_taskflow.py for tasks to queue
[2023-11-14T10:08:20.743+0000] {logging_mixin.py:154} INFO - [2023-11-14T10:08:20.743+0000] {dagbag.py:536} INFO - Filling up the DagBag from /home/airflow/.local/lib/python3.8/site-packages/airflow/example_dags/example_setup_teardown_taskflow.py
[2023-11-14T10:08:20.748+0000] {processor.py:839} INFO - DAG(s) dict_keys(['example_setup_teardown_taskflow']) retrieved from /home/airflow/.local/lib/python3.8/site-packages/airflow/example_dags/example_setup_teardown_taskflow.py
[2023-11-14T10:08:20.759+0000] {logging_mixin.py:154} INFO - [2023-11-14T10:08:20.759+0000] {dag.py:2941} INFO - Sync 1 DAGs
[2023-11-14T10:08:20.770+0000] {logging_mixin.py:154} INFO - [2023-11-14T10:08:20.770+0000] {dag.py:3722} INFO - Setting next_dagrun for example_setup_teardown_taskflow to 2023-11-13T10:08:20.770271+00:00, run_after=2023-11-14T10:08:20.770271+00:00
[2023-11-14T10:08:20.779+0000] {processor.py:179} INFO - Processing /home/airflow/.local/lib/python3.8/site-packages/airflow/example_dags/example_setup_teardown_taskflow.py took 0.041 seconds
[2023-11-14T10:08:51.076+0000] {processor.py:157} INFO - Started process (PID=1666) to work on /home/airflow/.local/lib/python3.8/site-packages/airflow/example_dags/example_setup_teardown_taskflow.py
[2023-11-14T10:08:51.077+0000] {processor.py:829} INFO - Processing file /home/airflow/.local/lib/python3.8/site-packages/airflow/example_dags/example_setup_teardown_taskflow.py for tasks to queue
[2023-11-14T10:08:51.079+0000] {logging_mixin.py:154} INFO - [2023-11-14T10:08:51.079+0000] {dagbag.py:536} INFO - Filling up the DagBag from /home/airflow/.local/lib/python3.8/site-packages/airflow/example_dags/example_setup_teardown_taskflow.py
[2023-11-14T10:08:51.085+0000] {processor.py:839} INFO - DAG(s) dict_keys(['example_setup_teardown_taskflow']) retrieved from /home/airflow/.local/lib/python3.8/site-packages/airflow/example_dags/example_setup_teardown_taskflow.py
[2023-11-14T10:08:51.097+0000] {logging_mixin.py:154} INFO - [2023-11-14T10:08:51.097+0000] {dag.py:2941} INFO - Sync 1 DAGs
[2023-11-14T10:08:51.108+0000] {logging_mixin.py:154} INFO - [2023-11-14T10:08:51.107+0000] {dag.py:3722} INFO - Setting next_dagrun for example_setup_teardown_taskflow to 2023-11-13T10:08:51.107790+00:00, run_after=2023-11-14T10:08:51.107790+00:00
[2023-11-14T10:08:51.116+0000] {processor.py:179} INFO - Processing /home/airflow/.local/lib/python3.8/site-packages/airflow/example_dags/example_setup_teardown_taskflow.py took 0.043 seconds
[2023-11-14T10:09:21.533+0000] {processor.py:157} INFO - Started process (PID=1720) to work on /home/airflow/.local/lib/python3.8/site-packages/airflow/example_dags/example_setup_teardown_taskflow.py
[2023-11-14T10:09:21.534+0000] {processor.py:829} INFO - Processing file /home/airflow/.local/lib/python3.8/site-packages/airflow/example_dags/example_setup_teardown_taskflow.py for tasks to queue
[2023-11-14T10:09:21.536+0000] {logging_mixin.py:154} INFO - [2023-11-14T10:09:21.535+0000] {dagbag.py:536} INFO - Filling up the DagBag from /home/airflow/.local/lib/python3.8/site-packages/airflow/example_dags/example_setup_teardown_taskflow.py
[2023-11-14T10:09:21.541+0000] {processor.py:839} INFO - DAG(s) dict_keys(['example_setup_teardown_taskflow']) retrieved from /home/airflow/.local/lib/python3.8/site-packages/airflow/example_dags/example_setup_teardown_taskflow.py
[2023-11-14T10:09:21.552+0000] {logging_mixin.py:154} INFO - [2023-11-14T10:09:21.552+0000] {dag.py:2941} INFO - Sync 1 DAGs
[2023-11-14T10:09:21.562+0000] {logging_mixin.py:154} INFO - [2023-11-14T10:09:21.562+0000] {dag.py:3722} INFO - Setting next_dagrun for example_setup_teardown_taskflow to 2023-11-13T10:09:21.561975+00:00, run_after=2023-11-14T10:09:21.561975+00:00
[2023-11-14T10:09:21.570+0000] {processor.py:179} INFO - Processing /home/airflow/.local/lib/python3.8/site-packages/airflow/example_dags/example_setup_teardown_taskflow.py took 0.040 seconds
[2023-11-14T10:09:52.335+0000] {processor.py:157} INFO - Started process (PID=1774) to work on /home/airflow/.local/lib/python3.8/site-packages/airflow/example_dags/example_setup_teardown_taskflow.py
[2023-11-14T10:09:52.335+0000] {processor.py:829} INFO - Processing file /home/airflow/.local/lib/python3.8/site-packages/airflow/example_dags/example_setup_teardown_taskflow.py for tasks to queue
[2023-11-14T10:09:52.337+0000] {logging_mixin.py:154} INFO - [2023-11-14T10:09:52.337+0000] {dagbag.py:536} INFO - Filling up the DagBag from /home/airflow/.local/lib/python3.8/site-packages/airflow/example_dags/example_setup_teardown_taskflow.py
[2023-11-14T10:09:52.343+0000] {processor.py:839} INFO - DAG(s) dict_keys(['example_setup_teardown_taskflow']) retrieved from /home/airflow/.local/lib/python3.8/site-packages/airflow/example_dags/example_setup_teardown_taskflow.py
[2023-11-14T10:09:52.355+0000] {logging_mixin.py:154} INFO - [2023-11-14T10:09:52.355+0000] {dag.py:2941} INFO - Sync 1 DAGs
[2023-11-14T10:09:52.468+0000] {logging_mixin.py:154} INFO - [2023-11-14T10:09:52.468+0000] {dag.py:3722} INFO - Setting next_dagrun for example_setup_teardown_taskflow to 2023-11-13T10:09:52.468425+00:00, run_after=2023-11-14T10:09:52.468425+00:00
[2023-11-14T10:09:52.477+0000] {processor.py:179} INFO - Processing /home/airflow/.local/lib/python3.8/site-packages/airflow/example_dags/example_setup_teardown_taskflow.py took 0.145 seconds
[2023-11-14T10:10:22.823+0000] {processor.py:157} INFO - Started process (PID=1829) to work on /home/airflow/.local/lib/python3.8/site-packages/airflow/example_dags/example_setup_teardown_taskflow.py
[2023-11-14T10:10:22.824+0000] {processor.py:829} INFO - Processing file /home/airflow/.local/lib/python3.8/site-packages/airflow/example_dags/example_setup_teardown_taskflow.py for tasks to queue
[2023-11-14T10:10:22.827+0000] {logging_mixin.py:154} INFO - [2023-11-14T10:10:22.827+0000] {dagbag.py:536} INFO - Filling up the DagBag from /home/airflow/.local/lib/python3.8/site-packages/airflow/example_dags/example_setup_teardown_taskflow.py
[2023-11-14T10:10:22.834+0000] {processor.py:839} INFO - DAG(s) dict_keys(['example_setup_teardown_taskflow']) retrieved from /home/airflow/.local/lib/python3.8/site-packages/airflow/example_dags/example_setup_teardown_taskflow.py
[2023-11-14T10:10:22.847+0000] {logging_mixin.py:154} INFO - [2023-11-14T10:10:22.847+0000] {dag.py:2941} INFO - Sync 1 DAGs
[2023-11-14T10:10:22.860+0000] {logging_mixin.py:154} INFO - [2023-11-14T10:10:22.860+0000] {dag.py:3722} INFO - Setting next_dagrun for example_setup_teardown_taskflow to 2023-11-13T10:10:22.860090+00:00, run_after=2023-11-14T10:10:22.860090+00:00
[2023-11-14T10:10:22.985+0000] {processor.py:179} INFO - Processing /home/airflow/.local/lib/python3.8/site-packages/airflow/example_dags/example_setup_teardown_taskflow.py took 0.167 seconds
[2023-11-14T10:10:53.004+0000] {processor.py:157} INFO - Started process (PID=1883) to work on /home/airflow/.local/lib/python3.8/site-packages/airflow/example_dags/example_setup_teardown_taskflow.py
[2023-11-14T10:10:53.005+0000] {processor.py:829} INFO - Processing file /home/airflow/.local/lib/python3.8/site-packages/airflow/example_dags/example_setup_teardown_taskflow.py for tasks to queue
[2023-11-14T10:10:53.006+0000] {logging_mixin.py:154} INFO - [2023-11-14T10:10:53.006+0000] {dagbag.py:536} INFO - Filling up the DagBag from /home/airflow/.local/lib/python3.8/site-packages/airflow/example_dags/example_setup_teardown_taskflow.py
[2023-11-14T10:10:53.012+0000] {processor.py:839} INFO - DAG(s) dict_keys(['example_setup_teardown_taskflow']) retrieved from /home/airflow/.local/lib/python3.8/site-packages/airflow/example_dags/example_setup_teardown_taskflow.py
[2023-11-14T10:10:53.025+0000] {logging_mixin.py:154} INFO - [2023-11-14T10:10:53.024+0000] {dag.py:2941} INFO - Sync 1 DAGs
[2023-11-14T10:10:53.035+0000] {logging_mixin.py:154} INFO - [2023-11-14T10:10:53.035+0000] {dag.py:3722} INFO - Setting next_dagrun for example_setup_teardown_taskflow to 2023-11-13T10:10:53.035657+00:00, run_after=2023-11-14T10:10:53.035657+00:00
[2023-11-14T10:10:53.044+0000] {processor.py:179} INFO - Processing /home/airflow/.local/lib/python3.8/site-packages/airflow/example_dags/example_setup_teardown_taskflow.py took 0.043 seconds
[2023-11-14T10:11:23.337+0000] {processor.py:157} INFO - Started process (PID=1938) to work on /home/airflow/.local/lib/python3.8/site-packages/airflow/example_dags/example_setup_teardown_taskflow.py
[2023-11-14T10:11:23.337+0000] {processor.py:829} INFO - Processing file /home/airflow/.local/lib/python3.8/site-packages/airflow/example_dags/example_setup_teardown_taskflow.py for tasks to queue
[2023-11-14T10:11:23.339+0000] {logging_mixin.py:154} INFO - [2023-11-14T10:11:23.339+0000] {dagbag.py:536} INFO - Filling up the DagBag from /home/airflow/.local/lib/python3.8/site-packages/airflow/example_dags/example_setup_teardown_taskflow.py
[2023-11-14T10:11:23.345+0000] {processor.py:839} INFO - DAG(s) dict_keys(['example_setup_teardown_taskflow']) retrieved from /home/airflow/.local/lib/python3.8/site-packages/airflow/example_dags/example_setup_teardown_taskflow.py
[2023-11-14T10:11:23.357+0000] {logging_mixin.py:154} INFO - [2023-11-14T10:11:23.357+0000] {dag.py:2941} INFO - Sync 1 DAGs
[2023-11-14T10:11:23.368+0000] {logging_mixin.py:154} INFO - [2023-11-14T10:11:23.368+0000] {dag.py:3722} INFO - Setting next_dagrun for example_setup_teardown_taskflow to 2023-11-13T10:11:23.368025+00:00, run_after=2023-11-14T10:11:23.368025+00:00
[2023-11-14T10:11:23.376+0000] {processor.py:179} INFO - Processing /home/airflow/.local/lib/python3.8/site-packages/airflow/example_dags/example_setup_teardown_taskflow.py took 0.042 seconds
[2023-11-14T10:11:54.262+0000] {processor.py:157} INFO - Started process (PID=1990) to work on /home/airflow/.local/lib/python3.8/site-packages/airflow/example_dags/example_setup_teardown_taskflow.py
[2023-11-14T10:11:54.262+0000] {processor.py:829} INFO - Processing file /home/airflow/.local/lib/python3.8/site-packages/airflow/example_dags/example_setup_teardown_taskflow.py for tasks to queue
[2023-11-14T10:11:54.264+0000] {logging_mixin.py:154} INFO - [2023-11-14T10:11:54.264+0000] {dagbag.py:536} INFO - Filling up the DagBag from /home/airflow/.local/lib/python3.8/site-packages/airflow/example_dags/example_setup_teardown_taskflow.py
[2023-11-14T10:11:54.270+0000] {processor.py:839} INFO - DAG(s) dict_keys(['example_setup_teardown_taskflow']) retrieved from /home/airflow/.local/lib/python3.8/site-packages/airflow/example_dags/example_setup_teardown_taskflow.py
[2023-11-14T10:11:54.284+0000] {logging_mixin.py:154} INFO - [2023-11-14T10:11:54.284+0000] {dag.py:2941} INFO - Sync 1 DAGs
[2023-11-14T10:11:54.400+0000] {logging_mixin.py:154} INFO - [2023-11-14T10:11:54.400+0000] {dag.py:3722} INFO - Setting next_dagrun for example_setup_teardown_taskflow to 2023-11-13T10:11:54.400062+00:00, run_after=2023-11-14T10:11:54.400062+00:00
[2023-11-14T10:11:54.412+0000] {processor.py:179} INFO - Processing /home/airflow/.local/lib/python3.8/site-packages/airflow/example_dags/example_setup_teardown_taskflow.py took 0.153 seconds
[2023-11-14T10:12:24.522+0000] {processor.py:157} INFO - Started process (PID=2044) to work on /home/airflow/.local/lib/python3.8/site-packages/airflow/example_dags/example_setup_teardown_taskflow.py
[2023-11-14T10:12:24.522+0000] {processor.py:829} INFO - Processing file /home/airflow/.local/lib/python3.8/site-packages/airflow/example_dags/example_setup_teardown_taskflow.py for tasks to queue
[2023-11-14T10:12:24.524+0000] {logging_mixin.py:154} INFO - [2023-11-14T10:12:24.524+0000] {dagbag.py:536} INFO - Filling up the DagBag from /home/airflow/.local/lib/python3.8/site-packages/airflow/example_dags/example_setup_teardown_taskflow.py
[2023-11-14T10:12:24.530+0000] {processor.py:839} INFO - DAG(s) dict_keys(['example_setup_teardown_taskflow']) retrieved from /home/airflow/.local/lib/python3.8/site-packages/airflow/example_dags/example_setup_teardown_taskflow.py
[2023-11-14T10:12:24.544+0000] {logging_mixin.py:154} INFO - [2023-11-14T10:12:24.544+0000] {dag.py:2941} INFO - Sync 1 DAGs
[2023-11-14T10:12:24.556+0000] {logging_mixin.py:154} INFO - [2023-11-14T10:12:24.556+0000] {dag.py:3722} INFO - Setting next_dagrun for example_setup_teardown_taskflow to 2023-11-13T10:12:24.555973+00:00, run_after=2023-11-14T10:12:24.555973+00:00
[2023-11-14T10:12:24.673+0000] {processor.py:179} INFO - Processing /home/airflow/.local/lib/python3.8/site-packages/airflow/example_dags/example_setup_teardown_taskflow.py took 0.154 seconds
[2023-11-14T10:12:55.594+0000] {processor.py:157} INFO - Started process (PID=2098) to work on /home/airflow/.local/lib/python3.8/site-packages/airflow/example_dags/example_setup_teardown_taskflow.py
[2023-11-14T10:12:55.596+0000] {processor.py:829} INFO - Processing file /home/airflow/.local/lib/python3.8/site-packages/airflow/example_dags/example_setup_teardown_taskflow.py for tasks to queue
[2023-11-14T10:12:55.598+0000] {logging_mixin.py:154} INFO - [2023-11-14T10:12:55.598+0000] {dagbag.py:536} INFO - Filling up the DagBag from /home/airflow/.local/lib/python3.8/site-packages/airflow/example_dags/example_setup_teardown_taskflow.py
[2023-11-14T10:12:55.605+0000] {processor.py:839} INFO - DAG(s) dict_keys(['example_setup_teardown_taskflow']) retrieved from /home/airflow/.local/lib/python3.8/site-packages/airflow/example_dags/example_setup_teardown_taskflow.py
[2023-11-14T10:12:55.620+0000] {logging_mixin.py:154} INFO - [2023-11-14T10:12:55.620+0000] {dag.py:2941} INFO - Sync 1 DAGs
[2023-11-14T10:12:55.632+0000] {logging_mixin.py:154} INFO - [2023-11-14T10:12:55.631+0000] {dag.py:3722} INFO - Setting next_dagrun for example_setup_teardown_taskflow to 2023-11-13T10:12:55.631808+00:00, run_after=2023-11-14T10:12:55.631808+00:00
[2023-11-14T10:12:55.644+0000] {processor.py:179} INFO - Processing /home/airflow/.local/lib/python3.8/site-packages/airflow/example_dags/example_setup_teardown_taskflow.py took 0.053 seconds
[2023-11-14T10:13:44.877+0000] {processor.py:157} INFO - Started process (PID=2160) to work on /home/airflow/.local/lib/python3.8/site-packages/airflow/example_dags/example_setup_teardown_taskflow.py
[2023-11-14T10:13:44.878+0000] {processor.py:829} INFO - Processing file /home/airflow/.local/lib/python3.8/site-packages/airflow/example_dags/example_setup_teardown_taskflow.py for tasks to queue
[2023-11-14T10:13:44.880+0000] {logging_mixin.py:154} INFO - [2023-11-14T10:13:44.880+0000] {dagbag.py:536} INFO - Filling up the DagBag from /home/airflow/.local/lib/python3.8/site-packages/airflow/example_dags/example_setup_teardown_taskflow.py
[2023-11-14T10:13:44.887+0000] {processor.py:839} INFO - DAG(s) dict_keys(['example_setup_teardown_taskflow']) retrieved from /home/airflow/.local/lib/python3.8/site-packages/airflow/example_dags/example_setup_teardown_taskflow.py
[2023-11-14T10:13:44.904+0000] {logging_mixin.py:154} INFO - [2023-11-14T10:13:44.903+0000] {dag.py:2941} INFO - Sync 1 DAGs
[2023-11-14T10:13:44.918+0000] {logging_mixin.py:154} INFO - [2023-11-14T10:13:44.918+0000] {dag.py:3722} INFO - Setting next_dagrun for example_setup_teardown_taskflow to 2023-11-13T10:13:44.918339+00:00, run_after=2023-11-14T10:13:44.918339+00:00
[2023-11-14T10:13:44.929+0000] {processor.py:179} INFO - Processing /home/airflow/.local/lib/python3.8/site-packages/airflow/example_dags/example_setup_teardown_taskflow.py took 0.056 seconds
[2023-11-14T10:14:46.509+0000] {processor.py:157} INFO - Started process (PID=2215) to work on /home/airflow/.local/lib/python3.8/site-packages/airflow/example_dags/example_setup_teardown_taskflow.py
[2023-11-14T10:14:46.511+0000] {processor.py:829} INFO - Processing file /home/airflow/.local/lib/python3.8/site-packages/airflow/example_dags/example_setup_teardown_taskflow.py for tasks to queue
[2023-11-14T10:14:46.513+0000] {logging_mixin.py:154} INFO - [2023-11-14T10:14:46.513+0000] {dagbag.py:536} INFO - Filling up the DagBag from /home/airflow/.local/lib/python3.8/site-packages/airflow/example_dags/example_setup_teardown_taskflow.py
[2023-11-14T10:14:46.522+0000] {processor.py:839} INFO - DAG(s) dict_keys(['example_setup_teardown_taskflow']) retrieved from /home/airflow/.local/lib/python3.8/site-packages/airflow/example_dags/example_setup_teardown_taskflow.py
[2023-11-14T10:14:46.545+0000] {logging_mixin.py:154} INFO - [2023-11-14T10:14:46.545+0000] {dag.py:2941} INFO - Sync 1 DAGs
[2023-11-14T10:14:46.565+0000] {logging_mixin.py:154} INFO - [2023-11-14T10:14:46.565+0000] {dag.py:3722} INFO - Setting next_dagrun for example_setup_teardown_taskflow to 2023-11-13T10:14:46.565532+00:00, run_after=2023-11-14T10:14:46.565532+00:00
[2023-11-14T10:14:46.588+0000] {processor.py:179} INFO - Processing /home/airflow/.local/lib/python3.8/site-packages/airflow/example_dags/example_setup_teardown_taskflow.py took 0.081 seconds
[2023-11-14T10:17:56.242+0000] {processor.py:157} INFO - Started process (PID=2269) to work on /home/airflow/.local/lib/python3.8/site-packages/airflow/example_dags/example_setup_teardown_taskflow.py
[2023-11-14T10:17:56.243+0000] {processor.py:829} INFO - Processing file /home/airflow/.local/lib/python3.8/site-packages/airflow/example_dags/example_setup_teardown_taskflow.py for tasks to queue
[2023-11-14T10:17:56.246+0000] {logging_mixin.py:154} INFO - [2023-11-14T10:17:56.246+0000] {dagbag.py:536} INFO - Filling up the DagBag from /home/airflow/.local/lib/python3.8/site-packages/airflow/example_dags/example_setup_teardown_taskflow.py
[2023-11-14T10:17:56.259+0000] {processor.py:839} INFO - DAG(s) dict_keys(['example_setup_teardown_taskflow']) retrieved from /home/airflow/.local/lib/python3.8/site-packages/airflow/example_dags/example_setup_teardown_taskflow.py
[2023-11-14T10:17:56.278+0000] {logging_mixin.py:154} INFO - [2023-11-14T10:17:56.277+0000] {dag.py:2941} INFO - Sync 1 DAGs
[2023-11-14T10:17:56.297+0000] {logging_mixin.py:154} INFO - [2023-11-14T10:17:56.297+0000] {dag.py:3722} INFO - Setting next_dagrun for example_setup_teardown_taskflow to 2023-11-13T10:17:56.296872+00:00, run_after=2023-11-14T10:17:56.296872+00:00
[2023-11-14T10:17:56.312+0000] {processor.py:179} INFO - Processing /home/airflow/.local/lib/python3.8/site-packages/airflow/example_dags/example_setup_teardown_taskflow.py took 0.074 seconds
[2023-11-14T10:20:16.899+0000] {processor.py:157} INFO - Started process (PID=2316) to work on /home/airflow/.local/lib/python3.8/site-packages/airflow/example_dags/example_setup_teardown_taskflow.py
[2023-11-14T10:20:16.901+0000] {processor.py:829} INFO - Processing file /home/airflow/.local/lib/python3.8/site-packages/airflow/example_dags/example_setup_teardown_taskflow.py for tasks to queue
[2023-11-14T10:20:16.902+0000] {logging_mixin.py:154} INFO - [2023-11-14T10:20:16.901+0000] {dagbag.py:536} INFO - Filling up the DagBag from /home/airflow/.local/lib/python3.8/site-packages/airflow/example_dags/example_setup_teardown_taskflow.py
[2023-11-14T10:20:16.912+0000] {processor.py:839} INFO - DAG(s) dict_keys(['example_setup_teardown_taskflow']) retrieved from /home/airflow/.local/lib/python3.8/site-packages/airflow/example_dags/example_setup_teardown_taskflow.py
[2023-11-14T10:20:16.940+0000] {logging_mixin.py:154} INFO - [2023-11-14T10:20:16.940+0000] {dag.py:2941} INFO - Sync 1 DAGs
[2023-11-14T10:20:16.973+0000] {logging_mixin.py:154} INFO - [2023-11-14T10:20:16.973+0000] {dag.py:3722} INFO - Setting next_dagrun for example_setup_teardown_taskflow to 2023-11-13T10:20:16.973275+00:00, run_after=2023-11-14T10:20:16.973275+00:00
[2023-11-14T10:20:17.011+0000] {processor.py:179} INFO - Processing /home/airflow/.local/lib/python3.8/site-packages/airflow/example_dags/example_setup_teardown_taskflow.py took 0.116 seconds
