[2023-11-14T09:52:50.639+0000] {processor.py:157} INFO - Started process (PID=70) to work on /home/airflow/.local/lib/python3.8/site-packages/airflow/example_dags/tutorial_dag.py
[2023-11-14T09:52:50.640+0000] {processor.py:829} INFO - Processing file /home/airflow/.local/lib/python3.8/site-packages/airflow/example_dags/tutorial_dag.py for tasks to queue
[2023-11-14T09:52:50.643+0000] {logging_mixin.py:154} INFO - [2023-11-14T09:52:50.642+0000] {dagbag.py:536} INFO - Filling up the DagBag from /home/airflow/.local/lib/python3.8/site-packages/airflow/example_dags/tutorial_dag.py
[2023-11-14T09:52:50.648+0000] {processor.py:839} INFO - DAG(s) dict_keys(['tutorial_dag']) retrieved from /home/airflow/.local/lib/python3.8/site-packages/airflow/example_dags/tutorial_dag.py
[2023-11-14T09:52:50.669+0000] {logging_mixin.py:154} INFO - [2023-11-14T09:52:50.668+0000] {dag.py:2941} INFO - Sync 1 DAGs
[2023-11-14T09:52:50.680+0000] {logging_mixin.py:154} INFO - [2023-11-14T09:52:50.680+0000] {dag.py:3722} INFO - Setting next_dagrun for tutorial_dag to None, run_after=None
[2023-11-14T09:52:50.698+0000] {processor.py:179} INFO - Processing /home/airflow/.local/lib/python3.8/site-packages/airflow/example_dags/tutorial_dag.py took 0.062 seconds
[2023-11-14T09:53:41.234+0000] {processor.py:157} INFO - Started process (PID=71) to work on /home/airflow/.local/lib/python3.8/site-packages/airflow/example_dags/tutorial_dag.py
[2023-11-14T09:53:41.235+0000] {processor.py:829} INFO - Processing file /home/airflow/.local/lib/python3.8/site-packages/airflow/example_dags/tutorial_dag.py for tasks to queue
[2023-11-14T09:53:41.236+0000] {logging_mixin.py:154} INFO - [2023-11-14T09:53:41.236+0000] {dagbag.py:536} INFO - Filling up the DagBag from /home/airflow/.local/lib/python3.8/site-packages/airflow/example_dags/tutorial_dag.py
[2023-11-14T09:53:41.240+0000] {processor.py:839} INFO - DAG(s) dict_keys(['tutorial_dag']) retrieved from /home/airflow/.local/lib/python3.8/site-packages/airflow/example_dags/tutorial_dag.py
[2023-11-14T09:53:41.250+0000] {logging_mixin.py:154} INFO - [2023-11-14T09:53:41.250+0000] {dag.py:2941} INFO - Sync 1 DAGs
[2023-11-14T09:53:41.259+0000] {logging_mixin.py:154} INFO - [2023-11-14T09:53:41.259+0000] {dag.py:3722} INFO - Setting next_dagrun for tutorial_dag to None, run_after=None
[2023-11-14T09:53:41.272+0000] {processor.py:179} INFO - Processing /home/airflow/.local/lib/python3.8/site-packages/airflow/example_dags/tutorial_dag.py took 0.041 seconds
[2023-11-14T09:54:11.427+0000] {processor.py:157} INFO - Started process (PID=124) to work on /home/airflow/.local/lib/python3.8/site-packages/airflow/example_dags/tutorial_dag.py
[2023-11-14T09:54:11.427+0000] {processor.py:829} INFO - Processing file /home/airflow/.local/lib/python3.8/site-packages/airflow/example_dags/tutorial_dag.py for tasks to queue
[2023-11-14T09:54:11.429+0000] {logging_mixin.py:154} INFO - [2023-11-14T09:54:11.429+0000] {dagbag.py:536} INFO - Filling up the DagBag from /home/airflow/.local/lib/python3.8/site-packages/airflow/example_dags/tutorial_dag.py
[2023-11-14T09:54:11.433+0000] {processor.py:839} INFO - DAG(s) dict_keys(['tutorial_dag']) retrieved from /home/airflow/.local/lib/python3.8/site-packages/airflow/example_dags/tutorial_dag.py
[2023-11-14T09:54:11.444+0000] {logging_mixin.py:154} INFO - [2023-11-14T09:54:11.444+0000] {dag.py:2941} INFO - Sync 1 DAGs
[2023-11-14T09:54:11.450+0000] {logging_mixin.py:154} INFO - [2023-11-14T09:54:11.450+0000] {dag.py:3722} INFO - Setting next_dagrun for tutorial_dag to None, run_after=None
[2023-11-14T09:54:11.459+0000] {processor.py:179} INFO - Processing /home/airflow/.local/lib/python3.8/site-packages/airflow/example_dags/tutorial_dag.py took 0.034 seconds
[2023-11-14T09:54:42.004+0000] {processor.py:157} INFO - Started process (PID=177) to work on /home/airflow/.local/lib/python3.8/site-packages/airflow/example_dags/tutorial_dag.py
[2023-11-14T09:54:42.005+0000] {processor.py:829} INFO - Processing file /home/airflow/.local/lib/python3.8/site-packages/airflow/example_dags/tutorial_dag.py for tasks to queue
[2023-11-14T09:54:42.007+0000] {logging_mixin.py:154} INFO - [2023-11-14T09:54:42.007+0000] {dagbag.py:536} INFO - Filling up the DagBag from /home/airflow/.local/lib/python3.8/site-packages/airflow/example_dags/tutorial_dag.py
[2023-11-14T09:54:42.010+0000] {processor.py:839} INFO - DAG(s) dict_keys(['tutorial_dag']) retrieved from /home/airflow/.local/lib/python3.8/site-packages/airflow/example_dags/tutorial_dag.py
[2023-11-14T09:54:42.025+0000] {logging_mixin.py:154} INFO - [2023-11-14T09:54:42.025+0000] {dag.py:2941} INFO - Sync 1 DAGs
[2023-11-14T09:54:42.033+0000] {logging_mixin.py:154} INFO - [2023-11-14T09:54:42.032+0000] {dag.py:3722} INFO - Setting next_dagrun for tutorial_dag to None, run_after=None
[2023-11-14T09:54:42.042+0000] {processor.py:179} INFO - Processing /home/airflow/.local/lib/python3.8/site-packages/airflow/example_dags/tutorial_dag.py took 0.040 seconds
[2023-11-14T09:55:12.294+0000] {processor.py:157} INFO - Started process (PID=231) to work on /home/airflow/.local/lib/python3.8/site-packages/airflow/example_dags/tutorial_dag.py
[2023-11-14T09:55:12.295+0000] {processor.py:829} INFO - Processing file /home/airflow/.local/lib/python3.8/site-packages/airflow/example_dags/tutorial_dag.py for tasks to queue
[2023-11-14T09:55:12.297+0000] {logging_mixin.py:154} INFO - [2023-11-14T09:55:12.297+0000] {dagbag.py:536} INFO - Filling up the DagBag from /home/airflow/.local/lib/python3.8/site-packages/airflow/example_dags/tutorial_dag.py
[2023-11-14T09:55:12.301+0000] {processor.py:839} INFO - DAG(s) dict_keys(['tutorial_dag']) retrieved from /home/airflow/.local/lib/python3.8/site-packages/airflow/example_dags/tutorial_dag.py
[2023-11-14T09:55:12.314+0000] {logging_mixin.py:154} INFO - [2023-11-14T09:55:12.314+0000] {dag.py:2941} INFO - Sync 1 DAGs
[2023-11-14T09:55:12.324+0000] {logging_mixin.py:154} INFO - [2023-11-14T09:55:12.324+0000] {dag.py:3722} INFO - Setting next_dagrun for tutorial_dag to None, run_after=None
[2023-11-14T09:55:12.336+0000] {processor.py:179} INFO - Processing /home/airflow/.local/lib/python3.8/site-packages/airflow/example_dags/tutorial_dag.py took 0.044 seconds
[2023-11-14T09:55:42.496+0000] {processor.py:157} INFO - Started process (PID=285) to work on /home/airflow/.local/lib/python3.8/site-packages/airflow/example_dags/tutorial_dag.py
[2023-11-14T09:55:42.496+0000] {processor.py:829} INFO - Processing file /home/airflow/.local/lib/python3.8/site-packages/airflow/example_dags/tutorial_dag.py for tasks to queue
[2023-11-14T09:55:42.498+0000] {logging_mixin.py:154} INFO - [2023-11-14T09:55:42.498+0000] {dagbag.py:536} INFO - Filling up the DagBag from /home/airflow/.local/lib/python3.8/site-packages/airflow/example_dags/tutorial_dag.py
[2023-11-14T09:55:42.501+0000] {processor.py:839} INFO - DAG(s) dict_keys(['tutorial_dag']) retrieved from /home/airflow/.local/lib/python3.8/site-packages/airflow/example_dags/tutorial_dag.py
[2023-11-14T09:55:42.513+0000] {logging_mixin.py:154} INFO - [2023-11-14T09:55:42.513+0000] {dag.py:2941} INFO - Sync 1 DAGs
[2023-11-14T09:55:42.519+0000] {logging_mixin.py:154} INFO - [2023-11-14T09:55:42.519+0000] {dag.py:3722} INFO - Setting next_dagrun for tutorial_dag to None, run_after=None
[2023-11-14T09:55:42.527+0000] {processor.py:179} INFO - Processing /home/airflow/.local/lib/python3.8/site-packages/airflow/example_dags/tutorial_dag.py took 0.034 seconds
[2023-11-14T09:56:13.329+0000] {processor.py:157} INFO - Started process (PID=339) to work on /home/airflow/.local/lib/python3.8/site-packages/airflow/example_dags/tutorial_dag.py
[2023-11-14T09:56:13.330+0000] {processor.py:829} INFO - Processing file /home/airflow/.local/lib/python3.8/site-packages/airflow/example_dags/tutorial_dag.py for tasks to queue
[2023-11-14T09:56:13.332+0000] {logging_mixin.py:154} INFO - [2023-11-14T09:56:13.332+0000] {dagbag.py:536} INFO - Filling up the DagBag from /home/airflow/.local/lib/python3.8/site-packages/airflow/example_dags/tutorial_dag.py
[2023-11-14T09:56:13.336+0000] {processor.py:839} INFO - DAG(s) dict_keys(['tutorial_dag']) retrieved from /home/airflow/.local/lib/python3.8/site-packages/airflow/example_dags/tutorial_dag.py
[2023-11-14T09:56:13.350+0000] {logging_mixin.py:154} INFO - [2023-11-14T09:56:13.350+0000] {dag.py:2941} INFO - Sync 1 DAGs
[2023-11-14T09:56:13.359+0000] {logging_mixin.py:154} INFO - [2023-11-14T09:56:13.359+0000] {dag.py:3722} INFO - Setting next_dagrun for tutorial_dag to None, run_after=None
[2023-11-14T09:56:13.371+0000] {processor.py:179} INFO - Processing /home/airflow/.local/lib/python3.8/site-packages/airflow/example_dags/tutorial_dag.py took 0.045 seconds
[2023-11-14T09:56:43.707+0000] {processor.py:157} INFO - Started process (PID=393) to work on /home/airflow/.local/lib/python3.8/site-packages/airflow/example_dags/tutorial_dag.py
[2023-11-14T09:56:43.708+0000] {processor.py:829} INFO - Processing file /home/airflow/.local/lib/python3.8/site-packages/airflow/example_dags/tutorial_dag.py for tasks to queue
[2023-11-14T09:56:43.710+0000] {logging_mixin.py:154} INFO - [2023-11-14T09:56:43.709+0000] {dagbag.py:536} INFO - Filling up the DagBag from /home/airflow/.local/lib/python3.8/site-packages/airflow/example_dags/tutorial_dag.py
[2023-11-14T09:56:43.716+0000] {processor.py:839} INFO - DAG(s) dict_keys(['tutorial_dag']) retrieved from /home/airflow/.local/lib/python3.8/site-packages/airflow/example_dags/tutorial_dag.py
[2023-11-14T09:56:43.724+0000] {logging_mixin.py:154} INFO - [2023-11-14T09:56:43.724+0000] {dag.py:2941} INFO - Sync 1 DAGs
[2023-11-14T09:56:43.733+0000] {logging_mixin.py:154} INFO - [2023-11-14T09:56:43.733+0000] {dag.py:3722} INFO - Setting next_dagrun for tutorial_dag to None, run_after=None
[2023-11-14T09:56:43.744+0000] {processor.py:179} INFO - Processing /home/airflow/.local/lib/python3.8/site-packages/airflow/example_dags/tutorial_dag.py took 0.039 seconds
[2023-11-14T09:57:13.968+0000] {processor.py:157} INFO - Started process (PID=448) to work on /home/airflow/.local/lib/python3.8/site-packages/airflow/example_dags/tutorial_dag.py
[2023-11-14T09:57:13.970+0000] {processor.py:829} INFO - Processing file /home/airflow/.local/lib/python3.8/site-packages/airflow/example_dags/tutorial_dag.py for tasks to queue
[2023-11-14T09:57:13.972+0000] {logging_mixin.py:154} INFO - [2023-11-14T09:57:13.971+0000] {dagbag.py:536} INFO - Filling up the DagBag from /home/airflow/.local/lib/python3.8/site-packages/airflow/example_dags/tutorial_dag.py
[2023-11-14T09:57:13.975+0000] {processor.py:839} INFO - DAG(s) dict_keys(['tutorial_dag']) retrieved from /home/airflow/.local/lib/python3.8/site-packages/airflow/example_dags/tutorial_dag.py
[2023-11-14T09:57:14.000+0000] {logging_mixin.py:154} INFO - [2023-11-14T09:57:14.000+0000] {dag.py:2941} INFO - Sync 1 DAGs
[2023-11-14T09:57:14.008+0000] {logging_mixin.py:154} INFO - [2023-11-14T09:57:14.008+0000] {dag.py:3722} INFO - Setting next_dagrun for tutorial_dag to None, run_after=None
[2023-11-14T09:57:14.024+0000] {processor.py:179} INFO - Processing /home/airflow/.local/lib/python3.8/site-packages/airflow/example_dags/tutorial_dag.py took 0.058 seconds
[2023-11-14T09:57:44.885+0000] {processor.py:157} INFO - Started process (PID=502) to work on /home/airflow/.local/lib/python3.8/site-packages/airflow/example_dags/tutorial_dag.py
[2023-11-14T09:57:44.886+0000] {processor.py:829} INFO - Processing file /home/airflow/.local/lib/python3.8/site-packages/airflow/example_dags/tutorial_dag.py for tasks to queue
[2023-11-14T09:57:44.887+0000] {logging_mixin.py:154} INFO - [2023-11-14T09:57:44.887+0000] {dagbag.py:536} INFO - Filling up the DagBag from /home/airflow/.local/lib/python3.8/site-packages/airflow/example_dags/tutorial_dag.py
[2023-11-14T09:57:44.891+0000] {processor.py:839} INFO - DAG(s) dict_keys(['tutorial_dag']) retrieved from /home/airflow/.local/lib/python3.8/site-packages/airflow/example_dags/tutorial_dag.py
[2023-11-14T09:57:44.903+0000] {logging_mixin.py:154} INFO - [2023-11-14T09:57:44.903+0000] {dag.py:2941} INFO - Sync 1 DAGs
[2023-11-14T09:57:44.909+0000] {logging_mixin.py:154} INFO - [2023-11-14T09:57:44.909+0000] {dag.py:3722} INFO - Setting next_dagrun for tutorial_dag to None, run_after=None
[2023-11-14T09:57:44.919+0000] {processor.py:179} INFO - Processing /home/airflow/.local/lib/python3.8/site-packages/airflow/example_dags/tutorial_dag.py took 0.037 seconds
[2023-11-14T09:58:15.097+0000] {processor.py:157} INFO - Started process (PID=556) to work on /home/airflow/.local/lib/python3.8/site-packages/airflow/example_dags/tutorial_dag.py
[2023-11-14T09:58:15.098+0000] {processor.py:829} INFO - Processing file /home/airflow/.local/lib/python3.8/site-packages/airflow/example_dags/tutorial_dag.py for tasks to queue
[2023-11-14T09:58:15.100+0000] {logging_mixin.py:154} INFO - [2023-11-14T09:58:15.100+0000] {dagbag.py:536} INFO - Filling up the DagBag from /home/airflow/.local/lib/python3.8/site-packages/airflow/example_dags/tutorial_dag.py
[2023-11-14T09:58:15.104+0000] {processor.py:839} INFO - DAG(s) dict_keys(['tutorial_dag']) retrieved from /home/airflow/.local/lib/python3.8/site-packages/airflow/example_dags/tutorial_dag.py
[2023-11-14T09:58:15.118+0000] {logging_mixin.py:154} INFO - [2023-11-14T09:58:15.118+0000] {dag.py:2941} INFO - Sync 1 DAGs
[2023-11-14T09:58:15.125+0000] {logging_mixin.py:154} INFO - [2023-11-14T09:58:15.125+0000] {dag.py:3722} INFO - Setting next_dagrun for tutorial_dag to None, run_after=None
[2023-11-14T09:58:15.134+0000] {processor.py:179} INFO - Processing /home/airflow/.local/lib/python3.8/site-packages/airflow/example_dags/tutorial_dag.py took 0.039 seconds
[2023-11-14T09:58:45.216+0000] {processor.py:157} INFO - Started process (PID=610) to work on /home/airflow/.local/lib/python3.8/site-packages/airflow/example_dags/tutorial_dag.py
[2023-11-14T09:58:45.217+0000] {processor.py:829} INFO - Processing file /home/airflow/.local/lib/python3.8/site-packages/airflow/example_dags/tutorial_dag.py for tasks to queue
[2023-11-14T09:58:45.218+0000] {logging_mixin.py:154} INFO - [2023-11-14T09:58:45.218+0000] {dagbag.py:536} INFO - Filling up the DagBag from /home/airflow/.local/lib/python3.8/site-packages/airflow/example_dags/tutorial_dag.py
[2023-11-14T09:58:45.222+0000] {processor.py:839} INFO - DAG(s) dict_keys(['tutorial_dag']) retrieved from /home/airflow/.local/lib/python3.8/site-packages/airflow/example_dags/tutorial_dag.py
[2023-11-14T09:58:45.233+0000] {logging_mixin.py:154} INFO - [2023-11-14T09:58:45.233+0000] {dag.py:2941} INFO - Sync 1 DAGs
[2023-11-14T09:58:45.240+0000] {logging_mixin.py:154} INFO - [2023-11-14T09:58:45.239+0000] {dag.py:3722} INFO - Setting next_dagrun for tutorial_dag to None, run_after=None
[2023-11-14T09:58:45.248+0000] {processor.py:179} INFO - Processing /home/airflow/.local/lib/python3.8/site-packages/airflow/example_dags/tutorial_dag.py took 0.035 seconds
[2023-11-14T09:59:15.683+0000] {processor.py:157} INFO - Started process (PID=664) to work on /home/airflow/.local/lib/python3.8/site-packages/airflow/example_dags/tutorial_dag.py
[2023-11-14T09:59:15.684+0000] {processor.py:829} INFO - Processing file /home/airflow/.local/lib/python3.8/site-packages/airflow/example_dags/tutorial_dag.py for tasks to queue
[2023-11-14T09:59:15.685+0000] {logging_mixin.py:154} INFO - [2023-11-14T09:59:15.685+0000] {dagbag.py:536} INFO - Filling up the DagBag from /home/airflow/.local/lib/python3.8/site-packages/airflow/example_dags/tutorial_dag.py
[2023-11-14T09:59:15.689+0000] {processor.py:839} INFO - DAG(s) dict_keys(['tutorial_dag']) retrieved from /home/airflow/.local/lib/python3.8/site-packages/airflow/example_dags/tutorial_dag.py
[2023-11-14T09:59:15.702+0000] {logging_mixin.py:154} INFO - [2023-11-14T09:59:15.702+0000] {dag.py:2941} INFO - Sync 1 DAGs
[2023-11-14T09:59:15.709+0000] {logging_mixin.py:154} INFO - [2023-11-14T09:59:15.709+0000] {dag.py:3722} INFO - Setting next_dagrun for tutorial_dag to None, run_after=None
[2023-11-14T09:59:15.730+0000] {processor.py:179} INFO - Processing /home/airflow/.local/lib/python3.8/site-packages/airflow/example_dags/tutorial_dag.py took 0.051 seconds
[2023-11-14T09:59:46.024+0000] {processor.py:157} INFO - Started process (PID=718) to work on /home/airflow/.local/lib/python3.8/site-packages/airflow/example_dags/tutorial_dag.py
[2023-11-14T09:59:46.025+0000] {processor.py:829} INFO - Processing file /home/airflow/.local/lib/python3.8/site-packages/airflow/example_dags/tutorial_dag.py for tasks to queue
[2023-11-14T09:59:46.027+0000] {logging_mixin.py:154} INFO - [2023-11-14T09:59:46.027+0000] {dagbag.py:536} INFO - Filling up the DagBag from /home/airflow/.local/lib/python3.8/site-packages/airflow/example_dags/tutorial_dag.py
[2023-11-14T09:59:46.030+0000] {processor.py:839} INFO - DAG(s) dict_keys(['tutorial_dag']) retrieved from /home/airflow/.local/lib/python3.8/site-packages/airflow/example_dags/tutorial_dag.py
[2023-11-14T09:59:46.043+0000] {logging_mixin.py:154} INFO - [2023-11-14T09:59:46.043+0000] {dag.py:2941} INFO - Sync 1 DAGs
[2023-11-14T09:59:46.051+0000] {logging_mixin.py:154} INFO - [2023-11-14T09:59:46.051+0000] {dag.py:3722} INFO - Setting next_dagrun for tutorial_dag to None, run_after=None
[2023-11-14T09:59:46.066+0000] {processor.py:179} INFO - Processing /home/airflow/.local/lib/python3.8/site-packages/airflow/example_dags/tutorial_dag.py took 0.044 seconds
[2023-11-14T10:00:16.421+0000] {processor.py:157} INFO - Started process (PID=772) to work on /home/airflow/.local/lib/python3.8/site-packages/airflow/example_dags/tutorial_dag.py
[2023-11-14T10:00:16.422+0000] {processor.py:829} INFO - Processing file /home/airflow/.local/lib/python3.8/site-packages/airflow/example_dags/tutorial_dag.py for tasks to queue
[2023-11-14T10:00:16.423+0000] {logging_mixin.py:154} INFO - [2023-11-14T10:00:16.423+0000] {dagbag.py:536} INFO - Filling up the DagBag from /home/airflow/.local/lib/python3.8/site-packages/airflow/example_dags/tutorial_dag.py
[2023-11-14T10:00:16.427+0000] {processor.py:839} INFO - DAG(s) dict_keys(['tutorial_dag']) retrieved from /home/airflow/.local/lib/python3.8/site-packages/airflow/example_dags/tutorial_dag.py
[2023-11-14T10:00:16.440+0000] {logging_mixin.py:154} INFO - [2023-11-14T10:00:16.440+0000] {dag.py:2941} INFO - Sync 1 DAGs
[2023-11-14T10:00:16.447+0000] {logging_mixin.py:154} INFO - [2023-11-14T10:00:16.447+0000] {dag.py:3722} INFO - Setting next_dagrun for tutorial_dag to None, run_after=None
[2023-11-14T10:00:16.457+0000] {processor.py:179} INFO - Processing /home/airflow/.local/lib/python3.8/site-packages/airflow/example_dags/tutorial_dag.py took 0.038 seconds
[2023-11-14T10:00:46.559+0000] {processor.py:157} INFO - Started process (PID=826) to work on /home/airflow/.local/lib/python3.8/site-packages/airflow/example_dags/tutorial_dag.py
[2023-11-14T10:00:46.560+0000] {processor.py:829} INFO - Processing file /home/airflow/.local/lib/python3.8/site-packages/airflow/example_dags/tutorial_dag.py for tasks to queue
[2023-11-14T10:00:46.562+0000] {logging_mixin.py:154} INFO - [2023-11-14T10:00:46.562+0000] {dagbag.py:536} INFO - Filling up the DagBag from /home/airflow/.local/lib/python3.8/site-packages/airflow/example_dags/tutorial_dag.py
[2023-11-14T10:00:46.566+0000] {processor.py:839} INFO - DAG(s) dict_keys(['tutorial_dag']) retrieved from /home/airflow/.local/lib/python3.8/site-packages/airflow/example_dags/tutorial_dag.py
[2023-11-14T10:00:46.578+0000] {logging_mixin.py:154} INFO - [2023-11-14T10:00:46.578+0000] {dag.py:2941} INFO - Sync 1 DAGs
[2023-11-14T10:00:46.586+0000] {logging_mixin.py:154} INFO - [2023-11-14T10:00:46.586+0000] {dag.py:3722} INFO - Setting next_dagrun for tutorial_dag to None, run_after=None
[2023-11-14T10:00:46.597+0000] {processor.py:179} INFO - Processing /home/airflow/.local/lib/python3.8/site-packages/airflow/example_dags/tutorial_dag.py took 0.041 seconds
[2023-11-14T10:01:16.802+0000] {processor.py:157} INFO - Started process (PID=880) to work on /home/airflow/.local/lib/python3.8/site-packages/airflow/example_dags/tutorial_dag.py
[2023-11-14T10:01:16.803+0000] {processor.py:829} INFO - Processing file /home/airflow/.local/lib/python3.8/site-packages/airflow/example_dags/tutorial_dag.py for tasks to queue
[2023-11-14T10:01:16.805+0000] {logging_mixin.py:154} INFO - [2023-11-14T10:01:16.805+0000] {dagbag.py:536} INFO - Filling up the DagBag from /home/airflow/.local/lib/python3.8/site-packages/airflow/example_dags/tutorial_dag.py
[2023-11-14T10:01:16.809+0000] {processor.py:839} INFO - DAG(s) dict_keys(['tutorial_dag']) retrieved from /home/airflow/.local/lib/python3.8/site-packages/airflow/example_dags/tutorial_dag.py
[2023-11-14T10:01:16.823+0000] {logging_mixin.py:154} INFO - [2023-11-14T10:01:16.823+0000] {dag.py:2941} INFO - Sync 1 DAGs
[2023-11-14T10:01:16.831+0000] {logging_mixin.py:154} INFO - [2023-11-14T10:01:16.831+0000] {dag.py:3722} INFO - Setting next_dagrun for tutorial_dag to None, run_after=None
[2023-11-14T10:01:16.840+0000] {processor.py:179} INFO - Processing /home/airflow/.local/lib/python3.8/site-packages/airflow/example_dags/tutorial_dag.py took 0.040 seconds
[2023-11-14T10:01:47.801+0000] {processor.py:157} INFO - Started process (PID=934) to work on /home/airflow/.local/lib/python3.8/site-packages/airflow/example_dags/tutorial_dag.py
[2023-11-14T10:01:47.802+0000] {processor.py:829} INFO - Processing file /home/airflow/.local/lib/python3.8/site-packages/airflow/example_dags/tutorial_dag.py for tasks to queue
[2023-11-14T10:01:47.803+0000] {logging_mixin.py:154} INFO - [2023-11-14T10:01:47.803+0000] {dagbag.py:536} INFO - Filling up the DagBag from /home/airflow/.local/lib/python3.8/site-packages/airflow/example_dags/tutorial_dag.py
[2023-11-14T10:01:47.807+0000] {processor.py:839} INFO - DAG(s) dict_keys(['tutorial_dag']) retrieved from /home/airflow/.local/lib/python3.8/site-packages/airflow/example_dags/tutorial_dag.py
[2023-11-14T10:01:47.819+0000] {logging_mixin.py:154} INFO - [2023-11-14T10:01:47.819+0000] {dag.py:2941} INFO - Sync 1 DAGs
[2023-11-14T10:01:47.827+0000] {logging_mixin.py:154} INFO - [2023-11-14T10:01:47.827+0000] {dag.py:3722} INFO - Setting next_dagrun for tutorial_dag to None, run_after=None
[2023-11-14T10:01:47.837+0000] {processor.py:179} INFO - Processing /home/airflow/.local/lib/python3.8/site-packages/airflow/example_dags/tutorial_dag.py took 0.038 seconds
[2023-11-14T10:02:18.781+0000] {processor.py:157} INFO - Started process (PID=988) to work on /home/airflow/.local/lib/python3.8/site-packages/airflow/example_dags/tutorial_dag.py
[2023-11-14T10:02:18.782+0000] {processor.py:829} INFO - Processing file /home/airflow/.local/lib/python3.8/site-packages/airflow/example_dags/tutorial_dag.py for tasks to queue
[2023-11-14T10:02:18.784+0000] {logging_mixin.py:154} INFO - [2023-11-14T10:02:18.784+0000] {dagbag.py:536} INFO - Filling up the DagBag from /home/airflow/.local/lib/python3.8/site-packages/airflow/example_dags/tutorial_dag.py
[2023-11-14T10:02:18.788+0000] {processor.py:839} INFO - DAG(s) dict_keys(['tutorial_dag']) retrieved from /home/airflow/.local/lib/python3.8/site-packages/airflow/example_dags/tutorial_dag.py
[2023-11-14T10:02:18.801+0000] {logging_mixin.py:154} INFO - [2023-11-14T10:02:18.801+0000] {dag.py:2941} INFO - Sync 1 DAGs
[2023-11-14T10:02:18.809+0000] {logging_mixin.py:154} INFO - [2023-11-14T10:02:18.809+0000] {dag.py:3722} INFO - Setting next_dagrun for tutorial_dag to None, run_after=None
[2023-11-14T10:02:18.820+0000] {processor.py:179} INFO - Processing /home/airflow/.local/lib/python3.8/site-packages/airflow/example_dags/tutorial_dag.py took 0.042 seconds
[2023-11-14T10:02:49.070+0000] {processor.py:157} INFO - Started process (PID=1042) to work on /home/airflow/.local/lib/python3.8/site-packages/airflow/example_dags/tutorial_dag.py
[2023-11-14T10:02:49.071+0000] {processor.py:829} INFO - Processing file /home/airflow/.local/lib/python3.8/site-packages/airflow/example_dags/tutorial_dag.py for tasks to queue
[2023-11-14T10:02:49.073+0000] {logging_mixin.py:154} INFO - [2023-11-14T10:02:49.073+0000] {dagbag.py:536} INFO - Filling up the DagBag from /home/airflow/.local/lib/python3.8/site-packages/airflow/example_dags/tutorial_dag.py
[2023-11-14T10:02:49.077+0000] {processor.py:839} INFO - DAG(s) dict_keys(['tutorial_dag']) retrieved from /home/airflow/.local/lib/python3.8/site-packages/airflow/example_dags/tutorial_dag.py
[2023-11-14T10:02:49.090+0000] {logging_mixin.py:154} INFO - [2023-11-14T10:02:49.090+0000] {dag.py:2941} INFO - Sync 1 DAGs
[2023-11-14T10:02:49.099+0000] {logging_mixin.py:154} INFO - [2023-11-14T10:02:49.099+0000] {dag.py:3722} INFO - Setting next_dagrun for tutorial_dag to None, run_after=None
[2023-11-14T10:02:49.109+0000] {processor.py:179} INFO - Processing /home/airflow/.local/lib/python3.8/site-packages/airflow/example_dags/tutorial_dag.py took 0.041 seconds
[2023-11-14T10:03:19.962+0000] {processor.py:157} INFO - Started process (PID=1096) to work on /home/airflow/.local/lib/python3.8/site-packages/airflow/example_dags/tutorial_dag.py
[2023-11-14T10:03:19.962+0000] {processor.py:829} INFO - Processing file /home/airflow/.local/lib/python3.8/site-packages/airflow/example_dags/tutorial_dag.py for tasks to queue
[2023-11-14T10:03:19.964+0000] {logging_mixin.py:154} INFO - [2023-11-14T10:03:19.964+0000] {dagbag.py:536} INFO - Filling up the DagBag from /home/airflow/.local/lib/python3.8/site-packages/airflow/example_dags/tutorial_dag.py
[2023-11-14T10:03:19.967+0000] {processor.py:839} INFO - DAG(s) dict_keys(['tutorial_dag']) retrieved from /home/airflow/.local/lib/python3.8/site-packages/airflow/example_dags/tutorial_dag.py
[2023-11-14T10:03:19.980+0000] {logging_mixin.py:154} INFO - [2023-11-14T10:03:19.980+0000] {dag.py:2941} INFO - Sync 1 DAGs
[2023-11-14T10:03:19.987+0000] {logging_mixin.py:154} INFO - [2023-11-14T10:03:19.986+0000] {dag.py:3722} INFO - Setting next_dagrun for tutorial_dag to None, run_after=None
[2023-11-14T10:03:19.996+0000] {processor.py:179} INFO - Processing /home/airflow/.local/lib/python3.8/site-packages/airflow/example_dags/tutorial_dag.py took 0.037 seconds
[2023-11-14T10:03:50.357+0000] {processor.py:157} INFO - Started process (PID=1150) to work on /home/airflow/.local/lib/python3.8/site-packages/airflow/example_dags/tutorial_dag.py
[2023-11-14T10:03:50.358+0000] {processor.py:829} INFO - Processing file /home/airflow/.local/lib/python3.8/site-packages/airflow/example_dags/tutorial_dag.py for tasks to queue
[2023-11-14T10:03:50.359+0000] {logging_mixin.py:154} INFO - [2023-11-14T10:03:50.359+0000] {dagbag.py:536} INFO - Filling up the DagBag from /home/airflow/.local/lib/python3.8/site-packages/airflow/example_dags/tutorial_dag.py
[2023-11-14T10:03:50.363+0000] {processor.py:839} INFO - DAG(s) dict_keys(['tutorial_dag']) retrieved from /home/airflow/.local/lib/python3.8/site-packages/airflow/example_dags/tutorial_dag.py
[2023-11-14T10:03:50.380+0000] {logging_mixin.py:154} INFO - [2023-11-14T10:03:50.380+0000] {dag.py:2941} INFO - Sync 1 DAGs
[2023-11-14T10:03:50.388+0000] {logging_mixin.py:154} INFO - [2023-11-14T10:03:50.388+0000] {dag.py:3722} INFO - Setting next_dagrun for tutorial_dag to None, run_after=None
[2023-11-14T10:03:50.397+0000] {processor.py:179} INFO - Processing /home/airflow/.local/lib/python3.8/site-packages/airflow/example_dags/tutorial_dag.py took 0.043 seconds
[2023-11-14T10:04:20.537+0000] {processor.py:157} INFO - Started process (PID=1204) to work on /home/airflow/.local/lib/python3.8/site-packages/airflow/example_dags/tutorial_dag.py
[2023-11-14T10:04:20.538+0000] {processor.py:829} INFO - Processing file /home/airflow/.local/lib/python3.8/site-packages/airflow/example_dags/tutorial_dag.py for tasks to queue
[2023-11-14T10:04:20.540+0000] {logging_mixin.py:154} INFO - [2023-11-14T10:04:20.540+0000] {dagbag.py:536} INFO - Filling up the DagBag from /home/airflow/.local/lib/python3.8/site-packages/airflow/example_dags/tutorial_dag.py
[2023-11-14T10:04:20.544+0000] {processor.py:839} INFO - DAG(s) dict_keys(['tutorial_dag']) retrieved from /home/airflow/.local/lib/python3.8/site-packages/airflow/example_dags/tutorial_dag.py
[2023-11-14T10:04:20.558+0000] {logging_mixin.py:154} INFO - [2023-11-14T10:04:20.557+0000] {dag.py:2941} INFO - Sync 1 DAGs
[2023-11-14T10:04:20.565+0000] {logging_mixin.py:154} INFO - [2023-11-14T10:04:20.565+0000] {dag.py:3722} INFO - Setting next_dagrun for tutorial_dag to None, run_after=None
[2023-11-14T10:04:20.574+0000] {processor.py:179} INFO - Processing /home/airflow/.local/lib/python3.8/site-packages/airflow/example_dags/tutorial_dag.py took 0.039 seconds
[2023-11-14T10:04:50.752+0000] {processor.py:157} INFO - Started process (PID=1258) to work on /home/airflow/.local/lib/python3.8/site-packages/airflow/example_dags/tutorial_dag.py
[2023-11-14T10:04:50.752+0000] {processor.py:829} INFO - Processing file /home/airflow/.local/lib/python3.8/site-packages/airflow/example_dags/tutorial_dag.py for tasks to queue
[2023-11-14T10:04:50.754+0000] {logging_mixin.py:154} INFO - [2023-11-14T10:04:50.754+0000] {dagbag.py:536} INFO - Filling up the DagBag from /home/airflow/.local/lib/python3.8/site-packages/airflow/example_dags/tutorial_dag.py
[2023-11-14T10:04:50.757+0000] {processor.py:839} INFO - DAG(s) dict_keys(['tutorial_dag']) retrieved from /home/airflow/.local/lib/python3.8/site-packages/airflow/example_dags/tutorial_dag.py
[2023-11-14T10:04:50.769+0000] {logging_mixin.py:154} INFO - [2023-11-14T10:04:50.769+0000] {dag.py:2941} INFO - Sync 1 DAGs
[2023-11-14T10:04:50.776+0000] {logging_mixin.py:154} INFO - [2023-11-14T10:04:50.776+0000] {dag.py:3722} INFO - Setting next_dagrun for tutorial_dag to None, run_after=None
[2023-11-14T10:04:50.787+0000] {processor.py:179} INFO - Processing /home/airflow/.local/lib/python3.8/site-packages/airflow/example_dags/tutorial_dag.py took 0.038 seconds
[2023-11-14T10:05:21.078+0000] {processor.py:157} INFO - Started process (PID=1312) to work on /home/airflow/.local/lib/python3.8/site-packages/airflow/example_dags/tutorial_dag.py
[2023-11-14T10:05:21.078+0000] {processor.py:829} INFO - Processing file /home/airflow/.local/lib/python3.8/site-packages/airflow/example_dags/tutorial_dag.py for tasks to queue
[2023-11-14T10:05:21.080+0000] {logging_mixin.py:154} INFO - [2023-11-14T10:05:21.080+0000] {dagbag.py:536} INFO - Filling up the DagBag from /home/airflow/.local/lib/python3.8/site-packages/airflow/example_dags/tutorial_dag.py
[2023-11-14T10:05:21.084+0000] {processor.py:839} INFO - DAG(s) dict_keys(['tutorial_dag']) retrieved from /home/airflow/.local/lib/python3.8/site-packages/airflow/example_dags/tutorial_dag.py
[2023-11-14T10:05:21.097+0000] {logging_mixin.py:154} INFO - [2023-11-14T10:05:21.097+0000] {dag.py:2941} INFO - Sync 1 DAGs
[2023-11-14T10:05:21.104+0000] {logging_mixin.py:154} INFO - [2023-11-14T10:05:21.104+0000] {dag.py:3722} INFO - Setting next_dagrun for tutorial_dag to None, run_after=None
[2023-11-14T10:05:21.116+0000] {processor.py:179} INFO - Processing /home/airflow/.local/lib/python3.8/site-packages/airflow/example_dags/tutorial_dag.py took 0.041 seconds
[2023-11-14T10:05:51.316+0000] {processor.py:157} INFO - Started process (PID=1366) to work on /home/airflow/.local/lib/python3.8/site-packages/airflow/example_dags/tutorial_dag.py
[2023-11-14T10:05:51.317+0000] {processor.py:829} INFO - Processing file /home/airflow/.local/lib/python3.8/site-packages/airflow/example_dags/tutorial_dag.py for tasks to queue
[2023-11-14T10:05:51.319+0000] {logging_mixin.py:154} INFO - [2023-11-14T10:05:51.319+0000] {dagbag.py:536} INFO - Filling up the DagBag from /home/airflow/.local/lib/python3.8/site-packages/airflow/example_dags/tutorial_dag.py
[2023-11-14T10:05:51.322+0000] {processor.py:839} INFO - DAG(s) dict_keys(['tutorial_dag']) retrieved from /home/airflow/.local/lib/python3.8/site-packages/airflow/example_dags/tutorial_dag.py
[2023-11-14T10:05:51.335+0000] {logging_mixin.py:154} INFO - [2023-11-14T10:05:51.334+0000] {dag.py:2941} INFO - Sync 1 DAGs
[2023-11-14T10:05:51.341+0000] {logging_mixin.py:154} INFO - [2023-11-14T10:05:51.341+0000] {dag.py:3722} INFO - Setting next_dagrun for tutorial_dag to None, run_after=None
[2023-11-14T10:05:51.351+0000] {processor.py:179} INFO - Processing /home/airflow/.local/lib/python3.8/site-packages/airflow/example_dags/tutorial_dag.py took 0.037 seconds
[2023-11-14T10:06:21.537+0000] {processor.py:157} INFO - Started process (PID=1420) to work on /home/airflow/.local/lib/python3.8/site-packages/airflow/example_dags/tutorial_dag.py
[2023-11-14T10:06:21.538+0000] {processor.py:829} INFO - Processing file /home/airflow/.local/lib/python3.8/site-packages/airflow/example_dags/tutorial_dag.py for tasks to queue
[2023-11-14T10:06:21.539+0000] {logging_mixin.py:154} INFO - [2023-11-14T10:06:21.539+0000] {dagbag.py:536} INFO - Filling up the DagBag from /home/airflow/.local/lib/python3.8/site-packages/airflow/example_dags/tutorial_dag.py
[2023-11-14T10:06:21.543+0000] {processor.py:839} INFO - DAG(s) dict_keys(['tutorial_dag']) retrieved from /home/airflow/.local/lib/python3.8/site-packages/airflow/example_dags/tutorial_dag.py
[2023-11-14T10:06:21.555+0000] {logging_mixin.py:154} INFO - [2023-11-14T10:06:21.555+0000] {dag.py:2941} INFO - Sync 1 DAGs
[2023-11-14T10:06:21.562+0000] {logging_mixin.py:154} INFO - [2023-11-14T10:06:21.562+0000] {dag.py:3722} INFO - Setting next_dagrun for tutorial_dag to None, run_after=None
[2023-11-14T10:06:21.570+0000] {processor.py:179} INFO - Processing /home/airflow/.local/lib/python3.8/site-packages/airflow/example_dags/tutorial_dag.py took 0.035 seconds
[2023-11-14T10:06:51.748+0000] {processor.py:157} INFO - Started process (PID=1474) to work on /home/airflow/.local/lib/python3.8/site-packages/airflow/example_dags/tutorial_dag.py
[2023-11-14T10:06:51.748+0000] {processor.py:829} INFO - Processing file /home/airflow/.local/lib/python3.8/site-packages/airflow/example_dags/tutorial_dag.py for tasks to queue
[2023-11-14T10:06:51.750+0000] {logging_mixin.py:154} INFO - [2023-11-14T10:06:51.749+0000] {dagbag.py:536} INFO - Filling up the DagBag from /home/airflow/.local/lib/python3.8/site-packages/airflow/example_dags/tutorial_dag.py
[2023-11-14T10:06:51.753+0000] {processor.py:839} INFO - DAG(s) dict_keys(['tutorial_dag']) retrieved from /home/airflow/.local/lib/python3.8/site-packages/airflow/example_dags/tutorial_dag.py
[2023-11-14T10:06:51.764+0000] {logging_mixin.py:154} INFO - [2023-11-14T10:06:51.764+0000] {dag.py:2941} INFO - Sync 1 DAGs
[2023-11-14T10:06:51.770+0000] {logging_mixin.py:154} INFO - [2023-11-14T10:06:51.770+0000] {dag.py:3722} INFO - Setting next_dagrun for tutorial_dag to None, run_after=None
[2023-11-14T10:06:51.778+0000] {processor.py:179} INFO - Processing /home/airflow/.local/lib/python3.8/site-packages/airflow/example_dags/tutorial_dag.py took 0.032 seconds
[2023-11-14T10:07:22.080+0000] {processor.py:157} INFO - Started process (PID=1528) to work on /home/airflow/.local/lib/python3.8/site-packages/airflow/example_dags/tutorial_dag.py
[2023-11-14T10:07:22.081+0000] {processor.py:829} INFO - Processing file /home/airflow/.local/lib/python3.8/site-packages/airflow/example_dags/tutorial_dag.py for tasks to queue
[2023-11-14T10:07:22.082+0000] {logging_mixin.py:154} INFO - [2023-11-14T10:07:22.082+0000] {dagbag.py:536} INFO - Filling up the DagBag from /home/airflow/.local/lib/python3.8/site-packages/airflow/example_dags/tutorial_dag.py
[2023-11-14T10:07:22.086+0000] {processor.py:839} INFO - DAG(s) dict_keys(['tutorial_dag']) retrieved from /home/airflow/.local/lib/python3.8/site-packages/airflow/example_dags/tutorial_dag.py
[2023-11-14T10:07:22.098+0000] {logging_mixin.py:154} INFO - [2023-11-14T10:07:22.098+0000] {dag.py:2941} INFO - Sync 1 DAGs
[2023-11-14T10:07:22.108+0000] {logging_mixin.py:154} INFO - [2023-11-14T10:07:22.107+0000] {dag.py:3722} INFO - Setting next_dagrun for tutorial_dag to None, run_after=None
[2023-11-14T10:07:22.122+0000] {processor.py:179} INFO - Processing /home/airflow/.local/lib/python3.8/site-packages/airflow/example_dags/tutorial_dag.py took 0.044 seconds
[2023-11-14T10:07:52.387+0000] {processor.py:157} INFO - Started process (PID=1582) to work on /home/airflow/.local/lib/python3.8/site-packages/airflow/example_dags/tutorial_dag.py
[2023-11-14T10:07:52.388+0000] {processor.py:829} INFO - Processing file /home/airflow/.local/lib/python3.8/site-packages/airflow/example_dags/tutorial_dag.py for tasks to queue
[2023-11-14T10:07:52.390+0000] {logging_mixin.py:154} INFO - [2023-11-14T10:07:52.389+0000] {dagbag.py:536} INFO - Filling up the DagBag from /home/airflow/.local/lib/python3.8/site-packages/airflow/example_dags/tutorial_dag.py
[2023-11-14T10:07:52.393+0000] {processor.py:839} INFO - DAG(s) dict_keys(['tutorial_dag']) retrieved from /home/airflow/.local/lib/python3.8/site-packages/airflow/example_dags/tutorial_dag.py
[2023-11-14T10:07:52.405+0000] {logging_mixin.py:154} INFO - [2023-11-14T10:07:52.405+0000] {dag.py:2941} INFO - Sync 1 DAGs
[2023-11-14T10:07:52.412+0000] {logging_mixin.py:154} INFO - [2023-11-14T10:07:52.411+0000] {dag.py:3722} INFO - Setting next_dagrun for tutorial_dag to None, run_after=None
[2023-11-14T10:07:52.420+0000] {processor.py:179} INFO - Processing /home/airflow/.local/lib/python3.8/site-packages/airflow/example_dags/tutorial_dag.py took 0.035 seconds
[2023-11-14T10:08:23.010+0000] {processor.py:157} INFO - Started process (PID=1636) to work on /home/airflow/.local/lib/python3.8/site-packages/airflow/example_dags/tutorial_dag.py
[2023-11-14T10:08:23.010+0000] {processor.py:829} INFO - Processing file /home/airflow/.local/lib/python3.8/site-packages/airflow/example_dags/tutorial_dag.py for tasks to queue
[2023-11-14T10:08:23.012+0000] {logging_mixin.py:154} INFO - [2023-11-14T10:08:23.012+0000] {dagbag.py:536} INFO - Filling up the DagBag from /home/airflow/.local/lib/python3.8/site-packages/airflow/example_dags/tutorial_dag.py
[2023-11-14T10:08:23.016+0000] {processor.py:839} INFO - DAG(s) dict_keys(['tutorial_dag']) retrieved from /home/airflow/.local/lib/python3.8/site-packages/airflow/example_dags/tutorial_dag.py
[2023-11-14T10:08:23.027+0000] {logging_mixin.py:154} INFO - [2023-11-14T10:08:23.027+0000] {dag.py:2941} INFO - Sync 1 DAGs
[2023-11-14T10:08:23.034+0000] {logging_mixin.py:154} INFO - [2023-11-14T10:08:23.034+0000] {dag.py:3722} INFO - Setting next_dagrun for tutorial_dag to None, run_after=None
[2023-11-14T10:08:23.042+0000] {processor.py:179} INFO - Processing /home/airflow/.local/lib/python3.8/site-packages/airflow/example_dags/tutorial_dag.py took 0.034 seconds
[2023-11-14T10:08:54.397+0000] {processor.py:157} INFO - Started process (PID=1690) to work on /home/airflow/.local/lib/python3.8/site-packages/airflow/example_dags/tutorial_dag.py
[2023-11-14T10:08:54.398+0000] {processor.py:829} INFO - Processing file /home/airflow/.local/lib/python3.8/site-packages/airflow/example_dags/tutorial_dag.py for tasks to queue
[2023-11-14T10:08:54.401+0000] {logging_mixin.py:154} INFO - [2023-11-14T10:08:54.401+0000] {dagbag.py:536} INFO - Filling up the DagBag from /home/airflow/.local/lib/python3.8/site-packages/airflow/example_dags/tutorial_dag.py
[2023-11-14T10:08:54.407+0000] {processor.py:839} INFO - DAG(s) dict_keys(['tutorial_dag']) retrieved from /home/airflow/.local/lib/python3.8/site-packages/airflow/example_dags/tutorial_dag.py
[2023-11-14T10:08:54.421+0000] {logging_mixin.py:154} INFO - [2023-11-14T10:08:54.421+0000] {dag.py:2941} INFO - Sync 1 DAGs
[2023-11-14T10:08:54.429+0000] {logging_mixin.py:154} INFO - [2023-11-14T10:08:54.429+0000] {dag.py:3722} INFO - Setting next_dagrun for tutorial_dag to None, run_after=None
[2023-11-14T10:08:54.440+0000] {processor.py:179} INFO - Processing /home/airflow/.local/lib/python3.8/site-packages/airflow/example_dags/tutorial_dag.py took 0.047 seconds
[2023-11-14T10:09:24.459+0000] {processor.py:157} INFO - Started process (PID=1744) to work on /home/airflow/.local/lib/python3.8/site-packages/airflow/example_dags/tutorial_dag.py
[2023-11-14T10:09:24.460+0000] {processor.py:829} INFO - Processing file /home/airflow/.local/lib/python3.8/site-packages/airflow/example_dags/tutorial_dag.py for tasks to queue
[2023-11-14T10:09:24.461+0000] {logging_mixin.py:154} INFO - [2023-11-14T10:09:24.461+0000] {dagbag.py:536} INFO - Filling up the DagBag from /home/airflow/.local/lib/python3.8/site-packages/airflow/example_dags/tutorial_dag.py
[2023-11-14T10:09:24.464+0000] {processor.py:839} INFO - DAG(s) dict_keys(['tutorial_dag']) retrieved from /home/airflow/.local/lib/python3.8/site-packages/airflow/example_dags/tutorial_dag.py
[2023-11-14T10:09:24.475+0000] {logging_mixin.py:154} INFO - [2023-11-14T10:09:24.475+0000] {dag.py:2941} INFO - Sync 1 DAGs
[2023-11-14T10:09:24.482+0000] {logging_mixin.py:154} INFO - [2023-11-14T10:09:24.482+0000] {dag.py:3722} INFO - Setting next_dagrun for tutorial_dag to None, run_after=None
[2023-11-14T10:09:24.493+0000] {processor.py:179} INFO - Processing /home/airflow/.local/lib/python3.8/site-packages/airflow/example_dags/tutorial_dag.py took 0.036 seconds
[2023-11-14T10:09:55.298+0000] {processor.py:157} INFO - Started process (PID=1798) to work on /home/airflow/.local/lib/python3.8/site-packages/airflow/example_dags/tutorial_dag.py
[2023-11-14T10:09:55.298+0000] {processor.py:829} INFO - Processing file /home/airflow/.local/lib/python3.8/site-packages/airflow/example_dags/tutorial_dag.py for tasks to queue
[2023-11-14T10:09:55.300+0000] {logging_mixin.py:154} INFO - [2023-11-14T10:09:55.300+0000] {dagbag.py:536} INFO - Filling up the DagBag from /home/airflow/.local/lib/python3.8/site-packages/airflow/example_dags/tutorial_dag.py
[2023-11-14T10:09:55.305+0000] {processor.py:839} INFO - DAG(s) dict_keys(['tutorial_dag']) retrieved from /home/airflow/.local/lib/python3.8/site-packages/airflow/example_dags/tutorial_dag.py
[2023-11-14T10:09:55.317+0000] {logging_mixin.py:154} INFO - [2023-11-14T10:09:55.317+0000] {dag.py:2941} INFO - Sync 1 DAGs
[2023-11-14T10:09:55.325+0000] {logging_mixin.py:154} INFO - [2023-11-14T10:09:55.325+0000] {dag.py:3722} INFO - Setting next_dagrun for tutorial_dag to None, run_after=None
[2023-11-14T10:09:55.334+0000] {processor.py:179} INFO - Processing /home/airflow/.local/lib/python3.8/site-packages/airflow/example_dags/tutorial_dag.py took 0.039 seconds
[2023-11-14T10:10:26.802+0000] {processor.py:157} INFO - Started process (PID=1852) to work on /home/airflow/.local/lib/python3.8/site-packages/airflow/example_dags/tutorial_dag.py
[2023-11-14T10:10:26.803+0000] {processor.py:829} INFO - Processing file /home/airflow/.local/lib/python3.8/site-packages/airflow/example_dags/tutorial_dag.py for tasks to queue
[2023-11-14T10:10:26.805+0000] {logging_mixin.py:154} INFO - [2023-11-14T10:10:26.805+0000] {dagbag.py:536} INFO - Filling up the DagBag from /home/airflow/.local/lib/python3.8/site-packages/airflow/example_dags/tutorial_dag.py
[2023-11-14T10:10:26.809+0000] {processor.py:839} INFO - DAG(s) dict_keys(['tutorial_dag']) retrieved from /home/airflow/.local/lib/python3.8/site-packages/airflow/example_dags/tutorial_dag.py
[2023-11-14T10:10:26.822+0000] {logging_mixin.py:154} INFO - [2023-11-14T10:10:26.821+0000] {dag.py:2941} INFO - Sync 1 DAGs
[2023-11-14T10:10:26.933+0000] {logging_mixin.py:154} INFO - [2023-11-14T10:10:26.932+0000] {dag.py:3722} INFO - Setting next_dagrun for tutorial_dag to None, run_after=None
[2023-11-14T10:10:26.942+0000] {processor.py:179} INFO - Processing /home/airflow/.local/lib/python3.8/site-packages/airflow/example_dags/tutorial_dag.py took 0.142 seconds
[2023-11-14T10:10:57.612+0000] {processor.py:157} INFO - Started process (PID=1906) to work on /home/airflow/.local/lib/python3.8/site-packages/airflow/example_dags/tutorial_dag.py
[2023-11-14T10:10:57.613+0000] {processor.py:829} INFO - Processing file /home/airflow/.local/lib/python3.8/site-packages/airflow/example_dags/tutorial_dag.py for tasks to queue
[2023-11-14T10:10:57.615+0000] {logging_mixin.py:154} INFO - [2023-11-14T10:10:57.615+0000] {dagbag.py:536} INFO - Filling up the DagBag from /home/airflow/.local/lib/python3.8/site-packages/airflow/example_dags/tutorial_dag.py
[2023-11-14T10:10:57.619+0000] {processor.py:839} INFO - DAG(s) dict_keys(['tutorial_dag']) retrieved from /home/airflow/.local/lib/python3.8/site-packages/airflow/example_dags/tutorial_dag.py
[2023-11-14T10:10:57.631+0000] {logging_mixin.py:154} INFO - [2023-11-14T10:10:57.631+0000] {dag.py:2941} INFO - Sync 1 DAGs
[2023-11-14T10:10:57.639+0000] {logging_mixin.py:154} INFO - [2023-11-14T10:10:57.639+0000] {dag.py:3722} INFO - Setting next_dagrun for tutorial_dag to None, run_after=None
[2023-11-14T10:10:57.649+0000] {processor.py:179} INFO - Processing /home/airflow/.local/lib/python3.8/site-packages/airflow/example_dags/tutorial_dag.py took 0.039 seconds
[2023-11-14T10:11:28.334+0000] {processor.py:157} INFO - Started process (PID=1960) to work on /home/airflow/.local/lib/python3.8/site-packages/airflow/example_dags/tutorial_dag.py
[2023-11-14T10:11:28.334+0000] {processor.py:829} INFO - Processing file /home/airflow/.local/lib/python3.8/site-packages/airflow/example_dags/tutorial_dag.py for tasks to queue
[2023-11-14T10:11:28.336+0000] {logging_mixin.py:154} INFO - [2023-11-14T10:11:28.336+0000] {dagbag.py:536} INFO - Filling up the DagBag from /home/airflow/.local/lib/python3.8/site-packages/airflow/example_dags/tutorial_dag.py
[2023-11-14T10:11:28.341+0000] {processor.py:839} INFO - DAG(s) dict_keys(['tutorial_dag']) retrieved from /home/airflow/.local/lib/python3.8/site-packages/airflow/example_dags/tutorial_dag.py
[2023-11-14T10:11:28.359+0000] {logging_mixin.py:154} INFO - [2023-11-14T10:11:28.358+0000] {dag.py:2941} INFO - Sync 1 DAGs
[2023-11-14T10:11:28.366+0000] {logging_mixin.py:154} INFO - [2023-11-14T10:11:28.366+0000] {dag.py:3722} INFO - Setting next_dagrun for tutorial_dag to None, run_after=None
[2023-11-14T10:11:28.379+0000] {processor.py:179} INFO - Processing /home/airflow/.local/lib/python3.8/site-packages/airflow/example_dags/tutorial_dag.py took 0.047 seconds
[2023-11-14T10:11:59.003+0000] {processor.py:157} INFO - Started process (PID=2014) to work on /home/airflow/.local/lib/python3.8/site-packages/airflow/example_dags/tutorial_dag.py
[2023-11-14T10:11:59.004+0000] {processor.py:829} INFO - Processing file /home/airflow/.local/lib/python3.8/site-packages/airflow/example_dags/tutorial_dag.py for tasks to queue
[2023-11-14T10:11:59.006+0000] {logging_mixin.py:154} INFO - [2023-11-14T10:11:59.006+0000] {dagbag.py:536} INFO - Filling up the DagBag from /home/airflow/.local/lib/python3.8/site-packages/airflow/example_dags/tutorial_dag.py
[2023-11-14T10:11:59.010+0000] {processor.py:839} INFO - DAG(s) dict_keys(['tutorial_dag']) retrieved from /home/airflow/.local/lib/python3.8/site-packages/airflow/example_dags/tutorial_dag.py
[2023-11-14T10:11:59.022+0000] {logging_mixin.py:154} INFO - [2023-11-14T10:11:59.022+0000] {dag.py:2941} INFO - Sync 1 DAGs
[2023-11-14T10:11:59.029+0000] {logging_mixin.py:154} INFO - [2023-11-14T10:11:59.029+0000] {dag.py:3722} INFO - Setting next_dagrun for tutorial_dag to None, run_after=None
[2023-11-14T10:11:59.038+0000] {processor.py:179} INFO - Processing /home/airflow/.local/lib/python3.8/site-packages/airflow/example_dags/tutorial_dag.py took 0.037 seconds
[2023-11-14T10:12:29.640+0000] {processor.py:157} INFO - Started process (PID=2068) to work on /home/airflow/.local/lib/python3.8/site-packages/airflow/example_dags/tutorial_dag.py
[2023-11-14T10:12:29.641+0000] {processor.py:829} INFO - Processing file /home/airflow/.local/lib/python3.8/site-packages/airflow/example_dags/tutorial_dag.py for tasks to queue
[2023-11-14T10:12:29.643+0000] {logging_mixin.py:154} INFO - [2023-11-14T10:12:29.642+0000] {dagbag.py:536} INFO - Filling up the DagBag from /home/airflow/.local/lib/python3.8/site-packages/airflow/example_dags/tutorial_dag.py
[2023-11-14T10:12:29.647+0000] {processor.py:839} INFO - DAG(s) dict_keys(['tutorial_dag']) retrieved from /home/airflow/.local/lib/python3.8/site-packages/airflow/example_dags/tutorial_dag.py
[2023-11-14T10:12:29.660+0000] {logging_mixin.py:154} INFO - [2023-11-14T10:12:29.660+0000] {dag.py:2941} INFO - Sync 1 DAGs
[2023-11-14T10:12:29.772+0000] {logging_mixin.py:154} INFO - [2023-11-14T10:12:29.771+0000] {dag.py:3722} INFO - Setting next_dagrun for tutorial_dag to None, run_after=None
[2023-11-14T10:12:29.782+0000] {processor.py:179} INFO - Processing /home/airflow/.local/lib/python3.8/site-packages/airflow/example_dags/tutorial_dag.py took 0.144 seconds
[2023-11-14T10:13:00.993+0000] {processor.py:157} INFO - Started process (PID=2122) to work on /home/airflow/.local/lib/python3.8/site-packages/airflow/example_dags/tutorial_dag.py
[2023-11-14T10:13:00.994+0000] {processor.py:829} INFO - Processing file /home/airflow/.local/lib/python3.8/site-packages/airflow/example_dags/tutorial_dag.py for tasks to queue
[2023-11-14T10:13:00.996+0000] {logging_mixin.py:154} INFO - [2023-11-14T10:13:00.996+0000] {dagbag.py:536} INFO - Filling up the DagBag from /home/airflow/.local/lib/python3.8/site-packages/airflow/example_dags/tutorial_dag.py
[2023-11-14T10:13:01.000+0000] {processor.py:839} INFO - DAG(s) dict_keys(['tutorial_dag']) retrieved from /home/airflow/.local/lib/python3.8/site-packages/airflow/example_dags/tutorial_dag.py
[2023-11-14T10:13:01.037+0000] {logging_mixin.py:154} INFO - [2023-11-14T10:13:01.036+0000] {dag.py:2941} INFO - Sync 1 DAGs
[2023-11-14T10:13:01.047+0000] {logging_mixin.py:154} INFO - [2023-11-14T10:13:01.047+0000] {dag.py:3722} INFO - Setting next_dagrun for tutorial_dag to None, run_after=None
[2023-11-14T10:13:01.069+0000] {processor.py:179} INFO - Processing /home/airflow/.local/lib/python3.8/site-packages/airflow/example_dags/tutorial_dag.py took 0.079 seconds
[2023-11-14T10:13:46.008+0000] {processor.py:157} INFO - Started process (PID=2183) to work on /home/airflow/.local/lib/python3.8/site-packages/airflow/example_dags/tutorial_dag.py
[2023-11-14T10:13:46.009+0000] {processor.py:829} INFO - Processing file /home/airflow/.local/lib/python3.8/site-packages/airflow/example_dags/tutorial_dag.py for tasks to queue
[2023-11-14T10:13:46.011+0000] {logging_mixin.py:154} INFO - [2023-11-14T10:13:46.011+0000] {dagbag.py:536} INFO - Filling up the DagBag from /home/airflow/.local/lib/python3.8/site-packages/airflow/example_dags/tutorial_dag.py
[2023-11-14T10:13:46.017+0000] {processor.py:839} INFO - DAG(s) dict_keys(['tutorial_dag']) retrieved from /home/airflow/.local/lib/python3.8/site-packages/airflow/example_dags/tutorial_dag.py
[2023-11-14T10:13:46.041+0000] {logging_mixin.py:154} INFO - [2023-11-14T10:13:46.041+0000] {dag.py:2941} INFO - Sync 1 DAGs
[2023-11-14T10:13:46.056+0000] {logging_mixin.py:154} INFO - [2023-11-14T10:13:46.056+0000] {dag.py:3722} INFO - Setting next_dagrun for tutorial_dag to None, run_after=None
[2023-11-14T10:13:46.084+0000] {processor.py:179} INFO - Processing /home/airflow/.local/lib/python3.8/site-packages/airflow/example_dags/tutorial_dag.py took 0.078 seconds
[2023-11-14T10:14:47.913+0000] {processor.py:157} INFO - Started process (PID=2238) to work on /home/airflow/.local/lib/python3.8/site-packages/airflow/example_dags/tutorial_dag.py
[2023-11-14T10:14:47.915+0000] {processor.py:829} INFO - Processing file /home/airflow/.local/lib/python3.8/site-packages/airflow/example_dags/tutorial_dag.py for tasks to queue
[2023-11-14T10:14:47.919+0000] {logging_mixin.py:154} INFO - [2023-11-14T10:14:47.918+0000] {dagbag.py:536} INFO - Filling up the DagBag from /home/airflow/.local/lib/python3.8/site-packages/airflow/example_dags/tutorial_dag.py
[2023-11-14T10:14:47.927+0000] {processor.py:839} INFO - DAG(s) dict_keys(['tutorial_dag']) retrieved from /home/airflow/.local/lib/python3.8/site-packages/airflow/example_dags/tutorial_dag.py
[2023-11-14T10:14:47.951+0000] {logging_mixin.py:154} INFO - [2023-11-14T10:14:47.951+0000] {dag.py:2941} INFO - Sync 1 DAGs
[2023-11-14T10:14:47.960+0000] {logging_mixin.py:154} INFO - [2023-11-14T10:14:47.960+0000] {dag.py:3722} INFO - Setting next_dagrun for tutorial_dag to None, run_after=None
[2023-11-14T10:14:47.985+0000] {processor.py:179} INFO - Processing /home/airflow/.local/lib/python3.8/site-packages/airflow/example_dags/tutorial_dag.py took 0.076 seconds
[2023-11-14T10:17:57.959+0000] {processor.py:157} INFO - Started process (PID=2292) to work on /home/airflow/.local/lib/python3.8/site-packages/airflow/example_dags/tutorial_dag.py
[2023-11-14T10:17:57.963+0000] {processor.py:829} INFO - Processing file /home/airflow/.local/lib/python3.8/site-packages/airflow/example_dags/tutorial_dag.py for tasks to queue
[2023-11-14T10:17:57.965+0000] {logging_mixin.py:154} INFO - [2023-11-14T10:17:57.965+0000] {dagbag.py:536} INFO - Filling up the DagBag from /home/airflow/.local/lib/python3.8/site-packages/airflow/example_dags/tutorial_dag.py
[2023-11-14T10:17:57.971+0000] {processor.py:839} INFO - DAG(s) dict_keys(['tutorial_dag']) retrieved from /home/airflow/.local/lib/python3.8/site-packages/airflow/example_dags/tutorial_dag.py
[2023-11-14T10:17:57.995+0000] {logging_mixin.py:154} INFO - [2023-11-14T10:17:57.995+0000] {dag.py:2941} INFO - Sync 1 DAGs
[2023-11-14T10:17:58.014+0000] {logging_mixin.py:154} INFO - [2023-11-14T10:17:58.014+0000] {dag.py:3722} INFO - Setting next_dagrun for tutorial_dag to None, run_after=None
[2023-11-14T10:17:58.037+0000] {processor.py:179} INFO - Processing /home/airflow/.local/lib/python3.8/site-packages/airflow/example_dags/tutorial_dag.py took 0.082 seconds
[2023-11-14T10:20:18.649+0000] {processor.py:157} INFO - Started process (PID=2339) to work on /home/airflow/.local/lib/python3.8/site-packages/airflow/example_dags/tutorial_dag.py
[2023-11-14T10:20:18.650+0000] {processor.py:829} INFO - Processing file /home/airflow/.local/lib/python3.8/site-packages/airflow/example_dags/tutorial_dag.py for tasks to queue
[2023-11-14T10:20:18.651+0000] {logging_mixin.py:154} INFO - [2023-11-14T10:20:18.651+0000] {dagbag.py:536} INFO - Filling up the DagBag from /home/airflow/.local/lib/python3.8/site-packages/airflow/example_dags/tutorial_dag.py
[2023-11-14T10:20:18.655+0000] {processor.py:839} INFO - DAG(s) dict_keys(['tutorial_dag']) retrieved from /home/airflow/.local/lib/python3.8/site-packages/airflow/example_dags/tutorial_dag.py
[2023-11-14T10:20:18.670+0000] {logging_mixin.py:154} INFO - [2023-11-14T10:20:18.670+0000] {dag.py:2941} INFO - Sync 1 DAGs
[2023-11-14T10:20:18.678+0000] {logging_mixin.py:154} INFO - [2023-11-14T10:20:18.678+0000] {dag.py:3722} INFO - Setting next_dagrun for tutorial_dag to None, run_after=None
[2023-11-14T10:20:18.689+0000] {processor.py:179} INFO - Processing /home/airflow/.local/lib/python3.8/site-packages/airflow/example_dags/tutorial_dag.py took 0.042 seconds
