[2023-11-18T11:32:24.229+0000] {processor.py:157} INFO - Started process (PID=49) to work on /home/airflow/.local/lib/python3.8/site-packages/airflow/example_dags/example_branch_python_dop_operator_3.py
[2023-11-18T11:32:24.268+0000] {processor.py:829} INFO - Processing file /home/airflow/.local/lib/python3.8/site-packages/airflow/example_dags/example_branch_python_dop_operator_3.py for tasks to queue
[2023-11-18T11:32:24.279+0000] {logging_mixin.py:154} INFO - [2023-11-18T11:32:24.275+0000] {dagbag.py:536} INFO - Filling up the DagBag from /home/airflow/.local/lib/python3.8/site-packages/airflow/example_dags/example_branch_python_dop_operator_3.py
[2023-11-18T11:32:24.409+0000] {processor.py:839} INFO - DAG(s) dict_keys(['example_branch_dop_operator_v3']) retrieved from /home/airflow/.local/lib/python3.8/site-packages/airflow/example_dags/example_branch_python_dop_operator_3.py
[2023-11-18T11:32:24.842+0000] {logging_mixin.py:154} INFO - [2023-11-18T11:32:24.840+0000] {dag.py:2941} INFO - Sync 1 DAGs
[2023-11-18T11:32:25.004+0000] {logging_mixin.py:154} INFO - [2023-11-18T11:32:25.001+0000] {dag.py:3722} INFO - Setting next_dagrun for example_branch_dop_operator_v3 to 2023-11-18T11:31:00+00:00, run_after=2023-11-18T11:32:00+00:00
[2023-11-18T11:32:25.110+0000] {processor.py:179} INFO - Processing /home/airflow/.local/lib/python3.8/site-packages/airflow/example_dags/example_branch_python_dop_operator_3.py took 0.891 seconds
[2023-11-18T11:32:55.749+0000] {processor.py:157} INFO - Started process (PID=105) to work on /home/airflow/.local/lib/python3.8/site-packages/airflow/example_dags/example_branch_python_dop_operator_3.py
[2023-11-18T11:32:55.753+0000] {processor.py:829} INFO - Processing file /home/airflow/.local/lib/python3.8/site-packages/airflow/example_dags/example_branch_python_dop_operator_3.py for tasks to queue
[2023-11-18T11:32:55.771+0000] {logging_mixin.py:154} INFO - [2023-11-18T11:32:55.771+0000] {dagbag.py:536} INFO - Filling up the DagBag from /home/airflow/.local/lib/python3.8/site-packages/airflow/example_dags/example_branch_python_dop_operator_3.py
[2023-11-18T11:32:55.811+0000] {processor.py:839} INFO - DAG(s) dict_keys(['example_branch_dop_operator_v3']) retrieved from /home/airflow/.local/lib/python3.8/site-packages/airflow/example_dags/example_branch_python_dop_operator_3.py
[2023-11-18T11:32:55.907+0000] {logging_mixin.py:154} INFO - [2023-11-18T11:32:55.906+0000] {dag.py:2941} INFO - Sync 1 DAGs
[2023-11-18T11:32:55.970+0000] {logging_mixin.py:154} INFO - [2023-11-18T11:32:55.969+0000] {dag.py:3722} INFO - Setting next_dagrun for example_branch_dop_operator_v3 to 2023-11-18T11:31:00+00:00, run_after=2023-11-18T11:32:00+00:00
[2023-11-18T11:32:56.029+0000] {processor.py:179} INFO - Processing /home/airflow/.local/lib/python3.8/site-packages/airflow/example_dags/example_branch_python_dop_operator_3.py took 0.293 seconds
[2023-11-18T11:33:26.581+0000] {processor.py:157} INFO - Started process (PID=161) to work on /home/airflow/.local/lib/python3.8/site-packages/airflow/example_dags/example_branch_python_dop_operator_3.py
[2023-11-18T11:33:26.583+0000] {processor.py:829} INFO - Processing file /home/airflow/.local/lib/python3.8/site-packages/airflow/example_dags/example_branch_python_dop_operator_3.py for tasks to queue
[2023-11-18T11:33:26.585+0000] {logging_mixin.py:154} INFO - [2023-11-18T11:33:26.584+0000] {dagbag.py:536} INFO - Filling up the DagBag from /home/airflow/.local/lib/python3.8/site-packages/airflow/example_dags/example_branch_python_dop_operator_3.py
[2023-11-18T11:33:26.590+0000] {processor.py:839} INFO - DAG(s) dict_keys(['example_branch_dop_operator_v3']) retrieved from /home/airflow/.local/lib/python3.8/site-packages/airflow/example_dags/example_branch_python_dop_operator_3.py
[2023-11-18T11:33:26.609+0000] {logging_mixin.py:154} INFO - [2023-11-18T11:33:26.609+0000] {dag.py:2941} INFO - Sync 1 DAGs
[2023-11-18T11:33:26.656+0000] {logging_mixin.py:154} INFO - [2023-11-18T11:33:26.655+0000] {dag.py:3722} INFO - Setting next_dagrun for example_branch_dop_operator_v3 to 2023-11-18T11:32:00+00:00, run_after=2023-11-18T11:33:00+00:00
[2023-11-18T11:33:26.688+0000] {processor.py:179} INFO - Processing /home/airflow/.local/lib/python3.8/site-packages/airflow/example_dags/example_branch_python_dop_operator_3.py took 0.111 seconds
[2023-11-18T11:33:57.512+0000] {processor.py:157} INFO - Started process (PID=214) to work on /home/airflow/.local/lib/python3.8/site-packages/airflow/example_dags/example_branch_python_dop_operator_3.py
[2023-11-18T11:33:57.513+0000] {processor.py:829} INFO - Processing file /home/airflow/.local/lib/python3.8/site-packages/airflow/example_dags/example_branch_python_dop_operator_3.py for tasks to queue
[2023-11-18T11:33:57.516+0000] {logging_mixin.py:154} INFO - [2023-11-18T11:33:57.516+0000] {dagbag.py:536} INFO - Filling up the DagBag from /home/airflow/.local/lib/python3.8/site-packages/airflow/example_dags/example_branch_python_dop_operator_3.py
[2023-11-18T11:33:57.540+0000] {processor.py:839} INFO - DAG(s) dict_keys(['example_branch_dop_operator_v3']) retrieved from /home/airflow/.local/lib/python3.8/site-packages/airflow/example_dags/example_branch_python_dop_operator_3.py
[2023-11-18T11:33:57.571+0000] {logging_mixin.py:154} INFO - [2023-11-18T11:33:57.571+0000] {dag.py:2941} INFO - Sync 1 DAGs
[2023-11-18T11:33:57.592+0000] {logging_mixin.py:154} INFO - [2023-11-18T11:33:57.592+0000] {dag.py:3722} INFO - Setting next_dagrun for example_branch_dop_operator_v3 to 2023-11-18T11:32:00+00:00, run_after=2023-11-18T11:33:00+00:00
[2023-11-18T11:33:57.604+0000] {processor.py:179} INFO - Processing /home/airflow/.local/lib/python3.8/site-packages/airflow/example_dags/example_branch_python_dop_operator_3.py took 0.098 seconds
[2023-11-18T11:34:28.447+0000] {processor.py:157} INFO - Started process (PID=269) to work on /home/airflow/.local/lib/python3.8/site-packages/airflow/example_dags/example_branch_python_dop_operator_3.py
[2023-11-18T11:34:28.448+0000] {processor.py:829} INFO - Processing file /home/airflow/.local/lib/python3.8/site-packages/airflow/example_dags/example_branch_python_dop_operator_3.py for tasks to queue
[2023-11-18T11:34:28.450+0000] {logging_mixin.py:154} INFO - [2023-11-18T11:34:28.450+0000] {dagbag.py:536} INFO - Filling up the DagBag from /home/airflow/.local/lib/python3.8/site-packages/airflow/example_dags/example_branch_python_dop_operator_3.py
[2023-11-18T11:34:28.457+0000] {processor.py:839} INFO - DAG(s) dict_keys(['example_branch_dop_operator_v3']) retrieved from /home/airflow/.local/lib/python3.8/site-packages/airflow/example_dags/example_branch_python_dop_operator_3.py
[2023-11-18T11:34:28.474+0000] {logging_mixin.py:154} INFO - [2023-11-18T11:34:28.474+0000] {dag.py:2941} INFO - Sync 1 DAGs
[2023-11-18T11:34:28.490+0000] {logging_mixin.py:154} INFO - [2023-11-18T11:34:28.490+0000] {dag.py:3722} INFO - Setting next_dagrun for example_branch_dop_operator_v3 to 2023-11-18T11:33:00+00:00, run_after=2023-11-18T11:34:00+00:00
[2023-11-18T11:34:28.499+0000] {processor.py:179} INFO - Processing /home/airflow/.local/lib/python3.8/site-packages/airflow/example_dags/example_branch_python_dop_operator_3.py took 0.056 seconds
[2023-11-18T11:34:58.931+0000] {processor.py:157} INFO - Started process (PID=324) to work on /home/airflow/.local/lib/python3.8/site-packages/airflow/example_dags/example_branch_python_dop_operator_3.py
[2023-11-18T11:34:58.932+0000] {processor.py:829} INFO - Processing file /home/airflow/.local/lib/python3.8/site-packages/airflow/example_dags/example_branch_python_dop_operator_3.py for tasks to queue
[2023-11-18T11:34:58.934+0000] {logging_mixin.py:154} INFO - [2023-11-18T11:34:58.934+0000] {dagbag.py:536} INFO - Filling up the DagBag from /home/airflow/.local/lib/python3.8/site-packages/airflow/example_dags/example_branch_python_dop_operator_3.py
[2023-11-18T11:34:58.945+0000] {processor.py:839} INFO - DAG(s) dict_keys(['example_branch_dop_operator_v3']) retrieved from /home/airflow/.local/lib/python3.8/site-packages/airflow/example_dags/example_branch_python_dop_operator_3.py
[2023-11-18T11:34:58.960+0000] {logging_mixin.py:154} INFO - [2023-11-18T11:34:58.960+0000] {dag.py:2941} INFO - Sync 1 DAGs
[2023-11-18T11:34:58.975+0000] {logging_mixin.py:154} INFO - [2023-11-18T11:34:58.975+0000] {dag.py:3722} INFO - Setting next_dagrun for example_branch_dop_operator_v3 to 2023-11-18T11:33:00+00:00, run_after=2023-11-18T11:34:00+00:00
[2023-11-18T11:34:58.983+0000] {processor.py:179} INFO - Processing /home/airflow/.local/lib/python3.8/site-packages/airflow/example_dags/example_branch_python_dop_operator_3.py took 0.056 seconds
[2023-11-18T11:35:29.657+0000] {processor.py:157} INFO - Started process (PID=380) to work on /home/airflow/.local/lib/python3.8/site-packages/airflow/example_dags/example_branch_python_dop_operator_3.py
[2023-11-18T11:35:29.658+0000] {processor.py:829} INFO - Processing file /home/airflow/.local/lib/python3.8/site-packages/airflow/example_dags/example_branch_python_dop_operator_3.py for tasks to queue
[2023-11-18T11:35:29.660+0000] {logging_mixin.py:154} INFO - [2023-11-18T11:35:29.660+0000] {dagbag.py:536} INFO - Filling up the DagBag from /home/airflow/.local/lib/python3.8/site-packages/airflow/example_dags/example_branch_python_dop_operator_3.py
[2023-11-18T11:35:29.666+0000] {processor.py:839} INFO - DAG(s) dict_keys(['example_branch_dop_operator_v3']) retrieved from /home/airflow/.local/lib/python3.8/site-packages/airflow/example_dags/example_branch_python_dop_operator_3.py
[2023-11-18T11:35:29.678+0000] {logging_mixin.py:154} INFO - [2023-11-18T11:35:29.678+0000] {dag.py:2941} INFO - Sync 1 DAGs
[2023-11-18T11:35:29.692+0000] {logging_mixin.py:154} INFO - [2023-11-18T11:35:29.691+0000] {dag.py:3722} INFO - Setting next_dagrun for example_branch_dop_operator_v3 to 2023-11-18T11:34:00+00:00, run_after=2023-11-18T11:35:00+00:00
[2023-11-18T11:35:29.701+0000] {processor.py:179} INFO - Processing /home/airflow/.local/lib/python3.8/site-packages/airflow/example_dags/example_branch_python_dop_operator_3.py took 0.046 seconds
[2023-11-18T11:35:59.942+0000] {processor.py:157} INFO - Started process (PID=435) to work on /home/airflow/.local/lib/python3.8/site-packages/airflow/example_dags/example_branch_python_dop_operator_3.py
[2023-11-18T11:35:59.943+0000] {processor.py:829} INFO - Processing file /home/airflow/.local/lib/python3.8/site-packages/airflow/example_dags/example_branch_python_dop_operator_3.py for tasks to queue
[2023-11-18T11:35:59.944+0000] {logging_mixin.py:154} INFO - [2023-11-18T11:35:59.944+0000] {dagbag.py:536} INFO - Filling up the DagBag from /home/airflow/.local/lib/python3.8/site-packages/airflow/example_dags/example_branch_python_dop_operator_3.py
[2023-11-18T11:35:59.950+0000] {processor.py:839} INFO - DAG(s) dict_keys(['example_branch_dop_operator_v3']) retrieved from /home/airflow/.local/lib/python3.8/site-packages/airflow/example_dags/example_branch_python_dop_operator_3.py
[2023-11-18T11:35:59.961+0000] {logging_mixin.py:154} INFO - [2023-11-18T11:35:59.961+0000] {dag.py:2941} INFO - Sync 1 DAGs
[2023-11-18T11:35:59.975+0000] {logging_mixin.py:154} INFO - [2023-11-18T11:35:59.975+0000] {dag.py:3722} INFO - Setting next_dagrun for example_branch_dop_operator_v3 to 2023-11-18T11:34:00+00:00, run_after=2023-11-18T11:35:00+00:00
[2023-11-18T11:35:59.984+0000] {processor.py:179} INFO - Processing /home/airflow/.local/lib/python3.8/site-packages/airflow/example_dags/example_branch_python_dop_operator_3.py took 0.044 seconds
[2023-11-18T11:36:30.157+0000] {processor.py:157} INFO - Started process (PID=490) to work on /home/airflow/.local/lib/python3.8/site-packages/airflow/example_dags/example_branch_python_dop_operator_3.py
[2023-11-18T11:36:30.158+0000] {processor.py:829} INFO - Processing file /home/airflow/.local/lib/python3.8/site-packages/airflow/example_dags/example_branch_python_dop_operator_3.py for tasks to queue
[2023-11-18T11:36:30.160+0000] {logging_mixin.py:154} INFO - [2023-11-18T11:36:30.160+0000] {dagbag.py:536} INFO - Filling up the DagBag from /home/airflow/.local/lib/python3.8/site-packages/airflow/example_dags/example_branch_python_dop_operator_3.py
[2023-11-18T11:36:30.169+0000] {processor.py:839} INFO - DAG(s) dict_keys(['example_branch_dop_operator_v3']) retrieved from /home/airflow/.local/lib/python3.8/site-packages/airflow/example_dags/example_branch_python_dop_operator_3.py
[2023-11-18T11:36:30.186+0000] {logging_mixin.py:154} INFO - [2023-11-18T11:36:30.186+0000] {dag.py:2941} INFO - Sync 1 DAGs
[2023-11-18T11:36:30.202+0000] {logging_mixin.py:154} INFO - [2023-11-18T11:36:30.202+0000] {dag.py:3722} INFO - Setting next_dagrun for example_branch_dop_operator_v3 to 2023-11-18T11:35:00+00:00, run_after=2023-11-18T11:36:00+00:00
[2023-11-18T11:36:30.211+0000] {processor.py:179} INFO - Processing /home/airflow/.local/lib/python3.8/site-packages/airflow/example_dags/example_branch_python_dop_operator_3.py took 0.058 seconds
[2023-11-18T11:37:00.603+0000] {processor.py:157} INFO - Started process (PID=545) to work on /home/airflow/.local/lib/python3.8/site-packages/airflow/example_dags/example_branch_python_dop_operator_3.py
[2023-11-18T11:37:00.605+0000] {processor.py:829} INFO - Processing file /home/airflow/.local/lib/python3.8/site-packages/airflow/example_dags/example_branch_python_dop_operator_3.py for tasks to queue
[2023-11-18T11:37:00.615+0000] {logging_mixin.py:154} INFO - [2023-11-18T11:37:00.614+0000] {dagbag.py:536} INFO - Filling up the DagBag from /home/airflow/.local/lib/python3.8/site-packages/airflow/example_dags/example_branch_python_dop_operator_3.py
[2023-11-18T11:37:00.643+0000] {processor.py:839} INFO - DAG(s) dict_keys(['example_branch_dop_operator_v3']) retrieved from /home/airflow/.local/lib/python3.8/site-packages/airflow/example_dags/example_branch_python_dop_operator_3.py
[2023-11-18T11:37:00.675+0000] {logging_mixin.py:154} INFO - [2023-11-18T11:37:00.675+0000] {dag.py:2941} INFO - Sync 1 DAGs
[2023-11-18T11:37:00.710+0000] {logging_mixin.py:154} INFO - [2023-11-18T11:37:00.710+0000] {dag.py:3722} INFO - Setting next_dagrun for example_branch_dop_operator_v3 to 2023-11-18T11:36:00+00:00, run_after=2023-11-18T11:37:00+00:00
[2023-11-18T11:37:00.722+0000] {processor.py:179} INFO - Processing /home/airflow/.local/lib/python3.8/site-packages/airflow/example_dags/example_branch_python_dop_operator_3.py took 0.122 seconds
[2023-11-18T11:37:31.650+0000] {processor.py:157} INFO - Started process (PID=600) to work on /home/airflow/.local/lib/python3.8/site-packages/airflow/example_dags/example_branch_python_dop_operator_3.py
[2023-11-18T11:37:31.651+0000] {processor.py:829} INFO - Processing file /home/airflow/.local/lib/python3.8/site-packages/airflow/example_dags/example_branch_python_dop_operator_3.py for tasks to queue
[2023-11-18T11:37:31.654+0000] {logging_mixin.py:154} INFO - [2023-11-18T11:37:31.653+0000] {dagbag.py:536} INFO - Filling up the DagBag from /home/airflow/.local/lib/python3.8/site-packages/airflow/example_dags/example_branch_python_dop_operator_3.py
[2023-11-18T11:37:31.662+0000] {processor.py:839} INFO - DAG(s) dict_keys(['example_branch_dop_operator_v3']) retrieved from /home/airflow/.local/lib/python3.8/site-packages/airflow/example_dags/example_branch_python_dop_operator_3.py
[2023-11-18T11:37:31.683+0000] {logging_mixin.py:154} INFO - [2023-11-18T11:37:31.683+0000] {dag.py:2941} INFO - Sync 1 DAGs
[2023-11-18T11:37:31.701+0000] {logging_mixin.py:154} INFO - [2023-11-18T11:37:31.701+0000] {dag.py:3722} INFO - Setting next_dagrun for example_branch_dop_operator_v3 to 2023-11-18T11:36:00+00:00, run_after=2023-11-18T11:37:00+00:00
[2023-11-18T11:37:31.710+0000] {processor.py:179} INFO - Processing /home/airflow/.local/lib/python3.8/site-packages/airflow/example_dags/example_branch_python_dop_operator_3.py took 0.064 seconds
[2023-11-18T11:38:01.777+0000] {processor.py:157} INFO - Started process (PID=655) to work on /home/airflow/.local/lib/python3.8/site-packages/airflow/example_dags/example_branch_python_dop_operator_3.py
[2023-11-18T11:38:01.777+0000] {processor.py:829} INFO - Processing file /home/airflow/.local/lib/python3.8/site-packages/airflow/example_dags/example_branch_python_dop_operator_3.py for tasks to queue
[2023-11-18T11:38:01.779+0000] {logging_mixin.py:154} INFO - [2023-11-18T11:38:01.779+0000] {dagbag.py:536} INFO - Filling up the DagBag from /home/airflow/.local/lib/python3.8/site-packages/airflow/example_dags/example_branch_python_dop_operator_3.py
[2023-11-18T11:38:01.784+0000] {processor.py:839} INFO - DAG(s) dict_keys(['example_branch_dop_operator_v3']) retrieved from /home/airflow/.local/lib/python3.8/site-packages/airflow/example_dags/example_branch_python_dop_operator_3.py
[2023-11-18T11:38:01.794+0000] {logging_mixin.py:154} INFO - [2023-11-18T11:38:01.794+0000] {dag.py:2941} INFO - Sync 1 DAGs
[2023-11-18T11:38:01.806+0000] {logging_mixin.py:154} INFO - [2023-11-18T11:38:01.806+0000] {dag.py:3722} INFO - Setting next_dagrun for example_branch_dop_operator_v3 to 2023-11-18T11:37:00+00:00, run_after=2023-11-18T11:38:00+00:00
[2023-11-18T11:38:01.814+0000] {processor.py:179} INFO - Processing /home/airflow/.local/lib/python3.8/site-packages/airflow/example_dags/example_branch_python_dop_operator_3.py took 0.039 seconds
[2023-11-18T11:38:32.626+0000] {processor.py:157} INFO - Started process (PID=710) to work on /home/airflow/.local/lib/python3.8/site-packages/airflow/example_dags/example_branch_python_dop_operator_3.py
[2023-11-18T11:38:32.628+0000] {processor.py:829} INFO - Processing file /home/airflow/.local/lib/python3.8/site-packages/airflow/example_dags/example_branch_python_dop_operator_3.py for tasks to queue
[2023-11-18T11:38:32.631+0000] {logging_mixin.py:154} INFO - [2023-11-18T11:38:32.631+0000] {dagbag.py:536} INFO - Filling up the DagBag from /home/airflow/.local/lib/python3.8/site-packages/airflow/example_dags/example_branch_python_dop_operator_3.py
[2023-11-18T11:38:32.640+0000] {processor.py:839} INFO - DAG(s) dict_keys(['example_branch_dop_operator_v3']) retrieved from /home/airflow/.local/lib/python3.8/site-packages/airflow/example_dags/example_branch_python_dop_operator_3.py
[2023-11-18T11:38:32.658+0000] {logging_mixin.py:154} INFO - [2023-11-18T11:38:32.658+0000] {dag.py:2941} INFO - Sync 1 DAGs
[2023-11-18T11:38:32.675+0000] {logging_mixin.py:154} INFO - [2023-11-18T11:38:32.675+0000] {dag.py:3722} INFO - Setting next_dagrun for example_branch_dop_operator_v3 to 2023-11-18T11:37:00+00:00, run_after=2023-11-18T11:38:00+00:00
[2023-11-18T11:38:32.684+0000] {processor.py:179} INFO - Processing /home/airflow/.local/lib/python3.8/site-packages/airflow/example_dags/example_branch_python_dop_operator_3.py took 0.063 seconds
[2023-11-18T11:39:02.907+0000] {processor.py:157} INFO - Started process (PID=765) to work on /home/airflow/.local/lib/python3.8/site-packages/airflow/example_dags/example_branch_python_dop_operator_3.py
[2023-11-18T11:39:02.908+0000] {processor.py:829} INFO - Processing file /home/airflow/.local/lib/python3.8/site-packages/airflow/example_dags/example_branch_python_dop_operator_3.py for tasks to queue
[2023-11-18T11:39:02.911+0000] {logging_mixin.py:154} INFO - [2023-11-18T11:39:02.911+0000] {dagbag.py:536} INFO - Filling up the DagBag from /home/airflow/.local/lib/python3.8/site-packages/airflow/example_dags/example_branch_python_dop_operator_3.py
[2023-11-18T11:39:02.921+0000] {processor.py:839} INFO - DAG(s) dict_keys(['example_branch_dop_operator_v3']) retrieved from /home/airflow/.local/lib/python3.8/site-packages/airflow/example_dags/example_branch_python_dop_operator_3.py
[2023-11-18T11:39:02.939+0000] {logging_mixin.py:154} INFO - [2023-11-18T11:39:02.938+0000] {dag.py:2941} INFO - Sync 1 DAGs
[2023-11-18T11:39:02.957+0000] {logging_mixin.py:154} INFO - [2023-11-18T11:39:02.957+0000] {dag.py:3722} INFO - Setting next_dagrun for example_branch_dop_operator_v3 to 2023-11-18T11:38:00+00:00, run_after=2023-11-18T11:39:00+00:00
[2023-11-18T11:39:02.968+0000] {processor.py:179} INFO - Processing /home/airflow/.local/lib/python3.8/site-packages/airflow/example_dags/example_branch_python_dop_operator_3.py took 0.065 seconds
[2023-11-18T11:39:33.077+0000] {processor.py:157} INFO - Started process (PID=820) to work on /home/airflow/.local/lib/python3.8/site-packages/airflow/example_dags/example_branch_python_dop_operator_3.py
[2023-11-18T11:39:33.079+0000] {processor.py:829} INFO - Processing file /home/airflow/.local/lib/python3.8/site-packages/airflow/example_dags/example_branch_python_dop_operator_3.py for tasks to queue
[2023-11-18T11:39:33.082+0000] {logging_mixin.py:154} INFO - [2023-11-18T11:39:33.082+0000] {dagbag.py:536} INFO - Filling up the DagBag from /home/airflow/.local/lib/python3.8/site-packages/airflow/example_dags/example_branch_python_dop_operator_3.py
[2023-11-18T11:39:33.091+0000] {processor.py:839} INFO - DAG(s) dict_keys(['example_branch_dop_operator_v3']) retrieved from /home/airflow/.local/lib/python3.8/site-packages/airflow/example_dags/example_branch_python_dop_operator_3.py
[2023-11-18T11:39:33.108+0000] {logging_mixin.py:154} INFO - [2023-11-18T11:39:33.108+0000] {dag.py:2941} INFO - Sync 1 DAGs
[2023-11-18T11:39:33.125+0000] {logging_mixin.py:154} INFO - [2023-11-18T11:39:33.124+0000] {dag.py:3722} INFO - Setting next_dagrun for example_branch_dop_operator_v3 to 2023-11-18T11:38:00+00:00, run_after=2023-11-18T11:39:00+00:00
[2023-11-18T11:39:33.134+0000] {processor.py:179} INFO - Processing /home/airflow/.local/lib/python3.8/site-packages/airflow/example_dags/example_branch_python_dop_operator_3.py took 0.062 seconds
[2023-11-18T11:40:03.250+0000] {processor.py:157} INFO - Started process (PID=875) to work on /home/airflow/.local/lib/python3.8/site-packages/airflow/example_dags/example_branch_python_dop_operator_3.py
[2023-11-18T11:40:03.252+0000] {processor.py:829} INFO - Processing file /home/airflow/.local/lib/python3.8/site-packages/airflow/example_dags/example_branch_python_dop_operator_3.py for tasks to queue
[2023-11-18T11:40:03.256+0000] {logging_mixin.py:154} INFO - [2023-11-18T11:40:03.256+0000] {dagbag.py:536} INFO - Filling up the DagBag from /home/airflow/.local/lib/python3.8/site-packages/airflow/example_dags/example_branch_python_dop_operator_3.py
[2023-11-18T11:40:03.270+0000] {processor.py:839} INFO - DAG(s) dict_keys(['example_branch_dop_operator_v3']) retrieved from /home/airflow/.local/lib/python3.8/site-packages/airflow/example_dags/example_branch_python_dop_operator_3.py
[2023-11-18T11:40:03.290+0000] {logging_mixin.py:154} INFO - [2023-11-18T11:40:03.289+0000] {dag.py:2941} INFO - Sync 1 DAGs
[2023-11-18T11:40:03.315+0000] {logging_mixin.py:154} INFO - [2023-11-18T11:40:03.315+0000] {dag.py:3722} INFO - Setting next_dagrun for example_branch_dop_operator_v3 to 2023-11-18T11:39:00+00:00, run_after=2023-11-18T11:40:00+00:00
[2023-11-18T11:40:03.334+0000] {processor.py:179} INFO - Processing /home/airflow/.local/lib/python3.8/site-packages/airflow/example_dags/example_branch_python_dop_operator_3.py took 0.091 seconds
[2023-11-18T11:40:34.073+0000] {processor.py:157} INFO - Started process (PID=930) to work on /home/airflow/.local/lib/python3.8/site-packages/airflow/example_dags/example_branch_python_dop_operator_3.py
[2023-11-18T11:40:34.075+0000] {processor.py:829} INFO - Processing file /home/airflow/.local/lib/python3.8/site-packages/airflow/example_dags/example_branch_python_dop_operator_3.py for tasks to queue
[2023-11-18T11:40:34.079+0000] {logging_mixin.py:154} INFO - [2023-11-18T11:40:34.079+0000] {dagbag.py:536} INFO - Filling up the DagBag from /home/airflow/.local/lib/python3.8/site-packages/airflow/example_dags/example_branch_python_dop_operator_3.py
[2023-11-18T11:40:34.092+0000] {processor.py:839} INFO - DAG(s) dict_keys(['example_branch_dop_operator_v3']) retrieved from /home/airflow/.local/lib/python3.8/site-packages/airflow/example_dags/example_branch_python_dop_operator_3.py
[2023-11-18T11:40:34.112+0000] {logging_mixin.py:154} INFO - [2023-11-18T11:40:34.112+0000] {dag.py:2941} INFO - Sync 1 DAGs
[2023-11-18T11:40:34.130+0000] {logging_mixin.py:154} INFO - [2023-11-18T11:40:34.130+0000] {dag.py:3722} INFO - Setting next_dagrun for example_branch_dop_operator_v3 to 2023-11-18T11:39:00+00:00, run_after=2023-11-18T11:40:00+00:00
[2023-11-18T11:40:34.138+0000] {processor.py:179} INFO - Processing /home/airflow/.local/lib/python3.8/site-packages/airflow/example_dags/example_branch_python_dop_operator_3.py took 0.072 seconds
[2023-11-18T11:41:04.405+0000] {processor.py:157} INFO - Started process (PID=985) to work on /home/airflow/.local/lib/python3.8/site-packages/airflow/example_dags/example_branch_python_dop_operator_3.py
[2023-11-18T11:41:04.406+0000] {processor.py:829} INFO - Processing file /home/airflow/.local/lib/python3.8/site-packages/airflow/example_dags/example_branch_python_dop_operator_3.py for tasks to queue
[2023-11-18T11:41:04.408+0000] {logging_mixin.py:154} INFO - [2023-11-18T11:41:04.408+0000] {dagbag.py:536} INFO - Filling up the DagBag from /home/airflow/.local/lib/python3.8/site-packages/airflow/example_dags/example_branch_python_dop_operator_3.py
[2023-11-18T11:41:04.416+0000] {processor.py:839} INFO - DAG(s) dict_keys(['example_branch_dop_operator_v3']) retrieved from /home/airflow/.local/lib/python3.8/site-packages/airflow/example_dags/example_branch_python_dop_operator_3.py
[2023-11-18T11:41:04.434+0000] {logging_mixin.py:154} INFO - [2023-11-18T11:41:04.434+0000] {dag.py:2941} INFO - Sync 1 DAGs
[2023-11-18T11:41:04.453+0000] {logging_mixin.py:154} INFO - [2023-11-18T11:41:04.452+0000] {dag.py:3722} INFO - Setting next_dagrun for example_branch_dop_operator_v3 to 2023-11-18T11:40:00+00:00, run_after=2023-11-18T11:41:00+00:00
[2023-11-18T11:41:04.464+0000] {processor.py:179} INFO - Processing /home/airflow/.local/lib/python3.8/site-packages/airflow/example_dags/example_branch_python_dop_operator_3.py took 0.062 seconds
[2023-11-18T11:41:35.095+0000] {processor.py:157} INFO - Started process (PID=1040) to work on /home/airflow/.local/lib/python3.8/site-packages/airflow/example_dags/example_branch_python_dop_operator_3.py
[2023-11-18T11:41:35.097+0000] {processor.py:829} INFO - Processing file /home/airflow/.local/lib/python3.8/site-packages/airflow/example_dags/example_branch_python_dop_operator_3.py for tasks to queue
[2023-11-18T11:41:35.100+0000] {logging_mixin.py:154} INFO - [2023-11-18T11:41:35.099+0000] {dagbag.py:536} INFO - Filling up the DagBag from /home/airflow/.local/lib/python3.8/site-packages/airflow/example_dags/example_branch_python_dop_operator_3.py
[2023-11-18T11:41:35.108+0000] {processor.py:839} INFO - DAG(s) dict_keys(['example_branch_dop_operator_v3']) retrieved from /home/airflow/.local/lib/python3.8/site-packages/airflow/example_dags/example_branch_python_dop_operator_3.py
[2023-11-18T11:41:35.126+0000] {logging_mixin.py:154} INFO - [2023-11-18T11:41:35.126+0000] {dag.py:2941} INFO - Sync 1 DAGs
[2023-11-18T11:41:35.144+0000] {logging_mixin.py:154} INFO - [2023-11-18T11:41:35.143+0000] {dag.py:3722} INFO - Setting next_dagrun for example_branch_dop_operator_v3 to 2023-11-18T11:40:00+00:00, run_after=2023-11-18T11:41:00+00:00
[2023-11-18T11:41:35.153+0000] {processor.py:179} INFO - Processing /home/airflow/.local/lib/python3.8/site-packages/airflow/example_dags/example_branch_python_dop_operator_3.py took 0.062 seconds
[2023-11-18T11:42:05.270+0000] {processor.py:157} INFO - Started process (PID=1095) to work on /home/airflow/.local/lib/python3.8/site-packages/airflow/example_dags/example_branch_python_dop_operator_3.py
[2023-11-18T11:42:05.271+0000] {processor.py:829} INFO - Processing file /home/airflow/.local/lib/python3.8/site-packages/airflow/example_dags/example_branch_python_dop_operator_3.py for tasks to queue
[2023-11-18T11:42:05.273+0000] {logging_mixin.py:154} INFO - [2023-11-18T11:42:05.273+0000] {dagbag.py:536} INFO - Filling up the DagBag from /home/airflow/.local/lib/python3.8/site-packages/airflow/example_dags/example_branch_python_dop_operator_3.py
[2023-11-18T11:42:05.281+0000] {processor.py:839} INFO - DAG(s) dict_keys(['example_branch_dop_operator_v3']) retrieved from /home/airflow/.local/lib/python3.8/site-packages/airflow/example_dags/example_branch_python_dop_operator_3.py
[2023-11-18T11:42:05.300+0000] {logging_mixin.py:154} INFO - [2023-11-18T11:42:05.300+0000] {dag.py:2941} INFO - Sync 1 DAGs
[2023-11-18T11:42:05.325+0000] {logging_mixin.py:154} INFO - [2023-11-18T11:42:05.324+0000] {dag.py:3722} INFO - Setting next_dagrun for example_branch_dop_operator_v3 to 2023-11-18T11:41:00+00:00, run_after=2023-11-18T11:42:00+00:00
[2023-11-18T11:42:05.341+0000] {processor.py:179} INFO - Processing /home/airflow/.local/lib/python3.8/site-packages/airflow/example_dags/example_branch_python_dop_operator_3.py took 0.075 seconds
[2023-11-18T11:42:36.071+0000] {processor.py:157} INFO - Started process (PID=1150) to work on /home/airflow/.local/lib/python3.8/site-packages/airflow/example_dags/example_branch_python_dop_operator_3.py
[2023-11-18T11:42:36.073+0000] {processor.py:829} INFO - Processing file /home/airflow/.local/lib/python3.8/site-packages/airflow/example_dags/example_branch_python_dop_operator_3.py for tasks to queue
[2023-11-18T11:42:36.076+0000] {logging_mixin.py:154} INFO - [2023-11-18T11:42:36.075+0000] {dagbag.py:536} INFO - Filling up the DagBag from /home/airflow/.local/lib/python3.8/site-packages/airflow/example_dags/example_branch_python_dop_operator_3.py
[2023-11-18T11:42:36.086+0000] {processor.py:839} INFO - DAG(s) dict_keys(['example_branch_dop_operator_v3']) retrieved from /home/airflow/.local/lib/python3.8/site-packages/airflow/example_dags/example_branch_python_dop_operator_3.py
[2023-11-18T11:42:36.104+0000] {logging_mixin.py:154} INFO - [2023-11-18T11:42:36.104+0000] {dag.py:2941} INFO - Sync 1 DAGs
[2023-11-18T11:42:36.123+0000] {logging_mixin.py:154} INFO - [2023-11-18T11:42:36.123+0000] {dag.py:3722} INFO - Setting next_dagrun for example_branch_dop_operator_v3 to 2023-11-18T11:41:00+00:00, run_after=2023-11-18T11:42:00+00:00
[2023-11-18T11:42:36.134+0000] {processor.py:179} INFO - Processing /home/airflow/.local/lib/python3.8/site-packages/airflow/example_dags/example_branch_python_dop_operator_3.py took 0.070 seconds
[2023-11-18T11:43:06.187+0000] {processor.py:157} INFO - Started process (PID=1205) to work on /home/airflow/.local/lib/python3.8/site-packages/airflow/example_dags/example_branch_python_dop_operator_3.py
[2023-11-18T11:43:06.188+0000] {processor.py:829} INFO - Processing file /home/airflow/.local/lib/python3.8/site-packages/airflow/example_dags/example_branch_python_dop_operator_3.py for tasks to queue
[2023-11-18T11:43:06.190+0000] {logging_mixin.py:154} INFO - [2023-11-18T11:43:06.190+0000] {dagbag.py:536} INFO - Filling up the DagBag from /home/airflow/.local/lib/python3.8/site-packages/airflow/example_dags/example_branch_python_dop_operator_3.py
[2023-11-18T11:43:06.200+0000] {processor.py:839} INFO - DAG(s) dict_keys(['example_branch_dop_operator_v3']) retrieved from /home/airflow/.local/lib/python3.8/site-packages/airflow/example_dags/example_branch_python_dop_operator_3.py
[2023-11-18T11:43:06.221+0000] {logging_mixin.py:154} INFO - [2023-11-18T11:43:06.220+0000] {dag.py:2941} INFO - Sync 1 DAGs
[2023-11-18T11:43:06.240+0000] {logging_mixin.py:154} INFO - [2023-11-18T11:43:06.240+0000] {dag.py:3722} INFO - Setting next_dagrun for example_branch_dop_operator_v3 to 2023-11-18T11:42:00+00:00, run_after=2023-11-18T11:43:00+00:00
[2023-11-18T11:43:06.252+0000] {processor.py:179} INFO - Processing /home/airflow/.local/lib/python3.8/site-packages/airflow/example_dags/example_branch_python_dop_operator_3.py took 0.068 seconds
[2023-11-18T11:43:36.319+0000] {processor.py:157} INFO - Started process (PID=1260) to work on /home/airflow/.local/lib/python3.8/site-packages/airflow/example_dags/example_branch_python_dop_operator_3.py
[2023-11-18T11:43:36.321+0000] {processor.py:829} INFO - Processing file /home/airflow/.local/lib/python3.8/site-packages/airflow/example_dags/example_branch_python_dop_operator_3.py for tasks to queue
[2023-11-18T11:43:36.323+0000] {logging_mixin.py:154} INFO - [2023-11-18T11:43:36.323+0000] {dagbag.py:536} INFO - Filling up the DagBag from /home/airflow/.local/lib/python3.8/site-packages/airflow/example_dags/example_branch_python_dop_operator_3.py
[2023-11-18T11:43:36.333+0000] {processor.py:839} INFO - DAG(s) dict_keys(['example_branch_dop_operator_v3']) retrieved from /home/airflow/.local/lib/python3.8/site-packages/airflow/example_dags/example_branch_python_dop_operator_3.py
[2023-11-18T11:43:36.349+0000] {logging_mixin.py:154} INFO - [2023-11-18T11:43:36.349+0000] {dag.py:2941} INFO - Sync 1 DAGs
[2023-11-18T11:43:36.364+0000] {logging_mixin.py:154} INFO - [2023-11-18T11:43:36.364+0000] {dag.py:3722} INFO - Setting next_dagrun for example_branch_dop_operator_v3 to 2023-11-18T11:42:00+00:00, run_after=2023-11-18T11:43:00+00:00
[2023-11-18T11:43:36.372+0000] {processor.py:179} INFO - Processing /home/airflow/.local/lib/python3.8/site-packages/airflow/example_dags/example_branch_python_dop_operator_3.py took 0.057 seconds
[2023-11-18T11:44:06.509+0000] {processor.py:157} INFO - Started process (PID=1315) to work on /home/airflow/.local/lib/python3.8/site-packages/airflow/example_dags/example_branch_python_dop_operator_3.py
[2023-11-18T11:44:06.512+0000] {processor.py:829} INFO - Processing file /home/airflow/.local/lib/python3.8/site-packages/airflow/example_dags/example_branch_python_dop_operator_3.py for tasks to queue
[2023-11-18T11:44:06.516+0000] {logging_mixin.py:154} INFO - [2023-11-18T11:44:06.516+0000] {dagbag.py:536} INFO - Filling up the DagBag from /home/airflow/.local/lib/python3.8/site-packages/airflow/example_dags/example_branch_python_dop_operator_3.py
[2023-11-18T11:44:06.526+0000] {processor.py:839} INFO - DAG(s) dict_keys(['example_branch_dop_operator_v3']) retrieved from /home/airflow/.local/lib/python3.8/site-packages/airflow/example_dags/example_branch_python_dop_operator_3.py
[2023-11-18T11:44:06.549+0000] {logging_mixin.py:154} INFO - [2023-11-18T11:44:06.549+0000] {dag.py:2941} INFO - Sync 1 DAGs
[2023-11-18T11:44:06.574+0000] {logging_mixin.py:154} INFO - [2023-11-18T11:44:06.574+0000] {dag.py:3722} INFO - Setting next_dagrun for example_branch_dop_operator_v3 to 2023-11-18T11:43:00+00:00, run_after=2023-11-18T11:44:00+00:00
[2023-11-18T11:44:06.585+0000] {processor.py:179} INFO - Processing /home/airflow/.local/lib/python3.8/site-packages/airflow/example_dags/example_branch_python_dop_operator_3.py took 0.082 seconds
[2023-11-18T11:44:37.056+0000] {processor.py:157} INFO - Started process (PID=1382) to work on /home/airflow/.local/lib/python3.8/site-packages/airflow/example_dags/example_branch_python_dop_operator_3.py
[2023-11-18T11:44:37.057+0000] {processor.py:829} INFO - Processing file /home/airflow/.local/lib/python3.8/site-packages/airflow/example_dags/example_branch_python_dop_operator_3.py for tasks to queue
[2023-11-18T11:44:37.060+0000] {logging_mixin.py:154} INFO - [2023-11-18T11:44:37.059+0000] {dagbag.py:536} INFO - Filling up the DagBag from /home/airflow/.local/lib/python3.8/site-packages/airflow/example_dags/example_branch_python_dop_operator_3.py
[2023-11-18T11:44:37.069+0000] {processor.py:839} INFO - DAG(s) dict_keys(['example_branch_dop_operator_v3']) retrieved from /home/airflow/.local/lib/python3.8/site-packages/airflow/example_dags/example_branch_python_dop_operator_3.py
[2023-11-18T11:44:37.092+0000] {logging_mixin.py:154} INFO - [2023-11-18T11:44:37.092+0000] {dag.py:2941} INFO - Sync 1 DAGs
[2023-11-18T11:44:37.117+0000] {logging_mixin.py:154} INFO - [2023-11-18T11:44:37.117+0000] {dag.py:3722} INFO - Setting next_dagrun for example_branch_dop_operator_v3 to 2023-11-18T11:43:00+00:00, run_after=2023-11-18T11:44:00+00:00
[2023-11-18T11:44:37.128+0000] {processor.py:179} INFO - Processing /home/airflow/.local/lib/python3.8/site-packages/airflow/example_dags/example_branch_python_dop_operator_3.py took 0.076 seconds
[2023-11-18T11:45:07.523+0000] {processor.py:157} INFO - Started process (PID=1443) to work on /home/airflow/.local/lib/python3.8/site-packages/airflow/example_dags/example_branch_python_dop_operator_3.py
[2023-11-18T11:45:07.524+0000] {processor.py:829} INFO - Processing file /home/airflow/.local/lib/python3.8/site-packages/airflow/example_dags/example_branch_python_dop_operator_3.py for tasks to queue
[2023-11-18T11:45:07.526+0000] {logging_mixin.py:154} INFO - [2023-11-18T11:45:07.526+0000] {dagbag.py:536} INFO - Filling up the DagBag from /home/airflow/.local/lib/python3.8/site-packages/airflow/example_dags/example_branch_python_dop_operator_3.py
[2023-11-18T11:45:07.533+0000] {processor.py:839} INFO - DAG(s) dict_keys(['example_branch_dop_operator_v3']) retrieved from /home/airflow/.local/lib/python3.8/site-packages/airflow/example_dags/example_branch_python_dop_operator_3.py
[2023-11-18T11:45:07.545+0000] {logging_mixin.py:154} INFO - [2023-11-18T11:45:07.545+0000] {dag.py:2941} INFO - Sync 1 DAGs
[2023-11-18T11:45:07.559+0000] {logging_mixin.py:154} INFO - [2023-11-18T11:45:07.559+0000] {dag.py:3722} INFO - Setting next_dagrun for example_branch_dop_operator_v3 to 2023-11-18T11:44:00+00:00, run_after=2023-11-18T11:45:00+00:00
[2023-11-18T11:45:07.569+0000] {processor.py:179} INFO - Processing /home/airflow/.local/lib/python3.8/site-packages/airflow/example_dags/example_branch_python_dop_operator_3.py took 0.049 seconds
[2023-11-18T11:45:38.097+0000] {processor.py:157} INFO - Started process (PID=1504) to work on /home/airflow/.local/lib/python3.8/site-packages/airflow/example_dags/example_branch_python_dop_operator_3.py
[2023-11-18T11:45:38.099+0000] {processor.py:829} INFO - Processing file /home/airflow/.local/lib/python3.8/site-packages/airflow/example_dags/example_branch_python_dop_operator_3.py for tasks to queue
[2023-11-18T11:45:38.102+0000] {logging_mixin.py:154} INFO - [2023-11-18T11:45:38.101+0000] {dagbag.py:536} INFO - Filling up the DagBag from /home/airflow/.local/lib/python3.8/site-packages/airflow/example_dags/example_branch_python_dop_operator_3.py
[2023-11-18T11:45:38.114+0000] {processor.py:839} INFO - DAG(s) dict_keys(['example_branch_dop_operator_v3']) retrieved from /home/airflow/.local/lib/python3.8/site-packages/airflow/example_dags/example_branch_python_dop_operator_3.py
[2023-11-18T11:45:38.130+0000] {logging_mixin.py:154} INFO - [2023-11-18T11:45:38.130+0000] {dag.py:2941} INFO - Sync 1 DAGs
[2023-11-18T11:45:38.144+0000] {logging_mixin.py:154} INFO - [2023-11-18T11:45:38.144+0000] {dag.py:3722} INFO - Setting next_dagrun for example_branch_dop_operator_v3 to 2023-11-18T11:44:00+00:00, run_after=2023-11-18T11:45:00+00:00
[2023-11-18T11:45:38.153+0000] {processor.py:179} INFO - Processing /home/airflow/.local/lib/python3.8/site-packages/airflow/example_dags/example_branch_python_dop_operator_3.py took 0.061 seconds
[2023-11-18T11:46:08.319+0000] {processor.py:157} INFO - Started process (PID=1560) to work on /home/airflow/.local/lib/python3.8/site-packages/airflow/example_dags/example_branch_python_dop_operator_3.py
[2023-11-18T11:46:08.320+0000] {processor.py:829} INFO - Processing file /home/airflow/.local/lib/python3.8/site-packages/airflow/example_dags/example_branch_python_dop_operator_3.py for tasks to queue
[2023-11-18T11:46:08.322+0000] {logging_mixin.py:154} INFO - [2023-11-18T11:46:08.322+0000] {dagbag.py:536} INFO - Filling up the DagBag from /home/airflow/.local/lib/python3.8/site-packages/airflow/example_dags/example_branch_python_dop_operator_3.py
[2023-11-18T11:46:08.329+0000] {processor.py:839} INFO - DAG(s) dict_keys(['example_branch_dop_operator_v3']) retrieved from /home/airflow/.local/lib/python3.8/site-packages/airflow/example_dags/example_branch_python_dop_operator_3.py
[2023-11-18T11:46:08.353+0000] {logging_mixin.py:154} INFO - [2023-11-18T11:46:08.353+0000] {dag.py:2941} INFO - Sync 1 DAGs
[2023-11-18T11:46:08.376+0000] {logging_mixin.py:154} INFO - [2023-11-18T11:46:08.376+0000] {dag.py:3722} INFO - Setting next_dagrun for example_branch_dop_operator_v3 to 2023-11-18T11:45:00+00:00, run_after=2023-11-18T11:46:00+00:00
[2023-11-18T11:46:08.388+0000] {processor.py:179} INFO - Processing /home/airflow/.local/lib/python3.8/site-packages/airflow/example_dags/example_branch_python_dop_operator_3.py took 0.073 seconds
[2023-11-18T11:46:38.941+0000] {processor.py:157} INFO - Started process (PID=1619) to work on /home/airflow/.local/lib/python3.8/site-packages/airflow/example_dags/example_branch_python_dop_operator_3.py
[2023-11-18T11:46:38.943+0000] {processor.py:829} INFO - Processing file /home/airflow/.local/lib/python3.8/site-packages/airflow/example_dags/example_branch_python_dop_operator_3.py for tasks to queue
[2023-11-18T11:46:38.945+0000] {logging_mixin.py:154} INFO - [2023-11-18T11:46:38.945+0000] {dagbag.py:536} INFO - Filling up the DagBag from /home/airflow/.local/lib/python3.8/site-packages/airflow/example_dags/example_branch_python_dop_operator_3.py
[2023-11-18T11:46:38.952+0000] {processor.py:839} INFO - DAG(s) dict_keys(['example_branch_dop_operator_v3']) retrieved from /home/airflow/.local/lib/python3.8/site-packages/airflow/example_dags/example_branch_python_dop_operator_3.py
[2023-11-18T11:46:38.972+0000] {logging_mixin.py:154} INFO - [2023-11-18T11:46:38.972+0000] {dag.py:2941} INFO - Sync 1 DAGs
[2023-11-18T11:46:38.997+0000] {logging_mixin.py:154} INFO - [2023-11-18T11:46:38.997+0000] {dag.py:3722} INFO - Setting next_dagrun for example_branch_dop_operator_v3 to 2023-11-18T11:45:00+00:00, run_after=2023-11-18T11:46:00+00:00
[2023-11-18T11:46:39.011+0000] {processor.py:179} INFO - Processing /home/airflow/.local/lib/python3.8/site-packages/airflow/example_dags/example_branch_python_dop_operator_3.py took 0.072 seconds
