[2023-11-18T11:32:28.624+0000] {processor.py:157} INFO - Started process (PID=54) to work on /home/airflow/.local/lib/python3.8/site-packages/airflow/example_dags/example_datasets.py
[2023-11-18T11:32:28.629+0000] {processor.py:829} INFO - Processing file /home/airflow/.local/lib/python3.8/site-packages/airflow/example_dags/example_datasets.py for tasks to queue
[2023-11-18T11:32:28.680+0000] {logging_mixin.py:154} INFO - [2023-11-18T11:32:28.675+0000] {dagbag.py:536} INFO - Filling up the DagBag from /home/airflow/.local/lib/python3.8/site-packages/airflow/example_dags/example_datasets.py
[2023-11-18T11:32:28.774+0000] {processor.py:839} INFO - DAG(s) dict_keys(['dataset_consumes_unknown_never_scheduled', 'dataset_consumes_1', 'dataset_produces_2', 'dataset_consumes_1_and_2', 'dataset_consumes_1_never_scheduled', 'dataset_produces_1']) retrieved from /home/airflow/.local/lib/python3.8/site-packages/airflow/example_dags/example_datasets.py
[2023-11-18T11:32:29.036+0000] {logging_mixin.py:154} INFO - [2023-11-18T11:32:29.036+0000] {dag.py:2941} INFO - Sync 6 DAGs
[2023-11-18T11:32:29.247+0000] {logging_mixin.py:154} INFO - [2023-11-18T11:32:29.246+0000] {dag.py:3722} INFO - Setting next_dagrun for dataset_consumes_1 to None, run_after=None
[2023-11-18T11:32:29.269+0000] {logging_mixin.py:154} INFO - [2023-11-18T11:32:29.269+0000] {dag.py:3722} INFO - Setting next_dagrun for dataset_consumes_1_and_2 to None, run_after=None
[2023-11-18T11:32:29.273+0000] {logging_mixin.py:154} INFO - [2023-11-18T11:32:29.273+0000] {dag.py:3722} INFO - Setting next_dagrun for dataset_consumes_1_never_scheduled to None, run_after=None
[2023-11-18T11:32:29.282+0000] {logging_mixin.py:154} INFO - [2023-11-18T11:32:29.276+0000] {dag.py:3722} INFO - Setting next_dagrun for dataset_consumes_unknown_never_scheduled to None, run_after=None
[2023-11-18T11:32:29.312+0000] {logging_mixin.py:154} INFO - [2023-11-18T11:32:29.312+0000] {dag.py:3722} INFO - Setting next_dagrun for dataset_produces_1 to 2023-11-17T00:00:00+00:00, run_after=2023-11-18T00:00:00+00:00
[2023-11-18T11:32:29.319+0000] {logging_mixin.py:154} INFO - [2023-11-18T11:32:29.318+0000] {dag.py:3722} INFO - Setting next_dagrun for dataset_produces_2 to None, run_after=None
[2023-11-18T11:32:29.443+0000] {processor.py:179} INFO - Processing /home/airflow/.local/lib/python3.8/site-packages/airflow/example_dags/example_datasets.py took 0.831 seconds
[2023-11-18T11:32:59.685+0000] {processor.py:157} INFO - Started process (PID=110) to work on /home/airflow/.local/lib/python3.8/site-packages/airflow/example_dags/example_datasets.py
[2023-11-18T11:32:59.687+0000] {processor.py:829} INFO - Processing file /home/airflow/.local/lib/python3.8/site-packages/airflow/example_dags/example_datasets.py for tasks to queue
[2023-11-18T11:32:59.690+0000] {logging_mixin.py:154} INFO - [2023-11-18T11:32:59.689+0000] {dagbag.py:536} INFO - Filling up the DagBag from /home/airflow/.local/lib/python3.8/site-packages/airflow/example_dags/example_datasets.py
[2023-11-18T11:32:59.707+0000] {processor.py:839} INFO - DAG(s) dict_keys(['dataset_produces_1', 'dataset_consumes_1_and_2', 'dataset_consumes_1', 'dataset_consumes_unknown_never_scheduled', 'dataset_consumes_1_never_scheduled', 'dataset_produces_2']) retrieved from /home/airflow/.local/lib/python3.8/site-packages/airflow/example_dags/example_datasets.py
[2023-11-18T11:32:59.747+0000] {logging_mixin.py:154} INFO - [2023-11-18T11:32:59.747+0000] {dag.py:2941} INFO - Sync 6 DAGs
[2023-11-18T11:32:59.778+0000] {logging_mixin.py:154} INFO - [2023-11-18T11:32:59.778+0000] {dag.py:3722} INFO - Setting next_dagrun for dataset_consumes_1 to None, run_after=None
[2023-11-18T11:32:59.783+0000] {logging_mixin.py:154} INFO - [2023-11-18T11:32:59.783+0000] {dag.py:3722} INFO - Setting next_dagrun for dataset_consumes_1_and_2 to None, run_after=None
[2023-11-18T11:32:59.785+0000] {logging_mixin.py:154} INFO - [2023-11-18T11:32:59.785+0000] {dag.py:3722} INFO - Setting next_dagrun for dataset_consumes_1_never_scheduled to None, run_after=None
[2023-11-18T11:32:59.787+0000] {logging_mixin.py:154} INFO - [2023-11-18T11:32:59.787+0000] {dag.py:3722} INFO - Setting next_dagrun for dataset_consumes_unknown_never_scheduled to None, run_after=None
[2023-11-18T11:32:59.792+0000] {logging_mixin.py:154} INFO - [2023-11-18T11:32:59.792+0000] {dag.py:3722} INFO - Setting next_dagrun for dataset_produces_1 to 2023-11-17T00:00:00+00:00, run_after=2023-11-18T00:00:00+00:00
[2023-11-18T11:32:59.793+0000] {logging_mixin.py:154} INFO - [2023-11-18T11:32:59.793+0000] {dag.py:3722} INFO - Setting next_dagrun for dataset_produces_2 to None, run_after=None
[2023-11-18T11:32:59.849+0000] {processor.py:179} INFO - Processing /home/airflow/.local/lib/python3.8/site-packages/airflow/example_dags/example_datasets.py took 0.168 seconds
[2023-11-18T11:33:29.950+0000] {processor.py:157} INFO - Started process (PID=166) to work on /home/airflow/.local/lib/python3.8/site-packages/airflow/example_dags/example_datasets.py
[2023-11-18T11:33:29.952+0000] {processor.py:829} INFO - Processing file /home/airflow/.local/lib/python3.8/site-packages/airflow/example_dags/example_datasets.py for tasks to queue
[2023-11-18T11:33:29.954+0000] {logging_mixin.py:154} INFO - [2023-11-18T11:33:29.954+0000] {dagbag.py:536} INFO - Filling up the DagBag from /home/airflow/.local/lib/python3.8/site-packages/airflow/example_dags/example_datasets.py
[2023-11-18T11:33:29.965+0000] {processor.py:839} INFO - DAG(s) dict_keys(['dataset_consumes_1', 'dataset_consumes_1_and_2', 'dataset_produces_2', 'dataset_produces_1', 'dataset_consumes_1_never_scheduled', 'dataset_consumes_unknown_never_scheduled']) retrieved from /home/airflow/.local/lib/python3.8/site-packages/airflow/example_dags/example_datasets.py
[2023-11-18T11:33:29.993+0000] {logging_mixin.py:154} INFO - [2023-11-18T11:33:29.993+0000] {dag.py:2941} INFO - Sync 6 DAGs
[2023-11-18T11:33:30.013+0000] {logging_mixin.py:154} INFO - [2023-11-18T11:33:30.013+0000] {dag.py:3722} INFO - Setting next_dagrun for dataset_consumes_1 to None, run_after=None
[2023-11-18T11:33:30.019+0000] {logging_mixin.py:154} INFO - [2023-11-18T11:33:30.019+0000] {dag.py:3722} INFO - Setting next_dagrun for dataset_consumes_1_and_2 to None, run_after=None
[2023-11-18T11:33:30.021+0000] {logging_mixin.py:154} INFO - [2023-11-18T11:33:30.021+0000] {dag.py:3722} INFO - Setting next_dagrun for dataset_consumes_1_never_scheduled to None, run_after=None
[2023-11-18T11:33:30.022+0000] {logging_mixin.py:154} INFO - [2023-11-18T11:33:30.022+0000] {dag.py:3722} INFO - Setting next_dagrun for dataset_consumes_unknown_never_scheduled to None, run_after=None
[2023-11-18T11:33:30.024+0000] {logging_mixin.py:154} INFO - [2023-11-18T11:33:30.023+0000] {dag.py:3722} INFO - Setting next_dagrun for dataset_produces_1 to 2023-11-17T00:00:00+00:00, run_after=2023-11-18T00:00:00+00:00
[2023-11-18T11:33:30.024+0000] {logging_mixin.py:154} INFO - [2023-11-18T11:33:30.024+0000] {dag.py:3722} INFO - Setting next_dagrun for dataset_produces_2 to None, run_after=None
[2023-11-18T11:33:30.048+0000] {processor.py:179} INFO - Processing /home/airflow/.local/lib/python3.8/site-packages/airflow/example_dags/example_datasets.py took 0.101 seconds
[2023-11-18T11:34:00.092+0000] {processor.py:157} INFO - Started process (PID=221) to work on /home/airflow/.local/lib/python3.8/site-packages/airflow/example_dags/example_datasets.py
[2023-11-18T11:34:00.095+0000] {processor.py:829} INFO - Processing file /home/airflow/.local/lib/python3.8/site-packages/airflow/example_dags/example_datasets.py for tasks to queue
[2023-11-18T11:34:00.098+0000] {logging_mixin.py:154} INFO - [2023-11-18T11:34:00.097+0000] {dagbag.py:536} INFO - Filling up the DagBag from /home/airflow/.local/lib/python3.8/site-packages/airflow/example_dags/example_datasets.py
[2023-11-18T11:34:00.104+0000] {processor.py:839} INFO - DAG(s) dict_keys(['dataset_consumes_1', 'dataset_produces_2', 'dataset_consumes_1_and_2', 'dataset_produces_1', 'dataset_consumes_1_never_scheduled', 'dataset_consumes_unknown_never_scheduled']) retrieved from /home/airflow/.local/lib/python3.8/site-packages/airflow/example_dags/example_datasets.py
[2023-11-18T11:34:00.124+0000] {logging_mixin.py:154} INFO - [2023-11-18T11:34:00.124+0000] {dag.py:2941} INFO - Sync 6 DAGs
[2023-11-18T11:34:00.136+0000] {logging_mixin.py:154} INFO - [2023-11-18T11:34:00.136+0000] {dag.py:3722} INFO - Setting next_dagrun for dataset_consumes_1 to None, run_after=None
[2023-11-18T11:34:00.139+0000] {logging_mixin.py:154} INFO - [2023-11-18T11:34:00.139+0000] {dag.py:3722} INFO - Setting next_dagrun for dataset_consumes_1_and_2 to None, run_after=None
[2023-11-18T11:34:00.140+0000] {logging_mixin.py:154} INFO - [2023-11-18T11:34:00.139+0000] {dag.py:3722} INFO - Setting next_dagrun for dataset_consumes_1_never_scheduled to None, run_after=None
[2023-11-18T11:34:00.140+0000] {logging_mixin.py:154} INFO - [2023-11-18T11:34:00.140+0000] {dag.py:3722} INFO - Setting next_dagrun for dataset_consumes_unknown_never_scheduled to None, run_after=None
[2023-11-18T11:34:00.142+0000] {logging_mixin.py:154} INFO - [2023-11-18T11:34:00.142+0000] {dag.py:3722} INFO - Setting next_dagrun for dataset_produces_1 to 2023-11-17T00:00:00+00:00, run_after=2023-11-18T00:00:00+00:00
[2023-11-18T11:34:00.143+0000] {logging_mixin.py:154} INFO - [2023-11-18T11:34:00.143+0000] {dag.py:3722} INFO - Setting next_dagrun for dataset_produces_2 to None, run_after=None
[2023-11-18T11:34:00.162+0000] {processor.py:179} INFO - Processing /home/airflow/.local/lib/python3.8/site-packages/airflow/example_dags/example_datasets.py took 0.077 seconds
[2023-11-18T11:34:30.900+0000] {processor.py:157} INFO - Started process (PID=274) to work on /home/airflow/.local/lib/python3.8/site-packages/airflow/example_dags/example_datasets.py
[2023-11-18T11:34:30.903+0000] {processor.py:829} INFO - Processing file /home/airflow/.local/lib/python3.8/site-packages/airflow/example_dags/example_datasets.py for tasks to queue
[2023-11-18T11:34:30.907+0000] {logging_mixin.py:154} INFO - [2023-11-18T11:34:30.907+0000] {dagbag.py:536} INFO - Filling up the DagBag from /home/airflow/.local/lib/python3.8/site-packages/airflow/example_dags/example_datasets.py
[2023-11-18T11:34:30.926+0000] {processor.py:839} INFO - DAG(s) dict_keys(['dataset_consumes_1_and_2', 'dataset_consumes_1', 'dataset_produces_1', 'dataset_consumes_unknown_never_scheduled', 'dataset_consumes_1_never_scheduled', 'dataset_produces_2']) retrieved from /home/airflow/.local/lib/python3.8/site-packages/airflow/example_dags/example_datasets.py
[2023-11-18T11:34:30.970+0000] {logging_mixin.py:154} INFO - [2023-11-18T11:34:30.970+0000] {dag.py:2941} INFO - Sync 6 DAGs
[2023-11-18T11:34:30.992+0000] {logging_mixin.py:154} INFO - [2023-11-18T11:34:30.992+0000] {dag.py:3722} INFO - Setting next_dagrun for dataset_consumes_1 to None, run_after=None
[2023-11-18T11:34:30.998+0000] {logging_mixin.py:154} INFO - [2023-11-18T11:34:30.998+0000] {dag.py:3722} INFO - Setting next_dagrun for dataset_consumes_1_and_2 to None, run_after=None
[2023-11-18T11:34:31.002+0000] {logging_mixin.py:154} INFO - [2023-11-18T11:34:31.002+0000] {dag.py:3722} INFO - Setting next_dagrun for dataset_consumes_1_never_scheduled to None, run_after=None
[2023-11-18T11:34:31.004+0000] {logging_mixin.py:154} INFO - [2023-11-18T11:34:31.004+0000] {dag.py:3722} INFO - Setting next_dagrun for dataset_consumes_unknown_never_scheduled to None, run_after=None
[2023-11-18T11:34:31.007+0000] {logging_mixin.py:154} INFO - [2023-11-18T11:34:31.006+0000] {dag.py:3722} INFO - Setting next_dagrun for dataset_produces_1 to 2023-11-17T00:00:00+00:00, run_after=2023-11-18T00:00:00+00:00
[2023-11-18T11:34:31.008+0000] {logging_mixin.py:154} INFO - [2023-11-18T11:34:31.008+0000] {dag.py:3722} INFO - Setting next_dagrun for dataset_produces_2 to None, run_after=None
[2023-11-18T11:34:31.083+0000] {processor.py:179} INFO - Processing /home/airflow/.local/lib/python3.8/site-packages/airflow/example_dags/example_datasets.py took 0.190 seconds
[2023-11-18T11:35:01.123+0000] {processor.py:157} INFO - Started process (PID=329) to work on /home/airflow/.local/lib/python3.8/site-packages/airflow/example_dags/example_datasets.py
[2023-11-18T11:35:01.123+0000] {processor.py:829} INFO - Processing file /home/airflow/.local/lib/python3.8/site-packages/airflow/example_dags/example_datasets.py for tasks to queue
[2023-11-18T11:35:01.125+0000] {logging_mixin.py:154} INFO - [2023-11-18T11:35:01.124+0000] {dagbag.py:536} INFO - Filling up the DagBag from /home/airflow/.local/lib/python3.8/site-packages/airflow/example_dags/example_datasets.py
[2023-11-18T11:35:01.130+0000] {processor.py:839} INFO - DAG(s) dict_keys(['dataset_consumes_unknown_never_scheduled', 'dataset_consumes_1_never_scheduled', 'dataset_consumes_1', 'dataset_produces_2', 'dataset_produces_1', 'dataset_consumes_1_and_2']) retrieved from /home/airflow/.local/lib/python3.8/site-packages/airflow/example_dags/example_datasets.py
[2023-11-18T11:35:01.146+0000] {logging_mixin.py:154} INFO - [2023-11-18T11:35:01.146+0000] {dag.py:2941} INFO - Sync 6 DAGs
[2023-11-18T11:35:01.157+0000] {logging_mixin.py:154} INFO - [2023-11-18T11:35:01.157+0000] {dag.py:3722} INFO - Setting next_dagrun for dataset_consumes_1 to None, run_after=None
[2023-11-18T11:35:01.158+0000] {logging_mixin.py:154} INFO - [2023-11-18T11:35:01.158+0000] {dag.py:3722} INFO - Setting next_dagrun for dataset_consumes_1_and_2 to None, run_after=None
[2023-11-18T11:35:01.159+0000] {logging_mixin.py:154} INFO - [2023-11-18T11:35:01.159+0000] {dag.py:3722} INFO - Setting next_dagrun for dataset_consumes_1_never_scheduled to None, run_after=None
[2023-11-18T11:35:01.159+0000] {logging_mixin.py:154} INFO - [2023-11-18T11:35:01.159+0000] {dag.py:3722} INFO - Setting next_dagrun for dataset_consumes_unknown_never_scheduled to None, run_after=None
[2023-11-18T11:35:01.161+0000] {logging_mixin.py:154} INFO - [2023-11-18T11:35:01.161+0000] {dag.py:3722} INFO - Setting next_dagrun for dataset_produces_1 to 2023-11-17T00:00:00+00:00, run_after=2023-11-18T00:00:00+00:00
[2023-11-18T11:35:01.161+0000] {logging_mixin.py:154} INFO - [2023-11-18T11:35:01.161+0000] {dag.py:3722} INFO - Setting next_dagrun for dataset_produces_2 to None, run_after=None
[2023-11-18T11:35:01.175+0000] {processor.py:179} INFO - Processing /home/airflow/.local/lib/python3.8/site-packages/airflow/example_dags/example_datasets.py took 0.054 seconds
[2023-11-18T11:35:31.799+0000] {processor.py:157} INFO - Started process (PID=385) to work on /home/airflow/.local/lib/python3.8/site-packages/airflow/example_dags/example_datasets.py
[2023-11-18T11:35:31.800+0000] {processor.py:829} INFO - Processing file /home/airflow/.local/lib/python3.8/site-packages/airflow/example_dags/example_datasets.py for tasks to queue
[2023-11-18T11:35:31.802+0000] {logging_mixin.py:154} INFO - [2023-11-18T11:35:31.802+0000] {dagbag.py:536} INFO - Filling up the DagBag from /home/airflow/.local/lib/python3.8/site-packages/airflow/example_dags/example_datasets.py
[2023-11-18T11:35:31.808+0000] {processor.py:839} INFO - DAG(s) dict_keys(['dataset_consumes_1_never_scheduled', 'dataset_consumes_1', 'dataset_produces_1', 'dataset_consumes_1_and_2', 'dataset_consumes_unknown_never_scheduled', 'dataset_produces_2']) retrieved from /home/airflow/.local/lib/python3.8/site-packages/airflow/example_dags/example_datasets.py
[2023-11-18T11:35:31.828+0000] {logging_mixin.py:154} INFO - [2023-11-18T11:35:31.828+0000] {dag.py:2941} INFO - Sync 6 DAGs
[2023-11-18T11:35:31.841+0000] {logging_mixin.py:154} INFO - [2023-11-18T11:35:31.841+0000] {dag.py:3722} INFO - Setting next_dagrun for dataset_consumes_1 to None, run_after=None
[2023-11-18T11:35:31.842+0000] {logging_mixin.py:154} INFO - [2023-11-18T11:35:31.842+0000] {dag.py:3722} INFO - Setting next_dagrun for dataset_consumes_1_and_2 to None, run_after=None
[2023-11-18T11:35:31.843+0000] {logging_mixin.py:154} INFO - [2023-11-18T11:35:31.843+0000] {dag.py:3722} INFO - Setting next_dagrun for dataset_consumes_1_never_scheduled to None, run_after=None
[2023-11-18T11:35:31.844+0000] {logging_mixin.py:154} INFO - [2023-11-18T11:35:31.844+0000] {dag.py:3722} INFO - Setting next_dagrun for dataset_consumes_unknown_never_scheduled to None, run_after=None
[2023-11-18T11:35:31.845+0000] {logging_mixin.py:154} INFO - [2023-11-18T11:35:31.845+0000] {dag.py:3722} INFO - Setting next_dagrun for dataset_produces_1 to 2023-11-17T00:00:00+00:00, run_after=2023-11-18T00:00:00+00:00
[2023-11-18T11:35:31.846+0000] {logging_mixin.py:154} INFO - [2023-11-18T11:35:31.845+0000] {dag.py:3722} INFO - Setting next_dagrun for dataset_produces_2 to None, run_after=None
[2023-11-18T11:35:31.860+0000] {processor.py:179} INFO - Processing /home/airflow/.local/lib/python3.8/site-packages/airflow/example_dags/example_datasets.py took 0.063 seconds
[2023-11-18T11:36:02.139+0000] {processor.py:157} INFO - Started process (PID=440) to work on /home/airflow/.local/lib/python3.8/site-packages/airflow/example_dags/example_datasets.py
[2023-11-18T11:36:02.144+0000] {processor.py:829} INFO - Processing file /home/airflow/.local/lib/python3.8/site-packages/airflow/example_dags/example_datasets.py for tasks to queue
[2023-11-18T11:36:02.148+0000] {logging_mixin.py:154} INFO - [2023-11-18T11:36:02.148+0000] {dagbag.py:536} INFO - Filling up the DagBag from /home/airflow/.local/lib/python3.8/site-packages/airflow/example_dags/example_datasets.py
[2023-11-18T11:36:02.156+0000] {processor.py:839} INFO - DAG(s) dict_keys(['dataset_produces_1', 'dataset_produces_2', 'dataset_consumes_1', 'dataset_consumes_1_never_scheduled', 'dataset_consumes_unknown_never_scheduled', 'dataset_consumes_1_and_2']) retrieved from /home/airflow/.local/lib/python3.8/site-packages/airflow/example_dags/example_datasets.py
[2023-11-18T11:36:02.190+0000] {logging_mixin.py:154} INFO - [2023-11-18T11:36:02.190+0000] {dag.py:2941} INFO - Sync 6 DAGs
[2023-11-18T11:36:02.206+0000] {logging_mixin.py:154} INFO - [2023-11-18T11:36:02.206+0000] {dag.py:3722} INFO - Setting next_dagrun for dataset_consumes_1 to None, run_after=None
[2023-11-18T11:36:02.208+0000] {logging_mixin.py:154} INFO - [2023-11-18T11:36:02.208+0000] {dag.py:3722} INFO - Setting next_dagrun for dataset_consumes_1_and_2 to None, run_after=None
[2023-11-18T11:36:02.210+0000] {logging_mixin.py:154} INFO - [2023-11-18T11:36:02.210+0000] {dag.py:3722} INFO - Setting next_dagrun for dataset_consumes_1_never_scheduled to None, run_after=None
[2023-11-18T11:36:02.211+0000] {logging_mixin.py:154} INFO - [2023-11-18T11:36:02.211+0000] {dag.py:3722} INFO - Setting next_dagrun for dataset_consumes_unknown_never_scheduled to None, run_after=None
[2023-11-18T11:36:02.213+0000] {logging_mixin.py:154} INFO - [2023-11-18T11:36:02.213+0000] {dag.py:3722} INFO - Setting next_dagrun for dataset_produces_1 to 2023-11-17T00:00:00+00:00, run_after=2023-11-18T00:00:00+00:00
[2023-11-18T11:36:02.214+0000] {logging_mixin.py:154} INFO - [2023-11-18T11:36:02.213+0000] {dag.py:3722} INFO - Setting next_dagrun for dataset_produces_2 to None, run_after=None
[2023-11-18T11:36:02.236+0000] {processor.py:179} INFO - Processing /home/airflow/.local/lib/python3.8/site-packages/airflow/example_dags/example_datasets.py took 0.101 seconds
[2023-11-18T11:36:32.349+0000] {processor.py:157} INFO - Started process (PID=495) to work on /home/airflow/.local/lib/python3.8/site-packages/airflow/example_dags/example_datasets.py
[2023-11-18T11:36:32.350+0000] {processor.py:829} INFO - Processing file /home/airflow/.local/lib/python3.8/site-packages/airflow/example_dags/example_datasets.py for tasks to queue
[2023-11-18T11:36:32.351+0000] {logging_mixin.py:154} INFO - [2023-11-18T11:36:32.351+0000] {dagbag.py:536} INFO - Filling up the DagBag from /home/airflow/.local/lib/python3.8/site-packages/airflow/example_dags/example_datasets.py
[2023-11-18T11:36:32.357+0000] {processor.py:839} INFO - DAG(s) dict_keys(['dataset_produces_2', 'dataset_consumes_1', 'dataset_consumes_unknown_never_scheduled', 'dataset_consumes_1_and_2', 'dataset_produces_1', 'dataset_consumes_1_never_scheduled']) retrieved from /home/airflow/.local/lib/python3.8/site-packages/airflow/example_dags/example_datasets.py
[2023-11-18T11:36:32.381+0000] {logging_mixin.py:154} INFO - [2023-11-18T11:36:32.381+0000] {dag.py:2941} INFO - Sync 6 DAGs
[2023-11-18T11:36:32.400+0000] {logging_mixin.py:154} INFO - [2023-11-18T11:36:32.400+0000] {dag.py:3722} INFO - Setting next_dagrun for dataset_consumes_1 to None, run_after=None
[2023-11-18T11:36:32.402+0000] {logging_mixin.py:154} INFO - [2023-11-18T11:36:32.402+0000] {dag.py:3722} INFO - Setting next_dagrun for dataset_consumes_1_and_2 to None, run_after=None
[2023-11-18T11:36:32.403+0000] {logging_mixin.py:154} INFO - [2023-11-18T11:36:32.403+0000] {dag.py:3722} INFO - Setting next_dagrun for dataset_consumes_1_never_scheduled to None, run_after=None
[2023-11-18T11:36:32.404+0000] {logging_mixin.py:154} INFO - [2023-11-18T11:36:32.404+0000] {dag.py:3722} INFO - Setting next_dagrun for dataset_consumes_unknown_never_scheduled to None, run_after=None
[2023-11-18T11:36:32.406+0000] {logging_mixin.py:154} INFO - [2023-11-18T11:36:32.406+0000] {dag.py:3722} INFO - Setting next_dagrun for dataset_produces_1 to 2023-11-17T00:00:00+00:00, run_after=2023-11-18T00:00:00+00:00
[2023-11-18T11:36:32.407+0000] {logging_mixin.py:154} INFO - [2023-11-18T11:36:32.406+0000] {dag.py:3722} INFO - Setting next_dagrun for dataset_produces_2 to None, run_after=None
[2023-11-18T11:36:32.431+0000] {processor.py:179} INFO - Processing /home/airflow/.local/lib/python3.8/site-packages/airflow/example_dags/example_datasets.py took 0.084 seconds
[2023-11-18T11:37:02.903+0000] {processor.py:157} INFO - Started process (PID=550) to work on /home/airflow/.local/lib/python3.8/site-packages/airflow/example_dags/example_datasets.py
[2023-11-18T11:37:02.905+0000] {processor.py:829} INFO - Processing file /home/airflow/.local/lib/python3.8/site-packages/airflow/example_dags/example_datasets.py for tasks to queue
[2023-11-18T11:37:02.906+0000] {logging_mixin.py:154} INFO - [2023-11-18T11:37:02.906+0000] {dagbag.py:536} INFO - Filling up the DagBag from /home/airflow/.local/lib/python3.8/site-packages/airflow/example_dags/example_datasets.py
[2023-11-18T11:37:02.916+0000] {processor.py:839} INFO - DAG(s) dict_keys(['dataset_consumes_1_and_2', 'dataset_produces_2', 'dataset_consumes_1', 'dataset_produces_1', 'dataset_consumes_1_never_scheduled', 'dataset_consumes_unknown_never_scheduled']) retrieved from /home/airflow/.local/lib/python3.8/site-packages/airflow/example_dags/example_datasets.py
[2023-11-18T11:37:02.954+0000] {logging_mixin.py:154} INFO - [2023-11-18T11:37:02.954+0000] {dag.py:2941} INFO - Sync 6 DAGs
[2023-11-18T11:37:02.969+0000] {logging_mixin.py:154} INFO - [2023-11-18T11:37:02.969+0000] {dag.py:3722} INFO - Setting next_dagrun for dataset_consumes_1 to None, run_after=None
[2023-11-18T11:37:02.972+0000] {logging_mixin.py:154} INFO - [2023-11-18T11:37:02.972+0000] {dag.py:3722} INFO - Setting next_dagrun for dataset_consumes_1_and_2 to None, run_after=None
[2023-11-18T11:37:02.973+0000] {logging_mixin.py:154} INFO - [2023-11-18T11:37:02.973+0000] {dag.py:3722} INFO - Setting next_dagrun for dataset_consumes_1_never_scheduled to None, run_after=None
[2023-11-18T11:37:02.973+0000] {logging_mixin.py:154} INFO - [2023-11-18T11:37:02.973+0000] {dag.py:3722} INFO - Setting next_dagrun for dataset_consumes_unknown_never_scheduled to None, run_after=None
[2023-11-18T11:37:02.975+0000] {logging_mixin.py:154} INFO - [2023-11-18T11:37:02.975+0000] {dag.py:3722} INFO - Setting next_dagrun for dataset_produces_1 to 2023-11-17T00:00:00+00:00, run_after=2023-11-18T00:00:00+00:00
[2023-11-18T11:37:02.976+0000] {logging_mixin.py:154} INFO - [2023-11-18T11:37:02.976+0000] {dag.py:3722} INFO - Setting next_dagrun for dataset_produces_2 to None, run_after=None
[2023-11-18T11:37:02.996+0000] {processor.py:179} INFO - Processing /home/airflow/.local/lib/python3.8/site-packages/airflow/example_dags/example_datasets.py took 0.095 seconds
[2023-11-18T11:37:33.823+0000] {processor.py:157} INFO - Started process (PID=605) to work on /home/airflow/.local/lib/python3.8/site-packages/airflow/example_dags/example_datasets.py
[2023-11-18T11:37:33.824+0000] {processor.py:829} INFO - Processing file /home/airflow/.local/lib/python3.8/site-packages/airflow/example_dags/example_datasets.py for tasks to queue
[2023-11-18T11:37:33.825+0000] {logging_mixin.py:154} INFO - [2023-11-18T11:37:33.825+0000] {dagbag.py:536} INFO - Filling up the DagBag from /home/airflow/.local/lib/python3.8/site-packages/airflow/example_dags/example_datasets.py
[2023-11-18T11:37:33.831+0000] {processor.py:839} INFO - DAG(s) dict_keys(['dataset_consumes_1_never_scheduled', 'dataset_produces_2', 'dataset_consumes_unknown_never_scheduled', 'dataset_consumes_1', 'dataset_consumes_1_and_2', 'dataset_produces_1']) retrieved from /home/airflow/.local/lib/python3.8/site-packages/airflow/example_dags/example_datasets.py
[2023-11-18T11:37:33.848+0000] {logging_mixin.py:154} INFO - [2023-11-18T11:37:33.848+0000] {dag.py:2941} INFO - Sync 6 DAGs
[2023-11-18T11:37:33.860+0000] {logging_mixin.py:154} INFO - [2023-11-18T11:37:33.860+0000] {dag.py:3722} INFO - Setting next_dagrun for dataset_consumes_1 to None, run_after=None
[2023-11-18T11:37:33.861+0000] {logging_mixin.py:154} INFO - [2023-11-18T11:37:33.861+0000] {dag.py:3722} INFO - Setting next_dagrun for dataset_consumes_1_and_2 to None, run_after=None
[2023-11-18T11:37:33.862+0000] {logging_mixin.py:154} INFO - [2023-11-18T11:37:33.862+0000] {dag.py:3722} INFO - Setting next_dagrun for dataset_consumes_1_never_scheduled to None, run_after=None
[2023-11-18T11:37:33.862+0000] {logging_mixin.py:154} INFO - [2023-11-18T11:37:33.862+0000] {dag.py:3722} INFO - Setting next_dagrun for dataset_consumes_unknown_never_scheduled to None, run_after=None
[2023-11-18T11:37:33.864+0000] {logging_mixin.py:154} INFO - [2023-11-18T11:37:33.864+0000] {dag.py:3722} INFO - Setting next_dagrun for dataset_produces_1 to 2023-11-17T00:00:00+00:00, run_after=2023-11-18T00:00:00+00:00
[2023-11-18T11:37:33.864+0000] {logging_mixin.py:154} INFO - [2023-11-18T11:37:33.864+0000] {dag.py:3722} INFO - Setting next_dagrun for dataset_produces_2 to None, run_after=None
[2023-11-18T11:37:33.878+0000] {processor.py:179} INFO - Processing /home/airflow/.local/lib/python3.8/site-packages/airflow/example_dags/example_datasets.py took 0.057 seconds
[2023-11-18T11:38:03.952+0000] {processor.py:157} INFO - Started process (PID=660) to work on /home/airflow/.local/lib/python3.8/site-packages/airflow/example_dags/example_datasets.py
[2023-11-18T11:38:03.953+0000] {processor.py:829} INFO - Processing file /home/airflow/.local/lib/python3.8/site-packages/airflow/example_dags/example_datasets.py for tasks to queue
[2023-11-18T11:38:03.954+0000] {logging_mixin.py:154} INFO - [2023-11-18T11:38:03.954+0000] {dagbag.py:536} INFO - Filling up the DagBag from /home/airflow/.local/lib/python3.8/site-packages/airflow/example_dags/example_datasets.py
[2023-11-18T11:38:03.959+0000] {processor.py:839} INFO - DAG(s) dict_keys(['dataset_consumes_1', 'dataset_produces_1', 'dataset_consumes_1_and_2', 'dataset_produces_2', 'dataset_consumes_unknown_never_scheduled', 'dataset_consumes_1_never_scheduled']) retrieved from /home/airflow/.local/lib/python3.8/site-packages/airflow/example_dags/example_datasets.py
[2023-11-18T11:38:03.978+0000] {logging_mixin.py:154} INFO - [2023-11-18T11:38:03.977+0000] {dag.py:2941} INFO - Sync 6 DAGs
[2023-11-18T11:38:03.989+0000] {logging_mixin.py:154} INFO - [2023-11-18T11:38:03.989+0000] {dag.py:3722} INFO - Setting next_dagrun for dataset_consumes_1 to None, run_after=None
[2023-11-18T11:38:03.991+0000] {logging_mixin.py:154} INFO - [2023-11-18T11:38:03.991+0000] {dag.py:3722} INFO - Setting next_dagrun for dataset_consumes_1_and_2 to None, run_after=None
[2023-11-18T11:38:03.992+0000] {logging_mixin.py:154} INFO - [2023-11-18T11:38:03.991+0000] {dag.py:3722} INFO - Setting next_dagrun for dataset_consumes_1_never_scheduled to None, run_after=None
[2023-11-18T11:38:03.992+0000] {logging_mixin.py:154} INFO - [2023-11-18T11:38:03.992+0000] {dag.py:3722} INFO - Setting next_dagrun for dataset_consumes_unknown_never_scheduled to None, run_after=None
[2023-11-18T11:38:03.994+0000] {logging_mixin.py:154} INFO - [2023-11-18T11:38:03.994+0000] {dag.py:3722} INFO - Setting next_dagrun for dataset_produces_1 to 2023-11-17T00:00:00+00:00, run_after=2023-11-18T00:00:00+00:00
[2023-11-18T11:38:03.994+0000] {logging_mixin.py:154} INFO - [2023-11-18T11:38:03.994+0000] {dag.py:3722} INFO - Setting next_dagrun for dataset_produces_2 to None, run_after=None
[2023-11-18T11:38:04.008+0000] {processor.py:179} INFO - Processing /home/airflow/.local/lib/python3.8/site-packages/airflow/example_dags/example_datasets.py took 0.058 seconds
[2023-11-18T11:38:34.812+0000] {processor.py:157} INFO - Started process (PID=715) to work on /home/airflow/.local/lib/python3.8/site-packages/airflow/example_dags/example_datasets.py
[2023-11-18T11:38:34.813+0000] {processor.py:829} INFO - Processing file /home/airflow/.local/lib/python3.8/site-packages/airflow/example_dags/example_datasets.py for tasks to queue
[2023-11-18T11:38:34.814+0000] {logging_mixin.py:154} INFO - [2023-11-18T11:38:34.814+0000] {dagbag.py:536} INFO - Filling up the DagBag from /home/airflow/.local/lib/python3.8/site-packages/airflow/example_dags/example_datasets.py
[2023-11-18T11:38:34.819+0000] {processor.py:839} INFO - DAG(s) dict_keys(['dataset_produces_1', 'dataset_consumes_unknown_never_scheduled', 'dataset_consumes_1_never_scheduled', 'dataset_produces_2', 'dataset_consumes_1', 'dataset_consumes_1_and_2']) retrieved from /home/airflow/.local/lib/python3.8/site-packages/airflow/example_dags/example_datasets.py
[2023-11-18T11:38:34.837+0000] {logging_mixin.py:154} INFO - [2023-11-18T11:38:34.837+0000] {dag.py:2941} INFO - Sync 6 DAGs
[2023-11-18T11:38:34.848+0000] {logging_mixin.py:154} INFO - [2023-11-18T11:38:34.848+0000] {dag.py:3722} INFO - Setting next_dagrun for dataset_consumes_1 to None, run_after=None
[2023-11-18T11:38:34.850+0000] {logging_mixin.py:154} INFO - [2023-11-18T11:38:34.850+0000] {dag.py:3722} INFO - Setting next_dagrun for dataset_consumes_1_and_2 to None, run_after=None
[2023-11-18T11:38:34.850+0000] {logging_mixin.py:154} INFO - [2023-11-18T11:38:34.850+0000] {dag.py:3722} INFO - Setting next_dagrun for dataset_consumes_1_never_scheduled to None, run_after=None
[2023-11-18T11:38:34.851+0000] {logging_mixin.py:154} INFO - [2023-11-18T11:38:34.851+0000] {dag.py:3722} INFO - Setting next_dagrun for dataset_consumes_unknown_never_scheduled to None, run_after=None
[2023-11-18T11:38:34.852+0000] {logging_mixin.py:154} INFO - [2023-11-18T11:38:34.852+0000] {dag.py:3722} INFO - Setting next_dagrun for dataset_produces_1 to 2023-11-17T00:00:00+00:00, run_after=2023-11-18T00:00:00+00:00
[2023-11-18T11:38:34.853+0000] {logging_mixin.py:154} INFO - [2023-11-18T11:38:34.853+0000] {dag.py:3722} INFO - Setting next_dagrun for dataset_produces_2 to None, run_after=None
[2023-11-18T11:38:34.866+0000] {processor.py:179} INFO - Processing /home/airflow/.local/lib/python3.8/site-packages/airflow/example_dags/example_datasets.py took 0.056 seconds
[2023-11-18T11:39:05.089+0000] {processor.py:157} INFO - Started process (PID=770) to work on /home/airflow/.local/lib/python3.8/site-packages/airflow/example_dags/example_datasets.py
[2023-11-18T11:39:05.090+0000] {processor.py:829} INFO - Processing file /home/airflow/.local/lib/python3.8/site-packages/airflow/example_dags/example_datasets.py for tasks to queue
[2023-11-18T11:39:05.091+0000] {logging_mixin.py:154} INFO - [2023-11-18T11:39:05.091+0000] {dagbag.py:536} INFO - Filling up the DagBag from /home/airflow/.local/lib/python3.8/site-packages/airflow/example_dags/example_datasets.py
[2023-11-18T11:39:05.097+0000] {processor.py:839} INFO - DAG(s) dict_keys(['dataset_consumes_1_and_2', 'dataset_produces_2', 'dataset_consumes_1_never_scheduled', 'dataset_consumes_unknown_never_scheduled', 'dataset_produces_1', 'dataset_consumes_1']) retrieved from /home/airflow/.local/lib/python3.8/site-packages/airflow/example_dags/example_datasets.py
[2023-11-18T11:39:05.115+0000] {logging_mixin.py:154} INFO - [2023-11-18T11:39:05.115+0000] {dag.py:2941} INFO - Sync 6 DAGs
[2023-11-18T11:39:05.127+0000] {logging_mixin.py:154} INFO - [2023-11-18T11:39:05.127+0000] {dag.py:3722} INFO - Setting next_dagrun for dataset_consumes_1 to None, run_after=None
[2023-11-18T11:39:05.129+0000] {logging_mixin.py:154} INFO - [2023-11-18T11:39:05.129+0000] {dag.py:3722} INFO - Setting next_dagrun for dataset_consumes_1_and_2 to None, run_after=None
[2023-11-18T11:39:05.129+0000] {logging_mixin.py:154} INFO - [2023-11-18T11:39:05.129+0000] {dag.py:3722} INFO - Setting next_dagrun for dataset_consumes_1_never_scheduled to None, run_after=None
[2023-11-18T11:39:05.130+0000] {logging_mixin.py:154} INFO - [2023-11-18T11:39:05.130+0000] {dag.py:3722} INFO - Setting next_dagrun for dataset_consumes_unknown_never_scheduled to None, run_after=None
[2023-11-18T11:39:05.131+0000] {logging_mixin.py:154} INFO - [2023-11-18T11:39:05.131+0000] {dag.py:3722} INFO - Setting next_dagrun for dataset_produces_1 to 2023-11-17T00:00:00+00:00, run_after=2023-11-18T00:00:00+00:00
[2023-11-18T11:39:05.132+0000] {logging_mixin.py:154} INFO - [2023-11-18T11:39:05.132+0000] {dag.py:3722} INFO - Setting next_dagrun for dataset_produces_2 to None, run_after=None
[2023-11-18T11:39:05.146+0000] {processor.py:179} INFO - Processing /home/airflow/.local/lib/python3.8/site-packages/airflow/example_dags/example_datasets.py took 0.059 seconds
[2023-11-18T11:39:35.286+0000] {processor.py:157} INFO - Started process (PID=825) to work on /home/airflow/.local/lib/python3.8/site-packages/airflow/example_dags/example_datasets.py
[2023-11-18T11:39:35.286+0000] {processor.py:829} INFO - Processing file /home/airflow/.local/lib/python3.8/site-packages/airflow/example_dags/example_datasets.py for tasks to queue
[2023-11-18T11:39:35.288+0000] {logging_mixin.py:154} INFO - [2023-11-18T11:39:35.288+0000] {dagbag.py:536} INFO - Filling up the DagBag from /home/airflow/.local/lib/python3.8/site-packages/airflow/example_dags/example_datasets.py
[2023-11-18T11:39:35.293+0000] {processor.py:839} INFO - DAG(s) dict_keys(['dataset_consumes_1_never_scheduled', 'dataset_consumes_1', 'dataset_produces_1', 'dataset_consumes_1_and_2', 'dataset_produces_2', 'dataset_consumes_unknown_never_scheduled']) retrieved from /home/airflow/.local/lib/python3.8/site-packages/airflow/example_dags/example_datasets.py
[2023-11-18T11:39:35.311+0000] {logging_mixin.py:154} INFO - [2023-11-18T11:39:35.310+0000] {dag.py:2941} INFO - Sync 6 DAGs
[2023-11-18T11:39:35.321+0000] {logging_mixin.py:154} INFO - [2023-11-18T11:39:35.321+0000] {dag.py:3722} INFO - Setting next_dagrun for dataset_consumes_1 to None, run_after=None
[2023-11-18T11:39:35.323+0000] {logging_mixin.py:154} INFO - [2023-11-18T11:39:35.323+0000] {dag.py:3722} INFO - Setting next_dagrun for dataset_consumes_1_and_2 to None, run_after=None
[2023-11-18T11:39:35.324+0000] {logging_mixin.py:154} INFO - [2023-11-18T11:39:35.324+0000] {dag.py:3722} INFO - Setting next_dagrun for dataset_consumes_1_never_scheduled to None, run_after=None
[2023-11-18T11:39:35.324+0000] {logging_mixin.py:154} INFO - [2023-11-18T11:39:35.324+0000] {dag.py:3722} INFO - Setting next_dagrun for dataset_consumes_unknown_never_scheduled to None, run_after=None
[2023-11-18T11:39:35.326+0000] {logging_mixin.py:154} INFO - [2023-11-18T11:39:35.326+0000] {dag.py:3722} INFO - Setting next_dagrun for dataset_produces_1 to 2023-11-17T00:00:00+00:00, run_after=2023-11-18T00:00:00+00:00
[2023-11-18T11:39:35.326+0000] {logging_mixin.py:154} INFO - [2023-11-18T11:39:35.326+0000] {dag.py:3722} INFO - Setting next_dagrun for dataset_produces_2 to None, run_after=None
[2023-11-18T11:39:35.340+0000] {processor.py:179} INFO - Processing /home/airflow/.local/lib/python3.8/site-packages/airflow/example_dags/example_datasets.py took 0.056 seconds
[2023-11-18T11:40:05.522+0000] {processor.py:157} INFO - Started process (PID=880) to work on /home/airflow/.local/lib/python3.8/site-packages/airflow/example_dags/example_datasets.py
[2023-11-18T11:40:05.523+0000] {processor.py:829} INFO - Processing file /home/airflow/.local/lib/python3.8/site-packages/airflow/example_dags/example_datasets.py for tasks to queue
[2023-11-18T11:40:05.525+0000] {logging_mixin.py:154} INFO - [2023-11-18T11:40:05.525+0000] {dagbag.py:536} INFO - Filling up the DagBag from /home/airflow/.local/lib/python3.8/site-packages/airflow/example_dags/example_datasets.py
[2023-11-18T11:40:05.531+0000] {processor.py:839} INFO - DAG(s) dict_keys(['dataset_consumes_unknown_never_scheduled', 'dataset_consumes_1_and_2', 'dataset_consumes_1_never_scheduled', 'dataset_produces_2', 'dataset_produces_1', 'dataset_consumes_1']) retrieved from /home/airflow/.local/lib/python3.8/site-packages/airflow/example_dags/example_datasets.py
[2023-11-18T11:40:05.551+0000] {logging_mixin.py:154} INFO - [2023-11-18T11:40:05.551+0000] {dag.py:2941} INFO - Sync 6 DAGs
[2023-11-18T11:40:05.564+0000] {logging_mixin.py:154} INFO - [2023-11-18T11:40:05.564+0000] {dag.py:3722} INFO - Setting next_dagrun for dataset_consumes_1 to None, run_after=None
[2023-11-18T11:40:05.566+0000] {logging_mixin.py:154} INFO - [2023-11-18T11:40:05.566+0000] {dag.py:3722} INFO - Setting next_dagrun for dataset_consumes_1_and_2 to None, run_after=None
[2023-11-18T11:40:05.566+0000] {logging_mixin.py:154} INFO - [2023-11-18T11:40:05.566+0000] {dag.py:3722} INFO - Setting next_dagrun for dataset_consumes_1_never_scheduled to None, run_after=None
[2023-11-18T11:40:05.567+0000] {logging_mixin.py:154} INFO - [2023-11-18T11:40:05.567+0000] {dag.py:3722} INFO - Setting next_dagrun for dataset_consumes_unknown_never_scheduled to None, run_after=None
[2023-11-18T11:40:05.568+0000] {logging_mixin.py:154} INFO - [2023-11-18T11:40:05.568+0000] {dag.py:3722} INFO - Setting next_dagrun for dataset_produces_1 to 2023-11-17T00:00:00+00:00, run_after=2023-11-18T00:00:00+00:00
[2023-11-18T11:40:05.569+0000] {logging_mixin.py:154} INFO - [2023-11-18T11:40:05.569+0000] {dag.py:3722} INFO - Setting next_dagrun for dataset_produces_2 to None, run_after=None
[2023-11-18T11:40:05.583+0000] {processor.py:179} INFO - Processing /home/airflow/.local/lib/python3.8/site-packages/airflow/example_dags/example_datasets.py took 0.064 seconds
[2023-11-18T11:40:36.293+0000] {processor.py:157} INFO - Started process (PID=935) to work on /home/airflow/.local/lib/python3.8/site-packages/airflow/example_dags/example_datasets.py
[2023-11-18T11:40:36.294+0000] {processor.py:829} INFO - Processing file /home/airflow/.local/lib/python3.8/site-packages/airflow/example_dags/example_datasets.py for tasks to queue
[2023-11-18T11:40:36.295+0000] {logging_mixin.py:154} INFO - [2023-11-18T11:40:36.295+0000] {dagbag.py:536} INFO - Filling up the DagBag from /home/airflow/.local/lib/python3.8/site-packages/airflow/example_dags/example_datasets.py
[2023-11-18T11:40:36.301+0000] {processor.py:839} INFO - DAG(s) dict_keys(['dataset_produces_2', 'dataset_consumes_unknown_never_scheduled', 'dataset_consumes_1', 'dataset_consumes_1_never_scheduled', 'dataset_consumes_1_and_2', 'dataset_produces_1']) retrieved from /home/airflow/.local/lib/python3.8/site-packages/airflow/example_dags/example_datasets.py
[2023-11-18T11:40:36.319+0000] {logging_mixin.py:154} INFO - [2023-11-18T11:40:36.319+0000] {dag.py:2941} INFO - Sync 6 DAGs
[2023-11-18T11:40:36.330+0000] {logging_mixin.py:154} INFO - [2023-11-18T11:40:36.329+0000] {dag.py:3722} INFO - Setting next_dagrun for dataset_consumes_1 to None, run_after=None
[2023-11-18T11:40:36.331+0000] {logging_mixin.py:154} INFO - [2023-11-18T11:40:36.331+0000] {dag.py:3722} INFO - Setting next_dagrun for dataset_consumes_1_and_2 to None, run_after=None
[2023-11-18T11:40:36.332+0000] {logging_mixin.py:154} INFO - [2023-11-18T11:40:36.332+0000] {dag.py:3722} INFO - Setting next_dagrun for dataset_consumes_1_never_scheduled to None, run_after=None
[2023-11-18T11:40:36.333+0000] {logging_mixin.py:154} INFO - [2023-11-18T11:40:36.332+0000] {dag.py:3722} INFO - Setting next_dagrun for dataset_consumes_unknown_never_scheduled to None, run_after=None
[2023-11-18T11:40:36.334+0000] {logging_mixin.py:154} INFO - [2023-11-18T11:40:36.334+0000] {dag.py:3722} INFO - Setting next_dagrun for dataset_produces_1 to 2023-11-17T00:00:00+00:00, run_after=2023-11-18T00:00:00+00:00
[2023-11-18T11:40:36.334+0000] {logging_mixin.py:154} INFO - [2023-11-18T11:40:36.334+0000] {dag.py:3722} INFO - Setting next_dagrun for dataset_produces_2 to None, run_after=None
[2023-11-18T11:40:36.347+0000] {processor.py:179} INFO - Processing /home/airflow/.local/lib/python3.8/site-packages/airflow/example_dags/example_datasets.py took 0.056 seconds
[2023-11-18T11:41:06.674+0000] {processor.py:157} INFO - Started process (PID=990) to work on /home/airflow/.local/lib/python3.8/site-packages/airflow/example_dags/example_datasets.py
[2023-11-18T11:41:06.678+0000] {processor.py:829} INFO - Processing file /home/airflow/.local/lib/python3.8/site-packages/airflow/example_dags/example_datasets.py for tasks to queue
[2023-11-18T11:41:06.681+0000] {logging_mixin.py:154} INFO - [2023-11-18T11:41:06.681+0000] {dagbag.py:536} INFO - Filling up the DagBag from /home/airflow/.local/lib/python3.8/site-packages/airflow/example_dags/example_datasets.py
[2023-11-18T11:41:06.690+0000] {processor.py:839} INFO - DAG(s) dict_keys(['dataset_consumes_1_and_2', 'dataset_consumes_1', 'dataset_produces_2', 'dataset_consumes_unknown_never_scheduled', 'dataset_consumes_1_never_scheduled', 'dataset_produces_1']) retrieved from /home/airflow/.local/lib/python3.8/site-packages/airflow/example_dags/example_datasets.py
[2023-11-18T11:41:06.718+0000] {logging_mixin.py:154} INFO - [2023-11-18T11:41:06.718+0000] {dag.py:2941} INFO - Sync 6 DAGs
[2023-11-18T11:41:06.738+0000] {logging_mixin.py:154} INFO - [2023-11-18T11:41:06.738+0000] {dag.py:3722} INFO - Setting next_dagrun for dataset_consumes_1 to None, run_after=None
[2023-11-18T11:41:06.741+0000] {logging_mixin.py:154} INFO - [2023-11-18T11:41:06.741+0000] {dag.py:3722} INFO - Setting next_dagrun for dataset_consumes_1_and_2 to None, run_after=None
[2023-11-18T11:41:06.742+0000] {logging_mixin.py:154} INFO - [2023-11-18T11:41:06.742+0000] {dag.py:3722} INFO - Setting next_dagrun for dataset_consumes_1_never_scheduled to None, run_after=None
[2023-11-18T11:41:06.742+0000] {logging_mixin.py:154} INFO - [2023-11-18T11:41:06.742+0000] {dag.py:3722} INFO - Setting next_dagrun for dataset_consumes_unknown_never_scheduled to None, run_after=None
[2023-11-18T11:41:06.744+0000] {logging_mixin.py:154} INFO - [2023-11-18T11:41:06.744+0000] {dag.py:3722} INFO - Setting next_dagrun for dataset_produces_1 to 2023-11-17T00:00:00+00:00, run_after=2023-11-18T00:00:00+00:00
[2023-11-18T11:41:06.747+0000] {logging_mixin.py:154} INFO - [2023-11-18T11:41:06.747+0000] {dag.py:3722} INFO - Setting next_dagrun for dataset_produces_2 to None, run_after=None
[2023-11-18T11:41:06.787+0000] {processor.py:179} INFO - Processing /home/airflow/.local/lib/python3.8/site-packages/airflow/example_dags/example_datasets.py took 0.118 seconds
[2023-11-18T11:41:37.256+0000] {processor.py:157} INFO - Started process (PID=1045) to work on /home/airflow/.local/lib/python3.8/site-packages/airflow/example_dags/example_datasets.py
[2023-11-18T11:41:37.256+0000] {processor.py:829} INFO - Processing file /home/airflow/.local/lib/python3.8/site-packages/airflow/example_dags/example_datasets.py for tasks to queue
[2023-11-18T11:41:37.258+0000] {logging_mixin.py:154} INFO - [2023-11-18T11:41:37.258+0000] {dagbag.py:536} INFO - Filling up the DagBag from /home/airflow/.local/lib/python3.8/site-packages/airflow/example_dags/example_datasets.py
[2023-11-18T11:41:37.263+0000] {processor.py:839} INFO - DAG(s) dict_keys(['dataset_consumes_unknown_never_scheduled', 'dataset_consumes_1_and_2', 'dataset_consumes_1_never_scheduled', 'dataset_produces_2', 'dataset_produces_1', 'dataset_consumes_1']) retrieved from /home/airflow/.local/lib/python3.8/site-packages/airflow/example_dags/example_datasets.py
[2023-11-18T11:41:37.281+0000] {logging_mixin.py:154} INFO - [2023-11-18T11:41:37.281+0000] {dag.py:2941} INFO - Sync 6 DAGs
[2023-11-18T11:41:37.292+0000] {logging_mixin.py:154} INFO - [2023-11-18T11:41:37.292+0000] {dag.py:3722} INFO - Setting next_dagrun for dataset_consumes_1 to None, run_after=None
[2023-11-18T11:41:37.294+0000] {logging_mixin.py:154} INFO - [2023-11-18T11:41:37.294+0000] {dag.py:3722} INFO - Setting next_dagrun for dataset_consumes_1_and_2 to None, run_after=None
[2023-11-18T11:41:37.295+0000] {logging_mixin.py:154} INFO - [2023-11-18T11:41:37.295+0000] {dag.py:3722} INFO - Setting next_dagrun for dataset_consumes_1_never_scheduled to None, run_after=None
[2023-11-18T11:41:37.296+0000] {logging_mixin.py:154} INFO - [2023-11-18T11:41:37.296+0000] {dag.py:3722} INFO - Setting next_dagrun for dataset_consumes_unknown_never_scheduled to None, run_after=None
[2023-11-18T11:41:37.297+0000] {logging_mixin.py:154} INFO - [2023-11-18T11:41:37.297+0000] {dag.py:3722} INFO - Setting next_dagrun for dataset_produces_1 to 2023-11-17T00:00:00+00:00, run_after=2023-11-18T00:00:00+00:00
[2023-11-18T11:41:37.298+0000] {logging_mixin.py:154} INFO - [2023-11-18T11:41:37.298+0000] {dag.py:3722} INFO - Setting next_dagrun for dataset_produces_2 to None, run_after=None
[2023-11-18T11:41:37.312+0000] {processor.py:179} INFO - Processing /home/airflow/.local/lib/python3.8/site-packages/airflow/example_dags/example_datasets.py took 0.059 seconds
[2023-11-18T11:42:07.486+0000] {processor.py:157} INFO - Started process (PID=1100) to work on /home/airflow/.local/lib/python3.8/site-packages/airflow/example_dags/example_datasets.py
[2023-11-18T11:42:07.487+0000] {processor.py:829} INFO - Processing file /home/airflow/.local/lib/python3.8/site-packages/airflow/example_dags/example_datasets.py for tasks to queue
[2023-11-18T11:42:07.489+0000] {logging_mixin.py:154} INFO - [2023-11-18T11:42:07.488+0000] {dagbag.py:536} INFO - Filling up the DagBag from /home/airflow/.local/lib/python3.8/site-packages/airflow/example_dags/example_datasets.py
[2023-11-18T11:42:07.494+0000] {processor.py:839} INFO - DAG(s) dict_keys(['dataset_consumes_1_and_2', 'dataset_consumes_1', 'dataset_produces_2', 'dataset_produces_1', 'dataset_consumes_1_never_scheduled', 'dataset_consumes_unknown_never_scheduled']) retrieved from /home/airflow/.local/lib/python3.8/site-packages/airflow/example_dags/example_datasets.py
[2023-11-18T11:42:07.513+0000] {logging_mixin.py:154} INFO - [2023-11-18T11:42:07.513+0000] {dag.py:2941} INFO - Sync 6 DAGs
[2023-11-18T11:42:07.524+0000] {logging_mixin.py:154} INFO - [2023-11-18T11:42:07.524+0000] {dag.py:3722} INFO - Setting next_dagrun for dataset_consumes_1 to None, run_after=None
[2023-11-18T11:42:07.526+0000] {logging_mixin.py:154} INFO - [2023-11-18T11:42:07.526+0000] {dag.py:3722} INFO - Setting next_dagrun for dataset_consumes_1_and_2 to None, run_after=None
[2023-11-18T11:42:07.527+0000] {logging_mixin.py:154} INFO - [2023-11-18T11:42:07.527+0000] {dag.py:3722} INFO - Setting next_dagrun for dataset_consumes_1_never_scheduled to None, run_after=None
[2023-11-18T11:42:07.527+0000] {logging_mixin.py:154} INFO - [2023-11-18T11:42:07.527+0000] {dag.py:3722} INFO - Setting next_dagrun for dataset_consumes_unknown_never_scheduled to None, run_after=None
[2023-11-18T11:42:07.528+0000] {logging_mixin.py:154} INFO - [2023-11-18T11:42:07.528+0000] {dag.py:3722} INFO - Setting next_dagrun for dataset_produces_1 to 2023-11-17T00:00:00+00:00, run_after=2023-11-18T00:00:00+00:00
[2023-11-18T11:42:07.529+0000] {logging_mixin.py:154} INFO - [2023-11-18T11:42:07.529+0000] {dag.py:3722} INFO - Setting next_dagrun for dataset_produces_2 to None, run_after=None
[2023-11-18T11:42:07.542+0000] {processor.py:179} INFO - Processing /home/airflow/.local/lib/python3.8/site-packages/airflow/example_dags/example_datasets.py took 0.058 seconds
[2023-11-18T11:42:38.303+0000] {processor.py:157} INFO - Started process (PID=1155) to work on /home/airflow/.local/lib/python3.8/site-packages/airflow/example_dags/example_datasets.py
[2023-11-18T11:42:38.304+0000] {processor.py:829} INFO - Processing file /home/airflow/.local/lib/python3.8/site-packages/airflow/example_dags/example_datasets.py for tasks to queue
[2023-11-18T11:42:38.306+0000] {logging_mixin.py:154} INFO - [2023-11-18T11:42:38.305+0000] {dagbag.py:536} INFO - Filling up the DagBag from /home/airflow/.local/lib/python3.8/site-packages/airflow/example_dags/example_datasets.py
[2023-11-18T11:42:38.313+0000] {processor.py:839} INFO - DAG(s) dict_keys(['dataset_consumes_1_and_2', 'dataset_produces_1', 'dataset_produces_2', 'dataset_consumes_1', 'dataset_consumes_unknown_never_scheduled', 'dataset_consumes_1_never_scheduled']) retrieved from /home/airflow/.local/lib/python3.8/site-packages/airflow/example_dags/example_datasets.py
[2023-11-18T11:42:38.346+0000] {logging_mixin.py:154} INFO - [2023-11-18T11:42:38.346+0000] {dag.py:2941} INFO - Sync 6 DAGs
[2023-11-18T11:42:38.362+0000] {logging_mixin.py:154} INFO - [2023-11-18T11:42:38.361+0000] {dag.py:3722} INFO - Setting next_dagrun for dataset_consumes_1 to None, run_after=None
[2023-11-18T11:42:38.364+0000] {logging_mixin.py:154} INFO - [2023-11-18T11:42:38.364+0000] {dag.py:3722} INFO - Setting next_dagrun for dataset_consumes_1_and_2 to None, run_after=None
[2023-11-18T11:42:38.365+0000] {logging_mixin.py:154} INFO - [2023-11-18T11:42:38.365+0000] {dag.py:3722} INFO - Setting next_dagrun for dataset_consumes_1_never_scheduled to None, run_after=None
[2023-11-18T11:42:38.365+0000] {logging_mixin.py:154} INFO - [2023-11-18T11:42:38.365+0000] {dag.py:3722} INFO - Setting next_dagrun for dataset_consumes_unknown_never_scheduled to None, run_after=None
[2023-11-18T11:42:38.367+0000] {logging_mixin.py:154} INFO - [2023-11-18T11:42:38.367+0000] {dag.py:3722} INFO - Setting next_dagrun for dataset_produces_1 to 2023-11-17T00:00:00+00:00, run_after=2023-11-18T00:00:00+00:00
[2023-11-18T11:42:38.367+0000] {logging_mixin.py:154} INFO - [2023-11-18T11:42:38.367+0000] {dag.py:3722} INFO - Setting next_dagrun for dataset_produces_2 to None, run_after=None
[2023-11-18T11:42:38.387+0000] {processor.py:179} INFO - Processing /home/airflow/.local/lib/python3.8/site-packages/airflow/example_dags/example_datasets.py took 0.086 seconds
[2023-11-18T11:43:08.444+0000] {processor.py:157} INFO - Started process (PID=1210) to work on /home/airflow/.local/lib/python3.8/site-packages/airflow/example_dags/example_datasets.py
[2023-11-18T11:43:08.445+0000] {processor.py:829} INFO - Processing file /home/airflow/.local/lib/python3.8/site-packages/airflow/example_dags/example_datasets.py for tasks to queue
[2023-11-18T11:43:08.446+0000] {logging_mixin.py:154} INFO - [2023-11-18T11:43:08.446+0000] {dagbag.py:536} INFO - Filling up the DagBag from /home/airflow/.local/lib/python3.8/site-packages/airflow/example_dags/example_datasets.py
[2023-11-18T11:43:08.452+0000] {processor.py:839} INFO - DAG(s) dict_keys(['dataset_consumes_1_never_scheduled', 'dataset_produces_1', 'dataset_consumes_unknown_never_scheduled', 'dataset_produces_2', 'dataset_consumes_1_and_2', 'dataset_consumes_1']) retrieved from /home/airflow/.local/lib/python3.8/site-packages/airflow/example_dags/example_datasets.py
[2023-11-18T11:43:08.469+0000] {logging_mixin.py:154} INFO - [2023-11-18T11:43:08.469+0000] {dag.py:2941} INFO - Sync 6 DAGs
[2023-11-18T11:43:08.481+0000] {logging_mixin.py:154} INFO - [2023-11-18T11:43:08.481+0000] {dag.py:3722} INFO - Setting next_dagrun for dataset_consumes_1 to None, run_after=None
[2023-11-18T11:43:08.483+0000] {logging_mixin.py:154} INFO - [2023-11-18T11:43:08.483+0000] {dag.py:3722} INFO - Setting next_dagrun for dataset_consumes_1_and_2 to None, run_after=None
[2023-11-18T11:43:08.483+0000] {logging_mixin.py:154} INFO - [2023-11-18T11:43:08.483+0000] {dag.py:3722} INFO - Setting next_dagrun for dataset_consumes_1_never_scheduled to None, run_after=None
[2023-11-18T11:43:08.484+0000] {logging_mixin.py:154} INFO - [2023-11-18T11:43:08.484+0000] {dag.py:3722} INFO - Setting next_dagrun for dataset_consumes_unknown_never_scheduled to None, run_after=None
[2023-11-18T11:43:08.485+0000] {logging_mixin.py:154} INFO - [2023-11-18T11:43:08.485+0000] {dag.py:3722} INFO - Setting next_dagrun for dataset_produces_1 to 2023-11-17T00:00:00+00:00, run_after=2023-11-18T00:00:00+00:00
[2023-11-18T11:43:08.486+0000] {logging_mixin.py:154} INFO - [2023-11-18T11:43:08.486+0000] {dag.py:3722} INFO - Setting next_dagrun for dataset_produces_2 to None, run_after=None
[2023-11-18T11:43:08.499+0000] {processor.py:179} INFO - Processing /home/airflow/.local/lib/python3.8/site-packages/airflow/example_dags/example_datasets.py took 0.057 seconds
[2023-11-18T11:43:38.547+0000] {processor.py:157} INFO - Started process (PID=1265) to work on /home/airflow/.local/lib/python3.8/site-packages/airflow/example_dags/example_datasets.py
[2023-11-18T11:43:38.548+0000] {processor.py:829} INFO - Processing file /home/airflow/.local/lib/python3.8/site-packages/airflow/example_dags/example_datasets.py for tasks to queue
[2023-11-18T11:43:38.549+0000] {logging_mixin.py:154} INFO - [2023-11-18T11:43:38.549+0000] {dagbag.py:536} INFO - Filling up the DagBag from /home/airflow/.local/lib/python3.8/site-packages/airflow/example_dags/example_datasets.py
[2023-11-18T11:43:38.555+0000] {processor.py:839} INFO - DAG(s) dict_keys(['dataset_consumes_1', 'dataset_produces_2', 'dataset_consumes_1_and_2', 'dataset_consumes_1_never_scheduled', 'dataset_consumes_unknown_never_scheduled', 'dataset_produces_1']) retrieved from /home/airflow/.local/lib/python3.8/site-packages/airflow/example_dags/example_datasets.py
[2023-11-18T11:43:38.574+0000] {logging_mixin.py:154} INFO - [2023-11-18T11:43:38.574+0000] {dag.py:2941} INFO - Sync 6 DAGs
[2023-11-18T11:43:38.587+0000] {logging_mixin.py:154} INFO - [2023-11-18T11:43:38.587+0000] {dag.py:3722} INFO - Setting next_dagrun for dataset_consumes_1 to None, run_after=None
[2023-11-18T11:43:38.590+0000] {logging_mixin.py:154} INFO - [2023-11-18T11:43:38.590+0000] {dag.py:3722} INFO - Setting next_dagrun for dataset_consumes_1_and_2 to None, run_after=None
[2023-11-18T11:43:38.590+0000] {logging_mixin.py:154} INFO - [2023-11-18T11:43:38.590+0000] {dag.py:3722} INFO - Setting next_dagrun for dataset_consumes_1_never_scheduled to None, run_after=None
[2023-11-18T11:43:38.591+0000] {logging_mixin.py:154} INFO - [2023-11-18T11:43:38.591+0000] {dag.py:3722} INFO - Setting next_dagrun for dataset_consumes_unknown_never_scheduled to None, run_after=None
[2023-11-18T11:43:38.592+0000] {logging_mixin.py:154} INFO - [2023-11-18T11:43:38.592+0000] {dag.py:3722} INFO - Setting next_dagrun for dataset_produces_1 to 2023-11-17T00:00:00+00:00, run_after=2023-11-18T00:00:00+00:00
[2023-11-18T11:43:38.593+0000] {logging_mixin.py:154} INFO - [2023-11-18T11:43:38.593+0000] {dag.py:3722} INFO - Setting next_dagrun for dataset_produces_2 to None, run_after=None
[2023-11-18T11:43:38.607+0000] {processor.py:179} INFO - Processing /home/airflow/.local/lib/python3.8/site-packages/airflow/example_dags/example_datasets.py took 0.063 seconds
[2023-11-18T11:44:08.721+0000] {processor.py:157} INFO - Started process (PID=1320) to work on /home/airflow/.local/lib/python3.8/site-packages/airflow/example_dags/example_datasets.py
[2023-11-18T11:44:08.722+0000] {processor.py:829} INFO - Processing file /home/airflow/.local/lib/python3.8/site-packages/airflow/example_dags/example_datasets.py for tasks to queue
[2023-11-18T11:44:08.723+0000] {logging_mixin.py:154} INFO - [2023-11-18T11:44:08.723+0000] {dagbag.py:536} INFO - Filling up the DagBag from /home/airflow/.local/lib/python3.8/site-packages/airflow/example_dags/example_datasets.py
[2023-11-18T11:44:08.729+0000] {processor.py:839} INFO - DAG(s) dict_keys(['dataset_produces_1', 'dataset_consumes_unknown_never_scheduled', 'dataset_consumes_1', 'dataset_consumes_1_and_2', 'dataset_produces_2', 'dataset_consumes_1_never_scheduled']) retrieved from /home/airflow/.local/lib/python3.8/site-packages/airflow/example_dags/example_datasets.py
[2023-11-18T11:44:08.750+0000] {logging_mixin.py:154} INFO - [2023-11-18T11:44:08.750+0000] {dag.py:2941} INFO - Sync 6 DAGs
[2023-11-18T11:44:08.762+0000] {logging_mixin.py:154} INFO - [2023-11-18T11:44:08.762+0000] {dag.py:3722} INFO - Setting next_dagrun for dataset_consumes_1 to None, run_after=None
[2023-11-18T11:44:08.765+0000] {logging_mixin.py:154} INFO - [2023-11-18T11:44:08.764+0000] {dag.py:3722} INFO - Setting next_dagrun for dataset_consumes_1_and_2 to None, run_after=None
[2023-11-18T11:44:08.765+0000] {logging_mixin.py:154} INFO - [2023-11-18T11:44:08.765+0000] {dag.py:3722} INFO - Setting next_dagrun for dataset_consumes_1_never_scheduled to None, run_after=None
[2023-11-18T11:44:08.766+0000] {logging_mixin.py:154} INFO - [2023-11-18T11:44:08.766+0000] {dag.py:3722} INFO - Setting next_dagrun for dataset_consumes_unknown_never_scheduled to None, run_after=None
[2023-11-18T11:44:08.768+0000] {logging_mixin.py:154} INFO - [2023-11-18T11:44:08.768+0000] {dag.py:3722} INFO - Setting next_dagrun for dataset_produces_1 to 2023-11-17T00:00:00+00:00, run_after=2023-11-18T00:00:00+00:00
[2023-11-18T11:44:08.769+0000] {logging_mixin.py:154} INFO - [2023-11-18T11:44:08.769+0000] {dag.py:3722} INFO - Setting next_dagrun for dataset_produces_2 to None, run_after=None
[2023-11-18T11:44:08.784+0000] {processor.py:179} INFO - Processing /home/airflow/.local/lib/python3.8/site-packages/airflow/example_dags/example_datasets.py took 0.066 seconds
[2023-11-18T11:44:39.297+0000] {processor.py:157} INFO - Started process (PID=1387) to work on /home/airflow/.local/lib/python3.8/site-packages/airflow/example_dags/example_datasets.py
[2023-11-18T11:44:39.298+0000] {processor.py:829} INFO - Processing file /home/airflow/.local/lib/python3.8/site-packages/airflow/example_dags/example_datasets.py for tasks to queue
[2023-11-18T11:44:39.299+0000] {logging_mixin.py:154} INFO - [2023-11-18T11:44:39.299+0000] {dagbag.py:536} INFO - Filling up the DagBag from /home/airflow/.local/lib/python3.8/site-packages/airflow/example_dags/example_datasets.py
[2023-11-18T11:44:39.305+0000] {processor.py:839} INFO - DAG(s) dict_keys(['dataset_consumes_1_never_scheduled', 'dataset_consumes_1', 'dataset_produces_2', 'dataset_consumes_1_and_2', 'dataset_produces_1', 'dataset_consumes_unknown_never_scheduled']) retrieved from /home/airflow/.local/lib/python3.8/site-packages/airflow/example_dags/example_datasets.py
[2023-11-18T11:44:39.324+0000] {logging_mixin.py:154} INFO - [2023-11-18T11:44:39.324+0000] {dag.py:2941} INFO - Sync 6 DAGs
[2023-11-18T11:44:39.334+0000] {logging_mixin.py:154} INFO - [2023-11-18T11:44:39.334+0000] {dag.py:3722} INFO - Setting next_dagrun for dataset_consumes_1 to None, run_after=None
[2023-11-18T11:44:39.336+0000] {logging_mixin.py:154} INFO - [2023-11-18T11:44:39.336+0000] {dag.py:3722} INFO - Setting next_dagrun for dataset_consumes_1_and_2 to None, run_after=None
[2023-11-18T11:44:39.337+0000] {logging_mixin.py:154} INFO - [2023-11-18T11:44:39.337+0000] {dag.py:3722} INFO - Setting next_dagrun for dataset_consumes_1_never_scheduled to None, run_after=None
[2023-11-18T11:44:39.337+0000] {logging_mixin.py:154} INFO - [2023-11-18T11:44:39.337+0000] {dag.py:3722} INFO - Setting next_dagrun for dataset_consumes_unknown_never_scheduled to None, run_after=None
[2023-11-18T11:44:39.339+0000] {logging_mixin.py:154} INFO - [2023-11-18T11:44:39.339+0000] {dag.py:3722} INFO - Setting next_dagrun for dataset_produces_1 to 2023-11-17T00:00:00+00:00, run_after=2023-11-18T00:00:00+00:00
[2023-11-18T11:44:39.339+0000] {logging_mixin.py:154} INFO - [2023-11-18T11:44:39.339+0000] {dag.py:3722} INFO - Setting next_dagrun for dataset_produces_2 to None, run_after=None
[2023-11-18T11:44:39.354+0000] {processor.py:179} INFO - Processing /home/airflow/.local/lib/python3.8/site-packages/airflow/example_dags/example_datasets.py took 0.059 seconds
[2023-11-18T11:45:09.676+0000] {processor.py:157} INFO - Started process (PID=1448) to work on /home/airflow/.local/lib/python3.8/site-packages/airflow/example_dags/example_datasets.py
[2023-11-18T11:45:09.677+0000] {processor.py:829} INFO - Processing file /home/airflow/.local/lib/python3.8/site-packages/airflow/example_dags/example_datasets.py for tasks to queue
[2023-11-18T11:45:09.679+0000] {logging_mixin.py:154} INFO - [2023-11-18T11:45:09.678+0000] {dagbag.py:536} INFO - Filling up the DagBag from /home/airflow/.local/lib/python3.8/site-packages/airflow/example_dags/example_datasets.py
[2023-11-18T11:45:09.686+0000] {processor.py:839} INFO - DAG(s) dict_keys(['dataset_consumes_unknown_never_scheduled', 'dataset_consumes_1', 'dataset_consumes_1_never_scheduled', 'dataset_consumes_1_and_2', 'dataset_produces_2', 'dataset_produces_1']) retrieved from /home/airflow/.local/lib/python3.8/site-packages/airflow/example_dags/example_datasets.py
[2023-11-18T11:45:09.707+0000] {logging_mixin.py:154} INFO - [2023-11-18T11:45:09.707+0000] {dag.py:2941} INFO - Sync 6 DAGs
[2023-11-18T11:45:09.719+0000] {logging_mixin.py:154} INFO - [2023-11-18T11:45:09.719+0000] {dag.py:3722} INFO - Setting next_dagrun for dataset_consumes_1 to None, run_after=None
[2023-11-18T11:45:09.721+0000] {logging_mixin.py:154} INFO - [2023-11-18T11:45:09.721+0000] {dag.py:3722} INFO - Setting next_dagrun for dataset_consumes_1_and_2 to None, run_after=None
[2023-11-18T11:45:09.722+0000] {logging_mixin.py:154} INFO - [2023-11-18T11:45:09.722+0000] {dag.py:3722} INFO - Setting next_dagrun for dataset_consumes_1_never_scheduled to None, run_after=None
[2023-11-18T11:45:09.722+0000] {logging_mixin.py:154} INFO - [2023-11-18T11:45:09.722+0000] {dag.py:3722} INFO - Setting next_dagrun for dataset_consumes_unknown_never_scheduled to None, run_after=None
[2023-11-18T11:45:09.724+0000] {logging_mixin.py:154} INFO - [2023-11-18T11:45:09.724+0000] {dag.py:3722} INFO - Setting next_dagrun for dataset_produces_1 to 2023-11-17T00:00:00+00:00, run_after=2023-11-18T00:00:00+00:00
[2023-11-18T11:45:09.724+0000] {logging_mixin.py:154} INFO - [2023-11-18T11:45:09.724+0000] {dag.py:3722} INFO - Setting next_dagrun for dataset_produces_2 to None, run_after=None
[2023-11-18T11:45:09.737+0000] {processor.py:179} INFO - Processing /home/airflow/.local/lib/python3.8/site-packages/airflow/example_dags/example_datasets.py took 0.064 seconds
[2023-11-18T11:45:40.338+0000] {processor.py:157} INFO - Started process (PID=1509) to work on /home/airflow/.local/lib/python3.8/site-packages/airflow/example_dags/example_datasets.py
[2023-11-18T11:45:40.339+0000] {processor.py:829} INFO - Processing file /home/airflow/.local/lib/python3.8/site-packages/airflow/example_dags/example_datasets.py for tasks to queue
[2023-11-18T11:45:40.340+0000] {logging_mixin.py:154} INFO - [2023-11-18T11:45:40.340+0000] {dagbag.py:536} INFO - Filling up the DagBag from /home/airflow/.local/lib/python3.8/site-packages/airflow/example_dags/example_datasets.py
[2023-11-18T11:45:40.347+0000] {processor.py:839} INFO - DAG(s) dict_keys(['dataset_produces_1', 'dataset_consumes_unknown_never_scheduled', 'dataset_consumes_1', 'dataset_consumes_1_and_2', 'dataset_consumes_1_never_scheduled', 'dataset_produces_2']) retrieved from /home/airflow/.local/lib/python3.8/site-packages/airflow/example_dags/example_datasets.py
[2023-11-18T11:45:40.367+0000] {logging_mixin.py:154} INFO - [2023-11-18T11:45:40.367+0000] {dag.py:2941} INFO - Sync 6 DAGs
[2023-11-18T11:45:40.379+0000] {logging_mixin.py:154} INFO - [2023-11-18T11:45:40.379+0000] {dag.py:3722} INFO - Setting next_dagrun for dataset_consumes_1 to None, run_after=None
[2023-11-18T11:45:40.381+0000] {logging_mixin.py:154} INFO - [2023-11-18T11:45:40.380+0000] {dag.py:3722} INFO - Setting next_dagrun for dataset_consumes_1_and_2 to None, run_after=None
[2023-11-18T11:45:40.381+0000] {logging_mixin.py:154} INFO - [2023-11-18T11:45:40.381+0000] {dag.py:3722} INFO - Setting next_dagrun for dataset_consumes_1_never_scheduled to None, run_after=None
[2023-11-18T11:45:40.382+0000] {logging_mixin.py:154} INFO - [2023-11-18T11:45:40.382+0000] {dag.py:3722} INFO - Setting next_dagrun for dataset_consumes_unknown_never_scheduled to None, run_after=None
[2023-11-18T11:45:40.383+0000] {logging_mixin.py:154} INFO - [2023-11-18T11:45:40.383+0000] {dag.py:3722} INFO - Setting next_dagrun for dataset_produces_1 to 2023-11-17T00:00:00+00:00, run_after=2023-11-18T00:00:00+00:00
[2023-11-18T11:45:40.384+0000] {logging_mixin.py:154} INFO - [2023-11-18T11:45:40.384+0000] {dag.py:3722} INFO - Setting next_dagrun for dataset_produces_2 to None, run_after=None
[2023-11-18T11:45:40.398+0000] {processor.py:179} INFO - Processing /home/airflow/.local/lib/python3.8/site-packages/airflow/example_dags/example_datasets.py took 0.062 seconds
[2023-11-18T11:46:10.592+0000] {processor.py:157} INFO - Started process (PID=1568) to work on /home/airflow/.local/lib/python3.8/site-packages/airflow/example_dags/example_datasets.py
[2023-11-18T11:46:10.592+0000] {processor.py:829} INFO - Processing file /home/airflow/.local/lib/python3.8/site-packages/airflow/example_dags/example_datasets.py for tasks to queue
[2023-11-18T11:46:10.594+0000] {logging_mixin.py:154} INFO - [2023-11-18T11:46:10.593+0000] {dagbag.py:536} INFO - Filling up the DagBag from /home/airflow/.local/lib/python3.8/site-packages/airflow/example_dags/example_datasets.py
[2023-11-18T11:46:10.599+0000] {processor.py:839} INFO - DAG(s) dict_keys(['dataset_consumes_1_never_scheduled', 'dataset_produces_2', 'dataset_consumes_1', 'dataset_consumes_1_and_2', 'dataset_consumes_unknown_never_scheduled', 'dataset_produces_1']) retrieved from /home/airflow/.local/lib/python3.8/site-packages/airflow/example_dags/example_datasets.py
[2023-11-18T11:46:10.616+0000] {logging_mixin.py:154} INFO - [2023-11-18T11:46:10.616+0000] {dag.py:2941} INFO - Sync 6 DAGs
[2023-11-18T11:46:10.627+0000] {logging_mixin.py:154} INFO - [2023-11-18T11:46:10.627+0000] {dag.py:3722} INFO - Setting next_dagrun for dataset_consumes_1 to None, run_after=None
[2023-11-18T11:46:10.629+0000] {logging_mixin.py:154} INFO - [2023-11-18T11:46:10.629+0000] {dag.py:3722} INFO - Setting next_dagrun for dataset_consumes_1_and_2 to None, run_after=None
[2023-11-18T11:46:10.629+0000] {logging_mixin.py:154} INFO - [2023-11-18T11:46:10.629+0000] {dag.py:3722} INFO - Setting next_dagrun for dataset_consumes_1_never_scheduled to None, run_after=None
[2023-11-18T11:46:10.630+0000] {logging_mixin.py:154} INFO - [2023-11-18T11:46:10.630+0000] {dag.py:3722} INFO - Setting next_dagrun for dataset_consumes_unknown_never_scheduled to None, run_after=None
[2023-11-18T11:46:10.631+0000] {logging_mixin.py:154} INFO - [2023-11-18T11:46:10.631+0000] {dag.py:3722} INFO - Setting next_dagrun for dataset_produces_1 to 2023-11-17T00:00:00+00:00, run_after=2023-11-18T00:00:00+00:00
[2023-11-18T11:46:10.632+0000] {logging_mixin.py:154} INFO - [2023-11-18T11:46:10.632+0000] {dag.py:3722} INFO - Setting next_dagrun for dataset_produces_2 to None, run_after=None
[2023-11-18T11:46:10.647+0000] {processor.py:179} INFO - Processing /home/airflow/.local/lib/python3.8/site-packages/airflow/example_dags/example_datasets.py took 0.057 seconds
[2023-11-18T11:46:41.186+0000] {processor.py:157} INFO - Started process (PID=1624) to work on /home/airflow/.local/lib/python3.8/site-packages/airflow/example_dags/example_datasets.py
[2023-11-18T11:46:41.187+0000] {processor.py:829} INFO - Processing file /home/airflow/.local/lib/python3.8/site-packages/airflow/example_dags/example_datasets.py for tasks to queue
[2023-11-18T11:46:41.188+0000] {logging_mixin.py:154} INFO - [2023-11-18T11:46:41.188+0000] {dagbag.py:536} INFO - Filling up the DagBag from /home/airflow/.local/lib/python3.8/site-packages/airflow/example_dags/example_datasets.py
[2023-11-18T11:46:41.194+0000] {processor.py:839} INFO - DAG(s) dict_keys(['dataset_consumes_1_never_scheduled', 'dataset_produces_2', 'dataset_consumes_1', 'dataset_consumes_1_and_2', 'dataset_consumes_unknown_never_scheduled', 'dataset_produces_1']) retrieved from /home/airflow/.local/lib/python3.8/site-packages/airflow/example_dags/example_datasets.py
[2023-11-18T11:46:41.214+0000] {logging_mixin.py:154} INFO - [2023-11-18T11:46:41.213+0000] {dag.py:2941} INFO - Sync 6 DAGs
[2023-11-18T11:46:41.225+0000] {logging_mixin.py:154} INFO - [2023-11-18T11:46:41.225+0000] {dag.py:3722} INFO - Setting next_dagrun for dataset_consumes_1 to None, run_after=None
[2023-11-18T11:46:41.227+0000] {logging_mixin.py:154} INFO - [2023-11-18T11:46:41.227+0000] {dag.py:3722} INFO - Setting next_dagrun for dataset_consumes_1_and_2 to None, run_after=None
[2023-11-18T11:46:41.228+0000] {logging_mixin.py:154} INFO - [2023-11-18T11:46:41.228+0000] {dag.py:3722} INFO - Setting next_dagrun for dataset_consumes_1_never_scheduled to None, run_after=None
[2023-11-18T11:46:41.228+0000] {logging_mixin.py:154} INFO - [2023-11-18T11:46:41.228+0000] {dag.py:3722} INFO - Setting next_dagrun for dataset_consumes_unknown_never_scheduled to None, run_after=None
[2023-11-18T11:46:41.230+0000] {logging_mixin.py:154} INFO - [2023-11-18T11:46:41.230+0000] {dag.py:3722} INFO - Setting next_dagrun for dataset_produces_1 to 2023-11-17T00:00:00+00:00, run_after=2023-11-18T00:00:00+00:00
[2023-11-18T11:46:41.230+0000] {logging_mixin.py:154} INFO - [2023-11-18T11:46:41.230+0000] {dag.py:3722} INFO - Setting next_dagrun for dataset_produces_2 to None, run_after=None
[2023-11-18T11:46:41.244+0000] {processor.py:179} INFO - Processing /home/airflow/.local/lib/python3.8/site-packages/airflow/example_dags/example_datasets.py took 0.061 seconds
