[2023-11-18T11:32:45.894+0000] {processor.py:157} INFO - Started process (PID=77) to work on /home/airflow/.local/lib/python3.8/site-packages/airflow/example_dags/example_short_circuit_operator.py
[2023-11-18T11:32:45.905+0000] {processor.py:829} INFO - Processing file /home/airflow/.local/lib/python3.8/site-packages/airflow/example_dags/example_short_circuit_operator.py for tasks to queue
[2023-11-18T11:32:45.912+0000] {logging_mixin.py:154} INFO - [2023-11-18T11:32:45.911+0000] {dagbag.py:536} INFO - Filling up the DagBag from /home/airflow/.local/lib/python3.8/site-packages/airflow/example_dags/example_short_circuit_operator.py
[2023-11-18T11:32:45.950+0000] {processor.py:839} INFO - DAG(s) dict_keys(['example_short_circuit_operator']) retrieved from /home/airflow/.local/lib/python3.8/site-packages/airflow/example_dags/example_short_circuit_operator.py
[2023-11-18T11:32:46.236+0000] {logging_mixin.py:154} INFO - [2023-11-18T11:32:46.236+0000] {dag.py:2941} INFO - Sync 1 DAGs
[2023-11-18T11:32:46.329+0000] {logging_mixin.py:154} INFO - [2023-11-18T11:32:46.329+0000] {dag.py:3722} INFO - Setting next_dagrun for example_short_circuit_operator to 2023-11-17T11:32:46.328727+00:00, run_after=2023-11-18T11:32:46.328727+00:00
[2023-11-18T11:32:46.388+0000] {processor.py:179} INFO - Processing /home/airflow/.local/lib/python3.8/site-packages/airflow/example_dags/example_short_circuit_operator.py took 0.509 seconds
[2023-11-18T11:33:17.017+0000] {processor.py:157} INFO - Started process (PID=133) to work on /home/airflow/.local/lib/python3.8/site-packages/airflow/example_dags/example_short_circuit_operator.py
[2023-11-18T11:33:17.058+0000] {processor.py:829} INFO - Processing file /home/airflow/.local/lib/python3.8/site-packages/airflow/example_dags/example_short_circuit_operator.py for tasks to queue
[2023-11-18T11:33:17.114+0000] {logging_mixin.py:154} INFO - [2023-11-18T11:33:17.113+0000] {dagbag.py:536} INFO - Filling up the DagBag from /home/airflow/.local/lib/python3.8/site-packages/airflow/example_dags/example_short_circuit_operator.py
[2023-11-18T11:33:17.269+0000] {processor.py:839} INFO - DAG(s) dict_keys(['example_short_circuit_operator']) retrieved from /home/airflow/.local/lib/python3.8/site-packages/airflow/example_dags/example_short_circuit_operator.py
[2023-11-18T11:33:17.506+0000] {logging_mixin.py:154} INFO - [2023-11-18T11:33:17.505+0000] {dag.py:2941} INFO - Sync 1 DAGs
[2023-11-18T11:33:17.607+0000] {logging_mixin.py:154} INFO - [2023-11-18T11:33:17.607+0000] {dag.py:3722} INFO - Setting next_dagrun for example_short_circuit_operator to 2023-11-17T11:33:17.603293+00:00, run_after=2023-11-18T11:33:17.603293+00:00
[2023-11-18T11:33:17.676+0000] {processor.py:179} INFO - Processing /home/airflow/.local/lib/python3.8/site-packages/airflow/example_dags/example_short_circuit_operator.py took 0.682 seconds
[2023-11-18T11:33:47.823+0000] {processor.py:157} INFO - Started process (PID=189) to work on /home/airflow/.local/lib/python3.8/site-packages/airflow/example_dags/example_short_circuit_operator.py
[2023-11-18T11:33:47.824+0000] {processor.py:829} INFO - Processing file /home/airflow/.local/lib/python3.8/site-packages/airflow/example_dags/example_short_circuit_operator.py for tasks to queue
[2023-11-18T11:33:47.826+0000] {logging_mixin.py:154} INFO - [2023-11-18T11:33:47.826+0000] {dagbag.py:536} INFO - Filling up the DagBag from /home/airflow/.local/lib/python3.8/site-packages/airflow/example_dags/example_short_circuit_operator.py
[2023-11-18T11:33:47.863+0000] {processor.py:839} INFO - DAG(s) dict_keys(['example_short_circuit_operator']) retrieved from /home/airflow/.local/lib/python3.8/site-packages/airflow/example_dags/example_short_circuit_operator.py
[2023-11-18T11:33:47.909+0000] {logging_mixin.py:154} INFO - [2023-11-18T11:33:47.909+0000] {dag.py:2941} INFO - Sync 1 DAGs
[2023-11-18T11:33:47.960+0000] {logging_mixin.py:154} INFO - [2023-11-18T11:33:47.960+0000] {dag.py:3722} INFO - Setting next_dagrun for example_short_circuit_operator to 2023-11-17T11:33:47.959997+00:00, run_after=2023-11-18T11:33:47.959997+00:00
[2023-11-18T11:33:48.011+0000] {processor.py:179} INFO - Processing /home/airflow/.local/lib/python3.8/site-packages/airflow/example_dags/example_short_circuit_operator.py took 0.231 seconds
[2023-11-18T11:34:18.486+0000] {processor.py:157} INFO - Started process (PID=244) to work on /home/airflow/.local/lib/python3.8/site-packages/airflow/example_dags/example_short_circuit_operator.py
[2023-11-18T11:34:18.488+0000] {processor.py:829} INFO - Processing file /home/airflow/.local/lib/python3.8/site-packages/airflow/example_dags/example_short_circuit_operator.py for tasks to queue
[2023-11-18T11:34:18.490+0000] {logging_mixin.py:154} INFO - [2023-11-18T11:34:18.490+0000] {dagbag.py:536} INFO - Filling up the DagBag from /home/airflow/.local/lib/python3.8/site-packages/airflow/example_dags/example_short_circuit_operator.py
[2023-11-18T11:34:18.495+0000] {processor.py:839} INFO - DAG(s) dict_keys(['example_short_circuit_operator']) retrieved from /home/airflow/.local/lib/python3.8/site-packages/airflow/example_dags/example_short_circuit_operator.py
[2023-11-18T11:34:18.509+0000] {logging_mixin.py:154} INFO - [2023-11-18T11:34:18.509+0000] {dag.py:2941} INFO - Sync 1 DAGs
[2023-11-18T11:34:18.526+0000] {logging_mixin.py:154} INFO - [2023-11-18T11:34:18.526+0000] {dag.py:3722} INFO - Setting next_dagrun for example_short_circuit_operator to 2023-11-17T11:34:18.525907+00:00, run_after=2023-11-18T11:34:18.525907+00:00
[2023-11-18T11:34:18.537+0000] {processor.py:179} INFO - Processing /home/airflow/.local/lib/python3.8/site-packages/airflow/example_dags/example_short_circuit_operator.py took 0.053 seconds
[2023-11-18T11:34:49.301+0000] {processor.py:157} INFO - Started process (PID=299) to work on /home/airflow/.local/lib/python3.8/site-packages/airflow/example_dags/example_short_circuit_operator.py
[2023-11-18T11:34:49.302+0000] {processor.py:829} INFO - Processing file /home/airflow/.local/lib/python3.8/site-packages/airflow/example_dags/example_short_circuit_operator.py for tasks to queue
[2023-11-18T11:34:49.303+0000] {logging_mixin.py:154} INFO - [2023-11-18T11:34:49.303+0000] {dagbag.py:536} INFO - Filling up the DagBag from /home/airflow/.local/lib/python3.8/site-packages/airflow/example_dags/example_short_circuit_operator.py
[2023-11-18T11:34:49.308+0000] {processor.py:839} INFO - DAG(s) dict_keys(['example_short_circuit_operator']) retrieved from /home/airflow/.local/lib/python3.8/site-packages/airflow/example_dags/example_short_circuit_operator.py
[2023-11-18T11:34:49.321+0000] {logging_mixin.py:154} INFO - [2023-11-18T11:34:49.321+0000] {dag.py:2941} INFO - Sync 1 DAGs
[2023-11-18T11:34:49.333+0000] {logging_mixin.py:154} INFO - [2023-11-18T11:34:49.333+0000] {dag.py:3722} INFO - Setting next_dagrun for example_short_circuit_operator to 2023-11-17T11:34:49.333460+00:00, run_after=2023-11-18T11:34:49.333460+00:00
[2023-11-18T11:34:49.343+0000] {processor.py:179} INFO - Processing /home/airflow/.local/lib/python3.8/site-packages/airflow/example_dags/example_short_circuit_operator.py took 0.044 seconds
[2023-11-18T11:35:19.999+0000] {processor.py:157} INFO - Started process (PID=354) to work on /home/airflow/.local/lib/python3.8/site-packages/airflow/example_dags/example_short_circuit_operator.py
[2023-11-18T11:35:20.000+0000] {processor.py:829} INFO - Processing file /home/airflow/.local/lib/python3.8/site-packages/airflow/example_dags/example_short_circuit_operator.py for tasks to queue
[2023-11-18T11:35:20.001+0000] {logging_mixin.py:154} INFO - [2023-11-18T11:35:20.001+0000] {dagbag.py:536} INFO - Filling up the DagBag from /home/airflow/.local/lib/python3.8/site-packages/airflow/example_dags/example_short_circuit_operator.py
[2023-11-18T11:35:20.006+0000] {processor.py:839} INFO - DAG(s) dict_keys(['example_short_circuit_operator']) retrieved from /home/airflow/.local/lib/python3.8/site-packages/airflow/example_dags/example_short_circuit_operator.py
[2023-11-18T11:35:20.023+0000] {logging_mixin.py:154} INFO - [2023-11-18T11:35:20.023+0000] {dag.py:2941} INFO - Sync 1 DAGs
[2023-11-18T11:35:20.038+0000] {logging_mixin.py:154} INFO - [2023-11-18T11:35:20.038+0000] {dag.py:3722} INFO - Setting next_dagrun for example_short_circuit_operator to 2023-11-17T11:35:20.038242+00:00, run_after=2023-11-18T11:35:20.038242+00:00
[2023-11-18T11:35:20.048+0000] {processor.py:179} INFO - Processing /home/airflow/.local/lib/python3.8/site-packages/airflow/example_dags/example_short_circuit_operator.py took 0.051 seconds
[2023-11-18T11:35:50.207+0000] {processor.py:157} INFO - Started process (PID=410) to work on /home/airflow/.local/lib/python3.8/site-packages/airflow/example_dags/example_short_circuit_operator.py
[2023-11-18T11:35:50.208+0000] {processor.py:829} INFO - Processing file /home/airflow/.local/lib/python3.8/site-packages/airflow/example_dags/example_short_circuit_operator.py for tasks to queue
[2023-11-18T11:35:50.209+0000] {logging_mixin.py:154} INFO - [2023-11-18T11:35:50.209+0000] {dagbag.py:536} INFO - Filling up the DagBag from /home/airflow/.local/lib/python3.8/site-packages/airflow/example_dags/example_short_circuit_operator.py
[2023-11-18T11:35:50.214+0000] {processor.py:839} INFO - DAG(s) dict_keys(['example_short_circuit_operator']) retrieved from /home/airflow/.local/lib/python3.8/site-packages/airflow/example_dags/example_short_circuit_operator.py
[2023-11-18T11:35:50.229+0000] {logging_mixin.py:154} INFO - [2023-11-18T11:35:50.229+0000] {dag.py:2941} INFO - Sync 1 DAGs
[2023-11-18T11:35:50.242+0000] {logging_mixin.py:154} INFO - [2023-11-18T11:35:50.242+0000] {dag.py:3722} INFO - Setting next_dagrun for example_short_circuit_operator to 2023-11-17T11:35:50.242028+00:00, run_after=2023-11-18T11:35:50.242028+00:00
[2023-11-18T11:35:50.260+0000] {processor.py:179} INFO - Processing /home/airflow/.local/lib/python3.8/site-packages/airflow/example_dags/example_short_circuit_operator.py took 0.055 seconds
[2023-11-18T11:36:20.572+0000] {processor.py:157} INFO - Started process (PID=465) to work on /home/airflow/.local/lib/python3.8/site-packages/airflow/example_dags/example_short_circuit_operator.py
[2023-11-18T11:36:20.573+0000] {processor.py:829} INFO - Processing file /home/airflow/.local/lib/python3.8/site-packages/airflow/example_dags/example_short_circuit_operator.py for tasks to queue
[2023-11-18T11:36:20.575+0000] {logging_mixin.py:154} INFO - [2023-11-18T11:36:20.575+0000] {dagbag.py:536} INFO - Filling up the DagBag from /home/airflow/.local/lib/python3.8/site-packages/airflow/example_dags/example_short_circuit_operator.py
[2023-11-18T11:36:20.581+0000] {processor.py:839} INFO - DAG(s) dict_keys(['example_short_circuit_operator']) retrieved from /home/airflow/.local/lib/python3.8/site-packages/airflow/example_dags/example_short_circuit_operator.py
[2023-11-18T11:36:20.600+0000] {logging_mixin.py:154} INFO - [2023-11-18T11:36:20.600+0000] {dag.py:2941} INFO - Sync 1 DAGs
[2023-11-18T11:36:20.613+0000] {logging_mixin.py:154} INFO - [2023-11-18T11:36:20.613+0000] {dag.py:3722} INFO - Setting next_dagrun for example_short_circuit_operator to 2023-11-17T11:36:20.612902+00:00, run_after=2023-11-18T11:36:20.612902+00:00
[2023-11-18T11:36:20.625+0000] {processor.py:179} INFO - Processing /home/airflow/.local/lib/python3.8/site-packages/airflow/example_dags/example_short_circuit_operator.py took 0.056 seconds
[2023-11-18T11:36:50.727+0000] {processor.py:157} INFO - Started process (PID=520) to work on /home/airflow/.local/lib/python3.8/site-packages/airflow/example_dags/example_short_circuit_operator.py
[2023-11-18T11:36:50.728+0000] {processor.py:829} INFO - Processing file /home/airflow/.local/lib/python3.8/site-packages/airflow/example_dags/example_short_circuit_operator.py for tasks to queue
[2023-11-18T11:36:50.729+0000] {logging_mixin.py:154} INFO - [2023-11-18T11:36:50.729+0000] {dagbag.py:536} INFO - Filling up the DagBag from /home/airflow/.local/lib/python3.8/site-packages/airflow/example_dags/example_short_circuit_operator.py
[2023-11-18T11:36:50.734+0000] {processor.py:839} INFO - DAG(s) dict_keys(['example_short_circuit_operator']) retrieved from /home/airflow/.local/lib/python3.8/site-packages/airflow/example_dags/example_short_circuit_operator.py
[2023-11-18T11:36:50.747+0000] {logging_mixin.py:154} INFO - [2023-11-18T11:36:50.747+0000] {dag.py:2941} INFO - Sync 1 DAGs
[2023-11-18T11:36:50.761+0000] {logging_mixin.py:154} INFO - [2023-11-18T11:36:50.761+0000] {dag.py:3722} INFO - Setting next_dagrun for example_short_circuit_operator to 2023-11-17T11:36:50.761369+00:00, run_after=2023-11-18T11:36:50.761369+00:00
[2023-11-18T11:36:50.773+0000] {processor.py:179} INFO - Processing /home/airflow/.local/lib/python3.8/site-packages/airflow/example_dags/example_short_circuit_operator.py took 0.049 seconds
[2023-11-18T11:37:20.971+0000] {processor.py:157} INFO - Started process (PID=575) to work on /home/airflow/.local/lib/python3.8/site-packages/airflow/example_dags/example_short_circuit_operator.py
[2023-11-18T11:37:20.972+0000] {processor.py:829} INFO - Processing file /home/airflow/.local/lib/python3.8/site-packages/airflow/example_dags/example_short_circuit_operator.py for tasks to queue
[2023-11-18T11:37:20.974+0000] {logging_mixin.py:154} INFO - [2023-11-18T11:37:20.974+0000] {dagbag.py:536} INFO - Filling up the DagBag from /home/airflow/.local/lib/python3.8/site-packages/airflow/example_dags/example_short_circuit_operator.py
[2023-11-18T11:37:20.979+0000] {processor.py:839} INFO - DAG(s) dict_keys(['example_short_circuit_operator']) retrieved from /home/airflow/.local/lib/python3.8/site-packages/airflow/example_dags/example_short_circuit_operator.py
[2023-11-18T11:37:20.994+0000] {logging_mixin.py:154} INFO - [2023-11-18T11:37:20.994+0000] {dag.py:2941} INFO - Sync 1 DAGs
[2023-11-18T11:37:21.010+0000] {logging_mixin.py:154} INFO - [2023-11-18T11:37:21.010+0000] {dag.py:3722} INFO - Setting next_dagrun for example_short_circuit_operator to 2023-11-17T11:37:21.010015+00:00, run_after=2023-11-18T11:37:21.010015+00:00
[2023-11-18T11:37:21.019+0000] {processor.py:179} INFO - Processing /home/airflow/.local/lib/python3.8/site-packages/airflow/example_dags/example_short_circuit_operator.py took 0.050 seconds
[2023-11-18T11:37:51.040+0000] {processor.py:157} INFO - Started process (PID=630) to work on /home/airflow/.local/lib/python3.8/site-packages/airflow/example_dags/example_short_circuit_operator.py
[2023-11-18T11:37:51.041+0000] {processor.py:829} INFO - Processing file /home/airflow/.local/lib/python3.8/site-packages/airflow/example_dags/example_short_circuit_operator.py for tasks to queue
[2023-11-18T11:37:51.043+0000] {logging_mixin.py:154} INFO - [2023-11-18T11:37:51.042+0000] {dagbag.py:536} INFO - Filling up the DagBag from /home/airflow/.local/lib/python3.8/site-packages/airflow/example_dags/example_short_circuit_operator.py
[2023-11-18T11:37:51.047+0000] {processor.py:839} INFO - DAG(s) dict_keys(['example_short_circuit_operator']) retrieved from /home/airflow/.local/lib/python3.8/site-packages/airflow/example_dags/example_short_circuit_operator.py
[2023-11-18T11:37:51.060+0000] {logging_mixin.py:154} INFO - [2023-11-18T11:37:51.060+0000] {dag.py:2941} INFO - Sync 1 DAGs
[2023-11-18T11:37:51.073+0000] {logging_mixin.py:154} INFO - [2023-11-18T11:37:51.073+0000] {dag.py:3722} INFO - Setting next_dagrun for example_short_circuit_operator to 2023-11-17T11:37:51.073183+00:00, run_after=2023-11-18T11:37:51.073183+00:00
[2023-11-18T11:37:51.083+0000] {processor.py:179} INFO - Processing /home/airflow/.local/lib/python3.8/site-packages/airflow/example_dags/example_short_circuit_operator.py took 0.045 seconds
[2023-11-18T11:38:22.017+0000] {processor.py:157} INFO - Started process (PID=685) to work on /home/airflow/.local/lib/python3.8/site-packages/airflow/example_dags/example_short_circuit_operator.py
[2023-11-18T11:38:22.018+0000] {processor.py:829} INFO - Processing file /home/airflow/.local/lib/python3.8/site-packages/airflow/example_dags/example_short_circuit_operator.py for tasks to queue
[2023-11-18T11:38:22.019+0000] {logging_mixin.py:154} INFO - [2023-11-18T11:38:22.019+0000] {dagbag.py:536} INFO - Filling up the DagBag from /home/airflow/.local/lib/python3.8/site-packages/airflow/example_dags/example_short_circuit_operator.py
[2023-11-18T11:38:22.024+0000] {processor.py:839} INFO - DAG(s) dict_keys(['example_short_circuit_operator']) retrieved from /home/airflow/.local/lib/python3.8/site-packages/airflow/example_dags/example_short_circuit_operator.py
[2023-11-18T11:38:22.037+0000] {logging_mixin.py:154} INFO - [2023-11-18T11:38:22.037+0000] {dag.py:2941} INFO - Sync 1 DAGs
[2023-11-18T11:38:22.050+0000] {logging_mixin.py:154} INFO - [2023-11-18T11:38:22.050+0000] {dag.py:3722} INFO - Setting next_dagrun for example_short_circuit_operator to 2023-11-17T11:38:22.049870+00:00, run_after=2023-11-18T11:38:22.049870+00:00
[2023-11-18T11:38:22.058+0000] {processor.py:179} INFO - Processing /home/airflow/.local/lib/python3.8/site-packages/airflow/example_dags/example_short_circuit_operator.py took 0.043 seconds
[2023-11-18T11:38:52.120+0000] {processor.py:157} INFO - Started process (PID=740) to work on /home/airflow/.local/lib/python3.8/site-packages/airflow/example_dags/example_short_circuit_operator.py
[2023-11-18T11:38:52.121+0000] {processor.py:829} INFO - Processing file /home/airflow/.local/lib/python3.8/site-packages/airflow/example_dags/example_short_circuit_operator.py for tasks to queue
[2023-11-18T11:38:52.122+0000] {logging_mixin.py:154} INFO - [2023-11-18T11:38:52.122+0000] {dagbag.py:536} INFO - Filling up the DagBag from /home/airflow/.local/lib/python3.8/site-packages/airflow/example_dags/example_short_circuit_operator.py
[2023-11-18T11:38:52.128+0000] {processor.py:839} INFO - DAG(s) dict_keys(['example_short_circuit_operator']) retrieved from /home/airflow/.local/lib/python3.8/site-packages/airflow/example_dags/example_short_circuit_operator.py
[2023-11-18T11:38:52.143+0000] {logging_mixin.py:154} INFO - [2023-11-18T11:38:52.143+0000] {dag.py:2941} INFO - Sync 1 DAGs
[2023-11-18T11:38:52.154+0000] {logging_mixin.py:154} INFO - [2023-11-18T11:38:52.154+0000] {dag.py:3722} INFO - Setting next_dagrun for example_short_circuit_operator to 2023-11-17T11:38:52.154555+00:00, run_after=2023-11-18T11:38:52.154555+00:00
[2023-11-18T11:38:52.166+0000] {processor.py:179} INFO - Processing /home/airflow/.local/lib/python3.8/site-packages/airflow/example_dags/example_short_circuit_operator.py took 0.048 seconds
[2023-11-18T11:39:22.458+0000] {processor.py:157} INFO - Started process (PID=795) to work on /home/airflow/.local/lib/python3.8/site-packages/airflow/example_dags/example_short_circuit_operator.py
[2023-11-18T11:39:22.458+0000] {processor.py:829} INFO - Processing file /home/airflow/.local/lib/python3.8/site-packages/airflow/example_dags/example_short_circuit_operator.py for tasks to queue
[2023-11-18T11:39:22.460+0000] {logging_mixin.py:154} INFO - [2023-11-18T11:39:22.460+0000] {dagbag.py:536} INFO - Filling up the DagBag from /home/airflow/.local/lib/python3.8/site-packages/airflow/example_dags/example_short_circuit_operator.py
[2023-11-18T11:39:22.464+0000] {processor.py:839} INFO - DAG(s) dict_keys(['example_short_circuit_operator']) retrieved from /home/airflow/.local/lib/python3.8/site-packages/airflow/example_dags/example_short_circuit_operator.py
[2023-11-18T11:39:22.478+0000] {logging_mixin.py:154} INFO - [2023-11-18T11:39:22.478+0000] {dag.py:2941} INFO - Sync 1 DAGs
[2023-11-18T11:39:22.490+0000] {logging_mixin.py:154} INFO - [2023-11-18T11:39:22.490+0000] {dag.py:3722} INFO - Setting next_dagrun for example_short_circuit_operator to 2023-11-17T11:39:22.490159+00:00, run_after=2023-11-18T11:39:22.490159+00:00
[2023-11-18T11:39:22.498+0000] {processor.py:179} INFO - Processing /home/airflow/.local/lib/python3.8/site-packages/airflow/example_dags/example_short_circuit_operator.py took 0.043 seconds
[2023-11-18T11:39:52.550+0000] {processor.py:157} INFO - Started process (PID=850) to work on /home/airflow/.local/lib/python3.8/site-packages/airflow/example_dags/example_short_circuit_operator.py
[2023-11-18T11:39:52.551+0000] {processor.py:829} INFO - Processing file /home/airflow/.local/lib/python3.8/site-packages/airflow/example_dags/example_short_circuit_operator.py for tasks to queue
[2023-11-18T11:39:52.552+0000] {logging_mixin.py:154} INFO - [2023-11-18T11:39:52.552+0000] {dagbag.py:536} INFO - Filling up the DagBag from /home/airflow/.local/lib/python3.8/site-packages/airflow/example_dags/example_short_circuit_operator.py
[2023-11-18T11:39:52.557+0000] {processor.py:839} INFO - DAG(s) dict_keys(['example_short_circuit_operator']) retrieved from /home/airflow/.local/lib/python3.8/site-packages/airflow/example_dags/example_short_circuit_operator.py
[2023-11-18T11:39:52.572+0000] {logging_mixin.py:154} INFO - [2023-11-18T11:39:52.572+0000] {dag.py:2941} INFO - Sync 1 DAGs
[2023-11-18T11:39:52.583+0000] {logging_mixin.py:154} INFO - [2023-11-18T11:39:52.583+0000] {dag.py:3722} INFO - Setting next_dagrun for example_short_circuit_operator to 2023-11-17T11:39:52.583388+00:00, run_after=2023-11-18T11:39:52.583388+00:00
[2023-11-18T11:39:52.593+0000] {processor.py:179} INFO - Processing /home/airflow/.local/lib/python3.8/site-packages/airflow/example_dags/example_short_circuit_operator.py took 0.045 seconds
[2023-11-18T11:40:23.428+0000] {processor.py:157} INFO - Started process (PID=905) to work on /home/airflow/.local/lib/python3.8/site-packages/airflow/example_dags/example_short_circuit_operator.py
[2023-11-18T11:40:23.429+0000] {processor.py:829} INFO - Processing file /home/airflow/.local/lib/python3.8/site-packages/airflow/example_dags/example_short_circuit_operator.py for tasks to queue
[2023-11-18T11:40:23.430+0000] {logging_mixin.py:154} INFO - [2023-11-18T11:40:23.430+0000] {dagbag.py:536} INFO - Filling up the DagBag from /home/airflow/.local/lib/python3.8/site-packages/airflow/example_dags/example_short_circuit_operator.py
[2023-11-18T11:40:23.435+0000] {processor.py:839} INFO - DAG(s) dict_keys(['example_short_circuit_operator']) retrieved from /home/airflow/.local/lib/python3.8/site-packages/airflow/example_dags/example_short_circuit_operator.py
[2023-11-18T11:40:23.448+0000] {logging_mixin.py:154} INFO - [2023-11-18T11:40:23.448+0000] {dag.py:2941} INFO - Sync 1 DAGs
[2023-11-18T11:40:23.460+0000] {logging_mixin.py:154} INFO - [2023-11-18T11:40:23.460+0000] {dag.py:3722} INFO - Setting next_dagrun for example_short_circuit_operator to 2023-11-17T11:40:23.460418+00:00, run_after=2023-11-18T11:40:23.460418+00:00
[2023-11-18T11:40:23.469+0000] {processor.py:179} INFO - Processing /home/airflow/.local/lib/python3.8/site-packages/airflow/example_dags/example_short_circuit_operator.py took 0.044 seconds
[2023-11-18T11:40:53.762+0000] {processor.py:157} INFO - Started process (PID=960) to work on /home/airflow/.local/lib/python3.8/site-packages/airflow/example_dags/example_short_circuit_operator.py
[2023-11-18T11:40:53.763+0000] {processor.py:829} INFO - Processing file /home/airflow/.local/lib/python3.8/site-packages/airflow/example_dags/example_short_circuit_operator.py for tasks to queue
[2023-11-18T11:40:53.764+0000] {logging_mixin.py:154} INFO - [2023-11-18T11:40:53.764+0000] {dagbag.py:536} INFO - Filling up the DagBag from /home/airflow/.local/lib/python3.8/site-packages/airflow/example_dags/example_short_circuit_operator.py
[2023-11-18T11:40:53.769+0000] {processor.py:839} INFO - DAG(s) dict_keys(['example_short_circuit_operator']) retrieved from /home/airflow/.local/lib/python3.8/site-packages/airflow/example_dags/example_short_circuit_operator.py
[2023-11-18T11:40:53.782+0000] {logging_mixin.py:154} INFO - [2023-11-18T11:40:53.782+0000] {dag.py:2941} INFO - Sync 1 DAGs
[2023-11-18T11:40:53.793+0000] {logging_mixin.py:154} INFO - [2023-11-18T11:40:53.793+0000] {dag.py:3722} INFO - Setting next_dagrun for example_short_circuit_operator to 2023-11-17T11:40:53.793140+00:00, run_after=2023-11-18T11:40:53.793140+00:00
[2023-11-18T11:40:53.802+0000] {processor.py:179} INFO - Processing /home/airflow/.local/lib/python3.8/site-packages/airflow/example_dags/example_short_circuit_operator.py took 0.041 seconds
[2023-11-18T11:41:24.403+0000] {processor.py:157} INFO - Started process (PID=1022) to work on /home/airflow/.local/lib/python3.8/site-packages/airflow/example_dags/example_short_circuit_operator.py
[2023-11-18T11:41:24.404+0000] {processor.py:829} INFO - Processing file /home/airflow/.local/lib/python3.8/site-packages/airflow/example_dags/example_short_circuit_operator.py for tasks to queue
[2023-11-18T11:41:24.406+0000] {logging_mixin.py:154} INFO - [2023-11-18T11:41:24.406+0000] {dagbag.py:536} INFO - Filling up the DagBag from /home/airflow/.local/lib/python3.8/site-packages/airflow/example_dags/example_short_circuit_operator.py
[2023-11-18T11:41:24.411+0000] {processor.py:839} INFO - DAG(s) dict_keys(['example_short_circuit_operator']) retrieved from /home/airflow/.local/lib/python3.8/site-packages/airflow/example_dags/example_short_circuit_operator.py
[2023-11-18T11:41:24.426+0000] {logging_mixin.py:154} INFO - [2023-11-18T11:41:24.426+0000] {dag.py:2941} INFO - Sync 1 DAGs
[2023-11-18T11:41:24.438+0000] {logging_mixin.py:154} INFO - [2023-11-18T11:41:24.438+0000] {dag.py:3722} INFO - Setting next_dagrun for example_short_circuit_operator to 2023-11-17T11:41:24.438072+00:00, run_after=2023-11-18T11:41:24.438072+00:00
[2023-11-18T11:41:24.447+0000] {processor.py:179} INFO - Processing /home/airflow/.local/lib/python3.8/site-packages/airflow/example_dags/example_short_circuit_operator.py took 0.046 seconds
[2023-11-18T11:41:54.591+0000] {processor.py:157} INFO - Started process (PID=1077) to work on /home/airflow/.local/lib/python3.8/site-packages/airflow/example_dags/example_short_circuit_operator.py
[2023-11-18T11:41:54.592+0000] {processor.py:829} INFO - Processing file /home/airflow/.local/lib/python3.8/site-packages/airflow/example_dags/example_short_circuit_operator.py for tasks to queue
[2023-11-18T11:41:54.593+0000] {logging_mixin.py:154} INFO - [2023-11-18T11:41:54.593+0000] {dagbag.py:536} INFO - Filling up the DagBag from /home/airflow/.local/lib/python3.8/site-packages/airflow/example_dags/example_short_circuit_operator.py
[2023-11-18T11:41:54.598+0000] {processor.py:839} INFO - DAG(s) dict_keys(['example_short_circuit_operator']) retrieved from /home/airflow/.local/lib/python3.8/site-packages/airflow/example_dags/example_short_circuit_operator.py
[2023-11-18T11:41:54.611+0000] {logging_mixin.py:154} INFO - [2023-11-18T11:41:54.611+0000] {dag.py:2941} INFO - Sync 1 DAGs
[2023-11-18T11:41:54.623+0000] {logging_mixin.py:154} INFO - [2023-11-18T11:41:54.623+0000] {dag.py:3722} INFO - Setting next_dagrun for example_short_circuit_operator to 2023-11-17T11:41:54.622965+00:00, run_after=2023-11-18T11:41:54.622965+00:00
[2023-11-18T11:41:54.632+0000] {processor.py:179} INFO - Processing /home/airflow/.local/lib/python3.8/site-packages/airflow/example_dags/example_short_circuit_operator.py took 0.043 seconds
[2023-11-18T11:42:25.242+0000] {processor.py:157} INFO - Started process (PID=1132) to work on /home/airflow/.local/lib/python3.8/site-packages/airflow/example_dags/example_short_circuit_operator.py
[2023-11-18T11:42:25.243+0000] {processor.py:829} INFO - Processing file /home/airflow/.local/lib/python3.8/site-packages/airflow/example_dags/example_short_circuit_operator.py for tasks to queue
[2023-11-18T11:42:25.245+0000] {logging_mixin.py:154} INFO - [2023-11-18T11:42:25.244+0000] {dagbag.py:536} INFO - Filling up the DagBag from /home/airflow/.local/lib/python3.8/site-packages/airflow/example_dags/example_short_circuit_operator.py
[2023-11-18T11:42:25.251+0000] {processor.py:839} INFO - DAG(s) dict_keys(['example_short_circuit_operator']) retrieved from /home/airflow/.local/lib/python3.8/site-packages/airflow/example_dags/example_short_circuit_operator.py
[2023-11-18T11:42:25.270+0000] {logging_mixin.py:154} INFO - [2023-11-18T11:42:25.270+0000] {dag.py:2941} INFO - Sync 1 DAGs
[2023-11-18T11:42:25.283+0000] {logging_mixin.py:154} INFO - [2023-11-18T11:42:25.283+0000] {dag.py:3722} INFO - Setting next_dagrun for example_short_circuit_operator to 2023-11-17T11:42:25.283470+00:00, run_after=2023-11-18T11:42:25.283470+00:00
[2023-11-18T11:42:25.296+0000] {processor.py:179} INFO - Processing /home/airflow/.local/lib/python3.8/site-packages/airflow/example_dags/example_short_circuit_operator.py took 0.057 seconds
[2023-11-18T11:42:55.358+0000] {processor.py:157} INFO - Started process (PID=1187) to work on /home/airflow/.local/lib/python3.8/site-packages/airflow/example_dags/example_short_circuit_operator.py
[2023-11-18T11:42:55.359+0000] {processor.py:829} INFO - Processing file /home/airflow/.local/lib/python3.8/site-packages/airflow/example_dags/example_short_circuit_operator.py for tasks to queue
[2023-11-18T11:42:55.360+0000] {logging_mixin.py:154} INFO - [2023-11-18T11:42:55.360+0000] {dagbag.py:536} INFO - Filling up the DagBag from /home/airflow/.local/lib/python3.8/site-packages/airflow/example_dags/example_short_circuit_operator.py
[2023-11-18T11:42:55.366+0000] {processor.py:839} INFO - DAG(s) dict_keys(['example_short_circuit_operator']) retrieved from /home/airflow/.local/lib/python3.8/site-packages/airflow/example_dags/example_short_circuit_operator.py
[2023-11-18T11:42:55.382+0000] {logging_mixin.py:154} INFO - [2023-11-18T11:42:55.382+0000] {dag.py:2941} INFO - Sync 1 DAGs
[2023-11-18T11:42:55.394+0000] {logging_mixin.py:154} INFO - [2023-11-18T11:42:55.394+0000] {dag.py:3722} INFO - Setting next_dagrun for example_short_circuit_operator to 2023-11-17T11:42:55.393874+00:00, run_after=2023-11-18T11:42:55.393874+00:00
[2023-11-18T11:42:55.403+0000] {processor.py:179} INFO - Processing /home/airflow/.local/lib/python3.8/site-packages/airflow/example_dags/example_short_circuit_operator.py took 0.048 seconds
[2023-11-18T11:43:25.464+0000] {processor.py:157} INFO - Started process (PID=1242) to work on /home/airflow/.local/lib/python3.8/site-packages/airflow/example_dags/example_short_circuit_operator.py
[2023-11-18T11:43:25.465+0000] {processor.py:829} INFO - Processing file /home/airflow/.local/lib/python3.8/site-packages/airflow/example_dags/example_short_circuit_operator.py for tasks to queue
[2023-11-18T11:43:25.466+0000] {logging_mixin.py:154} INFO - [2023-11-18T11:43:25.466+0000] {dagbag.py:536} INFO - Filling up the DagBag from /home/airflow/.local/lib/python3.8/site-packages/airflow/example_dags/example_short_circuit_operator.py
[2023-11-18T11:43:25.471+0000] {processor.py:839} INFO - DAG(s) dict_keys(['example_short_circuit_operator']) retrieved from /home/airflow/.local/lib/python3.8/site-packages/airflow/example_dags/example_short_circuit_operator.py
[2023-11-18T11:43:25.483+0000] {logging_mixin.py:154} INFO - [2023-11-18T11:43:25.483+0000] {dag.py:2941} INFO - Sync 1 DAGs
[2023-11-18T11:43:25.497+0000] {logging_mixin.py:154} INFO - [2023-11-18T11:43:25.496+0000] {dag.py:3722} INFO - Setting next_dagrun for example_short_circuit_operator to 2023-11-17T11:43:25.496761+00:00, run_after=2023-11-18T11:43:25.496761+00:00
[2023-11-18T11:43:25.506+0000] {processor.py:179} INFO - Processing /home/airflow/.local/lib/python3.8/site-packages/airflow/example_dags/example_short_circuit_operator.py took 0.045 seconds
[2023-11-18T11:43:55.709+0000] {processor.py:157} INFO - Started process (PID=1297) to work on /home/airflow/.local/lib/python3.8/site-packages/airflow/example_dags/example_short_circuit_operator.py
[2023-11-18T11:43:55.710+0000] {processor.py:829} INFO - Processing file /home/airflow/.local/lib/python3.8/site-packages/airflow/example_dags/example_short_circuit_operator.py for tasks to queue
[2023-11-18T11:43:55.711+0000] {logging_mixin.py:154} INFO - [2023-11-18T11:43:55.711+0000] {dagbag.py:536} INFO - Filling up the DagBag from /home/airflow/.local/lib/python3.8/site-packages/airflow/example_dags/example_short_circuit_operator.py
[2023-11-18T11:43:55.716+0000] {processor.py:839} INFO - DAG(s) dict_keys(['example_short_circuit_operator']) retrieved from /home/airflow/.local/lib/python3.8/site-packages/airflow/example_dags/example_short_circuit_operator.py
[2023-11-18T11:43:55.728+0000] {logging_mixin.py:154} INFO - [2023-11-18T11:43:55.728+0000] {dag.py:2941} INFO - Sync 1 DAGs
[2023-11-18T11:43:55.739+0000] {logging_mixin.py:154} INFO - [2023-11-18T11:43:55.739+0000] {dag.py:3722} INFO - Setting next_dagrun for example_short_circuit_operator to 2023-11-17T11:43:55.739198+00:00, run_after=2023-11-18T11:43:55.739198+00:00
[2023-11-18T11:43:55.748+0000] {processor.py:179} INFO - Processing /home/airflow/.local/lib/python3.8/site-packages/airflow/example_dags/example_short_circuit_operator.py took 0.041 seconds
[2023-11-18T11:44:26.313+0000] {processor.py:157} INFO - Started process (PID=1363) to work on /home/airflow/.local/lib/python3.8/site-packages/airflow/example_dags/example_short_circuit_operator.py
[2023-11-18T11:44:26.318+0000] {processor.py:829} INFO - Processing file /home/airflow/.local/lib/python3.8/site-packages/airflow/example_dags/example_short_circuit_operator.py for tasks to queue
[2023-11-18T11:44:26.326+0000] {logging_mixin.py:154} INFO - [2023-11-18T11:44:26.326+0000] {dagbag.py:536} INFO - Filling up the DagBag from /home/airflow/.local/lib/python3.8/site-packages/airflow/example_dags/example_short_circuit_operator.py
[2023-11-18T11:44:26.339+0000] {processor.py:839} INFO - DAG(s) dict_keys(['example_short_circuit_operator']) retrieved from /home/airflow/.local/lib/python3.8/site-packages/airflow/example_dags/example_short_circuit_operator.py
[2023-11-18T11:44:26.414+0000] {logging_mixin.py:154} INFO - [2023-11-18T11:44:26.414+0000] {dag.py:2941} INFO - Sync 1 DAGs
[2023-11-18T11:44:26.452+0000] {logging_mixin.py:154} INFO - [2023-11-18T11:44:26.452+0000] {dag.py:3722} INFO - Setting next_dagrun for example_short_circuit_operator to 2023-11-17T11:44:26.451123+00:00, run_after=2023-11-18T11:44:26.451123+00:00
[2023-11-18T11:44:26.480+0000] {processor.py:179} INFO - Processing /home/airflow/.local/lib/python3.8/site-packages/airflow/example_dags/example_short_circuit_operator.py took 0.178 seconds
[2023-11-18T11:44:56.647+0000] {processor.py:157} INFO - Started process (PID=1419) to work on /home/airflow/.local/lib/python3.8/site-packages/airflow/example_dags/example_short_circuit_operator.py
[2023-11-18T11:44:56.648+0000] {processor.py:829} INFO - Processing file /home/airflow/.local/lib/python3.8/site-packages/airflow/example_dags/example_short_circuit_operator.py for tasks to queue
[2023-11-18T11:44:56.650+0000] {logging_mixin.py:154} INFO - [2023-11-18T11:44:56.650+0000] {dagbag.py:536} INFO - Filling up the DagBag from /home/airflow/.local/lib/python3.8/site-packages/airflow/example_dags/example_short_circuit_operator.py
[2023-11-18T11:44:56.655+0000] {processor.py:839} INFO - DAG(s) dict_keys(['example_short_circuit_operator']) retrieved from /home/airflow/.local/lib/python3.8/site-packages/airflow/example_dags/example_short_circuit_operator.py
[2023-11-18T11:44:56.671+0000] {logging_mixin.py:154} INFO - [2023-11-18T11:44:56.671+0000] {dag.py:2941} INFO - Sync 1 DAGs
[2023-11-18T11:44:56.685+0000] {logging_mixin.py:154} INFO - [2023-11-18T11:44:56.685+0000] {dag.py:3722} INFO - Setting next_dagrun for example_short_circuit_operator to 2023-11-17T11:44:56.685097+00:00, run_after=2023-11-18T11:44:56.685097+00:00
[2023-11-18T11:44:56.701+0000] {processor.py:179} INFO - Processing /home/airflow/.local/lib/python3.8/site-packages/airflow/example_dags/example_short_circuit_operator.py took 0.062 seconds
[2023-11-18T11:45:27.205+0000] {processor.py:157} INFO - Started process (PID=1480) to work on /home/airflow/.local/lib/python3.8/site-packages/airflow/example_dags/example_short_circuit_operator.py
[2023-11-18T11:45:27.206+0000] {processor.py:829} INFO - Processing file /home/airflow/.local/lib/python3.8/site-packages/airflow/example_dags/example_short_circuit_operator.py for tasks to queue
[2023-11-18T11:45:27.208+0000] {logging_mixin.py:154} INFO - [2023-11-18T11:45:27.207+0000] {dagbag.py:536} INFO - Filling up the DagBag from /home/airflow/.local/lib/python3.8/site-packages/airflow/example_dags/example_short_circuit_operator.py
[2023-11-18T11:45:27.212+0000] {processor.py:839} INFO - DAG(s) dict_keys(['example_short_circuit_operator']) retrieved from /home/airflow/.local/lib/python3.8/site-packages/airflow/example_dags/example_short_circuit_operator.py
[2023-11-18T11:45:27.224+0000] {logging_mixin.py:154} INFO - [2023-11-18T11:45:27.224+0000] {dag.py:2941} INFO - Sync 1 DAGs
[2023-11-18T11:45:27.236+0000] {logging_mixin.py:154} INFO - [2023-11-18T11:45:27.236+0000] {dag.py:3722} INFO - Setting next_dagrun for example_short_circuit_operator to 2023-11-17T11:45:27.236545+00:00, run_after=2023-11-18T11:45:27.236545+00:00
[2023-11-18T11:45:27.250+0000] {processor.py:179} INFO - Processing /home/airflow/.local/lib/python3.8/site-packages/airflow/example_dags/example_short_circuit_operator.py took 0.047 seconds
[2023-11-18T11:45:57.477+0000] {processor.py:157} INFO - Started process (PID=1541) to work on /home/airflow/.local/lib/python3.8/site-packages/airflow/example_dags/example_short_circuit_operator.py
[2023-11-18T11:45:57.478+0000] {processor.py:829} INFO - Processing file /home/airflow/.local/lib/python3.8/site-packages/airflow/example_dags/example_short_circuit_operator.py for tasks to queue
[2023-11-18T11:45:57.479+0000] {logging_mixin.py:154} INFO - [2023-11-18T11:45:57.479+0000] {dagbag.py:536} INFO - Filling up the DagBag from /home/airflow/.local/lib/python3.8/site-packages/airflow/example_dags/example_short_circuit_operator.py
[2023-11-18T11:45:57.484+0000] {processor.py:839} INFO - DAG(s) dict_keys(['example_short_circuit_operator']) retrieved from /home/airflow/.local/lib/python3.8/site-packages/airflow/example_dags/example_short_circuit_operator.py
[2023-11-18T11:45:57.501+0000] {logging_mixin.py:154} INFO - [2023-11-18T11:45:57.501+0000] {dag.py:2941} INFO - Sync 1 DAGs
[2023-11-18T11:45:57.520+0000] {logging_mixin.py:154} INFO - [2023-11-18T11:45:57.520+0000] {dag.py:3722} INFO - Setting next_dagrun for example_short_circuit_operator to 2023-11-17T11:45:57.519915+00:00, run_after=2023-11-18T11:45:57.519915+00:00
[2023-11-18T11:45:57.530+0000] {processor.py:179} INFO - Processing /home/airflow/.local/lib/python3.8/site-packages/airflow/example_dags/example_short_circuit_operator.py took 0.055 seconds
[2023-11-18T11:46:28.030+0000] {processor.py:157} INFO - Started process (PID=1602) to work on /home/airflow/.local/lib/python3.8/site-packages/airflow/example_dags/example_short_circuit_operator.py
[2023-11-18T11:46:28.031+0000] {processor.py:829} INFO - Processing file /home/airflow/.local/lib/python3.8/site-packages/airflow/example_dags/example_short_circuit_operator.py for tasks to queue
[2023-11-18T11:46:28.033+0000] {logging_mixin.py:154} INFO - [2023-11-18T11:46:28.033+0000] {dagbag.py:536} INFO - Filling up the DagBag from /home/airflow/.local/lib/python3.8/site-packages/airflow/example_dags/example_short_circuit_operator.py
[2023-11-18T11:46:28.038+0000] {processor.py:839} INFO - DAG(s) dict_keys(['example_short_circuit_operator']) retrieved from /home/airflow/.local/lib/python3.8/site-packages/airflow/example_dags/example_short_circuit_operator.py
[2023-11-18T11:46:28.055+0000] {logging_mixin.py:154} INFO - [2023-11-18T11:46:28.055+0000] {dag.py:2941} INFO - Sync 1 DAGs
[2023-11-18T11:46:28.070+0000] {logging_mixin.py:154} INFO - [2023-11-18T11:46:28.070+0000] {dag.py:3722} INFO - Setting next_dagrun for example_short_circuit_operator to 2023-11-17T11:46:28.070592+00:00, run_after=2023-11-18T11:46:28.070592+00:00
[2023-11-18T11:46:28.083+0000] {processor.py:179} INFO - Processing /home/airflow/.local/lib/python3.8/site-packages/airflow/example_dags/example_short_circuit_operator.py took 0.056 seconds
[2023-11-18T11:46:58.382+0000] {processor.py:157} INFO - Started process (PID=1663) to work on /home/airflow/.local/lib/python3.8/site-packages/airflow/example_dags/example_short_circuit_operator.py
[2023-11-18T11:46:58.382+0000] {processor.py:829} INFO - Processing file /home/airflow/.local/lib/python3.8/site-packages/airflow/example_dags/example_short_circuit_operator.py for tasks to queue
[2023-11-18T11:46:58.384+0000] {logging_mixin.py:154} INFO - [2023-11-18T11:46:58.384+0000] {dagbag.py:536} INFO - Filling up the DagBag from /home/airflow/.local/lib/python3.8/site-packages/airflow/example_dags/example_short_circuit_operator.py
[2023-11-18T11:46:58.388+0000] {processor.py:839} INFO - DAG(s) dict_keys(['example_short_circuit_operator']) retrieved from /home/airflow/.local/lib/python3.8/site-packages/airflow/example_dags/example_short_circuit_operator.py
[2023-11-18T11:46:58.402+0000] {logging_mixin.py:154} INFO - [2023-11-18T11:46:58.402+0000] {dag.py:2941} INFO - Sync 1 DAGs
[2023-11-18T11:46:58.416+0000] {logging_mixin.py:154} INFO - [2023-11-18T11:46:58.416+0000] {dag.py:3722} INFO - Setting next_dagrun for example_short_circuit_operator to 2023-11-17T11:46:58.416596+00:00, run_after=2023-11-18T11:46:58.416596+00:00
[2023-11-18T11:46:58.426+0000] {processor.py:179} INFO - Processing /home/airflow/.local/lib/python3.8/site-packages/airflow/example_dags/example_short_circuit_operator.py took 0.046 seconds
