[2023-11-18T11:32:25.712+0000] {processor.py:157} INFO - Started process (PID=51) to work on /home/airflow/.local/lib/python3.8/site-packages/airflow/example_dags/example_branch_datetime_operator.py
[2023-11-18T11:32:25.794+0000] {processor.py:829} INFO - Processing file /home/airflow/.local/lib/python3.8/site-packages/airflow/example_dags/example_branch_datetime_operator.py for tasks to queue
[2023-11-18T11:32:25.836+0000] {logging_mixin.py:154} INFO - [2023-11-18T11:32:25.831+0000] {dagbag.py:536} INFO - Filling up the DagBag from /home/airflow/.local/lib/python3.8/site-packages/airflow/example_dags/example_branch_datetime_operator.py
[2023-11-18T11:32:26.256+0000] {processor.py:839} INFO - DAG(s) dict_keys(['example_branch_datetime_operator', 'example_branch_datetime_operator_3', 'example_branch_datetime_operator_2']) retrieved from /home/airflow/.local/lib/python3.8/site-packages/airflow/example_dags/example_branch_datetime_operator.py
[2023-11-18T11:32:27.065+0000] {logging_mixin.py:154} INFO - [2023-11-18T11:32:27.063+0000] {dag.py:2941} INFO - Sync 3 DAGs
[2023-11-18T11:32:27.252+0000] {logging_mixin.py:154} INFO - [2023-11-18T11:32:27.251+0000] {dag.py:3722} INFO - Setting next_dagrun for example_branch_datetime_operator to 2023-11-17T00:00:00+00:00, run_after=2023-11-18T00:00:00+00:00
[2023-11-18T11:32:27.295+0000] {logging_mixin.py:154} INFO - [2023-11-18T11:32:27.295+0000] {dag.py:3722} INFO - Setting next_dagrun for example_branch_datetime_operator_2 to 2023-11-17T00:00:00+00:00, run_after=2023-11-18T00:00:00+00:00
[2023-11-18T11:32:27.364+0000] {logging_mixin.py:154} INFO - [2023-11-18T11:32:27.362+0000] {dag.py:3722} INFO - Setting next_dagrun for example_branch_datetime_operator_3 to 2023-11-17T00:00:00+00:00, run_after=2023-11-18T00:00:00+00:00
[2023-11-18T11:32:27.557+0000] {processor.py:179} INFO - Processing /home/airflow/.local/lib/python3.8/site-packages/airflow/example_dags/example_branch_datetime_operator.py took 1.961 seconds
[2023-11-18T11:32:58.216+0000] {processor.py:157} INFO - Started process (PID=107) to work on /home/airflow/.local/lib/python3.8/site-packages/airflow/example_dags/example_branch_datetime_operator.py
[2023-11-18T11:32:58.223+0000] {processor.py:829} INFO - Processing file /home/airflow/.local/lib/python3.8/site-packages/airflow/example_dags/example_branch_datetime_operator.py for tasks to queue
[2023-11-18T11:32:58.227+0000] {logging_mixin.py:154} INFO - [2023-11-18T11:32:58.227+0000] {dagbag.py:536} INFO - Filling up the DagBag from /home/airflow/.local/lib/python3.8/site-packages/airflow/example_dags/example_branch_datetime_operator.py
[2023-11-18T11:32:58.245+0000] {processor.py:839} INFO - DAG(s) dict_keys(['example_branch_datetime_operator_3', 'example_branch_datetime_operator_2', 'example_branch_datetime_operator']) retrieved from /home/airflow/.local/lib/python3.8/site-packages/airflow/example_dags/example_branch_datetime_operator.py
[2023-11-18T11:32:58.317+0000] {logging_mixin.py:154} INFO - [2023-11-18T11:32:58.317+0000] {dag.py:2941} INFO - Sync 3 DAGs
[2023-11-18T11:32:58.392+0000] {logging_mixin.py:154} INFO - [2023-11-18T11:32:58.388+0000] {dag.py:3722} INFO - Setting next_dagrun for example_branch_datetime_operator to 2023-11-17T00:00:00+00:00, run_after=2023-11-18T00:00:00+00:00
[2023-11-18T11:32:58.400+0000] {logging_mixin.py:154} INFO - [2023-11-18T11:32:58.400+0000] {dag.py:3722} INFO - Setting next_dagrun for example_branch_datetime_operator_2 to 2023-11-17T00:00:00+00:00, run_after=2023-11-18T00:00:00+00:00
[2023-11-18T11:32:58.402+0000] {logging_mixin.py:154} INFO - [2023-11-18T11:32:58.402+0000] {dag.py:3722} INFO - Setting next_dagrun for example_branch_datetime_operator_3 to 2023-11-17T00:00:00+00:00, run_after=2023-11-18T00:00:00+00:00
[2023-11-18T11:32:58.436+0000] {processor.py:179} INFO - Processing /home/airflow/.local/lib/python3.8/site-packages/airflow/example_dags/example_branch_datetime_operator.py took 0.230 seconds
[2023-11-18T11:33:28.670+0000] {processor.py:157} INFO - Started process (PID=163) to work on /home/airflow/.local/lib/python3.8/site-packages/airflow/example_dags/example_branch_datetime_operator.py
[2023-11-18T11:33:28.671+0000] {processor.py:829} INFO - Processing file /home/airflow/.local/lib/python3.8/site-packages/airflow/example_dags/example_branch_datetime_operator.py for tasks to queue
[2023-11-18T11:33:28.674+0000] {logging_mixin.py:154} INFO - [2023-11-18T11:33:28.674+0000] {dagbag.py:536} INFO - Filling up the DagBag from /home/airflow/.local/lib/python3.8/site-packages/airflow/example_dags/example_branch_datetime_operator.py
[2023-11-18T11:33:28.685+0000] {processor.py:839} INFO - DAG(s) dict_keys(['example_branch_datetime_operator_3', 'example_branch_datetime_operator', 'example_branch_datetime_operator_2']) retrieved from /home/airflow/.local/lib/python3.8/site-packages/airflow/example_dags/example_branch_datetime_operator.py
[2023-11-18T11:33:28.706+0000] {logging_mixin.py:154} INFO - [2023-11-18T11:33:28.706+0000] {dag.py:2941} INFO - Sync 3 DAGs
[2023-11-18T11:33:28.732+0000] {logging_mixin.py:154} INFO - [2023-11-18T11:33:28.732+0000] {dag.py:3722} INFO - Setting next_dagrun for example_branch_datetime_operator to 2023-11-17T00:00:00+00:00, run_after=2023-11-18T00:00:00+00:00
[2023-11-18T11:33:28.736+0000] {logging_mixin.py:154} INFO - [2023-11-18T11:33:28.736+0000] {dag.py:3722} INFO - Setting next_dagrun for example_branch_datetime_operator_2 to 2023-11-17T00:00:00+00:00, run_after=2023-11-18T00:00:00+00:00
[2023-11-18T11:33:28.738+0000] {logging_mixin.py:154} INFO - [2023-11-18T11:33:28.738+0000] {dag.py:3722} INFO - Setting next_dagrun for example_branch_datetime_operator_3 to 2023-11-17T00:00:00+00:00, run_after=2023-11-18T00:00:00+00:00
[2023-11-18T11:33:28.752+0000] {processor.py:179} INFO - Processing /home/airflow/.local/lib/python3.8/site-packages/airflow/example_dags/example_branch_datetime_operator.py took 0.086 seconds
[2023-11-18T11:33:59.707+0000] {processor.py:157} INFO - Started process (PID=218) to work on /home/airflow/.local/lib/python3.8/site-packages/airflow/example_dags/example_branch_datetime_operator.py
[2023-11-18T11:33:59.710+0000] {processor.py:829} INFO - Processing file /home/airflow/.local/lib/python3.8/site-packages/airflow/example_dags/example_branch_datetime_operator.py for tasks to queue
[2023-11-18T11:33:59.713+0000] {logging_mixin.py:154} INFO - [2023-11-18T11:33:59.713+0000] {dagbag.py:536} INFO - Filling up the DagBag from /home/airflow/.local/lib/python3.8/site-packages/airflow/example_dags/example_branch_datetime_operator.py
[2023-11-18T11:33:59.736+0000] {processor.py:839} INFO - DAG(s) dict_keys(['example_branch_datetime_operator_2', 'example_branch_datetime_operator', 'example_branch_datetime_operator_3']) retrieved from /home/airflow/.local/lib/python3.8/site-packages/airflow/example_dags/example_branch_datetime_operator.py
[2023-11-18T11:33:59.781+0000] {logging_mixin.py:154} INFO - [2023-11-18T11:33:59.781+0000] {dag.py:2941} INFO - Sync 3 DAGs
[2023-11-18T11:33:59.835+0000] {logging_mixin.py:154} INFO - [2023-11-18T11:33:59.835+0000] {dag.py:3722} INFO - Setting next_dagrun for example_branch_datetime_operator to 2023-11-17T00:00:00+00:00, run_after=2023-11-18T00:00:00+00:00
[2023-11-18T11:33:59.839+0000] {logging_mixin.py:154} INFO - [2023-11-18T11:33:59.838+0000] {dag.py:3722} INFO - Setting next_dagrun for example_branch_datetime_operator_2 to 2023-11-17T00:00:00+00:00, run_after=2023-11-18T00:00:00+00:00
[2023-11-18T11:33:59.840+0000] {logging_mixin.py:154} INFO - [2023-11-18T11:33:59.840+0000] {dag.py:3722} INFO - Setting next_dagrun for example_branch_datetime_operator_3 to 2023-11-17T00:00:00+00:00, run_after=2023-11-18T00:00:00+00:00
[2023-11-18T11:33:59.850+0000] {processor.py:179} INFO - Processing /home/airflow/.local/lib/python3.8/site-packages/airflow/example_dags/example_branch_datetime_operator.py took 0.149 seconds
[2023-11-18T11:34:30.593+0000] {processor.py:157} INFO - Started process (PID=271) to work on /home/airflow/.local/lib/python3.8/site-packages/airflow/example_dags/example_branch_datetime_operator.py
[2023-11-18T11:34:30.597+0000] {processor.py:829} INFO - Processing file /home/airflow/.local/lib/python3.8/site-packages/airflow/example_dags/example_branch_datetime_operator.py for tasks to queue
[2023-11-18T11:34:30.609+0000] {logging_mixin.py:154} INFO - [2023-11-18T11:34:30.606+0000] {dagbag.py:536} INFO - Filling up the DagBag from /home/airflow/.local/lib/python3.8/site-packages/airflow/example_dags/example_branch_datetime_operator.py
[2023-11-18T11:34:30.624+0000] {processor.py:839} INFO - DAG(s) dict_keys(['example_branch_datetime_operator_2', 'example_branch_datetime_operator', 'example_branch_datetime_operator_3']) retrieved from /home/airflow/.local/lib/python3.8/site-packages/airflow/example_dags/example_branch_datetime_operator.py
[2023-11-18T11:34:30.665+0000] {logging_mixin.py:154} INFO - [2023-11-18T11:34:30.665+0000] {dag.py:2941} INFO - Sync 3 DAGs
[2023-11-18T11:34:30.700+0000] {logging_mixin.py:154} INFO - [2023-11-18T11:34:30.700+0000] {dag.py:3722} INFO - Setting next_dagrun for example_branch_datetime_operator to 2023-11-17T00:00:00+00:00, run_after=2023-11-18T00:00:00+00:00
[2023-11-18T11:34:30.705+0000] {logging_mixin.py:154} INFO - [2023-11-18T11:34:30.705+0000] {dag.py:3722} INFO - Setting next_dagrun for example_branch_datetime_operator_2 to 2023-11-17T00:00:00+00:00, run_after=2023-11-18T00:00:00+00:00
[2023-11-18T11:34:30.707+0000] {logging_mixin.py:154} INFO - [2023-11-18T11:34:30.707+0000] {dag.py:3722} INFO - Setting next_dagrun for example_branch_datetime_operator_3 to 2023-11-17T00:00:00+00:00, run_after=2023-11-18T00:00:00+00:00
[2023-11-18T11:34:30.778+0000] {processor.py:179} INFO - Processing /home/airflow/.local/lib/python3.8/site-packages/airflow/example_dags/example_branch_datetime_operator.py took 0.190 seconds
[2023-11-18T11:35:01.013+0000] {processor.py:157} INFO - Started process (PID=326) to work on /home/airflow/.local/lib/python3.8/site-packages/airflow/example_dags/example_branch_datetime_operator.py
[2023-11-18T11:35:01.015+0000] {processor.py:829} INFO - Processing file /home/airflow/.local/lib/python3.8/site-packages/airflow/example_dags/example_branch_datetime_operator.py for tasks to queue
[2023-11-18T11:35:01.018+0000] {logging_mixin.py:154} INFO - [2023-11-18T11:35:01.018+0000] {dagbag.py:536} INFO - Filling up the DagBag from /home/airflow/.local/lib/python3.8/site-packages/airflow/example_dags/example_branch_datetime_operator.py
[2023-11-18T11:35:01.028+0000] {processor.py:839} INFO - DAG(s) dict_keys(['example_branch_datetime_operator_2', 'example_branch_datetime_operator_3', 'example_branch_datetime_operator']) retrieved from /home/airflow/.local/lib/python3.8/site-packages/airflow/example_dags/example_branch_datetime_operator.py
[2023-11-18T11:35:01.050+0000] {logging_mixin.py:154} INFO - [2023-11-18T11:35:01.050+0000] {dag.py:2941} INFO - Sync 3 DAGs
[2023-11-18T11:35:01.064+0000] {logging_mixin.py:154} INFO - [2023-11-18T11:35:01.064+0000] {dag.py:3722} INFO - Setting next_dagrun for example_branch_datetime_operator to 2023-11-17T00:00:00+00:00, run_after=2023-11-18T00:00:00+00:00
[2023-11-18T11:35:01.067+0000] {logging_mixin.py:154} INFO - [2023-11-18T11:35:01.067+0000] {dag.py:3722} INFO - Setting next_dagrun for example_branch_datetime_operator_2 to 2023-11-17T00:00:00+00:00, run_after=2023-11-18T00:00:00+00:00
[2023-11-18T11:35:01.069+0000] {logging_mixin.py:154} INFO - [2023-11-18T11:35:01.068+0000] {dag.py:3722} INFO - Setting next_dagrun for example_branch_datetime_operator_3 to 2023-11-17T00:00:00+00:00, run_after=2023-11-18T00:00:00+00:00
[2023-11-18T11:35:01.077+0000] {processor.py:179} INFO - Processing /home/airflow/.local/lib/python3.8/site-packages/airflow/example_dags/example_branch_datetime_operator.py took 0.069 seconds
[2023-11-18T11:35:31.726+0000] {processor.py:157} INFO - Started process (PID=382) to work on /home/airflow/.local/lib/python3.8/site-packages/airflow/example_dags/example_branch_datetime_operator.py
[2023-11-18T11:35:31.727+0000] {processor.py:829} INFO - Processing file /home/airflow/.local/lib/python3.8/site-packages/airflow/example_dags/example_branch_datetime_operator.py for tasks to queue
[2023-11-18T11:35:31.728+0000] {logging_mixin.py:154} INFO - [2023-11-18T11:35:31.728+0000] {dagbag.py:536} INFO - Filling up the DagBag from /home/airflow/.local/lib/python3.8/site-packages/airflow/example_dags/example_branch_datetime_operator.py
[2023-11-18T11:35:31.734+0000] {processor.py:839} INFO - DAG(s) dict_keys(['example_branch_datetime_operator_3', 'example_branch_datetime_operator', 'example_branch_datetime_operator_2']) retrieved from /home/airflow/.local/lib/python3.8/site-packages/airflow/example_dags/example_branch_datetime_operator.py
[2023-11-18T11:35:31.751+0000] {logging_mixin.py:154} INFO - [2023-11-18T11:35:31.751+0000] {dag.py:2941} INFO - Sync 3 DAGs
[2023-11-18T11:35:31.767+0000] {logging_mixin.py:154} INFO - [2023-11-18T11:35:31.767+0000] {dag.py:3722} INFO - Setting next_dagrun for example_branch_datetime_operator to 2023-11-17T00:00:00+00:00, run_after=2023-11-18T00:00:00+00:00
[2023-11-18T11:35:31.770+0000] {logging_mixin.py:154} INFO - [2023-11-18T11:35:31.770+0000] {dag.py:3722} INFO - Setting next_dagrun for example_branch_datetime_operator_2 to 2023-11-17T00:00:00+00:00, run_after=2023-11-18T00:00:00+00:00
[2023-11-18T11:35:31.772+0000] {logging_mixin.py:154} INFO - [2023-11-18T11:35:31.772+0000] {dag.py:3722} INFO - Setting next_dagrun for example_branch_datetime_operator_3 to 2023-11-17T00:00:00+00:00, run_after=2023-11-18T00:00:00+00:00
[2023-11-18T11:35:31.783+0000] {processor.py:179} INFO - Processing /home/airflow/.local/lib/python3.8/site-packages/airflow/example_dags/example_branch_datetime_operator.py took 0.059 seconds
[2023-11-18T11:36:02.042+0000] {processor.py:157} INFO - Started process (PID=437) to work on /home/airflow/.local/lib/python3.8/site-packages/airflow/example_dags/example_branch_datetime_operator.py
[2023-11-18T11:36:02.043+0000] {processor.py:829} INFO - Processing file /home/airflow/.local/lib/python3.8/site-packages/airflow/example_dags/example_branch_datetime_operator.py for tasks to queue
[2023-11-18T11:36:02.046+0000] {logging_mixin.py:154} INFO - [2023-11-18T11:36:02.046+0000] {dagbag.py:536} INFO - Filling up the DagBag from /home/airflow/.local/lib/python3.8/site-packages/airflow/example_dags/example_branch_datetime_operator.py
[2023-11-18T11:36:02.058+0000] {processor.py:839} INFO - DAG(s) dict_keys(['example_branch_datetime_operator_3', 'example_branch_datetime_operator_2', 'example_branch_datetime_operator']) retrieved from /home/airflow/.local/lib/python3.8/site-packages/airflow/example_dags/example_branch_datetime_operator.py
[2023-11-18T11:36:02.083+0000] {logging_mixin.py:154} INFO - [2023-11-18T11:36:02.083+0000] {dag.py:2941} INFO - Sync 3 DAGs
[2023-11-18T11:36:02.098+0000] {logging_mixin.py:154} INFO - [2023-11-18T11:36:02.098+0000] {dag.py:3722} INFO - Setting next_dagrun for example_branch_datetime_operator to 2023-11-17T00:00:00+00:00, run_after=2023-11-18T00:00:00+00:00
[2023-11-18T11:36:02.101+0000] {logging_mixin.py:154} INFO - [2023-11-18T11:36:02.100+0000] {dag.py:3722} INFO - Setting next_dagrun for example_branch_datetime_operator_2 to 2023-11-17T00:00:00+00:00, run_after=2023-11-18T00:00:00+00:00
[2023-11-18T11:36:02.102+0000] {logging_mixin.py:154} INFO - [2023-11-18T11:36:02.102+0000] {dag.py:3722} INFO - Setting next_dagrun for example_branch_datetime_operator_3 to 2023-11-17T00:00:00+00:00, run_after=2023-11-18T00:00:00+00:00
[2023-11-18T11:36:02.115+0000] {processor.py:179} INFO - Processing /home/airflow/.local/lib/python3.8/site-packages/airflow/example_dags/example_branch_datetime_operator.py took 0.077 seconds
[2023-11-18T11:36:32.267+0000] {processor.py:157} INFO - Started process (PID=492) to work on /home/airflow/.local/lib/python3.8/site-packages/airflow/example_dags/example_branch_datetime_operator.py
[2023-11-18T11:36:32.269+0000] {processor.py:829} INFO - Processing file /home/airflow/.local/lib/python3.8/site-packages/airflow/example_dags/example_branch_datetime_operator.py for tasks to queue
[2023-11-18T11:36:32.272+0000] {logging_mixin.py:154} INFO - [2023-11-18T11:36:32.271+0000] {dagbag.py:536} INFO - Filling up the DagBag from /home/airflow/.local/lib/python3.8/site-packages/airflow/example_dags/example_branch_datetime_operator.py
[2023-11-18T11:36:32.283+0000] {processor.py:839} INFO - DAG(s) dict_keys(['example_branch_datetime_operator_3', 'example_branch_datetime_operator', 'example_branch_datetime_operator_2']) retrieved from /home/airflow/.local/lib/python3.8/site-packages/airflow/example_dags/example_branch_datetime_operator.py
[2023-11-18T11:36:32.307+0000] {logging_mixin.py:154} INFO - [2023-11-18T11:36:32.306+0000] {dag.py:2941} INFO - Sync 3 DAGs
[2023-11-18T11:36:32.321+0000] {logging_mixin.py:154} INFO - [2023-11-18T11:36:32.321+0000] {dag.py:3722} INFO - Setting next_dagrun for example_branch_datetime_operator to 2023-11-17T00:00:00+00:00, run_after=2023-11-18T00:00:00+00:00
[2023-11-18T11:36:32.324+0000] {logging_mixin.py:154} INFO - [2023-11-18T11:36:32.324+0000] {dag.py:3722} INFO - Setting next_dagrun for example_branch_datetime_operator_2 to 2023-11-17T00:00:00+00:00, run_after=2023-11-18T00:00:00+00:00
[2023-11-18T11:36:32.325+0000] {logging_mixin.py:154} INFO - [2023-11-18T11:36:32.325+0000] {dag.py:3722} INFO - Setting next_dagrun for example_branch_datetime_operator_3 to 2023-11-17T00:00:00+00:00, run_after=2023-11-18T00:00:00+00:00
[2023-11-18T11:36:32.334+0000] {processor.py:179} INFO - Processing /home/airflow/.local/lib/python3.8/site-packages/airflow/example_dags/example_branch_datetime_operator.py took 0.073 seconds
[2023-11-18T11:37:02.792+0000] {processor.py:157} INFO - Started process (PID=547) to work on /home/airflow/.local/lib/python3.8/site-packages/airflow/example_dags/example_branch_datetime_operator.py
[2023-11-18T11:37:02.795+0000] {processor.py:829} INFO - Processing file /home/airflow/.local/lib/python3.8/site-packages/airflow/example_dags/example_branch_datetime_operator.py for tasks to queue
[2023-11-18T11:37:02.801+0000] {logging_mixin.py:154} INFO - [2023-11-18T11:37:02.800+0000] {dagbag.py:536} INFO - Filling up the DagBag from /home/airflow/.local/lib/python3.8/site-packages/airflow/example_dags/example_branch_datetime_operator.py
[2023-11-18T11:37:02.808+0000] {processor.py:839} INFO - DAG(s) dict_keys(['example_branch_datetime_operator_2', 'example_branch_datetime_operator_3', 'example_branch_datetime_operator']) retrieved from /home/airflow/.local/lib/python3.8/site-packages/airflow/example_dags/example_branch_datetime_operator.py
[2023-11-18T11:37:02.837+0000] {logging_mixin.py:154} INFO - [2023-11-18T11:37:02.836+0000] {dag.py:2941} INFO - Sync 3 DAGs
[2023-11-18T11:37:02.857+0000] {logging_mixin.py:154} INFO - [2023-11-18T11:37:02.857+0000] {dag.py:3722} INFO - Setting next_dagrun for example_branch_datetime_operator to 2023-11-17T00:00:00+00:00, run_after=2023-11-18T00:00:00+00:00
[2023-11-18T11:37:02.862+0000] {logging_mixin.py:154} INFO - [2023-11-18T11:37:02.862+0000] {dag.py:3722} INFO - Setting next_dagrun for example_branch_datetime_operator_2 to 2023-11-17T00:00:00+00:00, run_after=2023-11-18T00:00:00+00:00
[2023-11-18T11:37:02.864+0000] {logging_mixin.py:154} INFO - [2023-11-18T11:37:02.864+0000] {dag.py:3722} INFO - Setting next_dagrun for example_branch_datetime_operator_3 to 2023-11-17T00:00:00+00:00, run_after=2023-11-18T00:00:00+00:00
[2023-11-18T11:37:02.881+0000] {processor.py:179} INFO - Processing /home/airflow/.local/lib/python3.8/site-packages/airflow/example_dags/example_branch_datetime_operator.py took 0.096 seconds
[2023-11-18T11:37:33.749+0000] {processor.py:157} INFO - Started process (PID=602) to work on /home/airflow/.local/lib/python3.8/site-packages/airflow/example_dags/example_branch_datetime_operator.py
[2023-11-18T11:37:33.750+0000] {processor.py:829} INFO - Processing file /home/airflow/.local/lib/python3.8/site-packages/airflow/example_dags/example_branch_datetime_operator.py for tasks to queue
[2023-11-18T11:37:33.752+0000] {logging_mixin.py:154} INFO - [2023-11-18T11:37:33.752+0000] {dagbag.py:536} INFO - Filling up the DagBag from /home/airflow/.local/lib/python3.8/site-packages/airflow/example_dags/example_branch_datetime_operator.py
[2023-11-18T11:37:33.760+0000] {processor.py:839} INFO - DAG(s) dict_keys(['example_branch_datetime_operator_2', 'example_branch_datetime_operator', 'example_branch_datetime_operator_3']) retrieved from /home/airflow/.local/lib/python3.8/site-packages/airflow/example_dags/example_branch_datetime_operator.py
[2023-11-18T11:37:33.779+0000] {logging_mixin.py:154} INFO - [2023-11-18T11:37:33.779+0000] {dag.py:2941} INFO - Sync 3 DAGs
[2023-11-18T11:37:33.796+0000] {logging_mixin.py:154} INFO - [2023-11-18T11:37:33.795+0000] {dag.py:3722} INFO - Setting next_dagrun for example_branch_datetime_operator to 2023-11-17T00:00:00+00:00, run_after=2023-11-18T00:00:00+00:00
[2023-11-18T11:37:33.798+0000] {logging_mixin.py:154} INFO - [2023-11-18T11:37:33.798+0000] {dag.py:3722} INFO - Setting next_dagrun for example_branch_datetime_operator_2 to 2023-11-17T00:00:00+00:00, run_after=2023-11-18T00:00:00+00:00
[2023-11-18T11:37:33.800+0000] {logging_mixin.py:154} INFO - [2023-11-18T11:37:33.799+0000] {dag.py:3722} INFO - Setting next_dagrun for example_branch_datetime_operator_3 to 2023-11-17T00:00:00+00:00, run_after=2023-11-18T00:00:00+00:00
[2023-11-18T11:37:33.808+0000] {processor.py:179} INFO - Processing /home/airflow/.local/lib/python3.8/site-packages/airflow/example_dags/example_branch_datetime_operator.py took 0.062 seconds
[2023-11-18T11:38:03.871+0000] {processor.py:157} INFO - Started process (PID=657) to work on /home/airflow/.local/lib/python3.8/site-packages/airflow/example_dags/example_branch_datetime_operator.py
[2023-11-18T11:38:03.873+0000] {processor.py:829} INFO - Processing file /home/airflow/.local/lib/python3.8/site-packages/airflow/example_dags/example_branch_datetime_operator.py for tasks to queue
[2023-11-18T11:38:03.876+0000] {logging_mixin.py:154} INFO - [2023-11-18T11:38:03.875+0000] {dagbag.py:536} INFO - Filling up the DagBag from /home/airflow/.local/lib/python3.8/site-packages/airflow/example_dags/example_branch_datetime_operator.py
[2023-11-18T11:38:03.887+0000] {processor.py:839} INFO - DAG(s) dict_keys(['example_branch_datetime_operator', 'example_branch_datetime_operator_2', 'example_branch_datetime_operator_3']) retrieved from /home/airflow/.local/lib/python3.8/site-packages/airflow/example_dags/example_branch_datetime_operator.py
[2023-11-18T11:38:03.909+0000] {logging_mixin.py:154} INFO - [2023-11-18T11:38:03.908+0000] {dag.py:2941} INFO - Sync 3 DAGs
[2023-11-18T11:38:03.924+0000] {logging_mixin.py:154} INFO - [2023-11-18T11:38:03.923+0000] {dag.py:3722} INFO - Setting next_dagrun for example_branch_datetime_operator to 2023-11-17T00:00:00+00:00, run_after=2023-11-18T00:00:00+00:00
[2023-11-18T11:38:03.926+0000] {logging_mixin.py:154} INFO - [2023-11-18T11:38:03.926+0000] {dag.py:3722} INFO - Setting next_dagrun for example_branch_datetime_operator_2 to 2023-11-17T00:00:00+00:00, run_after=2023-11-18T00:00:00+00:00
[2023-11-18T11:38:03.928+0000] {logging_mixin.py:154} INFO - [2023-11-18T11:38:03.928+0000] {dag.py:3722} INFO - Setting next_dagrun for example_branch_datetime_operator_3 to 2023-11-17T00:00:00+00:00, run_after=2023-11-18T00:00:00+00:00
[2023-11-18T11:38:03.937+0000] {processor.py:179} INFO - Processing /home/airflow/.local/lib/python3.8/site-packages/airflow/example_dags/example_branch_datetime_operator.py took 0.070 seconds
[2023-11-18T11:38:34.734+0000] {processor.py:157} INFO - Started process (PID=712) to work on /home/airflow/.local/lib/python3.8/site-packages/airflow/example_dags/example_branch_datetime_operator.py
[2023-11-18T11:38:34.735+0000] {processor.py:829} INFO - Processing file /home/airflow/.local/lib/python3.8/site-packages/airflow/example_dags/example_branch_datetime_operator.py for tasks to queue
[2023-11-18T11:38:34.738+0000] {logging_mixin.py:154} INFO - [2023-11-18T11:38:34.738+0000] {dagbag.py:536} INFO - Filling up the DagBag from /home/airflow/.local/lib/python3.8/site-packages/airflow/example_dags/example_branch_datetime_operator.py
[2023-11-18T11:38:34.748+0000] {processor.py:839} INFO - DAG(s) dict_keys(['example_branch_datetime_operator', 'example_branch_datetime_operator_3', 'example_branch_datetime_operator_2']) retrieved from /home/airflow/.local/lib/python3.8/site-packages/airflow/example_dags/example_branch_datetime_operator.py
[2023-11-18T11:38:34.770+0000] {logging_mixin.py:154} INFO - [2023-11-18T11:38:34.770+0000] {dag.py:2941} INFO - Sync 3 DAGs
[2023-11-18T11:38:34.785+0000] {logging_mixin.py:154} INFO - [2023-11-18T11:38:34.785+0000] {dag.py:3722} INFO - Setting next_dagrun for example_branch_datetime_operator to 2023-11-17T00:00:00+00:00, run_after=2023-11-18T00:00:00+00:00
[2023-11-18T11:38:34.787+0000] {logging_mixin.py:154} INFO - [2023-11-18T11:38:34.787+0000] {dag.py:3722} INFO - Setting next_dagrun for example_branch_datetime_operator_2 to 2023-11-17T00:00:00+00:00, run_after=2023-11-18T00:00:00+00:00
[2023-11-18T11:38:34.789+0000] {logging_mixin.py:154} INFO - [2023-11-18T11:38:34.789+0000] {dag.py:3722} INFO - Setting next_dagrun for example_branch_datetime_operator_3 to 2023-11-17T00:00:00+00:00, run_after=2023-11-18T00:00:00+00:00
[2023-11-18T11:38:34.797+0000] {processor.py:179} INFO - Processing /home/airflow/.local/lib/python3.8/site-packages/airflow/example_dags/example_branch_datetime_operator.py took 0.068 seconds
[2023-11-18T11:39:05.014+0000] {processor.py:157} INFO - Started process (PID=767) to work on /home/airflow/.local/lib/python3.8/site-packages/airflow/example_dags/example_branch_datetime_operator.py
[2023-11-18T11:39:05.015+0000] {processor.py:829} INFO - Processing file /home/airflow/.local/lib/python3.8/site-packages/airflow/example_dags/example_branch_datetime_operator.py for tasks to queue
[2023-11-18T11:39:05.017+0000] {logging_mixin.py:154} INFO - [2023-11-18T11:39:05.017+0000] {dagbag.py:536} INFO - Filling up the DagBag from /home/airflow/.local/lib/python3.8/site-packages/airflow/example_dags/example_branch_datetime_operator.py
[2023-11-18T11:39:05.024+0000] {processor.py:839} INFO - DAG(s) dict_keys(['example_branch_datetime_operator_2', 'example_branch_datetime_operator_3', 'example_branch_datetime_operator']) retrieved from /home/airflow/.local/lib/python3.8/site-packages/airflow/example_dags/example_branch_datetime_operator.py
[2023-11-18T11:39:05.043+0000] {logging_mixin.py:154} INFO - [2023-11-18T11:39:05.043+0000] {dag.py:2941} INFO - Sync 3 DAGs
[2023-11-18T11:39:05.061+0000] {logging_mixin.py:154} INFO - [2023-11-18T11:39:05.060+0000] {dag.py:3722} INFO - Setting next_dagrun for example_branch_datetime_operator to 2023-11-17T00:00:00+00:00, run_after=2023-11-18T00:00:00+00:00
[2023-11-18T11:39:05.063+0000] {logging_mixin.py:154} INFO - [2023-11-18T11:39:05.063+0000] {dag.py:3722} INFO - Setting next_dagrun for example_branch_datetime_operator_2 to 2023-11-17T00:00:00+00:00, run_after=2023-11-18T00:00:00+00:00
[2023-11-18T11:39:05.065+0000] {logging_mixin.py:154} INFO - [2023-11-18T11:39:05.065+0000] {dag.py:3722} INFO - Setting next_dagrun for example_branch_datetime_operator_3 to 2023-11-17T00:00:00+00:00, run_after=2023-11-18T00:00:00+00:00
[2023-11-18T11:39:05.074+0000] {processor.py:179} INFO - Processing /home/airflow/.local/lib/python3.8/site-packages/airflow/example_dags/example_branch_datetime_operator.py took 0.063 seconds
[2023-11-18T11:39:35.199+0000] {processor.py:157} INFO - Started process (PID=822) to work on /home/airflow/.local/lib/python3.8/site-packages/airflow/example_dags/example_branch_datetime_operator.py
[2023-11-18T11:39:35.201+0000] {processor.py:829} INFO - Processing file /home/airflow/.local/lib/python3.8/site-packages/airflow/example_dags/example_branch_datetime_operator.py for tasks to queue
[2023-11-18T11:39:35.204+0000] {logging_mixin.py:154} INFO - [2023-11-18T11:39:35.204+0000] {dagbag.py:536} INFO - Filling up the DagBag from /home/airflow/.local/lib/python3.8/site-packages/airflow/example_dags/example_branch_datetime_operator.py
[2023-11-18T11:39:35.218+0000] {processor.py:839} INFO - DAG(s) dict_keys(['example_branch_datetime_operator_2', 'example_branch_datetime_operator_3', 'example_branch_datetime_operator']) retrieved from /home/airflow/.local/lib/python3.8/site-packages/airflow/example_dags/example_branch_datetime_operator.py
[2023-11-18T11:39:35.246+0000] {logging_mixin.py:154} INFO - [2023-11-18T11:39:35.246+0000] {dag.py:2941} INFO - Sync 3 DAGs
[2023-11-18T11:39:35.259+0000] {logging_mixin.py:154} INFO - [2023-11-18T11:39:35.259+0000] {dag.py:3722} INFO - Setting next_dagrun for example_branch_datetime_operator to 2023-11-17T00:00:00+00:00, run_after=2023-11-18T00:00:00+00:00
[2023-11-18T11:39:35.262+0000] {logging_mixin.py:154} INFO - [2023-11-18T11:39:35.262+0000] {dag.py:3722} INFO - Setting next_dagrun for example_branch_datetime_operator_2 to 2023-11-17T00:00:00+00:00, run_after=2023-11-18T00:00:00+00:00
[2023-11-18T11:39:35.263+0000] {logging_mixin.py:154} INFO - [2023-11-18T11:39:35.263+0000] {dag.py:3722} INFO - Setting next_dagrun for example_branch_datetime_operator_3 to 2023-11-17T00:00:00+00:00, run_after=2023-11-18T00:00:00+00:00
[2023-11-18T11:39:35.271+0000] {processor.py:179} INFO - Processing /home/airflow/.local/lib/python3.8/site-packages/airflow/example_dags/example_branch_datetime_operator.py took 0.077 seconds
[2023-11-18T11:40:05.407+0000] {processor.py:157} INFO - Started process (PID=877) to work on /home/airflow/.local/lib/python3.8/site-packages/airflow/example_dags/example_branch_datetime_operator.py
[2023-11-18T11:40:05.409+0000] {processor.py:829} INFO - Processing file /home/airflow/.local/lib/python3.8/site-packages/airflow/example_dags/example_branch_datetime_operator.py for tasks to queue
[2023-11-18T11:40:05.412+0000] {logging_mixin.py:154} INFO - [2023-11-18T11:40:05.411+0000] {dagbag.py:536} INFO - Filling up the DagBag from /home/airflow/.local/lib/python3.8/site-packages/airflow/example_dags/example_branch_datetime_operator.py
[2023-11-18T11:40:05.421+0000] {processor.py:839} INFO - DAG(s) dict_keys(['example_branch_datetime_operator_3', 'example_branch_datetime_operator', 'example_branch_datetime_operator_2']) retrieved from /home/airflow/.local/lib/python3.8/site-packages/airflow/example_dags/example_branch_datetime_operator.py
[2023-11-18T11:40:05.460+0000] {logging_mixin.py:154} INFO - [2023-11-18T11:40:05.459+0000] {dag.py:2941} INFO - Sync 3 DAGs
[2023-11-18T11:40:05.489+0000] {logging_mixin.py:154} INFO - [2023-11-18T11:40:05.489+0000] {dag.py:3722} INFO - Setting next_dagrun for example_branch_datetime_operator to 2023-11-17T00:00:00+00:00, run_after=2023-11-18T00:00:00+00:00
[2023-11-18T11:40:05.492+0000] {logging_mixin.py:154} INFO - [2023-11-18T11:40:05.492+0000] {dag.py:3722} INFO - Setting next_dagrun for example_branch_datetime_operator_2 to 2023-11-17T00:00:00+00:00, run_after=2023-11-18T00:00:00+00:00
[2023-11-18T11:40:05.494+0000] {logging_mixin.py:154} INFO - [2023-11-18T11:40:05.494+0000] {dag.py:3722} INFO - Setting next_dagrun for example_branch_datetime_operator_3 to 2023-11-17T00:00:00+00:00, run_after=2023-11-18T00:00:00+00:00
[2023-11-18T11:40:05.507+0000] {processor.py:179} INFO - Processing /home/airflow/.local/lib/python3.8/site-packages/airflow/example_dags/example_branch_datetime_operator.py took 0.105 seconds
[2023-11-18T11:40:36.209+0000] {processor.py:157} INFO - Started process (PID=932) to work on /home/airflow/.local/lib/python3.8/site-packages/airflow/example_dags/example_branch_datetime_operator.py
[2023-11-18T11:40:36.211+0000] {processor.py:829} INFO - Processing file /home/airflow/.local/lib/python3.8/site-packages/airflow/example_dags/example_branch_datetime_operator.py for tasks to queue
[2023-11-18T11:40:36.214+0000] {logging_mixin.py:154} INFO - [2023-11-18T11:40:36.214+0000] {dagbag.py:536} INFO - Filling up the DagBag from /home/airflow/.local/lib/python3.8/site-packages/airflow/example_dags/example_branch_datetime_operator.py
[2023-11-18T11:40:36.228+0000] {processor.py:839} INFO - DAG(s) dict_keys(['example_branch_datetime_operator_2', 'example_branch_datetime_operator', 'example_branch_datetime_operator_3']) retrieved from /home/airflow/.local/lib/python3.8/site-packages/airflow/example_dags/example_branch_datetime_operator.py
[2023-11-18T11:40:36.252+0000] {logging_mixin.py:154} INFO - [2023-11-18T11:40:36.252+0000] {dag.py:2941} INFO - Sync 3 DAGs
[2023-11-18T11:40:36.267+0000] {logging_mixin.py:154} INFO - [2023-11-18T11:40:36.267+0000] {dag.py:3722} INFO - Setting next_dagrun for example_branch_datetime_operator to 2023-11-17T00:00:00+00:00, run_after=2023-11-18T00:00:00+00:00
[2023-11-18T11:40:36.270+0000] {logging_mixin.py:154} INFO - [2023-11-18T11:40:36.270+0000] {dag.py:3722} INFO - Setting next_dagrun for example_branch_datetime_operator_2 to 2023-11-17T00:00:00+00:00, run_after=2023-11-18T00:00:00+00:00
[2023-11-18T11:40:36.271+0000] {logging_mixin.py:154} INFO - [2023-11-18T11:40:36.271+0000] {dag.py:3722} INFO - Setting next_dagrun for example_branch_datetime_operator_3 to 2023-11-17T00:00:00+00:00, run_after=2023-11-18T00:00:00+00:00
[2023-11-18T11:40:36.279+0000] {processor.py:179} INFO - Processing /home/airflow/.local/lib/python3.8/site-packages/airflow/example_dags/example_branch_datetime_operator.py took 0.079 seconds
[2023-11-18T11:41:06.529+0000] {processor.py:157} INFO - Started process (PID=987) to work on /home/airflow/.local/lib/python3.8/site-packages/airflow/example_dags/example_branch_datetime_operator.py
[2023-11-18T11:41:06.531+0000] {processor.py:829} INFO - Processing file /home/airflow/.local/lib/python3.8/site-packages/airflow/example_dags/example_branch_datetime_operator.py for tasks to queue
[2023-11-18T11:41:06.534+0000] {logging_mixin.py:154} INFO - [2023-11-18T11:41:06.534+0000] {dagbag.py:536} INFO - Filling up the DagBag from /home/airflow/.local/lib/python3.8/site-packages/airflow/example_dags/example_branch_datetime_operator.py
[2023-11-18T11:41:06.545+0000] {processor.py:839} INFO - DAG(s) dict_keys(['example_branch_datetime_operator_3', 'example_branch_datetime_operator', 'example_branch_datetime_operator_2']) retrieved from /home/airflow/.local/lib/python3.8/site-packages/airflow/example_dags/example_branch_datetime_operator.py
[2023-11-18T11:41:06.571+0000] {logging_mixin.py:154} INFO - [2023-11-18T11:41:06.570+0000] {dag.py:2941} INFO - Sync 3 DAGs
[2023-11-18T11:41:06.587+0000] {logging_mixin.py:154} INFO - [2023-11-18T11:41:06.587+0000] {dag.py:3722} INFO - Setting next_dagrun for example_branch_datetime_operator to 2023-11-17T00:00:00+00:00, run_after=2023-11-18T00:00:00+00:00
[2023-11-18T11:41:06.591+0000] {logging_mixin.py:154} INFO - [2023-11-18T11:41:06.591+0000] {dag.py:3722} INFO - Setting next_dagrun for example_branch_datetime_operator_2 to 2023-11-17T00:00:00+00:00, run_after=2023-11-18T00:00:00+00:00
[2023-11-18T11:41:06.593+0000] {logging_mixin.py:154} INFO - [2023-11-18T11:41:06.593+0000] {dag.py:3722} INFO - Setting next_dagrun for example_branch_datetime_operator_3 to 2023-11-17T00:00:00+00:00, run_after=2023-11-18T00:00:00+00:00
[2023-11-18T11:41:06.643+0000] {processor.py:179} INFO - Processing /home/airflow/.local/lib/python3.8/site-packages/airflow/example_dags/example_branch_datetime_operator.py took 0.119 seconds
[2023-11-18T11:41:37.190+0000] {processor.py:157} INFO - Started process (PID=1042) to work on /home/airflow/.local/lib/python3.8/site-packages/airflow/example_dags/example_branch_datetime_operator.py
[2023-11-18T11:41:37.192+0000] {processor.py:829} INFO - Processing file /home/airflow/.local/lib/python3.8/site-packages/airflow/example_dags/example_branch_datetime_operator.py for tasks to queue
[2023-11-18T11:41:37.194+0000] {logging_mixin.py:154} INFO - [2023-11-18T11:41:37.193+0000] {dagbag.py:536} INFO - Filling up the DagBag from /home/airflow/.local/lib/python3.8/site-packages/airflow/example_dags/example_branch_datetime_operator.py
[2023-11-18T11:41:37.200+0000] {processor.py:839} INFO - DAG(s) dict_keys(['example_branch_datetime_operator_2', 'example_branch_datetime_operator', 'example_branch_datetime_operator_3']) retrieved from /home/airflow/.local/lib/python3.8/site-packages/airflow/example_dags/example_branch_datetime_operator.py
[2023-11-18T11:41:37.216+0000] {logging_mixin.py:154} INFO - [2023-11-18T11:41:37.216+0000] {dag.py:2941} INFO - Sync 3 DAGs
[2023-11-18T11:41:37.229+0000] {logging_mixin.py:154} INFO - [2023-11-18T11:41:37.229+0000] {dag.py:3722} INFO - Setting next_dagrun for example_branch_datetime_operator to 2023-11-17T00:00:00+00:00, run_after=2023-11-18T00:00:00+00:00
[2023-11-18T11:41:37.231+0000] {logging_mixin.py:154} INFO - [2023-11-18T11:41:37.231+0000] {dag.py:3722} INFO - Setting next_dagrun for example_branch_datetime_operator_2 to 2023-11-17T00:00:00+00:00, run_after=2023-11-18T00:00:00+00:00
[2023-11-18T11:41:37.233+0000] {logging_mixin.py:154} INFO - [2023-11-18T11:41:37.232+0000] {dag.py:3722} INFO - Setting next_dagrun for example_branch_datetime_operator_3 to 2023-11-17T00:00:00+00:00, run_after=2023-11-18T00:00:00+00:00
[2023-11-18T11:41:37.241+0000] {processor.py:179} INFO - Processing /home/airflow/.local/lib/python3.8/site-packages/airflow/example_dags/example_branch_datetime_operator.py took 0.053 seconds
[2023-11-18T11:42:07.396+0000] {processor.py:157} INFO - Started process (PID=1097) to work on /home/airflow/.local/lib/python3.8/site-packages/airflow/example_dags/example_branch_datetime_operator.py
[2023-11-18T11:42:07.397+0000] {processor.py:829} INFO - Processing file /home/airflow/.local/lib/python3.8/site-packages/airflow/example_dags/example_branch_datetime_operator.py for tasks to queue
[2023-11-18T11:42:07.400+0000] {logging_mixin.py:154} INFO - [2023-11-18T11:42:07.399+0000] {dagbag.py:536} INFO - Filling up the DagBag from /home/airflow/.local/lib/python3.8/site-packages/airflow/example_dags/example_branch_datetime_operator.py
[2023-11-18T11:42:07.413+0000] {processor.py:839} INFO - DAG(s) dict_keys(['example_branch_datetime_operator', 'example_branch_datetime_operator_2', 'example_branch_datetime_operator_3']) retrieved from /home/airflow/.local/lib/python3.8/site-packages/airflow/example_dags/example_branch_datetime_operator.py
[2023-11-18T11:42:07.442+0000] {logging_mixin.py:154} INFO - [2023-11-18T11:42:07.442+0000] {dag.py:2941} INFO - Sync 3 DAGs
[2023-11-18T11:42:07.458+0000] {logging_mixin.py:154} INFO - [2023-11-18T11:42:07.458+0000] {dag.py:3722} INFO - Setting next_dagrun for example_branch_datetime_operator to 2023-11-17T00:00:00+00:00, run_after=2023-11-18T00:00:00+00:00
[2023-11-18T11:42:07.461+0000] {logging_mixin.py:154} INFO - [2023-11-18T11:42:07.461+0000] {dag.py:3722} INFO - Setting next_dagrun for example_branch_datetime_operator_2 to 2023-11-17T00:00:00+00:00, run_after=2023-11-18T00:00:00+00:00
[2023-11-18T11:42:07.462+0000] {logging_mixin.py:154} INFO - [2023-11-18T11:42:07.462+0000] {dag.py:3722} INFO - Setting next_dagrun for example_branch_datetime_operator_3 to 2023-11-17T00:00:00+00:00, run_after=2023-11-18T00:00:00+00:00
[2023-11-18T11:42:07.471+0000] {processor.py:179} INFO - Processing /home/airflow/.local/lib/python3.8/site-packages/airflow/example_dags/example_branch_datetime_operator.py took 0.080 seconds
[2023-11-18T11:42:38.187+0000] {processor.py:157} INFO - Started process (PID=1152) to work on /home/airflow/.local/lib/python3.8/site-packages/airflow/example_dags/example_branch_datetime_operator.py
[2023-11-18T11:42:38.190+0000] {processor.py:829} INFO - Processing file /home/airflow/.local/lib/python3.8/site-packages/airflow/example_dags/example_branch_datetime_operator.py for tasks to queue
[2023-11-18T11:42:38.192+0000] {logging_mixin.py:154} INFO - [2023-11-18T11:42:38.192+0000] {dagbag.py:536} INFO - Filling up the DagBag from /home/airflow/.local/lib/python3.8/site-packages/airflow/example_dags/example_branch_datetime_operator.py
[2023-11-18T11:42:38.202+0000] {processor.py:839} INFO - DAG(s) dict_keys(['example_branch_datetime_operator_2', 'example_branch_datetime_operator', 'example_branch_datetime_operator_3']) retrieved from /home/airflow/.local/lib/python3.8/site-packages/airflow/example_dags/example_branch_datetime_operator.py
[2023-11-18T11:42:38.245+0000] {logging_mixin.py:154} INFO - [2023-11-18T11:42:38.245+0000] {dag.py:2941} INFO - Sync 3 DAGs
[2023-11-18T11:42:38.263+0000] {logging_mixin.py:154} INFO - [2023-11-18T11:42:38.262+0000] {dag.py:3722} INFO - Setting next_dagrun for example_branch_datetime_operator to 2023-11-17T00:00:00+00:00, run_after=2023-11-18T00:00:00+00:00
[2023-11-18T11:42:38.266+0000] {logging_mixin.py:154} INFO - [2023-11-18T11:42:38.266+0000] {dag.py:3722} INFO - Setting next_dagrun for example_branch_datetime_operator_2 to 2023-11-17T00:00:00+00:00, run_after=2023-11-18T00:00:00+00:00
[2023-11-18T11:42:38.268+0000] {logging_mixin.py:154} INFO - [2023-11-18T11:42:38.268+0000] {dag.py:3722} INFO - Setting next_dagrun for example_branch_datetime_operator_3 to 2023-11-17T00:00:00+00:00, run_after=2023-11-18T00:00:00+00:00
[2023-11-18T11:42:38.280+0000] {processor.py:179} INFO - Processing /home/airflow/.local/lib/python3.8/site-packages/airflow/example_dags/example_branch_datetime_operator.py took 0.096 seconds
[2023-11-18T11:43:08.334+0000] {processor.py:157} INFO - Started process (PID=1208) to work on /home/airflow/.local/lib/python3.8/site-packages/airflow/example_dags/example_branch_datetime_operator.py
[2023-11-18T11:43:08.335+0000] {processor.py:829} INFO - Processing file /home/airflow/.local/lib/python3.8/site-packages/airflow/example_dags/example_branch_datetime_operator.py for tasks to queue
[2023-11-18T11:43:08.336+0000] {logging_mixin.py:154} INFO - [2023-11-18T11:43:08.336+0000] {dagbag.py:536} INFO - Filling up the DagBag from /home/airflow/.local/lib/python3.8/site-packages/airflow/example_dags/example_branch_datetime_operator.py
[2023-11-18T11:43:08.342+0000] {processor.py:839} INFO - DAG(s) dict_keys(['example_branch_datetime_operator_3', 'example_branch_datetime_operator_2', 'example_branch_datetime_operator']) retrieved from /home/airflow/.local/lib/python3.8/site-packages/airflow/example_dags/example_branch_datetime_operator.py
[2023-11-18T11:43:08.359+0000] {logging_mixin.py:154} INFO - [2023-11-18T11:43:08.359+0000] {dag.py:2941} INFO - Sync 3 DAGs
[2023-11-18T11:43:08.374+0000] {logging_mixin.py:154} INFO - [2023-11-18T11:43:08.374+0000] {dag.py:3722} INFO - Setting next_dagrun for example_branch_datetime_operator to 2023-11-17T00:00:00+00:00, run_after=2023-11-18T00:00:00+00:00
[2023-11-18T11:43:08.377+0000] {logging_mixin.py:154} INFO - [2023-11-18T11:43:08.376+0000] {dag.py:3722} INFO - Setting next_dagrun for example_branch_datetime_operator_2 to 2023-11-17T00:00:00+00:00, run_after=2023-11-18T00:00:00+00:00
[2023-11-18T11:43:08.378+0000] {logging_mixin.py:154} INFO - [2023-11-18T11:43:08.378+0000] {dag.py:3722} INFO - Setting next_dagrun for example_branch_datetime_operator_3 to 2023-11-17T00:00:00+00:00, run_after=2023-11-18T00:00:00+00:00
[2023-11-18T11:43:08.385+0000] {processor.py:179} INFO - Processing /home/airflow/.local/lib/python3.8/site-packages/airflow/example_dags/example_branch_datetime_operator.py took 0.053 seconds
[2023-11-18T11:43:38.450+0000] {processor.py:157} INFO - Started process (PID=1262) to work on /home/airflow/.local/lib/python3.8/site-packages/airflow/example_dags/example_branch_datetime_operator.py
[2023-11-18T11:43:38.453+0000] {processor.py:829} INFO - Processing file /home/airflow/.local/lib/python3.8/site-packages/airflow/example_dags/example_branch_datetime_operator.py for tasks to queue
[2023-11-18T11:43:38.456+0000] {logging_mixin.py:154} INFO - [2023-11-18T11:43:38.456+0000] {dagbag.py:536} INFO - Filling up the DagBag from /home/airflow/.local/lib/python3.8/site-packages/airflow/example_dags/example_branch_datetime_operator.py
[2023-11-18T11:43:38.468+0000] {processor.py:839} INFO - DAG(s) dict_keys(['example_branch_datetime_operator', 'example_branch_datetime_operator_3', 'example_branch_datetime_operator_2']) retrieved from /home/airflow/.local/lib/python3.8/site-packages/airflow/example_dags/example_branch_datetime_operator.py
[2023-11-18T11:43:38.491+0000] {logging_mixin.py:154} INFO - [2023-11-18T11:43:38.491+0000] {dag.py:2941} INFO - Sync 3 DAGs
[2023-11-18T11:43:38.506+0000] {logging_mixin.py:154} INFO - [2023-11-18T11:43:38.506+0000] {dag.py:3722} INFO - Setting next_dagrun for example_branch_datetime_operator to 2023-11-17T00:00:00+00:00, run_after=2023-11-18T00:00:00+00:00
[2023-11-18T11:43:38.509+0000] {logging_mixin.py:154} INFO - [2023-11-18T11:43:38.509+0000] {dag.py:3722} INFO - Setting next_dagrun for example_branch_datetime_operator_2 to 2023-11-17T00:00:00+00:00, run_after=2023-11-18T00:00:00+00:00
[2023-11-18T11:43:38.512+0000] {logging_mixin.py:154} INFO - [2023-11-18T11:43:38.512+0000] {dag.py:3722} INFO - Setting next_dagrun for example_branch_datetime_operator_3 to 2023-11-17T00:00:00+00:00, run_after=2023-11-18T00:00:00+00:00
[2023-11-18T11:43:38.524+0000] {processor.py:179} INFO - Processing /home/airflow/.local/lib/python3.8/site-packages/airflow/example_dags/example_branch_datetime_operator.py took 0.080 seconds
[2023-11-18T11:44:08.632+0000] {processor.py:157} INFO - Started process (PID=1317) to work on /home/airflow/.local/lib/python3.8/site-packages/airflow/example_dags/example_branch_datetime_operator.py
[2023-11-18T11:44:08.634+0000] {processor.py:829} INFO - Processing file /home/airflow/.local/lib/python3.8/site-packages/airflow/example_dags/example_branch_datetime_operator.py for tasks to queue
[2023-11-18T11:44:08.636+0000] {logging_mixin.py:154} INFO - [2023-11-18T11:44:08.636+0000] {dagbag.py:536} INFO - Filling up the DagBag from /home/airflow/.local/lib/python3.8/site-packages/airflow/example_dags/example_branch_datetime_operator.py
[2023-11-18T11:44:08.645+0000] {processor.py:839} INFO - DAG(s) dict_keys(['example_branch_datetime_operator', 'example_branch_datetime_operator_2', 'example_branch_datetime_operator_3']) retrieved from /home/airflow/.local/lib/python3.8/site-packages/airflow/example_dags/example_branch_datetime_operator.py
[2023-11-18T11:44:08.669+0000] {logging_mixin.py:154} INFO - [2023-11-18T11:44:08.668+0000] {dag.py:2941} INFO - Sync 3 DAGs
[2023-11-18T11:44:08.682+0000] {logging_mixin.py:154} INFO - [2023-11-18T11:44:08.682+0000] {dag.py:3722} INFO - Setting next_dagrun for example_branch_datetime_operator to 2023-11-17T00:00:00+00:00, run_after=2023-11-18T00:00:00+00:00
[2023-11-18T11:44:08.684+0000] {logging_mixin.py:154} INFO - [2023-11-18T11:44:08.684+0000] {dag.py:3722} INFO - Setting next_dagrun for example_branch_datetime_operator_2 to 2023-11-17T00:00:00+00:00, run_after=2023-11-18T00:00:00+00:00
[2023-11-18T11:44:08.686+0000] {logging_mixin.py:154} INFO - [2023-11-18T11:44:08.686+0000] {dag.py:3722} INFO - Setting next_dagrun for example_branch_datetime_operator_3 to 2023-11-17T00:00:00+00:00, run_after=2023-11-18T00:00:00+00:00
[2023-11-18T11:44:08.696+0000] {processor.py:179} INFO - Processing /home/airflow/.local/lib/python3.8/site-packages/airflow/example_dags/example_branch_datetime_operator.py took 0.069 seconds
[2023-11-18T11:44:39.213+0000] {processor.py:157} INFO - Started process (PID=1384) to work on /home/airflow/.local/lib/python3.8/site-packages/airflow/example_dags/example_branch_datetime_operator.py
[2023-11-18T11:44:39.215+0000] {processor.py:829} INFO - Processing file /home/airflow/.local/lib/python3.8/site-packages/airflow/example_dags/example_branch_datetime_operator.py for tasks to queue
[2023-11-18T11:44:39.218+0000] {logging_mixin.py:154} INFO - [2023-11-18T11:44:39.218+0000] {dagbag.py:536} INFO - Filling up the DagBag from /home/airflow/.local/lib/python3.8/site-packages/airflow/example_dags/example_branch_datetime_operator.py
[2023-11-18T11:44:39.229+0000] {processor.py:839} INFO - DAG(s) dict_keys(['example_branch_datetime_operator_3', 'example_branch_datetime_operator_2', 'example_branch_datetime_operator']) retrieved from /home/airflow/.local/lib/python3.8/site-packages/airflow/example_dags/example_branch_datetime_operator.py
[2023-11-18T11:44:39.254+0000] {logging_mixin.py:154} INFO - [2023-11-18T11:44:39.254+0000] {dag.py:2941} INFO - Sync 3 DAGs
[2023-11-18T11:44:39.268+0000] {logging_mixin.py:154} INFO - [2023-11-18T11:44:39.268+0000] {dag.py:3722} INFO - Setting next_dagrun for example_branch_datetime_operator to 2023-11-17T00:00:00+00:00, run_after=2023-11-18T00:00:00+00:00
[2023-11-18T11:44:39.271+0000] {logging_mixin.py:154} INFO - [2023-11-18T11:44:39.271+0000] {dag.py:3722} INFO - Setting next_dagrun for example_branch_datetime_operator_2 to 2023-11-17T00:00:00+00:00, run_after=2023-11-18T00:00:00+00:00
[2023-11-18T11:44:39.273+0000] {logging_mixin.py:154} INFO - [2023-11-18T11:44:39.273+0000] {dag.py:3722} INFO - Setting next_dagrun for example_branch_datetime_operator_3 to 2023-11-17T00:00:00+00:00, run_after=2023-11-18T00:00:00+00:00
[2023-11-18T11:44:39.281+0000] {processor.py:179} INFO - Processing /home/airflow/.local/lib/python3.8/site-packages/airflow/example_dags/example_branch_datetime_operator.py took 0.074 seconds
[2023-11-18T11:45:09.605+0000] {processor.py:157} INFO - Started process (PID=1445) to work on /home/airflow/.local/lib/python3.8/site-packages/airflow/example_dags/example_branch_datetime_operator.py
[2023-11-18T11:45:09.607+0000] {processor.py:829} INFO - Processing file /home/airflow/.local/lib/python3.8/site-packages/airflow/example_dags/example_branch_datetime_operator.py for tasks to queue
[2023-11-18T11:45:09.609+0000] {logging_mixin.py:154} INFO - [2023-11-18T11:45:09.608+0000] {dagbag.py:536} INFO - Filling up the DagBag from /home/airflow/.local/lib/python3.8/site-packages/airflow/example_dags/example_branch_datetime_operator.py
[2023-11-18T11:45:09.616+0000] {processor.py:839} INFO - DAG(s) dict_keys(['example_branch_datetime_operator_2', 'example_branch_datetime_operator_3', 'example_branch_datetime_operator']) retrieved from /home/airflow/.local/lib/python3.8/site-packages/airflow/example_dags/example_branch_datetime_operator.py
[2023-11-18T11:45:09.633+0000] {logging_mixin.py:154} INFO - [2023-11-18T11:45:09.633+0000] {dag.py:2941} INFO - Sync 3 DAGs
[2023-11-18T11:45:09.646+0000] {logging_mixin.py:154} INFO - [2023-11-18T11:45:09.646+0000] {dag.py:3722} INFO - Setting next_dagrun for example_branch_datetime_operator to 2023-11-17T00:00:00+00:00, run_after=2023-11-18T00:00:00+00:00
[2023-11-18T11:45:09.649+0000] {logging_mixin.py:154} INFO - [2023-11-18T11:45:09.649+0000] {dag.py:3722} INFO - Setting next_dagrun for example_branch_datetime_operator_2 to 2023-11-17T00:00:00+00:00, run_after=2023-11-18T00:00:00+00:00
[2023-11-18T11:45:09.651+0000] {logging_mixin.py:154} INFO - [2023-11-18T11:45:09.651+0000] {dag.py:3722} INFO - Setting next_dagrun for example_branch_datetime_operator_3 to 2023-11-17T00:00:00+00:00, run_after=2023-11-18T00:00:00+00:00
[2023-11-18T11:45:09.660+0000] {processor.py:179} INFO - Processing /home/airflow/.local/lib/python3.8/site-packages/airflow/example_dags/example_branch_datetime_operator.py took 0.058 seconds
[2023-11-18T11:45:40.251+0000] {processor.py:157} INFO - Started process (PID=1506) to work on /home/airflow/.local/lib/python3.8/site-packages/airflow/example_dags/example_branch_datetime_operator.py
[2023-11-18T11:45:40.254+0000] {processor.py:829} INFO - Processing file /home/airflow/.local/lib/python3.8/site-packages/airflow/example_dags/example_branch_datetime_operator.py for tasks to queue
[2023-11-18T11:45:40.260+0000] {logging_mixin.py:154} INFO - [2023-11-18T11:45:40.260+0000] {dagbag.py:536} INFO - Filling up the DagBag from /home/airflow/.local/lib/python3.8/site-packages/airflow/example_dags/example_branch_datetime_operator.py
[2023-11-18T11:45:40.273+0000] {processor.py:839} INFO - DAG(s) dict_keys(['example_branch_datetime_operator_3', 'example_branch_datetime_operator_2', 'example_branch_datetime_operator']) retrieved from /home/airflow/.local/lib/python3.8/site-packages/airflow/example_dags/example_branch_datetime_operator.py
[2023-11-18T11:45:40.295+0000] {logging_mixin.py:154} INFO - [2023-11-18T11:45:40.295+0000] {dag.py:2941} INFO - Sync 3 DAGs
[2023-11-18T11:45:40.309+0000] {logging_mixin.py:154} INFO - [2023-11-18T11:45:40.308+0000] {dag.py:3722} INFO - Setting next_dagrun for example_branch_datetime_operator to 2023-11-17T00:00:00+00:00, run_after=2023-11-18T00:00:00+00:00
[2023-11-18T11:45:40.311+0000] {logging_mixin.py:154} INFO - [2023-11-18T11:45:40.311+0000] {dag.py:3722} INFO - Setting next_dagrun for example_branch_datetime_operator_2 to 2023-11-17T00:00:00+00:00, run_after=2023-11-18T00:00:00+00:00
[2023-11-18T11:45:40.314+0000] {logging_mixin.py:154} INFO - [2023-11-18T11:45:40.313+0000] {dag.py:3722} INFO - Setting next_dagrun for example_branch_datetime_operator_3 to 2023-11-17T00:00:00+00:00, run_after=2023-11-18T00:00:00+00:00
[2023-11-18T11:45:40.322+0000] {processor.py:179} INFO - Processing /home/airflow/.local/lib/python3.8/site-packages/airflow/example_dags/example_branch_datetime_operator.py took 0.080 seconds
[2023-11-18T11:46:10.420+0000] {processor.py:157} INFO - Started process (PID=1565) to work on /home/airflow/.local/lib/python3.8/site-packages/airflow/example_dags/example_branch_datetime_operator.py
[2023-11-18T11:46:10.422+0000] {processor.py:829} INFO - Processing file /home/airflow/.local/lib/python3.8/site-packages/airflow/example_dags/example_branch_datetime_operator.py for tasks to queue
[2023-11-18T11:46:10.423+0000] {logging_mixin.py:154} INFO - [2023-11-18T11:46:10.423+0000] {dagbag.py:536} INFO - Filling up the DagBag from /home/airflow/.local/lib/python3.8/site-packages/airflow/example_dags/example_branch_datetime_operator.py
[2023-11-18T11:46:10.430+0000] {processor.py:839} INFO - DAG(s) dict_keys(['example_branch_datetime_operator_2', 'example_branch_datetime_operator', 'example_branch_datetime_operator_3']) retrieved from /home/airflow/.local/lib/python3.8/site-packages/airflow/example_dags/example_branch_datetime_operator.py
[2023-11-18T11:46:10.445+0000] {logging_mixin.py:154} INFO - [2023-11-18T11:46:10.445+0000] {dag.py:2941} INFO - Sync 3 DAGs
[2023-11-18T11:46:10.467+0000] {logging_mixin.py:154} INFO - [2023-11-18T11:46:10.467+0000] {dag.py:3722} INFO - Setting next_dagrun for example_branch_datetime_operator to 2023-11-17T00:00:00+00:00, run_after=2023-11-18T00:00:00+00:00
[2023-11-18T11:46:10.475+0000] {logging_mixin.py:154} INFO - [2023-11-18T11:46:10.475+0000] {dag.py:3722} INFO - Setting next_dagrun for example_branch_datetime_operator_2 to 2023-11-17T00:00:00+00:00, run_after=2023-11-18T00:00:00+00:00
[2023-11-18T11:46:10.477+0000] {logging_mixin.py:154} INFO - [2023-11-18T11:46:10.477+0000] {dag.py:3722} INFO - Setting next_dagrun for example_branch_datetime_operator_3 to 2023-11-17T00:00:00+00:00, run_after=2023-11-18T00:00:00+00:00
[2023-11-18T11:46:10.486+0000] {processor.py:179} INFO - Processing /home/airflow/.local/lib/python3.8/site-packages/airflow/example_dags/example_branch_datetime_operator.py took 0.068 seconds
[2023-11-18T11:46:41.058+0000] {processor.py:157} INFO - Started process (PID=1621) to work on /home/airflow/.local/lib/python3.8/site-packages/airflow/example_dags/example_branch_datetime_operator.py
[2023-11-18T11:46:41.060+0000] {processor.py:829} INFO - Processing file /home/airflow/.local/lib/python3.8/site-packages/airflow/example_dags/example_branch_datetime_operator.py for tasks to queue
[2023-11-18T11:46:41.061+0000] {logging_mixin.py:154} INFO - [2023-11-18T11:46:41.061+0000] {dagbag.py:536} INFO - Filling up the DagBag from /home/airflow/.local/lib/python3.8/site-packages/airflow/example_dags/example_branch_datetime_operator.py
[2023-11-18T11:46:41.070+0000] {processor.py:839} INFO - DAG(s) dict_keys(['example_branch_datetime_operator', 'example_branch_datetime_operator_2', 'example_branch_datetime_operator_3']) retrieved from /home/airflow/.local/lib/python3.8/site-packages/airflow/example_dags/example_branch_datetime_operator.py
[2023-11-18T11:46:41.099+0000] {logging_mixin.py:154} INFO - [2023-11-18T11:46:41.099+0000] {dag.py:2941} INFO - Sync 3 DAGs
[2023-11-18T11:46:41.138+0000] {logging_mixin.py:154} INFO - [2023-11-18T11:46:41.137+0000] {dag.py:3722} INFO - Setting next_dagrun for example_branch_datetime_operator to 2023-11-17T00:00:00+00:00, run_after=2023-11-18T00:00:00+00:00
[2023-11-18T11:46:41.145+0000] {logging_mixin.py:154} INFO - [2023-11-18T11:46:41.145+0000] {dag.py:3722} INFO - Setting next_dagrun for example_branch_datetime_operator_2 to 2023-11-17T00:00:00+00:00, run_after=2023-11-18T00:00:00+00:00
[2023-11-18T11:46:41.149+0000] {logging_mixin.py:154} INFO - [2023-11-18T11:46:41.149+0000] {dag.py:3722} INFO - Setting next_dagrun for example_branch_datetime_operator_3 to 2023-11-17T00:00:00+00:00, run_after=2023-11-18T00:00:00+00:00
[2023-11-18T11:46:41.168+0000] {processor.py:179} INFO - Processing /home/airflow/.local/lib/python3.8/site-packages/airflow/example_dags/example_branch_datetime_operator.py took 0.114 seconds
