[2023-11-18T11:32:32.151+0000] {processor.py:157} INFO - Started process (PID=58) to work on /home/airflow/.local/lib/python3.8/site-packages/airflow/example_dags/example_setup_teardown.py
[2023-11-18T11:32:32.216+0000] {processor.py:829} INFO - Processing file /home/airflow/.local/lib/python3.8/site-packages/airflow/example_dags/example_setup_teardown.py for tasks to queue
[2023-11-18T11:32:32.334+0000] {logging_mixin.py:154} INFO - [2023-11-18T11:32:32.328+0000] {dagbag.py:536} INFO - Filling up the DagBag from /home/airflow/.local/lib/python3.8/site-packages/airflow/example_dags/example_setup_teardown.py
[2023-11-18T11:32:32.515+0000] {processor.py:839} INFO - DAG(s) dict_keys(['example_setup_teardown']) retrieved from /home/airflow/.local/lib/python3.8/site-packages/airflow/example_dags/example_setup_teardown.py
[2023-11-18T11:32:33.046+0000] {logging_mixin.py:154} INFO - [2023-11-18T11:32:33.046+0000] {dag.py:2941} INFO - Sync 1 DAGs
[2023-11-18T11:32:33.437+0000] {logging_mixin.py:154} INFO - [2023-11-18T11:32:33.437+0000] {dag.py:3722} INFO - Setting next_dagrun for example_setup_teardown to 2023-11-17T11:32:33.436682+00:00, run_after=2023-11-18T11:32:33.436682+00:00
[2023-11-18T11:32:33.547+0000] {processor.py:179} INFO - Processing /home/airflow/.local/lib/python3.8/site-packages/airflow/example_dags/example_setup_teardown.py took 1.478 seconds
[2023-11-18T11:33:03.988+0000] {processor.py:157} INFO - Started process (PID=114) to work on /home/airflow/.local/lib/python3.8/site-packages/airflow/example_dags/example_setup_teardown.py
[2023-11-18T11:33:03.991+0000] {processor.py:829} INFO - Processing file /home/airflow/.local/lib/python3.8/site-packages/airflow/example_dags/example_setup_teardown.py for tasks to queue
[2023-11-18T11:33:03.995+0000] {logging_mixin.py:154} INFO - [2023-11-18T11:33:03.995+0000] {dagbag.py:536} INFO - Filling up the DagBag from /home/airflow/.local/lib/python3.8/site-packages/airflow/example_dags/example_setup_teardown.py
[2023-11-18T11:33:04.044+0000] {processor.py:839} INFO - DAG(s) dict_keys(['example_setup_teardown']) retrieved from /home/airflow/.local/lib/python3.8/site-packages/airflow/example_dags/example_setup_teardown.py
[2023-11-18T11:33:04.080+0000] {logging_mixin.py:154} INFO - [2023-11-18T11:33:04.080+0000] {dag.py:2941} INFO - Sync 1 DAGs
[2023-11-18T11:33:04.128+0000] {logging_mixin.py:154} INFO - [2023-11-18T11:33:04.128+0000] {dag.py:3722} INFO - Setting next_dagrun for example_setup_teardown to 2023-11-17T11:33:04.128503+00:00, run_after=2023-11-18T11:33:04.128503+00:00
[2023-11-18T11:33:04.147+0000] {processor.py:179} INFO - Processing /home/airflow/.local/lib/python3.8/site-packages/airflow/example_dags/example_setup_teardown.py took 0.163 seconds
[2023-11-18T11:33:34.302+0000] {processor.py:157} INFO - Started process (PID=170) to work on /home/airflow/.local/lib/python3.8/site-packages/airflow/example_dags/example_setup_teardown.py
[2023-11-18T11:33:34.303+0000] {processor.py:829} INFO - Processing file /home/airflow/.local/lib/python3.8/site-packages/airflow/example_dags/example_setup_teardown.py for tasks to queue
[2023-11-18T11:33:34.305+0000] {logging_mixin.py:154} INFO - [2023-11-18T11:33:34.305+0000] {dagbag.py:536} INFO - Filling up the DagBag from /home/airflow/.local/lib/python3.8/site-packages/airflow/example_dags/example_setup_teardown.py
[2023-11-18T11:33:34.310+0000] {processor.py:839} INFO - DAG(s) dict_keys(['example_setup_teardown']) retrieved from /home/airflow/.local/lib/python3.8/site-packages/airflow/example_dags/example_setup_teardown.py
[2023-11-18T11:33:34.325+0000] {logging_mixin.py:154} INFO - [2023-11-18T11:33:34.325+0000] {dag.py:2941} INFO - Sync 1 DAGs
[2023-11-18T11:33:34.339+0000] {logging_mixin.py:154} INFO - [2023-11-18T11:33:34.339+0000] {dag.py:3722} INFO - Setting next_dagrun for example_setup_teardown to 2023-11-17T11:33:34.338887+00:00, run_after=2023-11-18T11:33:34.338887+00:00
[2023-11-18T11:33:34.357+0000] {processor.py:179} INFO - Processing /home/airflow/.local/lib/python3.8/site-packages/airflow/example_dags/example_setup_teardown.py took 0.057 seconds
[2023-11-18T11:34:05.221+0000] {processor.py:157} INFO - Started process (PID=225) to work on /home/airflow/.local/lib/python3.8/site-packages/airflow/example_dags/example_setup_teardown.py
[2023-11-18T11:34:05.223+0000] {processor.py:829} INFO - Processing file /home/airflow/.local/lib/python3.8/site-packages/airflow/example_dags/example_setup_teardown.py for tasks to queue
[2023-11-18T11:34:05.226+0000] {logging_mixin.py:154} INFO - [2023-11-18T11:34:05.226+0000] {dagbag.py:536} INFO - Filling up the DagBag from /home/airflow/.local/lib/python3.8/site-packages/airflow/example_dags/example_setup_teardown.py
[2023-11-18T11:34:05.234+0000] {processor.py:839} INFO - DAG(s) dict_keys(['example_setup_teardown']) retrieved from /home/airflow/.local/lib/python3.8/site-packages/airflow/example_dags/example_setup_teardown.py
[2023-11-18T11:34:05.257+0000] {logging_mixin.py:154} INFO - [2023-11-18T11:34:05.257+0000] {dag.py:2941} INFO - Sync 1 DAGs
[2023-11-18T11:34:05.277+0000] {logging_mixin.py:154} INFO - [2023-11-18T11:34:05.277+0000] {dag.py:3722} INFO - Setting next_dagrun for example_setup_teardown to 2023-11-17T11:34:05.276797+00:00, run_after=2023-11-18T11:34:05.276797+00:00
[2023-11-18T11:34:05.295+0000] {processor.py:179} INFO - Processing /home/airflow/.local/lib/python3.8/site-packages/airflow/example_dags/example_setup_teardown.py took 0.077 seconds
[2023-11-18T11:34:35.506+0000] {processor.py:157} INFO - Started process (PID=280) to work on /home/airflow/.local/lib/python3.8/site-packages/airflow/example_dags/example_setup_teardown.py
[2023-11-18T11:34:35.509+0000] {processor.py:829} INFO - Processing file /home/airflow/.local/lib/python3.8/site-packages/airflow/example_dags/example_setup_teardown.py for tasks to queue
[2023-11-18T11:34:35.515+0000] {logging_mixin.py:154} INFO - [2023-11-18T11:34:35.515+0000] {dagbag.py:536} INFO - Filling up the DagBag from /home/airflow/.local/lib/python3.8/site-packages/airflow/example_dags/example_setup_teardown.py
[2023-11-18T11:34:35.526+0000] {processor.py:839} INFO - DAG(s) dict_keys(['example_setup_teardown']) retrieved from /home/airflow/.local/lib/python3.8/site-packages/airflow/example_dags/example_setup_teardown.py
[2023-11-18T11:34:35.554+0000] {logging_mixin.py:154} INFO - [2023-11-18T11:34:35.554+0000] {dag.py:2941} INFO - Sync 1 DAGs
[2023-11-18T11:34:35.575+0000] {logging_mixin.py:154} INFO - [2023-11-18T11:34:35.575+0000] {dag.py:3722} INFO - Setting next_dagrun for example_setup_teardown to 2023-11-17T11:34:35.575356+00:00, run_after=2023-11-18T11:34:35.575356+00:00
[2023-11-18T11:34:35.590+0000] {processor.py:179} INFO - Processing /home/airflow/.local/lib/python3.8/site-packages/airflow/example_dags/example_setup_teardown.py took 0.092 seconds
[2023-11-18T11:35:06.243+0000] {processor.py:157} INFO - Started process (PID=335) to work on /home/airflow/.local/lib/python3.8/site-packages/airflow/example_dags/example_setup_teardown.py
[2023-11-18T11:35:06.243+0000] {processor.py:829} INFO - Processing file /home/airflow/.local/lib/python3.8/site-packages/airflow/example_dags/example_setup_teardown.py for tasks to queue
[2023-11-18T11:35:06.245+0000] {logging_mixin.py:154} INFO - [2023-11-18T11:35:06.245+0000] {dagbag.py:536} INFO - Filling up the DagBag from /home/airflow/.local/lib/python3.8/site-packages/airflow/example_dags/example_setup_teardown.py
[2023-11-18T11:35:06.251+0000] {processor.py:839} INFO - DAG(s) dict_keys(['example_setup_teardown']) retrieved from /home/airflow/.local/lib/python3.8/site-packages/airflow/example_dags/example_setup_teardown.py
[2023-11-18T11:35:06.266+0000] {logging_mixin.py:154} INFO - [2023-11-18T11:35:06.266+0000] {dag.py:2941} INFO - Sync 1 DAGs
[2023-11-18T11:35:06.280+0000] {logging_mixin.py:154} INFO - [2023-11-18T11:35:06.279+0000] {dag.py:3722} INFO - Setting next_dagrun for example_setup_teardown to 2023-11-17T11:35:06.279724+00:00, run_after=2023-11-18T11:35:06.279724+00:00
[2023-11-18T11:35:06.289+0000] {processor.py:179} INFO - Processing /home/airflow/.local/lib/python3.8/site-packages/airflow/example_dags/example_setup_teardown.py took 0.050 seconds
[2023-11-18T11:35:36.440+0000] {processor.py:157} INFO - Started process (PID=391) to work on /home/airflow/.local/lib/python3.8/site-packages/airflow/example_dags/example_setup_teardown.py
[2023-11-18T11:35:36.441+0000] {processor.py:829} INFO - Processing file /home/airflow/.local/lib/python3.8/site-packages/airflow/example_dags/example_setup_teardown.py for tasks to queue
[2023-11-18T11:35:36.444+0000] {logging_mixin.py:154} INFO - [2023-11-18T11:35:36.444+0000] {dagbag.py:536} INFO - Filling up the DagBag from /home/airflow/.local/lib/python3.8/site-packages/airflow/example_dags/example_setup_teardown.py
[2023-11-18T11:35:36.451+0000] {processor.py:839} INFO - DAG(s) dict_keys(['example_setup_teardown']) retrieved from /home/airflow/.local/lib/python3.8/site-packages/airflow/example_dags/example_setup_teardown.py
[2023-11-18T11:35:36.468+0000] {logging_mixin.py:154} INFO - [2023-11-18T11:35:36.468+0000] {dag.py:2941} INFO - Sync 1 DAGs
[2023-11-18T11:35:36.482+0000] {logging_mixin.py:154} INFO - [2023-11-18T11:35:36.482+0000] {dag.py:3722} INFO - Setting next_dagrun for example_setup_teardown to 2023-11-17T11:35:36.482276+00:00, run_after=2023-11-18T11:35:36.482276+00:00
[2023-11-18T11:35:36.493+0000] {processor.py:179} INFO - Processing /home/airflow/.local/lib/python3.8/site-packages/airflow/example_dags/example_setup_teardown.py took 0.057 seconds
[2023-11-18T11:36:06.780+0000] {processor.py:157} INFO - Started process (PID=446) to work on /home/airflow/.local/lib/python3.8/site-packages/airflow/example_dags/example_setup_teardown.py
[2023-11-18T11:36:06.780+0000] {processor.py:829} INFO - Processing file /home/airflow/.local/lib/python3.8/site-packages/airflow/example_dags/example_setup_teardown.py for tasks to queue
[2023-11-18T11:36:06.782+0000] {logging_mixin.py:154} INFO - [2023-11-18T11:36:06.782+0000] {dagbag.py:536} INFO - Filling up the DagBag from /home/airflow/.local/lib/python3.8/site-packages/airflow/example_dags/example_setup_teardown.py
[2023-11-18T11:36:06.786+0000] {processor.py:839} INFO - DAG(s) dict_keys(['example_setup_teardown']) retrieved from /home/airflow/.local/lib/python3.8/site-packages/airflow/example_dags/example_setup_teardown.py
[2023-11-18T11:36:06.796+0000] {logging_mixin.py:154} INFO - [2023-11-18T11:36:06.796+0000] {dag.py:2941} INFO - Sync 1 DAGs
[2023-11-18T11:36:06.807+0000] {logging_mixin.py:154} INFO - [2023-11-18T11:36:06.806+0000] {dag.py:3722} INFO - Setting next_dagrun for example_setup_teardown to 2023-11-17T11:36:06.806814+00:00, run_after=2023-11-18T11:36:06.806814+00:00
[2023-11-18T11:36:06.816+0000] {processor.py:179} INFO - Processing /home/airflow/.local/lib/python3.8/site-packages/airflow/example_dags/example_setup_teardown.py took 0.039 seconds
[2023-11-18T11:36:37.504+0000] {processor.py:157} INFO - Started process (PID=499) to work on /home/airflow/.local/lib/python3.8/site-packages/airflow/example_dags/example_setup_teardown.py
[2023-11-18T11:36:37.505+0000] {processor.py:829} INFO - Processing file /home/airflow/.local/lib/python3.8/site-packages/airflow/example_dags/example_setup_teardown.py for tasks to queue
[2023-11-18T11:36:37.509+0000] {logging_mixin.py:154} INFO - [2023-11-18T11:36:37.508+0000] {dagbag.py:536} INFO - Filling up the DagBag from /home/airflow/.local/lib/python3.8/site-packages/airflow/example_dags/example_setup_teardown.py
[2023-11-18T11:36:37.515+0000] {processor.py:839} INFO - DAG(s) dict_keys(['example_setup_teardown']) retrieved from /home/airflow/.local/lib/python3.8/site-packages/airflow/example_dags/example_setup_teardown.py
[2023-11-18T11:36:37.532+0000] {logging_mixin.py:154} INFO - [2023-11-18T11:36:37.532+0000] {dag.py:2941} INFO - Sync 1 DAGs
[2023-11-18T11:36:37.549+0000] {logging_mixin.py:154} INFO - [2023-11-18T11:36:37.549+0000] {dag.py:3722} INFO - Setting next_dagrun for example_setup_teardown to 2023-11-17T11:36:37.549358+00:00, run_after=2023-11-18T11:36:37.549358+00:00
[2023-11-18T11:36:37.562+0000] {processor.py:179} INFO - Processing /home/airflow/.local/lib/python3.8/site-packages/airflow/example_dags/example_setup_teardown.py took 0.062 seconds
[2023-11-18T11:37:08.061+0000] {processor.py:157} INFO - Started process (PID=554) to work on /home/airflow/.local/lib/python3.8/site-packages/airflow/example_dags/example_setup_teardown.py
[2023-11-18T11:37:08.062+0000] {processor.py:829} INFO - Processing file /home/airflow/.local/lib/python3.8/site-packages/airflow/example_dags/example_setup_teardown.py for tasks to queue
[2023-11-18T11:37:08.064+0000] {logging_mixin.py:154} INFO - [2023-11-18T11:37:08.064+0000] {dagbag.py:536} INFO - Filling up the DagBag from /home/airflow/.local/lib/python3.8/site-packages/airflow/example_dags/example_setup_teardown.py
[2023-11-18T11:37:08.070+0000] {processor.py:839} INFO - DAG(s) dict_keys(['example_setup_teardown']) retrieved from /home/airflow/.local/lib/python3.8/site-packages/airflow/example_dags/example_setup_teardown.py
[2023-11-18T11:37:08.089+0000] {logging_mixin.py:154} INFO - [2023-11-18T11:37:08.088+0000] {dag.py:2941} INFO - Sync 1 DAGs
[2023-11-18T11:37:08.101+0000] {logging_mixin.py:154} INFO - [2023-11-18T11:37:08.101+0000] {dag.py:3722} INFO - Setting next_dagrun for example_setup_teardown to 2023-11-17T11:37:08.101626+00:00, run_after=2023-11-18T11:37:08.101626+00:00
[2023-11-18T11:37:08.111+0000] {processor.py:179} INFO - Processing /home/airflow/.local/lib/python3.8/site-packages/airflow/example_dags/example_setup_teardown.py took 0.054 seconds
[2023-11-18T11:37:38.971+0000] {processor.py:157} INFO - Started process (PID=609) to work on /home/airflow/.local/lib/python3.8/site-packages/airflow/example_dags/example_setup_teardown.py
[2023-11-18T11:37:38.972+0000] {processor.py:829} INFO - Processing file /home/airflow/.local/lib/python3.8/site-packages/airflow/example_dags/example_setup_teardown.py for tasks to queue
[2023-11-18T11:37:38.977+0000] {logging_mixin.py:154} INFO - [2023-11-18T11:37:38.976+0000] {dagbag.py:536} INFO - Filling up the DagBag from /home/airflow/.local/lib/python3.8/site-packages/airflow/example_dags/example_setup_teardown.py
[2023-11-18T11:37:38.985+0000] {processor.py:839} INFO - DAG(s) dict_keys(['example_setup_teardown']) retrieved from /home/airflow/.local/lib/python3.8/site-packages/airflow/example_dags/example_setup_teardown.py
[2023-11-18T11:37:39.006+0000] {logging_mixin.py:154} INFO - [2023-11-18T11:37:39.006+0000] {dag.py:2941} INFO - Sync 1 DAGs
[2023-11-18T11:37:39.019+0000] {logging_mixin.py:154} INFO - [2023-11-18T11:37:39.019+0000] {dag.py:3722} INFO - Setting next_dagrun for example_setup_teardown to 2023-11-17T11:37:39.019260+00:00, run_after=2023-11-18T11:37:39.019260+00:00
[2023-11-18T11:37:39.028+0000] {processor.py:179} INFO - Processing /home/airflow/.local/lib/python3.8/site-packages/airflow/example_dags/example_setup_teardown.py took 0.062 seconds
[2023-11-18T11:38:09.128+0000] {processor.py:157} INFO - Started process (PID=664) to work on /home/airflow/.local/lib/python3.8/site-packages/airflow/example_dags/example_setup_teardown.py
[2023-11-18T11:38:09.129+0000] {processor.py:829} INFO - Processing file /home/airflow/.local/lib/python3.8/site-packages/airflow/example_dags/example_setup_teardown.py for tasks to queue
[2023-11-18T11:38:09.131+0000] {logging_mixin.py:154} INFO - [2023-11-18T11:38:09.131+0000] {dagbag.py:536} INFO - Filling up the DagBag from /home/airflow/.local/lib/python3.8/site-packages/airflow/example_dags/example_setup_teardown.py
[2023-11-18T11:38:09.136+0000] {processor.py:839} INFO - DAG(s) dict_keys(['example_setup_teardown']) retrieved from /home/airflow/.local/lib/python3.8/site-packages/airflow/example_dags/example_setup_teardown.py
[2023-11-18T11:38:09.151+0000] {logging_mixin.py:154} INFO - [2023-11-18T11:38:09.151+0000] {dag.py:2941} INFO - Sync 1 DAGs
[2023-11-18T11:38:09.163+0000] {logging_mixin.py:154} INFO - [2023-11-18T11:38:09.163+0000] {dag.py:3722} INFO - Setting next_dagrun for example_setup_teardown to 2023-11-17T11:38:09.163662+00:00, run_after=2023-11-18T11:38:09.163662+00:00
[2023-11-18T11:38:09.174+0000] {processor.py:179} INFO - Processing /home/airflow/.local/lib/python3.8/site-packages/airflow/example_dags/example_setup_teardown.py took 0.050 seconds
[2023-11-18T11:38:39.998+0000] {processor.py:157} INFO - Started process (PID=719) to work on /home/airflow/.local/lib/python3.8/site-packages/airflow/example_dags/example_setup_teardown.py
[2023-11-18T11:38:40.000+0000] {processor.py:829} INFO - Processing file /home/airflow/.local/lib/python3.8/site-packages/airflow/example_dags/example_setup_teardown.py for tasks to queue
[2023-11-18T11:38:40.003+0000] {logging_mixin.py:154} INFO - [2023-11-18T11:38:40.002+0000] {dagbag.py:536} INFO - Filling up the DagBag from /home/airflow/.local/lib/python3.8/site-packages/airflow/example_dags/example_setup_teardown.py
[2023-11-18T11:38:40.009+0000] {processor.py:839} INFO - DAG(s) dict_keys(['example_setup_teardown']) retrieved from /home/airflow/.local/lib/python3.8/site-packages/airflow/example_dags/example_setup_teardown.py
[2023-11-18T11:38:40.027+0000] {logging_mixin.py:154} INFO - [2023-11-18T11:38:40.026+0000] {dag.py:2941} INFO - Sync 1 DAGs
[2023-11-18T11:38:40.040+0000] {logging_mixin.py:154} INFO - [2023-11-18T11:38:40.040+0000] {dag.py:3722} INFO - Setting next_dagrun for example_setup_teardown to 2023-11-17T11:38:40.040076+00:00, run_after=2023-11-18T11:38:40.040076+00:00
[2023-11-18T11:38:40.050+0000] {processor.py:179} INFO - Processing /home/airflow/.local/lib/python3.8/site-packages/airflow/example_dags/example_setup_teardown.py took 0.056 seconds
[2023-11-18T11:39:10.238+0000] {processor.py:157} INFO - Started process (PID=774) to work on /home/airflow/.local/lib/python3.8/site-packages/airflow/example_dags/example_setup_teardown.py
[2023-11-18T11:39:10.240+0000] {processor.py:829} INFO - Processing file /home/airflow/.local/lib/python3.8/site-packages/airflow/example_dags/example_setup_teardown.py for tasks to queue
[2023-11-18T11:39:10.242+0000] {logging_mixin.py:154} INFO - [2023-11-18T11:39:10.242+0000] {dagbag.py:536} INFO - Filling up the DagBag from /home/airflow/.local/lib/python3.8/site-packages/airflow/example_dags/example_setup_teardown.py
[2023-11-18T11:39:10.249+0000] {processor.py:839} INFO - DAG(s) dict_keys(['example_setup_teardown']) retrieved from /home/airflow/.local/lib/python3.8/site-packages/airflow/example_dags/example_setup_teardown.py
[2023-11-18T11:39:10.266+0000] {logging_mixin.py:154} INFO - [2023-11-18T11:39:10.266+0000] {dag.py:2941} INFO - Sync 1 DAGs
[2023-11-18T11:39:10.281+0000] {logging_mixin.py:154} INFO - [2023-11-18T11:39:10.281+0000] {dag.py:3722} INFO - Setting next_dagrun for example_setup_teardown to 2023-11-17T11:39:10.281532+00:00, run_after=2023-11-18T11:39:10.281532+00:00
[2023-11-18T11:39:10.291+0000] {processor.py:179} INFO - Processing /home/airflow/.local/lib/python3.8/site-packages/airflow/example_dags/example_setup_teardown.py took 0.059 seconds
[2023-11-18T11:39:40.485+0000] {processor.py:157} INFO - Started process (PID=829) to work on /home/airflow/.local/lib/python3.8/site-packages/airflow/example_dags/example_setup_teardown.py
[2023-11-18T11:39:40.486+0000] {processor.py:829} INFO - Processing file /home/airflow/.local/lib/python3.8/site-packages/airflow/example_dags/example_setup_teardown.py for tasks to queue
[2023-11-18T11:39:40.489+0000] {logging_mixin.py:154} INFO - [2023-11-18T11:39:40.489+0000] {dagbag.py:536} INFO - Filling up the DagBag from /home/airflow/.local/lib/python3.8/site-packages/airflow/example_dags/example_setup_teardown.py
[2023-11-18T11:39:40.496+0000] {processor.py:839} INFO - DAG(s) dict_keys(['example_setup_teardown']) retrieved from /home/airflow/.local/lib/python3.8/site-packages/airflow/example_dags/example_setup_teardown.py
[2023-11-18T11:39:40.512+0000] {logging_mixin.py:154} INFO - [2023-11-18T11:39:40.512+0000] {dag.py:2941} INFO - Sync 1 DAGs
[2023-11-18T11:39:40.527+0000] {logging_mixin.py:154} INFO - [2023-11-18T11:39:40.527+0000] {dag.py:3722} INFO - Setting next_dagrun for example_setup_teardown to 2023-11-17T11:39:40.527363+00:00, run_after=2023-11-18T11:39:40.527363+00:00
[2023-11-18T11:39:40.537+0000] {processor.py:179} INFO - Processing /home/airflow/.local/lib/python3.8/site-packages/airflow/example_dags/example_setup_teardown.py took 0.057 seconds
[2023-11-18T11:40:10.752+0000] {processor.py:157} INFO - Started process (PID=884) to work on /home/airflow/.local/lib/python3.8/site-packages/airflow/example_dags/example_setup_teardown.py
[2023-11-18T11:40:10.753+0000] {processor.py:829} INFO - Processing file /home/airflow/.local/lib/python3.8/site-packages/airflow/example_dags/example_setup_teardown.py for tasks to queue
[2023-11-18T11:40:10.756+0000] {logging_mixin.py:154} INFO - [2023-11-18T11:40:10.756+0000] {dagbag.py:536} INFO - Filling up the DagBag from /home/airflow/.local/lib/python3.8/site-packages/airflow/example_dags/example_setup_teardown.py
[2023-11-18T11:40:10.761+0000] {processor.py:839} INFO - DAG(s) dict_keys(['example_setup_teardown']) retrieved from /home/airflow/.local/lib/python3.8/site-packages/airflow/example_dags/example_setup_teardown.py
[2023-11-18T11:40:10.778+0000] {logging_mixin.py:154} INFO - [2023-11-18T11:40:10.778+0000] {dag.py:2941} INFO - Sync 1 DAGs
[2023-11-18T11:40:10.801+0000] {logging_mixin.py:154} INFO - [2023-11-18T11:40:10.801+0000] {dag.py:3722} INFO - Setting next_dagrun for example_setup_teardown to 2023-11-17T11:40:10.801490+00:00, run_after=2023-11-18T11:40:10.801490+00:00
[2023-11-18T11:40:10.812+0000] {processor.py:179} INFO - Processing /home/airflow/.local/lib/python3.8/site-packages/airflow/example_dags/example_setup_teardown.py took 0.063 seconds
[2023-11-18T11:40:41.509+0000] {processor.py:157} INFO - Started process (PID=939) to work on /home/airflow/.local/lib/python3.8/site-packages/airflow/example_dags/example_setup_teardown.py
[2023-11-18T11:40:41.510+0000] {processor.py:829} INFO - Processing file /home/airflow/.local/lib/python3.8/site-packages/airflow/example_dags/example_setup_teardown.py for tasks to queue
[2023-11-18T11:40:41.512+0000] {logging_mixin.py:154} INFO - [2023-11-18T11:40:41.512+0000] {dagbag.py:536} INFO - Filling up the DagBag from /home/airflow/.local/lib/python3.8/site-packages/airflow/example_dags/example_setup_teardown.py
[2023-11-18T11:40:41.517+0000] {processor.py:839} INFO - DAG(s) dict_keys(['example_setup_teardown']) retrieved from /home/airflow/.local/lib/python3.8/site-packages/airflow/example_dags/example_setup_teardown.py
[2023-11-18T11:40:41.532+0000] {logging_mixin.py:154} INFO - [2023-11-18T11:40:41.532+0000] {dag.py:2941} INFO - Sync 1 DAGs
[2023-11-18T11:40:41.546+0000] {logging_mixin.py:154} INFO - [2023-11-18T11:40:41.546+0000] {dag.py:3722} INFO - Setting next_dagrun for example_setup_teardown to 2023-11-17T11:40:41.546197+00:00, run_after=2023-11-18T11:40:41.546197+00:00
[2023-11-18T11:40:41.556+0000] {processor.py:179} INFO - Processing /home/airflow/.local/lib/python3.8/site-packages/airflow/example_dags/example_setup_teardown.py took 0.049 seconds
[2023-11-18T11:41:11.876+0000] {processor.py:157} INFO - Started process (PID=994) to work on /home/airflow/.local/lib/python3.8/site-packages/airflow/example_dags/example_setup_teardown.py
[2023-11-18T11:41:11.877+0000] {processor.py:829} INFO - Processing file /home/airflow/.local/lib/python3.8/site-packages/airflow/example_dags/example_setup_teardown.py for tasks to queue
[2023-11-18T11:41:11.879+0000] {logging_mixin.py:154} INFO - [2023-11-18T11:41:11.879+0000] {dagbag.py:536} INFO - Filling up the DagBag from /home/airflow/.local/lib/python3.8/site-packages/airflow/example_dags/example_setup_teardown.py
[2023-11-18T11:41:11.883+0000] {processor.py:839} INFO - DAG(s) dict_keys(['example_setup_teardown']) retrieved from /home/airflow/.local/lib/python3.8/site-packages/airflow/example_dags/example_setup_teardown.py
[2023-11-18T11:41:11.894+0000] {logging_mixin.py:154} INFO - [2023-11-18T11:41:11.893+0000] {dag.py:2941} INFO - Sync 1 DAGs
[2023-11-18T11:41:11.905+0000] {logging_mixin.py:154} INFO - [2023-11-18T11:41:11.905+0000] {dag.py:3722} INFO - Setting next_dagrun for example_setup_teardown to 2023-11-17T11:41:11.905618+00:00, run_after=2023-11-18T11:41:11.905618+00:00
[2023-11-18T11:41:11.915+0000] {processor.py:179} INFO - Processing /home/airflow/.local/lib/python3.8/site-packages/airflow/example_dags/example_setup_teardown.py took 0.042 seconds
[2023-11-18T11:41:42.411+0000] {processor.py:157} INFO - Started process (PID=1049) to work on /home/airflow/.local/lib/python3.8/site-packages/airflow/example_dags/example_setup_teardown.py
[2023-11-18T11:41:42.412+0000] {processor.py:829} INFO - Processing file /home/airflow/.local/lib/python3.8/site-packages/airflow/example_dags/example_setup_teardown.py for tasks to queue
[2023-11-18T11:41:42.415+0000] {logging_mixin.py:154} INFO - [2023-11-18T11:41:42.415+0000] {dagbag.py:536} INFO - Filling up the DagBag from /home/airflow/.local/lib/python3.8/site-packages/airflow/example_dags/example_setup_teardown.py
[2023-11-18T11:41:42.421+0000] {processor.py:839} INFO - DAG(s) dict_keys(['example_setup_teardown']) retrieved from /home/airflow/.local/lib/python3.8/site-packages/airflow/example_dags/example_setup_teardown.py
[2023-11-18T11:41:42.438+0000] {logging_mixin.py:154} INFO - [2023-11-18T11:41:42.438+0000] {dag.py:2941} INFO - Sync 1 DAGs
[2023-11-18T11:41:42.450+0000] {logging_mixin.py:154} INFO - [2023-11-18T11:41:42.450+0000] {dag.py:3722} INFO - Setting next_dagrun for example_setup_teardown to 2023-11-17T11:41:42.449996+00:00, run_after=2023-11-18T11:41:42.449996+00:00
[2023-11-18T11:41:42.459+0000] {processor.py:179} INFO - Processing /home/airflow/.local/lib/python3.8/site-packages/airflow/example_dags/example_setup_teardown.py took 0.052 seconds
[2023-11-18T11:42:12.689+0000] {processor.py:157} INFO - Started process (PID=1104) to work on /home/airflow/.local/lib/python3.8/site-packages/airflow/example_dags/example_setup_teardown.py
[2023-11-18T11:42:12.691+0000] {processor.py:829} INFO - Processing file /home/airflow/.local/lib/python3.8/site-packages/airflow/example_dags/example_setup_teardown.py for tasks to queue
[2023-11-18T11:42:12.694+0000] {logging_mixin.py:154} INFO - [2023-11-18T11:42:12.693+0000] {dagbag.py:536} INFO - Filling up the DagBag from /home/airflow/.local/lib/python3.8/site-packages/airflow/example_dags/example_setup_teardown.py
[2023-11-18T11:42:12.700+0000] {processor.py:839} INFO - DAG(s) dict_keys(['example_setup_teardown']) retrieved from /home/airflow/.local/lib/python3.8/site-packages/airflow/example_dags/example_setup_teardown.py
[2023-11-18T11:42:12.716+0000] {logging_mixin.py:154} INFO - [2023-11-18T11:42:12.716+0000] {dag.py:2941} INFO - Sync 1 DAGs
[2023-11-18T11:42:12.730+0000] {logging_mixin.py:154} INFO - [2023-11-18T11:42:12.730+0000] {dag.py:3722} INFO - Setting next_dagrun for example_setup_teardown to 2023-11-17T11:42:12.730522+00:00, run_after=2023-11-18T11:42:12.730522+00:00
[2023-11-18T11:42:12.740+0000] {processor.py:179} INFO - Processing /home/airflow/.local/lib/python3.8/site-packages/airflow/example_dags/example_setup_teardown.py took 0.055 seconds
[2023-11-18T11:42:43.474+0000] {processor.py:157} INFO - Started process (PID=1159) to work on /home/airflow/.local/lib/python3.8/site-packages/airflow/example_dags/example_setup_teardown.py
[2023-11-18T11:42:43.475+0000] {processor.py:829} INFO - Processing file /home/airflow/.local/lib/python3.8/site-packages/airflow/example_dags/example_setup_teardown.py for tasks to queue
[2023-11-18T11:42:43.477+0000] {logging_mixin.py:154} INFO - [2023-11-18T11:42:43.477+0000] {dagbag.py:536} INFO - Filling up the DagBag from /home/airflow/.local/lib/python3.8/site-packages/airflow/example_dags/example_setup_teardown.py
[2023-11-18T11:42:43.482+0000] {processor.py:839} INFO - DAG(s) dict_keys(['example_setup_teardown']) retrieved from /home/airflow/.local/lib/python3.8/site-packages/airflow/example_dags/example_setup_teardown.py
[2023-11-18T11:42:43.498+0000] {logging_mixin.py:154} INFO - [2023-11-18T11:42:43.498+0000] {dag.py:2941} INFO - Sync 1 DAGs
[2023-11-18T11:42:43.509+0000] {logging_mixin.py:154} INFO - [2023-11-18T11:42:43.509+0000] {dag.py:3722} INFO - Setting next_dagrun for example_setup_teardown to 2023-11-17T11:42:43.509661+00:00, run_after=2023-11-18T11:42:43.509661+00:00
[2023-11-18T11:42:43.519+0000] {processor.py:179} INFO - Processing /home/airflow/.local/lib/python3.8/site-packages/airflow/example_dags/example_setup_teardown.py took 0.048 seconds
[2023-11-18T11:43:13.596+0000] {processor.py:157} INFO - Started process (PID=1214) to work on /home/airflow/.local/lib/python3.8/site-packages/airflow/example_dags/example_setup_teardown.py
[2023-11-18T11:43:13.597+0000] {processor.py:829} INFO - Processing file /home/airflow/.local/lib/python3.8/site-packages/airflow/example_dags/example_setup_teardown.py for tasks to queue
[2023-11-18T11:43:13.600+0000] {logging_mixin.py:154} INFO - [2023-11-18T11:43:13.600+0000] {dagbag.py:536} INFO - Filling up the DagBag from /home/airflow/.local/lib/python3.8/site-packages/airflow/example_dags/example_setup_teardown.py
[2023-11-18T11:43:13.609+0000] {processor.py:839} INFO - DAG(s) dict_keys(['example_setup_teardown']) retrieved from /home/airflow/.local/lib/python3.8/site-packages/airflow/example_dags/example_setup_teardown.py
[2023-11-18T11:43:13.629+0000] {logging_mixin.py:154} INFO - [2023-11-18T11:43:13.629+0000] {dag.py:2941} INFO - Sync 1 DAGs
[2023-11-18T11:43:13.645+0000] {logging_mixin.py:154} INFO - [2023-11-18T11:43:13.645+0000] {dag.py:3722} INFO - Setting next_dagrun for example_setup_teardown to 2023-11-17T11:43:13.645588+00:00, run_after=2023-11-18T11:43:13.645588+00:00
[2023-11-18T11:43:13.662+0000] {processor.py:179} INFO - Processing /home/airflow/.local/lib/python3.8/site-packages/airflow/example_dags/example_setup_teardown.py took 0.070 seconds
[2023-11-18T11:43:43.730+0000] {processor.py:157} INFO - Started process (PID=1269) to work on /home/airflow/.local/lib/python3.8/site-packages/airflow/example_dags/example_setup_teardown.py
[2023-11-18T11:43:43.731+0000] {processor.py:829} INFO - Processing file /home/airflow/.local/lib/python3.8/site-packages/airflow/example_dags/example_setup_teardown.py for tasks to queue
[2023-11-18T11:43:43.733+0000] {logging_mixin.py:154} INFO - [2023-11-18T11:43:43.733+0000] {dagbag.py:536} INFO - Filling up the DagBag from /home/airflow/.local/lib/python3.8/site-packages/airflow/example_dags/example_setup_teardown.py
[2023-11-18T11:43:43.738+0000] {processor.py:839} INFO - DAG(s) dict_keys(['example_setup_teardown']) retrieved from /home/airflow/.local/lib/python3.8/site-packages/airflow/example_dags/example_setup_teardown.py
[2023-11-18T11:43:43.752+0000] {logging_mixin.py:154} INFO - [2023-11-18T11:43:43.752+0000] {dag.py:2941} INFO - Sync 1 DAGs
[2023-11-18T11:43:43.764+0000] {logging_mixin.py:154} INFO - [2023-11-18T11:43:43.764+0000] {dag.py:3722} INFO - Setting next_dagrun for example_setup_teardown to 2023-11-17T11:43:43.764329+00:00, run_after=2023-11-18T11:43:43.764329+00:00
[2023-11-18T11:43:43.773+0000] {processor.py:179} INFO - Processing /home/airflow/.local/lib/python3.8/site-packages/airflow/example_dags/example_setup_teardown.py took 0.046 seconds
[2023-11-18T11:44:13.883+0000] {processor.py:157} INFO - Started process (PID=1324) to work on /home/airflow/.local/lib/python3.8/site-packages/airflow/example_dags/example_setup_teardown.py
[2023-11-18T11:44:13.884+0000] {processor.py:829} INFO - Processing file /home/airflow/.local/lib/python3.8/site-packages/airflow/example_dags/example_setup_teardown.py for tasks to queue
[2023-11-18T11:44:13.887+0000] {logging_mixin.py:154} INFO - [2023-11-18T11:44:13.887+0000] {dagbag.py:536} INFO - Filling up the DagBag from /home/airflow/.local/lib/python3.8/site-packages/airflow/example_dags/example_setup_teardown.py
[2023-11-18T11:44:13.892+0000] {processor.py:839} INFO - DAG(s) dict_keys(['example_setup_teardown']) retrieved from /home/airflow/.local/lib/python3.8/site-packages/airflow/example_dags/example_setup_teardown.py
[2023-11-18T11:44:13.906+0000] {logging_mixin.py:154} INFO - [2023-11-18T11:44:13.906+0000] {dag.py:2941} INFO - Sync 1 DAGs
[2023-11-18T11:44:13.918+0000] {logging_mixin.py:154} INFO - [2023-11-18T11:44:13.917+0000] {dag.py:3722} INFO - Setting next_dagrun for example_setup_teardown to 2023-11-17T11:44:13.917793+00:00, run_after=2023-11-18T11:44:13.917793+00:00
[2023-11-18T11:44:13.926+0000] {processor.py:179} INFO - Processing /home/airflow/.local/lib/python3.8/site-packages/airflow/example_dags/example_setup_teardown.py took 0.047 seconds
[2023-11-18T11:44:44.437+0000] {processor.py:157} INFO - Started process (PID=1391) to work on /home/airflow/.local/lib/python3.8/site-packages/airflow/example_dags/example_setup_teardown.py
[2023-11-18T11:44:44.438+0000] {processor.py:829} INFO - Processing file /home/airflow/.local/lib/python3.8/site-packages/airflow/example_dags/example_setup_teardown.py for tasks to queue
[2023-11-18T11:44:44.441+0000] {logging_mixin.py:154} INFO - [2023-11-18T11:44:44.441+0000] {dagbag.py:536} INFO - Filling up the DagBag from /home/airflow/.local/lib/python3.8/site-packages/airflow/example_dags/example_setup_teardown.py
[2023-11-18T11:44:44.447+0000] {processor.py:839} INFO - DAG(s) dict_keys(['example_setup_teardown']) retrieved from /home/airflow/.local/lib/python3.8/site-packages/airflow/example_dags/example_setup_teardown.py
[2023-11-18T11:44:44.460+0000] {logging_mixin.py:154} INFO - [2023-11-18T11:44:44.460+0000] {dag.py:2941} INFO - Sync 1 DAGs
[2023-11-18T11:44:44.472+0000] {logging_mixin.py:154} INFO - [2023-11-18T11:44:44.472+0000] {dag.py:3722} INFO - Setting next_dagrun for example_setup_teardown to 2023-11-17T11:44:44.471986+00:00, run_after=2023-11-18T11:44:44.471986+00:00
[2023-11-18T11:44:44.482+0000] {processor.py:179} INFO - Processing /home/airflow/.local/lib/python3.8/site-packages/airflow/example_dags/example_setup_teardown.py took 0.047 seconds
[2023-11-18T11:45:14.964+0000] {processor.py:157} INFO - Started process (PID=1452) to work on /home/airflow/.local/lib/python3.8/site-packages/airflow/example_dags/example_setup_teardown.py
[2023-11-18T11:45:14.965+0000] {processor.py:829} INFO - Processing file /home/airflow/.local/lib/python3.8/site-packages/airflow/example_dags/example_setup_teardown.py for tasks to queue
[2023-11-18T11:45:14.969+0000] {logging_mixin.py:154} INFO - [2023-11-18T11:45:14.968+0000] {dagbag.py:536} INFO - Filling up the DagBag from /home/airflow/.local/lib/python3.8/site-packages/airflow/example_dags/example_setup_teardown.py
[2023-11-18T11:45:14.975+0000] {processor.py:839} INFO - DAG(s) dict_keys(['example_setup_teardown']) retrieved from /home/airflow/.local/lib/python3.8/site-packages/airflow/example_dags/example_setup_teardown.py
[2023-11-18T11:45:14.993+0000] {logging_mixin.py:154} INFO - [2023-11-18T11:45:14.993+0000] {dag.py:2941} INFO - Sync 1 DAGs
[2023-11-18T11:45:15.010+0000] {logging_mixin.py:154} INFO - [2023-11-18T11:45:15.010+0000] {dag.py:3722} INFO - Setting next_dagrun for example_setup_teardown to 2023-11-17T11:45:15.009828+00:00, run_after=2023-11-18T11:45:15.009828+00:00
[2023-11-18T11:45:15.022+0000] {processor.py:179} INFO - Processing /home/airflow/.local/lib/python3.8/site-packages/airflow/example_dags/example_setup_teardown.py took 0.061 seconds
[2023-11-18T11:45:45.497+0000] {processor.py:157} INFO - Started process (PID=1513) to work on /home/airflow/.local/lib/python3.8/site-packages/airflow/example_dags/example_setup_teardown.py
[2023-11-18T11:45:45.499+0000] {processor.py:829} INFO - Processing file /home/airflow/.local/lib/python3.8/site-packages/airflow/example_dags/example_setup_teardown.py for tasks to queue
[2023-11-18T11:45:45.502+0000] {logging_mixin.py:154} INFO - [2023-11-18T11:45:45.502+0000] {dagbag.py:536} INFO - Filling up the DagBag from /home/airflow/.local/lib/python3.8/site-packages/airflow/example_dags/example_setup_teardown.py
[2023-11-18T11:45:45.509+0000] {processor.py:839} INFO - DAG(s) dict_keys(['example_setup_teardown']) retrieved from /home/airflow/.local/lib/python3.8/site-packages/airflow/example_dags/example_setup_teardown.py
[2023-11-18T11:45:45.527+0000] {logging_mixin.py:154} INFO - [2023-11-18T11:45:45.527+0000] {dag.py:2941} INFO - Sync 1 DAGs
[2023-11-18T11:45:45.543+0000] {logging_mixin.py:154} INFO - [2023-11-18T11:45:45.543+0000] {dag.py:3722} INFO - Setting next_dagrun for example_setup_teardown to 2023-11-17T11:45:45.543150+00:00, run_after=2023-11-18T11:45:45.543150+00:00
[2023-11-18T11:45:45.562+0000] {processor.py:179} INFO - Processing /home/airflow/.local/lib/python3.8/site-packages/airflow/example_dags/example_setup_teardown.py took 0.069 seconds
[2023-11-18T11:46:15.806+0000] {processor.py:157} INFO - Started process (PID=1574) to work on /home/airflow/.local/lib/python3.8/site-packages/airflow/example_dags/example_setup_teardown.py
[2023-11-18T11:46:15.807+0000] {processor.py:829} INFO - Processing file /home/airflow/.local/lib/python3.8/site-packages/airflow/example_dags/example_setup_teardown.py for tasks to queue
[2023-11-18T11:46:15.809+0000] {logging_mixin.py:154} INFO - [2023-11-18T11:46:15.809+0000] {dagbag.py:536} INFO - Filling up the DagBag from /home/airflow/.local/lib/python3.8/site-packages/airflow/example_dags/example_setup_teardown.py
[2023-11-18T11:46:15.816+0000] {processor.py:839} INFO - DAG(s) dict_keys(['example_setup_teardown']) retrieved from /home/airflow/.local/lib/python3.8/site-packages/airflow/example_dags/example_setup_teardown.py
[2023-11-18T11:46:15.840+0000] {logging_mixin.py:154} INFO - [2023-11-18T11:46:15.840+0000] {dag.py:2941} INFO - Sync 1 DAGs
[2023-11-18T11:46:15.855+0000] {logging_mixin.py:154} INFO - [2023-11-18T11:46:15.855+0000] {dag.py:3722} INFO - Setting next_dagrun for example_setup_teardown to 2023-11-17T11:46:15.855685+00:00, run_after=2023-11-18T11:46:15.855685+00:00
[2023-11-18T11:46:15.867+0000] {processor.py:179} INFO - Processing /home/airflow/.local/lib/python3.8/site-packages/airflow/example_dags/example_setup_teardown.py took 0.065 seconds
[2023-11-18T11:46:46.447+0000] {processor.py:157} INFO - Started process (PID=1635) to work on /home/airflow/.local/lib/python3.8/site-packages/airflow/example_dags/example_setup_teardown.py
[2023-11-18T11:46:46.448+0000] {processor.py:829} INFO - Processing file /home/airflow/.local/lib/python3.8/site-packages/airflow/example_dags/example_setup_teardown.py for tasks to queue
[2023-11-18T11:46:46.450+0000] {logging_mixin.py:154} INFO - [2023-11-18T11:46:46.449+0000] {dagbag.py:536} INFO - Filling up the DagBag from /home/airflow/.local/lib/python3.8/site-packages/airflow/example_dags/example_setup_teardown.py
[2023-11-18T11:46:46.454+0000] {processor.py:839} INFO - DAG(s) dict_keys(['example_setup_teardown']) retrieved from /home/airflow/.local/lib/python3.8/site-packages/airflow/example_dags/example_setup_teardown.py
[2023-11-18T11:46:46.466+0000] {logging_mixin.py:154} INFO - [2023-11-18T11:46:46.466+0000] {dag.py:2941} INFO - Sync 1 DAGs
[2023-11-18T11:46:46.479+0000] {logging_mixin.py:154} INFO - [2023-11-18T11:46:46.479+0000] {dag.py:3722} INFO - Setting next_dagrun for example_setup_teardown to 2023-11-17T11:46:46.479000+00:00, run_after=2023-11-18T11:46:46.479000+00:00
[2023-11-18T11:46:46.488+0000] {processor.py:179} INFO - Processing /home/airflow/.local/lib/python3.8/site-packages/airflow/example_dags/example_setup_teardown.py took 0.043 seconds
