[2023-11-18T11:32:35.296+0000] {processor.py:157} INFO - Started process (PID=61) to work on /home/airflow/.local/lib/python3.8/site-packages/airflow/example_dags/example_sensors.py
[2023-11-18T11:32:35.303+0000] {processor.py:829} INFO - Processing file /home/airflow/.local/lib/python3.8/site-packages/airflow/example_dags/example_sensors.py for tasks to queue
[2023-11-18T11:32:35.311+0000] {logging_mixin.py:154} INFO - [2023-11-18T11:32:35.310+0000] {dagbag.py:536} INFO - Filling up the DagBag from /home/airflow/.local/lib/python3.8/site-packages/airflow/example_dags/example_sensors.py
[2023-11-18T11:32:35.355+0000] {processor.py:839} INFO - DAG(s) dict_keys(['example_sensors']) retrieved from /home/airflow/.local/lib/python3.8/site-packages/airflow/example_dags/example_sensors.py
[2023-11-18T11:32:35.432+0000] {logging_mixin.py:154} INFO - [2023-11-18T11:32:35.432+0000] {dag.py:2941} INFO - Sync 1 DAGs
[2023-11-18T11:32:35.462+0000] {logging_mixin.py:154} INFO - [2023-11-18T11:32:35.461+0000] {dag.py:3722} INFO - Setting next_dagrun for example_sensors to None, run_after=None
[2023-11-18T11:32:35.515+0000] {processor.py:179} INFO - Processing /home/airflow/.local/lib/python3.8/site-packages/airflow/example_dags/example_sensors.py took 0.322 seconds
[2023-11-18T11:33:06.354+0000] {processor.py:157} INFO - Started process (PID=117) to work on /home/airflow/.local/lib/python3.8/site-packages/airflow/example_dags/example_sensors.py
[2023-11-18T11:33:06.355+0000] {processor.py:829} INFO - Processing file /home/airflow/.local/lib/python3.8/site-packages/airflow/example_dags/example_sensors.py for tasks to queue
[2023-11-18T11:33:06.358+0000] {logging_mixin.py:154} INFO - [2023-11-18T11:33:06.358+0000] {dagbag.py:536} INFO - Filling up the DagBag from /home/airflow/.local/lib/python3.8/site-packages/airflow/example_dags/example_sensors.py
[2023-11-18T11:33:06.370+0000] {processor.py:839} INFO - DAG(s) dict_keys(['example_sensors']) retrieved from /home/airflow/.local/lib/python3.8/site-packages/airflow/example_dags/example_sensors.py
[2023-11-18T11:33:06.394+0000] {logging_mixin.py:154} INFO - [2023-11-18T11:33:06.394+0000] {dag.py:2941} INFO - Sync 1 DAGs
[2023-11-18T11:33:06.405+0000] {logging_mixin.py:154} INFO - [2023-11-18T11:33:06.405+0000] {dag.py:3722} INFO - Setting next_dagrun for example_sensors to None, run_after=None
[2023-11-18T11:33:06.418+0000] {processor.py:179} INFO - Processing /home/airflow/.local/lib/python3.8/site-packages/airflow/example_dags/example_sensors.py took 0.068 seconds
[2023-11-18T11:33:36.531+0000] {processor.py:157} INFO - Started process (PID=173) to work on /home/airflow/.local/lib/python3.8/site-packages/airflow/example_dags/example_sensors.py
[2023-11-18T11:33:36.533+0000] {processor.py:829} INFO - Processing file /home/airflow/.local/lib/python3.8/site-packages/airflow/example_dags/example_sensors.py for tasks to queue
[2023-11-18T11:33:36.537+0000] {logging_mixin.py:154} INFO - [2023-11-18T11:33:36.537+0000] {dagbag.py:536} INFO - Filling up the DagBag from /home/airflow/.local/lib/python3.8/site-packages/airflow/example_dags/example_sensors.py
[2023-11-18T11:33:36.554+0000] {processor.py:839} INFO - DAG(s) dict_keys(['example_sensors']) retrieved from /home/airflow/.local/lib/python3.8/site-packages/airflow/example_dags/example_sensors.py
[2023-11-18T11:33:36.594+0000] {logging_mixin.py:154} INFO - [2023-11-18T11:33:36.594+0000] {dag.py:2941} INFO - Sync 1 DAGs
[2023-11-18T11:33:36.633+0000] {logging_mixin.py:154} INFO - [2023-11-18T11:33:36.633+0000] {dag.py:3722} INFO - Setting next_dagrun for example_sensors to None, run_after=None
[2023-11-18T11:33:36.681+0000] {processor.py:179} INFO - Processing /home/airflow/.local/lib/python3.8/site-packages/airflow/example_dags/example_sensors.py took 0.155 seconds
[2023-11-18T11:34:07.395+0000] {processor.py:157} INFO - Started process (PID=228) to work on /home/airflow/.local/lib/python3.8/site-packages/airflow/example_dags/example_sensors.py
[2023-11-18T11:34:07.396+0000] {processor.py:829} INFO - Processing file /home/airflow/.local/lib/python3.8/site-packages/airflow/example_dags/example_sensors.py for tasks to queue
[2023-11-18T11:34:07.398+0000] {logging_mixin.py:154} INFO - [2023-11-18T11:34:07.398+0000] {dagbag.py:536} INFO - Filling up the DagBag from /home/airflow/.local/lib/python3.8/site-packages/airflow/example_dags/example_sensors.py
[2023-11-18T11:34:07.407+0000] {processor.py:839} INFO - DAG(s) dict_keys(['example_sensors']) retrieved from /home/airflow/.local/lib/python3.8/site-packages/airflow/example_dags/example_sensors.py
[2023-11-18T11:34:07.426+0000] {logging_mixin.py:154} INFO - [2023-11-18T11:34:07.426+0000] {dag.py:2941} INFO - Sync 1 DAGs
[2023-11-18T11:34:07.435+0000] {logging_mixin.py:154} INFO - [2023-11-18T11:34:07.435+0000] {dag.py:3722} INFO - Setting next_dagrun for example_sensors to None, run_after=None
[2023-11-18T11:34:07.445+0000] {processor.py:179} INFO - Processing /home/airflow/.local/lib/python3.8/site-packages/airflow/example_dags/example_sensors.py took 0.053 seconds
[2023-11-18T11:34:37.644+0000] {processor.py:157} INFO - Started process (PID=283) to work on /home/airflow/.local/lib/python3.8/site-packages/airflow/example_dags/example_sensors.py
[2023-11-18T11:34:37.645+0000] {processor.py:829} INFO - Processing file /home/airflow/.local/lib/python3.8/site-packages/airflow/example_dags/example_sensors.py for tasks to queue
[2023-11-18T11:34:37.648+0000] {logging_mixin.py:154} INFO - [2023-11-18T11:34:37.648+0000] {dagbag.py:536} INFO - Filling up the DagBag from /home/airflow/.local/lib/python3.8/site-packages/airflow/example_dags/example_sensors.py
[2023-11-18T11:34:37.670+0000] {processor.py:839} INFO - DAG(s) dict_keys(['example_sensors']) retrieved from /home/airflow/.local/lib/python3.8/site-packages/airflow/example_dags/example_sensors.py
[2023-11-18T11:34:37.698+0000] {logging_mixin.py:154} INFO - [2023-11-18T11:34:37.698+0000] {dag.py:2941} INFO - Sync 1 DAGs
[2023-11-18T11:34:37.715+0000] {logging_mixin.py:154} INFO - [2023-11-18T11:34:37.714+0000] {dag.py:3722} INFO - Setting next_dagrun for example_sensors to None, run_after=None
[2023-11-18T11:34:37.735+0000] {processor.py:179} INFO - Processing /home/airflow/.local/lib/python3.8/site-packages/airflow/example_dags/example_sensors.py took 0.095 seconds
[2023-11-18T11:35:08.394+0000] {processor.py:157} INFO - Started process (PID=338) to work on /home/airflow/.local/lib/python3.8/site-packages/airflow/example_dags/example_sensors.py
[2023-11-18T11:35:08.396+0000] {processor.py:829} INFO - Processing file /home/airflow/.local/lib/python3.8/site-packages/airflow/example_dags/example_sensors.py for tasks to queue
[2023-11-18T11:35:08.399+0000] {logging_mixin.py:154} INFO - [2023-11-18T11:35:08.399+0000] {dagbag.py:536} INFO - Filling up the DagBag from /home/airflow/.local/lib/python3.8/site-packages/airflow/example_dags/example_sensors.py
[2023-11-18T11:35:08.408+0000] {processor.py:839} INFO - DAG(s) dict_keys(['example_sensors']) retrieved from /home/airflow/.local/lib/python3.8/site-packages/airflow/example_dags/example_sensors.py
[2023-11-18T11:35:08.429+0000] {logging_mixin.py:154} INFO - [2023-11-18T11:35:08.429+0000] {dag.py:2941} INFO - Sync 1 DAGs
[2023-11-18T11:35:08.437+0000] {logging_mixin.py:154} INFO - [2023-11-18T11:35:08.437+0000] {dag.py:3722} INFO - Setting next_dagrun for example_sensors to None, run_after=None
[2023-11-18T11:35:08.447+0000] {processor.py:179} INFO - Processing /home/airflow/.local/lib/python3.8/site-packages/airflow/example_dags/example_sensors.py took 0.057 seconds
[2023-11-18T11:35:38.533+0000] {processor.py:157} INFO - Started process (PID=394) to work on /home/airflow/.local/lib/python3.8/site-packages/airflow/example_dags/example_sensors.py
[2023-11-18T11:35:38.535+0000] {processor.py:829} INFO - Processing file /home/airflow/.local/lib/python3.8/site-packages/airflow/example_dags/example_sensors.py for tasks to queue
[2023-11-18T11:35:38.537+0000] {logging_mixin.py:154} INFO - [2023-11-18T11:35:38.537+0000] {dagbag.py:536} INFO - Filling up the DagBag from /home/airflow/.local/lib/python3.8/site-packages/airflow/example_dags/example_sensors.py
[2023-11-18T11:35:38.548+0000] {processor.py:839} INFO - DAG(s) dict_keys(['example_sensors']) retrieved from /home/airflow/.local/lib/python3.8/site-packages/airflow/example_dags/example_sensors.py
[2023-11-18T11:35:38.571+0000] {logging_mixin.py:154} INFO - [2023-11-18T11:35:38.571+0000] {dag.py:2941} INFO - Sync 1 DAGs
[2023-11-18T11:35:38.579+0000] {logging_mixin.py:154} INFO - [2023-11-18T11:35:38.579+0000] {dag.py:3722} INFO - Setting next_dagrun for example_sensors to None, run_after=None
[2023-11-18T11:35:38.589+0000] {processor.py:179} INFO - Processing /home/airflow/.local/lib/python3.8/site-packages/airflow/example_dags/example_sensors.py took 0.061 seconds
[2023-11-18T11:36:08.881+0000] {processor.py:157} INFO - Started process (PID=449) to work on /home/airflow/.local/lib/python3.8/site-packages/airflow/example_dags/example_sensors.py
[2023-11-18T11:36:08.883+0000] {processor.py:829} INFO - Processing file /home/airflow/.local/lib/python3.8/site-packages/airflow/example_dags/example_sensors.py for tasks to queue
[2023-11-18T11:36:08.886+0000] {logging_mixin.py:154} INFO - [2023-11-18T11:36:08.885+0000] {dagbag.py:536} INFO - Filling up the DagBag from /home/airflow/.local/lib/python3.8/site-packages/airflow/example_dags/example_sensors.py
[2023-11-18T11:36:08.895+0000] {processor.py:839} INFO - DAG(s) dict_keys(['example_sensors']) retrieved from /home/airflow/.local/lib/python3.8/site-packages/airflow/example_dags/example_sensors.py
[2023-11-18T11:36:08.928+0000] {logging_mixin.py:154} INFO - [2023-11-18T11:36:08.928+0000] {dag.py:2941} INFO - Sync 1 DAGs
[2023-11-18T11:36:08.936+0000] {logging_mixin.py:154} INFO - [2023-11-18T11:36:08.936+0000] {dag.py:3722} INFO - Setting next_dagrun for example_sensors to None, run_after=None
[2023-11-18T11:36:08.945+0000] {processor.py:179} INFO - Processing /home/airflow/.local/lib/python3.8/site-packages/airflow/example_dags/example_sensors.py took 0.070 seconds
[2023-11-18T11:36:39.965+0000] {processor.py:157} INFO - Started process (PID=504) to work on /home/airflow/.local/lib/python3.8/site-packages/airflow/example_dags/example_sensors.py
[2023-11-18T11:36:39.966+0000] {processor.py:829} INFO - Processing file /home/airflow/.local/lib/python3.8/site-packages/airflow/example_dags/example_sensors.py for tasks to queue
[2023-11-18T11:36:39.969+0000] {logging_mixin.py:154} INFO - [2023-11-18T11:36:39.969+0000] {dagbag.py:536} INFO - Filling up the DagBag from /home/airflow/.local/lib/python3.8/site-packages/airflow/example_dags/example_sensors.py
[2023-11-18T11:36:39.980+0000] {processor.py:839} INFO - DAG(s) dict_keys(['example_sensors']) retrieved from /home/airflow/.local/lib/python3.8/site-packages/airflow/example_dags/example_sensors.py
[2023-11-18T11:36:40.003+0000] {logging_mixin.py:154} INFO - [2023-11-18T11:36:40.003+0000] {dag.py:2941} INFO - Sync 1 DAGs
[2023-11-18T11:36:40.011+0000] {logging_mixin.py:154} INFO - [2023-11-18T11:36:40.011+0000] {dag.py:3722} INFO - Setting next_dagrun for example_sensors to None, run_after=None
[2023-11-18T11:36:40.022+0000] {processor.py:179} INFO - Processing /home/airflow/.local/lib/python3.8/site-packages/airflow/example_dags/example_sensors.py took 0.062 seconds
[2023-11-18T11:37:10.219+0000] {processor.py:157} INFO - Started process (PID=559) to work on /home/airflow/.local/lib/python3.8/site-packages/airflow/example_dags/example_sensors.py
[2023-11-18T11:37:10.220+0000] {processor.py:829} INFO - Processing file /home/airflow/.local/lib/python3.8/site-packages/airflow/example_dags/example_sensors.py for tasks to queue
[2023-11-18T11:37:10.223+0000] {logging_mixin.py:154} INFO - [2023-11-18T11:37:10.223+0000] {dagbag.py:536} INFO - Filling up the DagBag from /home/airflow/.local/lib/python3.8/site-packages/airflow/example_dags/example_sensors.py
[2023-11-18T11:37:10.234+0000] {processor.py:839} INFO - DAG(s) dict_keys(['example_sensors']) retrieved from /home/airflow/.local/lib/python3.8/site-packages/airflow/example_dags/example_sensors.py
[2023-11-18T11:37:10.255+0000] {logging_mixin.py:154} INFO - [2023-11-18T11:37:10.255+0000] {dag.py:2941} INFO - Sync 1 DAGs
[2023-11-18T11:37:10.264+0000] {logging_mixin.py:154} INFO - [2023-11-18T11:37:10.264+0000] {dag.py:3722} INFO - Setting next_dagrun for example_sensors to None, run_after=None
[2023-11-18T11:37:10.275+0000] {processor.py:179} INFO - Processing /home/airflow/.local/lib/python3.8/site-packages/airflow/example_dags/example_sensors.py took 0.062 seconds
[2023-11-18T11:37:40.465+0000] {processor.py:157} INFO - Started process (PID=614) to work on /home/airflow/.local/lib/python3.8/site-packages/airflow/example_dags/example_sensors.py
[2023-11-18T11:37:40.467+0000] {processor.py:829} INFO - Processing file /home/airflow/.local/lib/python3.8/site-packages/airflow/example_dags/example_sensors.py for tasks to queue
[2023-11-18T11:37:40.470+0000] {logging_mixin.py:154} INFO - [2023-11-18T11:37:40.469+0000] {dagbag.py:536} INFO - Filling up the DagBag from /home/airflow/.local/lib/python3.8/site-packages/airflow/example_dags/example_sensors.py
[2023-11-18T11:37:40.480+0000] {processor.py:839} INFO - DAG(s) dict_keys(['example_sensors']) retrieved from /home/airflow/.local/lib/python3.8/site-packages/airflow/example_dags/example_sensors.py
[2023-11-18T11:37:40.500+0000] {logging_mixin.py:154} INFO - [2023-11-18T11:37:40.500+0000] {dag.py:2941} INFO - Sync 1 DAGs
[2023-11-18T11:37:40.509+0000] {logging_mixin.py:154} INFO - [2023-11-18T11:37:40.509+0000] {dag.py:3722} INFO - Setting next_dagrun for example_sensors to None, run_after=None
[2023-11-18T11:37:40.519+0000] {processor.py:179} INFO - Processing /home/airflow/.local/lib/python3.8/site-packages/airflow/example_dags/example_sensors.py took 0.059 seconds
[2023-11-18T11:38:11.277+0000] {processor.py:157} INFO - Started process (PID=669) to work on /home/airflow/.local/lib/python3.8/site-packages/airflow/example_dags/example_sensors.py
[2023-11-18T11:38:11.278+0000] {processor.py:829} INFO - Processing file /home/airflow/.local/lib/python3.8/site-packages/airflow/example_dags/example_sensors.py for tasks to queue
[2023-11-18T11:38:11.281+0000] {logging_mixin.py:154} INFO - [2023-11-18T11:38:11.281+0000] {dagbag.py:536} INFO - Filling up the DagBag from /home/airflow/.local/lib/python3.8/site-packages/airflow/example_dags/example_sensors.py
[2023-11-18T11:38:11.291+0000] {processor.py:839} INFO - DAG(s) dict_keys(['example_sensors']) retrieved from /home/airflow/.local/lib/python3.8/site-packages/airflow/example_dags/example_sensors.py
[2023-11-18T11:38:11.313+0000] {logging_mixin.py:154} INFO - [2023-11-18T11:38:11.313+0000] {dag.py:2941} INFO - Sync 1 DAGs
[2023-11-18T11:38:11.322+0000] {logging_mixin.py:154} INFO - [2023-11-18T11:38:11.321+0000] {dag.py:3722} INFO - Setting next_dagrun for example_sensors to None, run_after=None
[2023-11-18T11:38:11.333+0000] {processor.py:179} INFO - Processing /home/airflow/.local/lib/python3.8/site-packages/airflow/example_dags/example_sensors.py took 0.061 seconds
[2023-11-18T11:38:41.425+0000] {processor.py:157} INFO - Started process (PID=724) to work on /home/airflow/.local/lib/python3.8/site-packages/airflow/example_dags/example_sensors.py
[2023-11-18T11:38:41.426+0000] {processor.py:829} INFO - Processing file /home/airflow/.local/lib/python3.8/site-packages/airflow/example_dags/example_sensors.py for tasks to queue
[2023-11-18T11:38:41.427+0000] {logging_mixin.py:154} INFO - [2023-11-18T11:38:41.427+0000] {dagbag.py:536} INFO - Filling up the DagBag from /home/airflow/.local/lib/python3.8/site-packages/airflow/example_dags/example_sensors.py
[2023-11-18T11:38:41.432+0000] {processor.py:839} INFO - DAG(s) dict_keys(['example_sensors']) retrieved from /home/airflow/.local/lib/python3.8/site-packages/airflow/example_dags/example_sensors.py
[2023-11-18T11:38:41.445+0000] {logging_mixin.py:154} INFO - [2023-11-18T11:38:41.445+0000] {dag.py:2941} INFO - Sync 1 DAGs
[2023-11-18T11:38:41.451+0000] {logging_mixin.py:154} INFO - [2023-11-18T11:38:41.451+0000] {dag.py:3722} INFO - Setting next_dagrun for example_sensors to None, run_after=None
[2023-11-18T11:38:41.459+0000] {processor.py:179} INFO - Processing /home/airflow/.local/lib/python3.8/site-packages/airflow/example_dags/example_sensors.py took 0.036 seconds
[2023-11-18T11:39:12.412+0000] {processor.py:157} INFO - Started process (PID=777) to work on /home/airflow/.local/lib/python3.8/site-packages/airflow/example_dags/example_sensors.py
[2023-11-18T11:39:12.413+0000] {processor.py:829} INFO - Processing file /home/airflow/.local/lib/python3.8/site-packages/airflow/example_dags/example_sensors.py for tasks to queue
[2023-11-18T11:39:12.416+0000] {logging_mixin.py:154} INFO - [2023-11-18T11:39:12.416+0000] {dagbag.py:536} INFO - Filling up the DagBag from /home/airflow/.local/lib/python3.8/site-packages/airflow/example_dags/example_sensors.py
[2023-11-18T11:39:12.426+0000] {processor.py:839} INFO - DAG(s) dict_keys(['example_sensors']) retrieved from /home/airflow/.local/lib/python3.8/site-packages/airflow/example_dags/example_sensors.py
[2023-11-18T11:39:12.448+0000] {logging_mixin.py:154} INFO - [2023-11-18T11:39:12.448+0000] {dag.py:2941} INFO - Sync 1 DAGs
[2023-11-18T11:39:12.457+0000] {logging_mixin.py:154} INFO - [2023-11-18T11:39:12.457+0000] {dag.py:3722} INFO - Setting next_dagrun for example_sensors to None, run_after=None
[2023-11-18T11:39:12.468+0000] {processor.py:179} INFO - Processing /home/airflow/.local/lib/python3.8/site-packages/airflow/example_dags/example_sensors.py took 0.062 seconds
[2023-11-18T11:39:42.596+0000] {processor.py:157} INFO - Started process (PID=832) to work on /home/airflow/.local/lib/python3.8/site-packages/airflow/example_dags/example_sensors.py
[2023-11-18T11:39:42.598+0000] {processor.py:829} INFO - Processing file /home/airflow/.local/lib/python3.8/site-packages/airflow/example_dags/example_sensors.py for tasks to queue
[2023-11-18T11:39:42.601+0000] {logging_mixin.py:154} INFO - [2023-11-18T11:39:42.601+0000] {dagbag.py:536} INFO - Filling up the DagBag from /home/airflow/.local/lib/python3.8/site-packages/airflow/example_dags/example_sensors.py
[2023-11-18T11:39:42.610+0000] {processor.py:839} INFO - DAG(s) dict_keys(['example_sensors']) retrieved from /home/airflow/.local/lib/python3.8/site-packages/airflow/example_dags/example_sensors.py
[2023-11-18T11:39:42.631+0000] {logging_mixin.py:154} INFO - [2023-11-18T11:39:42.631+0000] {dag.py:2941} INFO - Sync 1 DAGs
[2023-11-18T11:39:42.639+0000] {logging_mixin.py:154} INFO - [2023-11-18T11:39:42.639+0000] {dag.py:3722} INFO - Setting next_dagrun for example_sensors to None, run_after=None
[2023-11-18T11:39:42.649+0000] {processor.py:179} INFO - Processing /home/airflow/.local/lib/python3.8/site-packages/airflow/example_dags/example_sensors.py took 0.058 seconds
[2023-11-18T11:40:12.913+0000] {processor.py:157} INFO - Started process (PID=887) to work on /home/airflow/.local/lib/python3.8/site-packages/airflow/example_dags/example_sensors.py
[2023-11-18T11:40:12.915+0000] {processor.py:829} INFO - Processing file /home/airflow/.local/lib/python3.8/site-packages/airflow/example_dags/example_sensors.py for tasks to queue
[2023-11-18T11:40:12.919+0000] {logging_mixin.py:154} INFO - [2023-11-18T11:40:12.919+0000] {dagbag.py:536} INFO - Filling up the DagBag from /home/airflow/.local/lib/python3.8/site-packages/airflow/example_dags/example_sensors.py
[2023-11-18T11:40:12.930+0000] {processor.py:839} INFO - DAG(s) dict_keys(['example_sensors']) retrieved from /home/airflow/.local/lib/python3.8/site-packages/airflow/example_dags/example_sensors.py
[2023-11-18T11:40:12.950+0000] {logging_mixin.py:154} INFO - [2023-11-18T11:40:12.950+0000] {dag.py:2941} INFO - Sync 1 DAGs
[2023-11-18T11:40:12.956+0000] {logging_mixin.py:154} INFO - [2023-11-18T11:40:12.956+0000] {dag.py:3722} INFO - Setting next_dagrun for example_sensors to None, run_after=None
[2023-11-18T11:40:12.966+0000] {processor.py:179} INFO - Processing /home/airflow/.local/lib/python3.8/site-packages/airflow/example_dags/example_sensors.py took 0.059 seconds
[2023-11-18T11:40:43.701+0000] {processor.py:157} INFO - Started process (PID=942) to work on /home/airflow/.local/lib/python3.8/site-packages/airflow/example_dags/example_sensors.py
[2023-11-18T11:40:43.703+0000] {processor.py:829} INFO - Processing file /home/airflow/.local/lib/python3.8/site-packages/airflow/example_dags/example_sensors.py for tasks to queue
[2023-11-18T11:40:43.705+0000] {logging_mixin.py:154} INFO - [2023-11-18T11:40:43.705+0000] {dagbag.py:536} INFO - Filling up the DagBag from /home/airflow/.local/lib/python3.8/site-packages/airflow/example_dags/example_sensors.py
[2023-11-18T11:40:43.711+0000] {processor.py:839} INFO - DAG(s) dict_keys(['example_sensors']) retrieved from /home/airflow/.local/lib/python3.8/site-packages/airflow/example_dags/example_sensors.py
[2023-11-18T11:40:43.726+0000] {logging_mixin.py:154} INFO - [2023-11-18T11:40:43.726+0000] {dag.py:2941} INFO - Sync 1 DAGs
[2023-11-18T11:40:43.733+0000] {logging_mixin.py:154} INFO - [2023-11-18T11:40:43.733+0000] {dag.py:3722} INFO - Setting next_dagrun for example_sensors to None, run_after=None
[2023-11-18T11:40:43.743+0000] {processor.py:179} INFO - Processing /home/airflow/.local/lib/python3.8/site-packages/airflow/example_dags/example_sensors.py took 0.047 seconds
[2023-11-18T11:41:14.051+0000] {processor.py:157} INFO - Started process (PID=997) to work on /home/airflow/.local/lib/python3.8/site-packages/airflow/example_dags/example_sensors.py
[2023-11-18T11:41:14.054+0000] {processor.py:829} INFO - Processing file /home/airflow/.local/lib/python3.8/site-packages/airflow/example_dags/example_sensors.py for tasks to queue
[2023-11-18T11:41:14.057+0000] {logging_mixin.py:154} INFO - [2023-11-18T11:41:14.057+0000] {dagbag.py:536} INFO - Filling up the DagBag from /home/airflow/.local/lib/python3.8/site-packages/airflow/example_dags/example_sensors.py
[2023-11-18T11:41:14.067+0000] {processor.py:839} INFO - DAG(s) dict_keys(['example_sensors']) retrieved from /home/airflow/.local/lib/python3.8/site-packages/airflow/example_dags/example_sensors.py
[2023-11-18T11:41:14.091+0000] {logging_mixin.py:154} INFO - [2023-11-18T11:41:14.091+0000] {dag.py:2941} INFO - Sync 1 DAGs
[2023-11-18T11:41:14.100+0000] {logging_mixin.py:154} INFO - [2023-11-18T11:41:14.100+0000] {dag.py:3722} INFO - Setting next_dagrun for example_sensors to None, run_after=None
[2023-11-18T11:41:14.110+0000] {processor.py:179} INFO - Processing /home/airflow/.local/lib/python3.8/site-packages/airflow/example_dags/example_sensors.py took 0.064 seconds
[2023-11-18T11:41:44.576+0000] {processor.py:157} INFO - Started process (PID=1052) to work on /home/airflow/.local/lib/python3.8/site-packages/airflow/example_dags/example_sensors.py
[2023-11-18T11:41:44.578+0000] {processor.py:829} INFO - Processing file /home/airflow/.local/lib/python3.8/site-packages/airflow/example_dags/example_sensors.py for tasks to queue
[2023-11-18T11:41:44.581+0000] {logging_mixin.py:154} INFO - [2023-11-18T11:41:44.580+0000] {dagbag.py:536} INFO - Filling up the DagBag from /home/airflow/.local/lib/python3.8/site-packages/airflow/example_dags/example_sensors.py
[2023-11-18T11:41:44.591+0000] {processor.py:839} INFO - DAG(s) dict_keys(['example_sensors']) retrieved from /home/airflow/.local/lib/python3.8/site-packages/airflow/example_dags/example_sensors.py
[2023-11-18T11:41:44.612+0000] {logging_mixin.py:154} INFO - [2023-11-18T11:41:44.612+0000] {dag.py:2941} INFO - Sync 1 DAGs
[2023-11-18T11:41:44.619+0000] {logging_mixin.py:154} INFO - [2023-11-18T11:41:44.619+0000] {dag.py:3722} INFO - Setting next_dagrun for example_sensors to None, run_after=None
[2023-11-18T11:41:44.629+0000] {processor.py:179} INFO - Processing /home/airflow/.local/lib/python3.8/site-packages/airflow/example_dags/example_sensors.py took 0.059 seconds
[2023-11-18T11:42:14.917+0000] {processor.py:157} INFO - Started process (PID=1107) to work on /home/airflow/.local/lib/python3.8/site-packages/airflow/example_dags/example_sensors.py
[2023-11-18T11:42:14.919+0000] {processor.py:829} INFO - Processing file /home/airflow/.local/lib/python3.8/site-packages/airflow/example_dags/example_sensors.py for tasks to queue
[2023-11-18T11:42:14.923+0000] {logging_mixin.py:154} INFO - [2023-11-18T11:42:14.922+0000] {dagbag.py:536} INFO - Filling up the DagBag from /home/airflow/.local/lib/python3.8/site-packages/airflow/example_dags/example_sensors.py
[2023-11-18T11:42:14.947+0000] {processor.py:839} INFO - DAG(s) dict_keys(['example_sensors']) retrieved from /home/airflow/.local/lib/python3.8/site-packages/airflow/example_dags/example_sensors.py
[2023-11-18T11:42:14.972+0000] {logging_mixin.py:154} INFO - [2023-11-18T11:42:14.972+0000] {dag.py:2941} INFO - Sync 1 DAGs
[2023-11-18T11:42:14.993+0000] {logging_mixin.py:154} INFO - [2023-11-18T11:42:14.993+0000] {dag.py:3722} INFO - Setting next_dagrun for example_sensors to None, run_after=None
[2023-11-18T11:42:15.012+0000] {processor.py:179} INFO - Processing /home/airflow/.local/lib/python3.8/site-packages/airflow/example_dags/example_sensors.py took 0.103 seconds
[2023-11-18T11:42:45.624+0000] {processor.py:157} INFO - Started process (PID=1162) to work on /home/airflow/.local/lib/python3.8/site-packages/airflow/example_dags/example_sensors.py
[2023-11-18T11:42:45.627+0000] {processor.py:829} INFO - Processing file /home/airflow/.local/lib/python3.8/site-packages/airflow/example_dags/example_sensors.py for tasks to queue
[2023-11-18T11:42:45.632+0000] {logging_mixin.py:154} INFO - [2023-11-18T11:42:45.632+0000] {dagbag.py:536} INFO - Filling up the DagBag from /home/airflow/.local/lib/python3.8/site-packages/airflow/example_dags/example_sensors.py
[2023-11-18T11:42:45.649+0000] {processor.py:839} INFO - DAG(s) dict_keys(['example_sensors']) retrieved from /home/airflow/.local/lib/python3.8/site-packages/airflow/example_dags/example_sensors.py
[2023-11-18T11:42:45.671+0000] {logging_mixin.py:154} INFO - [2023-11-18T11:42:45.671+0000] {dag.py:2941} INFO - Sync 1 DAGs
[2023-11-18T11:42:45.678+0000] {logging_mixin.py:154} INFO - [2023-11-18T11:42:45.678+0000] {dag.py:3722} INFO - Setting next_dagrun for example_sensors to None, run_after=None
[2023-11-18T11:42:45.687+0000] {processor.py:179} INFO - Processing /home/airflow/.local/lib/python3.8/site-packages/airflow/example_dags/example_sensors.py took 0.070 seconds
[2023-11-18T11:43:15.768+0000] {processor.py:157} INFO - Started process (PID=1217) to work on /home/airflow/.local/lib/python3.8/site-packages/airflow/example_dags/example_sensors.py
[2023-11-18T11:43:15.770+0000] {processor.py:829} INFO - Processing file /home/airflow/.local/lib/python3.8/site-packages/airflow/example_dags/example_sensors.py for tasks to queue
[2023-11-18T11:43:15.773+0000] {logging_mixin.py:154} INFO - [2023-11-18T11:43:15.773+0000] {dagbag.py:536} INFO - Filling up the DagBag from /home/airflow/.local/lib/python3.8/site-packages/airflow/example_dags/example_sensors.py
[2023-11-18T11:43:15.783+0000] {processor.py:839} INFO - DAG(s) dict_keys(['example_sensors']) retrieved from /home/airflow/.local/lib/python3.8/site-packages/airflow/example_dags/example_sensors.py
[2023-11-18T11:43:15.803+0000] {logging_mixin.py:154} INFO - [2023-11-18T11:43:15.803+0000] {dag.py:2941} INFO - Sync 1 DAGs
[2023-11-18T11:43:15.811+0000] {logging_mixin.py:154} INFO - [2023-11-18T11:43:15.811+0000] {dag.py:3722} INFO - Setting next_dagrun for example_sensors to None, run_after=None
[2023-11-18T11:43:15.823+0000] {processor.py:179} INFO - Processing /home/airflow/.local/lib/python3.8/site-packages/airflow/example_dags/example_sensors.py took 0.060 seconds
[2023-11-18T11:43:45.909+0000] {processor.py:157} INFO - Started process (PID=1272) to work on /home/airflow/.local/lib/python3.8/site-packages/airflow/example_dags/example_sensors.py
[2023-11-18T11:43:45.911+0000] {processor.py:829} INFO - Processing file /home/airflow/.local/lib/python3.8/site-packages/airflow/example_dags/example_sensors.py for tasks to queue
[2023-11-18T11:43:45.917+0000] {logging_mixin.py:154} INFO - [2023-11-18T11:43:45.916+0000] {dagbag.py:536} INFO - Filling up the DagBag from /home/airflow/.local/lib/python3.8/site-packages/airflow/example_dags/example_sensors.py
[2023-11-18T11:43:45.928+0000] {processor.py:839} INFO - DAG(s) dict_keys(['example_sensors']) retrieved from /home/airflow/.local/lib/python3.8/site-packages/airflow/example_dags/example_sensors.py
[2023-11-18T11:43:45.945+0000] {logging_mixin.py:154} INFO - [2023-11-18T11:43:45.945+0000] {dag.py:2941} INFO - Sync 1 DAGs
[2023-11-18T11:43:45.952+0000] {logging_mixin.py:154} INFO - [2023-11-18T11:43:45.952+0000] {dag.py:3722} INFO - Setting next_dagrun for example_sensors to None, run_after=None
[2023-11-18T11:43:45.961+0000] {processor.py:179} INFO - Processing /home/airflow/.local/lib/python3.8/site-packages/airflow/example_dags/example_sensors.py took 0.061 seconds
[2023-11-18T11:44:16.088+0000] {processor.py:157} INFO - Started process (PID=1327) to work on /home/airflow/.local/lib/python3.8/site-packages/airflow/example_dags/example_sensors.py
[2023-11-18T11:44:16.090+0000] {processor.py:829} INFO - Processing file /home/airflow/.local/lib/python3.8/site-packages/airflow/example_dags/example_sensors.py for tasks to queue
[2023-11-18T11:44:16.094+0000] {logging_mixin.py:154} INFO - [2023-11-18T11:44:16.094+0000] {dagbag.py:536} INFO - Filling up the DagBag from /home/airflow/.local/lib/python3.8/site-packages/airflow/example_dags/example_sensors.py
[2023-11-18T11:44:16.104+0000] {processor.py:839} INFO - DAG(s) dict_keys(['example_sensors']) retrieved from /home/airflow/.local/lib/python3.8/site-packages/airflow/example_dags/example_sensors.py
[2023-11-18T11:44:16.143+0000] {logging_mixin.py:154} INFO - [2023-11-18T11:44:16.143+0000] {dag.py:2941} INFO - Sync 1 DAGs
[2023-11-18T11:44:16.154+0000] {logging_mixin.py:154} INFO - [2023-11-18T11:44:16.154+0000] {dag.py:3722} INFO - Setting next_dagrun for example_sensors to None, run_after=None
[2023-11-18T11:44:16.167+0000] {processor.py:179} INFO - Processing /home/airflow/.local/lib/python3.8/site-packages/airflow/example_dags/example_sensors.py took 0.099 seconds
[2023-11-18T11:44:46.608+0000] {processor.py:157} INFO - Started process (PID=1394) to work on /home/airflow/.local/lib/python3.8/site-packages/airflow/example_dags/example_sensors.py
[2023-11-18T11:44:46.614+0000] {processor.py:829} INFO - Processing file /home/airflow/.local/lib/python3.8/site-packages/airflow/example_dags/example_sensors.py for tasks to queue
[2023-11-18T11:44:46.619+0000] {logging_mixin.py:154} INFO - [2023-11-18T11:44:46.618+0000] {dagbag.py:536} INFO - Filling up the DagBag from /home/airflow/.local/lib/python3.8/site-packages/airflow/example_dags/example_sensors.py
[2023-11-18T11:44:46.630+0000] {processor.py:839} INFO - DAG(s) dict_keys(['example_sensors']) retrieved from /home/airflow/.local/lib/python3.8/site-packages/airflow/example_dags/example_sensors.py
[2023-11-18T11:44:46.659+0000] {logging_mixin.py:154} INFO - [2023-11-18T11:44:46.659+0000] {dag.py:2941} INFO - Sync 1 DAGs
[2023-11-18T11:44:46.677+0000] {logging_mixin.py:154} INFO - [2023-11-18T11:44:46.676+0000] {dag.py:3722} INFO - Setting next_dagrun for example_sensors to None, run_after=None
[2023-11-18T11:44:46.710+0000] {processor.py:179} INFO - Processing /home/airflow/.local/lib/python3.8/site-packages/airflow/example_dags/example_sensors.py took 0.108 seconds
[2023-11-18T11:45:17.210+0000] {processor.py:157} INFO - Started process (PID=1455) to work on /home/airflow/.local/lib/python3.8/site-packages/airflow/example_dags/example_sensors.py
[2023-11-18T11:45:17.215+0000] {processor.py:829} INFO - Processing file /home/airflow/.local/lib/python3.8/site-packages/airflow/example_dags/example_sensors.py for tasks to queue
[2023-11-18T11:45:17.226+0000] {logging_mixin.py:154} INFO - [2023-11-18T11:45:17.225+0000] {dagbag.py:536} INFO - Filling up the DagBag from /home/airflow/.local/lib/python3.8/site-packages/airflow/example_dags/example_sensors.py
[2023-11-18T11:45:17.237+0000] {processor.py:839} INFO - DAG(s) dict_keys(['example_sensors']) retrieved from /home/airflow/.local/lib/python3.8/site-packages/airflow/example_dags/example_sensors.py
[2023-11-18T11:45:17.264+0000] {logging_mixin.py:154} INFO - [2023-11-18T11:45:17.264+0000] {dag.py:2941} INFO - Sync 1 DAGs
[2023-11-18T11:45:17.277+0000] {logging_mixin.py:154} INFO - [2023-11-18T11:45:17.277+0000] {dag.py:3722} INFO - Setting next_dagrun for example_sensors to None, run_after=None
[2023-11-18T11:45:17.300+0000] {processor.py:179} INFO - Processing /home/airflow/.local/lib/python3.8/site-packages/airflow/example_dags/example_sensors.py took 0.113 seconds
[2023-11-18T11:45:47.698+0000] {processor.py:157} INFO - Started process (PID=1516) to work on /home/airflow/.local/lib/python3.8/site-packages/airflow/example_dags/example_sensors.py
[2023-11-18T11:45:47.699+0000] {processor.py:829} INFO - Processing file /home/airflow/.local/lib/python3.8/site-packages/airflow/example_dags/example_sensors.py for tasks to queue
[2023-11-18T11:45:47.702+0000] {logging_mixin.py:154} INFO - [2023-11-18T11:45:47.702+0000] {dagbag.py:536} INFO - Filling up the DagBag from /home/airflow/.local/lib/python3.8/site-packages/airflow/example_dags/example_sensors.py
[2023-11-18T11:45:47.713+0000] {processor.py:839} INFO - DAG(s) dict_keys(['example_sensors']) retrieved from /home/airflow/.local/lib/python3.8/site-packages/airflow/example_dags/example_sensors.py
[2023-11-18T11:45:47.735+0000] {logging_mixin.py:154} INFO - [2023-11-18T11:45:47.735+0000] {dag.py:2941} INFO - Sync 1 DAGs
[2023-11-18T11:45:47.742+0000] {logging_mixin.py:154} INFO - [2023-11-18T11:45:47.742+0000] {dag.py:3722} INFO - Setting next_dagrun for example_sensors to None, run_after=None
[2023-11-18T11:45:47.753+0000] {processor.py:179} INFO - Processing /home/airflow/.local/lib/python3.8/site-packages/airflow/example_dags/example_sensors.py took 0.062 seconds
[2023-11-18T11:46:18.037+0000] {processor.py:157} INFO - Started process (PID=1577) to work on /home/airflow/.local/lib/python3.8/site-packages/airflow/example_dags/example_sensors.py
[2023-11-18T11:46:18.040+0000] {processor.py:829} INFO - Processing file /home/airflow/.local/lib/python3.8/site-packages/airflow/example_dags/example_sensors.py for tasks to queue
[2023-11-18T11:46:18.044+0000] {logging_mixin.py:154} INFO - [2023-11-18T11:46:18.044+0000] {dagbag.py:536} INFO - Filling up the DagBag from /home/airflow/.local/lib/python3.8/site-packages/airflow/example_dags/example_sensors.py
[2023-11-18T11:46:18.054+0000] {processor.py:839} INFO - DAG(s) dict_keys(['example_sensors']) retrieved from /home/airflow/.local/lib/python3.8/site-packages/airflow/example_dags/example_sensors.py
[2023-11-18T11:46:18.076+0000] {logging_mixin.py:154} INFO - [2023-11-18T11:46:18.076+0000] {dag.py:2941} INFO - Sync 1 DAGs
[2023-11-18T11:46:18.085+0000] {logging_mixin.py:154} INFO - [2023-11-18T11:46:18.085+0000] {dag.py:3722} INFO - Setting next_dagrun for example_sensors to None, run_after=None
[2023-11-18T11:46:18.096+0000] {processor.py:179} INFO - Processing /home/airflow/.local/lib/python3.8/site-packages/airflow/example_dags/example_sensors.py took 0.069 seconds
[2023-11-18T11:46:48.660+0000] {processor.py:157} INFO - Started process (PID=1638) to work on /home/airflow/.local/lib/python3.8/site-packages/airflow/example_dags/example_sensors.py
[2023-11-18T11:46:48.663+0000] {processor.py:829} INFO - Processing file /home/airflow/.local/lib/python3.8/site-packages/airflow/example_dags/example_sensors.py for tasks to queue
[2023-11-18T11:46:48.667+0000] {logging_mixin.py:154} INFO - [2023-11-18T11:46:48.667+0000] {dagbag.py:536} INFO - Filling up the DagBag from /home/airflow/.local/lib/python3.8/site-packages/airflow/example_dags/example_sensors.py
[2023-11-18T11:46:48.680+0000] {processor.py:839} INFO - DAG(s) dict_keys(['example_sensors']) retrieved from /home/airflow/.local/lib/python3.8/site-packages/airflow/example_dags/example_sensors.py
[2023-11-18T11:46:48.702+0000] {logging_mixin.py:154} INFO - [2023-11-18T11:46:48.702+0000] {dag.py:2941} INFO - Sync 1 DAGs
[2023-11-18T11:46:48.710+0000] {logging_mixin.py:154} INFO - [2023-11-18T11:46:48.710+0000] {dag.py:3722} INFO - Setting next_dagrun for example_sensors to None, run_after=None
[2023-11-18T11:46:48.720+0000] {processor.py:179} INFO - Processing /home/airflow/.local/lib/python3.8/site-packages/airflow/example_dags/example_sensors.py took 0.069 seconds
