[2023-11-18T11:32:38.801+0000] {processor.py:157} INFO - Started process (PID=68) to work on /home/airflow/.local/lib/python3.8/site-packages/airflow/example_dags/example_branch_day_of_week_operator.py
[2023-11-18T11:32:38.845+0000] {processor.py:829} INFO - Processing file /home/airflow/.local/lib/python3.8/site-packages/airflow/example_dags/example_branch_day_of_week_operator.py for tasks to queue
[2023-11-18T11:32:38.883+0000] {logging_mixin.py:154} INFO - [2023-11-18T11:32:38.881+0000] {dagbag.py:536} INFO - Filling up the DagBag from /home/airflow/.local/lib/python3.8/site-packages/airflow/example_dags/example_branch_day_of_week_operator.py
[2023-11-18T11:32:39.073+0000] {processor.py:839} INFO - DAG(s) dict_keys(['example_weekday_branch_operator']) retrieved from /home/airflow/.local/lib/python3.8/site-packages/airflow/example_dags/example_branch_day_of_week_operator.py
[2023-11-18T11:32:39.301+0000] {logging_mixin.py:154} INFO - [2023-11-18T11:32:39.301+0000] {dag.py:2941} INFO - Sync 1 DAGs
[2023-11-18T11:32:39.446+0000] {logging_mixin.py:154} INFO - [2023-11-18T11:32:39.445+0000] {dag.py:3722} INFO - Setting next_dagrun for example_weekday_branch_operator to 2023-11-17T00:00:00+00:00, run_after=2023-11-18T00:00:00+00:00
[2023-11-18T11:32:39.494+0000] {processor.py:179} INFO - Processing /home/airflow/.local/lib/python3.8/site-packages/airflow/example_dags/example_branch_day_of_week_operator.py took 0.744 seconds
[2023-11-18T11:33:09.586+0000] {processor.py:157} INFO - Started process (PID=124) to work on /home/airflow/.local/lib/python3.8/site-packages/airflow/example_dags/example_branch_day_of_week_operator.py
[2023-11-18T11:33:09.589+0000] {processor.py:829} INFO - Processing file /home/airflow/.local/lib/python3.8/site-packages/airflow/example_dags/example_branch_day_of_week_operator.py for tasks to queue
[2023-11-18T11:33:09.591+0000] {logging_mixin.py:154} INFO - [2023-11-18T11:33:09.591+0000] {dagbag.py:536} INFO - Filling up the DagBag from /home/airflow/.local/lib/python3.8/site-packages/airflow/example_dags/example_branch_day_of_week_operator.py
[2023-11-18T11:33:09.600+0000] {processor.py:839} INFO - DAG(s) dict_keys(['example_weekday_branch_operator']) retrieved from /home/airflow/.local/lib/python3.8/site-packages/airflow/example_dags/example_branch_day_of_week_operator.py
[2023-11-18T11:33:09.628+0000] {logging_mixin.py:154} INFO - [2023-11-18T11:33:09.627+0000] {dag.py:2941} INFO - Sync 1 DAGs
[2023-11-18T11:33:09.646+0000] {logging_mixin.py:154} INFO - [2023-11-18T11:33:09.646+0000] {dag.py:3722} INFO - Setting next_dagrun for example_weekday_branch_operator to 2023-11-17T00:00:00+00:00, run_after=2023-11-18T00:00:00+00:00
[2023-11-18T11:33:09.659+0000] {processor.py:179} INFO - Processing /home/airflow/.local/lib/python3.8/site-packages/airflow/example_dags/example_branch_day_of_week_operator.py took 0.084 seconds
[2023-11-18T11:33:40.081+0000] {processor.py:157} INFO - Started process (PID=180) to work on /home/airflow/.local/lib/python3.8/site-packages/airflow/example_dags/example_branch_day_of_week_operator.py
[2023-11-18T11:33:40.083+0000] {processor.py:829} INFO - Processing file /home/airflow/.local/lib/python3.8/site-packages/airflow/example_dags/example_branch_day_of_week_operator.py for tasks to queue
[2023-11-18T11:33:40.087+0000] {logging_mixin.py:154} INFO - [2023-11-18T11:33:40.087+0000] {dagbag.py:536} INFO - Filling up the DagBag from /home/airflow/.local/lib/python3.8/site-packages/airflow/example_dags/example_branch_day_of_week_operator.py
[2023-11-18T11:33:40.101+0000] {processor.py:839} INFO - DAG(s) dict_keys(['example_weekday_branch_operator']) retrieved from /home/airflow/.local/lib/python3.8/site-packages/airflow/example_dags/example_branch_day_of_week_operator.py
[2023-11-18T11:33:40.128+0000] {logging_mixin.py:154} INFO - [2023-11-18T11:33:40.127+0000] {dag.py:2941} INFO - Sync 1 DAGs
[2023-11-18T11:33:40.155+0000] {logging_mixin.py:154} INFO - [2023-11-18T11:33:40.155+0000] {dag.py:3722} INFO - Setting next_dagrun for example_weekday_branch_operator to 2023-11-17T00:00:00+00:00, run_after=2023-11-18T00:00:00+00:00
[2023-11-18T11:33:40.177+0000] {processor.py:179} INFO - Processing /home/airflow/.local/lib/python3.8/site-packages/airflow/example_dags/example_branch_day_of_week_operator.py took 0.103 seconds
[2023-11-18T11:34:10.849+0000] {processor.py:157} INFO - Started process (PID=235) to work on /home/airflow/.local/lib/python3.8/site-packages/airflow/example_dags/example_branch_day_of_week_operator.py
[2023-11-18T11:34:10.858+0000] {processor.py:829} INFO - Processing file /home/airflow/.local/lib/python3.8/site-packages/airflow/example_dags/example_branch_day_of_week_operator.py for tasks to queue
[2023-11-18T11:34:10.864+0000] {logging_mixin.py:154} INFO - [2023-11-18T11:34:10.864+0000] {dagbag.py:536} INFO - Filling up the DagBag from /home/airflow/.local/lib/python3.8/site-packages/airflow/example_dags/example_branch_day_of_week_operator.py
[2023-11-18T11:34:10.887+0000] {processor.py:839} INFO - DAG(s) dict_keys(['example_weekday_branch_operator']) retrieved from /home/airflow/.local/lib/python3.8/site-packages/airflow/example_dags/example_branch_day_of_week_operator.py
[2023-11-18T11:34:10.927+0000] {logging_mixin.py:154} INFO - [2023-11-18T11:34:10.927+0000] {dag.py:2941} INFO - Sync 1 DAGs
[2023-11-18T11:34:10.952+0000] {logging_mixin.py:154} INFO - [2023-11-18T11:34:10.952+0000] {dag.py:3722} INFO - Setting next_dagrun for example_weekday_branch_operator to 2023-11-17T00:00:00+00:00, run_after=2023-11-18T00:00:00+00:00
[2023-11-18T11:34:10.972+0000] {processor.py:179} INFO - Processing /home/airflow/.local/lib/python3.8/site-packages/airflow/example_dags/example_branch_day_of_week_operator.py took 0.132 seconds
[2023-11-18T11:34:41.873+0000] {processor.py:157} INFO - Started process (PID=290) to work on /home/airflow/.local/lib/python3.8/site-packages/airflow/example_dags/example_branch_day_of_week_operator.py
[2023-11-18T11:34:41.874+0000] {processor.py:829} INFO - Processing file /home/airflow/.local/lib/python3.8/site-packages/airflow/example_dags/example_branch_day_of_week_operator.py for tasks to queue
[2023-11-18T11:34:41.877+0000] {logging_mixin.py:154} INFO - [2023-11-18T11:34:41.876+0000] {dagbag.py:536} INFO - Filling up the DagBag from /home/airflow/.local/lib/python3.8/site-packages/airflow/example_dags/example_branch_day_of_week_operator.py
[2023-11-18T11:34:41.886+0000] {processor.py:839} INFO - DAG(s) dict_keys(['example_weekday_branch_operator']) retrieved from /home/airflow/.local/lib/python3.8/site-packages/airflow/example_dags/example_branch_day_of_week_operator.py
[2023-11-18T11:34:41.902+0000] {logging_mixin.py:154} INFO - [2023-11-18T11:34:41.902+0000] {dag.py:2941} INFO - Sync 1 DAGs
[2023-11-18T11:34:41.918+0000] {logging_mixin.py:154} INFO - [2023-11-18T11:34:41.918+0000] {dag.py:3722} INFO - Setting next_dagrun for example_weekday_branch_operator to 2023-11-17T00:00:00+00:00, run_after=2023-11-18T00:00:00+00:00
[2023-11-18T11:34:41.928+0000] {processor.py:179} INFO - Processing /home/airflow/.local/lib/python3.8/site-packages/airflow/example_dags/example_branch_day_of_week_operator.py took 0.060 seconds
[2023-11-18T11:35:12.652+0000] {processor.py:157} INFO - Started process (PID=345) to work on /home/airflow/.local/lib/python3.8/site-packages/airflow/example_dags/example_branch_day_of_week_operator.py
[2023-11-18T11:35:12.653+0000] {processor.py:829} INFO - Processing file /home/airflow/.local/lib/python3.8/site-packages/airflow/example_dags/example_branch_day_of_week_operator.py for tasks to queue
[2023-11-18T11:35:12.655+0000] {logging_mixin.py:154} INFO - [2023-11-18T11:35:12.655+0000] {dagbag.py:536} INFO - Filling up the DagBag from /home/airflow/.local/lib/python3.8/site-packages/airflow/example_dags/example_branch_day_of_week_operator.py
[2023-11-18T11:35:12.662+0000] {processor.py:839} INFO - DAG(s) dict_keys(['example_weekday_branch_operator']) retrieved from /home/airflow/.local/lib/python3.8/site-packages/airflow/example_dags/example_branch_day_of_week_operator.py
[2023-11-18T11:35:12.678+0000] {logging_mixin.py:154} INFO - [2023-11-18T11:35:12.678+0000] {dag.py:2941} INFO - Sync 1 DAGs
[2023-11-18T11:35:12.692+0000] {logging_mixin.py:154} INFO - [2023-11-18T11:35:12.692+0000] {dag.py:3722} INFO - Setting next_dagrun for example_weekday_branch_operator to 2023-11-17T00:00:00+00:00, run_after=2023-11-18T00:00:00+00:00
[2023-11-18T11:35:12.701+0000] {processor.py:179} INFO - Processing /home/airflow/.local/lib/python3.8/site-packages/airflow/example_dags/example_branch_day_of_week_operator.py took 0.052 seconds
[2023-11-18T11:35:42.747+0000] {processor.py:157} INFO - Started process (PID=401) to work on /home/airflow/.local/lib/python3.8/site-packages/airflow/example_dags/example_branch_day_of_week_operator.py
[2023-11-18T11:35:42.748+0000] {processor.py:829} INFO - Processing file /home/airflow/.local/lib/python3.8/site-packages/airflow/example_dags/example_branch_day_of_week_operator.py for tasks to queue
[2023-11-18T11:35:42.750+0000] {logging_mixin.py:154} INFO - [2023-11-18T11:35:42.750+0000] {dagbag.py:536} INFO - Filling up the DagBag from /home/airflow/.local/lib/python3.8/site-packages/airflow/example_dags/example_branch_day_of_week_operator.py
[2023-11-18T11:35:42.757+0000] {processor.py:839} INFO - DAG(s) dict_keys(['example_weekday_branch_operator']) retrieved from /home/airflow/.local/lib/python3.8/site-packages/airflow/example_dags/example_branch_day_of_week_operator.py
[2023-11-18T11:35:42.771+0000] {logging_mixin.py:154} INFO - [2023-11-18T11:35:42.771+0000] {dag.py:2941} INFO - Sync 1 DAGs
[2023-11-18T11:35:42.785+0000] {logging_mixin.py:154} INFO - [2023-11-18T11:35:42.785+0000] {dag.py:3722} INFO - Setting next_dagrun for example_weekday_branch_operator to 2023-11-17T00:00:00+00:00, run_after=2023-11-18T00:00:00+00:00
[2023-11-18T11:35:42.794+0000] {processor.py:179} INFO - Processing /home/airflow/.local/lib/python3.8/site-packages/airflow/example_dags/example_branch_day_of_week_operator.py took 0.050 seconds
[2023-11-18T11:36:13.159+0000] {processor.py:157} INFO - Started process (PID=456) to work on /home/airflow/.local/lib/python3.8/site-packages/airflow/example_dags/example_branch_day_of_week_operator.py
[2023-11-18T11:36:13.160+0000] {processor.py:829} INFO - Processing file /home/airflow/.local/lib/python3.8/site-packages/airflow/example_dags/example_branch_day_of_week_operator.py for tasks to queue
[2023-11-18T11:36:13.163+0000] {logging_mixin.py:154} INFO - [2023-11-18T11:36:13.162+0000] {dagbag.py:536} INFO - Filling up the DagBag from /home/airflow/.local/lib/python3.8/site-packages/airflow/example_dags/example_branch_day_of_week_operator.py
[2023-11-18T11:36:13.171+0000] {processor.py:839} INFO - DAG(s) dict_keys(['example_weekday_branch_operator']) retrieved from /home/airflow/.local/lib/python3.8/site-packages/airflow/example_dags/example_branch_day_of_week_operator.py
[2023-11-18T11:36:13.187+0000] {logging_mixin.py:154} INFO - [2023-11-18T11:36:13.187+0000] {dag.py:2941} INFO - Sync 1 DAGs
[2023-11-18T11:36:13.204+0000] {logging_mixin.py:154} INFO - [2023-11-18T11:36:13.204+0000] {dag.py:3722} INFO - Setting next_dagrun for example_weekday_branch_operator to 2023-11-17T00:00:00+00:00, run_after=2023-11-18T00:00:00+00:00
[2023-11-18T11:36:13.214+0000] {processor.py:179} INFO - Processing /home/airflow/.local/lib/python3.8/site-packages/airflow/example_dags/example_branch_day_of_week_operator.py took 0.060 seconds
[2023-11-18T11:36:43.293+0000] {processor.py:157} INFO - Started process (PID=511) to work on /home/airflow/.local/lib/python3.8/site-packages/airflow/example_dags/example_branch_day_of_week_operator.py
[2023-11-18T11:36:43.294+0000] {processor.py:829} INFO - Processing file /home/airflow/.local/lib/python3.8/site-packages/airflow/example_dags/example_branch_day_of_week_operator.py for tasks to queue
[2023-11-18T11:36:43.296+0000] {logging_mixin.py:154} INFO - [2023-11-18T11:36:43.296+0000] {dagbag.py:536} INFO - Filling up the DagBag from /home/airflow/.local/lib/python3.8/site-packages/airflow/example_dags/example_branch_day_of_week_operator.py
[2023-11-18T11:36:43.303+0000] {processor.py:839} INFO - DAG(s) dict_keys(['example_weekday_branch_operator']) retrieved from /home/airflow/.local/lib/python3.8/site-packages/airflow/example_dags/example_branch_day_of_week_operator.py
[2023-11-18T11:36:43.319+0000] {logging_mixin.py:154} INFO - [2023-11-18T11:36:43.318+0000] {dag.py:2941} INFO - Sync 1 DAGs
[2023-11-18T11:36:43.333+0000] {logging_mixin.py:154} INFO - [2023-11-18T11:36:43.333+0000] {dag.py:3722} INFO - Setting next_dagrun for example_weekday_branch_operator to 2023-11-17T00:00:00+00:00, run_after=2023-11-18T00:00:00+00:00
[2023-11-18T11:36:43.342+0000] {processor.py:179} INFO - Processing /home/airflow/.local/lib/python3.8/site-packages/airflow/example_dags/example_branch_day_of_week_operator.py took 0.053 seconds
[2023-11-18T11:37:13.538+0000] {processor.py:157} INFO - Started process (PID=566) to work on /home/airflow/.local/lib/python3.8/site-packages/airflow/example_dags/example_branch_day_of_week_operator.py
[2023-11-18T11:37:13.539+0000] {processor.py:829} INFO - Processing file /home/airflow/.local/lib/python3.8/site-packages/airflow/example_dags/example_branch_day_of_week_operator.py for tasks to queue
[2023-11-18T11:37:13.543+0000] {logging_mixin.py:154} INFO - [2023-11-18T11:37:13.542+0000] {dagbag.py:536} INFO - Filling up the DagBag from /home/airflow/.local/lib/python3.8/site-packages/airflow/example_dags/example_branch_day_of_week_operator.py
[2023-11-18T11:37:13.553+0000] {processor.py:839} INFO - DAG(s) dict_keys(['example_weekday_branch_operator']) retrieved from /home/airflow/.local/lib/python3.8/site-packages/airflow/example_dags/example_branch_day_of_week_operator.py
[2023-11-18T11:37:13.573+0000] {logging_mixin.py:154} INFO - [2023-11-18T11:37:13.573+0000] {dag.py:2941} INFO - Sync 1 DAGs
[2023-11-18T11:37:13.588+0000] {logging_mixin.py:154} INFO - [2023-11-18T11:37:13.588+0000] {dag.py:3722} INFO - Setting next_dagrun for example_weekday_branch_operator to 2023-11-17T00:00:00+00:00, run_after=2023-11-18T00:00:00+00:00
[2023-11-18T11:37:13.597+0000] {processor.py:179} INFO - Processing /home/airflow/.local/lib/python3.8/site-packages/airflow/example_dags/example_branch_day_of_week_operator.py took 0.065 seconds
[2023-11-18T11:37:43.647+0000] {processor.py:157} INFO - Started process (PID=621) to work on /home/airflow/.local/lib/python3.8/site-packages/airflow/example_dags/example_branch_day_of_week_operator.py
[2023-11-18T11:37:43.649+0000] {processor.py:829} INFO - Processing file /home/airflow/.local/lib/python3.8/site-packages/airflow/example_dags/example_branch_day_of_week_operator.py for tasks to queue
[2023-11-18T11:37:43.651+0000] {logging_mixin.py:154} INFO - [2023-11-18T11:37:43.651+0000] {dagbag.py:536} INFO - Filling up the DagBag from /home/airflow/.local/lib/python3.8/site-packages/airflow/example_dags/example_branch_day_of_week_operator.py
[2023-11-18T11:37:43.660+0000] {processor.py:839} INFO - DAG(s) dict_keys(['example_weekday_branch_operator']) retrieved from /home/airflow/.local/lib/python3.8/site-packages/airflow/example_dags/example_branch_day_of_week_operator.py
[2023-11-18T11:37:43.677+0000] {logging_mixin.py:154} INFO - [2023-11-18T11:37:43.677+0000] {dag.py:2941} INFO - Sync 1 DAGs
[2023-11-18T11:37:43.692+0000] {logging_mixin.py:154} INFO - [2023-11-18T11:37:43.692+0000] {dag.py:3722} INFO - Setting next_dagrun for example_weekday_branch_operator to 2023-11-17T00:00:00+00:00, run_after=2023-11-18T00:00:00+00:00
[2023-11-18T11:37:43.701+0000] {processor.py:179} INFO - Processing /home/airflow/.local/lib/python3.8/site-packages/airflow/example_dags/example_branch_day_of_week_operator.py took 0.058 seconds
[2023-11-18T11:38:14.535+0000] {processor.py:157} INFO - Started process (PID=676) to work on /home/airflow/.local/lib/python3.8/site-packages/airflow/example_dags/example_branch_day_of_week_operator.py
[2023-11-18T11:38:14.536+0000] {processor.py:829} INFO - Processing file /home/airflow/.local/lib/python3.8/site-packages/airflow/example_dags/example_branch_day_of_week_operator.py for tasks to queue
[2023-11-18T11:38:14.539+0000] {logging_mixin.py:154} INFO - [2023-11-18T11:38:14.538+0000] {dagbag.py:536} INFO - Filling up the DagBag from /home/airflow/.local/lib/python3.8/site-packages/airflow/example_dags/example_branch_day_of_week_operator.py
[2023-11-18T11:38:14.547+0000] {processor.py:839} INFO - DAG(s) dict_keys(['example_weekday_branch_operator']) retrieved from /home/airflow/.local/lib/python3.8/site-packages/airflow/example_dags/example_branch_day_of_week_operator.py
[2023-11-18T11:38:14.563+0000] {logging_mixin.py:154} INFO - [2023-11-18T11:38:14.562+0000] {dag.py:2941} INFO - Sync 1 DAGs
[2023-11-18T11:38:14.577+0000] {logging_mixin.py:154} INFO - [2023-11-18T11:38:14.577+0000] {dag.py:3722} INFO - Setting next_dagrun for example_weekday_branch_operator to 2023-11-17T00:00:00+00:00, run_after=2023-11-18T00:00:00+00:00
[2023-11-18T11:38:14.588+0000] {processor.py:179} INFO - Processing /home/airflow/.local/lib/python3.8/site-packages/airflow/example_dags/example_branch_day_of_week_operator.py took 0.058 seconds
[2023-11-18T11:38:44.675+0000] {processor.py:157} INFO - Started process (PID=731) to work on /home/airflow/.local/lib/python3.8/site-packages/airflow/example_dags/example_branch_day_of_week_operator.py
[2023-11-18T11:38:44.676+0000] {processor.py:829} INFO - Processing file /home/airflow/.local/lib/python3.8/site-packages/airflow/example_dags/example_branch_day_of_week_operator.py for tasks to queue
[2023-11-18T11:38:44.680+0000] {logging_mixin.py:154} INFO - [2023-11-18T11:38:44.679+0000] {dagbag.py:536} INFO - Filling up the DagBag from /home/airflow/.local/lib/python3.8/site-packages/airflow/example_dags/example_branch_day_of_week_operator.py
[2023-11-18T11:38:44.689+0000] {processor.py:839} INFO - DAG(s) dict_keys(['example_weekday_branch_operator']) retrieved from /home/airflow/.local/lib/python3.8/site-packages/airflow/example_dags/example_branch_day_of_week_operator.py
[2023-11-18T11:38:44.707+0000] {logging_mixin.py:154} INFO - [2023-11-18T11:38:44.707+0000] {dag.py:2941} INFO - Sync 1 DAGs
[2023-11-18T11:38:44.725+0000] {logging_mixin.py:154} INFO - [2023-11-18T11:38:44.724+0000] {dag.py:3722} INFO - Setting next_dagrun for example_weekday_branch_operator to 2023-11-17T00:00:00+00:00, run_after=2023-11-18T00:00:00+00:00
[2023-11-18T11:38:44.736+0000] {processor.py:179} INFO - Processing /home/airflow/.local/lib/python3.8/site-packages/airflow/example_dags/example_branch_day_of_week_operator.py took 0.065 seconds
[2023-11-18T11:39:15.036+0000] {processor.py:157} INFO - Started process (PID=786) to work on /home/airflow/.local/lib/python3.8/site-packages/airflow/example_dags/example_branch_day_of_week_operator.py
[2023-11-18T11:39:15.038+0000] {processor.py:829} INFO - Processing file /home/airflow/.local/lib/python3.8/site-packages/airflow/example_dags/example_branch_day_of_week_operator.py for tasks to queue
[2023-11-18T11:39:15.041+0000] {logging_mixin.py:154} INFO - [2023-11-18T11:39:15.040+0000] {dagbag.py:536} INFO - Filling up the DagBag from /home/airflow/.local/lib/python3.8/site-packages/airflow/example_dags/example_branch_day_of_week_operator.py
[2023-11-18T11:39:15.051+0000] {processor.py:839} INFO - DAG(s) dict_keys(['example_weekday_branch_operator']) retrieved from /home/airflow/.local/lib/python3.8/site-packages/airflow/example_dags/example_branch_day_of_week_operator.py
[2023-11-18T11:39:15.073+0000] {logging_mixin.py:154} INFO - [2023-11-18T11:39:15.073+0000] {dag.py:2941} INFO - Sync 1 DAGs
[2023-11-18T11:39:15.089+0000] {logging_mixin.py:154} INFO - [2023-11-18T11:39:15.088+0000] {dag.py:3722} INFO - Setting next_dagrun for example_weekday_branch_operator to 2023-11-17T00:00:00+00:00, run_after=2023-11-18T00:00:00+00:00
[2023-11-18T11:39:15.099+0000] {processor.py:179} INFO - Processing /home/airflow/.local/lib/python3.8/site-packages/airflow/example_dags/example_branch_day_of_week_operator.py took 0.068 seconds
[2023-11-18T11:39:45.164+0000] {processor.py:157} INFO - Started process (PID=841) to work on /home/airflow/.local/lib/python3.8/site-packages/airflow/example_dags/example_branch_day_of_week_operator.py
[2023-11-18T11:39:45.165+0000] {processor.py:829} INFO - Processing file /home/airflow/.local/lib/python3.8/site-packages/airflow/example_dags/example_branch_day_of_week_operator.py for tasks to queue
[2023-11-18T11:39:45.168+0000] {logging_mixin.py:154} INFO - [2023-11-18T11:39:45.167+0000] {dagbag.py:536} INFO - Filling up the DagBag from /home/airflow/.local/lib/python3.8/site-packages/airflow/example_dags/example_branch_day_of_week_operator.py
[2023-11-18T11:39:45.175+0000] {processor.py:839} INFO - DAG(s) dict_keys(['example_weekday_branch_operator']) retrieved from /home/airflow/.local/lib/python3.8/site-packages/airflow/example_dags/example_branch_day_of_week_operator.py
[2023-11-18T11:39:45.192+0000] {logging_mixin.py:154} INFO - [2023-11-18T11:39:45.192+0000] {dag.py:2941} INFO - Sync 1 DAGs
[2023-11-18T11:39:45.210+0000] {logging_mixin.py:154} INFO - [2023-11-18T11:39:45.210+0000] {dag.py:3722} INFO - Setting next_dagrun for example_weekday_branch_operator to 2023-11-17T00:00:00+00:00, run_after=2023-11-18T00:00:00+00:00
[2023-11-18T11:39:45.221+0000] {processor.py:179} INFO - Processing /home/airflow/.local/lib/python3.8/site-packages/airflow/example_dags/example_branch_day_of_week_operator.py took 0.063 seconds
[2023-11-18T11:40:15.900+0000] {processor.py:157} INFO - Started process (PID=896) to work on /home/airflow/.local/lib/python3.8/site-packages/airflow/example_dags/example_branch_day_of_week_operator.py
[2023-11-18T11:40:15.901+0000] {processor.py:829} INFO - Processing file /home/airflow/.local/lib/python3.8/site-packages/airflow/example_dags/example_branch_day_of_week_operator.py for tasks to queue
[2023-11-18T11:40:15.905+0000] {logging_mixin.py:154} INFO - [2023-11-18T11:40:15.904+0000] {dagbag.py:536} INFO - Filling up the DagBag from /home/airflow/.local/lib/python3.8/site-packages/airflow/example_dags/example_branch_day_of_week_operator.py
[2023-11-18T11:40:15.915+0000] {processor.py:839} INFO - DAG(s) dict_keys(['example_weekday_branch_operator']) retrieved from /home/airflow/.local/lib/python3.8/site-packages/airflow/example_dags/example_branch_day_of_week_operator.py
[2023-11-18T11:40:15.932+0000] {logging_mixin.py:154} INFO - [2023-11-18T11:40:15.932+0000] {dag.py:2941} INFO - Sync 1 DAGs
[2023-11-18T11:40:15.951+0000] {logging_mixin.py:154} INFO - [2023-11-18T11:40:15.951+0000] {dag.py:3722} INFO - Setting next_dagrun for example_weekday_branch_operator to 2023-11-17T00:00:00+00:00, run_after=2023-11-18T00:00:00+00:00
[2023-11-18T11:40:15.963+0000] {processor.py:179} INFO - Processing /home/airflow/.local/lib/python3.8/site-packages/airflow/example_dags/example_branch_day_of_week_operator.py took 0.070 seconds
[2023-11-18T11:40:46.313+0000] {processor.py:157} INFO - Started process (PID=951) to work on /home/airflow/.local/lib/python3.8/site-packages/airflow/example_dags/example_branch_day_of_week_operator.py
[2023-11-18T11:40:46.315+0000] {processor.py:829} INFO - Processing file /home/airflow/.local/lib/python3.8/site-packages/airflow/example_dags/example_branch_day_of_week_operator.py for tasks to queue
[2023-11-18T11:40:46.319+0000] {logging_mixin.py:154} INFO - [2023-11-18T11:40:46.319+0000] {dagbag.py:536} INFO - Filling up the DagBag from /home/airflow/.local/lib/python3.8/site-packages/airflow/example_dags/example_branch_day_of_week_operator.py
[2023-11-18T11:40:46.329+0000] {processor.py:839} INFO - DAG(s) dict_keys(['example_weekday_branch_operator']) retrieved from /home/airflow/.local/lib/python3.8/site-packages/airflow/example_dags/example_branch_day_of_week_operator.py
[2023-11-18T11:40:46.347+0000] {logging_mixin.py:154} INFO - [2023-11-18T11:40:46.347+0000] {dag.py:2941} INFO - Sync 1 DAGs
[2023-11-18T11:40:46.361+0000] {logging_mixin.py:154} INFO - [2023-11-18T11:40:46.361+0000] {dag.py:3722} INFO - Setting next_dagrun for example_weekday_branch_operator to 2023-11-17T00:00:00+00:00, run_after=2023-11-18T00:00:00+00:00
[2023-11-18T11:40:46.371+0000] {processor.py:179} INFO - Processing /home/airflow/.local/lib/python3.8/site-packages/airflow/example_dags/example_branch_day_of_week_operator.py took 0.064 seconds
[2023-11-18T11:41:16.792+0000] {processor.py:157} INFO - Started process (PID=1006) to work on /home/airflow/.local/lib/python3.8/site-packages/airflow/example_dags/example_branch_day_of_week_operator.py
[2023-11-18T11:41:16.794+0000] {processor.py:829} INFO - Processing file /home/airflow/.local/lib/python3.8/site-packages/airflow/example_dags/example_branch_day_of_week_operator.py for tasks to queue
[2023-11-18T11:41:16.798+0000] {logging_mixin.py:154} INFO - [2023-11-18T11:41:16.798+0000] {dagbag.py:536} INFO - Filling up the DagBag from /home/airflow/.local/lib/python3.8/site-packages/airflow/example_dags/example_branch_day_of_week_operator.py
[2023-11-18T11:41:16.815+0000] {processor.py:839} INFO - DAG(s) dict_keys(['example_weekday_branch_operator']) retrieved from /home/airflow/.local/lib/python3.8/site-packages/airflow/example_dags/example_branch_day_of_week_operator.py
[2023-11-18T11:41:16.849+0000] {logging_mixin.py:154} INFO - [2023-11-18T11:41:16.848+0000] {dag.py:2941} INFO - Sync 1 DAGs
[2023-11-18T11:41:16.871+0000] {logging_mixin.py:154} INFO - [2023-11-18T11:41:16.871+0000] {dag.py:3722} INFO - Setting next_dagrun for example_weekday_branch_operator to 2023-11-17T00:00:00+00:00, run_after=2023-11-18T00:00:00+00:00
[2023-11-18T11:41:16.899+0000] {processor.py:179} INFO - Processing /home/airflow/.local/lib/python3.8/site-packages/airflow/example_dags/example_branch_day_of_week_operator.py took 0.113 seconds
[2023-11-18T11:41:47.252+0000] {processor.py:157} INFO - Started process (PID=1061) to work on /home/airflow/.local/lib/python3.8/site-packages/airflow/example_dags/example_branch_day_of_week_operator.py
[2023-11-18T11:41:47.253+0000] {processor.py:829} INFO - Processing file /home/airflow/.local/lib/python3.8/site-packages/airflow/example_dags/example_branch_day_of_week_operator.py for tasks to queue
[2023-11-18T11:41:47.255+0000] {logging_mixin.py:154} INFO - [2023-11-18T11:41:47.255+0000] {dagbag.py:536} INFO - Filling up the DagBag from /home/airflow/.local/lib/python3.8/site-packages/airflow/example_dags/example_branch_day_of_week_operator.py
[2023-11-18T11:41:47.267+0000] {processor.py:839} INFO - DAG(s) dict_keys(['example_weekday_branch_operator']) retrieved from /home/airflow/.local/lib/python3.8/site-packages/airflow/example_dags/example_branch_day_of_week_operator.py
[2023-11-18T11:41:47.289+0000] {logging_mixin.py:154} INFO - [2023-11-18T11:41:47.289+0000] {dag.py:2941} INFO - Sync 1 DAGs
[2023-11-18T11:41:47.313+0000] {logging_mixin.py:154} INFO - [2023-11-18T11:41:47.313+0000] {dag.py:3722} INFO - Setting next_dagrun for example_weekday_branch_operator to 2023-11-17T00:00:00+00:00, run_after=2023-11-18T00:00:00+00:00
[2023-11-18T11:41:47.332+0000] {processor.py:179} INFO - Processing /home/airflow/.local/lib/python3.8/site-packages/airflow/example_dags/example_branch_day_of_week_operator.py took 0.087 seconds
[2023-11-18T11:42:17.707+0000] {processor.py:157} INFO - Started process (PID=1116) to work on /home/airflow/.local/lib/python3.8/site-packages/airflow/example_dags/example_branch_day_of_week_operator.py
[2023-11-18T11:42:17.708+0000] {processor.py:829} INFO - Processing file /home/airflow/.local/lib/python3.8/site-packages/airflow/example_dags/example_branch_day_of_week_operator.py for tasks to queue
[2023-11-18T11:42:17.712+0000] {logging_mixin.py:154} INFO - [2023-11-18T11:42:17.711+0000] {dagbag.py:536} INFO - Filling up the DagBag from /home/airflow/.local/lib/python3.8/site-packages/airflow/example_dags/example_branch_day_of_week_operator.py
[2023-11-18T11:42:17.723+0000] {processor.py:839} INFO - DAG(s) dict_keys(['example_weekday_branch_operator']) retrieved from /home/airflow/.local/lib/python3.8/site-packages/airflow/example_dags/example_branch_day_of_week_operator.py
[2023-11-18T11:42:17.745+0000] {logging_mixin.py:154} INFO - [2023-11-18T11:42:17.745+0000] {dag.py:2941} INFO - Sync 1 DAGs
[2023-11-18T11:42:17.762+0000] {logging_mixin.py:154} INFO - [2023-11-18T11:42:17.762+0000] {dag.py:3722} INFO - Setting next_dagrun for example_weekday_branch_operator to 2023-11-17T00:00:00+00:00, run_after=2023-11-18T00:00:00+00:00
[2023-11-18T11:42:17.772+0000] {processor.py:179} INFO - Processing /home/airflow/.local/lib/python3.8/site-packages/airflow/example_dags/example_branch_day_of_week_operator.py took 0.070 seconds
[2023-11-18T11:42:47.902+0000] {processor.py:157} INFO - Started process (PID=1171) to work on /home/airflow/.local/lib/python3.8/site-packages/airflow/example_dags/example_branch_day_of_week_operator.py
[2023-11-18T11:42:47.904+0000] {processor.py:829} INFO - Processing file /home/airflow/.local/lib/python3.8/site-packages/airflow/example_dags/example_branch_day_of_week_operator.py for tasks to queue
[2023-11-18T11:42:47.906+0000] {logging_mixin.py:154} INFO - [2023-11-18T11:42:47.906+0000] {dagbag.py:536} INFO - Filling up the DagBag from /home/airflow/.local/lib/python3.8/site-packages/airflow/example_dags/example_branch_day_of_week_operator.py
[2023-11-18T11:42:47.912+0000] {processor.py:839} INFO - DAG(s) dict_keys(['example_weekday_branch_operator']) retrieved from /home/airflow/.local/lib/python3.8/site-packages/airflow/example_dags/example_branch_day_of_week_operator.py
[2023-11-18T11:42:47.926+0000] {logging_mixin.py:154} INFO - [2023-11-18T11:42:47.926+0000] {dag.py:2941} INFO - Sync 1 DAGs
[2023-11-18T11:42:47.940+0000] {logging_mixin.py:154} INFO - [2023-11-18T11:42:47.940+0000] {dag.py:3722} INFO - Setting next_dagrun for example_weekday_branch_operator to 2023-11-17T00:00:00+00:00, run_after=2023-11-18T00:00:00+00:00
[2023-11-18T11:42:47.948+0000] {processor.py:179} INFO - Processing /home/airflow/.local/lib/python3.8/site-packages/airflow/example_dags/example_branch_day_of_week_operator.py took 0.050 seconds
[2023-11-18T11:43:18.030+0000] {processor.py:157} INFO - Started process (PID=1224) to work on /home/airflow/.local/lib/python3.8/site-packages/airflow/example_dags/example_branch_day_of_week_operator.py
[2023-11-18T11:43:18.031+0000] {processor.py:829} INFO - Processing file /home/airflow/.local/lib/python3.8/site-packages/airflow/example_dags/example_branch_day_of_week_operator.py for tasks to queue
[2023-11-18T11:43:18.034+0000] {logging_mixin.py:154} INFO - [2023-11-18T11:43:18.034+0000] {dagbag.py:536} INFO - Filling up the DagBag from /home/airflow/.local/lib/python3.8/site-packages/airflow/example_dags/example_branch_day_of_week_operator.py
[2023-11-18T11:43:18.043+0000] {processor.py:839} INFO - DAG(s) dict_keys(['example_weekday_branch_operator']) retrieved from /home/airflow/.local/lib/python3.8/site-packages/airflow/example_dags/example_branch_day_of_week_operator.py
[2023-11-18T11:43:18.057+0000] {logging_mixin.py:154} INFO - [2023-11-18T11:43:18.057+0000] {dag.py:2941} INFO - Sync 1 DAGs
[2023-11-18T11:43:18.071+0000] {logging_mixin.py:154} INFO - [2023-11-18T11:43:18.071+0000] {dag.py:3722} INFO - Setting next_dagrun for example_weekday_branch_operator to 2023-11-17T00:00:00+00:00, run_after=2023-11-18T00:00:00+00:00
[2023-11-18T11:43:18.081+0000] {processor.py:179} INFO - Processing /home/airflow/.local/lib/python3.8/site-packages/airflow/example_dags/example_branch_day_of_week_operator.py took 0.055 seconds
[2023-11-18T11:43:48.188+0000] {processor.py:157} INFO - Started process (PID=1279) to work on /home/airflow/.local/lib/python3.8/site-packages/airflow/example_dags/example_branch_day_of_week_operator.py
[2023-11-18T11:43:48.190+0000] {processor.py:829} INFO - Processing file /home/airflow/.local/lib/python3.8/site-packages/airflow/example_dags/example_branch_day_of_week_operator.py for tasks to queue
[2023-11-18T11:43:48.193+0000] {logging_mixin.py:154} INFO - [2023-11-18T11:43:48.193+0000] {dagbag.py:536} INFO - Filling up the DagBag from /home/airflow/.local/lib/python3.8/site-packages/airflow/example_dags/example_branch_day_of_week_operator.py
[2023-11-18T11:43:48.202+0000] {processor.py:839} INFO - DAG(s) dict_keys(['example_weekday_branch_operator']) retrieved from /home/airflow/.local/lib/python3.8/site-packages/airflow/example_dags/example_branch_day_of_week_operator.py
[2023-11-18T11:43:48.218+0000] {logging_mixin.py:154} INFO - [2023-11-18T11:43:48.218+0000] {dag.py:2941} INFO - Sync 1 DAGs
[2023-11-18T11:43:48.232+0000] {logging_mixin.py:154} INFO - [2023-11-18T11:43:48.232+0000] {dag.py:3722} INFO - Setting next_dagrun for example_weekday_branch_operator to 2023-11-17T00:00:00+00:00, run_after=2023-11-18T00:00:00+00:00
[2023-11-18T11:43:48.241+0000] {processor.py:179} INFO - Processing /home/airflow/.local/lib/python3.8/site-packages/airflow/example_dags/example_branch_day_of_week_operator.py took 0.057 seconds
[2023-11-18T11:44:18.401+0000] {processor.py:157} INFO - Started process (PID=1334) to work on /home/airflow/.local/lib/python3.8/site-packages/airflow/example_dags/example_branch_day_of_week_operator.py
[2023-11-18T11:44:18.403+0000] {processor.py:829} INFO - Processing file /home/airflow/.local/lib/python3.8/site-packages/airflow/example_dags/example_branch_day_of_week_operator.py for tasks to queue
[2023-11-18T11:44:18.406+0000] {logging_mixin.py:154} INFO - [2023-11-18T11:44:18.406+0000] {dagbag.py:536} INFO - Filling up the DagBag from /home/airflow/.local/lib/python3.8/site-packages/airflow/example_dags/example_branch_day_of_week_operator.py
[2023-11-18T11:44:18.418+0000] {processor.py:839} INFO - DAG(s) dict_keys(['example_weekday_branch_operator']) retrieved from /home/airflow/.local/lib/python3.8/site-packages/airflow/example_dags/example_branch_day_of_week_operator.py
[2023-11-18T11:44:18.437+0000] {logging_mixin.py:154} INFO - [2023-11-18T11:44:18.437+0000] {dag.py:2941} INFO - Sync 1 DAGs
[2023-11-18T11:44:18.449+0000] {logging_mixin.py:154} INFO - [2023-11-18T11:44:18.449+0000] {dag.py:3722} INFO - Setting next_dagrun for example_weekday_branch_operator to 2023-11-17T00:00:00+00:00, run_after=2023-11-18T00:00:00+00:00
[2023-11-18T11:44:18.458+0000] {processor.py:179} INFO - Processing /home/airflow/.local/lib/python3.8/site-packages/airflow/example_dags/example_branch_day_of_week_operator.py took 0.062 seconds
[2023-11-18T11:44:48.969+0000] {processor.py:157} INFO - Started process (PID=1401) to work on /home/airflow/.local/lib/python3.8/site-packages/airflow/example_dags/example_branch_day_of_week_operator.py
[2023-11-18T11:44:48.970+0000] {processor.py:829} INFO - Processing file /home/airflow/.local/lib/python3.8/site-packages/airflow/example_dags/example_branch_day_of_week_operator.py for tasks to queue
[2023-11-18T11:44:48.973+0000] {logging_mixin.py:154} INFO - [2023-11-18T11:44:48.973+0000] {dagbag.py:536} INFO - Filling up the DagBag from /home/airflow/.local/lib/python3.8/site-packages/airflow/example_dags/example_branch_day_of_week_operator.py
[2023-11-18T11:44:48.984+0000] {processor.py:839} INFO - DAG(s) dict_keys(['example_weekday_branch_operator']) retrieved from /home/airflow/.local/lib/python3.8/site-packages/airflow/example_dags/example_branch_day_of_week_operator.py
[2023-11-18T11:44:49.002+0000] {logging_mixin.py:154} INFO - [2023-11-18T11:44:49.002+0000] {dag.py:2941} INFO - Sync 1 DAGs
[2023-11-18T11:44:49.016+0000] {logging_mixin.py:154} INFO - [2023-11-18T11:44:49.016+0000] {dag.py:3722} INFO - Setting next_dagrun for example_weekday_branch_operator to 2023-11-17T00:00:00+00:00, run_after=2023-11-18T00:00:00+00:00
[2023-11-18T11:44:49.027+0000] {processor.py:179} INFO - Processing /home/airflow/.local/lib/python3.8/site-packages/airflow/example_dags/example_branch_day_of_week_operator.py took 0.063 seconds
[2023-11-18T11:45:19.524+0000] {processor.py:157} INFO - Started process (PID=1462) to work on /home/airflow/.local/lib/python3.8/site-packages/airflow/example_dags/example_branch_day_of_week_operator.py
[2023-11-18T11:45:19.526+0000] {processor.py:829} INFO - Processing file /home/airflow/.local/lib/python3.8/site-packages/airflow/example_dags/example_branch_day_of_week_operator.py for tasks to queue
[2023-11-18T11:45:19.529+0000] {logging_mixin.py:154} INFO - [2023-11-18T11:45:19.529+0000] {dagbag.py:536} INFO - Filling up the DagBag from /home/airflow/.local/lib/python3.8/site-packages/airflow/example_dags/example_branch_day_of_week_operator.py
[2023-11-18T11:45:19.540+0000] {processor.py:839} INFO - DAG(s) dict_keys(['example_weekday_branch_operator']) retrieved from /home/airflow/.local/lib/python3.8/site-packages/airflow/example_dags/example_branch_day_of_week_operator.py
[2023-11-18T11:45:19.558+0000] {logging_mixin.py:154} INFO - [2023-11-18T11:45:19.558+0000] {dag.py:2941} INFO - Sync 1 DAGs
[2023-11-18T11:45:19.574+0000] {logging_mixin.py:154} INFO - [2023-11-18T11:45:19.574+0000] {dag.py:3722} INFO - Setting next_dagrun for example_weekday_branch_operator to 2023-11-17T00:00:00+00:00, run_after=2023-11-18T00:00:00+00:00
[2023-11-18T11:45:19.584+0000] {processor.py:179} INFO - Processing /home/airflow/.local/lib/python3.8/site-packages/airflow/example_dags/example_branch_day_of_week_operator.py took 0.065 seconds
[2023-11-18T11:45:49.969+0000] {processor.py:157} INFO - Started process (PID=1523) to work on /home/airflow/.local/lib/python3.8/site-packages/airflow/example_dags/example_branch_day_of_week_operator.py
[2023-11-18T11:45:49.970+0000] {processor.py:829} INFO - Processing file /home/airflow/.local/lib/python3.8/site-packages/airflow/example_dags/example_branch_day_of_week_operator.py for tasks to queue
[2023-11-18T11:45:49.972+0000] {logging_mixin.py:154} INFO - [2023-11-18T11:45:49.972+0000] {dagbag.py:536} INFO - Filling up the DagBag from /home/airflow/.local/lib/python3.8/site-packages/airflow/example_dags/example_branch_day_of_week_operator.py
[2023-11-18T11:45:49.980+0000] {processor.py:839} INFO - DAG(s) dict_keys(['example_weekday_branch_operator']) retrieved from /home/airflow/.local/lib/python3.8/site-packages/airflow/example_dags/example_branch_day_of_week_operator.py
[2023-11-18T11:45:49.996+0000] {logging_mixin.py:154} INFO - [2023-11-18T11:45:49.996+0000] {dag.py:2941} INFO - Sync 1 DAGs
[2023-11-18T11:45:50.009+0000] {logging_mixin.py:154} INFO - [2023-11-18T11:45:50.009+0000] {dag.py:3722} INFO - Setting next_dagrun for example_weekday_branch_operator to 2023-11-17T00:00:00+00:00, run_after=2023-11-18T00:00:00+00:00
[2023-11-18T11:45:50.019+0000] {processor.py:179} INFO - Processing /home/airflow/.local/lib/python3.8/site-packages/airflow/example_dags/example_branch_day_of_week_operator.py took 0.054 seconds
[2023-11-18T11:46:20.349+0000] {processor.py:157} INFO - Started process (PID=1584) to work on /home/airflow/.local/lib/python3.8/site-packages/airflow/example_dags/example_branch_day_of_week_operator.py
[2023-11-18T11:46:20.350+0000] {processor.py:829} INFO - Processing file /home/airflow/.local/lib/python3.8/site-packages/airflow/example_dags/example_branch_day_of_week_operator.py for tasks to queue
[2023-11-18T11:46:20.353+0000] {logging_mixin.py:154} INFO - [2023-11-18T11:46:20.352+0000] {dagbag.py:536} INFO - Filling up the DagBag from /home/airflow/.local/lib/python3.8/site-packages/airflow/example_dags/example_branch_day_of_week_operator.py
[2023-11-18T11:46:20.363+0000] {processor.py:839} INFO - DAG(s) dict_keys(['example_weekday_branch_operator']) retrieved from /home/airflow/.local/lib/python3.8/site-packages/airflow/example_dags/example_branch_day_of_week_operator.py
[2023-11-18T11:46:20.381+0000] {logging_mixin.py:154} INFO - [2023-11-18T11:46:20.381+0000] {dag.py:2941} INFO - Sync 1 DAGs
[2023-11-18T11:46:20.396+0000] {logging_mixin.py:154} INFO - [2023-11-18T11:46:20.396+0000] {dag.py:3722} INFO - Setting next_dagrun for example_weekday_branch_operator to 2023-11-17T00:00:00+00:00, run_after=2023-11-18T00:00:00+00:00
[2023-11-18T11:46:20.413+0000] {processor.py:179} INFO - Processing /home/airflow/.local/lib/python3.8/site-packages/airflow/example_dags/example_branch_day_of_week_operator.py took 0.070 seconds
[2023-11-18T11:46:50.901+0000] {processor.py:157} INFO - Started process (PID=1645) to work on /home/airflow/.local/lib/python3.8/site-packages/airflow/example_dags/example_branch_day_of_week_operator.py
[2023-11-18T11:46:50.902+0000] {processor.py:829} INFO - Processing file /home/airflow/.local/lib/python3.8/site-packages/airflow/example_dags/example_branch_day_of_week_operator.py for tasks to queue
[2023-11-18T11:46:50.905+0000] {logging_mixin.py:154} INFO - [2023-11-18T11:46:50.904+0000] {dagbag.py:536} INFO - Filling up the DagBag from /home/airflow/.local/lib/python3.8/site-packages/airflow/example_dags/example_branch_day_of_week_operator.py
[2023-11-18T11:46:50.914+0000] {processor.py:839} INFO - DAG(s) dict_keys(['example_weekday_branch_operator']) retrieved from /home/airflow/.local/lib/python3.8/site-packages/airflow/example_dags/example_branch_day_of_week_operator.py
[2023-11-18T11:46:50.938+0000] {logging_mixin.py:154} INFO - [2023-11-18T11:46:50.938+0000] {dag.py:2941} INFO - Sync 1 DAGs
[2023-11-18T11:46:50.954+0000] {logging_mixin.py:154} INFO - [2023-11-18T11:46:50.954+0000] {dag.py:3722} INFO - Setting next_dagrun for example_weekday_branch_operator to 2023-11-17T00:00:00+00:00, run_after=2023-11-18T00:00:00+00:00
[2023-11-18T11:46:50.966+0000] {processor.py:179} INFO - Processing /home/airflow/.local/lib/python3.8/site-packages/airflow/example_dags/example_branch_day_of_week_operator.py took 0.069 seconds
