[2023-11-18T11:32:22.461+0000] {processor.py:157} INFO - Started process (PID=44) to work on /home/airflow/.local/lib/python3.8/site-packages/airflow/example_dags/example_subdag_operator.py
[2023-11-18T11:32:22.462+0000] {processor.py:829} INFO - Processing file /home/airflow/.local/lib/python3.8/site-packages/airflow/example_dags/example_subdag_operator.py for tasks to queue
[2023-11-18T11:32:22.468+0000] {logging_mixin.py:154} INFO - [2023-11-18T11:32:22.468+0000] {dagbag.py:536} INFO - Filling up the DagBag from /home/airflow/.local/lib/python3.8/site-packages/airflow/example_dags/example_subdag_operator.py
[2023-11-18T11:32:22.732+0000] {processor.py:839} INFO - DAG(s) dict_keys(['example_subdag_operator.section-1', 'example_subdag_operator.section-2', 'example_subdag_operator']) retrieved from /home/airflow/.local/lib/python3.8/site-packages/airflow/example_dags/example_subdag_operator.py
[2023-11-18T11:32:22.829+0000] {logging_mixin.py:154} INFO - [2023-11-18T11:32:22.829+0000] {dag.py:2941} INFO - Sync 3 DAGs
[2023-11-18T11:32:22.981+0000] {logging_mixin.py:154} INFO - [2023-11-18T11:32:22.981+0000] {dag.py:3722} INFO - Setting next_dagrun for example_subdag_operator to 2022-01-01T00:00:00+00:00, run_after=2022-01-01T00:00:00+00:00
[2023-11-18T11:32:22.984+0000] {logging_mixin.py:154} INFO - [2023-11-18T11:32:22.984+0000] {dag.py:3722} INFO - Setting next_dagrun for example_subdag_operator.section-1 to None, run_after=None
[2023-11-18T11:32:22.987+0000] {logging_mixin.py:154} INFO - [2023-11-18T11:32:22.987+0000] {dag.py:3722} INFO - Setting next_dagrun for example_subdag_operator.section-2 to None, run_after=None
[2023-11-18T11:32:23.045+0000] {logging_mixin.py:154} INFO - [2023-11-18T11:32:23.044+0000] {dag.py:2941} INFO - Sync 2 DAGs
[2023-11-18T11:32:23.053+0000] {logging_mixin.py:154} INFO - [2023-11-18T11:32:23.053+0000] {dag.py:3722} INFO - Setting next_dagrun for example_subdag_operator.section-1 to None, run_after=None
[2023-11-18T11:32:23.060+0000] {logging_mixin.py:154} INFO - [2023-11-18T11:32:23.059+0000] {dag.py:3722} INFO - Setting next_dagrun for example_subdag_operator.section-2 to None, run_after=None
[2023-11-18T11:32:23.111+0000] {processor.py:179} INFO - Processing /home/airflow/.local/lib/python3.8/site-packages/airflow/example_dags/example_subdag_operator.py took 0.662 seconds
[2023-11-18T11:32:53.427+0000] {processor.py:157} INFO - Started process (PID=100) to work on /home/airflow/.local/lib/python3.8/site-packages/airflow/example_dags/example_subdag_operator.py
[2023-11-18T11:32:53.429+0000] {processor.py:829} INFO - Processing file /home/airflow/.local/lib/python3.8/site-packages/airflow/example_dags/example_subdag_operator.py for tasks to queue
[2023-11-18T11:32:53.448+0000] {logging_mixin.py:154} INFO - [2023-11-18T11:32:53.448+0000] {dagbag.py:536} INFO - Filling up the DagBag from /home/airflow/.local/lib/python3.8/site-packages/airflow/example_dags/example_subdag_operator.py
[2023-11-18T11:32:53.549+0000] {processor.py:839} INFO - DAG(s) dict_keys(['example_subdag_operator.section-1', 'example_subdag_operator.section-2', 'example_subdag_operator']) retrieved from /home/airflow/.local/lib/python3.8/site-packages/airflow/example_dags/example_subdag_operator.py
[2023-11-18T11:32:53.623+0000] {logging_mixin.py:154} INFO - [2023-11-18T11:32:53.623+0000] {dag.py:2941} INFO - Sync 3 DAGs
[2023-11-18T11:32:53.721+0000] {logging_mixin.py:154} INFO - [2023-11-18T11:32:53.720+0000] {dag.py:3722} INFO - Setting next_dagrun for example_subdag_operator to 2022-01-01T00:00:00+00:00, run_after=2022-01-01T00:00:00+00:00
[2023-11-18T11:32:53.728+0000] {logging_mixin.py:154} INFO - [2023-11-18T11:32:53.728+0000] {dag.py:3722} INFO - Setting next_dagrun for example_subdag_operator.section-1 to None, run_after=None
[2023-11-18T11:32:53.729+0000] {logging_mixin.py:154} INFO - [2023-11-18T11:32:53.729+0000] {dag.py:3722} INFO - Setting next_dagrun for example_subdag_operator.section-2 to None, run_after=None
[2023-11-18T11:32:53.753+0000] {logging_mixin.py:154} INFO - [2023-11-18T11:32:53.753+0000] {dag.py:2941} INFO - Sync 2 DAGs
[2023-11-18T11:32:53.762+0000] {logging_mixin.py:154} INFO - [2023-11-18T11:32:53.761+0000] {dag.py:3722} INFO - Setting next_dagrun for example_subdag_operator.section-1 to None, run_after=None
[2023-11-18T11:32:53.762+0000] {logging_mixin.py:154} INFO - [2023-11-18T11:32:53.762+0000] {dag.py:3722} INFO - Setting next_dagrun for example_subdag_operator.section-2 to None, run_after=None
[2023-11-18T11:32:53.776+0000] {processor.py:179} INFO - Processing /home/airflow/.local/lib/python3.8/site-packages/airflow/example_dags/example_subdag_operator.py took 0.352 seconds
[2023-11-18T11:33:25.005+0000] {processor.py:157} INFO - Started process (PID=154) to work on /home/airflow/.local/lib/python3.8/site-packages/airflow/example_dags/example_subdag_operator.py
[2023-11-18T11:33:25.010+0000] {processor.py:829} INFO - Processing file /home/airflow/.local/lib/python3.8/site-packages/airflow/example_dags/example_subdag_operator.py for tasks to queue
[2023-11-18T11:33:25.020+0000] {logging_mixin.py:154} INFO - [2023-11-18T11:33:25.019+0000] {dagbag.py:536} INFO - Filling up the DagBag from /home/airflow/.local/lib/python3.8/site-packages/airflow/example_dags/example_subdag_operator.py
[2023-11-18T11:33:25.120+0000] {processor.py:839} INFO - DAG(s) dict_keys(['example_subdag_operator.section-1', 'example_subdag_operator.section-2', 'example_subdag_operator']) retrieved from /home/airflow/.local/lib/python3.8/site-packages/airflow/example_dags/example_subdag_operator.py
[2023-11-18T11:33:25.147+0000] {logging_mixin.py:154} INFO - [2023-11-18T11:33:25.146+0000] {dag.py:2941} INFO - Sync 3 DAGs
[2023-11-18T11:33:25.168+0000] {logging_mixin.py:154} INFO - [2023-11-18T11:33:25.167+0000] {dag.py:3722} INFO - Setting next_dagrun for example_subdag_operator to 2022-01-01T00:00:00+00:00, run_after=2022-01-01T00:00:00+00:00
[2023-11-18T11:33:25.174+0000] {logging_mixin.py:154} INFO - [2023-11-18T11:33:25.173+0000] {dag.py:3722} INFO - Setting next_dagrun for example_subdag_operator.section-1 to None, run_after=None
[2023-11-18T11:33:25.178+0000] {logging_mixin.py:154} INFO - [2023-11-18T11:33:25.178+0000] {dag.py:3722} INFO - Setting next_dagrun for example_subdag_operator.section-2 to None, run_after=None
[2023-11-18T11:33:25.184+0000] {logging_mixin.py:154} INFO - [2023-11-18T11:33:25.184+0000] {dag.py:2941} INFO - Sync 2 DAGs
[2023-11-18T11:33:25.187+0000] {logging_mixin.py:154} INFO - [2023-11-18T11:33:25.187+0000] {dag.py:3722} INFO - Setting next_dagrun for example_subdag_operator.section-1 to None, run_after=None
[2023-11-18T11:33:25.187+0000] {logging_mixin.py:154} INFO - [2023-11-18T11:33:25.187+0000] {dag.py:3722} INFO - Setting next_dagrun for example_subdag_operator.section-2 to None, run_after=None
[2023-11-18T11:33:25.197+0000] {processor.py:179} INFO - Processing /home/airflow/.local/lib/python3.8/site-packages/airflow/example_dags/example_subdag_operator.py took 0.238 seconds
[2023-11-18T11:33:55.222+0000] {processor.py:157} INFO - Started process (PID=209) to work on /home/airflow/.local/lib/python3.8/site-packages/airflow/example_dags/example_subdag_operator.py
[2023-11-18T11:33:55.223+0000] {processor.py:829} INFO - Processing file /home/airflow/.local/lib/python3.8/site-packages/airflow/example_dags/example_subdag_operator.py for tasks to queue
[2023-11-18T11:33:55.224+0000] {logging_mixin.py:154} INFO - [2023-11-18T11:33:55.224+0000] {dagbag.py:536} INFO - Filling up the DagBag from /home/airflow/.local/lib/python3.8/site-packages/airflow/example_dags/example_subdag_operator.py
[2023-11-18T11:33:55.256+0000] {processor.py:839} INFO - DAG(s) dict_keys(['example_subdag_operator.section-1', 'example_subdag_operator.section-2', 'example_subdag_operator']) retrieved from /home/airflow/.local/lib/python3.8/site-packages/airflow/example_dags/example_subdag_operator.py
[2023-11-18T11:33:55.273+0000] {logging_mixin.py:154} INFO - [2023-11-18T11:33:55.273+0000] {dag.py:2941} INFO - Sync 3 DAGs
[2023-11-18T11:33:55.290+0000] {logging_mixin.py:154} INFO - [2023-11-18T11:33:55.290+0000] {dag.py:3722} INFO - Setting next_dagrun for example_subdag_operator to 2022-01-01T00:00:00+00:00, run_after=2022-01-01T00:00:00+00:00
[2023-11-18T11:33:55.292+0000] {logging_mixin.py:154} INFO - [2023-11-18T11:33:55.292+0000] {dag.py:3722} INFO - Setting next_dagrun for example_subdag_operator.section-1 to None, run_after=None
[2023-11-18T11:33:55.292+0000] {logging_mixin.py:154} INFO - [2023-11-18T11:33:55.292+0000] {dag.py:3722} INFO - Setting next_dagrun for example_subdag_operator.section-2 to None, run_after=None
[2023-11-18T11:33:55.297+0000] {logging_mixin.py:154} INFO - [2023-11-18T11:33:55.297+0000] {dag.py:2941} INFO - Sync 2 DAGs
[2023-11-18T11:33:55.300+0000] {logging_mixin.py:154} INFO - [2023-11-18T11:33:55.300+0000] {dag.py:3722} INFO - Setting next_dagrun for example_subdag_operator.section-1 to None, run_after=None
[2023-11-18T11:33:55.300+0000] {logging_mixin.py:154} INFO - [2023-11-18T11:33:55.300+0000] {dag.py:3722} INFO - Setting next_dagrun for example_subdag_operator.section-2 to None, run_after=None
[2023-11-18T11:33:55.305+0000] {processor.py:179} INFO - Processing /home/airflow/.local/lib/python3.8/site-packages/airflow/example_dags/example_subdag_operator.py took 0.086 seconds
[2023-11-18T11:34:26.186+0000] {processor.py:157} INFO - Started process (PID=264) to work on /home/airflow/.local/lib/python3.8/site-packages/airflow/example_dags/example_subdag_operator.py
[2023-11-18T11:34:26.187+0000] {processor.py:829} INFO - Processing file /home/airflow/.local/lib/python3.8/site-packages/airflow/example_dags/example_subdag_operator.py for tasks to queue
[2023-11-18T11:34:26.189+0000] {logging_mixin.py:154} INFO - [2023-11-18T11:34:26.189+0000] {dagbag.py:536} INFO - Filling up the DagBag from /home/airflow/.local/lib/python3.8/site-packages/airflow/example_dags/example_subdag_operator.py
[2023-11-18T11:34:26.206+0000] {processor.py:839} INFO - DAG(s) dict_keys(['example_subdag_operator.section-1', 'example_subdag_operator.section-2', 'example_subdag_operator']) retrieved from /home/airflow/.local/lib/python3.8/site-packages/airflow/example_dags/example_subdag_operator.py
[2023-11-18T11:34:26.215+0000] {logging_mixin.py:154} INFO - [2023-11-18T11:34:26.215+0000] {dag.py:2941} INFO - Sync 3 DAGs
[2023-11-18T11:34:26.230+0000] {logging_mixin.py:154} INFO - [2023-11-18T11:34:26.230+0000] {dag.py:3722} INFO - Setting next_dagrun for example_subdag_operator to 2022-01-01T00:00:00+00:00, run_after=2022-01-01T00:00:00+00:00
[2023-11-18T11:34:26.233+0000] {logging_mixin.py:154} INFO - [2023-11-18T11:34:26.233+0000] {dag.py:3722} INFO - Setting next_dagrun for example_subdag_operator.section-1 to None, run_after=None
[2023-11-18T11:34:26.235+0000] {logging_mixin.py:154} INFO - [2023-11-18T11:34:26.234+0000] {dag.py:3722} INFO - Setting next_dagrun for example_subdag_operator.section-2 to None, run_after=None
[2023-11-18T11:34:26.240+0000] {logging_mixin.py:154} INFO - [2023-11-18T11:34:26.240+0000] {dag.py:2941} INFO - Sync 2 DAGs
[2023-11-18T11:34:26.243+0000] {logging_mixin.py:154} INFO - [2023-11-18T11:34:26.243+0000] {dag.py:3722} INFO - Setting next_dagrun for example_subdag_operator.section-1 to None, run_after=None
[2023-11-18T11:34:26.244+0000] {logging_mixin.py:154} INFO - [2023-11-18T11:34:26.244+0000] {dag.py:3722} INFO - Setting next_dagrun for example_subdag_operator.section-2 to None, run_after=None
[2023-11-18T11:34:26.250+0000] {processor.py:179} INFO - Processing /home/airflow/.local/lib/python3.8/site-packages/airflow/example_dags/example_subdag_operator.py took 0.066 seconds
[2023-11-18T11:34:56.756+0000] {processor.py:157} INFO - Started process (PID=319) to work on /home/airflow/.local/lib/python3.8/site-packages/airflow/example_dags/example_subdag_operator.py
[2023-11-18T11:34:56.757+0000] {processor.py:829} INFO - Processing file /home/airflow/.local/lib/python3.8/site-packages/airflow/example_dags/example_subdag_operator.py for tasks to queue
[2023-11-18T11:34:56.758+0000] {logging_mixin.py:154} INFO - [2023-11-18T11:34:56.758+0000] {dagbag.py:536} INFO - Filling up the DagBag from /home/airflow/.local/lib/python3.8/site-packages/airflow/example_dags/example_subdag_operator.py
[2023-11-18T11:34:56.773+0000] {processor.py:839} INFO - DAG(s) dict_keys(['example_subdag_operator.section-1', 'example_subdag_operator.section-2', 'example_subdag_operator']) retrieved from /home/airflow/.local/lib/python3.8/site-packages/airflow/example_dags/example_subdag_operator.py
[2023-11-18T11:34:56.782+0000] {logging_mixin.py:154} INFO - [2023-11-18T11:34:56.782+0000] {dag.py:2941} INFO - Sync 3 DAGs
[2023-11-18T11:34:56.794+0000] {logging_mixin.py:154} INFO - [2023-11-18T11:34:56.794+0000] {dag.py:3722} INFO - Setting next_dagrun for example_subdag_operator to 2022-01-01T00:00:00+00:00, run_after=2022-01-01T00:00:00+00:00
[2023-11-18T11:34:56.796+0000] {logging_mixin.py:154} INFO - [2023-11-18T11:34:56.796+0000] {dag.py:3722} INFO - Setting next_dagrun for example_subdag_operator.section-1 to None, run_after=None
[2023-11-18T11:34:56.796+0000] {logging_mixin.py:154} INFO - [2023-11-18T11:34:56.796+0000] {dag.py:3722} INFO - Setting next_dagrun for example_subdag_operator.section-2 to None, run_after=None
[2023-11-18T11:34:56.800+0000] {logging_mixin.py:154} INFO - [2023-11-18T11:34:56.800+0000] {dag.py:2941} INFO - Sync 2 DAGs
[2023-11-18T11:34:56.803+0000] {logging_mixin.py:154} INFO - [2023-11-18T11:34:56.802+0000] {dag.py:3722} INFO - Setting next_dagrun for example_subdag_operator.section-1 to None, run_after=None
[2023-11-18T11:34:56.803+0000] {logging_mixin.py:154} INFO - [2023-11-18T11:34:56.803+0000] {dag.py:3722} INFO - Setting next_dagrun for example_subdag_operator.section-2 to None, run_after=None
[2023-11-18T11:34:56.809+0000] {processor.py:179} INFO - Processing /home/airflow/.local/lib/python3.8/site-packages/airflow/example_dags/example_subdag_operator.py took 0.056 seconds
[2023-11-18T11:35:27.465+0000] {processor.py:157} INFO - Started process (PID=375) to work on /home/airflow/.local/lib/python3.8/site-packages/airflow/example_dags/example_subdag_operator.py
[2023-11-18T11:35:27.466+0000] {processor.py:829} INFO - Processing file /home/airflow/.local/lib/python3.8/site-packages/airflow/example_dags/example_subdag_operator.py for tasks to queue
[2023-11-18T11:35:27.467+0000] {logging_mixin.py:154} INFO - [2023-11-18T11:35:27.467+0000] {dagbag.py:536} INFO - Filling up the DagBag from /home/airflow/.local/lib/python3.8/site-packages/airflow/example_dags/example_subdag_operator.py
[2023-11-18T11:35:27.482+0000] {processor.py:839} INFO - DAG(s) dict_keys(['example_subdag_operator.section-1', 'example_subdag_operator.section-2', 'example_subdag_operator']) retrieved from /home/airflow/.local/lib/python3.8/site-packages/airflow/example_dags/example_subdag_operator.py
[2023-11-18T11:35:27.490+0000] {logging_mixin.py:154} INFO - [2023-11-18T11:35:27.490+0000] {dag.py:2941} INFO - Sync 3 DAGs
[2023-11-18T11:35:27.502+0000] {logging_mixin.py:154} INFO - [2023-11-18T11:35:27.502+0000] {dag.py:3722} INFO - Setting next_dagrun for example_subdag_operator to 2022-01-01T00:00:00+00:00, run_after=2022-01-01T00:00:00+00:00
[2023-11-18T11:35:27.504+0000] {logging_mixin.py:154} INFO - [2023-11-18T11:35:27.503+0000] {dag.py:3722} INFO - Setting next_dagrun for example_subdag_operator.section-1 to None, run_after=None
[2023-11-18T11:35:27.504+0000] {logging_mixin.py:154} INFO - [2023-11-18T11:35:27.504+0000] {dag.py:3722} INFO - Setting next_dagrun for example_subdag_operator.section-2 to None, run_after=None
[2023-11-18T11:35:27.508+0000] {logging_mixin.py:154} INFO - [2023-11-18T11:35:27.508+0000] {dag.py:2941} INFO - Sync 2 DAGs
[2023-11-18T11:35:27.511+0000] {logging_mixin.py:154} INFO - [2023-11-18T11:35:27.511+0000] {dag.py:3722} INFO - Setting next_dagrun for example_subdag_operator.section-1 to None, run_after=None
[2023-11-18T11:35:27.511+0000] {logging_mixin.py:154} INFO - [2023-11-18T11:35:27.511+0000] {dag.py:3722} INFO - Setting next_dagrun for example_subdag_operator.section-2 to None, run_after=None
[2023-11-18T11:35:27.517+0000] {processor.py:179} INFO - Processing /home/airflow/.local/lib/python3.8/site-packages/airflow/example_dags/example_subdag_operator.py took 0.054 seconds
[2023-11-18T11:35:57.740+0000] {processor.py:157} INFO - Started process (PID=430) to work on /home/airflow/.local/lib/python3.8/site-packages/airflow/example_dags/example_subdag_operator.py
[2023-11-18T11:35:57.741+0000] {processor.py:829} INFO - Processing file /home/airflow/.local/lib/python3.8/site-packages/airflow/example_dags/example_subdag_operator.py for tasks to queue
[2023-11-18T11:35:57.743+0000] {logging_mixin.py:154} INFO - [2023-11-18T11:35:57.743+0000] {dagbag.py:536} INFO - Filling up the DagBag from /home/airflow/.local/lib/python3.8/site-packages/airflow/example_dags/example_subdag_operator.py
[2023-11-18T11:35:57.758+0000] {processor.py:839} INFO - DAG(s) dict_keys(['example_subdag_operator.section-1', 'example_subdag_operator.section-2', 'example_subdag_operator']) retrieved from /home/airflow/.local/lib/python3.8/site-packages/airflow/example_dags/example_subdag_operator.py
[2023-11-18T11:35:57.767+0000] {logging_mixin.py:154} INFO - [2023-11-18T11:35:57.766+0000] {dag.py:2941} INFO - Sync 3 DAGs
[2023-11-18T11:35:57.777+0000] {logging_mixin.py:154} INFO - [2023-11-18T11:35:57.777+0000] {dag.py:3722} INFO - Setting next_dagrun for example_subdag_operator to 2022-01-01T00:00:00+00:00, run_after=2022-01-01T00:00:00+00:00
[2023-11-18T11:35:57.779+0000] {logging_mixin.py:154} INFO - [2023-11-18T11:35:57.779+0000] {dag.py:3722} INFO - Setting next_dagrun for example_subdag_operator.section-1 to None, run_after=None
[2023-11-18T11:35:57.780+0000] {logging_mixin.py:154} INFO - [2023-11-18T11:35:57.780+0000] {dag.py:3722} INFO - Setting next_dagrun for example_subdag_operator.section-2 to None, run_after=None
[2023-11-18T11:35:57.784+0000] {logging_mixin.py:154} INFO - [2023-11-18T11:35:57.784+0000] {dag.py:2941} INFO - Sync 2 DAGs
[2023-11-18T11:35:57.787+0000] {logging_mixin.py:154} INFO - [2023-11-18T11:35:57.787+0000] {dag.py:3722} INFO - Setting next_dagrun for example_subdag_operator.section-1 to None, run_after=None
[2023-11-18T11:35:57.787+0000] {logging_mixin.py:154} INFO - [2023-11-18T11:35:57.787+0000] {dag.py:3722} INFO - Setting next_dagrun for example_subdag_operator.section-2 to None, run_after=None
[2023-11-18T11:35:57.793+0000] {processor.py:179} INFO - Processing /home/airflow/.local/lib/python3.8/site-packages/airflow/example_dags/example_subdag_operator.py took 0.055 seconds
[2023-11-18T11:36:28.010+0000] {processor.py:157} INFO - Started process (PID=485) to work on /home/airflow/.local/lib/python3.8/site-packages/airflow/example_dags/example_subdag_operator.py
[2023-11-18T11:36:28.011+0000] {processor.py:829} INFO - Processing file /home/airflow/.local/lib/python3.8/site-packages/airflow/example_dags/example_subdag_operator.py for tasks to queue
[2023-11-18T11:36:28.012+0000] {logging_mixin.py:154} INFO - [2023-11-18T11:36:28.012+0000] {dagbag.py:536} INFO - Filling up the DagBag from /home/airflow/.local/lib/python3.8/site-packages/airflow/example_dags/example_subdag_operator.py
[2023-11-18T11:36:28.026+0000] {processor.py:839} INFO - DAG(s) dict_keys(['example_subdag_operator.section-1', 'example_subdag_operator.section-2', 'example_subdag_operator']) retrieved from /home/airflow/.local/lib/python3.8/site-packages/airflow/example_dags/example_subdag_operator.py
[2023-11-18T11:36:28.035+0000] {logging_mixin.py:154} INFO - [2023-11-18T11:36:28.035+0000] {dag.py:2941} INFO - Sync 3 DAGs
[2023-11-18T11:36:28.047+0000] {logging_mixin.py:154} INFO - [2023-11-18T11:36:28.047+0000] {dag.py:3722} INFO - Setting next_dagrun for example_subdag_operator to 2022-01-01T00:00:00+00:00, run_after=2022-01-01T00:00:00+00:00
[2023-11-18T11:36:28.049+0000] {logging_mixin.py:154} INFO - [2023-11-18T11:36:28.049+0000] {dag.py:3722} INFO - Setting next_dagrun for example_subdag_operator.section-1 to None, run_after=None
[2023-11-18T11:36:28.049+0000] {logging_mixin.py:154} INFO - [2023-11-18T11:36:28.049+0000] {dag.py:3722} INFO - Setting next_dagrun for example_subdag_operator.section-2 to None, run_after=None
[2023-11-18T11:36:28.053+0000] {logging_mixin.py:154} INFO - [2023-11-18T11:36:28.053+0000] {dag.py:2941} INFO - Sync 2 DAGs
[2023-11-18T11:36:28.056+0000] {logging_mixin.py:154} INFO - [2023-11-18T11:36:28.056+0000] {dag.py:3722} INFO - Setting next_dagrun for example_subdag_operator.section-1 to None, run_after=None
[2023-11-18T11:36:28.056+0000] {logging_mixin.py:154} INFO - [2023-11-18T11:36:28.056+0000] {dag.py:3722} INFO - Setting next_dagrun for example_subdag_operator.section-2 to None, run_after=None
[2023-11-18T11:36:28.061+0000] {processor.py:179} INFO - Processing /home/airflow/.local/lib/python3.8/site-packages/airflow/example_dags/example_subdag_operator.py took 0.053 seconds
[2023-11-18T11:36:58.361+0000] {processor.py:157} INFO - Started process (PID=540) to work on /home/airflow/.local/lib/python3.8/site-packages/airflow/example_dags/example_subdag_operator.py
[2023-11-18T11:36:58.363+0000] {processor.py:829} INFO - Processing file /home/airflow/.local/lib/python3.8/site-packages/airflow/example_dags/example_subdag_operator.py for tasks to queue
[2023-11-18T11:36:58.365+0000] {logging_mixin.py:154} INFO - [2023-11-18T11:36:58.365+0000] {dagbag.py:536} INFO - Filling up the DagBag from /home/airflow/.local/lib/python3.8/site-packages/airflow/example_dags/example_subdag_operator.py
[2023-11-18T11:36:58.394+0000] {processor.py:839} INFO - DAG(s) dict_keys(['example_subdag_operator.section-1', 'example_subdag_operator.section-2', 'example_subdag_operator']) retrieved from /home/airflow/.local/lib/python3.8/site-packages/airflow/example_dags/example_subdag_operator.py
[2023-11-18T11:36:58.407+0000] {logging_mixin.py:154} INFO - [2023-11-18T11:36:58.407+0000] {dag.py:2941} INFO - Sync 3 DAGs
[2023-11-18T11:36:58.428+0000] {logging_mixin.py:154} INFO - [2023-11-18T11:36:58.428+0000] {dag.py:3722} INFO - Setting next_dagrun for example_subdag_operator to 2022-01-01T00:00:00+00:00, run_after=2022-01-01T00:00:00+00:00
[2023-11-18T11:36:58.431+0000] {logging_mixin.py:154} INFO - [2023-11-18T11:36:58.431+0000] {dag.py:3722} INFO - Setting next_dagrun for example_subdag_operator.section-1 to None, run_after=None
[2023-11-18T11:36:58.434+0000] {logging_mixin.py:154} INFO - [2023-11-18T11:36:58.434+0000] {dag.py:3722} INFO - Setting next_dagrun for example_subdag_operator.section-2 to None, run_after=None
[2023-11-18T11:36:58.439+0000] {logging_mixin.py:154} INFO - [2023-11-18T11:36:58.439+0000] {dag.py:2941} INFO - Sync 2 DAGs
[2023-11-18T11:36:58.444+0000] {logging_mixin.py:154} INFO - [2023-11-18T11:36:58.444+0000] {dag.py:3722} INFO - Setting next_dagrun for example_subdag_operator.section-1 to None, run_after=None
[2023-11-18T11:36:58.445+0000] {logging_mixin.py:154} INFO - [2023-11-18T11:36:58.444+0000] {dag.py:3722} INFO - Setting next_dagrun for example_subdag_operator.section-2 to None, run_after=None
[2023-11-18T11:36:58.463+0000] {processor.py:179} INFO - Processing /home/airflow/.local/lib/python3.8/site-packages/airflow/example_dags/example_subdag_operator.py took 0.106 seconds
[2023-11-18T11:37:28.506+0000] {processor.py:157} INFO - Started process (PID=596) to work on /home/airflow/.local/lib/python3.8/site-packages/airflow/example_dags/example_subdag_operator.py
[2023-11-18T11:37:28.507+0000] {processor.py:829} INFO - Processing file /home/airflow/.local/lib/python3.8/site-packages/airflow/example_dags/example_subdag_operator.py for tasks to queue
[2023-11-18T11:37:28.508+0000] {logging_mixin.py:154} INFO - [2023-11-18T11:37:28.508+0000] {dagbag.py:536} INFO - Filling up the DagBag from /home/airflow/.local/lib/python3.8/site-packages/airflow/example_dags/example_subdag_operator.py
[2023-11-18T11:37:28.521+0000] {processor.py:839} INFO - DAG(s) dict_keys(['example_subdag_operator.section-1', 'example_subdag_operator.section-2', 'example_subdag_operator']) retrieved from /home/airflow/.local/lib/python3.8/site-packages/airflow/example_dags/example_subdag_operator.py
[2023-11-18T11:37:28.528+0000] {logging_mixin.py:154} INFO - [2023-11-18T11:37:28.528+0000] {dag.py:2941} INFO - Sync 3 DAGs
[2023-11-18T11:37:28.538+0000] {logging_mixin.py:154} INFO - [2023-11-18T11:37:28.538+0000] {dag.py:3722} INFO - Setting next_dagrun for example_subdag_operator to 2022-01-01T00:00:00+00:00, run_after=2022-01-01T00:00:00+00:00
[2023-11-18T11:37:28.540+0000] {logging_mixin.py:154} INFO - [2023-11-18T11:37:28.540+0000] {dag.py:3722} INFO - Setting next_dagrun for example_subdag_operator.section-1 to None, run_after=None
[2023-11-18T11:37:28.540+0000] {logging_mixin.py:154} INFO - [2023-11-18T11:37:28.540+0000] {dag.py:3722} INFO - Setting next_dagrun for example_subdag_operator.section-2 to None, run_after=None
[2023-11-18T11:37:28.543+0000] {logging_mixin.py:154} INFO - [2023-11-18T11:37:28.543+0000] {dag.py:2941} INFO - Sync 2 DAGs
[2023-11-18T11:37:28.545+0000] {logging_mixin.py:154} INFO - [2023-11-18T11:37:28.545+0000] {dag.py:3722} INFO - Setting next_dagrun for example_subdag_operator.section-1 to None, run_after=None
[2023-11-18T11:37:28.545+0000] {logging_mixin.py:154} INFO - [2023-11-18T11:37:28.545+0000] {dag.py:3722} INFO - Setting next_dagrun for example_subdag_operator.section-2 to None, run_after=None
[2023-11-18T11:37:28.550+0000] {processor.py:179} INFO - Processing /home/airflow/.local/lib/python3.8/site-packages/airflow/example_dags/example_subdag_operator.py took 0.046 seconds
[2023-11-18T11:37:58.594+0000] {processor.py:157} INFO - Started process (PID=651) to work on /home/airflow/.local/lib/python3.8/site-packages/airflow/example_dags/example_subdag_operator.py
[2023-11-18T11:37:58.595+0000] {processor.py:829} INFO - Processing file /home/airflow/.local/lib/python3.8/site-packages/airflow/example_dags/example_subdag_operator.py for tasks to queue
[2023-11-18T11:37:58.596+0000] {logging_mixin.py:154} INFO - [2023-11-18T11:37:58.596+0000] {dagbag.py:536} INFO - Filling up the DagBag from /home/airflow/.local/lib/python3.8/site-packages/airflow/example_dags/example_subdag_operator.py
[2023-11-18T11:37:58.610+0000] {processor.py:839} INFO - DAG(s) dict_keys(['example_subdag_operator.section-1', 'example_subdag_operator.section-2', 'example_subdag_operator']) retrieved from /home/airflow/.local/lib/python3.8/site-packages/airflow/example_dags/example_subdag_operator.py
[2023-11-18T11:37:58.618+0000] {logging_mixin.py:154} INFO - [2023-11-18T11:37:58.618+0000] {dag.py:2941} INFO - Sync 3 DAGs
[2023-11-18T11:37:58.629+0000] {logging_mixin.py:154} INFO - [2023-11-18T11:37:58.629+0000] {dag.py:3722} INFO - Setting next_dagrun for example_subdag_operator to 2022-01-01T00:00:00+00:00, run_after=2022-01-01T00:00:00+00:00
[2023-11-18T11:37:58.631+0000] {logging_mixin.py:154} INFO - [2023-11-18T11:37:58.631+0000] {dag.py:3722} INFO - Setting next_dagrun for example_subdag_operator.section-1 to None, run_after=None
[2023-11-18T11:37:58.631+0000] {logging_mixin.py:154} INFO - [2023-11-18T11:37:58.631+0000] {dag.py:3722} INFO - Setting next_dagrun for example_subdag_operator.section-2 to None, run_after=None
[2023-11-18T11:37:58.635+0000] {logging_mixin.py:154} INFO - [2023-11-18T11:37:58.635+0000] {dag.py:2941} INFO - Sync 2 DAGs
[2023-11-18T11:37:58.638+0000] {logging_mixin.py:154} INFO - [2023-11-18T11:37:58.637+0000] {dag.py:3722} INFO - Setting next_dagrun for example_subdag_operator.section-1 to None, run_after=None
[2023-11-18T11:37:58.638+0000] {logging_mixin.py:154} INFO - [2023-11-18T11:37:58.638+0000] {dag.py:3722} INFO - Setting next_dagrun for example_subdag_operator.section-2 to None, run_after=None
[2023-11-18T11:37:58.643+0000] {processor.py:179} INFO - Processing /home/airflow/.local/lib/python3.8/site-packages/airflow/example_dags/example_subdag_operator.py took 0.051 seconds
[2023-11-18T11:38:29.456+0000] {processor.py:157} INFO - Started process (PID=705) to work on /home/airflow/.local/lib/python3.8/site-packages/airflow/example_dags/example_subdag_operator.py
[2023-11-18T11:38:29.457+0000] {processor.py:829} INFO - Processing file /home/airflow/.local/lib/python3.8/site-packages/airflow/example_dags/example_subdag_operator.py for tasks to queue
[2023-11-18T11:38:29.458+0000] {logging_mixin.py:154} INFO - [2023-11-18T11:38:29.458+0000] {dagbag.py:536} INFO - Filling up the DagBag from /home/airflow/.local/lib/python3.8/site-packages/airflow/example_dags/example_subdag_operator.py
[2023-11-18T11:38:29.472+0000] {processor.py:839} INFO - DAG(s) dict_keys(['example_subdag_operator.section-1', 'example_subdag_operator.section-2', 'example_subdag_operator']) retrieved from /home/airflow/.local/lib/python3.8/site-packages/airflow/example_dags/example_subdag_operator.py
[2023-11-18T11:38:29.480+0000] {logging_mixin.py:154} INFO - [2023-11-18T11:38:29.480+0000] {dag.py:2941} INFO - Sync 3 DAGs
[2023-11-18T11:38:29.491+0000] {logging_mixin.py:154} INFO - [2023-11-18T11:38:29.491+0000] {dag.py:3722} INFO - Setting next_dagrun for example_subdag_operator to 2022-01-01T00:00:00+00:00, run_after=2022-01-01T00:00:00+00:00
[2023-11-18T11:38:29.493+0000] {logging_mixin.py:154} INFO - [2023-11-18T11:38:29.493+0000] {dag.py:3722} INFO - Setting next_dagrun for example_subdag_operator.section-1 to None, run_after=None
[2023-11-18T11:38:29.494+0000] {logging_mixin.py:154} INFO - [2023-11-18T11:38:29.494+0000] {dag.py:3722} INFO - Setting next_dagrun for example_subdag_operator.section-2 to None, run_after=None
[2023-11-18T11:38:29.497+0000] {logging_mixin.py:154} INFO - [2023-11-18T11:38:29.497+0000] {dag.py:2941} INFO - Sync 2 DAGs
[2023-11-18T11:38:29.499+0000] {logging_mixin.py:154} INFO - [2023-11-18T11:38:29.499+0000] {dag.py:3722} INFO - Setting next_dagrun for example_subdag_operator.section-1 to None, run_after=None
[2023-11-18T11:38:29.500+0000] {logging_mixin.py:154} INFO - [2023-11-18T11:38:29.500+0000] {dag.py:3722} INFO - Setting next_dagrun for example_subdag_operator.section-2 to None, run_after=None
[2023-11-18T11:38:29.505+0000] {processor.py:179} INFO - Processing /home/airflow/.local/lib/python3.8/site-packages/airflow/example_dags/example_subdag_operator.py took 0.051 seconds
[2023-11-18T11:38:59.688+0000] {processor.py:157} INFO - Started process (PID=760) to work on /home/airflow/.local/lib/python3.8/site-packages/airflow/example_dags/example_subdag_operator.py
[2023-11-18T11:38:59.688+0000] {processor.py:829} INFO - Processing file /home/airflow/.local/lib/python3.8/site-packages/airflow/example_dags/example_subdag_operator.py for tasks to queue
[2023-11-18T11:38:59.690+0000] {logging_mixin.py:154} INFO - [2023-11-18T11:38:59.690+0000] {dagbag.py:536} INFO - Filling up the DagBag from /home/airflow/.local/lib/python3.8/site-packages/airflow/example_dags/example_subdag_operator.py
[2023-11-18T11:38:59.707+0000] {processor.py:839} INFO - DAG(s) dict_keys(['example_subdag_operator.section-1', 'example_subdag_operator.section-2', 'example_subdag_operator']) retrieved from /home/airflow/.local/lib/python3.8/site-packages/airflow/example_dags/example_subdag_operator.py
[2023-11-18T11:38:59.716+0000] {logging_mixin.py:154} INFO - [2023-11-18T11:38:59.716+0000] {dag.py:2941} INFO - Sync 3 DAGs
[2023-11-18T11:38:59.729+0000] {logging_mixin.py:154} INFO - [2023-11-18T11:38:59.729+0000] {dag.py:3722} INFO - Setting next_dagrun for example_subdag_operator to 2022-01-01T00:00:00+00:00, run_after=2022-01-01T00:00:00+00:00
[2023-11-18T11:38:59.730+0000] {logging_mixin.py:154} INFO - [2023-11-18T11:38:59.730+0000] {dag.py:3722} INFO - Setting next_dagrun for example_subdag_operator.section-1 to None, run_after=None
[2023-11-18T11:38:59.731+0000] {logging_mixin.py:154} INFO - [2023-11-18T11:38:59.731+0000] {dag.py:3722} INFO - Setting next_dagrun for example_subdag_operator.section-2 to None, run_after=None
[2023-11-18T11:38:59.734+0000] {logging_mixin.py:154} INFO - [2023-11-18T11:38:59.734+0000] {dag.py:2941} INFO - Sync 2 DAGs
[2023-11-18T11:38:59.737+0000] {logging_mixin.py:154} INFO - [2023-11-18T11:38:59.737+0000] {dag.py:3722} INFO - Setting next_dagrun for example_subdag_operator.section-1 to None, run_after=None
[2023-11-18T11:38:59.737+0000] {logging_mixin.py:154} INFO - [2023-11-18T11:38:59.737+0000] {dag.py:3722} INFO - Setting next_dagrun for example_subdag_operator.section-2 to None, run_after=None
[2023-11-18T11:38:59.743+0000] {processor.py:179} INFO - Processing /home/airflow/.local/lib/python3.8/site-packages/airflow/example_dags/example_subdag_operator.py took 0.058 seconds
[2023-11-18T11:39:29.909+0000] {processor.py:157} INFO - Started process (PID=815) to work on /home/airflow/.local/lib/python3.8/site-packages/airflow/example_dags/example_subdag_operator.py
[2023-11-18T11:39:29.910+0000] {processor.py:829} INFO - Processing file /home/airflow/.local/lib/python3.8/site-packages/airflow/example_dags/example_subdag_operator.py for tasks to queue
[2023-11-18T11:39:29.912+0000] {logging_mixin.py:154} INFO - [2023-11-18T11:39:29.911+0000] {dagbag.py:536} INFO - Filling up the DagBag from /home/airflow/.local/lib/python3.8/site-packages/airflow/example_dags/example_subdag_operator.py
[2023-11-18T11:39:29.925+0000] {processor.py:839} INFO - DAG(s) dict_keys(['example_subdag_operator.section-1', 'example_subdag_operator.section-2', 'example_subdag_operator']) retrieved from /home/airflow/.local/lib/python3.8/site-packages/airflow/example_dags/example_subdag_operator.py
[2023-11-18T11:39:29.934+0000] {logging_mixin.py:154} INFO - [2023-11-18T11:39:29.934+0000] {dag.py:2941} INFO - Sync 3 DAGs
[2023-11-18T11:39:29.945+0000] {logging_mixin.py:154} INFO - [2023-11-18T11:39:29.945+0000] {dag.py:3722} INFO - Setting next_dagrun for example_subdag_operator to 2022-01-01T00:00:00+00:00, run_after=2022-01-01T00:00:00+00:00
[2023-11-18T11:39:29.947+0000] {logging_mixin.py:154} INFO - [2023-11-18T11:39:29.947+0000] {dag.py:3722} INFO - Setting next_dagrun for example_subdag_operator.section-1 to None, run_after=None
[2023-11-18T11:39:29.947+0000] {logging_mixin.py:154} INFO - [2023-11-18T11:39:29.947+0000] {dag.py:3722} INFO - Setting next_dagrun for example_subdag_operator.section-2 to None, run_after=None
[2023-11-18T11:39:29.951+0000] {logging_mixin.py:154} INFO - [2023-11-18T11:39:29.951+0000] {dag.py:2941} INFO - Sync 2 DAGs
[2023-11-18T11:39:29.953+0000] {logging_mixin.py:154} INFO - [2023-11-18T11:39:29.953+0000] {dag.py:3722} INFO - Setting next_dagrun for example_subdag_operator.section-1 to None, run_after=None
[2023-11-18T11:39:29.953+0000] {logging_mixin.py:154} INFO - [2023-11-18T11:39:29.953+0000] {dag.py:3722} INFO - Setting next_dagrun for example_subdag_operator.section-2 to None, run_after=None
[2023-11-18T11:39:29.959+0000] {processor.py:179} INFO - Processing /home/airflow/.local/lib/python3.8/site-packages/airflow/example_dags/example_subdag_operator.py took 0.051 seconds
[2023-11-18T11:40:00.031+0000] {processor.py:157} INFO - Started process (PID=870) to work on /home/airflow/.local/lib/python3.8/site-packages/airflow/example_dags/example_subdag_operator.py
[2023-11-18T11:40:00.031+0000] {processor.py:829} INFO - Processing file /home/airflow/.local/lib/python3.8/site-packages/airflow/example_dags/example_subdag_operator.py for tasks to queue
[2023-11-18T11:40:00.033+0000] {logging_mixin.py:154} INFO - [2023-11-18T11:40:00.033+0000] {dagbag.py:536} INFO - Filling up the DagBag from /home/airflow/.local/lib/python3.8/site-packages/airflow/example_dags/example_subdag_operator.py
[2023-11-18T11:40:00.047+0000] {processor.py:839} INFO - DAG(s) dict_keys(['example_subdag_operator.section-1', 'example_subdag_operator.section-2', 'example_subdag_operator']) retrieved from /home/airflow/.local/lib/python3.8/site-packages/airflow/example_dags/example_subdag_operator.py
[2023-11-18T11:40:00.054+0000] {logging_mixin.py:154} INFO - [2023-11-18T11:40:00.054+0000] {dag.py:2941} INFO - Sync 3 DAGs
[2023-11-18T11:40:00.066+0000] {logging_mixin.py:154} INFO - [2023-11-18T11:40:00.066+0000] {dag.py:3722} INFO - Setting next_dagrun for example_subdag_operator to 2022-01-01T00:00:00+00:00, run_after=2022-01-01T00:00:00+00:00
[2023-11-18T11:40:00.068+0000] {logging_mixin.py:154} INFO - [2023-11-18T11:40:00.068+0000] {dag.py:3722} INFO - Setting next_dagrun for example_subdag_operator.section-1 to None, run_after=None
[2023-11-18T11:40:00.069+0000] {logging_mixin.py:154} INFO - [2023-11-18T11:40:00.068+0000] {dag.py:3722} INFO - Setting next_dagrun for example_subdag_operator.section-2 to None, run_after=None
[2023-11-18T11:40:00.073+0000] {logging_mixin.py:154} INFO - [2023-11-18T11:40:00.073+0000] {dag.py:2941} INFO - Sync 2 DAGs
[2023-11-18T11:40:00.075+0000] {logging_mixin.py:154} INFO - [2023-11-18T11:40:00.075+0000] {dag.py:3722} INFO - Setting next_dagrun for example_subdag_operator.section-1 to None, run_after=None
[2023-11-18T11:40:00.075+0000] {logging_mixin.py:154} INFO - [2023-11-18T11:40:00.075+0000] {dag.py:3722} INFO - Setting next_dagrun for example_subdag_operator.section-2 to None, run_after=None
[2023-11-18T11:40:00.080+0000] {processor.py:179} INFO - Processing /home/airflow/.local/lib/python3.8/site-packages/airflow/example_dags/example_subdag_operator.py took 0.052 seconds
[2023-11-18T11:40:30.912+0000] {processor.py:157} INFO - Started process (PID=925) to work on /home/airflow/.local/lib/python3.8/site-packages/airflow/example_dags/example_subdag_operator.py
[2023-11-18T11:40:30.913+0000] {processor.py:829} INFO - Processing file /home/airflow/.local/lib/python3.8/site-packages/airflow/example_dags/example_subdag_operator.py for tasks to queue
[2023-11-18T11:40:30.915+0000] {logging_mixin.py:154} INFO - [2023-11-18T11:40:30.914+0000] {dagbag.py:536} INFO - Filling up the DagBag from /home/airflow/.local/lib/python3.8/site-packages/airflow/example_dags/example_subdag_operator.py
[2023-11-18T11:40:30.929+0000] {processor.py:839} INFO - DAG(s) dict_keys(['example_subdag_operator.section-1', 'example_subdag_operator.section-2', 'example_subdag_operator']) retrieved from /home/airflow/.local/lib/python3.8/site-packages/airflow/example_dags/example_subdag_operator.py
[2023-11-18T11:40:30.936+0000] {logging_mixin.py:154} INFO - [2023-11-18T11:40:30.936+0000] {dag.py:2941} INFO - Sync 3 DAGs
[2023-11-18T11:40:30.947+0000] {logging_mixin.py:154} INFO - [2023-11-18T11:40:30.947+0000] {dag.py:3722} INFO - Setting next_dagrun for example_subdag_operator to 2022-01-01T00:00:00+00:00, run_after=2022-01-01T00:00:00+00:00
[2023-11-18T11:40:30.948+0000] {logging_mixin.py:154} INFO - [2023-11-18T11:40:30.948+0000] {dag.py:3722} INFO - Setting next_dagrun for example_subdag_operator.section-1 to None, run_after=None
[2023-11-18T11:40:30.949+0000] {logging_mixin.py:154} INFO - [2023-11-18T11:40:30.949+0000] {dag.py:3722} INFO - Setting next_dagrun for example_subdag_operator.section-2 to None, run_after=None
[2023-11-18T11:40:30.953+0000] {logging_mixin.py:154} INFO - [2023-11-18T11:40:30.952+0000] {dag.py:2941} INFO - Sync 2 DAGs
[2023-11-18T11:40:30.955+0000] {logging_mixin.py:154} INFO - [2023-11-18T11:40:30.955+0000] {dag.py:3722} INFO - Setting next_dagrun for example_subdag_operator.section-1 to None, run_after=None
[2023-11-18T11:40:30.955+0000] {logging_mixin.py:154} INFO - [2023-11-18T11:40:30.955+0000] {dag.py:3722} INFO - Setting next_dagrun for example_subdag_operator.section-2 to None, run_after=None
[2023-11-18T11:40:30.960+0000] {processor.py:179} INFO - Processing /home/airflow/.local/lib/python3.8/site-packages/airflow/example_dags/example_subdag_operator.py took 0.050 seconds
[2023-11-18T11:41:01.239+0000] {processor.py:157} INFO - Started process (PID=980) to work on /home/airflow/.local/lib/python3.8/site-packages/airflow/example_dags/example_subdag_operator.py
[2023-11-18T11:41:01.239+0000] {processor.py:829} INFO - Processing file /home/airflow/.local/lib/python3.8/site-packages/airflow/example_dags/example_subdag_operator.py for tasks to queue
[2023-11-18T11:41:01.241+0000] {logging_mixin.py:154} INFO - [2023-11-18T11:41:01.241+0000] {dagbag.py:536} INFO - Filling up the DagBag from /home/airflow/.local/lib/python3.8/site-packages/airflow/example_dags/example_subdag_operator.py
[2023-11-18T11:41:01.256+0000] {processor.py:839} INFO - DAG(s) dict_keys(['example_subdag_operator.section-1', 'example_subdag_operator.section-2', 'example_subdag_operator']) retrieved from /home/airflow/.local/lib/python3.8/site-packages/airflow/example_dags/example_subdag_operator.py
[2023-11-18T11:41:01.265+0000] {logging_mixin.py:154} INFO - [2023-11-18T11:41:01.264+0000] {dag.py:2941} INFO - Sync 3 DAGs
[2023-11-18T11:41:01.276+0000] {logging_mixin.py:154} INFO - [2023-11-18T11:41:01.276+0000] {dag.py:3722} INFO - Setting next_dagrun for example_subdag_operator to 2022-01-01T00:00:00+00:00, run_after=2022-01-01T00:00:00+00:00
[2023-11-18T11:41:01.278+0000] {logging_mixin.py:154} INFO - [2023-11-18T11:41:01.278+0000] {dag.py:3722} INFO - Setting next_dagrun for example_subdag_operator.section-1 to None, run_after=None
[2023-11-18T11:41:01.279+0000] {logging_mixin.py:154} INFO - [2023-11-18T11:41:01.279+0000] {dag.py:3722} INFO - Setting next_dagrun for example_subdag_operator.section-2 to None, run_after=None
[2023-11-18T11:41:01.284+0000] {logging_mixin.py:154} INFO - [2023-11-18T11:41:01.284+0000] {dag.py:2941} INFO - Sync 2 DAGs
[2023-11-18T11:41:01.286+0000] {logging_mixin.py:154} INFO - [2023-11-18T11:41:01.286+0000] {dag.py:3722} INFO - Setting next_dagrun for example_subdag_operator.section-1 to None, run_after=None
[2023-11-18T11:41:01.286+0000] {logging_mixin.py:154} INFO - [2023-11-18T11:41:01.286+0000] {dag.py:3722} INFO - Setting next_dagrun for example_subdag_operator.section-2 to None, run_after=None
[2023-11-18T11:41:01.291+0000] {processor.py:179} INFO - Processing /home/airflow/.local/lib/python3.8/site-packages/airflow/example_dags/example_subdag_operator.py took 0.055 seconds
[2023-11-18T11:41:31.919+0000] {processor.py:157} INFO - Started process (PID=1035) to work on /home/airflow/.local/lib/python3.8/site-packages/airflow/example_dags/example_subdag_operator.py
[2023-11-18T11:41:31.920+0000] {processor.py:829} INFO - Processing file /home/airflow/.local/lib/python3.8/site-packages/airflow/example_dags/example_subdag_operator.py for tasks to queue
[2023-11-18T11:41:31.922+0000] {logging_mixin.py:154} INFO - [2023-11-18T11:41:31.922+0000] {dagbag.py:536} INFO - Filling up the DagBag from /home/airflow/.local/lib/python3.8/site-packages/airflow/example_dags/example_subdag_operator.py
[2023-11-18T11:41:31.940+0000] {processor.py:839} INFO - DAG(s) dict_keys(['example_subdag_operator.section-1', 'example_subdag_operator.section-2', 'example_subdag_operator']) retrieved from /home/airflow/.local/lib/python3.8/site-packages/airflow/example_dags/example_subdag_operator.py
[2023-11-18T11:41:31.954+0000] {logging_mixin.py:154} INFO - [2023-11-18T11:41:31.954+0000] {dag.py:2941} INFO - Sync 3 DAGs
[2023-11-18T11:41:31.972+0000] {logging_mixin.py:154} INFO - [2023-11-18T11:41:31.972+0000] {dag.py:3722} INFO - Setting next_dagrun for example_subdag_operator to 2022-01-01T00:00:00+00:00, run_after=2022-01-01T00:00:00+00:00
[2023-11-18T11:41:31.973+0000] {logging_mixin.py:154} INFO - [2023-11-18T11:41:31.973+0000] {dag.py:3722} INFO - Setting next_dagrun for example_subdag_operator.section-1 to None, run_after=None
[2023-11-18T11:41:31.974+0000] {logging_mixin.py:154} INFO - [2023-11-18T11:41:31.974+0000] {dag.py:3722} INFO - Setting next_dagrun for example_subdag_operator.section-2 to None, run_after=None
[2023-11-18T11:41:31.978+0000] {logging_mixin.py:154} INFO - [2023-11-18T11:41:31.978+0000] {dag.py:2941} INFO - Sync 2 DAGs
[2023-11-18T11:41:31.981+0000] {logging_mixin.py:154} INFO - [2023-11-18T11:41:31.981+0000] {dag.py:3722} INFO - Setting next_dagrun for example_subdag_operator.section-1 to None, run_after=None
[2023-11-18T11:41:31.981+0000] {logging_mixin.py:154} INFO - [2023-11-18T11:41:31.981+0000] {dag.py:3722} INFO - Setting next_dagrun for example_subdag_operator.section-2 to None, run_after=None
[2023-11-18T11:41:31.986+0000] {processor.py:179} INFO - Processing /home/airflow/.local/lib/python3.8/site-packages/airflow/example_dags/example_subdag_operator.py took 0.069 seconds
[2023-11-18T11:42:02.098+0000] {processor.py:157} INFO - Started process (PID=1090) to work on /home/airflow/.local/lib/python3.8/site-packages/airflow/example_dags/example_subdag_operator.py
[2023-11-18T11:42:02.100+0000] {processor.py:829} INFO - Processing file /home/airflow/.local/lib/python3.8/site-packages/airflow/example_dags/example_subdag_operator.py for tasks to queue
[2023-11-18T11:42:02.101+0000] {logging_mixin.py:154} INFO - [2023-11-18T11:42:02.101+0000] {dagbag.py:536} INFO - Filling up the DagBag from /home/airflow/.local/lib/python3.8/site-packages/airflow/example_dags/example_subdag_operator.py
[2023-11-18T11:42:02.116+0000] {processor.py:839} INFO - DAG(s) dict_keys(['example_subdag_operator.section-1', 'example_subdag_operator.section-2', 'example_subdag_operator']) retrieved from /home/airflow/.local/lib/python3.8/site-packages/airflow/example_dags/example_subdag_operator.py
[2023-11-18T11:42:02.126+0000] {logging_mixin.py:154} INFO - [2023-11-18T11:42:02.126+0000] {dag.py:2941} INFO - Sync 3 DAGs
[2023-11-18T11:42:02.138+0000] {logging_mixin.py:154} INFO - [2023-11-18T11:42:02.138+0000] {dag.py:3722} INFO - Setting next_dagrun for example_subdag_operator to 2022-01-01T00:00:00+00:00, run_after=2022-01-01T00:00:00+00:00
[2023-11-18T11:42:02.140+0000] {logging_mixin.py:154} INFO - [2023-11-18T11:42:02.140+0000] {dag.py:3722} INFO - Setting next_dagrun for example_subdag_operator.section-1 to None, run_after=None
[2023-11-18T11:42:02.142+0000] {logging_mixin.py:154} INFO - [2023-11-18T11:42:02.141+0000] {dag.py:3722} INFO - Setting next_dagrun for example_subdag_operator.section-2 to None, run_after=None
[2023-11-18T11:42:02.146+0000] {logging_mixin.py:154} INFO - [2023-11-18T11:42:02.146+0000] {dag.py:2941} INFO - Sync 2 DAGs
[2023-11-18T11:42:02.148+0000] {logging_mixin.py:154} INFO - [2023-11-18T11:42:02.148+0000] {dag.py:3722} INFO - Setting next_dagrun for example_subdag_operator.section-1 to None, run_after=None
[2023-11-18T11:42:02.149+0000] {logging_mixin.py:154} INFO - [2023-11-18T11:42:02.149+0000] {dag.py:3722} INFO - Setting next_dagrun for example_subdag_operator.section-2 to None, run_after=None
[2023-11-18T11:42:02.154+0000] {processor.py:179} INFO - Processing /home/airflow/.local/lib/python3.8/site-packages/airflow/example_dags/example_subdag_operator.py took 0.057 seconds
[2023-11-18T11:42:32.834+0000] {processor.py:157} INFO - Started process (PID=1145) to work on /home/airflow/.local/lib/python3.8/site-packages/airflow/example_dags/example_subdag_operator.py
[2023-11-18T11:42:32.835+0000] {processor.py:829} INFO - Processing file /home/airflow/.local/lib/python3.8/site-packages/airflow/example_dags/example_subdag_operator.py for tasks to queue
[2023-11-18T11:42:32.836+0000] {logging_mixin.py:154} INFO - [2023-11-18T11:42:32.836+0000] {dagbag.py:536} INFO - Filling up the DagBag from /home/airflow/.local/lib/python3.8/site-packages/airflow/example_dags/example_subdag_operator.py
[2023-11-18T11:42:32.851+0000] {processor.py:839} INFO - DAG(s) dict_keys(['example_subdag_operator.section-1', 'example_subdag_operator.section-2', 'example_subdag_operator']) retrieved from /home/airflow/.local/lib/python3.8/site-packages/airflow/example_dags/example_subdag_operator.py
[2023-11-18T11:42:32.859+0000] {logging_mixin.py:154} INFO - [2023-11-18T11:42:32.859+0000] {dag.py:2941} INFO - Sync 3 DAGs
[2023-11-18T11:42:32.869+0000] {logging_mixin.py:154} INFO - [2023-11-18T11:42:32.869+0000] {dag.py:3722} INFO - Setting next_dagrun for example_subdag_operator to 2022-01-01T00:00:00+00:00, run_after=2022-01-01T00:00:00+00:00
[2023-11-18T11:42:32.871+0000] {logging_mixin.py:154} INFO - [2023-11-18T11:42:32.871+0000] {dag.py:3722} INFO - Setting next_dagrun for example_subdag_operator.section-1 to None, run_after=None
[2023-11-18T11:42:32.871+0000] {logging_mixin.py:154} INFO - [2023-11-18T11:42:32.871+0000] {dag.py:3722} INFO - Setting next_dagrun for example_subdag_operator.section-2 to None, run_after=None
[2023-11-18T11:42:32.875+0000] {logging_mixin.py:154} INFO - [2023-11-18T11:42:32.875+0000] {dag.py:2941} INFO - Sync 2 DAGs
[2023-11-18T11:42:32.878+0000] {logging_mixin.py:154} INFO - [2023-11-18T11:42:32.878+0000] {dag.py:3722} INFO - Setting next_dagrun for example_subdag_operator.section-1 to None, run_after=None
[2023-11-18T11:42:32.878+0000] {logging_mixin.py:154} INFO - [2023-11-18T11:42:32.878+0000] {dag.py:3722} INFO - Setting next_dagrun for example_subdag_operator.section-2 to None, run_after=None
[2023-11-18T11:42:32.883+0000] {processor.py:179} INFO - Processing /home/airflow/.local/lib/python3.8/site-packages/airflow/example_dags/example_subdag_operator.py took 0.051 seconds
[2023-11-18T11:43:03.021+0000] {processor.py:157} INFO - Started process (PID=1200) to work on /home/airflow/.local/lib/python3.8/site-packages/airflow/example_dags/example_subdag_operator.py
[2023-11-18T11:43:03.021+0000] {processor.py:829} INFO - Processing file /home/airflow/.local/lib/python3.8/site-packages/airflow/example_dags/example_subdag_operator.py for tasks to queue
[2023-11-18T11:43:03.023+0000] {logging_mixin.py:154} INFO - [2023-11-18T11:43:03.022+0000] {dagbag.py:536} INFO - Filling up the DagBag from /home/airflow/.local/lib/python3.8/site-packages/airflow/example_dags/example_subdag_operator.py
[2023-11-18T11:43:03.037+0000] {processor.py:839} INFO - DAG(s) dict_keys(['example_subdag_operator.section-1', 'example_subdag_operator.section-2', 'example_subdag_operator']) retrieved from /home/airflow/.local/lib/python3.8/site-packages/airflow/example_dags/example_subdag_operator.py
[2023-11-18T11:43:03.045+0000] {logging_mixin.py:154} INFO - [2023-11-18T11:43:03.045+0000] {dag.py:2941} INFO - Sync 3 DAGs
[2023-11-18T11:43:03.057+0000] {logging_mixin.py:154} INFO - [2023-11-18T11:43:03.057+0000] {dag.py:3722} INFO - Setting next_dagrun for example_subdag_operator to 2022-01-01T00:00:00+00:00, run_after=2022-01-01T00:00:00+00:00
[2023-11-18T11:43:03.059+0000] {logging_mixin.py:154} INFO - [2023-11-18T11:43:03.059+0000] {dag.py:3722} INFO - Setting next_dagrun for example_subdag_operator.section-1 to None, run_after=None
[2023-11-18T11:43:03.060+0000] {logging_mixin.py:154} INFO - [2023-11-18T11:43:03.060+0000] {dag.py:3722} INFO - Setting next_dagrun for example_subdag_operator.section-2 to None, run_after=None
[2023-11-18T11:43:03.063+0000] {logging_mixin.py:154} INFO - [2023-11-18T11:43:03.063+0000] {dag.py:2941} INFO - Sync 2 DAGs
[2023-11-18T11:43:03.066+0000] {logging_mixin.py:154} INFO - [2023-11-18T11:43:03.066+0000] {dag.py:3722} INFO - Setting next_dagrun for example_subdag_operator.section-1 to None, run_after=None
[2023-11-18T11:43:03.066+0000] {logging_mixin.py:154} INFO - [2023-11-18T11:43:03.066+0000] {dag.py:3722} INFO - Setting next_dagrun for example_subdag_operator.section-2 to None, run_after=None
[2023-11-18T11:43:03.071+0000] {processor.py:179} INFO - Processing /home/airflow/.local/lib/python3.8/site-packages/airflow/example_dags/example_subdag_operator.py took 0.052 seconds
[2023-11-18T11:43:34.094+0000] {processor.py:157} INFO - Started process (PID=1255) to work on /home/airflow/.local/lib/python3.8/site-packages/airflow/example_dags/example_subdag_operator.py
[2023-11-18T11:43:34.094+0000] {processor.py:829} INFO - Processing file /home/airflow/.local/lib/python3.8/site-packages/airflow/example_dags/example_subdag_operator.py for tasks to queue
[2023-11-18T11:43:34.096+0000] {logging_mixin.py:154} INFO - [2023-11-18T11:43:34.096+0000] {dagbag.py:536} INFO - Filling up the DagBag from /home/airflow/.local/lib/python3.8/site-packages/airflow/example_dags/example_subdag_operator.py
[2023-11-18T11:43:34.111+0000] {processor.py:839} INFO - DAG(s) dict_keys(['example_subdag_operator.section-1', 'example_subdag_operator.section-2', 'example_subdag_operator']) retrieved from /home/airflow/.local/lib/python3.8/site-packages/airflow/example_dags/example_subdag_operator.py
[2023-11-18T11:43:34.118+0000] {logging_mixin.py:154} INFO - [2023-11-18T11:43:34.118+0000] {dag.py:2941} INFO - Sync 3 DAGs
[2023-11-18T11:43:34.129+0000] {logging_mixin.py:154} INFO - [2023-11-18T11:43:34.129+0000] {dag.py:3722} INFO - Setting next_dagrun for example_subdag_operator to 2022-01-01T00:00:00+00:00, run_after=2022-01-01T00:00:00+00:00
[2023-11-18T11:43:34.131+0000] {logging_mixin.py:154} INFO - [2023-11-18T11:43:34.131+0000] {dag.py:3722} INFO - Setting next_dagrun for example_subdag_operator.section-1 to None, run_after=None
[2023-11-18T11:43:34.132+0000] {logging_mixin.py:154} INFO - [2023-11-18T11:43:34.131+0000] {dag.py:3722} INFO - Setting next_dagrun for example_subdag_operator.section-2 to None, run_after=None
[2023-11-18T11:43:34.135+0000] {logging_mixin.py:154} INFO - [2023-11-18T11:43:34.135+0000] {dag.py:2941} INFO - Sync 2 DAGs
[2023-11-18T11:43:34.138+0000] {logging_mixin.py:154} INFO - [2023-11-18T11:43:34.137+0000] {dag.py:3722} INFO - Setting next_dagrun for example_subdag_operator.section-1 to None, run_after=None
[2023-11-18T11:43:34.138+0000] {logging_mixin.py:154} INFO - [2023-11-18T11:43:34.138+0000] {dag.py:3722} INFO - Setting next_dagrun for example_subdag_operator.section-2 to None, run_after=None
[2023-11-18T11:43:34.143+0000] {processor.py:179} INFO - Processing /home/airflow/.local/lib/python3.8/site-packages/airflow/example_dags/example_subdag_operator.py took 0.052 seconds
[2023-11-18T11:44:04.297+0000] {processor.py:157} INFO - Started process (PID=1310) to work on /home/airflow/.local/lib/python3.8/site-packages/airflow/example_dags/example_subdag_operator.py
[2023-11-18T11:44:04.298+0000] {processor.py:829} INFO - Processing file /home/airflow/.local/lib/python3.8/site-packages/airflow/example_dags/example_subdag_operator.py for tasks to queue
[2023-11-18T11:44:04.299+0000] {logging_mixin.py:154} INFO - [2023-11-18T11:44:04.299+0000] {dagbag.py:536} INFO - Filling up the DagBag from /home/airflow/.local/lib/python3.8/site-packages/airflow/example_dags/example_subdag_operator.py
[2023-11-18T11:44:04.313+0000] {processor.py:839} INFO - DAG(s) dict_keys(['example_subdag_operator.section-1', 'example_subdag_operator.section-2', 'example_subdag_operator']) retrieved from /home/airflow/.local/lib/python3.8/site-packages/airflow/example_dags/example_subdag_operator.py
[2023-11-18T11:44:04.321+0000] {logging_mixin.py:154} INFO - [2023-11-18T11:44:04.321+0000] {dag.py:2941} INFO - Sync 3 DAGs
[2023-11-18T11:44:04.331+0000] {logging_mixin.py:154} INFO - [2023-11-18T11:44:04.331+0000] {dag.py:3722} INFO - Setting next_dagrun for example_subdag_operator to 2022-01-01T00:00:00+00:00, run_after=2022-01-01T00:00:00+00:00
[2023-11-18T11:44:04.333+0000] {logging_mixin.py:154} INFO - [2023-11-18T11:44:04.333+0000] {dag.py:3722} INFO - Setting next_dagrun for example_subdag_operator.section-1 to None, run_after=None
[2023-11-18T11:44:04.334+0000] {logging_mixin.py:154} INFO - [2023-11-18T11:44:04.334+0000] {dag.py:3722} INFO - Setting next_dagrun for example_subdag_operator.section-2 to None, run_after=None
[2023-11-18T11:44:04.337+0000] {logging_mixin.py:154} INFO - [2023-11-18T11:44:04.337+0000] {dag.py:2941} INFO - Sync 2 DAGs
[2023-11-18T11:44:04.340+0000] {logging_mixin.py:154} INFO - [2023-11-18T11:44:04.339+0000] {dag.py:3722} INFO - Setting next_dagrun for example_subdag_operator.section-1 to None, run_after=None
[2023-11-18T11:44:04.340+0000] {logging_mixin.py:154} INFO - [2023-11-18T11:44:04.340+0000] {dag.py:3722} INFO - Setting next_dagrun for example_subdag_operator.section-2 to None, run_after=None
[2023-11-18T11:44:04.345+0000] {processor.py:179} INFO - Processing /home/airflow/.local/lib/python3.8/site-packages/airflow/example_dags/example_subdag_operator.py took 0.050 seconds
[2023-11-18T11:44:34.883+0000] {processor.py:157} INFO - Started process (PID=1377) to work on /home/airflow/.local/lib/python3.8/site-packages/airflow/example_dags/example_subdag_operator.py
[2023-11-18T11:44:34.884+0000] {processor.py:829} INFO - Processing file /home/airflow/.local/lib/python3.8/site-packages/airflow/example_dags/example_subdag_operator.py for tasks to queue
[2023-11-18T11:44:34.885+0000] {logging_mixin.py:154} INFO - [2023-11-18T11:44:34.885+0000] {dagbag.py:536} INFO - Filling up the DagBag from /home/airflow/.local/lib/python3.8/site-packages/airflow/example_dags/example_subdag_operator.py
[2023-11-18T11:44:34.901+0000] {processor.py:839} INFO - DAG(s) dict_keys(['example_subdag_operator.section-1', 'example_subdag_operator.section-2', 'example_subdag_operator']) retrieved from /home/airflow/.local/lib/python3.8/site-packages/airflow/example_dags/example_subdag_operator.py
[2023-11-18T11:44:34.909+0000] {logging_mixin.py:154} INFO - [2023-11-18T11:44:34.908+0000] {dag.py:2941} INFO - Sync 3 DAGs
[2023-11-18T11:44:34.921+0000] {logging_mixin.py:154} INFO - [2023-11-18T11:44:34.920+0000] {dag.py:3722} INFO - Setting next_dagrun for example_subdag_operator to 2022-01-01T00:00:00+00:00, run_after=2022-01-01T00:00:00+00:00
[2023-11-18T11:44:34.922+0000] {logging_mixin.py:154} INFO - [2023-11-18T11:44:34.922+0000] {dag.py:3722} INFO - Setting next_dagrun for example_subdag_operator.section-1 to None, run_after=None
[2023-11-18T11:44:34.923+0000] {logging_mixin.py:154} INFO - [2023-11-18T11:44:34.923+0000] {dag.py:3722} INFO - Setting next_dagrun for example_subdag_operator.section-2 to None, run_after=None
[2023-11-18T11:44:34.927+0000] {logging_mixin.py:154} INFO - [2023-11-18T11:44:34.927+0000] {dag.py:2941} INFO - Sync 2 DAGs
[2023-11-18T11:44:34.929+0000] {logging_mixin.py:154} INFO - [2023-11-18T11:44:34.929+0000] {dag.py:3722} INFO - Setting next_dagrun for example_subdag_operator.section-1 to None, run_after=None
[2023-11-18T11:44:34.930+0000] {logging_mixin.py:154} INFO - [2023-11-18T11:44:34.930+0000] {dag.py:3722} INFO - Setting next_dagrun for example_subdag_operator.section-2 to None, run_after=None
[2023-11-18T11:44:34.935+0000] {processor.py:179} INFO - Processing /home/airflow/.local/lib/python3.8/site-packages/airflow/example_dags/example_subdag_operator.py took 0.054 seconds
[2023-11-18T11:45:05.381+0000] {processor.py:157} INFO - Started process (PID=1438) to work on /home/airflow/.local/lib/python3.8/site-packages/airflow/example_dags/example_subdag_operator.py
[2023-11-18T11:45:05.382+0000] {processor.py:829} INFO - Processing file /home/airflow/.local/lib/python3.8/site-packages/airflow/example_dags/example_subdag_operator.py for tasks to queue
[2023-11-18T11:45:05.384+0000] {logging_mixin.py:154} INFO - [2023-11-18T11:45:05.383+0000] {dagbag.py:536} INFO - Filling up the DagBag from /home/airflow/.local/lib/python3.8/site-packages/airflow/example_dags/example_subdag_operator.py
[2023-11-18T11:45:05.399+0000] {processor.py:839} INFO - DAG(s) dict_keys(['example_subdag_operator.section-1', 'example_subdag_operator.section-2', 'example_subdag_operator']) retrieved from /home/airflow/.local/lib/python3.8/site-packages/airflow/example_dags/example_subdag_operator.py
[2023-11-18T11:45:05.406+0000] {logging_mixin.py:154} INFO - [2023-11-18T11:45:05.406+0000] {dag.py:2941} INFO - Sync 3 DAGs
[2023-11-18T11:45:05.417+0000] {logging_mixin.py:154} INFO - [2023-11-18T11:45:05.417+0000] {dag.py:3722} INFO - Setting next_dagrun for example_subdag_operator to 2022-01-01T00:00:00+00:00, run_after=2022-01-01T00:00:00+00:00
[2023-11-18T11:45:05.418+0000] {logging_mixin.py:154} INFO - [2023-11-18T11:45:05.418+0000] {dag.py:3722} INFO - Setting next_dagrun for example_subdag_operator.section-1 to None, run_after=None
[2023-11-18T11:45:05.419+0000] {logging_mixin.py:154} INFO - [2023-11-18T11:45:05.419+0000] {dag.py:3722} INFO - Setting next_dagrun for example_subdag_operator.section-2 to None, run_after=None
[2023-11-18T11:45:05.424+0000] {logging_mixin.py:154} INFO - [2023-11-18T11:45:05.423+0000] {dag.py:2941} INFO - Sync 2 DAGs
[2023-11-18T11:45:05.426+0000] {logging_mixin.py:154} INFO - [2023-11-18T11:45:05.426+0000] {dag.py:3722} INFO - Setting next_dagrun for example_subdag_operator.section-1 to None, run_after=None
[2023-11-18T11:45:05.427+0000] {logging_mixin.py:154} INFO - [2023-11-18T11:45:05.427+0000] {dag.py:3722} INFO - Setting next_dagrun for example_subdag_operator.section-2 to None, run_after=None
[2023-11-18T11:45:05.432+0000] {processor.py:179} INFO - Processing /home/airflow/.local/lib/python3.8/site-packages/airflow/example_dags/example_subdag_operator.py took 0.053 seconds
[2023-11-18T11:45:35.837+0000] {processor.py:157} INFO - Started process (PID=1497) to work on /home/airflow/.local/lib/python3.8/site-packages/airflow/example_dags/example_subdag_operator.py
[2023-11-18T11:45:35.838+0000] {processor.py:829} INFO - Processing file /home/airflow/.local/lib/python3.8/site-packages/airflow/example_dags/example_subdag_operator.py for tasks to queue
[2023-11-18T11:45:35.839+0000] {logging_mixin.py:154} INFO - [2023-11-18T11:45:35.839+0000] {dagbag.py:536} INFO - Filling up the DagBag from /home/airflow/.local/lib/python3.8/site-packages/airflow/example_dags/example_subdag_operator.py
[2023-11-18T11:45:35.853+0000] {processor.py:839} INFO - DAG(s) dict_keys(['example_subdag_operator.section-1', 'example_subdag_operator.section-2', 'example_subdag_operator']) retrieved from /home/airflow/.local/lib/python3.8/site-packages/airflow/example_dags/example_subdag_operator.py
[2023-11-18T11:45:35.860+0000] {logging_mixin.py:154} INFO - [2023-11-18T11:45:35.860+0000] {dag.py:2941} INFO - Sync 3 DAGs
[2023-11-18T11:45:35.870+0000] {logging_mixin.py:154} INFO - [2023-11-18T11:45:35.870+0000] {dag.py:3722} INFO - Setting next_dagrun for example_subdag_operator to 2022-01-01T00:00:00+00:00, run_after=2022-01-01T00:00:00+00:00
[2023-11-18T11:45:35.872+0000] {logging_mixin.py:154} INFO - [2023-11-18T11:45:35.872+0000] {dag.py:3722} INFO - Setting next_dagrun for example_subdag_operator.section-1 to None, run_after=None
[2023-11-18T11:45:35.873+0000] {logging_mixin.py:154} INFO - [2023-11-18T11:45:35.873+0000] {dag.py:3722} INFO - Setting next_dagrun for example_subdag_operator.section-2 to None, run_after=None
[2023-11-18T11:45:35.876+0000] {logging_mixin.py:154} INFO - [2023-11-18T11:45:35.876+0000] {dag.py:2941} INFO - Sync 2 DAGs
[2023-11-18T11:45:35.878+0000] {logging_mixin.py:154} INFO - [2023-11-18T11:45:35.878+0000] {dag.py:3722} INFO - Setting next_dagrun for example_subdag_operator.section-1 to None, run_after=None
[2023-11-18T11:45:35.878+0000] {logging_mixin.py:154} INFO - [2023-11-18T11:45:35.878+0000] {dag.py:3722} INFO - Setting next_dagrun for example_subdag_operator.section-2 to None, run_after=None
[2023-11-18T11:45:35.883+0000] {processor.py:179} INFO - Processing /home/airflow/.local/lib/python3.8/site-packages/airflow/example_dags/example_subdag_operator.py took 0.048 seconds
[2023-11-18T11:46:06.062+0000] {processor.py:157} INFO - Started process (PID=1553) to work on /home/airflow/.local/lib/python3.8/site-packages/airflow/example_dags/example_subdag_operator.py
[2023-11-18T11:46:06.063+0000] {processor.py:829} INFO - Processing file /home/airflow/.local/lib/python3.8/site-packages/airflow/example_dags/example_subdag_operator.py for tasks to queue
[2023-11-18T11:46:06.065+0000] {logging_mixin.py:154} INFO - [2023-11-18T11:46:06.064+0000] {dagbag.py:536} INFO - Filling up the DagBag from /home/airflow/.local/lib/python3.8/site-packages/airflow/example_dags/example_subdag_operator.py
[2023-11-18T11:46:06.079+0000] {processor.py:839} INFO - DAG(s) dict_keys(['example_subdag_operator.section-1', 'example_subdag_operator.section-2', 'example_subdag_operator']) retrieved from /home/airflow/.local/lib/python3.8/site-packages/airflow/example_dags/example_subdag_operator.py
[2023-11-18T11:46:06.087+0000] {logging_mixin.py:154} INFO - [2023-11-18T11:46:06.087+0000] {dag.py:2941} INFO - Sync 3 DAGs
[2023-11-18T11:46:06.097+0000] {logging_mixin.py:154} INFO - [2023-11-18T11:46:06.097+0000] {dag.py:3722} INFO - Setting next_dagrun for example_subdag_operator to 2022-01-01T00:00:00+00:00, run_after=2022-01-01T00:00:00+00:00
[2023-11-18T11:46:06.099+0000] {logging_mixin.py:154} INFO - [2023-11-18T11:46:06.098+0000] {dag.py:3722} INFO - Setting next_dagrun for example_subdag_operator.section-1 to None, run_after=None
[2023-11-18T11:46:06.099+0000] {logging_mixin.py:154} INFO - [2023-11-18T11:46:06.099+0000] {dag.py:3722} INFO - Setting next_dagrun for example_subdag_operator.section-2 to None, run_after=None
[2023-11-18T11:46:06.104+0000] {logging_mixin.py:154} INFO - [2023-11-18T11:46:06.104+0000] {dag.py:2941} INFO - Sync 2 DAGs
[2023-11-18T11:46:06.106+0000] {logging_mixin.py:154} INFO - [2023-11-18T11:46:06.106+0000] {dag.py:3722} INFO - Setting next_dagrun for example_subdag_operator.section-1 to None, run_after=None
[2023-11-18T11:46:06.106+0000] {logging_mixin.py:154} INFO - [2023-11-18T11:46:06.106+0000] {dag.py:3722} INFO - Setting next_dagrun for example_subdag_operator.section-2 to None, run_after=None
[2023-11-18T11:46:06.112+0000] {processor.py:179} INFO - Processing /home/airflow/.local/lib/python3.8/site-packages/airflow/example_dags/example_subdag_operator.py took 0.051 seconds
[2023-11-18T11:46:36.768+0000] {processor.py:157} INFO - Started process (PID=1614) to work on /home/airflow/.local/lib/python3.8/site-packages/airflow/example_dags/example_subdag_operator.py
[2023-11-18T11:46:36.769+0000] {processor.py:829} INFO - Processing file /home/airflow/.local/lib/python3.8/site-packages/airflow/example_dags/example_subdag_operator.py for tasks to queue
[2023-11-18T11:46:36.771+0000] {logging_mixin.py:154} INFO - [2023-11-18T11:46:36.771+0000] {dagbag.py:536} INFO - Filling up the DagBag from /home/airflow/.local/lib/python3.8/site-packages/airflow/example_dags/example_subdag_operator.py
[2023-11-18T11:46:36.786+0000] {processor.py:839} INFO - DAG(s) dict_keys(['example_subdag_operator.section-1', 'example_subdag_operator.section-2', 'example_subdag_operator']) retrieved from /home/airflow/.local/lib/python3.8/site-packages/airflow/example_dags/example_subdag_operator.py
[2023-11-18T11:46:36.794+0000] {logging_mixin.py:154} INFO - [2023-11-18T11:46:36.794+0000] {dag.py:2941} INFO - Sync 3 DAGs
[2023-11-18T11:46:36.804+0000] {logging_mixin.py:154} INFO - [2023-11-18T11:46:36.804+0000] {dag.py:3722} INFO - Setting next_dagrun for example_subdag_operator to 2022-01-01T00:00:00+00:00, run_after=2022-01-01T00:00:00+00:00
[2023-11-18T11:46:36.806+0000] {logging_mixin.py:154} INFO - [2023-11-18T11:46:36.806+0000] {dag.py:3722} INFO - Setting next_dagrun for example_subdag_operator.section-1 to None, run_after=None
[2023-11-18T11:46:36.807+0000] {logging_mixin.py:154} INFO - [2023-11-18T11:46:36.807+0000] {dag.py:3722} INFO - Setting next_dagrun for example_subdag_operator.section-2 to None, run_after=None
[2023-11-18T11:46:36.812+0000] {logging_mixin.py:154} INFO - [2023-11-18T11:46:36.812+0000] {dag.py:2941} INFO - Sync 2 DAGs
[2023-11-18T11:46:36.814+0000] {logging_mixin.py:154} INFO - [2023-11-18T11:46:36.814+0000] {dag.py:3722} INFO - Setting next_dagrun for example_subdag_operator.section-1 to None, run_after=None
[2023-11-18T11:46:36.815+0000] {logging_mixin.py:154} INFO - [2023-11-18T11:46:36.815+0000] {dag.py:3722} INFO - Setting next_dagrun for example_subdag_operator.section-2 to None, run_after=None
[2023-11-18T11:46:36.820+0000] {processor.py:179} INFO - Processing /home/airflow/.local/lib/python3.8/site-packages/airflow/example_dags/example_subdag_operator.py took 0.054 seconds
