[2023-11-18T11:32:43.656+0000] {processor.py:157} INFO - Started process (PID=74) to work on /home/airflow/.local/lib/python3.8/site-packages/airflow/example_dags/example_setup_teardown_taskflow.py
[2023-11-18T11:32:43.659+0000] {processor.py:829} INFO - Processing file /home/airflow/.local/lib/python3.8/site-packages/airflow/example_dags/example_setup_teardown_taskflow.py for tasks to queue
[2023-11-18T11:32:43.664+0000] {logging_mixin.py:154} INFO - [2023-11-18T11:32:43.664+0000] {dagbag.py:536} INFO - Filling up the DagBag from /home/airflow/.local/lib/python3.8/site-packages/airflow/example_dags/example_setup_teardown_taskflow.py
[2023-11-18T11:32:43.679+0000] {processor.py:839} INFO - DAG(s) dict_keys(['example_setup_teardown_taskflow']) retrieved from /home/airflow/.local/lib/python3.8/site-packages/airflow/example_dags/example_setup_teardown_taskflow.py
[2023-11-18T11:32:43.723+0000] {logging_mixin.py:154} INFO - [2023-11-18T11:32:43.723+0000] {dag.py:2941} INFO - Sync 1 DAGs
[2023-11-18T11:32:43.754+0000] {logging_mixin.py:154} INFO - [2023-11-18T11:32:43.754+0000] {dag.py:3722} INFO - Setting next_dagrun for example_setup_teardown_taskflow to 2023-11-17T11:32:43.754126+00:00, run_after=2023-11-18T11:32:43.754126+00:00
[2023-11-18T11:32:43.785+0000] {processor.py:179} INFO - Processing /home/airflow/.local/lib/python3.8/site-packages/airflow/example_dags/example_setup_teardown_taskflow.py took 0.136 seconds
[2023-11-18T11:33:14.537+0000] {processor.py:157} INFO - Started process (PID=130) to work on /home/airflow/.local/lib/python3.8/site-packages/airflow/example_dags/example_setup_teardown_taskflow.py
[2023-11-18T11:33:14.542+0000] {processor.py:829} INFO - Processing file /home/airflow/.local/lib/python3.8/site-packages/airflow/example_dags/example_setup_teardown_taskflow.py for tasks to queue
[2023-11-18T11:33:14.548+0000] {logging_mixin.py:154} INFO - [2023-11-18T11:33:14.548+0000] {dagbag.py:536} INFO - Filling up the DagBag from /home/airflow/.local/lib/python3.8/site-packages/airflow/example_dags/example_setup_teardown_taskflow.py
[2023-11-18T11:33:14.564+0000] {processor.py:839} INFO - DAG(s) dict_keys(['example_setup_teardown_taskflow']) retrieved from /home/airflow/.local/lib/python3.8/site-packages/airflow/example_dags/example_setup_teardown_taskflow.py
[2023-11-18T11:33:14.611+0000] {logging_mixin.py:154} INFO - [2023-11-18T11:33:14.611+0000] {dag.py:2941} INFO - Sync 1 DAGs
[2023-11-18T11:33:14.644+0000] {logging_mixin.py:154} INFO - [2023-11-18T11:33:14.644+0000] {dag.py:3722} INFO - Setting next_dagrun for example_setup_teardown_taskflow to 2023-11-17T11:33:14.640924+00:00, run_after=2023-11-18T11:33:14.640924+00:00
[2023-11-18T11:33:14.661+0000] {processor.py:179} INFO - Processing /home/airflow/.local/lib/python3.8/site-packages/airflow/example_dags/example_setup_teardown_taskflow.py took 0.126 seconds
[2023-11-18T11:33:45.023+0000] {processor.py:157} INFO - Started process (PID=185) to work on /home/airflow/.local/lib/python3.8/site-packages/airflow/example_dags/example_setup_teardown_taskflow.py
[2023-11-18T11:33:45.029+0000] {processor.py:829} INFO - Processing file /home/airflow/.local/lib/python3.8/site-packages/airflow/example_dags/example_setup_teardown_taskflow.py for tasks to queue
[2023-11-18T11:33:45.221+0000] {logging_mixin.py:154} INFO - [2023-11-18T11:33:45.220+0000] {dagbag.py:536} INFO - Filling up the DagBag from /home/airflow/.local/lib/python3.8/site-packages/airflow/example_dags/example_setup_teardown_taskflow.py
[2023-11-18T11:33:45.463+0000] {processor.py:839} INFO - DAG(s) dict_keys(['example_setup_teardown_taskflow']) retrieved from /home/airflow/.local/lib/python3.8/site-packages/airflow/example_dags/example_setup_teardown_taskflow.py
[2023-11-18T11:33:46.038+0000] {logging_mixin.py:154} INFO - [2023-11-18T11:33:46.037+0000] {dag.py:2941} INFO - Sync 1 DAGs
[2023-11-18T11:33:46.193+0000] {logging_mixin.py:154} INFO - [2023-11-18T11:33:46.193+0000] {dag.py:3722} INFO - Setting next_dagrun for example_setup_teardown_taskflow to 2023-11-17T11:33:46.185387+00:00, run_after=2023-11-18T11:33:46.185387+00:00
[2023-11-18T11:33:46.269+0000] {processor.py:179} INFO - Processing /home/airflow/.local/lib/python3.8/site-packages/airflow/example_dags/example_setup_teardown_taskflow.py took 1.338 seconds
[2023-11-18T11:34:17.190+0000] {processor.py:157} INFO - Started process (PID=240) to work on /home/airflow/.local/lib/python3.8/site-packages/airflow/example_dags/example_setup_teardown_taskflow.py
[2023-11-18T11:34:17.197+0000] {processor.py:829} INFO - Processing file /home/airflow/.local/lib/python3.8/site-packages/airflow/example_dags/example_setup_teardown_taskflow.py for tasks to queue
[2023-11-18T11:34:17.200+0000] {logging_mixin.py:154} INFO - [2023-11-18T11:34:17.200+0000] {dagbag.py:536} INFO - Filling up the DagBag from /home/airflow/.local/lib/python3.8/site-packages/airflow/example_dags/example_setup_teardown_taskflow.py
[2023-11-18T11:34:17.212+0000] {processor.py:839} INFO - DAG(s) dict_keys(['example_setup_teardown_taskflow']) retrieved from /home/airflow/.local/lib/python3.8/site-packages/airflow/example_dags/example_setup_teardown_taskflow.py
[2023-11-18T11:34:17.249+0000] {logging_mixin.py:154} INFO - [2023-11-18T11:34:17.249+0000] {dag.py:2941} INFO - Sync 1 DAGs
[2023-11-18T11:34:17.267+0000] {logging_mixin.py:154} INFO - [2023-11-18T11:34:17.267+0000] {dag.py:3722} INFO - Setting next_dagrun for example_setup_teardown_taskflow to 2023-11-17T11:34:17.266526+00:00, run_after=2023-11-18T11:34:17.266526+00:00
[2023-11-18T11:34:17.280+0000] {processor.py:179} INFO - Processing /home/airflow/.local/lib/python3.8/site-packages/airflow/example_dags/example_setup_teardown_taskflow.py took 0.109 seconds
[2023-11-18T11:34:48.097+0000] {processor.py:157} INFO - Started process (PID=295) to work on /home/airflow/.local/lib/python3.8/site-packages/airflow/example_dags/example_setup_teardown_taskflow.py
[2023-11-18T11:34:48.099+0000] {processor.py:829} INFO - Processing file /home/airflow/.local/lib/python3.8/site-packages/airflow/example_dags/example_setup_teardown_taskflow.py for tasks to queue
[2023-11-18T11:34:48.101+0000] {logging_mixin.py:154} INFO - [2023-11-18T11:34:48.101+0000] {dagbag.py:536} INFO - Filling up the DagBag from /home/airflow/.local/lib/python3.8/site-packages/airflow/example_dags/example_setup_teardown_taskflow.py
[2023-11-18T11:34:48.107+0000] {processor.py:839} INFO - DAG(s) dict_keys(['example_setup_teardown_taskflow']) retrieved from /home/airflow/.local/lib/python3.8/site-packages/airflow/example_dags/example_setup_teardown_taskflow.py
[2023-11-18T11:34:48.120+0000] {logging_mixin.py:154} INFO - [2023-11-18T11:34:48.120+0000] {dag.py:2941} INFO - Sync 1 DAGs
[2023-11-18T11:34:48.131+0000] {logging_mixin.py:154} INFO - [2023-11-18T11:34:48.130+0000] {dag.py:3722} INFO - Setting next_dagrun for example_setup_teardown_taskflow to 2023-11-17T11:34:48.130718+00:00, run_after=2023-11-18T11:34:48.130718+00:00
[2023-11-18T11:34:48.143+0000] {processor.py:179} INFO - Processing /home/airflow/.local/lib/python3.8/site-packages/airflow/example_dags/example_setup_teardown_taskflow.py took 0.048 seconds
[2023-11-18T11:35:18.842+0000] {processor.py:157} INFO - Started process (PID=350) to work on /home/airflow/.local/lib/python3.8/site-packages/airflow/example_dags/example_setup_teardown_taskflow.py
[2023-11-18T11:35:18.843+0000] {processor.py:829} INFO - Processing file /home/airflow/.local/lib/python3.8/site-packages/airflow/example_dags/example_setup_teardown_taskflow.py for tasks to queue
[2023-11-18T11:35:18.846+0000] {logging_mixin.py:154} INFO - [2023-11-18T11:35:18.845+0000] {dagbag.py:536} INFO - Filling up the DagBag from /home/airflow/.local/lib/python3.8/site-packages/airflow/example_dags/example_setup_teardown_taskflow.py
[2023-11-18T11:35:18.855+0000] {processor.py:839} INFO - DAG(s) dict_keys(['example_setup_teardown_taskflow']) retrieved from /home/airflow/.local/lib/python3.8/site-packages/airflow/example_dags/example_setup_teardown_taskflow.py
[2023-11-18T11:35:18.872+0000] {logging_mixin.py:154} INFO - [2023-11-18T11:35:18.872+0000] {dag.py:2941} INFO - Sync 1 DAGs
[2023-11-18T11:35:18.885+0000] {logging_mixin.py:154} INFO - [2023-11-18T11:35:18.885+0000] {dag.py:3722} INFO - Setting next_dagrun for example_setup_teardown_taskflow to 2023-11-17T11:35:18.885515+00:00, run_after=2023-11-18T11:35:18.885515+00:00
[2023-11-18T11:35:18.895+0000] {processor.py:179} INFO - Processing /home/airflow/.local/lib/python3.8/site-packages/airflow/example_dags/example_setup_teardown_taskflow.py took 0.058 seconds
[2023-11-18T11:35:48.972+0000] {processor.py:157} INFO - Started process (PID=406) to work on /home/airflow/.local/lib/python3.8/site-packages/airflow/example_dags/example_setup_teardown_taskflow.py
[2023-11-18T11:35:48.974+0000] {processor.py:829} INFO - Processing file /home/airflow/.local/lib/python3.8/site-packages/airflow/example_dags/example_setup_teardown_taskflow.py for tasks to queue
[2023-11-18T11:35:48.976+0000] {logging_mixin.py:154} INFO - [2023-11-18T11:35:48.976+0000] {dagbag.py:536} INFO - Filling up the DagBag from /home/airflow/.local/lib/python3.8/site-packages/airflow/example_dags/example_setup_teardown_taskflow.py
[2023-11-18T11:35:48.985+0000] {processor.py:839} INFO - DAG(s) dict_keys(['example_setup_teardown_taskflow']) retrieved from /home/airflow/.local/lib/python3.8/site-packages/airflow/example_dags/example_setup_teardown_taskflow.py
[2023-11-18T11:35:49.004+0000] {logging_mixin.py:154} INFO - [2023-11-18T11:35:49.004+0000] {dag.py:2941} INFO - Sync 1 DAGs
[2023-11-18T11:35:49.019+0000] {logging_mixin.py:154} INFO - [2023-11-18T11:35:49.019+0000] {dag.py:3722} INFO - Setting next_dagrun for example_setup_teardown_taskflow to 2023-11-17T11:35:49.019220+00:00, run_after=2023-11-18T11:35:49.019220+00:00
[2023-11-18T11:35:49.029+0000] {processor.py:179} INFO - Processing /home/airflow/.local/lib/python3.8/site-packages/airflow/example_dags/example_setup_teardown_taskflow.py took 0.061 seconds
[2023-11-18T11:36:19.369+0000] {processor.py:157} INFO - Started process (PID=461) to work on /home/airflow/.local/lib/python3.8/site-packages/airflow/example_dags/example_setup_teardown_taskflow.py
[2023-11-18T11:36:19.370+0000] {processor.py:829} INFO - Processing file /home/airflow/.local/lib/python3.8/site-packages/airflow/example_dags/example_setup_teardown_taskflow.py for tasks to queue
[2023-11-18T11:36:19.372+0000] {logging_mixin.py:154} INFO - [2023-11-18T11:36:19.372+0000] {dagbag.py:536} INFO - Filling up the DagBag from /home/airflow/.local/lib/python3.8/site-packages/airflow/example_dags/example_setup_teardown_taskflow.py
[2023-11-18T11:36:19.381+0000] {processor.py:839} INFO - DAG(s) dict_keys(['example_setup_teardown_taskflow']) retrieved from /home/airflow/.local/lib/python3.8/site-packages/airflow/example_dags/example_setup_teardown_taskflow.py
[2023-11-18T11:36:19.399+0000] {logging_mixin.py:154} INFO - [2023-11-18T11:36:19.398+0000] {dag.py:2941} INFO - Sync 1 DAGs
[2023-11-18T11:36:19.411+0000] {logging_mixin.py:154} INFO - [2023-11-18T11:36:19.411+0000] {dag.py:3722} INFO - Setting next_dagrun for example_setup_teardown_taskflow to 2023-11-17T11:36:19.411462+00:00, run_after=2023-11-18T11:36:19.411462+00:00
[2023-11-18T11:36:19.420+0000] {processor.py:179} INFO - Processing /home/airflow/.local/lib/python3.8/site-packages/airflow/example_dags/example_setup_teardown_taskflow.py took 0.056 seconds
[2023-11-18T11:36:49.529+0000] {processor.py:157} INFO - Started process (PID=516) to work on /home/airflow/.local/lib/python3.8/site-packages/airflow/example_dags/example_setup_teardown_taskflow.py
[2023-11-18T11:36:49.530+0000] {processor.py:829} INFO - Processing file /home/airflow/.local/lib/python3.8/site-packages/airflow/example_dags/example_setup_teardown_taskflow.py for tasks to queue
[2023-11-18T11:36:49.533+0000] {logging_mixin.py:154} INFO - [2023-11-18T11:36:49.532+0000] {dagbag.py:536} INFO - Filling up the DagBag from /home/airflow/.local/lib/python3.8/site-packages/airflow/example_dags/example_setup_teardown_taskflow.py
[2023-11-18T11:36:49.542+0000] {processor.py:839} INFO - DAG(s) dict_keys(['example_setup_teardown_taskflow']) retrieved from /home/airflow/.local/lib/python3.8/site-packages/airflow/example_dags/example_setup_teardown_taskflow.py
[2023-11-18T11:36:49.562+0000] {logging_mixin.py:154} INFO - [2023-11-18T11:36:49.562+0000] {dag.py:2941} INFO - Sync 1 DAGs
[2023-11-18T11:36:49.576+0000] {logging_mixin.py:154} INFO - [2023-11-18T11:36:49.576+0000] {dag.py:3722} INFO - Setting next_dagrun for example_setup_teardown_taskflow to 2023-11-17T11:36:49.575998+00:00, run_after=2023-11-18T11:36:49.575998+00:00
[2023-11-18T11:36:49.588+0000] {processor.py:179} INFO - Processing /home/airflow/.local/lib/python3.8/site-packages/airflow/example_dags/example_setup_teardown_taskflow.py took 0.064 seconds
[2023-11-18T11:37:19.794+0000] {processor.py:157} INFO - Started process (PID=571) to work on /home/airflow/.local/lib/python3.8/site-packages/airflow/example_dags/example_setup_teardown_taskflow.py
[2023-11-18T11:37:19.795+0000] {processor.py:829} INFO - Processing file /home/airflow/.local/lib/python3.8/site-packages/airflow/example_dags/example_setup_teardown_taskflow.py for tasks to queue
[2023-11-18T11:37:19.797+0000] {logging_mixin.py:154} INFO - [2023-11-18T11:37:19.797+0000] {dagbag.py:536} INFO - Filling up the DagBag from /home/airflow/.local/lib/python3.8/site-packages/airflow/example_dags/example_setup_teardown_taskflow.py
[2023-11-18T11:37:19.803+0000] {processor.py:839} INFO - DAG(s) dict_keys(['example_setup_teardown_taskflow']) retrieved from /home/airflow/.local/lib/python3.8/site-packages/airflow/example_dags/example_setup_teardown_taskflow.py
[2023-11-18T11:37:19.815+0000] {logging_mixin.py:154} INFO - [2023-11-18T11:37:19.815+0000] {dag.py:2941} INFO - Sync 1 DAGs
[2023-11-18T11:37:19.828+0000] {logging_mixin.py:154} INFO - [2023-11-18T11:37:19.828+0000] {dag.py:3722} INFO - Setting next_dagrun for example_setup_teardown_taskflow to 2023-11-17T11:37:19.828224+00:00, run_after=2023-11-18T11:37:19.828224+00:00
[2023-11-18T11:37:19.839+0000] {processor.py:179} INFO - Processing /home/airflow/.local/lib/python3.8/site-packages/airflow/example_dags/example_setup_teardown_taskflow.py took 0.047 seconds
[2023-11-18T11:37:49.912+0000] {processor.py:157} INFO - Started process (PID=626) to work on /home/airflow/.local/lib/python3.8/site-packages/airflow/example_dags/example_setup_teardown_taskflow.py
[2023-11-18T11:37:49.913+0000] {processor.py:829} INFO - Processing file /home/airflow/.local/lib/python3.8/site-packages/airflow/example_dags/example_setup_teardown_taskflow.py for tasks to queue
[2023-11-18T11:37:49.915+0000] {logging_mixin.py:154} INFO - [2023-11-18T11:37:49.915+0000] {dagbag.py:536} INFO - Filling up the DagBag from /home/airflow/.local/lib/python3.8/site-packages/airflow/example_dags/example_setup_teardown_taskflow.py
[2023-11-18T11:37:49.924+0000] {processor.py:839} INFO - DAG(s) dict_keys(['example_setup_teardown_taskflow']) retrieved from /home/airflow/.local/lib/python3.8/site-packages/airflow/example_dags/example_setup_teardown_taskflow.py
[2023-11-18T11:37:49.940+0000] {logging_mixin.py:154} INFO - [2023-11-18T11:37:49.940+0000] {dag.py:2941} INFO - Sync 1 DAGs
[2023-11-18T11:37:49.953+0000] {logging_mixin.py:154} INFO - [2023-11-18T11:37:49.953+0000] {dag.py:3722} INFO - Setting next_dagrun for example_setup_teardown_taskflow to 2023-11-17T11:37:49.953064+00:00, run_after=2023-11-18T11:37:49.953064+00:00
[2023-11-18T11:37:49.961+0000] {processor.py:179} INFO - Processing /home/airflow/.local/lib/python3.8/site-packages/airflow/example_dags/example_setup_teardown_taskflow.py took 0.054 seconds
[2023-11-18T11:38:20.813+0000] {processor.py:157} INFO - Started process (PID=681) to work on /home/airflow/.local/lib/python3.8/site-packages/airflow/example_dags/example_setup_teardown_taskflow.py
[2023-11-18T11:38:20.814+0000] {processor.py:829} INFO - Processing file /home/airflow/.local/lib/python3.8/site-packages/airflow/example_dags/example_setup_teardown_taskflow.py for tasks to queue
[2023-11-18T11:38:20.817+0000] {logging_mixin.py:154} INFO - [2023-11-18T11:38:20.817+0000] {dagbag.py:536} INFO - Filling up the DagBag from /home/airflow/.local/lib/python3.8/site-packages/airflow/example_dags/example_setup_teardown_taskflow.py
[2023-11-18T11:38:20.827+0000] {processor.py:839} INFO - DAG(s) dict_keys(['example_setup_teardown_taskflow']) retrieved from /home/airflow/.local/lib/python3.8/site-packages/airflow/example_dags/example_setup_teardown_taskflow.py
[2023-11-18T11:38:20.846+0000] {logging_mixin.py:154} INFO - [2023-11-18T11:38:20.846+0000] {dag.py:2941} INFO - Sync 1 DAGs
[2023-11-18T11:38:20.860+0000] {logging_mixin.py:154} INFO - [2023-11-18T11:38:20.860+0000] {dag.py:3722} INFO - Setting next_dagrun for example_setup_teardown_taskflow to 2023-11-17T11:38:20.860398+00:00, run_after=2023-11-18T11:38:20.860398+00:00
[2023-11-18T11:38:20.871+0000] {processor.py:179} INFO - Processing /home/airflow/.local/lib/python3.8/site-packages/airflow/example_dags/example_setup_teardown_taskflow.py took 0.062 seconds
[2023-11-18T11:38:50.926+0000] {processor.py:157} INFO - Started process (PID=736) to work on /home/airflow/.local/lib/python3.8/site-packages/airflow/example_dags/example_setup_teardown_taskflow.py
[2023-11-18T11:38:50.928+0000] {processor.py:829} INFO - Processing file /home/airflow/.local/lib/python3.8/site-packages/airflow/example_dags/example_setup_teardown_taskflow.py for tasks to queue
[2023-11-18T11:38:50.931+0000] {logging_mixin.py:154} INFO - [2023-11-18T11:38:50.931+0000] {dagbag.py:536} INFO - Filling up the DagBag from /home/airflow/.local/lib/python3.8/site-packages/airflow/example_dags/example_setup_teardown_taskflow.py
[2023-11-18T11:38:50.941+0000] {processor.py:839} INFO - DAG(s) dict_keys(['example_setup_teardown_taskflow']) retrieved from /home/airflow/.local/lib/python3.8/site-packages/airflow/example_dags/example_setup_teardown_taskflow.py
[2023-11-18T11:38:50.959+0000] {logging_mixin.py:154} INFO - [2023-11-18T11:38:50.959+0000] {dag.py:2941} INFO - Sync 1 DAGs
[2023-11-18T11:38:50.973+0000] {logging_mixin.py:154} INFO - [2023-11-18T11:38:50.973+0000] {dag.py:3722} INFO - Setting next_dagrun for example_setup_teardown_taskflow to 2023-11-17T11:38:50.973419+00:00, run_after=2023-11-18T11:38:50.973419+00:00
[2023-11-18T11:38:50.984+0000] {processor.py:179} INFO - Processing /home/airflow/.local/lib/python3.8/site-packages/airflow/example_dags/example_setup_teardown_taskflow.py took 0.063 seconds
[2023-11-18T11:39:21.258+0000] {processor.py:157} INFO - Started process (PID=791) to work on /home/airflow/.local/lib/python3.8/site-packages/airflow/example_dags/example_setup_teardown_taskflow.py
[2023-11-18T11:39:21.258+0000] {processor.py:829} INFO - Processing file /home/airflow/.local/lib/python3.8/site-packages/airflow/example_dags/example_setup_teardown_taskflow.py for tasks to queue
[2023-11-18T11:39:21.260+0000] {logging_mixin.py:154} INFO - [2023-11-18T11:39:21.260+0000] {dagbag.py:536} INFO - Filling up the DagBag from /home/airflow/.local/lib/python3.8/site-packages/airflow/example_dags/example_setup_teardown_taskflow.py
[2023-11-18T11:39:21.266+0000] {processor.py:839} INFO - DAG(s) dict_keys(['example_setup_teardown_taskflow']) retrieved from /home/airflow/.local/lib/python3.8/site-packages/airflow/example_dags/example_setup_teardown_taskflow.py
[2023-11-18T11:39:21.278+0000] {logging_mixin.py:154} INFO - [2023-11-18T11:39:21.278+0000] {dag.py:2941} INFO - Sync 1 DAGs
[2023-11-18T11:39:21.289+0000] {logging_mixin.py:154} INFO - [2023-11-18T11:39:21.289+0000] {dag.py:3722} INFO - Setting next_dagrun for example_setup_teardown_taskflow to 2023-11-17T11:39:21.289399+00:00, run_after=2023-11-18T11:39:21.289399+00:00
[2023-11-18T11:39:21.299+0000] {processor.py:179} INFO - Processing /home/airflow/.local/lib/python3.8/site-packages/airflow/example_dags/example_setup_teardown_taskflow.py took 0.044 seconds
[2023-11-18T11:39:51.386+0000] {processor.py:157} INFO - Started process (PID=846) to work on /home/airflow/.local/lib/python3.8/site-packages/airflow/example_dags/example_setup_teardown_taskflow.py
[2023-11-18T11:39:51.387+0000] {processor.py:829} INFO - Processing file /home/airflow/.local/lib/python3.8/site-packages/airflow/example_dags/example_setup_teardown_taskflow.py for tasks to queue
[2023-11-18T11:39:51.389+0000] {logging_mixin.py:154} INFO - [2023-11-18T11:39:51.389+0000] {dagbag.py:536} INFO - Filling up the DagBag from /home/airflow/.local/lib/python3.8/site-packages/airflow/example_dags/example_setup_teardown_taskflow.py
[2023-11-18T11:39:51.396+0000] {processor.py:839} INFO - DAG(s) dict_keys(['example_setup_teardown_taskflow']) retrieved from /home/airflow/.local/lib/python3.8/site-packages/airflow/example_dags/example_setup_teardown_taskflow.py
[2023-11-18T11:39:51.410+0000] {logging_mixin.py:154} INFO - [2023-11-18T11:39:51.410+0000] {dag.py:2941} INFO - Sync 1 DAGs
[2023-11-18T11:39:51.424+0000] {logging_mixin.py:154} INFO - [2023-11-18T11:39:51.424+0000] {dag.py:3722} INFO - Setting next_dagrun for example_setup_teardown_taskflow to 2023-11-17T11:39:51.424034+00:00, run_after=2023-11-18T11:39:51.424034+00:00
[2023-11-18T11:39:51.434+0000] {processor.py:179} INFO - Processing /home/airflow/.local/lib/python3.8/site-packages/airflow/example_dags/example_setup_teardown_taskflow.py took 0.051 seconds
[2023-11-18T11:40:22.201+0000] {processor.py:157} INFO - Started process (PID=901) to work on /home/airflow/.local/lib/python3.8/site-packages/airflow/example_dags/example_setup_teardown_taskflow.py
[2023-11-18T11:40:22.203+0000] {processor.py:829} INFO - Processing file /home/airflow/.local/lib/python3.8/site-packages/airflow/example_dags/example_setup_teardown_taskflow.py for tasks to queue
[2023-11-18T11:40:22.206+0000] {logging_mixin.py:154} INFO - [2023-11-18T11:40:22.206+0000] {dagbag.py:536} INFO - Filling up the DagBag from /home/airflow/.local/lib/python3.8/site-packages/airflow/example_dags/example_setup_teardown_taskflow.py
[2023-11-18T11:40:22.216+0000] {processor.py:839} INFO - DAG(s) dict_keys(['example_setup_teardown_taskflow']) retrieved from /home/airflow/.local/lib/python3.8/site-packages/airflow/example_dags/example_setup_teardown_taskflow.py
[2023-11-18T11:40:22.237+0000] {logging_mixin.py:154} INFO - [2023-11-18T11:40:22.237+0000] {dag.py:2941} INFO - Sync 1 DAGs
[2023-11-18T11:40:22.254+0000] {logging_mixin.py:154} INFO - [2023-11-18T11:40:22.254+0000] {dag.py:3722} INFO - Setting next_dagrun for example_setup_teardown_taskflow to 2023-11-17T11:40:22.253847+00:00, run_after=2023-11-18T11:40:22.253847+00:00
[2023-11-18T11:40:22.266+0000] {processor.py:179} INFO - Processing /home/airflow/.local/lib/python3.8/site-packages/airflow/example_dags/example_setup_teardown_taskflow.py took 0.071 seconds
[2023-11-18T11:40:52.580+0000] {processor.py:157} INFO - Started process (PID=956) to work on /home/airflow/.local/lib/python3.8/site-packages/airflow/example_dags/example_setup_teardown_taskflow.py
[2023-11-18T11:40:52.581+0000] {processor.py:829} INFO - Processing file /home/airflow/.local/lib/python3.8/site-packages/airflow/example_dags/example_setup_teardown_taskflow.py for tasks to queue
[2023-11-18T11:40:52.583+0000] {logging_mixin.py:154} INFO - [2023-11-18T11:40:52.583+0000] {dagbag.py:536} INFO - Filling up the DagBag from /home/airflow/.local/lib/python3.8/site-packages/airflow/example_dags/example_setup_teardown_taskflow.py
[2023-11-18T11:40:52.593+0000] {processor.py:839} INFO - DAG(s) dict_keys(['example_setup_teardown_taskflow']) retrieved from /home/airflow/.local/lib/python3.8/site-packages/airflow/example_dags/example_setup_teardown_taskflow.py
[2023-11-18T11:40:52.611+0000] {logging_mixin.py:154} INFO - [2023-11-18T11:40:52.611+0000] {dag.py:2941} INFO - Sync 1 DAGs
[2023-11-18T11:40:52.626+0000] {logging_mixin.py:154} INFO - [2023-11-18T11:40:52.626+0000] {dag.py:3722} INFO - Setting next_dagrun for example_setup_teardown_taskflow to 2023-11-17T11:40:52.625962+00:00, run_after=2023-11-18T11:40:52.625962+00:00
[2023-11-18T11:40:52.636+0000] {processor.py:179} INFO - Processing /home/airflow/.local/lib/python3.8/site-packages/airflow/example_dags/example_setup_teardown_taskflow.py took 0.059 seconds
[2023-11-18T11:41:23.096+0000] {processor.py:157} INFO - Started process (PID=1011) to work on /home/airflow/.local/lib/python3.8/site-packages/airflow/example_dags/example_setup_teardown_taskflow.py
[2023-11-18T11:41:23.098+0000] {processor.py:829} INFO - Processing file /home/airflow/.local/lib/python3.8/site-packages/airflow/example_dags/example_setup_teardown_taskflow.py for tasks to queue
[2023-11-18T11:41:23.100+0000] {logging_mixin.py:154} INFO - [2023-11-18T11:41:23.100+0000] {dagbag.py:536} INFO - Filling up the DagBag from /home/airflow/.local/lib/python3.8/site-packages/airflow/example_dags/example_setup_teardown_taskflow.py
[2023-11-18T11:41:23.108+0000] {processor.py:839} INFO - DAG(s) dict_keys(['example_setup_teardown_taskflow']) retrieved from /home/airflow/.local/lib/python3.8/site-packages/airflow/example_dags/example_setup_teardown_taskflow.py
[2023-11-18T11:41:23.125+0000] {logging_mixin.py:154} INFO - [2023-11-18T11:41:23.125+0000] {dag.py:2941} INFO - Sync 1 DAGs
[2023-11-18T11:41:23.141+0000] {logging_mixin.py:154} INFO - [2023-11-18T11:41:23.141+0000] {dag.py:3722} INFO - Setting next_dagrun for example_setup_teardown_taskflow to 2023-11-17T11:41:23.140894+00:00, run_after=2023-11-18T11:41:23.140894+00:00
[2023-11-18T11:41:23.151+0000] {processor.py:179} INFO - Processing /home/airflow/.local/lib/python3.8/site-packages/airflow/example_dags/example_setup_teardown_taskflow.py took 0.059 seconds
[2023-11-18T11:41:53.422+0000] {processor.py:157} INFO - Started process (PID=1066) to work on /home/airflow/.local/lib/python3.8/site-packages/airflow/example_dags/example_setup_teardown_taskflow.py
[2023-11-18T11:41:53.423+0000] {processor.py:829} INFO - Processing file /home/airflow/.local/lib/python3.8/site-packages/airflow/example_dags/example_setup_teardown_taskflow.py for tasks to queue
[2023-11-18T11:41:53.424+0000] {logging_mixin.py:154} INFO - [2023-11-18T11:41:53.424+0000] {dagbag.py:536} INFO - Filling up the DagBag from /home/airflow/.local/lib/python3.8/site-packages/airflow/example_dags/example_setup_teardown_taskflow.py
[2023-11-18T11:41:53.429+0000] {processor.py:839} INFO - DAG(s) dict_keys(['example_setup_teardown_taskflow']) retrieved from /home/airflow/.local/lib/python3.8/site-packages/airflow/example_dags/example_setup_teardown_taskflow.py
[2023-11-18T11:41:53.445+0000] {logging_mixin.py:154} INFO - [2023-11-18T11:41:53.444+0000] {dag.py:2941} INFO - Sync 1 DAGs
[2023-11-18T11:41:53.456+0000] {logging_mixin.py:154} INFO - [2023-11-18T11:41:53.456+0000] {dag.py:3722} INFO - Setting next_dagrun for example_setup_teardown_taskflow to 2023-11-17T11:41:53.456400+00:00, run_after=2023-11-18T11:41:53.456400+00:00
[2023-11-18T11:41:53.467+0000] {processor.py:179} INFO - Processing /home/airflow/.local/lib/python3.8/site-packages/airflow/example_dags/example_setup_teardown_taskflow.py took 0.047 seconds
[2023-11-18T11:42:24.040+0000] {processor.py:157} INFO - Started process (PID=1121) to work on /home/airflow/.local/lib/python3.8/site-packages/airflow/example_dags/example_setup_teardown_taskflow.py
[2023-11-18T11:42:24.042+0000] {processor.py:829} INFO - Processing file /home/airflow/.local/lib/python3.8/site-packages/airflow/example_dags/example_setup_teardown_taskflow.py for tasks to queue
[2023-11-18T11:42:24.045+0000] {logging_mixin.py:154} INFO - [2023-11-18T11:42:24.044+0000] {dagbag.py:536} INFO - Filling up the DagBag from /home/airflow/.local/lib/python3.8/site-packages/airflow/example_dags/example_setup_teardown_taskflow.py
[2023-11-18T11:42:24.070+0000] {processor.py:839} INFO - DAG(s) dict_keys(['example_setup_teardown_taskflow']) retrieved from /home/airflow/.local/lib/python3.8/site-packages/airflow/example_dags/example_setup_teardown_taskflow.py
[2023-11-18T11:42:24.092+0000] {logging_mixin.py:154} INFO - [2023-11-18T11:42:24.092+0000] {dag.py:2941} INFO - Sync 1 DAGs
[2023-11-18T11:42:24.109+0000] {logging_mixin.py:154} INFO - [2023-11-18T11:42:24.109+0000] {dag.py:3722} INFO - Setting next_dagrun for example_setup_teardown_taskflow to 2023-11-17T11:42:24.109080+00:00, run_after=2023-11-18T11:42:24.109080+00:00
[2023-11-18T11:42:24.121+0000] {processor.py:179} INFO - Processing /home/airflow/.local/lib/python3.8/site-packages/airflow/example_dags/example_setup_teardown_taskflow.py took 0.084 seconds
[2023-11-18T11:42:55.154+0000] {processor.py:157} INFO - Started process (PID=1183) to work on /home/airflow/.local/lib/python3.8/site-packages/airflow/example_dags/example_setup_teardown_taskflow.py
[2023-11-18T11:42:55.155+0000] {processor.py:829} INFO - Processing file /home/airflow/.local/lib/python3.8/site-packages/airflow/example_dags/example_setup_teardown_taskflow.py for tasks to queue
[2023-11-18T11:42:55.159+0000] {logging_mixin.py:154} INFO - [2023-11-18T11:42:55.159+0000] {dagbag.py:536} INFO - Filling up the DagBag from /home/airflow/.local/lib/python3.8/site-packages/airflow/example_dags/example_setup_teardown_taskflow.py
[2023-11-18T11:42:55.173+0000] {processor.py:839} INFO - DAG(s) dict_keys(['example_setup_teardown_taskflow']) retrieved from /home/airflow/.local/lib/python3.8/site-packages/airflow/example_dags/example_setup_teardown_taskflow.py
[2023-11-18T11:42:55.193+0000] {logging_mixin.py:154} INFO - [2023-11-18T11:42:55.193+0000] {dag.py:2941} INFO - Sync 1 DAGs
[2023-11-18T11:42:55.209+0000] {logging_mixin.py:154} INFO - [2023-11-18T11:42:55.209+0000] {dag.py:3722} INFO - Setting next_dagrun for example_setup_teardown_taskflow to 2023-11-17T11:42:55.208952+00:00, run_after=2023-11-18T11:42:55.208952+00:00
[2023-11-18T11:42:55.220+0000] {processor.py:179} INFO - Processing /home/airflow/.local/lib/python3.8/site-packages/airflow/example_dags/example_setup_teardown_taskflow.py took 0.071 seconds
[2023-11-18T11:43:25.282+0000] {processor.py:157} INFO - Started process (PID=1238) to work on /home/airflow/.local/lib/python3.8/site-packages/airflow/example_dags/example_setup_teardown_taskflow.py
[2023-11-18T11:43:25.284+0000] {processor.py:829} INFO - Processing file /home/airflow/.local/lib/python3.8/site-packages/airflow/example_dags/example_setup_teardown_taskflow.py for tasks to queue
[2023-11-18T11:43:25.286+0000] {logging_mixin.py:154} INFO - [2023-11-18T11:43:25.286+0000] {dagbag.py:536} INFO - Filling up the DagBag from /home/airflow/.local/lib/python3.8/site-packages/airflow/example_dags/example_setup_teardown_taskflow.py
[2023-11-18T11:43:25.298+0000] {processor.py:839} INFO - DAG(s) dict_keys(['example_setup_teardown_taskflow']) retrieved from /home/airflow/.local/lib/python3.8/site-packages/airflow/example_dags/example_setup_teardown_taskflow.py
[2023-11-18T11:43:25.319+0000] {logging_mixin.py:154} INFO - [2023-11-18T11:43:25.319+0000] {dag.py:2941} INFO - Sync 1 DAGs
[2023-11-18T11:43:25.334+0000] {logging_mixin.py:154} INFO - [2023-11-18T11:43:25.334+0000] {dag.py:3722} INFO - Setting next_dagrun for example_setup_teardown_taskflow to 2023-11-17T11:43:25.334343+00:00, run_after=2023-11-18T11:43:25.334343+00:00
[2023-11-18T11:43:25.345+0000] {processor.py:179} INFO - Processing /home/airflow/.local/lib/python3.8/site-packages/airflow/example_dags/example_setup_teardown_taskflow.py took 0.067 seconds
[2023-11-18T11:43:55.544+0000] {processor.py:157} INFO - Started process (PID=1293) to work on /home/airflow/.local/lib/python3.8/site-packages/airflow/example_dags/example_setup_teardown_taskflow.py
[2023-11-18T11:43:55.546+0000] {processor.py:829} INFO - Processing file /home/airflow/.local/lib/python3.8/site-packages/airflow/example_dags/example_setup_teardown_taskflow.py for tasks to queue
[2023-11-18T11:43:55.549+0000] {logging_mixin.py:154} INFO - [2023-11-18T11:43:55.549+0000] {dagbag.py:536} INFO - Filling up the DagBag from /home/airflow/.local/lib/python3.8/site-packages/airflow/example_dags/example_setup_teardown_taskflow.py
[2023-11-18T11:43:55.558+0000] {processor.py:839} INFO - DAG(s) dict_keys(['example_setup_teardown_taskflow']) retrieved from /home/airflow/.local/lib/python3.8/site-packages/airflow/example_dags/example_setup_teardown_taskflow.py
[2023-11-18T11:43:55.575+0000] {logging_mixin.py:154} INFO - [2023-11-18T11:43:55.575+0000] {dag.py:2941} INFO - Sync 1 DAGs
[2023-11-18T11:43:55.588+0000] {logging_mixin.py:154} INFO - [2023-11-18T11:43:55.588+0000] {dag.py:3722} INFO - Setting next_dagrun for example_setup_teardown_taskflow to 2023-11-17T11:43:55.588542+00:00, run_after=2023-11-18T11:43:55.588542+00:00
[2023-11-18T11:43:55.597+0000] {processor.py:179} INFO - Processing /home/airflow/.local/lib/python3.8/site-packages/airflow/example_dags/example_setup_teardown_taskflow.py took 0.056 seconds
[2023-11-18T11:44:25.784+0000] {processor.py:157} INFO - Started process (PID=1359) to work on /home/airflow/.local/lib/python3.8/site-packages/airflow/example_dags/example_setup_teardown_taskflow.py
[2023-11-18T11:44:25.784+0000] {processor.py:829} INFO - Processing file /home/airflow/.local/lib/python3.8/site-packages/airflow/example_dags/example_setup_teardown_taskflow.py for tasks to queue
[2023-11-18T11:44:25.787+0000] {logging_mixin.py:154} INFO - [2023-11-18T11:44:25.787+0000] {dagbag.py:536} INFO - Filling up the DagBag from /home/airflow/.local/lib/python3.8/site-packages/airflow/example_dags/example_setup_teardown_taskflow.py
[2023-11-18T11:44:25.793+0000] {processor.py:839} INFO - DAG(s) dict_keys(['example_setup_teardown_taskflow']) retrieved from /home/airflow/.local/lib/python3.8/site-packages/airflow/example_dags/example_setup_teardown_taskflow.py
[2023-11-18T11:44:25.806+0000] {logging_mixin.py:154} INFO - [2023-11-18T11:44:25.806+0000] {dag.py:2941} INFO - Sync 1 DAGs
[2023-11-18T11:44:25.817+0000] {logging_mixin.py:154} INFO - [2023-11-18T11:44:25.816+0000] {dag.py:3722} INFO - Setting next_dagrun for example_setup_teardown_taskflow to 2023-11-17T11:44:25.816713+00:00, run_after=2023-11-18T11:44:25.816713+00:00
[2023-11-18T11:44:25.826+0000] {processor.py:179} INFO - Processing /home/airflow/.local/lib/python3.8/site-packages/airflow/example_dags/example_setup_teardown_taskflow.py took 0.044 seconds
[2023-11-18T11:44:56.496+0000] {processor.py:157} INFO - Started process (PID=1416) to work on /home/airflow/.local/lib/python3.8/site-packages/airflow/example_dags/example_setup_teardown_taskflow.py
[2023-11-18T11:44:56.497+0000] {processor.py:829} INFO - Processing file /home/airflow/.local/lib/python3.8/site-packages/airflow/example_dags/example_setup_teardown_taskflow.py for tasks to queue
[2023-11-18T11:44:56.499+0000] {logging_mixin.py:154} INFO - [2023-11-18T11:44:56.499+0000] {dagbag.py:536} INFO - Filling up the DagBag from /home/airflow/.local/lib/python3.8/site-packages/airflow/example_dags/example_setup_teardown_taskflow.py
[2023-11-18T11:44:56.505+0000] {processor.py:839} INFO - DAG(s) dict_keys(['example_setup_teardown_taskflow']) retrieved from /home/airflow/.local/lib/python3.8/site-packages/airflow/example_dags/example_setup_teardown_taskflow.py
[2023-11-18T11:44:56.524+0000] {logging_mixin.py:154} INFO - [2023-11-18T11:44:56.524+0000] {dag.py:2941} INFO - Sync 1 DAGs
[2023-11-18T11:44:56.541+0000] {logging_mixin.py:154} INFO - [2023-11-18T11:44:56.541+0000] {dag.py:3722} INFO - Setting next_dagrun for example_setup_teardown_taskflow to 2023-11-17T11:44:56.541536+00:00, run_after=2023-11-18T11:44:56.541536+00:00
[2023-11-18T11:44:56.552+0000] {processor.py:179} INFO - Processing /home/airflow/.local/lib/python3.8/site-packages/airflow/example_dags/example_setup_teardown_taskflow.py took 0.062 seconds
[2023-11-18T11:45:27.082+0000] {processor.py:157} INFO - Started process (PID=1477) to work on /home/airflow/.local/lib/python3.8/site-packages/airflow/example_dags/example_setup_teardown_taskflow.py
[2023-11-18T11:45:27.083+0000] {processor.py:829} INFO - Processing file /home/airflow/.local/lib/python3.8/site-packages/airflow/example_dags/example_setup_teardown_taskflow.py for tasks to queue
[2023-11-18T11:45:27.084+0000] {logging_mixin.py:154} INFO - [2023-11-18T11:45:27.084+0000] {dagbag.py:536} INFO - Filling up the DagBag from /home/airflow/.local/lib/python3.8/site-packages/airflow/example_dags/example_setup_teardown_taskflow.py
[2023-11-18T11:45:27.090+0000] {processor.py:839} INFO - DAG(s) dict_keys(['example_setup_teardown_taskflow']) retrieved from /home/airflow/.local/lib/python3.8/site-packages/airflow/example_dags/example_setup_teardown_taskflow.py
[2023-11-18T11:45:27.107+0000] {logging_mixin.py:154} INFO - [2023-11-18T11:45:27.106+0000] {dag.py:2941} INFO - Sync 1 DAGs
[2023-11-18T11:45:27.122+0000] {logging_mixin.py:154} INFO - [2023-11-18T11:45:27.122+0000] {dag.py:3722} INFO - Setting next_dagrun for example_setup_teardown_taskflow to 2023-11-17T11:45:27.122156+00:00, run_after=2023-11-18T11:45:27.122156+00:00
[2023-11-18T11:45:27.134+0000] {processor.py:179} INFO - Processing /home/airflow/.local/lib/python3.8/site-packages/airflow/example_dags/example_setup_teardown_taskflow.py took 0.055 seconds
[2023-11-18T11:45:57.372+0000] {processor.py:157} INFO - Started process (PID=1538) to work on /home/airflow/.local/lib/python3.8/site-packages/airflow/example_dags/example_setup_teardown_taskflow.py
[2023-11-18T11:45:57.373+0000] {processor.py:829} INFO - Processing file /home/airflow/.local/lib/python3.8/site-packages/airflow/example_dags/example_setup_teardown_taskflow.py for tasks to queue
[2023-11-18T11:45:57.375+0000] {logging_mixin.py:154} INFO - [2023-11-18T11:45:57.375+0000] {dagbag.py:536} INFO - Filling up the DagBag from /home/airflow/.local/lib/python3.8/site-packages/airflow/example_dags/example_setup_teardown_taskflow.py
[2023-11-18T11:45:57.381+0000] {processor.py:839} INFO - DAG(s) dict_keys(['example_setup_teardown_taskflow']) retrieved from /home/airflow/.local/lib/python3.8/site-packages/airflow/example_dags/example_setup_teardown_taskflow.py
[2023-11-18T11:45:57.394+0000] {logging_mixin.py:154} INFO - [2023-11-18T11:45:57.394+0000] {dag.py:2941} INFO - Sync 1 DAGs
[2023-11-18T11:45:57.406+0000] {logging_mixin.py:154} INFO - [2023-11-18T11:45:57.405+0000] {dag.py:3722} INFO - Setting next_dagrun for example_setup_teardown_taskflow to 2023-11-17T11:45:57.405730+00:00, run_after=2023-11-18T11:45:57.405730+00:00
[2023-11-18T11:45:57.416+0000] {processor.py:179} INFO - Processing /home/airflow/.local/lib/python3.8/site-packages/airflow/example_dags/example_setup_teardown_taskflow.py took 0.046 seconds
[2023-11-18T11:46:27.868+0000] {processor.py:157} INFO - Started process (PID=1599) to work on /home/airflow/.local/lib/python3.8/site-packages/airflow/example_dags/example_setup_teardown_taskflow.py
[2023-11-18T11:46:27.870+0000] {processor.py:829} INFO - Processing file /home/airflow/.local/lib/python3.8/site-packages/airflow/example_dags/example_setup_teardown_taskflow.py for tasks to queue
[2023-11-18T11:46:27.874+0000] {logging_mixin.py:154} INFO - [2023-11-18T11:46:27.873+0000] {dagbag.py:536} INFO - Filling up the DagBag from /home/airflow/.local/lib/python3.8/site-packages/airflow/example_dags/example_setup_teardown_taskflow.py
[2023-11-18T11:46:27.885+0000] {processor.py:839} INFO - DAG(s) dict_keys(['example_setup_teardown_taskflow']) retrieved from /home/airflow/.local/lib/python3.8/site-packages/airflow/example_dags/example_setup_teardown_taskflow.py
[2023-11-18T11:46:27.904+0000] {logging_mixin.py:154} INFO - [2023-11-18T11:46:27.904+0000] {dag.py:2941} INFO - Sync 1 DAGs
[2023-11-18T11:46:27.921+0000] {logging_mixin.py:154} INFO - [2023-11-18T11:46:27.921+0000] {dag.py:3722} INFO - Setting next_dagrun for example_setup_teardown_taskflow to 2023-11-17T11:46:27.921255+00:00, run_after=2023-11-18T11:46:27.921255+00:00
[2023-11-18T11:46:27.939+0000] {processor.py:179} INFO - Processing /home/airflow/.local/lib/python3.8/site-packages/airflow/example_dags/example_setup_teardown_taskflow.py took 0.083 seconds
[2023-11-18T11:46:58.260+0000] {processor.py:157} INFO - Started process (PID=1660) to work on /home/airflow/.local/lib/python3.8/site-packages/airflow/example_dags/example_setup_teardown_taskflow.py
[2023-11-18T11:46:58.261+0000] {processor.py:829} INFO - Processing file /home/airflow/.local/lib/python3.8/site-packages/airflow/example_dags/example_setup_teardown_taskflow.py for tasks to queue
[2023-11-18T11:46:58.263+0000] {logging_mixin.py:154} INFO - [2023-11-18T11:46:58.263+0000] {dagbag.py:536} INFO - Filling up the DagBag from /home/airflow/.local/lib/python3.8/site-packages/airflow/example_dags/example_setup_teardown_taskflow.py
[2023-11-18T11:46:58.269+0000] {processor.py:839} INFO - DAG(s) dict_keys(['example_setup_teardown_taskflow']) retrieved from /home/airflow/.local/lib/python3.8/site-packages/airflow/example_dags/example_setup_teardown_taskflow.py
[2023-11-18T11:46:58.284+0000] {logging_mixin.py:154} INFO - [2023-11-18T11:46:58.284+0000] {dag.py:2941} INFO - Sync 1 DAGs
[2023-11-18T11:46:58.297+0000] {logging_mixin.py:154} INFO - [2023-11-18T11:46:58.297+0000] {dag.py:3722} INFO - Setting next_dagrun for example_setup_teardown_taskflow to 2023-11-17T11:46:58.297112+00:00, run_after=2023-11-18T11:46:58.297112+00:00
[2023-11-18T11:46:58.306+0000] {processor.py:179} INFO - Processing /home/airflow/.local/lib/python3.8/site-packages/airflow/example_dags/example_setup_teardown_taskflow.py took 0.049 seconds
