[2023-11-18T00:12:01.296+0000] {processor.py:157} INFO - Started process (PID=63) to work on /home/airflow/.local/lib/python3.8/site-packages/airflow/example_dags/example_skip_dag.py
[2023-11-18T00:12:01.349+0000] {processor.py:829} INFO - Processing file /home/airflow/.local/lib/python3.8/site-packages/airflow/example_dags/example_skip_dag.py for tasks to queue
[2023-11-18T00:12:01.362+0000] {logging_mixin.py:154} INFO - [2023-11-18T00:12:01.362+0000] {dagbag.py:536} INFO - Filling up the DagBag from /home/airflow/.local/lib/python3.8/site-packages/airflow/example_dags/example_skip_dag.py
[2023-11-18T00:12:01.391+0000] {processor.py:839} INFO - DAG(s) dict_keys(['example_skip_dag']) retrieved from /home/airflow/.local/lib/python3.8/site-packages/airflow/example_dags/example_skip_dag.py
[2023-11-18T00:12:01.484+0000] {logging_mixin.py:154} INFO - [2023-11-18T00:12:01.484+0000] {dag.py:2941} INFO - Sync 1 DAGs
[2023-11-18T00:12:01.577+0000] {logging_mixin.py:154} INFO - [2023-11-18T00:12:01.577+0000] {dag.py:3722} INFO - Setting next_dagrun for example_skip_dag to 2023-11-17T00:12:01.576684+00:00, run_after=2023-11-18T00:12:01.576684+00:00
[2023-11-18T00:12:01.711+0000] {processor.py:179} INFO - Processing /home/airflow/.local/lib/python3.8/site-packages/airflow/example_dags/example_skip_dag.py took 0.419 seconds
[2023-11-18T00:12:34.745+0000] {processor.py:157} INFO - Started process (PID=117) to work on /home/airflow/.local/lib/python3.8/site-packages/airflow/example_dags/example_skip_dag.py
[2023-11-18T00:12:34.747+0000] {processor.py:829} INFO - Processing file /home/airflow/.local/lib/python3.8/site-packages/airflow/example_dags/example_skip_dag.py for tasks to queue
[2023-11-18T00:12:34.752+0000] {logging_mixin.py:154} INFO - [2023-11-18T00:12:34.751+0000] {dagbag.py:536} INFO - Filling up the DagBag from /home/airflow/.local/lib/python3.8/site-packages/airflow/example_dags/example_skip_dag.py
[2023-11-18T00:12:34.763+0000] {processor.py:839} INFO - DAG(s) dict_keys(['example_skip_dag']) retrieved from /home/airflow/.local/lib/python3.8/site-packages/airflow/example_dags/example_skip_dag.py
[2023-11-18T00:12:34.810+0000] {logging_mixin.py:154} INFO - [2023-11-18T00:12:34.809+0000] {dag.py:2941} INFO - Sync 1 DAGs
[2023-11-18T00:12:34.851+0000] {logging_mixin.py:154} INFO - [2023-11-18T00:12:34.851+0000] {dag.py:3722} INFO - Setting next_dagrun for example_skip_dag to 2023-11-17T00:12:34.851073+00:00, run_after=2023-11-18T00:12:34.851073+00:00
[2023-11-18T00:12:34.889+0000] {processor.py:179} INFO - Processing /home/airflow/.local/lib/python3.8/site-packages/airflow/example_dags/example_skip_dag.py took 0.150 seconds
[2023-11-18T00:13:05.675+0000] {processor.py:157} INFO - Started process (PID=171) to work on /home/airflow/.local/lib/python3.8/site-packages/airflow/example_dags/example_skip_dag.py
[2023-11-18T00:13:05.679+0000] {processor.py:829} INFO - Processing file /home/airflow/.local/lib/python3.8/site-packages/airflow/example_dags/example_skip_dag.py for tasks to queue
[2023-11-18T00:13:05.681+0000] {logging_mixin.py:154} INFO - [2023-11-18T00:13:05.680+0000] {dagbag.py:536} INFO - Filling up the DagBag from /home/airflow/.local/lib/python3.8/site-packages/airflow/example_dags/example_skip_dag.py
[2023-11-18T00:13:05.689+0000] {processor.py:839} INFO - DAG(s) dict_keys(['example_skip_dag']) retrieved from /home/airflow/.local/lib/python3.8/site-packages/airflow/example_dags/example_skip_dag.py
[2023-11-18T00:13:05.706+0000] {logging_mixin.py:154} INFO - [2023-11-18T00:13:05.706+0000] {dag.py:2941} INFO - Sync 1 DAGs
[2023-11-18T00:13:05.722+0000] {logging_mixin.py:154} INFO - [2023-11-18T00:13:05.722+0000] {dag.py:3722} INFO - Setting next_dagrun for example_skip_dag to 2023-11-17T00:13:05.722585+00:00, run_after=2023-11-18T00:13:05.722585+00:00
[2023-11-18T00:13:05.768+0000] {processor.py:179} INFO - Processing /home/airflow/.local/lib/python3.8/site-packages/airflow/example_dags/example_skip_dag.py took 0.098 seconds
[2023-11-18T00:13:36.251+0000] {processor.py:157} INFO - Started process (PID=225) to work on /home/airflow/.local/lib/python3.8/site-packages/airflow/example_dags/example_skip_dag.py
[2023-11-18T00:13:36.252+0000] {processor.py:829} INFO - Processing file /home/airflow/.local/lib/python3.8/site-packages/airflow/example_dags/example_skip_dag.py for tasks to queue
[2023-11-18T00:13:36.253+0000] {logging_mixin.py:154} INFO - [2023-11-18T00:13:36.253+0000] {dagbag.py:536} INFO - Filling up the DagBag from /home/airflow/.local/lib/python3.8/site-packages/airflow/example_dags/example_skip_dag.py
[2023-11-18T00:13:36.258+0000] {processor.py:839} INFO - DAG(s) dict_keys(['example_skip_dag']) retrieved from /home/airflow/.local/lib/python3.8/site-packages/airflow/example_dags/example_skip_dag.py
[2023-11-18T00:13:36.270+0000] {logging_mixin.py:154} INFO - [2023-11-18T00:13:36.270+0000] {dag.py:2941} INFO - Sync 1 DAGs
[2023-11-18T00:13:36.282+0000] {logging_mixin.py:154} INFO - [2023-11-18T00:13:36.282+0000] {dag.py:3722} INFO - Setting next_dagrun for example_skip_dag to 2023-11-17T00:13:36.282345+00:00, run_after=2023-11-18T00:13:36.282345+00:00
[2023-11-18T00:13:36.291+0000] {processor.py:179} INFO - Processing /home/airflow/.local/lib/python3.8/site-packages/airflow/example_dags/example_skip_dag.py took 0.041 seconds
