[2023-11-18T11:32:29.523+0000] {processor.py:157} INFO - Started process (PID=55) to work on /home/airflow/.local/lib/python3.8/site-packages/airflow/example_dags/example_sla_dag.py
[2023-11-18T11:32:29.524+0000] {processor.py:829} INFO - Processing file /home/airflow/.local/lib/python3.8/site-packages/airflow/example_dags/example_sla_dag.py for tasks to queue
[2023-11-18T11:32:29.532+0000] {logging_mixin.py:154} INFO - [2023-11-18T11:32:29.531+0000] {dagbag.py:536} INFO - Filling up the DagBag from /home/airflow/.local/lib/python3.8/site-packages/airflow/example_dags/example_sla_dag.py
[2023-11-18T11:32:29.821+0000] {processor.py:839} INFO - DAG(s) dict_keys(['example_sla_dag']) retrieved from /home/airflow/.local/lib/python3.8/site-packages/airflow/example_dags/example_sla_dag.py
[2023-11-18T11:32:30.240+0000] {logging_mixin.py:154} INFO - [2023-11-18T11:32:30.240+0000] {dag.py:2941} INFO - Sync 1 DAGs
[2023-11-18T11:32:30.945+0000] {logging_mixin.py:154} INFO - [2023-11-18T11:32:30.931+0000] {dag.py:3722} INFO - Setting next_dagrun for example_sla_dag to 2023-11-18T11:30:00+00:00, run_after=2023-11-18T11:32:00+00:00
[2023-11-18T11:32:31.406+0000] {processor.py:179} INFO - Processing /home/airflow/.local/lib/python3.8/site-packages/airflow/example_dags/example_sla_dag.py took 1.865 seconds
[2023-11-18T11:33:01.905+0000] {processor.py:157} INFO - Started process (PID=111) to work on /home/airflow/.local/lib/python3.8/site-packages/airflow/example_dags/example_sla_dag.py
[2023-11-18T11:33:01.907+0000] {processor.py:829} INFO - Processing file /home/airflow/.local/lib/python3.8/site-packages/airflow/example_dags/example_sla_dag.py for tasks to queue
[2023-11-18T11:33:01.911+0000] {logging_mixin.py:154} INFO - [2023-11-18T11:33:01.911+0000] {dagbag.py:536} INFO - Filling up the DagBag from /home/airflow/.local/lib/python3.8/site-packages/airflow/example_dags/example_sla_dag.py
[2023-11-18T11:33:01.944+0000] {processor.py:839} INFO - DAG(s) dict_keys(['example_sla_dag']) retrieved from /home/airflow/.local/lib/python3.8/site-packages/airflow/example_dags/example_sla_dag.py
[2023-11-18T11:33:02.123+0000] {logging_mixin.py:154} INFO - [2023-11-18T11:33:02.123+0000] {dag.py:2941} INFO - Sync 1 DAGs
[2023-11-18T11:33:02.184+0000] {logging_mixin.py:154} INFO - [2023-11-18T11:33:02.181+0000] {dag.py:3722} INFO - Setting next_dagrun for example_sla_dag to 2023-11-18T11:30:00+00:00, run_after=2023-11-18T11:32:00+00:00
[2023-11-18T11:33:02.206+0000] {processor.py:179} INFO - Processing /home/airflow/.local/lib/python3.8/site-packages/airflow/example_dags/example_sla_dag.py took 0.311 seconds
[2023-11-18T11:33:33.111+0000] {processor.py:157} INFO - Started process (PID=167) to work on /home/airflow/.local/lib/python3.8/site-packages/airflow/example_dags/example_sla_dag.py
[2023-11-18T11:33:33.118+0000] {processor.py:829} INFO - Processing file /home/airflow/.local/lib/python3.8/site-packages/airflow/example_dags/example_sla_dag.py for tasks to queue
[2023-11-18T11:33:33.124+0000] {logging_mixin.py:154} INFO - [2023-11-18T11:33:33.124+0000] {dagbag.py:536} INFO - Filling up the DagBag from /home/airflow/.local/lib/python3.8/site-packages/airflow/example_dags/example_sla_dag.py
[2023-11-18T11:33:33.141+0000] {processor.py:839} INFO - DAG(s) dict_keys(['example_sla_dag']) retrieved from /home/airflow/.local/lib/python3.8/site-packages/airflow/example_dags/example_sla_dag.py
[2023-11-18T11:33:33.203+0000] {logging_mixin.py:154} INFO - [2023-11-18T11:33:33.202+0000] {dag.py:2941} INFO - Sync 1 DAGs
[2023-11-18T11:33:33.231+0000] {logging_mixin.py:154} INFO - [2023-11-18T11:33:33.231+0000] {dag.py:3722} INFO - Setting next_dagrun for example_sla_dag to 2023-11-18T11:30:00+00:00, run_after=2023-11-18T11:32:00+00:00
[2023-11-18T11:33:33.259+0000] {processor.py:179} INFO - Processing /home/airflow/.local/lib/python3.8/site-packages/airflow/example_dags/example_sla_dag.py took 0.164 seconds
[2023-11-18T11:34:04.138+0000] {processor.py:157} INFO - Started process (PID=222) to work on /home/airflow/.local/lib/python3.8/site-packages/airflow/example_dags/example_sla_dag.py
[2023-11-18T11:34:04.142+0000] {processor.py:829} INFO - Processing file /home/airflow/.local/lib/python3.8/site-packages/airflow/example_dags/example_sla_dag.py for tasks to queue
[2023-11-18T11:34:04.152+0000] {logging_mixin.py:154} INFO - [2023-11-18T11:34:04.152+0000] {dagbag.py:536} INFO - Filling up the DagBag from /home/airflow/.local/lib/python3.8/site-packages/airflow/example_dags/example_sla_dag.py
[2023-11-18T11:34:04.174+0000] {processor.py:839} INFO - DAG(s) dict_keys(['example_sla_dag']) retrieved from /home/airflow/.local/lib/python3.8/site-packages/airflow/example_dags/example_sla_dag.py
[2023-11-18T11:34:04.198+0000] {logging_mixin.py:154} INFO - [2023-11-18T11:34:04.198+0000] {dag.py:2941} INFO - Sync 1 DAGs
[2023-11-18T11:34:04.218+0000] {logging_mixin.py:154} INFO - [2023-11-18T11:34:04.218+0000] {dag.py:3722} INFO - Setting next_dagrun for example_sla_dag to 2023-11-18T11:32:00+00:00, run_after=2023-11-18T11:34:00+00:00
[2023-11-18T11:34:04.229+0000] {processor.py:179} INFO - Processing /home/airflow/.local/lib/python3.8/site-packages/airflow/example_dags/example_sla_dag.py took 0.097 seconds
[2023-11-18T11:34:34.468+0000] {processor.py:157} INFO - Started process (PID=277) to work on /home/airflow/.local/lib/python3.8/site-packages/airflow/example_dags/example_sla_dag.py
[2023-11-18T11:34:34.473+0000] {processor.py:829} INFO - Processing file /home/airflow/.local/lib/python3.8/site-packages/airflow/example_dags/example_sla_dag.py for tasks to queue
[2023-11-18T11:34:34.479+0000] {logging_mixin.py:154} INFO - [2023-11-18T11:34:34.479+0000] {dagbag.py:536} INFO - Filling up the DagBag from /home/airflow/.local/lib/python3.8/site-packages/airflow/example_dags/example_sla_dag.py
[2023-11-18T11:34:34.498+0000] {processor.py:839} INFO - DAG(s) dict_keys(['example_sla_dag']) retrieved from /home/airflow/.local/lib/python3.8/site-packages/airflow/example_dags/example_sla_dag.py
[2023-11-18T11:34:34.544+0000] {logging_mixin.py:154} INFO - [2023-11-18T11:34:34.544+0000] {dag.py:2941} INFO - Sync 1 DAGs
[2023-11-18T11:34:34.583+0000] {logging_mixin.py:154} INFO - [2023-11-18T11:34:34.582+0000] {dag.py:3722} INFO - Setting next_dagrun for example_sla_dag to 2023-11-18T11:32:00+00:00, run_after=2023-11-18T11:34:00+00:00
[2023-11-18T11:34:34.598+0000] {processor.py:179} INFO - Processing /home/airflow/.local/lib/python3.8/site-packages/airflow/example_dags/example_sla_dag.py took 0.139 seconds
[2023-11-18T11:35:05.220+0000] {processor.py:157} INFO - Started process (PID=332) to work on /home/airflow/.local/lib/python3.8/site-packages/airflow/example_dags/example_sla_dag.py
[2023-11-18T11:35:05.221+0000] {processor.py:829} INFO - Processing file /home/airflow/.local/lib/python3.8/site-packages/airflow/example_dags/example_sla_dag.py for tasks to queue
[2023-11-18T11:35:05.222+0000] {logging_mixin.py:154} INFO - [2023-11-18T11:35:05.222+0000] {dagbag.py:536} INFO - Filling up the DagBag from /home/airflow/.local/lib/python3.8/site-packages/airflow/example_dags/example_sla_dag.py
[2023-11-18T11:35:05.228+0000] {processor.py:839} INFO - DAG(s) dict_keys(['example_sla_dag']) retrieved from /home/airflow/.local/lib/python3.8/site-packages/airflow/example_dags/example_sla_dag.py
[2023-11-18T11:35:05.239+0000] {logging_mixin.py:154} INFO - [2023-11-18T11:35:05.239+0000] {dag.py:2941} INFO - Sync 1 DAGs
[2023-11-18T11:35:05.252+0000] {logging_mixin.py:154} INFO - [2023-11-18T11:35:05.251+0000] {dag.py:3722} INFO - Setting next_dagrun for example_sla_dag to 2023-11-18T11:32:00+00:00, run_after=2023-11-18T11:34:00+00:00
[2023-11-18T11:35:05.261+0000] {processor.py:179} INFO - Processing /home/airflow/.local/lib/python3.8/site-packages/airflow/example_dags/example_sla_dag.py took 0.043 seconds
[2023-11-18T11:35:35.406+0000] {processor.py:157} INFO - Started process (PID=388) to work on /home/airflow/.local/lib/python3.8/site-packages/airflow/example_dags/example_sla_dag.py
[2023-11-18T11:35:35.407+0000] {processor.py:829} INFO - Processing file /home/airflow/.local/lib/python3.8/site-packages/airflow/example_dags/example_sla_dag.py for tasks to queue
[2023-11-18T11:35:35.409+0000] {logging_mixin.py:154} INFO - [2023-11-18T11:35:35.409+0000] {dagbag.py:536} INFO - Filling up the DagBag from /home/airflow/.local/lib/python3.8/site-packages/airflow/example_dags/example_sla_dag.py
[2023-11-18T11:35:35.416+0000] {processor.py:839} INFO - DAG(s) dict_keys(['example_sla_dag']) retrieved from /home/airflow/.local/lib/python3.8/site-packages/airflow/example_dags/example_sla_dag.py
[2023-11-18T11:35:35.430+0000] {logging_mixin.py:154} INFO - [2023-11-18T11:35:35.430+0000] {dag.py:2941} INFO - Sync 1 DAGs
[2023-11-18T11:35:35.444+0000] {logging_mixin.py:154} INFO - [2023-11-18T11:35:35.444+0000] {dag.py:3722} INFO - Setting next_dagrun for example_sla_dag to 2023-11-18T11:32:00+00:00, run_after=2023-11-18T11:34:00+00:00
[2023-11-18T11:35:35.454+0000] {processor.py:179} INFO - Processing /home/airflow/.local/lib/python3.8/site-packages/airflow/example_dags/example_sla_dag.py took 0.052 seconds
[2023-11-18T11:36:06.295+0000] {processor.py:157} INFO - Started process (PID=441) to work on /home/airflow/.local/lib/python3.8/site-packages/airflow/example_dags/example_sla_dag.py
[2023-11-18T11:36:06.297+0000] {processor.py:829} INFO - Processing file /home/airflow/.local/lib/python3.8/site-packages/airflow/example_dags/example_sla_dag.py for tasks to queue
[2023-11-18T11:36:06.302+0000] {logging_mixin.py:154} INFO - [2023-11-18T11:36:06.302+0000] {dagbag.py:536} INFO - Filling up the DagBag from /home/airflow/.local/lib/python3.8/site-packages/airflow/example_dags/example_sla_dag.py
[2023-11-18T11:36:06.313+0000] {processor.py:839} INFO - DAG(s) dict_keys(['example_sla_dag']) retrieved from /home/airflow/.local/lib/python3.8/site-packages/airflow/example_dags/example_sla_dag.py
[2023-11-18T11:36:06.333+0000] {logging_mixin.py:154} INFO - [2023-11-18T11:36:06.333+0000] {dag.py:2941} INFO - Sync 1 DAGs
[2023-11-18T11:36:06.351+0000] {logging_mixin.py:154} INFO - [2023-11-18T11:36:06.351+0000] {dag.py:3722} INFO - Setting next_dagrun for example_sla_dag to 2023-11-18T11:34:00+00:00, run_after=2023-11-18T11:36:00+00:00
[2023-11-18T11:36:06.361+0000] {processor.py:179} INFO - Processing /home/airflow/.local/lib/python3.8/site-packages/airflow/example_dags/example_sla_dag.py took 0.074 seconds
[2023-11-18T11:36:36.428+0000] {processor.py:157} INFO - Started process (PID=496) to work on /home/airflow/.local/lib/python3.8/site-packages/airflow/example_dags/example_sla_dag.py
[2023-11-18T11:36:36.429+0000] {processor.py:829} INFO - Processing file /home/airflow/.local/lib/python3.8/site-packages/airflow/example_dags/example_sla_dag.py for tasks to queue
[2023-11-18T11:36:36.432+0000] {logging_mixin.py:154} INFO - [2023-11-18T11:36:36.431+0000] {dagbag.py:536} INFO - Filling up the DagBag from /home/airflow/.local/lib/python3.8/site-packages/airflow/example_dags/example_sla_dag.py
[2023-11-18T11:36:36.439+0000] {processor.py:839} INFO - DAG(s) dict_keys(['example_sla_dag']) retrieved from /home/airflow/.local/lib/python3.8/site-packages/airflow/example_dags/example_sla_dag.py
[2023-11-18T11:36:36.454+0000] {logging_mixin.py:154} INFO - [2023-11-18T11:36:36.454+0000] {dag.py:2941} INFO - Sync 1 DAGs
[2023-11-18T11:36:36.469+0000] {logging_mixin.py:154} INFO - [2023-11-18T11:36:36.469+0000] {dag.py:3722} INFO - Setting next_dagrun for example_sla_dag to 2023-11-18T11:34:00+00:00, run_after=2023-11-18T11:36:00+00:00
[2023-11-18T11:36:36.478+0000] {processor.py:179} INFO - Processing /home/airflow/.local/lib/python3.8/site-packages/airflow/example_dags/example_sla_dag.py took 0.054 seconds
[2023-11-18T11:37:07.024+0000] {processor.py:157} INFO - Started process (PID=551) to work on /home/airflow/.local/lib/python3.8/site-packages/airflow/example_dags/example_sla_dag.py
[2023-11-18T11:37:07.025+0000] {processor.py:829} INFO - Processing file /home/airflow/.local/lib/python3.8/site-packages/airflow/example_dags/example_sla_dag.py for tasks to queue
[2023-11-18T11:37:07.028+0000] {logging_mixin.py:154} INFO - [2023-11-18T11:37:07.027+0000] {dagbag.py:536} INFO - Filling up the DagBag from /home/airflow/.local/lib/python3.8/site-packages/airflow/example_dags/example_sla_dag.py
[2023-11-18T11:37:07.035+0000] {processor.py:839} INFO - DAG(s) dict_keys(['example_sla_dag']) retrieved from /home/airflow/.local/lib/python3.8/site-packages/airflow/example_dags/example_sla_dag.py
[2023-11-18T11:37:07.053+0000] {logging_mixin.py:154} INFO - [2023-11-18T11:37:07.053+0000] {dag.py:2941} INFO - Sync 1 DAGs
[2023-11-18T11:37:07.073+0000] {logging_mixin.py:154} INFO - [2023-11-18T11:37:07.073+0000] {dag.py:3722} INFO - Setting next_dagrun for example_sla_dag to 2023-11-18T11:34:00+00:00, run_after=2023-11-18T11:36:00+00:00
[2023-11-18T11:37:07.084+0000] {processor.py:179} INFO - Processing /home/airflow/.local/lib/python3.8/site-packages/airflow/example_dags/example_sla_dag.py took 0.065 seconds
[2023-11-18T11:37:37.922+0000] {processor.py:157} INFO - Started process (PID=606) to work on /home/airflow/.local/lib/python3.8/site-packages/airflow/example_dags/example_sla_dag.py
[2023-11-18T11:37:37.924+0000] {processor.py:829} INFO - Processing file /home/airflow/.local/lib/python3.8/site-packages/airflow/example_dags/example_sla_dag.py for tasks to queue
[2023-11-18T11:37:37.926+0000] {logging_mixin.py:154} INFO - [2023-11-18T11:37:37.926+0000] {dagbag.py:536} INFO - Filling up the DagBag from /home/airflow/.local/lib/python3.8/site-packages/airflow/example_dags/example_sla_dag.py
[2023-11-18T11:37:37.933+0000] {processor.py:839} INFO - DAG(s) dict_keys(['example_sla_dag']) retrieved from /home/airflow/.local/lib/python3.8/site-packages/airflow/example_dags/example_sla_dag.py
[2023-11-18T11:37:37.948+0000] {logging_mixin.py:154} INFO - [2023-11-18T11:37:37.948+0000] {dag.py:2941} INFO - Sync 1 DAGs
[2023-11-18T11:37:37.966+0000] {logging_mixin.py:154} INFO - [2023-11-18T11:37:37.966+0000] {dag.py:3722} INFO - Setting next_dagrun for example_sla_dag to 2023-11-18T11:34:00+00:00, run_after=2023-11-18T11:36:00+00:00
[2023-11-18T11:37:37.977+0000] {processor.py:179} INFO - Processing /home/airflow/.local/lib/python3.8/site-packages/airflow/example_dags/example_sla_dag.py took 0.059 seconds
[2023-11-18T11:38:08.041+0000] {processor.py:157} INFO - Started process (PID=661) to work on /home/airflow/.local/lib/python3.8/site-packages/airflow/example_dags/example_sla_dag.py
[2023-11-18T11:38:08.041+0000] {processor.py:829} INFO - Processing file /home/airflow/.local/lib/python3.8/site-packages/airflow/example_dags/example_sla_dag.py for tasks to queue
[2023-11-18T11:38:08.043+0000] {logging_mixin.py:154} INFO - [2023-11-18T11:38:08.043+0000] {dagbag.py:536} INFO - Filling up the DagBag from /home/airflow/.local/lib/python3.8/site-packages/airflow/example_dags/example_sla_dag.py
[2023-11-18T11:38:08.051+0000] {processor.py:839} INFO - DAG(s) dict_keys(['example_sla_dag']) retrieved from /home/airflow/.local/lib/python3.8/site-packages/airflow/example_dags/example_sla_dag.py
[2023-11-18T11:38:08.064+0000] {logging_mixin.py:154} INFO - [2023-11-18T11:38:08.064+0000] {dag.py:2941} INFO - Sync 1 DAGs
[2023-11-18T11:38:08.078+0000] {logging_mixin.py:154} INFO - [2023-11-18T11:38:08.078+0000] {dag.py:3722} INFO - Setting next_dagrun for example_sla_dag to 2023-11-18T11:36:00+00:00, run_after=2023-11-18T11:38:00+00:00
[2023-11-18T11:38:08.087+0000] {processor.py:179} INFO - Processing /home/airflow/.local/lib/python3.8/site-packages/airflow/example_dags/example_sla_dag.py took 0.050 seconds
[2023-11-18T11:38:38.888+0000] {processor.py:157} INFO - Started process (PID=716) to work on /home/airflow/.local/lib/python3.8/site-packages/airflow/example_dags/example_sla_dag.py
[2023-11-18T11:38:38.890+0000] {processor.py:829} INFO - Processing file /home/airflow/.local/lib/python3.8/site-packages/airflow/example_dags/example_sla_dag.py for tasks to queue
[2023-11-18T11:38:38.893+0000] {logging_mixin.py:154} INFO - [2023-11-18T11:38:38.893+0000] {dagbag.py:536} INFO - Filling up the DagBag from /home/airflow/.local/lib/python3.8/site-packages/airflow/example_dags/example_sla_dag.py
[2023-11-18T11:38:38.903+0000] {processor.py:839} INFO - DAG(s) dict_keys(['example_sla_dag']) retrieved from /home/airflow/.local/lib/python3.8/site-packages/airflow/example_dags/example_sla_dag.py
[2023-11-18T11:38:38.921+0000] {logging_mixin.py:154} INFO - [2023-11-18T11:38:38.921+0000] {dag.py:2941} INFO - Sync 1 DAGs
[2023-11-18T11:38:38.937+0000] {logging_mixin.py:154} INFO - [2023-11-18T11:38:38.937+0000] {dag.py:3722} INFO - Setting next_dagrun for example_sla_dag to 2023-11-18T11:36:00+00:00, run_after=2023-11-18T11:38:00+00:00
[2023-11-18T11:38:38.948+0000] {processor.py:179} INFO - Processing /home/airflow/.local/lib/python3.8/site-packages/airflow/example_dags/example_sla_dag.py took 0.065 seconds
[2023-11-18T11:39:09.192+0000] {processor.py:157} INFO - Started process (PID=771) to work on /home/airflow/.local/lib/python3.8/site-packages/airflow/example_dags/example_sla_dag.py
[2023-11-18T11:39:09.195+0000] {processor.py:829} INFO - Processing file /home/airflow/.local/lib/python3.8/site-packages/airflow/example_dags/example_sla_dag.py for tasks to queue
[2023-11-18T11:39:09.201+0000] {logging_mixin.py:154} INFO - [2023-11-18T11:39:09.200+0000] {dagbag.py:536} INFO - Filling up the DagBag from /home/airflow/.local/lib/python3.8/site-packages/airflow/example_dags/example_sla_dag.py
[2023-11-18T11:39:09.212+0000] {processor.py:839} INFO - DAG(s) dict_keys(['example_sla_dag']) retrieved from /home/airflow/.local/lib/python3.8/site-packages/airflow/example_dags/example_sla_dag.py
[2023-11-18T11:39:09.233+0000] {logging_mixin.py:154} INFO - [2023-11-18T11:39:09.233+0000] {dag.py:2941} INFO - Sync 1 DAGs
[2023-11-18T11:39:09.254+0000] {logging_mixin.py:154} INFO - [2023-11-18T11:39:09.254+0000] {dag.py:3722} INFO - Setting next_dagrun for example_sla_dag to 2023-11-18T11:36:00+00:00, run_after=2023-11-18T11:38:00+00:00
[2023-11-18T11:39:09.265+0000] {processor.py:179} INFO - Processing /home/airflow/.local/lib/python3.8/site-packages/airflow/example_dags/example_sla_dag.py took 0.081 seconds
[2023-11-18T11:39:39.383+0000] {processor.py:157} INFO - Started process (PID=826) to work on /home/airflow/.local/lib/python3.8/site-packages/airflow/example_dags/example_sla_dag.py
[2023-11-18T11:39:39.385+0000] {processor.py:829} INFO - Processing file /home/airflow/.local/lib/python3.8/site-packages/airflow/example_dags/example_sla_dag.py for tasks to queue
[2023-11-18T11:39:39.388+0000] {logging_mixin.py:154} INFO - [2023-11-18T11:39:39.387+0000] {dagbag.py:536} INFO - Filling up the DagBag from /home/airflow/.local/lib/python3.8/site-packages/airflow/example_dags/example_sla_dag.py
[2023-11-18T11:39:39.398+0000] {processor.py:839} INFO - DAG(s) dict_keys(['example_sla_dag']) retrieved from /home/airflow/.local/lib/python3.8/site-packages/airflow/example_dags/example_sla_dag.py
[2023-11-18T11:39:39.418+0000] {logging_mixin.py:154} INFO - [2023-11-18T11:39:39.418+0000] {dag.py:2941} INFO - Sync 1 DAGs
[2023-11-18T11:39:39.438+0000] {logging_mixin.py:154} INFO - [2023-11-18T11:39:39.437+0000] {dag.py:3722} INFO - Setting next_dagrun for example_sla_dag to 2023-11-18T11:36:00+00:00, run_after=2023-11-18T11:38:00+00:00
[2023-11-18T11:39:39.448+0000] {processor.py:179} INFO - Processing /home/airflow/.local/lib/python3.8/site-packages/airflow/example_dags/example_sla_dag.py took 0.071 seconds
[2023-11-18T11:40:09.631+0000] {processor.py:157} INFO - Started process (PID=881) to work on /home/airflow/.local/lib/python3.8/site-packages/airflow/example_dags/example_sla_dag.py
[2023-11-18T11:40:09.634+0000] {processor.py:829} INFO - Processing file /home/airflow/.local/lib/python3.8/site-packages/airflow/example_dags/example_sla_dag.py for tasks to queue
[2023-11-18T11:40:09.638+0000] {logging_mixin.py:154} INFO - [2023-11-18T11:40:09.637+0000] {dagbag.py:536} INFO - Filling up the DagBag from /home/airflow/.local/lib/python3.8/site-packages/airflow/example_dags/example_sla_dag.py
[2023-11-18T11:40:09.648+0000] {processor.py:839} INFO - DAG(s) dict_keys(['example_sla_dag']) retrieved from /home/airflow/.local/lib/python3.8/site-packages/airflow/example_dags/example_sla_dag.py
[2023-11-18T11:40:09.669+0000] {logging_mixin.py:154} INFO - [2023-11-18T11:40:09.668+0000] {dag.py:2941} INFO - Sync 1 DAGs
[2023-11-18T11:40:09.690+0000] {logging_mixin.py:154} INFO - [2023-11-18T11:40:09.689+0000] {dag.py:3722} INFO - Setting next_dagrun for example_sla_dag to 2023-11-18T11:38:00+00:00, run_after=2023-11-18T11:40:00+00:00
[2023-11-18T11:40:09.705+0000] {processor.py:179} INFO - Processing /home/airflow/.local/lib/python3.8/site-packages/airflow/example_dags/example_sla_dag.py took 0.082 seconds
[2023-11-18T11:40:40.396+0000] {processor.py:157} INFO - Started process (PID=936) to work on /home/airflow/.local/lib/python3.8/site-packages/airflow/example_dags/example_sla_dag.py
[2023-11-18T11:40:40.399+0000] {processor.py:829} INFO - Processing file /home/airflow/.local/lib/python3.8/site-packages/airflow/example_dags/example_sla_dag.py for tasks to queue
[2023-11-18T11:40:40.403+0000] {logging_mixin.py:154} INFO - [2023-11-18T11:40:40.403+0000] {dagbag.py:536} INFO - Filling up the DagBag from /home/airflow/.local/lib/python3.8/site-packages/airflow/example_dags/example_sla_dag.py
[2023-11-18T11:40:40.414+0000] {processor.py:839} INFO - DAG(s) dict_keys(['example_sla_dag']) retrieved from /home/airflow/.local/lib/python3.8/site-packages/airflow/example_dags/example_sla_dag.py
[2023-11-18T11:40:40.437+0000] {logging_mixin.py:154} INFO - [2023-11-18T11:40:40.437+0000] {dag.py:2941} INFO - Sync 1 DAGs
[2023-11-18T11:40:40.455+0000] {logging_mixin.py:154} INFO - [2023-11-18T11:40:40.455+0000] {dag.py:3722} INFO - Setting next_dagrun for example_sla_dag to 2023-11-18T11:38:00+00:00, run_after=2023-11-18T11:40:00+00:00
[2023-11-18T11:40:40.465+0000] {processor.py:179} INFO - Processing /home/airflow/.local/lib/python3.8/site-packages/airflow/example_dags/example_sla_dag.py took 0.075 seconds
[2023-11-18T11:41:10.783+0000] {processor.py:157} INFO - Started process (PID=991) to work on /home/airflow/.local/lib/python3.8/site-packages/airflow/example_dags/example_sla_dag.py
[2023-11-18T11:41:10.785+0000] {processor.py:829} INFO - Processing file /home/airflow/.local/lib/python3.8/site-packages/airflow/example_dags/example_sla_dag.py for tasks to queue
[2023-11-18T11:41:10.788+0000] {logging_mixin.py:154} INFO - [2023-11-18T11:41:10.788+0000] {dagbag.py:536} INFO - Filling up the DagBag from /home/airflow/.local/lib/python3.8/site-packages/airflow/example_dags/example_sla_dag.py
[2023-11-18T11:41:10.798+0000] {processor.py:839} INFO - DAG(s) dict_keys(['example_sla_dag']) retrieved from /home/airflow/.local/lib/python3.8/site-packages/airflow/example_dags/example_sla_dag.py
[2023-11-18T11:41:10.819+0000] {logging_mixin.py:154} INFO - [2023-11-18T11:41:10.819+0000] {dag.py:2941} INFO - Sync 1 DAGs
[2023-11-18T11:41:10.838+0000] {logging_mixin.py:154} INFO - [2023-11-18T11:41:10.838+0000] {dag.py:3722} INFO - Setting next_dagrun for example_sla_dag to 2023-11-18T11:38:00+00:00, run_after=2023-11-18T11:40:00+00:00
[2023-11-18T11:41:10.848+0000] {processor.py:179} INFO - Processing /home/airflow/.local/lib/python3.8/site-packages/airflow/example_dags/example_sla_dag.py took 0.072 seconds
[2023-11-18T11:41:41.362+0000] {processor.py:157} INFO - Started process (PID=1046) to work on /home/airflow/.local/lib/python3.8/site-packages/airflow/example_dags/example_sla_dag.py
[2023-11-18T11:41:41.365+0000] {processor.py:829} INFO - Processing file /home/airflow/.local/lib/python3.8/site-packages/airflow/example_dags/example_sla_dag.py for tasks to queue
[2023-11-18T11:41:41.370+0000] {logging_mixin.py:154} INFO - [2023-11-18T11:41:41.370+0000] {dagbag.py:536} INFO - Filling up the DagBag from /home/airflow/.local/lib/python3.8/site-packages/airflow/example_dags/example_sla_dag.py
[2023-11-18T11:41:41.383+0000] {processor.py:839} INFO - DAG(s) dict_keys(['example_sla_dag']) retrieved from /home/airflow/.local/lib/python3.8/site-packages/airflow/example_dags/example_sla_dag.py
[2023-11-18T11:41:41.402+0000] {logging_mixin.py:154} INFO - [2023-11-18T11:41:41.402+0000] {dag.py:2941} INFO - Sync 1 DAGs
[2023-11-18T11:41:41.415+0000] {logging_mixin.py:154} INFO - [2023-11-18T11:41:41.415+0000] {dag.py:3722} INFO - Setting next_dagrun for example_sla_dag to 2023-11-18T11:38:00+00:00, run_after=2023-11-18T11:40:00+00:00
[2023-11-18T11:41:41.424+0000] {processor.py:179} INFO - Processing /home/airflow/.local/lib/python3.8/site-packages/airflow/example_dags/example_sla_dag.py took 0.070 seconds
[2023-11-18T11:42:11.584+0000] {processor.py:157} INFO - Started process (PID=1101) to work on /home/airflow/.local/lib/python3.8/site-packages/airflow/example_dags/example_sla_dag.py
[2023-11-18T11:42:11.586+0000] {processor.py:829} INFO - Processing file /home/airflow/.local/lib/python3.8/site-packages/airflow/example_dags/example_sla_dag.py for tasks to queue
[2023-11-18T11:42:11.589+0000] {logging_mixin.py:154} INFO - [2023-11-18T11:42:11.589+0000] {dagbag.py:536} INFO - Filling up the DagBag from /home/airflow/.local/lib/python3.8/site-packages/airflow/example_dags/example_sla_dag.py
[2023-11-18T11:42:11.600+0000] {processor.py:839} INFO - DAG(s) dict_keys(['example_sla_dag']) retrieved from /home/airflow/.local/lib/python3.8/site-packages/airflow/example_dags/example_sla_dag.py
[2023-11-18T11:42:11.617+0000] {logging_mixin.py:154} INFO - [2023-11-18T11:42:11.617+0000] {dag.py:2941} INFO - Sync 1 DAGs
[2023-11-18T11:42:11.635+0000] {logging_mixin.py:154} INFO - [2023-11-18T11:42:11.635+0000] {dag.py:3722} INFO - Setting next_dagrun for example_sla_dag to 2023-11-18T11:40:00+00:00, run_after=2023-11-18T11:42:00+00:00
[2023-11-18T11:42:11.645+0000] {processor.py:179} INFO - Processing /home/airflow/.local/lib/python3.8/site-packages/airflow/example_dags/example_sla_dag.py took 0.067 seconds
[2023-11-18T11:42:42.393+0000] {processor.py:157} INFO - Started process (PID=1156) to work on /home/airflow/.local/lib/python3.8/site-packages/airflow/example_dags/example_sla_dag.py
[2023-11-18T11:42:42.394+0000] {processor.py:829} INFO - Processing file /home/airflow/.local/lib/python3.8/site-packages/airflow/example_dags/example_sla_dag.py for tasks to queue
[2023-11-18T11:42:42.396+0000] {logging_mixin.py:154} INFO - [2023-11-18T11:42:42.396+0000] {dagbag.py:536} INFO - Filling up the DagBag from /home/airflow/.local/lib/python3.8/site-packages/airflow/example_dags/example_sla_dag.py
[2023-11-18T11:42:42.402+0000] {processor.py:839} INFO - DAG(s) dict_keys(['example_sla_dag']) retrieved from /home/airflow/.local/lib/python3.8/site-packages/airflow/example_dags/example_sla_dag.py
[2023-11-18T11:42:42.415+0000] {logging_mixin.py:154} INFO - [2023-11-18T11:42:42.415+0000] {dag.py:2941} INFO - Sync 1 DAGs
[2023-11-18T11:42:42.429+0000] {logging_mixin.py:154} INFO - [2023-11-18T11:42:42.429+0000] {dag.py:3722} INFO - Setting next_dagrun for example_sla_dag to 2023-11-18T11:40:00+00:00, run_after=2023-11-18T11:42:00+00:00
[2023-11-18T11:42:42.437+0000] {processor.py:179} INFO - Processing /home/airflow/.local/lib/python3.8/site-packages/airflow/example_dags/example_sla_dag.py took 0.048 seconds
[2023-11-18T11:43:12.500+0000] {processor.py:157} INFO - Started process (PID=1211) to work on /home/airflow/.local/lib/python3.8/site-packages/airflow/example_dags/example_sla_dag.py
[2023-11-18T11:43:12.502+0000] {processor.py:829} INFO - Processing file /home/airflow/.local/lib/python3.8/site-packages/airflow/example_dags/example_sla_dag.py for tasks to queue
[2023-11-18T11:43:12.504+0000] {logging_mixin.py:154} INFO - [2023-11-18T11:43:12.504+0000] {dagbag.py:536} INFO - Filling up the DagBag from /home/airflow/.local/lib/python3.8/site-packages/airflow/example_dags/example_sla_dag.py
[2023-11-18T11:43:12.513+0000] {processor.py:839} INFO - DAG(s) dict_keys(['example_sla_dag']) retrieved from /home/airflow/.local/lib/python3.8/site-packages/airflow/example_dags/example_sla_dag.py
[2023-11-18T11:43:12.532+0000] {logging_mixin.py:154} INFO - [2023-11-18T11:43:12.532+0000] {dag.py:2941} INFO - Sync 1 DAGs
[2023-11-18T11:43:12.546+0000] {logging_mixin.py:154} INFO - [2023-11-18T11:43:12.546+0000] {dag.py:3722} INFO - Setting next_dagrun for example_sla_dag to 2023-11-18T11:40:00+00:00, run_after=2023-11-18T11:42:00+00:00
[2023-11-18T11:43:12.555+0000] {processor.py:179} INFO - Processing /home/airflow/.local/lib/python3.8/site-packages/airflow/example_dags/example_sla_dag.py took 0.060 seconds
[2023-11-18T11:43:42.640+0000] {processor.py:157} INFO - Started process (PID=1266) to work on /home/airflow/.local/lib/python3.8/site-packages/airflow/example_dags/example_sla_dag.py
[2023-11-18T11:43:42.641+0000] {processor.py:829} INFO - Processing file /home/airflow/.local/lib/python3.8/site-packages/airflow/example_dags/example_sla_dag.py for tasks to queue
[2023-11-18T11:43:42.645+0000] {logging_mixin.py:154} INFO - [2023-11-18T11:43:42.644+0000] {dagbag.py:536} INFO - Filling up the DagBag from /home/airflow/.local/lib/python3.8/site-packages/airflow/example_dags/example_sla_dag.py
[2023-11-18T11:43:42.653+0000] {processor.py:839} INFO - DAG(s) dict_keys(['example_sla_dag']) retrieved from /home/airflow/.local/lib/python3.8/site-packages/airflow/example_dags/example_sla_dag.py
[2023-11-18T11:43:42.672+0000] {logging_mixin.py:154} INFO - [2023-11-18T11:43:42.671+0000] {dag.py:2941} INFO - Sync 1 DAGs
[2023-11-18T11:43:42.689+0000] {logging_mixin.py:154} INFO - [2023-11-18T11:43:42.689+0000] {dag.py:3722} INFO - Setting next_dagrun for example_sla_dag to 2023-11-18T11:40:00+00:00, run_after=2023-11-18T11:42:00+00:00
[2023-11-18T11:43:42.701+0000] {processor.py:179} INFO - Processing /home/airflow/.local/lib/python3.8/site-packages/airflow/example_dags/example_sla_dag.py took 0.066 seconds
[2023-11-18T11:44:12.858+0000] {processor.py:157} INFO - Started process (PID=1321) to work on /home/airflow/.local/lib/python3.8/site-packages/airflow/example_dags/example_sla_dag.py
[2023-11-18T11:44:12.860+0000] {processor.py:829} INFO - Processing file /home/airflow/.local/lib/python3.8/site-packages/airflow/example_dags/example_sla_dag.py for tasks to queue
[2023-11-18T11:44:12.871+0000] {logging_mixin.py:154} INFO - [2023-11-18T11:44:12.871+0000] {dagbag.py:536} INFO - Filling up the DagBag from /home/airflow/.local/lib/python3.8/site-packages/airflow/example_dags/example_sla_dag.py
[2023-11-18T11:44:12.882+0000] {processor.py:839} INFO - DAG(s) dict_keys(['example_sla_dag']) retrieved from /home/airflow/.local/lib/python3.8/site-packages/airflow/example_dags/example_sla_dag.py
[2023-11-18T11:44:12.905+0000] {logging_mixin.py:154} INFO - [2023-11-18T11:44:12.905+0000] {dag.py:2941} INFO - Sync 1 DAGs
[2023-11-18T11:44:12.923+0000] {logging_mixin.py:154} INFO - [2023-11-18T11:44:12.923+0000] {dag.py:3722} INFO - Setting next_dagrun for example_sla_dag to 2023-11-18T11:42:00+00:00, run_after=2023-11-18T11:44:00+00:00
[2023-11-18T11:44:12.934+0000] {processor.py:179} INFO - Processing /home/airflow/.local/lib/python3.8/site-packages/airflow/example_dags/example_sla_dag.py took 0.084 seconds
[2023-11-18T11:44:43.411+0000] {processor.py:157} INFO - Started process (PID=1388) to work on /home/airflow/.local/lib/python3.8/site-packages/airflow/example_dags/example_sla_dag.py
[2023-11-18T11:44:43.413+0000] {processor.py:829} INFO - Processing file /home/airflow/.local/lib/python3.8/site-packages/airflow/example_dags/example_sla_dag.py for tasks to queue
[2023-11-18T11:44:43.416+0000] {logging_mixin.py:154} INFO - [2023-11-18T11:44:43.416+0000] {dagbag.py:536} INFO - Filling up the DagBag from /home/airflow/.local/lib/python3.8/site-packages/airflow/example_dags/example_sla_dag.py
[2023-11-18T11:44:43.427+0000] {processor.py:839} INFO - DAG(s) dict_keys(['example_sla_dag']) retrieved from /home/airflow/.local/lib/python3.8/site-packages/airflow/example_dags/example_sla_dag.py
[2023-11-18T11:44:43.445+0000] {logging_mixin.py:154} INFO - [2023-11-18T11:44:43.444+0000] {dag.py:2941} INFO - Sync 1 DAGs
[2023-11-18T11:44:43.461+0000] {logging_mixin.py:154} INFO - [2023-11-18T11:44:43.461+0000] {dag.py:3722} INFO - Setting next_dagrun for example_sla_dag to 2023-11-18T11:42:00+00:00, run_after=2023-11-18T11:44:00+00:00
[2023-11-18T11:44:43.470+0000] {processor.py:179} INFO - Processing /home/airflow/.local/lib/python3.8/site-packages/airflow/example_dags/example_sla_dag.py took 0.064 seconds
[2023-11-18T11:45:13.817+0000] {processor.py:157} INFO - Started process (PID=1449) to work on /home/airflow/.local/lib/python3.8/site-packages/airflow/example_dags/example_sla_dag.py
[2023-11-18T11:45:13.819+0000] {processor.py:829} INFO - Processing file /home/airflow/.local/lib/python3.8/site-packages/airflow/example_dags/example_sla_dag.py for tasks to queue
[2023-11-18T11:45:13.824+0000] {logging_mixin.py:154} INFO - [2023-11-18T11:45:13.824+0000] {dagbag.py:536} INFO - Filling up the DagBag from /home/airflow/.local/lib/python3.8/site-packages/airflow/example_dags/example_sla_dag.py
[2023-11-18T11:45:13.838+0000] {processor.py:839} INFO - DAG(s) dict_keys(['example_sla_dag']) retrieved from /home/airflow/.local/lib/python3.8/site-packages/airflow/example_dags/example_sla_dag.py
[2023-11-18T11:45:13.870+0000] {logging_mixin.py:154} INFO - [2023-11-18T11:45:13.869+0000] {dag.py:2941} INFO - Sync 1 DAGs
[2023-11-18T11:45:13.905+0000] {logging_mixin.py:154} INFO - [2023-11-18T11:45:13.904+0000] {dag.py:3722} INFO - Setting next_dagrun for example_sla_dag to 2023-11-18T11:42:00+00:00, run_after=2023-11-18T11:44:00+00:00
[2023-11-18T11:45:13.930+0000] {processor.py:179} INFO - Processing /home/airflow/.local/lib/python3.8/site-packages/airflow/example_dags/example_sla_dag.py took 0.122 seconds
[2023-11-18T11:45:44.450+0000] {processor.py:157} INFO - Started process (PID=1510) to work on /home/airflow/.local/lib/python3.8/site-packages/airflow/example_dags/example_sla_dag.py
[2023-11-18T11:45:44.453+0000] {processor.py:829} INFO - Processing file /home/airflow/.local/lib/python3.8/site-packages/airflow/example_dags/example_sla_dag.py for tasks to queue
[2023-11-18T11:45:44.458+0000] {logging_mixin.py:154} INFO - [2023-11-18T11:45:44.457+0000] {dagbag.py:536} INFO - Filling up the DagBag from /home/airflow/.local/lib/python3.8/site-packages/airflow/example_dags/example_sla_dag.py
[2023-11-18T11:45:44.470+0000] {processor.py:839} INFO - DAG(s) dict_keys(['example_sla_dag']) retrieved from /home/airflow/.local/lib/python3.8/site-packages/airflow/example_dags/example_sla_dag.py
[2023-11-18T11:45:44.505+0000] {logging_mixin.py:154} INFO - [2023-11-18T11:45:44.505+0000] {dag.py:2941} INFO - Sync 1 DAGs
[2023-11-18T11:45:44.526+0000] {logging_mixin.py:154} INFO - [2023-11-18T11:45:44.526+0000] {dag.py:3722} INFO - Setting next_dagrun for example_sla_dag to 2023-11-18T11:42:00+00:00, run_after=2023-11-18T11:44:00+00:00
[2023-11-18T11:45:44.537+0000] {processor.py:179} INFO - Processing /home/airflow/.local/lib/python3.8/site-packages/airflow/example_dags/example_sla_dag.py took 0.094 seconds
[2023-11-18T11:46:14.756+0000] {processor.py:157} INFO - Started process (PID=1571) to work on /home/airflow/.local/lib/python3.8/site-packages/airflow/example_dags/example_sla_dag.py
[2023-11-18T11:46:14.763+0000] {processor.py:829} INFO - Processing file /home/airflow/.local/lib/python3.8/site-packages/airflow/example_dags/example_sla_dag.py for tasks to queue
[2023-11-18T11:46:14.768+0000] {logging_mixin.py:154} INFO - [2023-11-18T11:46:14.768+0000] {dagbag.py:536} INFO - Filling up the DagBag from /home/airflow/.local/lib/python3.8/site-packages/airflow/example_dags/example_sla_dag.py
[2023-11-18T11:46:14.780+0000] {processor.py:839} INFO - DAG(s) dict_keys(['example_sla_dag']) retrieved from /home/airflow/.local/lib/python3.8/site-packages/airflow/example_dags/example_sla_dag.py
[2023-11-18T11:46:14.805+0000] {logging_mixin.py:154} INFO - [2023-11-18T11:46:14.805+0000] {dag.py:2941} INFO - Sync 1 DAGs
[2023-11-18T11:46:14.837+0000] {logging_mixin.py:154} INFO - [2023-11-18T11:46:14.837+0000] {dag.py:3722} INFO - Setting next_dagrun for example_sla_dag to 2023-11-18T11:44:00+00:00, run_after=2023-11-18T11:46:00+00:00
[2023-11-18T11:46:14.848+0000] {processor.py:179} INFO - Processing /home/airflow/.local/lib/python3.8/site-packages/airflow/example_dags/example_sla_dag.py took 0.112 seconds
[2023-11-18T11:46:45.285+0000] {processor.py:157} INFO - Started process (PID=1630) to work on /home/airflow/.local/lib/python3.8/site-packages/airflow/example_dags/example_sla_dag.py
[2023-11-18T11:46:45.286+0000] {processor.py:829} INFO - Processing file /home/airflow/.local/lib/python3.8/site-packages/airflow/example_dags/example_sla_dag.py for tasks to queue
[2023-11-18T11:46:45.290+0000] {logging_mixin.py:154} INFO - [2023-11-18T11:46:45.289+0000] {dagbag.py:536} INFO - Filling up the DagBag from /home/airflow/.local/lib/python3.8/site-packages/airflow/example_dags/example_sla_dag.py
[2023-11-18T11:46:45.300+0000] {processor.py:839} INFO - DAG(s) dict_keys(['example_sla_dag']) retrieved from /home/airflow/.local/lib/python3.8/site-packages/airflow/example_dags/example_sla_dag.py
[2023-11-18T11:46:45.320+0000] {logging_mixin.py:154} INFO - [2023-11-18T11:46:45.320+0000] {dag.py:2941} INFO - Sync 1 DAGs
[2023-11-18T11:46:45.343+0000] {logging_mixin.py:154} INFO - [2023-11-18T11:46:45.343+0000] {dag.py:3722} INFO - Setting next_dagrun for example_sla_dag to 2023-11-18T11:44:00+00:00, run_after=2023-11-18T11:46:00+00:00
[2023-11-18T11:46:45.354+0000] {processor.py:179} INFO - Processing /home/airflow/.local/lib/python3.8/site-packages/airflow/example_dags/example_sla_dag.py took 0.073 seconds
