[2023-11-18T11:32:20.381+0000] {processor.py:157} INFO - Started process (PID=34) to work on /home/airflow/.local/lib/python3.8/site-packages/airflow/example_dags/example_task_group_decorator.py
[2023-11-18T11:32:20.387+0000] {processor.py:829} INFO - Processing file /home/airflow/.local/lib/python3.8/site-packages/airflow/example_dags/example_task_group_decorator.py for tasks to queue
[2023-11-18T11:32:20.409+0000] {logging_mixin.py:154} INFO - [2023-11-18T11:32:20.407+0000] {dagbag.py:536} INFO - Filling up the DagBag from /home/airflow/.local/lib/python3.8/site-packages/airflow/example_dags/example_task_group_decorator.py
[2023-11-18T11:32:20.970+0000] {processor.py:839} INFO - DAG(s) dict_keys(['example_task_group_decorator']) retrieved from /home/airflow/.local/lib/python3.8/site-packages/airflow/example_dags/example_task_group_decorator.py
[2023-11-18T11:32:21.501+0000] {logging_mixin.py:154} INFO - [2023-11-18T11:32:21.500+0000] {dag.py:2941} INFO - Sync 1 DAGs
[2023-11-18T11:32:21.710+0000] {logging_mixin.py:154} INFO - [2023-11-18T11:32:21.709+0000] {dag.py:3722} INFO - Setting next_dagrun for example_task_group_decorator to 2023-11-17T11:32:21.708794+00:00, run_after=2023-11-18T11:32:21.708794+00:00
[2023-11-18T11:32:21.743+0000] {processor.py:179} INFO - Processing /home/airflow/.local/lib/python3.8/site-packages/airflow/example_dags/example_task_group_decorator.py took 1.389 seconds
[2023-11-18T11:32:52.874+0000] {processor.py:157} INFO - Started process (PID=97) to work on /home/airflow/.local/lib/python3.8/site-packages/airflow/example_dags/example_task_group_decorator.py
[2023-11-18T11:32:52.875+0000] {processor.py:829} INFO - Processing file /home/airflow/.local/lib/python3.8/site-packages/airflow/example_dags/example_task_group_decorator.py for tasks to queue
[2023-11-18T11:32:52.878+0000] {logging_mixin.py:154} INFO - [2023-11-18T11:32:52.878+0000] {dagbag.py:536} INFO - Filling up the DagBag from /home/airflow/.local/lib/python3.8/site-packages/airflow/example_dags/example_task_group_decorator.py
[2023-11-18T11:32:52.891+0000] {processor.py:839} INFO - DAG(s) dict_keys(['example_task_group_decorator']) retrieved from /home/airflow/.local/lib/python3.8/site-packages/airflow/example_dags/example_task_group_decorator.py
[2023-11-18T11:32:52.939+0000] {logging_mixin.py:154} INFO - [2023-11-18T11:32:52.938+0000] {dag.py:2941} INFO - Sync 1 DAGs
[2023-11-18T11:32:52.969+0000] {logging_mixin.py:154} INFO - [2023-11-18T11:32:52.969+0000] {dag.py:3722} INFO - Setting next_dagrun for example_task_group_decorator to 2023-11-17T11:32:52.966703+00:00, run_after=2023-11-18T11:32:52.966703+00:00
[2023-11-18T11:32:53.021+0000] {processor.py:179} INFO - Processing /home/airflow/.local/lib/python3.8/site-packages/airflow/example_dags/example_task_group_decorator.py took 0.152 seconds
[2023-11-18T11:33:23.908+0000] {processor.py:157} INFO - Started process (PID=151) to work on /home/airflow/.local/lib/python3.8/site-packages/airflow/example_dags/example_task_group_decorator.py
[2023-11-18T11:33:23.913+0000] {processor.py:829} INFO - Processing file /home/airflow/.local/lib/python3.8/site-packages/airflow/example_dags/example_task_group_decorator.py for tasks to queue
[2023-11-18T11:33:23.927+0000] {logging_mixin.py:154} INFO - [2023-11-18T11:33:23.927+0000] {dagbag.py:536} INFO - Filling up the DagBag from /home/airflow/.local/lib/python3.8/site-packages/airflow/example_dags/example_task_group_decorator.py
[2023-11-18T11:33:24.010+0000] {processor.py:839} INFO - DAG(s) dict_keys(['example_task_group_decorator']) retrieved from /home/airflow/.local/lib/python3.8/site-packages/airflow/example_dags/example_task_group_decorator.py
[2023-11-18T11:33:24.298+0000] {logging_mixin.py:154} INFO - [2023-11-18T11:33:24.298+0000] {dag.py:2941} INFO - Sync 1 DAGs
[2023-11-18T11:33:24.447+0000] {logging_mixin.py:154} INFO - [2023-11-18T11:33:24.446+0000] {dag.py:3722} INFO - Setting next_dagrun for example_task_group_decorator to 2023-11-17T11:33:24.444843+00:00, run_after=2023-11-18T11:33:24.444843+00:00
[2023-11-18T11:33:24.476+0000] {processor.py:179} INFO - Processing /home/airflow/.local/lib/python3.8/site-packages/airflow/example_dags/example_task_group_decorator.py took 0.630 seconds
[2023-11-18T11:33:54.971+0000] {processor.py:157} INFO - Started process (PID=206) to work on /home/airflow/.local/lib/python3.8/site-packages/airflow/example_dags/example_task_group_decorator.py
[2023-11-18T11:33:54.973+0000] {processor.py:829} INFO - Processing file /home/airflow/.local/lib/python3.8/site-packages/airflow/example_dags/example_task_group_decorator.py for tasks to queue
[2023-11-18T11:33:54.979+0000] {logging_mixin.py:154} INFO - [2023-11-18T11:33:54.978+0000] {dagbag.py:536} INFO - Filling up the DagBag from /home/airflow/.local/lib/python3.8/site-packages/airflow/example_dags/example_task_group_decorator.py
[2023-11-18T11:33:55.017+0000] {processor.py:839} INFO - DAG(s) dict_keys(['example_task_group_decorator']) retrieved from /home/airflow/.local/lib/python3.8/site-packages/airflow/example_dags/example_task_group_decorator.py
[2023-11-18T11:33:55.060+0000] {logging_mixin.py:154} INFO - [2023-11-18T11:33:55.059+0000] {dag.py:2941} INFO - Sync 1 DAGs
[2023-11-18T11:33:55.099+0000] {logging_mixin.py:154} INFO - [2023-11-18T11:33:55.099+0000] {dag.py:3722} INFO - Setting next_dagrun for example_task_group_decorator to 2023-11-17T11:33:55.099106+00:00, run_after=2023-11-18T11:33:55.099106+00:00
[2023-11-18T11:33:55.116+0000] {processor.py:179} INFO - Processing /home/airflow/.local/lib/python3.8/site-packages/airflow/example_dags/example_task_group_decorator.py took 0.155 seconds
[2023-11-18T11:34:25.970+0000] {processor.py:157} INFO - Started process (PID=261) to work on /home/airflow/.local/lib/python3.8/site-packages/airflow/example_dags/example_task_group_decorator.py
[2023-11-18T11:34:25.972+0000] {processor.py:829} INFO - Processing file /home/airflow/.local/lib/python3.8/site-packages/airflow/example_dags/example_task_group_decorator.py for tasks to queue
[2023-11-18T11:34:25.979+0000] {logging_mixin.py:154} INFO - [2023-11-18T11:34:25.978+0000] {dagbag.py:536} INFO - Filling up the DagBag from /home/airflow/.local/lib/python3.8/site-packages/airflow/example_dags/example_task_group_decorator.py
[2023-11-18T11:34:26.003+0000] {processor.py:839} INFO - DAG(s) dict_keys(['example_task_group_decorator']) retrieved from /home/airflow/.local/lib/python3.8/site-packages/airflow/example_dags/example_task_group_decorator.py
[2023-11-18T11:34:26.043+0000] {logging_mixin.py:154} INFO - [2023-11-18T11:34:26.043+0000] {dag.py:2941} INFO - Sync 1 DAGs
[2023-11-18T11:34:26.087+0000] {logging_mixin.py:154} INFO - [2023-11-18T11:34:26.087+0000] {dag.py:3722} INFO - Setting next_dagrun for example_task_group_decorator to 2023-11-17T11:34:26.086578+00:00, run_after=2023-11-18T11:34:26.086578+00:00
[2023-11-18T11:34:26.108+0000] {processor.py:179} INFO - Processing /home/airflow/.local/lib/python3.8/site-packages/airflow/example_dags/example_task_group_decorator.py took 0.145 seconds
[2023-11-18T11:34:56.642+0000] {processor.py:157} INFO - Started process (PID=316) to work on /home/airflow/.local/lib/python3.8/site-packages/airflow/example_dags/example_task_group_decorator.py
[2023-11-18T11:34:56.644+0000] {processor.py:829} INFO - Processing file /home/airflow/.local/lib/python3.8/site-packages/airflow/example_dags/example_task_group_decorator.py for tasks to queue
[2023-11-18T11:34:56.646+0000] {logging_mixin.py:154} INFO - [2023-11-18T11:34:56.646+0000] {dagbag.py:536} INFO - Filling up the DagBag from /home/airflow/.local/lib/python3.8/site-packages/airflow/example_dags/example_task_group_decorator.py
[2023-11-18T11:34:56.660+0000] {processor.py:839} INFO - DAG(s) dict_keys(['example_task_group_decorator']) retrieved from /home/airflow/.local/lib/python3.8/site-packages/airflow/example_dags/example_task_group_decorator.py
[2023-11-18T11:34:56.678+0000] {logging_mixin.py:154} INFO - [2023-11-18T11:34:56.678+0000] {dag.py:2941} INFO - Sync 1 DAGs
[2023-11-18T11:34:56.691+0000] {logging_mixin.py:154} INFO - [2023-11-18T11:34:56.691+0000] {dag.py:3722} INFO - Setting next_dagrun for example_task_group_decorator to 2023-11-17T11:34:56.691221+00:00, run_after=2023-11-18T11:34:56.691221+00:00
[2023-11-18T11:34:56.701+0000] {processor.py:179} INFO - Processing /home/airflow/.local/lib/python3.8/site-packages/airflow/example_dags/example_task_group_decorator.py took 0.063 seconds
[2023-11-18T11:35:27.336+0000] {processor.py:157} INFO - Started process (PID=372) to work on /home/airflow/.local/lib/python3.8/site-packages/airflow/example_dags/example_task_group_decorator.py
[2023-11-18T11:35:27.338+0000] {processor.py:829} INFO - Processing file /home/airflow/.local/lib/python3.8/site-packages/airflow/example_dags/example_task_group_decorator.py for tasks to queue
[2023-11-18T11:35:27.340+0000] {logging_mixin.py:154} INFO - [2023-11-18T11:35:27.340+0000] {dagbag.py:536} INFO - Filling up the DagBag from /home/airflow/.local/lib/python3.8/site-packages/airflow/example_dags/example_task_group_decorator.py
[2023-11-18T11:35:27.356+0000] {processor.py:839} INFO - DAG(s) dict_keys(['example_task_group_decorator']) retrieved from /home/airflow/.local/lib/python3.8/site-packages/airflow/example_dags/example_task_group_decorator.py
[2023-11-18T11:35:27.374+0000] {logging_mixin.py:154} INFO - [2023-11-18T11:35:27.374+0000] {dag.py:2941} INFO - Sync 1 DAGs
[2023-11-18T11:35:27.389+0000] {logging_mixin.py:154} INFO - [2023-11-18T11:35:27.389+0000] {dag.py:3722} INFO - Setting next_dagrun for example_task_group_decorator to 2023-11-17T11:35:27.389363+00:00, run_after=2023-11-18T11:35:27.389363+00:00
[2023-11-18T11:35:27.401+0000] {processor.py:179} INFO - Processing /home/airflow/.local/lib/python3.8/site-packages/airflow/example_dags/example_task_group_decorator.py took 0.070 seconds
[2023-11-18T11:35:57.604+0000] {processor.py:157} INFO - Started process (PID=427) to work on /home/airflow/.local/lib/python3.8/site-packages/airflow/example_dags/example_task_group_decorator.py
[2023-11-18T11:35:57.605+0000] {processor.py:829} INFO - Processing file /home/airflow/.local/lib/python3.8/site-packages/airflow/example_dags/example_task_group_decorator.py for tasks to queue
[2023-11-18T11:35:57.608+0000] {logging_mixin.py:154} INFO - [2023-11-18T11:35:57.608+0000] {dagbag.py:536} INFO - Filling up the DagBag from /home/airflow/.local/lib/python3.8/site-packages/airflow/example_dags/example_task_group_decorator.py
[2023-11-18T11:35:57.624+0000] {processor.py:839} INFO - DAG(s) dict_keys(['example_task_group_decorator']) retrieved from /home/airflow/.local/lib/python3.8/site-packages/airflow/example_dags/example_task_group_decorator.py
[2023-11-18T11:35:57.646+0000] {logging_mixin.py:154} INFO - [2023-11-18T11:35:57.646+0000] {dag.py:2941} INFO - Sync 1 DAGs
[2023-11-18T11:35:57.662+0000] {logging_mixin.py:154} INFO - [2023-11-18T11:35:57.662+0000] {dag.py:3722} INFO - Setting next_dagrun for example_task_group_decorator to 2023-11-17T11:35:57.662395+00:00, run_after=2023-11-18T11:35:57.662395+00:00
[2023-11-18T11:35:57.673+0000] {processor.py:179} INFO - Processing /home/airflow/.local/lib/python3.8/site-packages/airflow/example_dags/example_task_group_decorator.py took 0.073 seconds
[2023-11-18T11:36:27.892+0000] {processor.py:157} INFO - Started process (PID=482) to work on /home/airflow/.local/lib/python3.8/site-packages/airflow/example_dags/example_task_group_decorator.py
[2023-11-18T11:36:27.893+0000] {processor.py:829} INFO - Processing file /home/airflow/.local/lib/python3.8/site-packages/airflow/example_dags/example_task_group_decorator.py for tasks to queue
[2023-11-18T11:36:27.896+0000] {logging_mixin.py:154} INFO - [2023-11-18T11:36:27.896+0000] {dagbag.py:536} INFO - Filling up the DagBag from /home/airflow/.local/lib/python3.8/site-packages/airflow/example_dags/example_task_group_decorator.py
[2023-11-18T11:36:27.910+0000] {processor.py:839} INFO - DAG(s) dict_keys(['example_task_group_decorator']) retrieved from /home/airflow/.local/lib/python3.8/site-packages/airflow/example_dags/example_task_group_decorator.py
[2023-11-18T11:36:27.932+0000] {logging_mixin.py:154} INFO - [2023-11-18T11:36:27.932+0000] {dag.py:2941} INFO - Sync 1 DAGs
[2023-11-18T11:36:27.944+0000] {logging_mixin.py:154} INFO - [2023-11-18T11:36:27.944+0000] {dag.py:3722} INFO - Setting next_dagrun for example_task_group_decorator to 2023-11-17T11:36:27.944668+00:00, run_after=2023-11-18T11:36:27.944668+00:00
[2023-11-18T11:36:27.955+0000] {processor.py:179} INFO - Processing /home/airflow/.local/lib/python3.8/site-packages/airflow/example_dags/example_task_group_decorator.py took 0.067 seconds
[2023-11-18T11:36:58.068+0000] {processor.py:157} INFO - Started process (PID=537) to work on /home/airflow/.local/lib/python3.8/site-packages/airflow/example_dags/example_task_group_decorator.py
[2023-11-18T11:36:58.069+0000] {processor.py:829} INFO - Processing file /home/airflow/.local/lib/python3.8/site-packages/airflow/example_dags/example_task_group_decorator.py for tasks to queue
[2023-11-18T11:36:58.071+0000] {logging_mixin.py:154} INFO - [2023-11-18T11:36:58.071+0000] {dagbag.py:536} INFO - Filling up the DagBag from /home/airflow/.local/lib/python3.8/site-packages/airflow/example_dags/example_task_group_decorator.py
[2023-11-18T11:36:58.082+0000] {processor.py:839} INFO - DAG(s) dict_keys(['example_task_group_decorator']) retrieved from /home/airflow/.local/lib/python3.8/site-packages/airflow/example_dags/example_task_group_decorator.py
[2023-11-18T11:36:58.107+0000] {logging_mixin.py:154} INFO - [2023-11-18T11:36:58.106+0000] {dag.py:2941} INFO - Sync 1 DAGs
[2023-11-18T11:36:58.133+0000] {logging_mixin.py:154} INFO - [2023-11-18T11:36:58.133+0000] {dag.py:3722} INFO - Setting next_dagrun for example_task_group_decorator to 2023-11-17T11:36:58.133549+00:00, run_after=2023-11-18T11:36:58.133549+00:00
[2023-11-18T11:36:58.156+0000] {processor.py:179} INFO - Processing /home/airflow/.local/lib/python3.8/site-packages/airflow/example_dags/example_task_group_decorator.py took 0.094 seconds
[2023-11-18T11:37:28.320+0000] {processor.py:157} INFO - Started process (PID=592) to work on /home/airflow/.local/lib/python3.8/site-packages/airflow/example_dags/example_task_group_decorator.py
[2023-11-18T11:37:28.321+0000] {processor.py:829} INFO - Processing file /home/airflow/.local/lib/python3.8/site-packages/airflow/example_dags/example_task_group_decorator.py for tasks to queue
[2023-11-18T11:37:28.323+0000] {logging_mixin.py:154} INFO - [2023-11-18T11:37:28.323+0000] {dagbag.py:536} INFO - Filling up the DagBag from /home/airflow/.local/lib/python3.8/site-packages/airflow/example_dags/example_task_group_decorator.py
[2023-11-18T11:37:28.337+0000] {processor.py:839} INFO - DAG(s) dict_keys(['example_task_group_decorator']) retrieved from /home/airflow/.local/lib/python3.8/site-packages/airflow/example_dags/example_task_group_decorator.py
[2023-11-18T11:37:28.356+0000] {logging_mixin.py:154} INFO - [2023-11-18T11:37:28.356+0000] {dag.py:2941} INFO - Sync 1 DAGs
[2023-11-18T11:37:28.369+0000] {logging_mixin.py:154} INFO - [2023-11-18T11:37:28.369+0000] {dag.py:3722} INFO - Setting next_dagrun for example_task_group_decorator to 2023-11-17T11:37:28.369237+00:00, run_after=2023-11-18T11:37:28.369237+00:00
[2023-11-18T11:37:28.379+0000] {processor.py:179} INFO - Processing /home/airflow/.local/lib/python3.8/site-packages/airflow/example_dags/example_task_group_decorator.py took 0.062 seconds
[2023-11-18T11:37:58.459+0000] {processor.py:157} INFO - Started process (PID=647) to work on /home/airflow/.local/lib/python3.8/site-packages/airflow/example_dags/example_task_group_decorator.py
[2023-11-18T11:37:58.460+0000] {processor.py:829} INFO - Processing file /home/airflow/.local/lib/python3.8/site-packages/airflow/example_dags/example_task_group_decorator.py for tasks to queue
[2023-11-18T11:37:58.462+0000] {logging_mixin.py:154} INFO - [2023-11-18T11:37:58.462+0000] {dagbag.py:536} INFO - Filling up the DagBag from /home/airflow/.local/lib/python3.8/site-packages/airflow/example_dags/example_task_group_decorator.py
[2023-11-18T11:37:58.475+0000] {processor.py:839} INFO - DAG(s) dict_keys(['example_task_group_decorator']) retrieved from /home/airflow/.local/lib/python3.8/site-packages/airflow/example_dags/example_task_group_decorator.py
[2023-11-18T11:37:58.493+0000] {logging_mixin.py:154} INFO - [2023-11-18T11:37:58.493+0000] {dag.py:2941} INFO - Sync 1 DAGs
[2023-11-18T11:37:58.506+0000] {logging_mixin.py:154} INFO - [2023-11-18T11:37:58.506+0000] {dag.py:3722} INFO - Setting next_dagrun for example_task_group_decorator to 2023-11-17T11:37:58.506224+00:00, run_after=2023-11-18T11:37:58.506224+00:00
[2023-11-18T11:37:58.516+0000] {processor.py:179} INFO - Processing /home/airflow/.local/lib/python3.8/site-packages/airflow/example_dags/example_task_group_decorator.py took 0.061 seconds
[2023-11-18T11:38:29.346+0000] {processor.py:157} INFO - Started process (PID=702) to work on /home/airflow/.local/lib/python3.8/site-packages/airflow/example_dags/example_task_group_decorator.py
[2023-11-18T11:38:29.348+0000] {processor.py:829} INFO - Processing file /home/airflow/.local/lib/python3.8/site-packages/airflow/example_dags/example_task_group_decorator.py for tasks to queue
[2023-11-18T11:38:29.350+0000] {logging_mixin.py:154} INFO - [2023-11-18T11:38:29.350+0000] {dagbag.py:536} INFO - Filling up the DagBag from /home/airflow/.local/lib/python3.8/site-packages/airflow/example_dags/example_task_group_decorator.py
[2023-11-18T11:38:29.362+0000] {processor.py:839} INFO - DAG(s) dict_keys(['example_task_group_decorator']) retrieved from /home/airflow/.local/lib/python3.8/site-packages/airflow/example_dags/example_task_group_decorator.py
[2023-11-18T11:38:29.380+0000] {logging_mixin.py:154} INFO - [2023-11-18T11:38:29.380+0000] {dag.py:2941} INFO - Sync 1 DAGs
[2023-11-18T11:38:29.393+0000] {logging_mixin.py:154} INFO - [2023-11-18T11:38:29.393+0000] {dag.py:3722} INFO - Setting next_dagrun for example_task_group_decorator to 2023-11-17T11:38:29.392854+00:00, run_after=2023-11-18T11:38:29.392854+00:00
[2023-11-18T11:38:29.402+0000] {processor.py:179} INFO - Processing /home/airflow/.local/lib/python3.8/site-packages/airflow/example_dags/example_task_group_decorator.py took 0.059 seconds
[2023-11-18T11:38:59.555+0000] {processor.py:157} INFO - Started process (PID=757) to work on /home/airflow/.local/lib/python3.8/site-packages/airflow/example_dags/example_task_group_decorator.py
[2023-11-18T11:38:59.557+0000] {processor.py:829} INFO - Processing file /home/airflow/.local/lib/python3.8/site-packages/airflow/example_dags/example_task_group_decorator.py for tasks to queue
[2023-11-18T11:38:59.559+0000] {logging_mixin.py:154} INFO - [2023-11-18T11:38:59.559+0000] {dagbag.py:536} INFO - Filling up the DagBag from /home/airflow/.local/lib/python3.8/site-packages/airflow/example_dags/example_task_group_decorator.py
[2023-11-18T11:38:59.576+0000] {processor.py:839} INFO - DAG(s) dict_keys(['example_task_group_decorator']) retrieved from /home/airflow/.local/lib/python3.8/site-packages/airflow/example_dags/example_task_group_decorator.py
[2023-11-18T11:38:59.596+0000] {logging_mixin.py:154} INFO - [2023-11-18T11:38:59.596+0000] {dag.py:2941} INFO - Sync 1 DAGs
[2023-11-18T11:38:59.608+0000] {logging_mixin.py:154} INFO - [2023-11-18T11:38:59.608+0000] {dag.py:3722} INFO - Setting next_dagrun for example_task_group_decorator to 2023-11-17T11:38:59.608702+00:00, run_after=2023-11-18T11:38:59.608702+00:00
[2023-11-18T11:38:59.619+0000] {processor.py:179} INFO - Processing /home/airflow/.local/lib/python3.8/site-packages/airflow/example_dags/example_task_group_decorator.py took 0.069 seconds
[2023-11-18T11:39:29.809+0000] {processor.py:157} INFO - Started process (PID=812) to work on /home/airflow/.local/lib/python3.8/site-packages/airflow/example_dags/example_task_group_decorator.py
[2023-11-18T11:39:29.810+0000] {processor.py:829} INFO - Processing file /home/airflow/.local/lib/python3.8/site-packages/airflow/example_dags/example_task_group_decorator.py for tasks to queue
[2023-11-18T11:39:29.811+0000] {logging_mixin.py:154} INFO - [2023-11-18T11:39:29.811+0000] {dagbag.py:536} INFO - Filling up the DagBag from /home/airflow/.local/lib/python3.8/site-packages/airflow/example_dags/example_task_group_decorator.py
[2023-11-18T11:39:29.820+0000] {processor.py:839} INFO - DAG(s) dict_keys(['example_task_group_decorator']) retrieved from /home/airflow/.local/lib/python3.8/site-packages/airflow/example_dags/example_task_group_decorator.py
[2023-11-18T11:39:29.834+0000] {logging_mixin.py:154} INFO - [2023-11-18T11:39:29.834+0000] {dag.py:2941} INFO - Sync 1 DAGs
[2023-11-18T11:39:29.846+0000] {logging_mixin.py:154} INFO - [2023-11-18T11:39:29.846+0000] {dag.py:3722} INFO - Setting next_dagrun for example_task_group_decorator to 2023-11-17T11:39:29.846297+00:00, run_after=2023-11-18T11:39:29.846297+00:00
[2023-11-18T11:39:29.855+0000] {processor.py:179} INFO - Processing /home/airflow/.local/lib/python3.8/site-packages/airflow/example_dags/example_task_group_decorator.py took 0.048 seconds
[2023-11-18T11:39:59.917+0000] {processor.py:157} INFO - Started process (PID=867) to work on /home/airflow/.local/lib/python3.8/site-packages/airflow/example_dags/example_task_group_decorator.py
[2023-11-18T11:39:59.918+0000] {processor.py:829} INFO - Processing file /home/airflow/.local/lib/python3.8/site-packages/airflow/example_dags/example_task_group_decorator.py for tasks to queue
[2023-11-18T11:39:59.920+0000] {logging_mixin.py:154} INFO - [2023-11-18T11:39:59.920+0000] {dagbag.py:536} INFO - Filling up the DagBag from /home/airflow/.local/lib/python3.8/site-packages/airflow/example_dags/example_task_group_decorator.py
[2023-11-18T11:39:59.934+0000] {processor.py:839} INFO - DAG(s) dict_keys(['example_task_group_decorator']) retrieved from /home/airflow/.local/lib/python3.8/site-packages/airflow/example_dags/example_task_group_decorator.py
[2023-11-18T11:39:59.950+0000] {logging_mixin.py:154} INFO - [2023-11-18T11:39:59.950+0000] {dag.py:2941} INFO - Sync 1 DAGs
[2023-11-18T11:39:59.962+0000] {logging_mixin.py:154} INFO - [2023-11-18T11:39:59.962+0000] {dag.py:3722} INFO - Setting next_dagrun for example_task_group_decorator to 2023-11-17T11:39:59.962247+00:00, run_after=2023-11-18T11:39:59.962247+00:00
[2023-11-18T11:39:59.971+0000] {processor.py:179} INFO - Processing /home/airflow/.local/lib/python3.8/site-packages/airflow/example_dags/example_task_group_decorator.py took 0.059 seconds
[2023-11-18T11:40:30.805+0000] {processor.py:157} INFO - Started process (PID=922) to work on /home/airflow/.local/lib/python3.8/site-packages/airflow/example_dags/example_task_group_decorator.py
[2023-11-18T11:40:30.806+0000] {processor.py:829} INFO - Processing file /home/airflow/.local/lib/python3.8/site-packages/airflow/example_dags/example_task_group_decorator.py for tasks to queue
[2023-11-18T11:40:30.808+0000] {logging_mixin.py:154} INFO - [2023-11-18T11:40:30.807+0000] {dagbag.py:536} INFO - Filling up the DagBag from /home/airflow/.local/lib/python3.8/site-packages/airflow/example_dags/example_task_group_decorator.py
[2023-11-18T11:40:30.819+0000] {processor.py:839} INFO - DAG(s) dict_keys(['example_task_group_decorator']) retrieved from /home/airflow/.local/lib/python3.8/site-packages/airflow/example_dags/example_task_group_decorator.py
[2023-11-18T11:40:30.834+0000] {logging_mixin.py:154} INFO - [2023-11-18T11:40:30.834+0000] {dag.py:2941} INFO - Sync 1 DAGs
[2023-11-18T11:40:30.846+0000] {logging_mixin.py:154} INFO - [2023-11-18T11:40:30.846+0000] {dag.py:3722} INFO - Setting next_dagrun for example_task_group_decorator to 2023-11-17T11:40:30.845958+00:00, run_after=2023-11-18T11:40:30.845958+00:00
[2023-11-18T11:40:30.854+0000] {processor.py:179} INFO - Processing /home/airflow/.local/lib/python3.8/site-packages/airflow/example_dags/example_task_group_decorator.py took 0.052 seconds
[2023-11-18T11:41:01.108+0000] {processor.py:157} INFO - Started process (PID=977) to work on /home/airflow/.local/lib/python3.8/site-packages/airflow/example_dags/example_task_group_decorator.py
[2023-11-18T11:41:01.109+0000] {processor.py:829} INFO - Processing file /home/airflow/.local/lib/python3.8/site-packages/airflow/example_dags/example_task_group_decorator.py for tasks to queue
[2023-11-18T11:41:01.114+0000] {logging_mixin.py:154} INFO - [2023-11-18T11:41:01.112+0000] {dagbag.py:536} INFO - Filling up the DagBag from /home/airflow/.local/lib/python3.8/site-packages/airflow/example_dags/example_task_group_decorator.py
[2023-11-18T11:41:01.138+0000] {processor.py:839} INFO - DAG(s) dict_keys(['example_task_group_decorator']) retrieved from /home/airflow/.local/lib/python3.8/site-packages/airflow/example_dags/example_task_group_decorator.py
[2023-11-18T11:41:01.153+0000] {logging_mixin.py:154} INFO - [2023-11-18T11:41:01.153+0000] {dag.py:2941} INFO - Sync 1 DAGs
[2023-11-18T11:41:01.166+0000] {logging_mixin.py:154} INFO - [2023-11-18T11:41:01.165+0000] {dag.py:3722} INFO - Setting next_dagrun for example_task_group_decorator to 2023-11-17T11:41:01.165689+00:00, run_after=2023-11-18T11:41:01.165689+00:00
[2023-11-18T11:41:01.175+0000] {processor.py:179} INFO - Processing /home/airflow/.local/lib/python3.8/site-packages/airflow/example_dags/example_task_group_decorator.py took 0.069 seconds
[2023-11-18T11:41:31.804+0000] {processor.py:157} INFO - Started process (PID=1032) to work on /home/airflow/.local/lib/python3.8/site-packages/airflow/example_dags/example_task_group_decorator.py
[2023-11-18T11:41:31.806+0000] {processor.py:829} INFO - Processing file /home/airflow/.local/lib/python3.8/site-packages/airflow/example_dags/example_task_group_decorator.py for tasks to queue
[2023-11-18T11:41:31.808+0000] {logging_mixin.py:154} INFO - [2023-11-18T11:41:31.808+0000] {dagbag.py:536} INFO - Filling up the DagBag from /home/airflow/.local/lib/python3.8/site-packages/airflow/example_dags/example_task_group_decorator.py
[2023-11-18T11:41:31.821+0000] {processor.py:839} INFO - DAG(s) dict_keys(['example_task_group_decorator']) retrieved from /home/airflow/.local/lib/python3.8/site-packages/airflow/example_dags/example_task_group_decorator.py
[2023-11-18T11:41:31.844+0000] {logging_mixin.py:154} INFO - [2023-11-18T11:41:31.844+0000] {dag.py:2941} INFO - Sync 1 DAGs
[2023-11-18T11:41:31.855+0000] {logging_mixin.py:154} INFO - [2023-11-18T11:41:31.855+0000] {dag.py:3722} INFO - Setting next_dagrun for example_task_group_decorator to 2023-11-17T11:41:31.854921+00:00, run_after=2023-11-18T11:41:31.854921+00:00
[2023-11-18T11:41:31.865+0000] {processor.py:179} INFO - Processing /home/airflow/.local/lib/python3.8/site-packages/airflow/example_dags/example_task_group_decorator.py took 0.064 seconds
[2023-11-18T11:42:01.961+0000] {processor.py:157} INFO - Started process (PID=1087) to work on /home/airflow/.local/lib/python3.8/site-packages/airflow/example_dags/example_task_group_decorator.py
[2023-11-18T11:42:01.962+0000] {processor.py:829} INFO - Processing file /home/airflow/.local/lib/python3.8/site-packages/airflow/example_dags/example_task_group_decorator.py for tasks to queue
[2023-11-18T11:42:01.964+0000] {logging_mixin.py:154} INFO - [2023-11-18T11:42:01.964+0000] {dagbag.py:536} INFO - Filling up the DagBag from /home/airflow/.local/lib/python3.8/site-packages/airflow/example_dags/example_task_group_decorator.py
[2023-11-18T11:42:01.979+0000] {processor.py:839} INFO - DAG(s) dict_keys(['example_task_group_decorator']) retrieved from /home/airflow/.local/lib/python3.8/site-packages/airflow/example_dags/example_task_group_decorator.py
[2023-11-18T11:42:01.998+0000] {logging_mixin.py:154} INFO - [2023-11-18T11:42:01.998+0000] {dag.py:2941} INFO - Sync 1 DAGs
[2023-11-18T11:42:02.011+0000] {logging_mixin.py:154} INFO - [2023-11-18T11:42:02.011+0000] {dag.py:3722} INFO - Setting next_dagrun for example_task_group_decorator to 2023-11-17T11:42:02.011099+00:00, run_after=2023-11-18T11:42:02.011099+00:00
[2023-11-18T11:42:02.021+0000] {processor.py:179} INFO - Processing /home/airflow/.local/lib/python3.8/site-packages/airflow/example_dags/example_task_group_decorator.py took 0.064 seconds
[2023-11-18T11:42:32.706+0000] {processor.py:157} INFO - Started process (PID=1142) to work on /home/airflow/.local/lib/python3.8/site-packages/airflow/example_dags/example_task_group_decorator.py
[2023-11-18T11:42:32.708+0000] {processor.py:829} INFO - Processing file /home/airflow/.local/lib/python3.8/site-packages/airflow/example_dags/example_task_group_decorator.py for tasks to queue
[2023-11-18T11:42:32.711+0000] {logging_mixin.py:154} INFO - [2023-11-18T11:42:32.710+0000] {dagbag.py:536} INFO - Filling up the DagBag from /home/airflow/.local/lib/python3.8/site-packages/airflow/example_dags/example_task_group_decorator.py
[2023-11-18T11:42:32.727+0000] {processor.py:839} INFO - DAG(s) dict_keys(['example_task_group_decorator']) retrieved from /home/airflow/.local/lib/python3.8/site-packages/airflow/example_dags/example_task_group_decorator.py
[2023-11-18T11:42:32.745+0000] {logging_mixin.py:154} INFO - [2023-11-18T11:42:32.745+0000] {dag.py:2941} INFO - Sync 1 DAGs
[2023-11-18T11:42:32.759+0000] {logging_mixin.py:154} INFO - [2023-11-18T11:42:32.759+0000] {dag.py:3722} INFO - Setting next_dagrun for example_task_group_decorator to 2023-11-17T11:42:32.758944+00:00, run_after=2023-11-18T11:42:32.758944+00:00
[2023-11-18T11:42:32.769+0000] {processor.py:179} INFO - Processing /home/airflow/.local/lib/python3.8/site-packages/airflow/example_dags/example_task_group_decorator.py took 0.068 seconds
[2023-11-18T11:43:02.915+0000] {processor.py:157} INFO - Started process (PID=1197) to work on /home/airflow/.local/lib/python3.8/site-packages/airflow/example_dags/example_task_group_decorator.py
[2023-11-18T11:43:02.916+0000] {processor.py:829} INFO - Processing file /home/airflow/.local/lib/python3.8/site-packages/airflow/example_dags/example_task_group_decorator.py for tasks to queue
[2023-11-18T11:43:02.918+0000] {logging_mixin.py:154} INFO - [2023-11-18T11:43:02.918+0000] {dagbag.py:536} INFO - Filling up the DagBag from /home/airflow/.local/lib/python3.8/site-packages/airflow/example_dags/example_task_group_decorator.py
[2023-11-18T11:43:02.931+0000] {processor.py:839} INFO - DAG(s) dict_keys(['example_task_group_decorator']) retrieved from /home/airflow/.local/lib/python3.8/site-packages/airflow/example_dags/example_task_group_decorator.py
[2023-11-18T11:43:02.947+0000] {logging_mixin.py:154} INFO - [2023-11-18T11:43:02.947+0000] {dag.py:2941} INFO - Sync 1 DAGs
[2023-11-18T11:43:02.959+0000] {logging_mixin.py:154} INFO - [2023-11-18T11:43:02.959+0000] {dag.py:3722} INFO - Setting next_dagrun for example_task_group_decorator to 2023-11-17T11:43:02.959169+00:00, run_after=2023-11-18T11:43:02.959169+00:00
[2023-11-18T11:43:02.969+0000] {processor.py:179} INFO - Processing /home/airflow/.local/lib/python3.8/site-packages/airflow/example_dags/example_task_group_decorator.py took 0.058 seconds
[2023-11-18T11:43:33.944+0000] {processor.py:157} INFO - Started process (PID=1252) to work on /home/airflow/.local/lib/python3.8/site-packages/airflow/example_dags/example_task_group_decorator.py
[2023-11-18T11:43:33.946+0000] {processor.py:829} INFO - Processing file /home/airflow/.local/lib/python3.8/site-packages/airflow/example_dags/example_task_group_decorator.py for tasks to queue
[2023-11-18T11:43:33.959+0000] {logging_mixin.py:154} INFO - [2023-11-18T11:43:33.958+0000] {dagbag.py:536} INFO - Filling up the DagBag from /home/airflow/.local/lib/python3.8/site-packages/airflow/example_dags/example_task_group_decorator.py
[2023-11-18T11:43:33.975+0000] {processor.py:839} INFO - DAG(s) dict_keys(['example_task_group_decorator']) retrieved from /home/airflow/.local/lib/python3.8/site-packages/airflow/example_dags/example_task_group_decorator.py
[2023-11-18T11:43:33.992+0000] {logging_mixin.py:154} INFO - [2023-11-18T11:43:33.992+0000] {dag.py:2941} INFO - Sync 1 DAGs
[2023-11-18T11:43:34.020+0000] {logging_mixin.py:154} INFO - [2023-11-18T11:43:34.020+0000] {dag.py:3722} INFO - Setting next_dagrun for example_task_group_decorator to 2023-11-17T11:43:34.019856+00:00, run_after=2023-11-18T11:43:34.019856+00:00
[2023-11-18T11:43:34.030+0000] {processor.py:179} INFO - Processing /home/airflow/.local/lib/python3.8/site-packages/airflow/example_dags/example_task_group_decorator.py took 0.091 seconds
[2023-11-18T11:44:04.148+0000] {processor.py:157} INFO - Started process (PID=1307) to work on /home/airflow/.local/lib/python3.8/site-packages/airflow/example_dags/example_task_group_decorator.py
[2023-11-18T11:44:04.149+0000] {processor.py:829} INFO - Processing file /home/airflow/.local/lib/python3.8/site-packages/airflow/example_dags/example_task_group_decorator.py for tasks to queue
[2023-11-18T11:44:04.153+0000] {logging_mixin.py:154} INFO - [2023-11-18T11:44:04.152+0000] {dagbag.py:536} INFO - Filling up the DagBag from /home/airflow/.local/lib/python3.8/site-packages/airflow/example_dags/example_task_group_decorator.py
[2023-11-18T11:44:04.184+0000] {processor.py:839} INFO - DAG(s) dict_keys(['example_task_group_decorator']) retrieved from /home/airflow/.local/lib/python3.8/site-packages/airflow/example_dags/example_task_group_decorator.py
[2023-11-18T11:44:04.200+0000] {logging_mixin.py:154} INFO - [2023-11-18T11:44:04.200+0000] {dag.py:2941} INFO - Sync 1 DAGs
[2023-11-18T11:44:04.215+0000] {logging_mixin.py:154} INFO - [2023-11-18T11:44:04.214+0000] {dag.py:3722} INFO - Setting next_dagrun for example_task_group_decorator to 2023-11-17T11:44:04.214678+00:00, run_after=2023-11-18T11:44:04.214678+00:00
[2023-11-18T11:44:04.225+0000] {processor.py:179} INFO - Processing /home/airflow/.local/lib/python3.8/site-packages/airflow/example_dags/example_task_group_decorator.py took 0.081 seconds
[2023-11-18T11:44:34.725+0000] {processor.py:157} INFO - Started process (PID=1374) to work on /home/airflow/.local/lib/python3.8/site-packages/airflow/example_dags/example_task_group_decorator.py
[2023-11-18T11:44:34.727+0000] {processor.py:829} INFO - Processing file /home/airflow/.local/lib/python3.8/site-packages/airflow/example_dags/example_task_group_decorator.py for tasks to queue
[2023-11-18T11:44:34.732+0000] {logging_mixin.py:154} INFO - [2023-11-18T11:44:34.731+0000] {dagbag.py:536} INFO - Filling up the DagBag from /home/airflow/.local/lib/python3.8/site-packages/airflow/example_dags/example_task_group_decorator.py
[2023-11-18T11:44:34.748+0000] {processor.py:839} INFO - DAG(s) dict_keys(['example_task_group_decorator']) retrieved from /home/airflow/.local/lib/python3.8/site-packages/airflow/example_dags/example_task_group_decorator.py
[2023-11-18T11:44:34.766+0000] {logging_mixin.py:154} INFO - [2023-11-18T11:44:34.766+0000] {dag.py:2941} INFO - Sync 1 DAGs
[2023-11-18T11:44:34.782+0000] {logging_mixin.py:154} INFO - [2023-11-18T11:44:34.781+0000] {dag.py:3722} INFO - Setting next_dagrun for example_task_group_decorator to 2023-11-17T11:44:34.781724+00:00, run_after=2023-11-18T11:44:34.781724+00:00
[2023-11-18T11:44:34.797+0000] {processor.py:179} INFO - Processing /home/airflow/.local/lib/python3.8/site-packages/airflow/example_dags/example_task_group_decorator.py took 0.079 seconds
[2023-11-18T11:45:05.209+0000] {processor.py:157} INFO - Started process (PID=1435) to work on /home/airflow/.local/lib/python3.8/site-packages/airflow/example_dags/example_task_group_decorator.py
[2023-11-18T11:45:05.214+0000] {processor.py:829} INFO - Processing file /home/airflow/.local/lib/python3.8/site-packages/airflow/example_dags/example_task_group_decorator.py for tasks to queue
[2023-11-18T11:45:05.229+0000] {logging_mixin.py:154} INFO - [2023-11-18T11:45:05.228+0000] {dagbag.py:536} INFO - Filling up the DagBag from /home/airflow/.local/lib/python3.8/site-packages/airflow/example_dags/example_task_group_decorator.py
[2023-11-18T11:45:05.254+0000] {processor.py:839} INFO - DAG(s) dict_keys(['example_task_group_decorator']) retrieved from /home/airflow/.local/lib/python3.8/site-packages/airflow/example_dags/example_task_group_decorator.py
[2023-11-18T11:45:05.273+0000] {logging_mixin.py:154} INFO - [2023-11-18T11:45:05.273+0000] {dag.py:2941} INFO - Sync 1 DAGs
[2023-11-18T11:45:05.288+0000] {logging_mixin.py:154} INFO - [2023-11-18T11:45:05.288+0000] {dag.py:3722} INFO - Setting next_dagrun for example_task_group_decorator to 2023-11-17T11:45:05.288404+00:00, run_after=2023-11-18T11:45:05.288404+00:00
[2023-11-18T11:45:05.301+0000] {processor.py:179} INFO - Processing /home/airflow/.local/lib/python3.8/site-packages/airflow/example_dags/example_task_group_decorator.py took 0.104 seconds
[2023-11-18T11:45:35.643+0000] {processor.py:157} INFO - Started process (PID=1494) to work on /home/airflow/.local/lib/python3.8/site-packages/airflow/example_dags/example_task_group_decorator.py
[2023-11-18T11:45:35.644+0000] {processor.py:829} INFO - Processing file /home/airflow/.local/lib/python3.8/site-packages/airflow/example_dags/example_task_group_decorator.py for tasks to queue
[2023-11-18T11:45:35.646+0000] {logging_mixin.py:154} INFO - [2023-11-18T11:45:35.646+0000] {dagbag.py:536} INFO - Filling up the DagBag from /home/airflow/.local/lib/python3.8/site-packages/airflow/example_dags/example_task_group_decorator.py
[2023-11-18T11:45:35.657+0000] {processor.py:839} INFO - DAG(s) dict_keys(['example_task_group_decorator']) retrieved from /home/airflow/.local/lib/python3.8/site-packages/airflow/example_dags/example_task_group_decorator.py
[2023-11-18T11:45:35.679+0000] {logging_mixin.py:154} INFO - [2023-11-18T11:45:35.679+0000] {dag.py:2941} INFO - Sync 1 DAGs
[2023-11-18T11:45:35.695+0000] {logging_mixin.py:154} INFO - [2023-11-18T11:45:35.695+0000] {dag.py:3722} INFO - Setting next_dagrun for example_task_group_decorator to 2023-11-17T11:45:35.694983+00:00, run_after=2023-11-18T11:45:35.694983+00:00
[2023-11-18T11:45:35.706+0000] {processor.py:179} INFO - Processing /home/airflow/.local/lib/python3.8/site-packages/airflow/example_dags/example_task_group_decorator.py took 0.066 seconds
[2023-11-18T11:46:05.918+0000] {processor.py:157} INFO - Started process (PID=1550) to work on /home/airflow/.local/lib/python3.8/site-packages/airflow/example_dags/example_task_group_decorator.py
[2023-11-18T11:46:05.920+0000] {processor.py:829} INFO - Processing file /home/airflow/.local/lib/python3.8/site-packages/airflow/example_dags/example_task_group_decorator.py for tasks to queue
[2023-11-18T11:46:05.923+0000] {logging_mixin.py:154} INFO - [2023-11-18T11:46:05.923+0000] {dagbag.py:536} INFO - Filling up the DagBag from /home/airflow/.local/lib/python3.8/site-packages/airflow/example_dags/example_task_group_decorator.py
[2023-11-18T11:46:05.941+0000] {processor.py:839} INFO - DAG(s) dict_keys(['example_task_group_decorator']) retrieved from /home/airflow/.local/lib/python3.8/site-packages/airflow/example_dags/example_task_group_decorator.py
[2023-11-18T11:46:05.959+0000] {logging_mixin.py:154} INFO - [2023-11-18T11:46:05.959+0000] {dag.py:2941} INFO - Sync 1 DAGs
[2023-11-18T11:46:05.976+0000] {logging_mixin.py:154} INFO - [2023-11-18T11:46:05.976+0000] {dag.py:3722} INFO - Setting next_dagrun for example_task_group_decorator to 2023-11-17T11:46:05.975829+00:00, run_after=2023-11-18T11:46:05.975829+00:00
[2023-11-18T11:46:05.986+0000] {processor.py:179} INFO - Processing /home/airflow/.local/lib/python3.8/site-packages/airflow/example_dags/example_task_group_decorator.py took 0.075 seconds
[2023-11-18T11:46:36.612+0000] {processor.py:157} INFO - Started process (PID=1611) to work on /home/airflow/.local/lib/python3.8/site-packages/airflow/example_dags/example_task_group_decorator.py
[2023-11-18T11:46:36.615+0000] {processor.py:829} INFO - Processing file /home/airflow/.local/lib/python3.8/site-packages/airflow/example_dags/example_task_group_decorator.py for tasks to queue
[2023-11-18T11:46:36.619+0000] {logging_mixin.py:154} INFO - [2023-11-18T11:46:36.619+0000] {dagbag.py:536} INFO - Filling up the DagBag from /home/airflow/.local/lib/python3.8/site-packages/airflow/example_dags/example_task_group_decorator.py
[2023-11-18T11:46:36.637+0000] {processor.py:839} INFO - DAG(s) dict_keys(['example_task_group_decorator']) retrieved from /home/airflow/.local/lib/python3.8/site-packages/airflow/example_dags/example_task_group_decorator.py
[2023-11-18T11:46:36.658+0000] {logging_mixin.py:154} INFO - [2023-11-18T11:46:36.658+0000] {dag.py:2941} INFO - Sync 1 DAGs
[2023-11-18T11:46:36.677+0000] {logging_mixin.py:154} INFO - [2023-11-18T11:46:36.676+0000] {dag.py:3722} INFO - Setting next_dagrun for example_task_group_decorator to 2023-11-17T11:46:36.676627+00:00, run_after=2023-11-18T11:46:36.676627+00:00
[2023-11-18T11:46:36.689+0000] {processor.py:179} INFO - Processing /home/airflow/.local/lib/python3.8/site-packages/airflow/example_dags/example_task_group_decorator.py took 0.085 seconds
