[2023-11-18T11:32:44.172+0000] {processor.py:157} INFO - Started process (PID=76) to work on /home/airflow/.local/lib/python3.8/site-packages/airflow/example_dags/example_kubernetes_executor.py
[2023-11-18T11:32:44.194+0000] {processor.py:829} INFO - Processing file /home/airflow/.local/lib/python3.8/site-packages/airflow/example_dags/example_kubernetes_executor.py for tasks to queue
[2023-11-18T11:32:44.294+0000] {logging_mixin.py:154} INFO - [2023-11-18T11:32:44.290+0000] {dagbag.py:536} INFO - Filling up the DagBag from /home/airflow/.local/lib/python3.8/site-packages/airflow/example_dags/example_kubernetes_executor.py
[2023-11-18T11:32:44.782+0000] {processor.py:839} INFO - DAG(s) dict_keys(['example_kubernetes_executor']) retrieved from /home/airflow/.local/lib/python3.8/site-packages/airflow/example_dags/example_kubernetes_executor.py
[2023-11-18T11:32:45.446+0000] {logging_mixin.py:154} INFO - [2023-11-18T11:32:45.445+0000] {dag.py:2941} INFO - Sync 1 DAGs
[2023-11-18T11:32:45.717+0000] {logging_mixin.py:154} INFO - [2023-11-18T11:32:45.716+0000] {dag.py:3722} INFO - Setting next_dagrun for example_kubernetes_executor to None, run_after=None
[2023-11-18T11:32:45.819+0000] {processor.py:179} INFO - Processing /home/airflow/.local/lib/python3.8/site-packages/airflow/example_dags/example_kubernetes_executor.py took 1.828 seconds
[2023-11-18T11:33:16.290+0000] {processor.py:157} INFO - Started process (PID=132) to work on /home/airflow/.local/lib/python3.8/site-packages/airflow/example_dags/example_kubernetes_executor.py
[2023-11-18T11:33:16.292+0000] {processor.py:829} INFO - Processing file /home/airflow/.local/lib/python3.8/site-packages/airflow/example_dags/example_kubernetes_executor.py for tasks to queue
[2023-11-18T11:33:16.307+0000] {logging_mixin.py:154} INFO - [2023-11-18T11:33:16.306+0000] {dagbag.py:536} INFO - Filling up the DagBag from /home/airflow/.local/lib/python3.8/site-packages/airflow/example_dags/example_kubernetes_executor.py
[2023-11-18T11:33:16.495+0000] {processor.py:839} INFO - DAG(s) dict_keys(['example_kubernetes_executor']) retrieved from /home/airflow/.local/lib/python3.8/site-packages/airflow/example_dags/example_kubernetes_executor.py
[2023-11-18T11:33:17.042+0000] {logging_mixin.py:154} INFO - [2023-11-18T11:33:17.041+0000] {dag.py:2941} INFO - Sync 1 DAGs
[2023-11-18T11:33:17.183+0000] {logging_mixin.py:154} INFO - [2023-11-18T11:33:17.183+0000] {dag.py:3722} INFO - Setting next_dagrun for example_kubernetes_executor to None, run_after=None
[2023-11-18T11:33:17.301+0000] {processor.py:179} INFO - Processing /home/airflow/.local/lib/python3.8/site-packages/airflow/example_dags/example_kubernetes_executor.py took 1.015 seconds
[2023-11-18T11:33:47.450+0000] {processor.py:157} INFO - Started process (PID=188) to work on /home/airflow/.local/lib/python3.8/site-packages/airflow/example_dags/example_kubernetes_executor.py
[2023-11-18T11:33:47.452+0000] {processor.py:829} INFO - Processing file /home/airflow/.local/lib/python3.8/site-packages/airflow/example_dags/example_kubernetes_executor.py for tasks to queue
[2023-11-18T11:33:47.455+0000] {logging_mixin.py:154} INFO - [2023-11-18T11:33:47.454+0000] {dagbag.py:536} INFO - Filling up the DagBag from /home/airflow/.local/lib/python3.8/site-packages/airflow/example_dags/example_kubernetes_executor.py
[2023-11-18T11:33:47.566+0000] {processor.py:839} INFO - DAG(s) dict_keys(['example_kubernetes_executor']) retrieved from /home/airflow/.local/lib/python3.8/site-packages/airflow/example_dags/example_kubernetes_executor.py
[2023-11-18T11:33:47.675+0000] {logging_mixin.py:154} INFO - [2023-11-18T11:33:47.673+0000] {dag.py:2941} INFO - Sync 1 DAGs
[2023-11-18T11:33:47.699+0000] {logging_mixin.py:154} INFO - [2023-11-18T11:33:47.698+0000] {dag.py:3722} INFO - Setting next_dagrun for example_kubernetes_executor to None, run_after=None
[2023-11-18T11:33:47.756+0000] {processor.py:179} INFO - Processing /home/airflow/.local/lib/python3.8/site-packages/airflow/example_dags/example_kubernetes_executor.py took 0.312 seconds
[2023-11-18T11:34:18.389+0000] {processor.py:157} INFO - Started process (PID=243) to work on /home/airflow/.local/lib/python3.8/site-packages/airflow/example_dags/example_kubernetes_executor.py
[2023-11-18T11:34:18.392+0000] {processor.py:829} INFO - Processing file /home/airflow/.local/lib/python3.8/site-packages/airflow/example_dags/example_kubernetes_executor.py for tasks to queue
[2023-11-18T11:34:18.394+0000] {logging_mixin.py:154} INFO - [2023-11-18T11:34:18.393+0000] {dagbag.py:536} INFO - Filling up the DagBag from /home/airflow/.local/lib/python3.8/site-packages/airflow/example_dags/example_kubernetes_executor.py
[2023-11-18T11:34:18.407+0000] {processor.py:839} INFO - DAG(s) dict_keys(['example_kubernetes_executor']) retrieved from /home/airflow/.local/lib/python3.8/site-packages/airflow/example_dags/example_kubernetes_executor.py
[2023-11-18T11:34:18.438+0000] {logging_mixin.py:154} INFO - [2023-11-18T11:34:18.437+0000] {dag.py:2941} INFO - Sync 1 DAGs
[2023-11-18T11:34:18.453+0000] {logging_mixin.py:154} INFO - [2023-11-18T11:34:18.452+0000] {dag.py:3722} INFO - Setting next_dagrun for example_kubernetes_executor to None, run_after=None
[2023-11-18T11:34:18.470+0000] {processor.py:179} INFO - Processing /home/airflow/.local/lib/python3.8/site-packages/airflow/example_dags/example_kubernetes_executor.py took 0.084 seconds
[2023-11-18T11:34:49.233+0000] {processor.py:157} INFO - Started process (PID=298) to work on /home/airflow/.local/lib/python3.8/site-packages/airflow/example_dags/example_kubernetes_executor.py
[2023-11-18T11:34:49.234+0000] {processor.py:829} INFO - Processing file /home/airflow/.local/lib/python3.8/site-packages/airflow/example_dags/example_kubernetes_executor.py for tasks to queue
[2023-11-18T11:34:49.236+0000] {logging_mixin.py:154} INFO - [2023-11-18T11:34:49.235+0000] {dagbag.py:536} INFO - Filling up the DagBag from /home/airflow/.local/lib/python3.8/site-packages/airflow/example_dags/example_kubernetes_executor.py
[2023-11-18T11:34:49.245+0000] {processor.py:839} INFO - DAG(s) dict_keys(['example_kubernetes_executor']) retrieved from /home/airflow/.local/lib/python3.8/site-packages/airflow/example_dags/example_kubernetes_executor.py
[2023-11-18T11:34:49.270+0000] {logging_mixin.py:154} INFO - [2023-11-18T11:34:49.270+0000] {dag.py:2941} INFO - Sync 1 DAGs
[2023-11-18T11:34:49.278+0000] {logging_mixin.py:154} INFO - [2023-11-18T11:34:49.278+0000] {dag.py:3722} INFO - Setting next_dagrun for example_kubernetes_executor to None, run_after=None
[2023-11-18T11:34:49.288+0000] {processor.py:179} INFO - Processing /home/airflow/.local/lib/python3.8/site-packages/airflow/example_dags/example_kubernetes_executor.py took 0.057 seconds
[2023-11-18T11:35:19.938+0000] {processor.py:157} INFO - Started process (PID=353) to work on /home/airflow/.local/lib/python3.8/site-packages/airflow/example_dags/example_kubernetes_executor.py
[2023-11-18T11:35:19.939+0000] {processor.py:829} INFO - Processing file /home/airflow/.local/lib/python3.8/site-packages/airflow/example_dags/example_kubernetes_executor.py for tasks to queue
[2023-11-18T11:35:19.940+0000] {logging_mixin.py:154} INFO - [2023-11-18T11:35:19.940+0000] {dagbag.py:536} INFO - Filling up the DagBag from /home/airflow/.local/lib/python3.8/site-packages/airflow/example_dags/example_kubernetes_executor.py
[2023-11-18T11:35:19.948+0000] {processor.py:839} INFO - DAG(s) dict_keys(['example_kubernetes_executor']) retrieved from /home/airflow/.local/lib/python3.8/site-packages/airflow/example_dags/example_kubernetes_executor.py
[2023-11-18T11:35:19.970+0000] {logging_mixin.py:154} INFO - [2023-11-18T11:35:19.970+0000] {dag.py:2941} INFO - Sync 1 DAGs
[2023-11-18T11:35:19.976+0000] {logging_mixin.py:154} INFO - [2023-11-18T11:35:19.976+0000] {dag.py:3722} INFO - Setting next_dagrun for example_kubernetes_executor to None, run_after=None
[2023-11-18T11:35:19.985+0000] {processor.py:179} INFO - Processing /home/airflow/.local/lib/python3.8/site-packages/airflow/example_dags/example_kubernetes_executor.py took 0.049 seconds
[2023-11-18T11:35:50.132+0000] {processor.py:157} INFO - Started process (PID=409) to work on /home/airflow/.local/lib/python3.8/site-packages/airflow/example_dags/example_kubernetes_executor.py
[2023-11-18T11:35:50.133+0000] {processor.py:829} INFO - Processing file /home/airflow/.local/lib/python3.8/site-packages/airflow/example_dags/example_kubernetes_executor.py for tasks to queue
[2023-11-18T11:35:50.135+0000] {logging_mixin.py:154} INFO - [2023-11-18T11:35:50.135+0000] {dagbag.py:536} INFO - Filling up the DagBag from /home/airflow/.local/lib/python3.8/site-packages/airflow/example_dags/example_kubernetes_executor.py
[2023-11-18T11:35:50.145+0000] {processor.py:839} INFO - DAG(s) dict_keys(['example_kubernetes_executor']) retrieved from /home/airflow/.local/lib/python3.8/site-packages/airflow/example_dags/example_kubernetes_executor.py
[2023-11-18T11:35:50.171+0000] {logging_mixin.py:154} INFO - [2023-11-18T11:35:50.170+0000] {dag.py:2941} INFO - Sync 1 DAGs
[2023-11-18T11:35:50.179+0000] {logging_mixin.py:154} INFO - [2023-11-18T11:35:50.179+0000] {dag.py:3722} INFO - Setting next_dagrun for example_kubernetes_executor to None, run_after=None
[2023-11-18T11:35:50.194+0000] {processor.py:179} INFO - Processing /home/airflow/.local/lib/python3.8/site-packages/airflow/example_dags/example_kubernetes_executor.py took 0.063 seconds
[2023-11-18T11:36:20.503+0000] {processor.py:157} INFO - Started process (PID=464) to work on /home/airflow/.local/lib/python3.8/site-packages/airflow/example_dags/example_kubernetes_executor.py
[2023-11-18T11:36:20.503+0000] {processor.py:829} INFO - Processing file /home/airflow/.local/lib/python3.8/site-packages/airflow/example_dags/example_kubernetes_executor.py for tasks to queue
[2023-11-18T11:36:20.505+0000] {logging_mixin.py:154} INFO - [2023-11-18T11:36:20.505+0000] {dagbag.py:536} INFO - Filling up the DagBag from /home/airflow/.local/lib/python3.8/site-packages/airflow/example_dags/example_kubernetes_executor.py
[2023-11-18T11:36:20.513+0000] {processor.py:839} INFO - DAG(s) dict_keys(['example_kubernetes_executor']) retrieved from /home/airflow/.local/lib/python3.8/site-packages/airflow/example_dags/example_kubernetes_executor.py
[2023-11-18T11:36:20.536+0000] {logging_mixin.py:154} INFO - [2023-11-18T11:36:20.536+0000] {dag.py:2941} INFO - Sync 1 DAGs
[2023-11-18T11:36:20.545+0000] {logging_mixin.py:154} INFO - [2023-11-18T11:36:20.545+0000] {dag.py:3722} INFO - Setting next_dagrun for example_kubernetes_executor to None, run_after=None
[2023-11-18T11:36:20.557+0000] {processor.py:179} INFO - Processing /home/airflow/.local/lib/python3.8/site-packages/airflow/example_dags/example_kubernetes_executor.py took 0.057 seconds
[2023-11-18T11:36:50.657+0000] {processor.py:157} INFO - Started process (PID=519) to work on /home/airflow/.local/lib/python3.8/site-packages/airflow/example_dags/example_kubernetes_executor.py
[2023-11-18T11:36:50.658+0000] {processor.py:829} INFO - Processing file /home/airflow/.local/lib/python3.8/site-packages/airflow/example_dags/example_kubernetes_executor.py for tasks to queue
[2023-11-18T11:36:50.659+0000] {logging_mixin.py:154} INFO - [2023-11-18T11:36:50.659+0000] {dagbag.py:536} INFO - Filling up the DagBag from /home/airflow/.local/lib/python3.8/site-packages/airflow/example_dags/example_kubernetes_executor.py
[2023-11-18T11:36:50.669+0000] {processor.py:839} INFO - DAG(s) dict_keys(['example_kubernetes_executor']) retrieved from /home/airflow/.local/lib/python3.8/site-packages/airflow/example_dags/example_kubernetes_executor.py
[2023-11-18T11:36:50.696+0000] {logging_mixin.py:154} INFO - [2023-11-18T11:36:50.695+0000] {dag.py:2941} INFO - Sync 1 DAGs
[2023-11-18T11:36:50.703+0000] {logging_mixin.py:154} INFO - [2023-11-18T11:36:50.703+0000] {dag.py:3722} INFO - Setting next_dagrun for example_kubernetes_executor to None, run_after=None
[2023-11-18T11:36:50.712+0000] {processor.py:179} INFO - Processing /home/airflow/.local/lib/python3.8/site-packages/airflow/example_dags/example_kubernetes_executor.py took 0.057 seconds
[2023-11-18T11:37:20.882+0000] {processor.py:157} INFO - Started process (PID=574) to work on /home/airflow/.local/lib/python3.8/site-packages/airflow/example_dags/example_kubernetes_executor.py
[2023-11-18T11:37:20.882+0000] {processor.py:829} INFO - Processing file /home/airflow/.local/lib/python3.8/site-packages/airflow/example_dags/example_kubernetes_executor.py for tasks to queue
[2023-11-18T11:37:20.884+0000] {logging_mixin.py:154} INFO - [2023-11-18T11:37:20.884+0000] {dagbag.py:536} INFO - Filling up the DagBag from /home/airflow/.local/lib/python3.8/site-packages/airflow/example_dags/example_kubernetes_executor.py
[2023-11-18T11:37:20.894+0000] {processor.py:839} INFO - DAG(s) dict_keys(['example_kubernetes_executor']) retrieved from /home/airflow/.local/lib/python3.8/site-packages/airflow/example_dags/example_kubernetes_executor.py
[2023-11-18T11:37:20.925+0000] {logging_mixin.py:154} INFO - [2023-11-18T11:37:20.924+0000] {dag.py:2941} INFO - Sync 1 DAGs
[2023-11-18T11:37:20.935+0000] {logging_mixin.py:154} INFO - [2023-11-18T11:37:20.935+0000] {dag.py:3722} INFO - Setting next_dagrun for example_kubernetes_executor to None, run_after=None
[2023-11-18T11:37:20.950+0000] {processor.py:179} INFO - Processing /home/airflow/.local/lib/python3.8/site-packages/airflow/example_dags/example_kubernetes_executor.py took 0.070 seconds
[2023-11-18T11:37:50.979+0000] {processor.py:157} INFO - Started process (PID=628) to work on /home/airflow/.local/lib/python3.8/site-packages/airflow/example_dags/example_kubernetes_executor.py
[2023-11-18T11:37:50.980+0000] {processor.py:829} INFO - Processing file /home/airflow/.local/lib/python3.8/site-packages/airflow/example_dags/example_kubernetes_executor.py for tasks to queue
[2023-11-18T11:37:50.982+0000] {logging_mixin.py:154} INFO - [2023-11-18T11:37:50.982+0000] {dagbag.py:536} INFO - Filling up the DagBag from /home/airflow/.local/lib/python3.8/site-packages/airflow/example_dags/example_kubernetes_executor.py
[2023-11-18T11:37:50.990+0000] {processor.py:839} INFO - DAG(s) dict_keys(['example_kubernetes_executor']) retrieved from /home/airflow/.local/lib/python3.8/site-packages/airflow/example_dags/example_kubernetes_executor.py
[2023-11-18T11:37:51.011+0000] {logging_mixin.py:154} INFO - [2023-11-18T11:37:51.010+0000] {dag.py:2941} INFO - Sync 1 DAGs
[2023-11-18T11:37:51.017+0000] {logging_mixin.py:154} INFO - [2023-11-18T11:37:51.017+0000] {dag.py:3722} INFO - Setting next_dagrun for example_kubernetes_executor to None, run_after=None
[2023-11-18T11:37:51.025+0000] {processor.py:179} INFO - Processing /home/airflow/.local/lib/python3.8/site-packages/airflow/example_dags/example_kubernetes_executor.py took 0.048 seconds
[2023-11-18T11:38:21.948+0000] {processor.py:157} INFO - Started process (PID=684) to work on /home/airflow/.local/lib/python3.8/site-packages/airflow/example_dags/example_kubernetes_executor.py
[2023-11-18T11:38:21.949+0000] {processor.py:829} INFO - Processing file /home/airflow/.local/lib/python3.8/site-packages/airflow/example_dags/example_kubernetes_executor.py for tasks to queue
[2023-11-18T11:38:21.950+0000] {logging_mixin.py:154} INFO - [2023-11-18T11:38:21.950+0000] {dagbag.py:536} INFO - Filling up the DagBag from /home/airflow/.local/lib/python3.8/site-packages/airflow/example_dags/example_kubernetes_executor.py
[2023-11-18T11:38:21.960+0000] {processor.py:839} INFO - DAG(s) dict_keys(['example_kubernetes_executor']) retrieved from /home/airflow/.local/lib/python3.8/site-packages/airflow/example_dags/example_kubernetes_executor.py
[2023-11-18T11:38:21.985+0000] {logging_mixin.py:154} INFO - [2023-11-18T11:38:21.985+0000] {dag.py:2941} INFO - Sync 1 DAGs
[2023-11-18T11:38:21.994+0000] {logging_mixin.py:154} INFO - [2023-11-18T11:38:21.994+0000] {dag.py:3722} INFO - Setting next_dagrun for example_kubernetes_executor to None, run_after=None
[2023-11-18T11:38:22.004+0000] {processor.py:179} INFO - Processing /home/airflow/.local/lib/python3.8/site-packages/airflow/example_dags/example_kubernetes_executor.py took 0.058 seconds
[2023-11-18T11:38:52.039+0000] {processor.py:157} INFO - Started process (PID=738) to work on /home/airflow/.local/lib/python3.8/site-packages/airflow/example_dags/example_kubernetes_executor.py
[2023-11-18T11:38:52.041+0000] {processor.py:829} INFO - Processing file /home/airflow/.local/lib/python3.8/site-packages/airflow/example_dags/example_kubernetes_executor.py for tasks to queue
[2023-11-18T11:38:52.044+0000] {logging_mixin.py:154} INFO - [2023-11-18T11:38:52.044+0000] {dagbag.py:536} INFO - Filling up the DagBag from /home/airflow/.local/lib/python3.8/site-packages/airflow/example_dags/example_kubernetes_executor.py
[2023-11-18T11:38:52.060+0000] {processor.py:839} INFO - DAG(s) dict_keys(['example_kubernetes_executor']) retrieved from /home/airflow/.local/lib/python3.8/site-packages/airflow/example_dags/example_kubernetes_executor.py
[2023-11-18T11:38:52.087+0000] {logging_mixin.py:154} INFO - [2023-11-18T11:38:52.087+0000] {dag.py:2941} INFO - Sync 1 DAGs
[2023-11-18T11:38:52.094+0000] {logging_mixin.py:154} INFO - [2023-11-18T11:38:52.094+0000] {dag.py:3722} INFO - Setting next_dagrun for example_kubernetes_executor to None, run_after=None
[2023-11-18T11:38:52.106+0000] {processor.py:179} INFO - Processing /home/airflow/.local/lib/python3.8/site-packages/airflow/example_dags/example_kubernetes_executor.py took 0.071 seconds
[2023-11-18T11:39:22.388+0000] {processor.py:157} INFO - Started process (PID=794) to work on /home/airflow/.local/lib/python3.8/site-packages/airflow/example_dags/example_kubernetes_executor.py
[2023-11-18T11:39:22.389+0000] {processor.py:829} INFO - Processing file /home/airflow/.local/lib/python3.8/site-packages/airflow/example_dags/example_kubernetes_executor.py for tasks to queue
[2023-11-18T11:39:22.390+0000] {logging_mixin.py:154} INFO - [2023-11-18T11:39:22.390+0000] {dagbag.py:536} INFO - Filling up the DagBag from /home/airflow/.local/lib/python3.8/site-packages/airflow/example_dags/example_kubernetes_executor.py
[2023-11-18T11:39:22.400+0000] {processor.py:839} INFO - DAG(s) dict_keys(['example_kubernetes_executor']) retrieved from /home/airflow/.local/lib/python3.8/site-packages/airflow/example_dags/example_kubernetes_executor.py
[2023-11-18T11:39:22.425+0000] {logging_mixin.py:154} INFO - [2023-11-18T11:39:22.425+0000] {dag.py:2941} INFO - Sync 1 DAGs
[2023-11-18T11:39:22.434+0000] {logging_mixin.py:154} INFO - [2023-11-18T11:39:22.434+0000] {dag.py:3722} INFO - Setting next_dagrun for example_kubernetes_executor to None, run_after=None
[2023-11-18T11:39:22.445+0000] {processor.py:179} INFO - Processing /home/airflow/.local/lib/python3.8/site-packages/airflow/example_dags/example_kubernetes_executor.py took 0.059 seconds
[2023-11-18T11:39:52.472+0000] {processor.py:157} INFO - Started process (PID=848) to work on /home/airflow/.local/lib/python3.8/site-packages/airflow/example_dags/example_kubernetes_executor.py
[2023-11-18T11:39:52.473+0000] {processor.py:829} INFO - Processing file /home/airflow/.local/lib/python3.8/site-packages/airflow/example_dags/example_kubernetes_executor.py for tasks to queue
[2023-11-18T11:39:52.475+0000] {logging_mixin.py:154} INFO - [2023-11-18T11:39:52.475+0000] {dagbag.py:536} INFO - Filling up the DagBag from /home/airflow/.local/lib/python3.8/site-packages/airflow/example_dags/example_kubernetes_executor.py
[2023-11-18T11:39:52.490+0000] {processor.py:839} INFO - DAG(s) dict_keys(['example_kubernetes_executor']) retrieved from /home/airflow/.local/lib/python3.8/site-packages/airflow/example_dags/example_kubernetes_executor.py
[2023-11-18T11:39:52.519+0000] {logging_mixin.py:154} INFO - [2023-11-18T11:39:52.519+0000] {dag.py:2941} INFO - Sync 1 DAGs
[2023-11-18T11:39:52.526+0000] {logging_mixin.py:154} INFO - [2023-11-18T11:39:52.526+0000] {dag.py:3722} INFO - Setting next_dagrun for example_kubernetes_executor to None, run_after=None
[2023-11-18T11:39:52.537+0000] {processor.py:179} INFO - Processing /home/airflow/.local/lib/python3.8/site-packages/airflow/example_dags/example_kubernetes_executor.py took 0.068 seconds
[2023-11-18T11:40:23.343+0000] {processor.py:157} INFO - Started process (PID=904) to work on /home/airflow/.local/lib/python3.8/site-packages/airflow/example_dags/example_kubernetes_executor.py
[2023-11-18T11:40:23.345+0000] {processor.py:829} INFO - Processing file /home/airflow/.local/lib/python3.8/site-packages/airflow/example_dags/example_kubernetes_executor.py for tasks to queue
[2023-11-18T11:40:23.347+0000] {logging_mixin.py:154} INFO - [2023-11-18T11:40:23.347+0000] {dagbag.py:536} INFO - Filling up the DagBag from /home/airflow/.local/lib/python3.8/site-packages/airflow/example_dags/example_kubernetes_executor.py
[2023-11-18T11:40:23.363+0000] {processor.py:839} INFO - DAG(s) dict_keys(['example_kubernetes_executor']) retrieved from /home/airflow/.local/lib/python3.8/site-packages/airflow/example_dags/example_kubernetes_executor.py
[2023-11-18T11:40:23.391+0000] {logging_mixin.py:154} INFO - [2023-11-18T11:40:23.391+0000] {dag.py:2941} INFO - Sync 1 DAGs
[2023-11-18T11:40:23.402+0000] {logging_mixin.py:154} INFO - [2023-11-18T11:40:23.401+0000] {dag.py:3722} INFO - Setting next_dagrun for example_kubernetes_executor to None, run_after=None
[2023-11-18T11:40:23.413+0000] {processor.py:179} INFO - Processing /home/airflow/.local/lib/python3.8/site-packages/airflow/example_dags/example_kubernetes_executor.py took 0.072 seconds
[2023-11-18T11:40:53.697+0000] {processor.py:157} INFO - Started process (PID=959) to work on /home/airflow/.local/lib/python3.8/site-packages/airflow/example_dags/example_kubernetes_executor.py
[2023-11-18T11:40:53.698+0000] {processor.py:829} INFO - Processing file /home/airflow/.local/lib/python3.8/site-packages/airflow/example_dags/example_kubernetes_executor.py for tasks to queue
[2023-11-18T11:40:53.700+0000] {logging_mixin.py:154} INFO - [2023-11-18T11:40:53.700+0000] {dagbag.py:536} INFO - Filling up the DagBag from /home/airflow/.local/lib/python3.8/site-packages/airflow/example_dags/example_kubernetes_executor.py
[2023-11-18T11:40:53.709+0000] {processor.py:839} INFO - DAG(s) dict_keys(['example_kubernetes_executor']) retrieved from /home/airflow/.local/lib/python3.8/site-packages/airflow/example_dags/example_kubernetes_executor.py
[2023-11-18T11:40:53.732+0000] {logging_mixin.py:154} INFO - [2023-11-18T11:40:53.732+0000] {dag.py:2941} INFO - Sync 1 DAGs
[2023-11-18T11:40:53.740+0000] {logging_mixin.py:154} INFO - [2023-11-18T11:40:53.740+0000] {dag.py:3722} INFO - Setting next_dagrun for example_kubernetes_executor to None, run_after=None
[2023-11-18T11:40:53.749+0000] {processor.py:179} INFO - Processing /home/airflow/.local/lib/python3.8/site-packages/airflow/example_dags/example_kubernetes_executor.py took 0.054 seconds
[2023-11-18T11:41:24.273+0000] {processor.py:157} INFO - Started process (PID=1021) to work on /home/airflow/.local/lib/python3.8/site-packages/airflow/example_dags/example_kubernetes_executor.py
[2023-11-18T11:41:24.274+0000] {processor.py:829} INFO - Processing file /home/airflow/.local/lib/python3.8/site-packages/airflow/example_dags/example_kubernetes_executor.py for tasks to queue
[2023-11-18T11:41:24.278+0000] {logging_mixin.py:154} INFO - [2023-11-18T11:41:24.277+0000] {dagbag.py:536} INFO - Filling up the DagBag from /home/airflow/.local/lib/python3.8/site-packages/airflow/example_dags/example_kubernetes_executor.py
[2023-11-18T11:41:24.302+0000] {processor.py:839} INFO - DAG(s) dict_keys(['example_kubernetes_executor']) retrieved from /home/airflow/.local/lib/python3.8/site-packages/airflow/example_dags/example_kubernetes_executor.py
[2023-11-18T11:41:24.352+0000] {logging_mixin.py:154} INFO - [2023-11-18T11:41:24.352+0000] {dag.py:2941} INFO - Sync 1 DAGs
[2023-11-18T11:41:24.371+0000] {logging_mixin.py:154} INFO - [2023-11-18T11:41:24.371+0000] {dag.py:3722} INFO - Setting next_dagrun for example_kubernetes_executor to None, run_after=None
[2023-11-18T11:41:24.387+0000] {processor.py:179} INFO - Processing /home/airflow/.local/lib/python3.8/site-packages/airflow/example_dags/example_kubernetes_executor.py took 0.117 seconds
[2023-11-18T11:41:54.530+0000] {processor.py:157} INFO - Started process (PID=1076) to work on /home/airflow/.local/lib/python3.8/site-packages/airflow/example_dags/example_kubernetes_executor.py
[2023-11-18T11:41:54.531+0000] {processor.py:829} INFO - Processing file /home/airflow/.local/lib/python3.8/site-packages/airflow/example_dags/example_kubernetes_executor.py for tasks to queue
[2023-11-18T11:41:54.532+0000] {logging_mixin.py:154} INFO - [2023-11-18T11:41:54.532+0000] {dagbag.py:536} INFO - Filling up the DagBag from /home/airflow/.local/lib/python3.8/site-packages/airflow/example_dags/example_kubernetes_executor.py
[2023-11-18T11:41:54.541+0000] {processor.py:839} INFO - DAG(s) dict_keys(['example_kubernetes_executor']) retrieved from /home/airflow/.local/lib/python3.8/site-packages/airflow/example_dags/example_kubernetes_executor.py
[2023-11-18T11:41:54.562+0000] {logging_mixin.py:154} INFO - [2023-11-18T11:41:54.562+0000] {dag.py:2941} INFO - Sync 1 DAGs
[2023-11-18T11:41:54.569+0000] {logging_mixin.py:154} INFO - [2023-11-18T11:41:54.569+0000] {dag.py:3722} INFO - Setting next_dagrun for example_kubernetes_executor to None, run_after=None
[2023-11-18T11:41:54.577+0000] {processor.py:179} INFO - Processing /home/airflow/.local/lib/python3.8/site-packages/airflow/example_dags/example_kubernetes_executor.py took 0.049 seconds
[2023-11-18T11:42:25.161+0000] {processor.py:157} INFO - Started process (PID=1131) to work on /home/airflow/.local/lib/python3.8/site-packages/airflow/example_dags/example_kubernetes_executor.py
[2023-11-18T11:42:25.162+0000] {processor.py:829} INFO - Processing file /home/airflow/.local/lib/python3.8/site-packages/airflow/example_dags/example_kubernetes_executor.py for tasks to queue
[2023-11-18T11:42:25.164+0000] {logging_mixin.py:154} INFO - [2023-11-18T11:42:25.164+0000] {dagbag.py:536} INFO - Filling up the DagBag from /home/airflow/.local/lib/python3.8/site-packages/airflow/example_dags/example_kubernetes_executor.py
[2023-11-18T11:42:25.181+0000] {processor.py:839} INFO - DAG(s) dict_keys(['example_kubernetes_executor']) retrieved from /home/airflow/.local/lib/python3.8/site-packages/airflow/example_dags/example_kubernetes_executor.py
[2023-11-18T11:42:25.209+0000] {logging_mixin.py:154} INFO - [2023-11-18T11:42:25.209+0000] {dag.py:2941} INFO - Sync 1 DAGs
[2023-11-18T11:42:25.217+0000] {logging_mixin.py:154} INFO - [2023-11-18T11:42:25.217+0000] {dag.py:3722} INFO - Setting next_dagrun for example_kubernetes_executor to None, run_after=None
[2023-11-18T11:42:25.227+0000] {processor.py:179} INFO - Processing /home/airflow/.local/lib/python3.8/site-packages/airflow/example_dags/example_kubernetes_executor.py took 0.069 seconds
[2023-11-18T11:42:55.290+0000] {processor.py:157} INFO - Started process (PID=1186) to work on /home/airflow/.local/lib/python3.8/site-packages/airflow/example_dags/example_kubernetes_executor.py
[2023-11-18T11:42:55.291+0000] {processor.py:829} INFO - Processing file /home/airflow/.local/lib/python3.8/site-packages/airflow/example_dags/example_kubernetes_executor.py for tasks to queue
[2023-11-18T11:42:55.292+0000] {logging_mixin.py:154} INFO - [2023-11-18T11:42:55.292+0000] {dagbag.py:536} INFO - Filling up the DagBag from /home/airflow/.local/lib/python3.8/site-packages/airflow/example_dags/example_kubernetes_executor.py
[2023-11-18T11:42:55.303+0000] {processor.py:839} INFO - DAG(s) dict_keys(['example_kubernetes_executor']) retrieved from /home/airflow/.local/lib/python3.8/site-packages/airflow/example_dags/example_kubernetes_executor.py
[2023-11-18T11:42:55.325+0000] {logging_mixin.py:154} INFO - [2023-11-18T11:42:55.325+0000] {dag.py:2941} INFO - Sync 1 DAGs
[2023-11-18T11:42:55.332+0000] {logging_mixin.py:154} INFO - [2023-11-18T11:42:55.331+0000] {dag.py:3722} INFO - Setting next_dagrun for example_kubernetes_executor to None, run_after=None
[2023-11-18T11:42:55.343+0000] {processor.py:179} INFO - Processing /home/airflow/.local/lib/python3.8/site-packages/airflow/example_dags/example_kubernetes_executor.py took 0.055 seconds
[2023-11-18T11:43:25.400+0000] {processor.py:157} INFO - Started process (PID=1240) to work on /home/airflow/.local/lib/python3.8/site-packages/airflow/example_dags/example_kubernetes_executor.py
[2023-11-18T11:43:25.401+0000] {processor.py:829} INFO - Processing file /home/airflow/.local/lib/python3.8/site-packages/airflow/example_dags/example_kubernetes_executor.py for tasks to queue
[2023-11-18T11:43:25.402+0000] {logging_mixin.py:154} INFO - [2023-11-18T11:43:25.402+0000] {dagbag.py:536} INFO - Filling up the DagBag from /home/airflow/.local/lib/python3.8/site-packages/airflow/example_dags/example_kubernetes_executor.py
[2023-11-18T11:43:25.412+0000] {processor.py:839} INFO - DAG(s) dict_keys(['example_kubernetes_executor']) retrieved from /home/airflow/.local/lib/python3.8/site-packages/airflow/example_dags/example_kubernetes_executor.py
[2023-11-18T11:43:25.434+0000] {logging_mixin.py:154} INFO - [2023-11-18T11:43:25.434+0000] {dag.py:2941} INFO - Sync 1 DAGs
[2023-11-18T11:43:25.440+0000] {logging_mixin.py:154} INFO - [2023-11-18T11:43:25.440+0000] {dag.py:3722} INFO - Setting next_dagrun for example_kubernetes_executor to None, run_after=None
[2023-11-18T11:43:25.448+0000] {processor.py:179} INFO - Processing /home/airflow/.local/lib/python3.8/site-packages/airflow/example_dags/example_kubernetes_executor.py took 0.050 seconds
[2023-11-18T11:43:55.649+0000] {processor.py:157} INFO - Started process (PID=1295) to work on /home/airflow/.local/lib/python3.8/site-packages/airflow/example_dags/example_kubernetes_executor.py
[2023-11-18T11:43:55.650+0000] {processor.py:829} INFO - Processing file /home/airflow/.local/lib/python3.8/site-packages/airflow/example_dags/example_kubernetes_executor.py for tasks to queue
[2023-11-18T11:43:55.651+0000] {logging_mixin.py:154} INFO - [2023-11-18T11:43:55.651+0000] {dagbag.py:536} INFO - Filling up the DagBag from /home/airflow/.local/lib/python3.8/site-packages/airflow/example_dags/example_kubernetes_executor.py
[2023-11-18T11:43:55.660+0000] {processor.py:839} INFO - DAG(s) dict_keys(['example_kubernetes_executor']) retrieved from /home/airflow/.local/lib/python3.8/site-packages/airflow/example_dags/example_kubernetes_executor.py
[2023-11-18T11:43:55.680+0000] {logging_mixin.py:154} INFO - [2023-11-18T11:43:55.680+0000] {dag.py:2941} INFO - Sync 1 DAGs
[2023-11-18T11:43:55.686+0000] {logging_mixin.py:154} INFO - [2023-11-18T11:43:55.686+0000] {dag.py:3722} INFO - Setting next_dagrun for example_kubernetes_executor to None, run_after=None
[2023-11-18T11:43:55.694+0000] {processor.py:179} INFO - Processing /home/airflow/.local/lib/python3.8/site-packages/airflow/example_dags/example_kubernetes_executor.py took 0.046 seconds
[2023-11-18T11:44:26.198+0000] {processor.py:157} INFO - Started process (PID=1362) to work on /home/airflow/.local/lib/python3.8/site-packages/airflow/example_dags/example_kubernetes_executor.py
[2023-11-18T11:44:26.199+0000] {processor.py:829} INFO - Processing file /home/airflow/.local/lib/python3.8/site-packages/airflow/example_dags/example_kubernetes_executor.py for tasks to queue
[2023-11-18T11:44:26.200+0000] {logging_mixin.py:154} INFO - [2023-11-18T11:44:26.200+0000] {dagbag.py:536} INFO - Filling up the DagBag from /home/airflow/.local/lib/python3.8/site-packages/airflow/example_dags/example_kubernetes_executor.py
[2023-11-18T11:44:26.212+0000] {processor.py:839} INFO - DAG(s) dict_keys(['example_kubernetes_executor']) retrieved from /home/airflow/.local/lib/python3.8/site-packages/airflow/example_dags/example_kubernetes_executor.py
[2023-11-18T11:44:26.240+0000] {logging_mixin.py:154} INFO - [2023-11-18T11:44:26.240+0000] {dag.py:2941} INFO - Sync 1 DAGs
[2023-11-18T11:44:26.247+0000] {logging_mixin.py:154} INFO - [2023-11-18T11:44:26.247+0000] {dag.py:3722} INFO - Setting next_dagrun for example_kubernetes_executor to None, run_after=None
[2023-11-18T11:44:26.272+0000] {processor.py:179} INFO - Processing /home/airflow/.local/lib/python3.8/site-packages/airflow/example_dags/example_kubernetes_executor.py took 0.077 seconds
[2023-11-18T11:44:56.593+0000] {processor.py:157} INFO - Started process (PID=1418) to work on /home/airflow/.local/lib/python3.8/site-packages/airflow/example_dags/example_kubernetes_executor.py
[2023-11-18T11:44:56.595+0000] {processor.py:829} INFO - Processing file /home/airflow/.local/lib/python3.8/site-packages/airflow/example_dags/example_kubernetes_executor.py for tasks to queue
[2023-11-18T11:44:56.598+0000] {logging_mixin.py:154} INFO - [2023-11-18T11:44:56.597+0000] {dagbag.py:536} INFO - Filling up the DagBag from /home/airflow/.local/lib/python3.8/site-packages/airflow/example_dags/example_kubernetes_executor.py
[2023-11-18T11:44:56.609+0000] {processor.py:839} INFO - DAG(s) dict_keys(['example_kubernetes_executor']) retrieved from /home/airflow/.local/lib/python3.8/site-packages/airflow/example_dags/example_kubernetes_executor.py
[2023-11-18T11:44:56.639+0000] {logging_mixin.py:154} INFO - [2023-11-18T11:44:56.638+0000] {dag.py:2941} INFO - Sync 1 DAGs
[2023-11-18T11:44:56.653+0000] {logging_mixin.py:154} INFO - [2023-11-18T11:44:56.653+0000] {dag.py:3722} INFO - Setting next_dagrun for example_kubernetes_executor to None, run_after=None
[2023-11-18T11:44:56.663+0000] {processor.py:179} INFO - Processing /home/airflow/.local/lib/python3.8/site-packages/airflow/example_dags/example_kubernetes_executor.py took 0.076 seconds
[2023-11-18T11:45:27.173+0000] {processor.py:157} INFO - Started process (PID=1479) to work on /home/airflow/.local/lib/python3.8/site-packages/airflow/example_dags/example_kubernetes_executor.py
[2023-11-18T11:45:27.174+0000] {processor.py:829} INFO - Processing file /home/airflow/.local/lib/python3.8/site-packages/airflow/example_dags/example_kubernetes_executor.py for tasks to queue
[2023-11-18T11:45:27.175+0000] {logging_mixin.py:154} INFO - [2023-11-18T11:45:27.175+0000] {dagbag.py:536} INFO - Filling up the DagBag from /home/airflow/.local/lib/python3.8/site-packages/airflow/example_dags/example_kubernetes_executor.py
[2023-11-18T11:45:27.186+0000] {processor.py:839} INFO - DAG(s) dict_keys(['example_kubernetes_executor']) retrieved from /home/airflow/.local/lib/python3.8/site-packages/airflow/example_dags/example_kubernetes_executor.py
[2023-11-18T11:45:27.210+0000] {logging_mixin.py:154} INFO - [2023-11-18T11:45:27.210+0000] {dag.py:2941} INFO - Sync 1 DAGs
[2023-11-18T11:45:27.217+0000] {logging_mixin.py:154} INFO - [2023-11-18T11:45:27.217+0000] {dag.py:3722} INFO - Setting next_dagrun for example_kubernetes_executor to None, run_after=None
[2023-11-18T11:45:27.226+0000] {processor.py:179} INFO - Processing /home/airflow/.local/lib/python3.8/site-packages/airflow/example_dags/example_kubernetes_executor.py took 0.055 seconds
[2023-11-18T11:45:57.447+0000] {processor.py:157} INFO - Started process (PID=1540) to work on /home/airflow/.local/lib/python3.8/site-packages/airflow/example_dags/example_kubernetes_executor.py
[2023-11-18T11:45:57.448+0000] {processor.py:829} INFO - Processing file /home/airflow/.local/lib/python3.8/site-packages/airflow/example_dags/example_kubernetes_executor.py for tasks to queue
[2023-11-18T11:45:57.449+0000] {logging_mixin.py:154} INFO - [2023-11-18T11:45:57.449+0000] {dagbag.py:536} INFO - Filling up the DagBag from /home/airflow/.local/lib/python3.8/site-packages/airflow/example_dags/example_kubernetes_executor.py
[2023-11-18T11:45:57.458+0000] {processor.py:839} INFO - DAG(s) dict_keys(['example_kubernetes_executor']) retrieved from /home/airflow/.local/lib/python3.8/site-packages/airflow/example_dags/example_kubernetes_executor.py
[2023-11-18T11:45:57.481+0000] {logging_mixin.py:154} INFO - [2023-11-18T11:45:57.481+0000] {dag.py:2941} INFO - Sync 1 DAGs
[2023-11-18T11:45:57.488+0000] {logging_mixin.py:154} INFO - [2023-11-18T11:45:57.488+0000] {dag.py:3722} INFO - Setting next_dagrun for example_kubernetes_executor to None, run_after=None
[2023-11-18T11:45:57.500+0000] {processor.py:179} INFO - Processing /home/airflow/.local/lib/python3.8/site-packages/airflow/example_dags/example_kubernetes_executor.py took 0.056 seconds
[2023-11-18T11:46:27.980+0000] {processor.py:157} INFO - Started process (PID=1601) to work on /home/airflow/.local/lib/python3.8/site-packages/airflow/example_dags/example_kubernetes_executor.py
[2023-11-18T11:46:27.981+0000] {processor.py:829} INFO - Processing file /home/airflow/.local/lib/python3.8/site-packages/airflow/example_dags/example_kubernetes_executor.py for tasks to queue
[2023-11-18T11:46:27.983+0000] {logging_mixin.py:154} INFO - [2023-11-18T11:46:27.983+0000] {dagbag.py:536} INFO - Filling up the DagBag from /home/airflow/.local/lib/python3.8/site-packages/airflow/example_dags/example_kubernetes_executor.py
[2023-11-18T11:46:27.993+0000] {processor.py:839} INFO - DAG(s) dict_keys(['example_kubernetes_executor']) retrieved from /home/airflow/.local/lib/python3.8/site-packages/airflow/example_dags/example_kubernetes_executor.py
[2023-11-18T11:46:28.021+0000] {logging_mixin.py:154} INFO - [2023-11-18T11:46:28.020+0000] {dag.py:2941} INFO - Sync 1 DAGs
[2023-11-18T11:46:28.030+0000] {logging_mixin.py:154} INFO - [2023-11-18T11:46:28.029+0000] {dag.py:3722} INFO - Setting next_dagrun for example_kubernetes_executor to None, run_after=None
[2023-11-18T11:46:28.042+0000] {processor.py:179} INFO - Processing /home/airflow/.local/lib/python3.8/site-packages/airflow/example_dags/example_kubernetes_executor.py took 0.065 seconds
[2023-11-18T11:46:58.348+0000] {processor.py:157} INFO - Started process (PID=1662) to work on /home/airflow/.local/lib/python3.8/site-packages/airflow/example_dags/example_kubernetes_executor.py
[2023-11-18T11:46:58.349+0000] {processor.py:829} INFO - Processing file /home/airflow/.local/lib/python3.8/site-packages/airflow/example_dags/example_kubernetes_executor.py for tasks to queue
[2023-11-18T11:46:58.350+0000] {logging_mixin.py:154} INFO - [2023-11-18T11:46:58.350+0000] {dagbag.py:536} INFO - Filling up the DagBag from /home/airflow/.local/lib/python3.8/site-packages/airflow/example_dags/example_kubernetes_executor.py
[2023-11-18T11:46:58.358+0000] {processor.py:839} INFO - DAG(s) dict_keys(['example_kubernetes_executor']) retrieved from /home/airflow/.local/lib/python3.8/site-packages/airflow/example_dags/example_kubernetes_executor.py
[2023-11-18T11:46:58.381+0000] {logging_mixin.py:154} INFO - [2023-11-18T11:46:58.381+0000] {dag.py:2941} INFO - Sync 1 DAGs
[2023-11-18T11:46:58.389+0000] {logging_mixin.py:154} INFO - [2023-11-18T11:46:58.388+0000] {dag.py:3722} INFO - Setting next_dagrun for example_kubernetes_executor to None, run_after=None
[2023-11-18T11:46:58.398+0000] {processor.py:179} INFO - Processing /home/airflow/.local/lib/python3.8/site-packages/airflow/example_dags/example_kubernetes_executor.py took 0.053 seconds
