[2023-11-18T00:12:06.335+0000] {processor.py:157} INFO - Started process (PID=81) to work on /home/airflow/.local/lib/python3.8/site-packages/airflow/example_dags/tutorial_dag.py
[2023-11-18T00:12:06.342+0000] {processor.py:829} INFO - Processing file /home/airflow/.local/lib/python3.8/site-packages/airflow/example_dags/tutorial_dag.py for tasks to queue
[2023-11-18T00:12:06.355+0000] {logging_mixin.py:154} INFO - [2023-11-18T00:12:06.354+0000] {dagbag.py:536} INFO - Filling up the DagBag from /home/airflow/.local/lib/python3.8/site-packages/airflow/example_dags/tutorial_dag.py
[2023-11-18T00:12:06.387+0000] {processor.py:839} INFO - DAG(s) dict_keys(['tutorial_dag']) retrieved from /home/airflow/.local/lib/python3.8/site-packages/airflow/example_dags/tutorial_dag.py
[2023-11-18T00:12:06.445+0000] {logging_mixin.py:154} INFO - [2023-11-18T00:12:06.445+0000] {dag.py:2941} INFO - Sync 1 DAGs
[2023-11-18T00:12:06.473+0000] {logging_mixin.py:154} INFO - [2023-11-18T00:12:06.472+0000] {dag.py:3722} INFO - Setting next_dagrun for tutorial_dag to None, run_after=None
[2023-11-18T00:12:06.502+0000] {processor.py:179} INFO - Processing /home/airflow/.local/lib/python3.8/site-packages/airflow/example_dags/tutorial_dag.py took 0.179 seconds
[2023-11-18T00:12:37.136+0000] {processor.py:157} INFO - Started process (PID=135) to work on /home/airflow/.local/lib/python3.8/site-packages/airflow/example_dags/tutorial_dag.py
[2023-11-18T00:12:37.137+0000] {processor.py:829} INFO - Processing file /home/airflow/.local/lib/python3.8/site-packages/airflow/example_dags/tutorial_dag.py for tasks to queue
[2023-11-18T00:12:37.142+0000] {logging_mixin.py:154} INFO - [2023-11-18T00:12:37.142+0000] {dagbag.py:536} INFO - Filling up the DagBag from /home/airflow/.local/lib/python3.8/site-packages/airflow/example_dags/tutorial_dag.py
[2023-11-18T00:12:37.151+0000] {processor.py:839} INFO - DAG(s) dict_keys(['tutorial_dag']) retrieved from /home/airflow/.local/lib/python3.8/site-packages/airflow/example_dags/tutorial_dag.py
[2023-11-18T00:12:37.219+0000] {logging_mixin.py:154} INFO - [2023-11-18T00:12:37.219+0000] {dag.py:2941} INFO - Sync 1 DAGs
[2023-11-18T00:12:37.245+0000] {logging_mixin.py:154} INFO - [2023-11-18T00:12:37.244+0000] {dag.py:3722} INFO - Setting next_dagrun for tutorial_dag to None, run_after=None
[2023-11-18T00:12:37.281+0000] {processor.py:179} INFO - Processing /home/airflow/.local/lib/python3.8/site-packages/airflow/example_dags/tutorial_dag.py took 0.150 seconds
[2023-11-18T00:13:08.253+0000] {processor.py:157} INFO - Started process (PID=189) to work on /home/airflow/.local/lib/python3.8/site-packages/airflow/example_dags/tutorial_dag.py
[2023-11-18T00:13:08.256+0000] {processor.py:829} INFO - Processing file /home/airflow/.local/lib/python3.8/site-packages/airflow/example_dags/tutorial_dag.py for tasks to queue
[2023-11-18T00:13:08.260+0000] {logging_mixin.py:154} INFO - [2023-11-18T00:13:08.260+0000] {dagbag.py:536} INFO - Filling up the DagBag from /home/airflow/.local/lib/python3.8/site-packages/airflow/example_dags/tutorial_dag.py
[2023-11-18T00:13:08.284+0000] {processor.py:839} INFO - DAG(s) dict_keys(['tutorial_dag']) retrieved from /home/airflow/.local/lib/python3.8/site-packages/airflow/example_dags/tutorial_dag.py
[2023-11-18T00:13:08.332+0000] {logging_mixin.py:154} INFO - [2023-11-18T00:13:08.332+0000] {dag.py:2941} INFO - Sync 1 DAGs
[2023-11-18T00:13:08.354+0000] {logging_mixin.py:154} INFO - [2023-11-18T00:13:08.354+0000] {dag.py:3722} INFO - Setting next_dagrun for tutorial_dag to None, run_after=None
[2023-11-18T00:13:08.372+0000] {processor.py:179} INFO - Processing /home/airflow/.local/lib/python3.8/site-packages/airflow/example_dags/tutorial_dag.py took 0.125 seconds
[2023-11-18T00:13:38.789+0000] {processor.py:157} INFO - Started process (PID=242) to work on /home/airflow/.local/lib/python3.8/site-packages/airflow/example_dags/tutorial_dag.py
[2023-11-18T00:13:38.791+0000] {processor.py:829} INFO - Processing file /home/airflow/.local/lib/python3.8/site-packages/airflow/example_dags/tutorial_dag.py for tasks to queue
[2023-11-18T00:13:38.794+0000] {logging_mixin.py:154} INFO - [2023-11-18T00:13:38.794+0000] {dagbag.py:536} INFO - Filling up the DagBag from /home/airflow/.local/lib/python3.8/site-packages/airflow/example_dags/tutorial_dag.py
[2023-11-18T00:13:38.800+0000] {processor.py:839} INFO - DAG(s) dict_keys(['tutorial_dag']) retrieved from /home/airflow/.local/lib/python3.8/site-packages/airflow/example_dags/tutorial_dag.py
[2023-11-18T00:13:38.817+0000] {logging_mixin.py:154} INFO - [2023-11-18T00:13:38.817+0000] {dag.py:2941} INFO - Sync 1 DAGs
[2023-11-18T00:13:38.826+0000] {logging_mixin.py:154} INFO - [2023-11-18T00:13:38.825+0000] {dag.py:3722} INFO - Setting next_dagrun for tutorial_dag to None, run_after=None
[2023-11-18T00:13:38.835+0000] {processor.py:179} INFO - Processing /home/airflow/.local/lib/python3.8/site-packages/airflow/example_dags/tutorial_dag.py took 0.051 seconds
