[2023-11-18T11:32:35.630+0000] {processor.py:157} INFO - Started process (PID=63) to work on /home/airflow/.local/lib/python3.8/site-packages/airflow/example_dags/tutorial.py
[2023-11-18T11:32:35.646+0000] {processor.py:829} INFO - Processing file /home/airflow/.local/lib/python3.8/site-packages/airflow/example_dags/tutorial.py for tasks to queue
[2023-11-18T11:32:35.653+0000] {logging_mixin.py:154} INFO - [2023-11-18T11:32:35.653+0000] {dagbag.py:536} INFO - Filling up the DagBag from /home/airflow/.local/lib/python3.8/site-packages/airflow/example_dags/tutorial.py
[2023-11-18T11:32:35.673+0000] {processor.py:839} INFO - DAG(s) dict_keys(['tutorial']) retrieved from /home/airflow/.local/lib/python3.8/site-packages/airflow/example_dags/tutorial.py
[2023-11-18T11:32:36.133+0000] {logging_mixin.py:154} INFO - [2023-11-18T11:32:36.133+0000] {dag.py:2941} INFO - Sync 1 DAGs
[2023-11-18T11:32:36.389+0000] {logging_mixin.py:154} INFO - [2023-11-18T11:32:36.389+0000] {dag.py:3722} INFO - Setting next_dagrun for tutorial to 2023-11-17T11:32:36.388121+00:00, run_after=2023-11-18T11:32:36.388121+00:00
[2023-11-18T11:32:36.473+0000] {processor.py:179} INFO - Processing /home/airflow/.local/lib/python3.8/site-packages/airflow/example_dags/tutorial.py took 0.853 seconds
[2023-11-18T11:33:07.418+0000] {processor.py:157} INFO - Started process (PID=119) to work on /home/airflow/.local/lib/python3.8/site-packages/airflow/example_dags/tutorial.py
[2023-11-18T11:33:07.420+0000] {processor.py:829} INFO - Processing file /home/airflow/.local/lib/python3.8/site-packages/airflow/example_dags/tutorial.py for tasks to queue
[2023-11-18T11:33:07.422+0000] {logging_mixin.py:154} INFO - [2023-11-18T11:33:07.422+0000] {dagbag.py:536} INFO - Filling up the DagBag from /home/airflow/.local/lib/python3.8/site-packages/airflow/example_dags/tutorial.py
[2023-11-18T11:33:07.428+0000] {processor.py:839} INFO - DAG(s) dict_keys(['tutorial']) retrieved from /home/airflow/.local/lib/python3.8/site-packages/airflow/example_dags/tutorial.py
[2023-11-18T11:33:07.447+0000] {logging_mixin.py:154} INFO - [2023-11-18T11:33:07.447+0000] {dag.py:2941} INFO - Sync 1 DAGs
[2023-11-18T11:33:07.465+0000] {logging_mixin.py:154} INFO - [2023-11-18T11:33:07.465+0000] {dag.py:3722} INFO - Setting next_dagrun for tutorial to 2023-11-17T11:33:07.464956+00:00, run_after=2023-11-18T11:33:07.464956+00:00
[2023-11-18T11:33:07.489+0000] {processor.py:179} INFO - Processing /home/airflow/.local/lib/python3.8/site-packages/airflow/example_dags/tutorial.py took 0.074 seconds
[2023-11-18T11:33:37.607+0000] {processor.py:157} INFO - Started process (PID=174) to work on /home/airflow/.local/lib/python3.8/site-packages/airflow/example_dags/tutorial.py
[2023-11-18T11:33:37.609+0000] {processor.py:829} INFO - Processing file /home/airflow/.local/lib/python3.8/site-packages/airflow/example_dags/tutorial.py for tasks to queue
[2023-11-18T11:33:37.611+0000] {logging_mixin.py:154} INFO - [2023-11-18T11:33:37.611+0000] {dagbag.py:536} INFO - Filling up the DagBag from /home/airflow/.local/lib/python3.8/site-packages/airflow/example_dags/tutorial.py
[2023-11-18T11:33:37.622+0000] {processor.py:839} INFO - DAG(s) dict_keys(['tutorial']) retrieved from /home/airflow/.local/lib/python3.8/site-packages/airflow/example_dags/tutorial.py
[2023-11-18T11:33:37.643+0000] {logging_mixin.py:154} INFO - [2023-11-18T11:33:37.643+0000] {dag.py:2941} INFO - Sync 1 DAGs
[2023-11-18T11:33:37.656+0000] {logging_mixin.py:154} INFO - [2023-11-18T11:33:37.656+0000] {dag.py:3722} INFO - Setting next_dagrun for tutorial to 2023-11-17T11:33:37.656487+00:00, run_after=2023-11-18T11:33:37.656487+00:00
[2023-11-18T11:33:37.666+0000] {processor.py:179} INFO - Processing /home/airflow/.local/lib/python3.8/site-packages/airflow/example_dags/tutorial.py took 0.068 seconds
[2023-11-18T11:34:08.428+0000] {processor.py:157} INFO - Started process (PID=229) to work on /home/airflow/.local/lib/python3.8/site-packages/airflow/example_dags/tutorial.py
[2023-11-18T11:34:08.430+0000] {processor.py:829} INFO - Processing file /home/airflow/.local/lib/python3.8/site-packages/airflow/example_dags/tutorial.py for tasks to queue
[2023-11-18T11:34:08.432+0000] {logging_mixin.py:154} INFO - [2023-11-18T11:34:08.432+0000] {dagbag.py:536} INFO - Filling up the DagBag from /home/airflow/.local/lib/python3.8/site-packages/airflow/example_dags/tutorial.py
[2023-11-18T11:34:08.438+0000] {processor.py:839} INFO - DAG(s) dict_keys(['tutorial']) retrieved from /home/airflow/.local/lib/python3.8/site-packages/airflow/example_dags/tutorial.py
[2023-11-18T11:34:08.455+0000] {logging_mixin.py:154} INFO - [2023-11-18T11:34:08.455+0000] {dag.py:2941} INFO - Sync 1 DAGs
[2023-11-18T11:34:08.470+0000] {logging_mixin.py:154} INFO - [2023-11-18T11:34:08.470+0000] {dag.py:3722} INFO - Setting next_dagrun for tutorial to 2023-11-17T11:34:08.469869+00:00, run_after=2023-11-18T11:34:08.469869+00:00
[2023-11-18T11:34:08.479+0000] {processor.py:179} INFO - Processing /home/airflow/.local/lib/python3.8/site-packages/airflow/example_dags/tutorial.py took 0.054 seconds
[2023-11-18T11:34:38.665+0000] {processor.py:157} INFO - Started process (PID=284) to work on /home/airflow/.local/lib/python3.8/site-packages/airflow/example_dags/tutorial.py
[2023-11-18T11:34:38.666+0000] {processor.py:829} INFO - Processing file /home/airflow/.local/lib/python3.8/site-packages/airflow/example_dags/tutorial.py for tasks to queue
[2023-11-18T11:34:38.668+0000] {logging_mixin.py:154} INFO - [2023-11-18T11:34:38.668+0000] {dagbag.py:536} INFO - Filling up the DagBag from /home/airflow/.local/lib/python3.8/site-packages/airflow/example_dags/tutorial.py
[2023-11-18T11:34:38.673+0000] {processor.py:839} INFO - DAG(s) dict_keys(['tutorial']) retrieved from /home/airflow/.local/lib/python3.8/site-packages/airflow/example_dags/tutorial.py
[2023-11-18T11:34:38.687+0000] {logging_mixin.py:154} INFO - [2023-11-18T11:34:38.687+0000] {dag.py:2941} INFO - Sync 1 DAGs
[2023-11-18T11:34:38.699+0000] {logging_mixin.py:154} INFO - [2023-11-18T11:34:38.699+0000] {dag.py:3722} INFO - Setting next_dagrun for tutorial to 2023-11-17T11:34:38.699495+00:00, run_after=2023-11-18T11:34:38.699495+00:00
[2023-11-18T11:34:38.708+0000] {processor.py:179} INFO - Processing /home/airflow/.local/lib/python3.8/site-packages/airflow/example_dags/tutorial.py took 0.045 seconds
[2023-11-18T11:35:09.424+0000] {processor.py:157} INFO - Started process (PID=339) to work on /home/airflow/.local/lib/python3.8/site-packages/airflow/example_dags/tutorial.py
[2023-11-18T11:35:09.425+0000] {processor.py:829} INFO - Processing file /home/airflow/.local/lib/python3.8/site-packages/airflow/example_dags/tutorial.py for tasks to queue
[2023-11-18T11:35:09.429+0000] {logging_mixin.py:154} INFO - [2023-11-18T11:35:09.428+0000] {dagbag.py:536} INFO - Filling up the DagBag from /home/airflow/.local/lib/python3.8/site-packages/airflow/example_dags/tutorial.py
[2023-11-18T11:35:09.436+0000] {processor.py:839} INFO - DAG(s) dict_keys(['tutorial']) retrieved from /home/airflow/.local/lib/python3.8/site-packages/airflow/example_dags/tutorial.py
[2023-11-18T11:35:09.454+0000] {logging_mixin.py:154} INFO - [2023-11-18T11:35:09.454+0000] {dag.py:2941} INFO - Sync 1 DAGs
[2023-11-18T11:35:09.470+0000] {logging_mixin.py:154} INFO - [2023-11-18T11:35:09.470+0000] {dag.py:3722} INFO - Setting next_dagrun for tutorial to 2023-11-17T11:35:09.470323+00:00, run_after=2023-11-18T11:35:09.470323+00:00
[2023-11-18T11:35:09.481+0000] {processor.py:179} INFO - Processing /home/airflow/.local/lib/python3.8/site-packages/airflow/example_dags/tutorial.py took 0.062 seconds
[2023-11-18T11:35:39.547+0000] {processor.py:157} INFO - Started process (PID=395) to work on /home/airflow/.local/lib/python3.8/site-packages/airflow/example_dags/tutorial.py
[2023-11-18T11:35:39.549+0000] {processor.py:829} INFO - Processing file /home/airflow/.local/lib/python3.8/site-packages/airflow/example_dags/tutorial.py for tasks to queue
[2023-11-18T11:35:39.550+0000] {logging_mixin.py:154} INFO - [2023-11-18T11:35:39.550+0000] {dagbag.py:536} INFO - Filling up the DagBag from /home/airflow/.local/lib/python3.8/site-packages/airflow/example_dags/tutorial.py
[2023-11-18T11:35:39.556+0000] {processor.py:839} INFO - DAG(s) dict_keys(['tutorial']) retrieved from /home/airflow/.local/lib/python3.8/site-packages/airflow/example_dags/tutorial.py
[2023-11-18T11:35:39.585+0000] {logging_mixin.py:154} INFO - [2023-11-18T11:35:39.585+0000] {dag.py:2941} INFO - Sync 1 DAGs
[2023-11-18T11:35:39.599+0000] {logging_mixin.py:154} INFO - [2023-11-18T11:35:39.599+0000] {dag.py:3722} INFO - Setting next_dagrun for tutorial to 2023-11-17T11:35:39.599222+00:00, run_after=2023-11-18T11:35:39.599222+00:00
[2023-11-18T11:35:39.609+0000] {processor.py:179} INFO - Processing /home/airflow/.local/lib/python3.8/site-packages/airflow/example_dags/tutorial.py took 0.065 seconds
[2023-11-18T11:36:09.907+0000] {processor.py:157} INFO - Started process (PID=450) to work on /home/airflow/.local/lib/python3.8/site-packages/airflow/example_dags/tutorial.py
[2023-11-18T11:36:09.908+0000] {processor.py:829} INFO - Processing file /home/airflow/.local/lib/python3.8/site-packages/airflow/example_dags/tutorial.py for tasks to queue
[2023-11-18T11:36:09.912+0000] {logging_mixin.py:154} INFO - [2023-11-18T11:36:09.911+0000] {dagbag.py:536} INFO - Filling up the DagBag from /home/airflow/.local/lib/python3.8/site-packages/airflow/example_dags/tutorial.py
[2023-11-18T11:36:09.919+0000] {processor.py:839} INFO - DAG(s) dict_keys(['tutorial']) retrieved from /home/airflow/.local/lib/python3.8/site-packages/airflow/example_dags/tutorial.py
[2023-11-18T11:36:09.939+0000] {logging_mixin.py:154} INFO - [2023-11-18T11:36:09.939+0000] {dag.py:2941} INFO - Sync 1 DAGs
[2023-11-18T11:36:09.955+0000] {logging_mixin.py:154} INFO - [2023-11-18T11:36:09.955+0000] {dag.py:3722} INFO - Setting next_dagrun for tutorial to 2023-11-17T11:36:09.955028+00:00, run_after=2023-11-18T11:36:09.955028+00:00
[2023-11-18T11:36:09.964+0000] {processor.py:179} INFO - Processing /home/airflow/.local/lib/python3.8/site-packages/airflow/example_dags/tutorial.py took 0.062 seconds
[2023-11-18T11:36:40.034+0000] {processor.py:157} INFO - Started process (PID=505) to work on /home/airflow/.local/lib/python3.8/site-packages/airflow/example_dags/tutorial.py
[2023-11-18T11:36:40.035+0000] {processor.py:829} INFO - Processing file /home/airflow/.local/lib/python3.8/site-packages/airflow/example_dags/tutorial.py for tasks to queue
[2023-11-18T11:36:40.036+0000] {logging_mixin.py:154} INFO - [2023-11-18T11:36:40.036+0000] {dagbag.py:536} INFO - Filling up the DagBag from /home/airflow/.local/lib/python3.8/site-packages/airflow/example_dags/tutorial.py
[2023-11-18T11:36:40.039+0000] {processor.py:839} INFO - DAG(s) dict_keys(['tutorial']) retrieved from /home/airflow/.local/lib/python3.8/site-packages/airflow/example_dags/tutorial.py
[2023-11-18T11:36:40.051+0000] {logging_mixin.py:154} INFO - [2023-11-18T11:36:40.051+0000] {dag.py:2941} INFO - Sync 1 DAGs
[2023-11-18T11:36:40.061+0000] {logging_mixin.py:154} INFO - [2023-11-18T11:36:40.061+0000] {dag.py:3722} INFO - Setting next_dagrun for tutorial to 2023-11-17T11:36:40.061307+00:00, run_after=2023-11-18T11:36:40.061307+00:00
[2023-11-18T11:36:40.069+0000] {processor.py:179} INFO - Processing /home/airflow/.local/lib/python3.8/site-packages/airflow/example_dags/tutorial.py took 0.037 seconds
[2023-11-18T11:37:10.224+0000] {processor.py:157} INFO - Started process (PID=560) to work on /home/airflow/.local/lib/python3.8/site-packages/airflow/example_dags/tutorial.py
[2023-11-18T11:37:10.225+0000] {processor.py:829} INFO - Processing file /home/airflow/.local/lib/python3.8/site-packages/airflow/example_dags/tutorial.py for tasks to queue
[2023-11-18T11:37:10.228+0000] {logging_mixin.py:154} INFO - [2023-11-18T11:37:10.228+0000] {dagbag.py:536} INFO - Filling up the DagBag from /home/airflow/.local/lib/python3.8/site-packages/airflow/example_dags/tutorial.py
[2023-11-18T11:37:10.234+0000] {processor.py:839} INFO - DAG(s) dict_keys(['tutorial']) retrieved from /home/airflow/.local/lib/python3.8/site-packages/airflow/example_dags/tutorial.py
[2023-11-18T11:37:10.253+0000] {logging_mixin.py:154} INFO - [2023-11-18T11:37:10.252+0000] {dag.py:2941} INFO - Sync 1 DAGs
[2023-11-18T11:37:10.269+0000] {logging_mixin.py:154} INFO - [2023-11-18T11:37:10.268+0000] {dag.py:3722} INFO - Setting next_dagrun for tutorial to 2023-11-17T11:37:10.268738+00:00, run_after=2023-11-18T11:37:10.268738+00:00
[2023-11-18T11:37:10.279+0000] {processor.py:179} INFO - Processing /home/airflow/.local/lib/python3.8/site-packages/airflow/example_dags/tutorial.py took 0.059 seconds
[2023-11-18T11:37:40.470+0000] {processor.py:157} INFO - Started process (PID=615) to work on /home/airflow/.local/lib/python3.8/site-packages/airflow/example_dags/tutorial.py
[2023-11-18T11:37:40.471+0000] {processor.py:829} INFO - Processing file /home/airflow/.local/lib/python3.8/site-packages/airflow/example_dags/tutorial.py for tasks to queue
[2023-11-18T11:37:40.474+0000] {logging_mixin.py:154} INFO - [2023-11-18T11:37:40.474+0000] {dagbag.py:536} INFO - Filling up the DagBag from /home/airflow/.local/lib/python3.8/site-packages/airflow/example_dags/tutorial.py
[2023-11-18T11:37:40.480+0000] {processor.py:839} INFO - DAG(s) dict_keys(['tutorial']) retrieved from /home/airflow/.local/lib/python3.8/site-packages/airflow/example_dags/tutorial.py
[2023-11-18T11:37:40.497+0000] {logging_mixin.py:154} INFO - [2023-11-18T11:37:40.497+0000] {dag.py:2941} INFO - Sync 1 DAGs
[2023-11-18T11:37:40.512+0000] {logging_mixin.py:154} INFO - [2023-11-18T11:37:40.512+0000] {dag.py:3722} INFO - Setting next_dagrun for tutorial to 2023-11-17T11:37:40.512143+00:00, run_after=2023-11-18T11:37:40.512143+00:00
[2023-11-18T11:37:40.522+0000] {processor.py:179} INFO - Processing /home/airflow/.local/lib/python3.8/site-packages/airflow/example_dags/tutorial.py took 0.056 seconds
[2023-11-18T11:38:11.282+0000] {processor.py:157} INFO - Started process (PID=670) to work on /home/airflow/.local/lib/python3.8/site-packages/airflow/example_dags/tutorial.py
[2023-11-18T11:38:11.283+0000] {processor.py:829} INFO - Processing file /home/airflow/.local/lib/python3.8/site-packages/airflow/example_dags/tutorial.py for tasks to queue
[2023-11-18T11:38:11.285+0000] {logging_mixin.py:154} INFO - [2023-11-18T11:38:11.285+0000] {dagbag.py:536} INFO - Filling up the DagBag from /home/airflow/.local/lib/python3.8/site-packages/airflow/example_dags/tutorial.py
[2023-11-18T11:38:11.291+0000] {processor.py:839} INFO - DAG(s) dict_keys(['tutorial']) retrieved from /home/airflow/.local/lib/python3.8/site-packages/airflow/example_dags/tutorial.py
[2023-11-18T11:38:11.313+0000] {logging_mixin.py:154} INFO - [2023-11-18T11:38:11.313+0000] {dag.py:2941} INFO - Sync 1 DAGs
[2023-11-18T11:38:11.329+0000] {logging_mixin.py:154} INFO - [2023-11-18T11:38:11.329+0000] {dag.py:3722} INFO - Setting next_dagrun for tutorial to 2023-11-17T11:38:11.329263+00:00, run_after=2023-11-18T11:38:11.329263+00:00
[2023-11-18T11:38:11.340+0000] {processor.py:179} INFO - Processing /home/airflow/.local/lib/python3.8/site-packages/airflow/example_dags/tutorial.py took 0.063 seconds
[2023-11-18T11:38:41.428+0000] {processor.py:157} INFO - Started process (PID=725) to work on /home/airflow/.local/lib/python3.8/site-packages/airflow/example_dags/tutorial.py
[2023-11-18T11:38:41.429+0000] {processor.py:829} INFO - Processing file /home/airflow/.local/lib/python3.8/site-packages/airflow/example_dags/tutorial.py for tasks to queue
[2023-11-18T11:38:41.430+0000] {logging_mixin.py:154} INFO - [2023-11-18T11:38:41.430+0000] {dagbag.py:536} INFO - Filling up the DagBag from /home/airflow/.local/lib/python3.8/site-packages/airflow/example_dags/tutorial.py
[2023-11-18T11:38:41.433+0000] {processor.py:839} INFO - DAG(s) dict_keys(['tutorial']) retrieved from /home/airflow/.local/lib/python3.8/site-packages/airflow/example_dags/tutorial.py
[2023-11-18T11:38:41.443+0000] {logging_mixin.py:154} INFO - [2023-11-18T11:38:41.443+0000] {dag.py:2941} INFO - Sync 1 DAGs
[2023-11-18T11:38:41.454+0000] {logging_mixin.py:154} INFO - [2023-11-18T11:38:41.454+0000] {dag.py:3722} INFO - Setting next_dagrun for tutorial to 2023-11-17T11:38:41.454105+00:00, run_after=2023-11-18T11:38:41.454105+00:00
[2023-11-18T11:38:41.463+0000] {processor.py:179} INFO - Processing /home/airflow/.local/lib/python3.8/site-packages/airflow/example_dags/tutorial.py took 0.037 seconds
[2023-11-18T11:39:12.417+0000] {processor.py:157} INFO - Started process (PID=778) to work on /home/airflow/.local/lib/python3.8/site-packages/airflow/example_dags/tutorial.py
[2023-11-18T11:39:12.418+0000] {processor.py:829} INFO - Processing file /home/airflow/.local/lib/python3.8/site-packages/airflow/example_dags/tutorial.py for tasks to queue
[2023-11-18T11:39:12.420+0000] {logging_mixin.py:154} INFO - [2023-11-18T11:39:12.420+0000] {dagbag.py:536} INFO - Filling up the DagBag from /home/airflow/.local/lib/python3.8/site-packages/airflow/example_dags/tutorial.py
[2023-11-18T11:39:12.426+0000] {processor.py:839} INFO - DAG(s) dict_keys(['tutorial']) retrieved from /home/airflow/.local/lib/python3.8/site-packages/airflow/example_dags/tutorial.py
[2023-11-18T11:39:12.445+0000] {logging_mixin.py:154} INFO - [2023-11-18T11:39:12.445+0000] {dag.py:2941} INFO - Sync 1 DAGs
[2023-11-18T11:39:12.462+0000] {logging_mixin.py:154} INFO - [2023-11-18T11:39:12.462+0000] {dag.py:3722} INFO - Setting next_dagrun for tutorial to 2023-11-17T11:39:12.462125+00:00, run_after=2023-11-18T11:39:12.462125+00:00
[2023-11-18T11:39:12.473+0000] {processor.py:179} INFO - Processing /home/airflow/.local/lib/python3.8/site-packages/airflow/example_dags/tutorial.py took 0.060 seconds
[2023-11-18T11:39:42.602+0000] {processor.py:157} INFO - Started process (PID=833) to work on /home/airflow/.local/lib/python3.8/site-packages/airflow/example_dags/tutorial.py
[2023-11-18T11:39:42.603+0000] {processor.py:829} INFO - Processing file /home/airflow/.local/lib/python3.8/site-packages/airflow/example_dags/tutorial.py for tasks to queue
[2023-11-18T11:39:42.605+0000] {logging_mixin.py:154} INFO - [2023-11-18T11:39:42.605+0000] {dagbag.py:536} INFO - Filling up the DagBag from /home/airflow/.local/lib/python3.8/site-packages/airflow/example_dags/tutorial.py
[2023-11-18T11:39:42.611+0000] {processor.py:839} INFO - DAG(s) dict_keys(['tutorial']) retrieved from /home/airflow/.local/lib/python3.8/site-packages/airflow/example_dags/tutorial.py
[2023-11-18T11:39:42.628+0000] {logging_mixin.py:154} INFO - [2023-11-18T11:39:42.628+0000] {dag.py:2941} INFO - Sync 1 DAGs
[2023-11-18T11:39:42.643+0000] {logging_mixin.py:154} INFO - [2023-11-18T11:39:42.642+0000] {dag.py:3722} INFO - Setting next_dagrun for tutorial to 2023-11-17T11:39:42.642769+00:00, run_after=2023-11-18T11:39:42.642769+00:00
[2023-11-18T11:39:42.653+0000] {processor.py:179} INFO - Processing /home/airflow/.local/lib/python3.8/site-packages/airflow/example_dags/tutorial.py took 0.055 seconds
[2023-11-18T11:40:12.917+0000] {processor.py:157} INFO - Started process (PID=888) to work on /home/airflow/.local/lib/python3.8/site-packages/airflow/example_dags/tutorial.py
[2023-11-18T11:40:12.919+0000] {processor.py:829} INFO - Processing file /home/airflow/.local/lib/python3.8/site-packages/airflow/example_dags/tutorial.py for tasks to queue
[2023-11-18T11:40:12.921+0000] {logging_mixin.py:154} INFO - [2023-11-18T11:40:12.921+0000] {dagbag.py:536} INFO - Filling up the DagBag from /home/airflow/.local/lib/python3.8/site-packages/airflow/example_dags/tutorial.py
[2023-11-18T11:40:12.928+0000] {processor.py:839} INFO - DAG(s) dict_keys(['tutorial']) retrieved from /home/airflow/.local/lib/python3.8/site-packages/airflow/example_dags/tutorial.py
[2023-11-18T11:40:12.948+0000] {logging_mixin.py:154} INFO - [2023-11-18T11:40:12.947+0000] {dag.py:2941} INFO - Sync 1 DAGs
[2023-11-18T11:40:12.960+0000] {logging_mixin.py:154} INFO - [2023-11-18T11:40:12.960+0000] {dag.py:3722} INFO - Setting next_dagrun for tutorial to 2023-11-17T11:40:12.960403+00:00, run_after=2023-11-18T11:40:12.960403+00:00
[2023-11-18T11:40:12.969+0000] {processor.py:179} INFO - Processing /home/airflow/.local/lib/python3.8/site-packages/airflow/example_dags/tutorial.py took 0.056 seconds
[2023-11-18T11:40:43.707+0000] {processor.py:157} INFO - Started process (PID=943) to work on /home/airflow/.local/lib/python3.8/site-packages/airflow/example_dags/tutorial.py
[2023-11-18T11:40:43.708+0000] {processor.py:829} INFO - Processing file /home/airflow/.local/lib/python3.8/site-packages/airflow/example_dags/tutorial.py for tasks to queue
[2023-11-18T11:40:43.710+0000] {logging_mixin.py:154} INFO - [2023-11-18T11:40:43.709+0000] {dagbag.py:536} INFO - Filling up the DagBag from /home/airflow/.local/lib/python3.8/site-packages/airflow/example_dags/tutorial.py
[2023-11-18T11:40:43.713+0000] {processor.py:839} INFO - DAG(s) dict_keys(['tutorial']) retrieved from /home/airflow/.local/lib/python3.8/site-packages/airflow/example_dags/tutorial.py
[2023-11-18T11:40:43.726+0000] {logging_mixin.py:154} INFO - [2023-11-18T11:40:43.726+0000] {dag.py:2941} INFO - Sync 1 DAGs
[2023-11-18T11:40:43.738+0000] {logging_mixin.py:154} INFO - [2023-11-18T11:40:43.738+0000] {dag.py:3722} INFO - Setting next_dagrun for tutorial to 2023-11-17T11:40:43.738223+00:00, run_after=2023-11-18T11:40:43.738223+00:00
[2023-11-18T11:40:43.748+0000] {processor.py:179} INFO - Processing /home/airflow/.local/lib/python3.8/site-packages/airflow/example_dags/tutorial.py took 0.043 seconds
[2023-11-18T11:41:14.058+0000] {processor.py:157} INFO - Started process (PID=998) to work on /home/airflow/.local/lib/python3.8/site-packages/airflow/example_dags/tutorial.py
[2023-11-18T11:41:14.059+0000] {processor.py:829} INFO - Processing file /home/airflow/.local/lib/python3.8/site-packages/airflow/example_dags/tutorial.py for tasks to queue
[2023-11-18T11:41:14.062+0000] {logging_mixin.py:154} INFO - [2023-11-18T11:41:14.061+0000] {dagbag.py:536} INFO - Filling up the DagBag from /home/airflow/.local/lib/python3.8/site-packages/airflow/example_dags/tutorial.py
[2023-11-18T11:41:14.067+0000] {processor.py:839} INFO - DAG(s) dict_keys(['tutorial']) retrieved from /home/airflow/.local/lib/python3.8/site-packages/airflow/example_dags/tutorial.py
[2023-11-18T11:41:14.088+0000] {logging_mixin.py:154} INFO - [2023-11-18T11:41:14.088+0000] {dag.py:2941} INFO - Sync 1 DAGs
[2023-11-18T11:41:14.103+0000] {logging_mixin.py:154} INFO - [2023-11-18T11:41:14.103+0000] {dag.py:3722} INFO - Setting next_dagrun for tutorial to 2023-11-17T11:41:14.103190+00:00, run_after=2023-11-18T11:41:14.103190+00:00
[2023-11-18T11:41:14.112+0000] {processor.py:179} INFO - Processing /home/airflow/.local/lib/python3.8/site-packages/airflow/example_dags/tutorial.py took 0.058 seconds
[2023-11-18T11:41:44.582+0000] {processor.py:157} INFO - Started process (PID=1053) to work on /home/airflow/.local/lib/python3.8/site-packages/airflow/example_dags/tutorial.py
[2023-11-18T11:41:44.584+0000] {processor.py:829} INFO - Processing file /home/airflow/.local/lib/python3.8/site-packages/airflow/example_dags/tutorial.py for tasks to queue
[2023-11-18T11:41:44.586+0000] {logging_mixin.py:154} INFO - [2023-11-18T11:41:44.586+0000] {dagbag.py:536} INFO - Filling up the DagBag from /home/airflow/.local/lib/python3.8/site-packages/airflow/example_dags/tutorial.py
[2023-11-18T11:41:44.592+0000] {processor.py:839} INFO - DAG(s) dict_keys(['tutorial']) retrieved from /home/airflow/.local/lib/python3.8/site-packages/airflow/example_dags/tutorial.py
[2023-11-18T11:41:44.609+0000] {logging_mixin.py:154} INFO - [2023-11-18T11:41:44.609+0000] {dag.py:2941} INFO - Sync 1 DAGs
[2023-11-18T11:41:44.623+0000] {logging_mixin.py:154} INFO - [2023-11-18T11:41:44.623+0000] {dag.py:3722} INFO - Setting next_dagrun for tutorial to 2023-11-17T11:41:44.623034+00:00, run_after=2023-11-18T11:41:44.623034+00:00
[2023-11-18T11:41:44.633+0000] {processor.py:179} INFO - Processing /home/airflow/.local/lib/python3.8/site-packages/airflow/example_dags/tutorial.py took 0.055 seconds
[2023-11-18T11:42:14.919+0000] {processor.py:157} INFO - Started process (PID=1108) to work on /home/airflow/.local/lib/python3.8/site-packages/airflow/example_dags/tutorial.py
[2023-11-18T11:42:14.920+0000] {processor.py:829} INFO - Processing file /home/airflow/.local/lib/python3.8/site-packages/airflow/example_dags/tutorial.py for tasks to queue
[2023-11-18T11:42:14.923+0000] {logging_mixin.py:154} INFO - [2023-11-18T11:42:14.922+0000] {dagbag.py:536} INFO - Filling up the DagBag from /home/airflow/.local/lib/python3.8/site-packages/airflow/example_dags/tutorial.py
[2023-11-18T11:42:14.945+0000] {processor.py:839} INFO - DAG(s) dict_keys(['tutorial']) retrieved from /home/airflow/.local/lib/python3.8/site-packages/airflow/example_dags/tutorial.py
[2023-11-18T11:42:14.971+0000] {logging_mixin.py:154} INFO - [2023-11-18T11:42:14.971+0000] {dag.py:2941} INFO - Sync 1 DAGs
[2023-11-18T11:42:15.002+0000] {logging_mixin.py:154} INFO - [2023-11-18T11:42:15.002+0000] {dag.py:3722} INFO - Setting next_dagrun for tutorial to 2023-11-17T11:42:15.000682+00:00, run_after=2023-11-18T11:42:15.000682+00:00
[2023-11-18T11:42:15.031+0000] {processor.py:179} INFO - Processing /home/airflow/.local/lib/python3.8/site-packages/airflow/example_dags/tutorial.py took 0.116 seconds
[2023-11-18T11:42:45.634+0000] {processor.py:157} INFO - Started process (PID=1163) to work on /home/airflow/.local/lib/python3.8/site-packages/airflow/example_dags/tutorial.py
[2023-11-18T11:42:45.636+0000] {processor.py:829} INFO - Processing file /home/airflow/.local/lib/python3.8/site-packages/airflow/example_dags/tutorial.py for tasks to queue
[2023-11-18T11:42:45.640+0000] {logging_mixin.py:154} INFO - [2023-11-18T11:42:45.639+0000] {dagbag.py:536} INFO - Filling up the DagBag from /home/airflow/.local/lib/python3.8/site-packages/airflow/example_dags/tutorial.py
[2023-11-18T11:42:45.648+0000] {processor.py:839} INFO - DAG(s) dict_keys(['tutorial']) retrieved from /home/airflow/.local/lib/python3.8/site-packages/airflow/example_dags/tutorial.py
[2023-11-18T11:42:45.669+0000] {logging_mixin.py:154} INFO - [2023-11-18T11:42:45.669+0000] {dag.py:2941} INFO - Sync 1 DAGs
[2023-11-18T11:42:45.681+0000] {logging_mixin.py:154} INFO - [2023-11-18T11:42:45.681+0000] {dag.py:3722} INFO - Setting next_dagrun for tutorial to 2023-11-17T11:42:45.681445+00:00, run_after=2023-11-18T11:42:45.681445+00:00
[2023-11-18T11:42:45.690+0000] {processor.py:179} INFO - Processing /home/airflow/.local/lib/python3.8/site-packages/airflow/example_dags/tutorial.py took 0.063 seconds
[2023-11-18T11:43:15.772+0000] {processor.py:157} INFO - Started process (PID=1218) to work on /home/airflow/.local/lib/python3.8/site-packages/airflow/example_dags/tutorial.py
[2023-11-18T11:43:15.773+0000] {processor.py:829} INFO - Processing file /home/airflow/.local/lib/python3.8/site-packages/airflow/example_dags/tutorial.py for tasks to queue
[2023-11-18T11:43:15.775+0000] {logging_mixin.py:154} INFO - [2023-11-18T11:43:15.774+0000] {dagbag.py:536} INFO - Filling up the DagBag from /home/airflow/.local/lib/python3.8/site-packages/airflow/example_dags/tutorial.py
[2023-11-18T11:43:15.781+0000] {processor.py:839} INFO - DAG(s) dict_keys(['tutorial']) retrieved from /home/airflow/.local/lib/python3.8/site-packages/airflow/example_dags/tutorial.py
[2023-11-18T11:43:15.801+0000] {logging_mixin.py:154} INFO - [2023-11-18T11:43:15.801+0000] {dag.py:2941} INFO - Sync 1 DAGs
[2023-11-18T11:43:15.818+0000] {logging_mixin.py:154} INFO - [2023-11-18T11:43:15.817+0000] {dag.py:3722} INFO - Setting next_dagrun for tutorial to 2023-11-17T11:43:15.817709+00:00, run_after=2023-11-18T11:43:15.817709+00:00
[2023-11-18T11:43:15.828+0000] {processor.py:179} INFO - Processing /home/airflow/.local/lib/python3.8/site-packages/airflow/example_dags/tutorial.py took 0.060 seconds
[2023-11-18T11:43:45.913+0000] {processor.py:157} INFO - Started process (PID=1273) to work on /home/airflow/.local/lib/python3.8/site-packages/airflow/example_dags/tutorial.py
[2023-11-18T11:43:45.915+0000] {processor.py:829} INFO - Processing file /home/airflow/.local/lib/python3.8/site-packages/airflow/example_dags/tutorial.py for tasks to queue
[2023-11-18T11:43:45.918+0000] {logging_mixin.py:154} INFO - [2023-11-18T11:43:45.918+0000] {dagbag.py:536} INFO - Filling up the DagBag from /home/airflow/.local/lib/python3.8/site-packages/airflow/example_dags/tutorial.py
[2023-11-18T11:43:45.925+0000] {processor.py:839} INFO - DAG(s) dict_keys(['tutorial']) retrieved from /home/airflow/.local/lib/python3.8/site-packages/airflow/example_dags/tutorial.py
[2023-11-18T11:43:45.943+0000] {logging_mixin.py:154} INFO - [2023-11-18T11:43:45.943+0000] {dag.py:2941} INFO - Sync 1 DAGs
[2023-11-18T11:43:45.956+0000] {logging_mixin.py:154} INFO - [2023-11-18T11:43:45.956+0000] {dag.py:3722} INFO - Setting next_dagrun for tutorial to 2023-11-17T11:43:45.955973+00:00, run_after=2023-11-18T11:43:45.955973+00:00
[2023-11-18T11:43:45.965+0000] {processor.py:179} INFO - Processing /home/airflow/.local/lib/python3.8/site-packages/airflow/example_dags/tutorial.py took 0.057 seconds
[2023-11-18T11:44:16.088+0000] {processor.py:157} INFO - Started process (PID=1328) to work on /home/airflow/.local/lib/python3.8/site-packages/airflow/example_dags/tutorial.py
[2023-11-18T11:44:16.090+0000] {processor.py:829} INFO - Processing file /home/airflow/.local/lib/python3.8/site-packages/airflow/example_dags/tutorial.py for tasks to queue
[2023-11-18T11:44:16.094+0000] {logging_mixin.py:154} INFO - [2023-11-18T11:44:16.094+0000] {dagbag.py:536} INFO - Filling up the DagBag from /home/airflow/.local/lib/python3.8/site-packages/airflow/example_dags/tutorial.py
[2023-11-18T11:44:16.102+0000] {processor.py:839} INFO - DAG(s) dict_keys(['tutorial']) retrieved from /home/airflow/.local/lib/python3.8/site-packages/airflow/example_dags/tutorial.py
[2023-11-18T11:44:16.143+0000] {logging_mixin.py:154} INFO - [2023-11-18T11:44:16.143+0000] {dag.py:2941} INFO - Sync 1 DAGs
[2023-11-18T11:44:16.161+0000] {logging_mixin.py:154} INFO - [2023-11-18T11:44:16.161+0000] {dag.py:3722} INFO - Setting next_dagrun for tutorial to 2023-11-17T11:44:16.161005+00:00, run_after=2023-11-18T11:44:16.161005+00:00
[2023-11-18T11:44:16.173+0000] {processor.py:179} INFO - Processing /home/airflow/.local/lib/python3.8/site-packages/airflow/example_dags/tutorial.py took 0.094 seconds
[2023-11-18T11:44:46.606+0000] {processor.py:157} INFO - Started process (PID=1395) to work on /home/airflow/.local/lib/python3.8/site-packages/airflow/example_dags/tutorial.py
[2023-11-18T11:44:46.609+0000] {processor.py:829} INFO - Processing file /home/airflow/.local/lib/python3.8/site-packages/airflow/example_dags/tutorial.py for tasks to queue
[2023-11-18T11:44:46.612+0000] {logging_mixin.py:154} INFO - [2023-11-18T11:44:46.612+0000] {dagbag.py:536} INFO - Filling up the DagBag from /home/airflow/.local/lib/python3.8/site-packages/airflow/example_dags/tutorial.py
[2023-11-18T11:44:46.627+0000] {processor.py:839} INFO - DAG(s) dict_keys(['tutorial']) retrieved from /home/airflow/.local/lib/python3.8/site-packages/airflow/example_dags/tutorial.py
[2023-11-18T11:44:46.652+0000] {logging_mixin.py:154} INFO - [2023-11-18T11:44:46.652+0000] {dag.py:2941} INFO - Sync 1 DAGs
[2023-11-18T11:44:46.675+0000] {logging_mixin.py:154} INFO - [2023-11-18T11:44:46.674+0000] {dag.py:3722} INFO - Setting next_dagrun for tutorial to 2023-11-17T11:44:46.674602+00:00, run_after=2023-11-18T11:44:46.674602+00:00
[2023-11-18T11:44:46.695+0000] {processor.py:179} INFO - Processing /home/airflow/.local/lib/python3.8/site-packages/airflow/example_dags/tutorial.py took 0.093 seconds
[2023-11-18T11:45:17.223+0000] {processor.py:157} INFO - Started process (PID=1456) to work on /home/airflow/.local/lib/python3.8/site-packages/airflow/example_dags/tutorial.py
[2023-11-18T11:45:17.224+0000] {processor.py:829} INFO - Processing file /home/airflow/.local/lib/python3.8/site-packages/airflow/example_dags/tutorial.py for tasks to queue
[2023-11-18T11:45:17.227+0000] {logging_mixin.py:154} INFO - [2023-11-18T11:45:17.226+0000] {dagbag.py:536} INFO - Filling up the DagBag from /home/airflow/.local/lib/python3.8/site-packages/airflow/example_dags/tutorial.py
[2023-11-18T11:45:17.235+0000] {processor.py:839} INFO - DAG(s) dict_keys(['tutorial']) retrieved from /home/airflow/.local/lib/python3.8/site-packages/airflow/example_dags/tutorial.py
[2023-11-18T11:45:17.264+0000] {logging_mixin.py:154} INFO - [2023-11-18T11:45:17.264+0000] {dag.py:2941} INFO - Sync 1 DAGs
[2023-11-18T11:45:17.286+0000] {logging_mixin.py:154} INFO - [2023-11-18T11:45:17.286+0000] {dag.py:3722} INFO - Setting next_dagrun for tutorial to 2023-11-17T11:45:17.285669+00:00, run_after=2023-11-18T11:45:17.285669+00:00
[2023-11-18T11:45:17.308+0000] {processor.py:179} INFO - Processing /home/airflow/.local/lib/python3.8/site-packages/airflow/example_dags/tutorial.py took 0.096 seconds
[2023-11-18T11:45:47.704+0000] {processor.py:157} INFO - Started process (PID=1517) to work on /home/airflow/.local/lib/python3.8/site-packages/airflow/example_dags/tutorial.py
[2023-11-18T11:45:47.706+0000] {processor.py:829} INFO - Processing file /home/airflow/.local/lib/python3.8/site-packages/airflow/example_dags/tutorial.py for tasks to queue
[2023-11-18T11:45:47.708+0000] {logging_mixin.py:154} INFO - [2023-11-18T11:45:47.708+0000] {dagbag.py:536} INFO - Filling up the DagBag from /home/airflow/.local/lib/python3.8/site-packages/airflow/example_dags/tutorial.py
[2023-11-18T11:45:47.714+0000] {processor.py:839} INFO - DAG(s) dict_keys(['tutorial']) retrieved from /home/airflow/.local/lib/python3.8/site-packages/airflow/example_dags/tutorial.py
[2023-11-18T11:45:47.732+0000] {logging_mixin.py:154} INFO - [2023-11-18T11:45:47.732+0000] {dag.py:2941} INFO - Sync 1 DAGs
[2023-11-18T11:45:47.747+0000] {logging_mixin.py:154} INFO - [2023-11-18T11:45:47.747+0000] {dag.py:3722} INFO - Setting next_dagrun for tutorial to 2023-11-17T11:45:47.747694+00:00, run_after=2023-11-18T11:45:47.747694+00:00
[2023-11-18T11:45:47.757+0000] {processor.py:179} INFO - Processing /home/airflow/.local/lib/python3.8/site-packages/airflow/example_dags/tutorial.py took 0.056 seconds
[2023-11-18T11:46:18.040+0000] {processor.py:157} INFO - Started process (PID=1578) to work on /home/airflow/.local/lib/python3.8/site-packages/airflow/example_dags/tutorial.py
[2023-11-18T11:46:18.041+0000] {processor.py:829} INFO - Processing file /home/airflow/.local/lib/python3.8/site-packages/airflow/example_dags/tutorial.py for tasks to queue
[2023-11-18T11:46:18.044+0000] {logging_mixin.py:154} INFO - [2023-11-18T11:46:18.044+0000] {dagbag.py:536} INFO - Filling up the DagBag from /home/airflow/.local/lib/python3.8/site-packages/airflow/example_dags/tutorial.py
[2023-11-18T11:46:18.052+0000] {processor.py:839} INFO - DAG(s) dict_keys(['tutorial']) retrieved from /home/airflow/.local/lib/python3.8/site-packages/airflow/example_dags/tutorial.py
[2023-11-18T11:46:18.075+0000] {logging_mixin.py:154} INFO - [2023-11-18T11:46:18.075+0000] {dag.py:2941} INFO - Sync 1 DAGs
[2023-11-18T11:46:18.092+0000] {logging_mixin.py:154} INFO - [2023-11-18T11:46:18.092+0000] {dag.py:3722} INFO - Setting next_dagrun for tutorial to 2023-11-17T11:46:18.091818+00:00, run_after=2023-11-18T11:46:18.091818+00:00
[2023-11-18T11:46:18.101+0000] {processor.py:179} INFO - Processing /home/airflow/.local/lib/python3.8/site-packages/airflow/example_dags/tutorial.py took 0.065 seconds
[2023-11-18T11:46:48.671+0000] {processor.py:157} INFO - Started process (PID=1639) to work on /home/airflow/.local/lib/python3.8/site-packages/airflow/example_dags/tutorial.py
[2023-11-18T11:46:48.672+0000] {processor.py:829} INFO - Processing file /home/airflow/.local/lib/python3.8/site-packages/airflow/example_dags/tutorial.py for tasks to queue
[2023-11-18T11:46:48.676+0000] {logging_mixin.py:154} INFO - [2023-11-18T11:46:48.675+0000] {dagbag.py:536} INFO - Filling up the DagBag from /home/airflow/.local/lib/python3.8/site-packages/airflow/example_dags/tutorial.py
[2023-11-18T11:46:48.683+0000] {processor.py:839} INFO - DAG(s) dict_keys(['tutorial']) retrieved from /home/airflow/.local/lib/python3.8/site-packages/airflow/example_dags/tutorial.py
[2023-11-18T11:46:48.700+0000] {logging_mixin.py:154} INFO - [2023-11-18T11:46:48.700+0000] {dag.py:2941} INFO - Sync 1 DAGs
[2023-11-18T11:46:48.714+0000] {logging_mixin.py:154} INFO - [2023-11-18T11:46:48.714+0000] {dag.py:3722} INFO - Setting next_dagrun for tutorial to 2023-11-17T11:46:48.714519+00:00, run_after=2023-11-18T11:46:48.714519+00:00
[2023-11-18T11:46:48.724+0000] {processor.py:179} INFO - Processing /home/airflow/.local/lib/python3.8/site-packages/airflow/example_dags/tutorial.py took 0.059 seconds
