[2023-11-13T18:39:10.926+0000] {processor.py:157} INFO - Started process (PID=62) to work on /home/airflow/.local/lib/python3.8/site-packages/airflow/example_dags/example_skip_dag.py
[2023-11-13T18:39:10.927+0000] {processor.py:829} INFO - Processing file /home/airflow/.local/lib/python3.8/site-packages/airflow/example_dags/example_skip_dag.py for tasks to queue
[2023-11-13T18:39:10.929+0000] {logging_mixin.py:154} INFO - [2023-11-13T18:39:10.929+0000] {dagbag.py:536} INFO - Filling up the DagBag from /home/airflow/.local/lib/python3.8/site-packages/airflow/example_dags/example_skip_dag.py
[2023-11-13T18:39:10.936+0000] {processor.py:839} INFO - DAG(s) dict_keys(['example_skip_dag']) retrieved from /home/airflow/.local/lib/python3.8/site-packages/airflow/example_dags/example_skip_dag.py
[2023-11-13T18:39:11.010+0000] {logging_mixin.py:154} INFO - [2023-11-13T18:39:11.009+0000] {manager.py:499} INFO - Created Permission View: %s
[2023-11-13T18:39:11.020+0000] {logging_mixin.py:154} INFO - [2023-11-13T18:39:11.020+0000] {manager.py:499} INFO - Created Permission View: %s
[2023-11-13T18:39:11.030+0000] {logging_mixin.py:154} INFO - [2023-11-13T18:39:11.029+0000] {manager.py:499} INFO - Created Permission View: %s
[2023-11-13T18:39:11.030+0000] {logging_mixin.py:154} INFO - [2023-11-13T18:39:11.030+0000] {dag.py:2941} INFO - Sync 1 DAGs
[2023-11-13T18:39:11.037+0000] {logging_mixin.py:154} INFO - [2023-11-13T18:39:11.037+0000] {dag.py:2963} INFO - Creating ORM DAG for example_skip_dag
[2023-11-13T18:39:11.045+0000] {logging_mixin.py:154} INFO - [2023-11-13T18:39:11.045+0000] {dag.py:3722} INFO - Setting next_dagrun for example_skip_dag to 2023-11-12T18:39:11.045080+00:00, run_after=2023-11-13T18:39:11.045080+00:00
[2023-11-13T18:39:11.057+0000] {processor.py:179} INFO - Processing /home/airflow/.local/lib/python3.8/site-packages/airflow/example_dags/example_skip_dag.py took 0.134 seconds
[2023-11-13T18:39:43.576+0000] {processor.py:157} INFO - Started process (PID=116) to work on /home/airflow/.local/lib/python3.8/site-packages/airflow/example_dags/example_skip_dag.py
[2023-11-13T18:39:43.578+0000] {processor.py:829} INFO - Processing file /home/airflow/.local/lib/python3.8/site-packages/airflow/example_dags/example_skip_dag.py for tasks to queue
[2023-11-13T18:39:43.582+0000] {logging_mixin.py:154} INFO - [2023-11-13T18:39:43.581+0000] {dagbag.py:536} INFO - Filling up the DagBag from /home/airflow/.local/lib/python3.8/site-packages/airflow/example_dags/example_skip_dag.py
[2023-11-13T18:39:43.591+0000] {processor.py:839} INFO - DAG(s) dict_keys(['example_skip_dag']) retrieved from /home/airflow/.local/lib/python3.8/site-packages/airflow/example_dags/example_skip_dag.py
[2023-11-13T18:39:43.640+0000] {logging_mixin.py:154} INFO - [2023-11-13T18:39:43.640+0000] {dag.py:2941} INFO - Sync 1 DAGs
[2023-11-13T18:39:43.668+0000] {logging_mixin.py:154} INFO - [2023-11-13T18:39:43.668+0000] {dag.py:3722} INFO - Setting next_dagrun for example_skip_dag to 2023-11-12T18:39:43.668222+00:00, run_after=2023-11-13T18:39:43.668222+00:00
[2023-11-13T18:39:43.695+0000] {processor.py:179} INFO - Processing /home/airflow/.local/lib/python3.8/site-packages/airflow/example_dags/example_skip_dag.py took 0.124 seconds
[2023-11-13T18:40:16.509+0000] {processor.py:157} INFO - Started process (PID=170) to work on /home/airflow/.local/lib/python3.8/site-packages/airflow/example_dags/example_skip_dag.py
[2023-11-13T18:40:16.512+0000] {processor.py:829} INFO - Processing file /home/airflow/.local/lib/python3.8/site-packages/airflow/example_dags/example_skip_dag.py for tasks to queue
[2023-11-13T18:40:16.561+0000] {logging_mixin.py:154} INFO - [2023-11-13T18:40:16.561+0000] {dagbag.py:536} INFO - Filling up the DagBag from /home/airflow/.local/lib/python3.8/site-packages/airflow/example_dags/example_skip_dag.py
[2023-11-13T18:40:16.599+0000] {processor.py:839} INFO - DAG(s) dict_keys(['example_skip_dag']) retrieved from /home/airflow/.local/lib/python3.8/site-packages/airflow/example_dags/example_skip_dag.py
[2023-11-13T18:40:16.642+0000] {logging_mixin.py:154} INFO - [2023-11-13T18:40:16.642+0000] {dag.py:2941} INFO - Sync 1 DAGs
[2023-11-13T18:40:16.691+0000] {logging_mixin.py:154} INFO - [2023-11-13T18:40:16.691+0000] {dag.py:3722} INFO - Setting next_dagrun for example_skip_dag to 2023-11-12T18:40:16.690708+00:00, run_after=2023-11-13T18:40:16.690708+00:00
[2023-11-13T18:40:16.733+0000] {processor.py:179} INFO - Processing /home/airflow/.local/lib/python3.8/site-packages/airflow/example_dags/example_skip_dag.py took 0.269 seconds
[2023-11-13T18:40:47.004+0000] {processor.py:157} INFO - Started process (PID=224) to work on /home/airflow/.local/lib/python3.8/site-packages/airflow/example_dags/example_skip_dag.py
[2023-11-13T18:40:47.004+0000] {processor.py:829} INFO - Processing file /home/airflow/.local/lib/python3.8/site-packages/airflow/example_dags/example_skip_dag.py for tasks to queue
[2023-11-13T18:40:47.006+0000] {logging_mixin.py:154} INFO - [2023-11-13T18:40:47.006+0000] {dagbag.py:536} INFO - Filling up the DagBag from /home/airflow/.local/lib/python3.8/site-packages/airflow/example_dags/example_skip_dag.py
[2023-11-13T18:40:47.010+0000] {processor.py:839} INFO - DAG(s) dict_keys(['example_skip_dag']) retrieved from /home/airflow/.local/lib/python3.8/site-packages/airflow/example_dags/example_skip_dag.py
[2023-11-13T18:40:47.021+0000] {logging_mixin.py:154} INFO - [2023-11-13T18:40:47.021+0000] {dag.py:2941} INFO - Sync 1 DAGs
[2023-11-13T18:40:47.031+0000] {logging_mixin.py:154} INFO - [2023-11-13T18:40:47.031+0000] {dag.py:3722} INFO - Setting next_dagrun for example_skip_dag to 2023-11-12T18:40:47.030999+00:00, run_after=2023-11-13T18:40:47.030999+00:00
[2023-11-13T18:40:47.040+0000] {processor.py:179} INFO - Processing /home/airflow/.local/lib/python3.8/site-packages/airflow/example_dags/example_skip_dag.py took 0.039 seconds
[2023-11-13T18:41:17.197+0000] {processor.py:157} INFO - Started process (PID=278) to work on /home/airflow/.local/lib/python3.8/site-packages/airflow/example_dags/example_skip_dag.py
[2023-11-13T18:41:17.198+0000] {processor.py:829} INFO - Processing file /home/airflow/.local/lib/python3.8/site-packages/airflow/example_dags/example_skip_dag.py for tasks to queue
[2023-11-13T18:41:17.200+0000] {logging_mixin.py:154} INFO - [2023-11-13T18:41:17.200+0000] {dagbag.py:536} INFO - Filling up the DagBag from /home/airflow/.local/lib/python3.8/site-packages/airflow/example_dags/example_skip_dag.py
[2023-11-13T18:41:17.205+0000] {processor.py:839} INFO - DAG(s) dict_keys(['example_skip_dag']) retrieved from /home/airflow/.local/lib/python3.8/site-packages/airflow/example_dags/example_skip_dag.py
[2023-11-13T18:41:17.220+0000] {logging_mixin.py:154} INFO - [2023-11-13T18:41:17.220+0000] {dag.py:2941} INFO - Sync 1 DAGs
[2023-11-13T18:41:17.234+0000] {logging_mixin.py:154} INFO - [2023-11-13T18:41:17.234+0000] {dag.py:3722} INFO - Setting next_dagrun for example_skip_dag to 2023-11-12T18:41:17.233866+00:00, run_after=2023-11-13T18:41:17.233866+00:00
[2023-11-13T18:41:17.247+0000] {processor.py:179} INFO - Processing /home/airflow/.local/lib/python3.8/site-packages/airflow/example_dags/example_skip_dag.py took 0.052 seconds
[2023-11-13T18:41:48.113+0000] {processor.py:157} INFO - Started process (PID=331) to work on /home/airflow/.local/lib/python3.8/site-packages/airflow/example_dags/example_skip_dag.py
[2023-11-13T18:41:48.114+0000] {processor.py:829} INFO - Processing file /home/airflow/.local/lib/python3.8/site-packages/airflow/example_dags/example_skip_dag.py for tasks to queue
[2023-11-13T18:41:48.115+0000] {logging_mixin.py:154} INFO - [2023-11-13T18:41:48.115+0000] {dagbag.py:536} INFO - Filling up the DagBag from /home/airflow/.local/lib/python3.8/site-packages/airflow/example_dags/example_skip_dag.py
[2023-11-13T18:41:48.120+0000] {processor.py:839} INFO - DAG(s) dict_keys(['example_skip_dag']) retrieved from /home/airflow/.local/lib/python3.8/site-packages/airflow/example_dags/example_skip_dag.py
[2023-11-13T18:41:48.131+0000] {logging_mixin.py:154} INFO - [2023-11-13T18:41:48.131+0000] {dag.py:2941} INFO - Sync 1 DAGs
[2023-11-13T18:41:48.141+0000] {logging_mixin.py:154} INFO - [2023-11-13T18:41:48.141+0000] {dag.py:3722} INFO - Setting next_dagrun for example_skip_dag to 2023-11-12T18:41:48.141067+00:00, run_after=2023-11-13T18:41:48.141067+00:00
[2023-11-13T18:41:48.149+0000] {processor.py:179} INFO - Processing /home/airflow/.local/lib/python3.8/site-packages/airflow/example_dags/example_skip_dag.py took 0.038 seconds
[2023-11-13T18:42:18.598+0000] {processor.py:157} INFO - Started process (PID=385) to work on /home/airflow/.local/lib/python3.8/site-packages/airflow/example_dags/example_skip_dag.py
[2023-11-13T18:42:18.605+0000] {processor.py:829} INFO - Processing file /home/airflow/.local/lib/python3.8/site-packages/airflow/example_dags/example_skip_dag.py for tasks to queue
[2023-11-13T18:42:18.608+0000] {logging_mixin.py:154} INFO - [2023-11-13T18:42:18.608+0000] {dagbag.py:536} INFO - Filling up the DagBag from /home/airflow/.local/lib/python3.8/site-packages/airflow/example_dags/example_skip_dag.py
[2023-11-13T18:42:18.622+0000] {processor.py:839} INFO - DAG(s) dict_keys(['example_skip_dag']) retrieved from /home/airflow/.local/lib/python3.8/site-packages/airflow/example_dags/example_skip_dag.py
[2023-11-13T18:42:18.646+0000] {logging_mixin.py:154} INFO - [2023-11-13T18:42:18.646+0000] {dag.py:2941} INFO - Sync 1 DAGs
[2023-11-13T18:42:18.669+0000] {logging_mixin.py:154} INFO - [2023-11-13T18:42:18.669+0000] {dag.py:3722} INFO - Setting next_dagrun for example_skip_dag to 2023-11-12T18:42:18.669197+00:00, run_after=2023-11-13T18:42:18.669197+00:00
[2023-11-13T18:42:18.690+0000] {processor.py:179} INFO - Processing /home/airflow/.local/lib/python3.8/site-packages/airflow/example_dags/example_skip_dag.py took 0.100 seconds
[2023-11-13T18:42:48.867+0000] {processor.py:157} INFO - Started process (PID=439) to work on /home/airflow/.local/lib/python3.8/site-packages/airflow/example_dags/example_skip_dag.py
[2023-11-13T18:42:48.869+0000] {processor.py:829} INFO - Processing file /home/airflow/.local/lib/python3.8/site-packages/airflow/example_dags/example_skip_dag.py for tasks to queue
[2023-11-13T18:42:48.871+0000] {logging_mixin.py:154} INFO - [2023-11-13T18:42:48.871+0000] {dagbag.py:536} INFO - Filling up the DagBag from /home/airflow/.local/lib/python3.8/site-packages/airflow/example_dags/example_skip_dag.py
[2023-11-13T18:42:48.876+0000] {processor.py:839} INFO - DAG(s) dict_keys(['example_skip_dag']) retrieved from /home/airflow/.local/lib/python3.8/site-packages/airflow/example_dags/example_skip_dag.py
[2023-11-13T18:42:48.892+0000] {logging_mixin.py:154} INFO - [2023-11-13T18:42:48.892+0000] {dag.py:2941} INFO - Sync 1 DAGs
[2023-11-13T18:42:48.906+0000] {logging_mixin.py:154} INFO - [2023-11-13T18:42:48.906+0000] {dag.py:3722} INFO - Setting next_dagrun for example_skip_dag to 2023-11-12T18:42:48.906475+00:00, run_after=2023-11-13T18:42:48.906475+00:00
[2023-11-13T18:42:48.918+0000] {processor.py:179} INFO - Processing /home/airflow/.local/lib/python3.8/site-packages/airflow/example_dags/example_skip_dag.py took 0.054 seconds
[2023-11-13T19:57:45.815+0000] {processor.py:157} INFO - Started process (PID=62) to work on /home/airflow/.local/lib/python3.8/site-packages/airflow/example_dags/example_skip_dag.py
[2023-11-13T19:57:45.816+0000] {processor.py:829} INFO - Processing file /home/airflow/.local/lib/python3.8/site-packages/airflow/example_dags/example_skip_dag.py for tasks to queue
[2023-11-13T19:57:45.818+0000] {logging_mixin.py:154} INFO - [2023-11-13T19:57:45.818+0000] {dagbag.py:536} INFO - Filling up the DagBag from /home/airflow/.local/lib/python3.8/site-packages/airflow/example_dags/example_skip_dag.py
[2023-11-13T19:57:45.823+0000] {processor.py:839} INFO - DAG(s) dict_keys(['example_skip_dag']) retrieved from /home/airflow/.local/lib/python3.8/site-packages/airflow/example_dags/example_skip_dag.py
[2023-11-13T19:57:45.840+0000] {logging_mixin.py:154} INFO - [2023-11-13T19:57:45.840+0000] {dag.py:2941} INFO - Sync 1 DAGs
[2023-11-13T19:57:45.853+0000] {logging_mixin.py:154} INFO - [2023-11-13T19:57:45.852+0000] {dag.py:3722} INFO - Setting next_dagrun for example_skip_dag to 2023-11-12T19:57:45.852792+00:00, run_after=2023-11-13T19:57:45.852792+00:00
[2023-11-13T19:57:45.863+0000] {processor.py:179} INFO - Processing /home/airflow/.local/lib/python3.8/site-packages/airflow/example_dags/example_skip_dag.py took 0.050 seconds
[2023-11-13T19:58:16.143+0000] {processor.py:157} INFO - Started process (PID=116) to work on /home/airflow/.local/lib/python3.8/site-packages/airflow/example_dags/example_skip_dag.py
[2023-11-13T19:58:16.144+0000] {processor.py:829} INFO - Processing file /home/airflow/.local/lib/python3.8/site-packages/airflow/example_dags/example_skip_dag.py for tasks to queue
[2023-11-13T19:58:16.145+0000] {logging_mixin.py:154} INFO - [2023-11-13T19:58:16.145+0000] {dagbag.py:536} INFO - Filling up the DagBag from /home/airflow/.local/lib/python3.8/site-packages/airflow/example_dags/example_skip_dag.py
[2023-11-13T19:58:16.149+0000] {processor.py:839} INFO - DAG(s) dict_keys(['example_skip_dag']) retrieved from /home/airflow/.local/lib/python3.8/site-packages/airflow/example_dags/example_skip_dag.py
[2023-11-13T19:58:16.163+0000] {logging_mixin.py:154} INFO - [2023-11-13T19:58:16.163+0000] {dag.py:2941} INFO - Sync 1 DAGs
[2023-11-13T19:58:16.175+0000] {logging_mixin.py:154} INFO - [2023-11-13T19:58:16.175+0000] {dag.py:3722} INFO - Setting next_dagrun for example_skip_dag to 2023-11-12T19:58:16.175667+00:00, run_after=2023-11-13T19:58:16.175667+00:00
[2023-11-13T19:58:16.185+0000] {processor.py:179} INFO - Processing /home/airflow/.local/lib/python3.8/site-packages/airflow/example_dags/example_skip_dag.py took 0.045 seconds
[2023-11-13T19:58:46.452+0000] {processor.py:157} INFO - Started process (PID=170) to work on /home/airflow/.local/lib/python3.8/site-packages/airflow/example_dags/example_skip_dag.py
[2023-11-13T19:58:46.453+0000] {processor.py:829} INFO - Processing file /home/airflow/.local/lib/python3.8/site-packages/airflow/example_dags/example_skip_dag.py for tasks to queue
[2023-11-13T19:58:46.456+0000] {logging_mixin.py:154} INFO - [2023-11-13T19:58:46.456+0000] {dagbag.py:536} INFO - Filling up the DagBag from /home/airflow/.local/lib/python3.8/site-packages/airflow/example_dags/example_skip_dag.py
[2023-11-13T19:58:46.461+0000] {processor.py:839} INFO - DAG(s) dict_keys(['example_skip_dag']) retrieved from /home/airflow/.local/lib/python3.8/site-packages/airflow/example_dags/example_skip_dag.py
[2023-11-13T19:58:46.486+0000] {logging_mixin.py:154} INFO - [2023-11-13T19:58:46.485+0000] {dag.py:2941} INFO - Sync 1 DAGs
[2023-11-13T19:58:46.506+0000] {logging_mixin.py:154} INFO - [2023-11-13T19:58:46.506+0000] {dag.py:3722} INFO - Setting next_dagrun for example_skip_dag to 2023-11-12T19:58:46.506035+00:00, run_after=2023-11-13T19:58:46.506035+00:00
[2023-11-13T19:58:46.516+0000] {processor.py:179} INFO - Processing /home/airflow/.local/lib/python3.8/site-packages/airflow/example_dags/example_skip_dag.py took 0.066 seconds
[2023-11-13T19:59:16.712+0000] {processor.py:157} INFO - Started process (PID=224) to work on /home/airflow/.local/lib/python3.8/site-packages/airflow/example_dags/example_skip_dag.py
[2023-11-13T19:59:16.713+0000] {processor.py:829} INFO - Processing file /home/airflow/.local/lib/python3.8/site-packages/airflow/example_dags/example_skip_dag.py for tasks to queue
[2023-11-13T19:59:16.714+0000] {logging_mixin.py:154} INFO - [2023-11-13T19:59:16.714+0000] {dagbag.py:536} INFO - Filling up the DagBag from /home/airflow/.local/lib/python3.8/site-packages/airflow/example_dags/example_skip_dag.py
[2023-11-13T19:59:16.719+0000] {processor.py:839} INFO - DAG(s) dict_keys(['example_skip_dag']) retrieved from /home/airflow/.local/lib/python3.8/site-packages/airflow/example_dags/example_skip_dag.py
[2023-11-13T19:59:16.732+0000] {logging_mixin.py:154} INFO - [2023-11-13T19:59:16.731+0000] {dag.py:2941} INFO - Sync 1 DAGs
[2023-11-13T19:59:16.746+0000] {logging_mixin.py:154} INFO - [2023-11-13T19:59:16.745+0000] {dag.py:3722} INFO - Setting next_dagrun for example_skip_dag to 2023-11-12T19:59:16.745850+00:00, run_after=2023-11-13T19:59:16.745850+00:00
[2023-11-13T19:59:16.757+0000] {processor.py:179} INFO - Processing /home/airflow/.local/lib/python3.8/site-packages/airflow/example_dags/example_skip_dag.py took 0.046 seconds
[2023-11-13T19:59:47.364+0000] {processor.py:157} INFO - Started process (PID=278) to work on /home/airflow/.local/lib/python3.8/site-packages/airflow/example_dags/example_skip_dag.py
[2023-11-13T19:59:47.365+0000] {processor.py:829} INFO - Processing file /home/airflow/.local/lib/python3.8/site-packages/airflow/example_dags/example_skip_dag.py for tasks to queue
[2023-11-13T19:59:47.366+0000] {logging_mixin.py:154} INFO - [2023-11-13T19:59:47.366+0000] {dagbag.py:536} INFO - Filling up the DagBag from /home/airflow/.local/lib/python3.8/site-packages/airflow/example_dags/example_skip_dag.py
[2023-11-13T19:59:47.370+0000] {processor.py:839} INFO - DAG(s) dict_keys(['example_skip_dag']) retrieved from /home/airflow/.local/lib/python3.8/site-packages/airflow/example_dags/example_skip_dag.py
[2023-11-13T19:59:47.382+0000] {logging_mixin.py:154} INFO - [2023-11-13T19:59:47.382+0000] {dag.py:2941} INFO - Sync 1 DAGs
[2023-11-13T19:59:47.394+0000] {logging_mixin.py:154} INFO - [2023-11-13T19:59:47.394+0000] {dag.py:3722} INFO - Setting next_dagrun for example_skip_dag to 2023-11-12T19:59:47.394325+00:00, run_after=2023-11-13T19:59:47.394325+00:00
[2023-11-13T19:59:47.403+0000] {processor.py:179} INFO - Processing /home/airflow/.local/lib/python3.8/site-packages/airflow/example_dags/example_skip_dag.py took 0.041 seconds
[2023-11-13T20:00:18.089+0000] {processor.py:157} INFO - Started process (PID=331) to work on /home/airflow/.local/lib/python3.8/site-packages/airflow/example_dags/example_skip_dag.py
[2023-11-13T20:00:18.089+0000] {processor.py:829} INFO - Processing file /home/airflow/.local/lib/python3.8/site-packages/airflow/example_dags/example_skip_dag.py for tasks to queue
[2023-11-13T20:00:18.091+0000] {logging_mixin.py:154} INFO - [2023-11-13T20:00:18.091+0000] {dagbag.py:536} INFO - Filling up the DagBag from /home/airflow/.local/lib/python3.8/site-packages/airflow/example_dags/example_skip_dag.py
[2023-11-13T20:00:18.095+0000] {processor.py:839} INFO - DAG(s) dict_keys(['example_skip_dag']) retrieved from /home/airflow/.local/lib/python3.8/site-packages/airflow/example_dags/example_skip_dag.py
[2023-11-13T20:00:18.109+0000] {logging_mixin.py:154} INFO - [2023-11-13T20:00:18.108+0000] {dag.py:2941} INFO - Sync 1 DAGs
[2023-11-13T20:00:18.122+0000] {logging_mixin.py:154} INFO - [2023-11-13T20:00:18.122+0000] {dag.py:3722} INFO - Setting next_dagrun for example_skip_dag to 2023-11-12T20:00:18.122045+00:00, run_after=2023-11-13T20:00:18.122045+00:00
[2023-11-13T20:00:18.133+0000] {processor.py:179} INFO - Processing /home/airflow/.local/lib/python3.8/site-packages/airflow/example_dags/example_skip_dag.py took 0.047 seconds
[2023-11-13T20:00:48.232+0000] {processor.py:157} INFO - Started process (PID=385) to work on /home/airflow/.local/lib/python3.8/site-packages/airflow/example_dags/example_skip_dag.py
[2023-11-13T20:00:48.234+0000] {processor.py:829} INFO - Processing file /home/airflow/.local/lib/python3.8/site-packages/airflow/example_dags/example_skip_dag.py for tasks to queue
[2023-11-13T20:00:48.237+0000] {logging_mixin.py:154} INFO - [2023-11-13T20:00:48.236+0000] {dagbag.py:536} INFO - Filling up the DagBag from /home/airflow/.local/lib/python3.8/site-packages/airflow/example_dags/example_skip_dag.py
[2023-11-13T20:00:48.242+0000] {processor.py:839} INFO - DAG(s) dict_keys(['example_skip_dag']) retrieved from /home/airflow/.local/lib/python3.8/site-packages/airflow/example_dags/example_skip_dag.py
[2023-11-13T20:00:48.257+0000] {logging_mixin.py:154} INFO - [2023-11-13T20:00:48.257+0000] {dag.py:2941} INFO - Sync 1 DAGs
[2023-11-13T20:00:48.270+0000] {logging_mixin.py:154} INFO - [2023-11-13T20:00:48.270+0000] {dag.py:3722} INFO - Setting next_dagrun for example_skip_dag to 2023-11-12T20:00:48.270388+00:00, run_after=2023-11-13T20:00:48.270388+00:00
[2023-11-13T20:00:48.281+0000] {processor.py:179} INFO - Processing /home/airflow/.local/lib/python3.8/site-packages/airflow/example_dags/example_skip_dag.py took 0.052 seconds
[2023-11-13T20:01:18.986+0000] {processor.py:157} INFO - Started process (PID=439) to work on /home/airflow/.local/lib/python3.8/site-packages/airflow/example_dags/example_skip_dag.py
[2023-11-13T20:01:18.986+0000] {processor.py:829} INFO - Processing file /home/airflow/.local/lib/python3.8/site-packages/airflow/example_dags/example_skip_dag.py for tasks to queue
[2023-11-13T20:01:18.988+0000] {logging_mixin.py:154} INFO - [2023-11-13T20:01:18.988+0000] {dagbag.py:536} INFO - Filling up the DagBag from /home/airflow/.local/lib/python3.8/site-packages/airflow/example_dags/example_skip_dag.py
[2023-11-13T20:01:18.992+0000] {processor.py:839} INFO - DAG(s) dict_keys(['example_skip_dag']) retrieved from /home/airflow/.local/lib/python3.8/site-packages/airflow/example_dags/example_skip_dag.py
[2023-11-13T20:01:19.004+0000] {logging_mixin.py:154} INFO - [2023-11-13T20:01:19.004+0000] {dag.py:2941} INFO - Sync 1 DAGs
[2023-11-13T20:01:19.015+0000] {logging_mixin.py:154} INFO - [2023-11-13T20:01:19.015+0000] {dag.py:3722} INFO - Setting next_dagrun for example_skip_dag to 2023-11-12T20:01:19.015254+00:00, run_after=2023-11-13T20:01:19.015254+00:00
[2023-11-13T20:01:19.024+0000] {processor.py:179} INFO - Processing /home/airflow/.local/lib/python3.8/site-packages/airflow/example_dags/example_skip_dag.py took 0.041 seconds
[2023-11-13T20:01:49.664+0000] {processor.py:157} INFO - Started process (PID=493) to work on /home/airflow/.local/lib/python3.8/site-packages/airflow/example_dags/example_skip_dag.py
[2023-11-13T20:01:49.664+0000] {processor.py:829} INFO - Processing file /home/airflow/.local/lib/python3.8/site-packages/airflow/example_dags/example_skip_dag.py for tasks to queue
[2023-11-13T20:01:49.666+0000] {logging_mixin.py:154} INFO - [2023-11-13T20:01:49.666+0000] {dagbag.py:536} INFO - Filling up the DagBag from /home/airflow/.local/lib/python3.8/site-packages/airflow/example_dags/example_skip_dag.py
[2023-11-13T20:01:49.670+0000] {processor.py:839} INFO - DAG(s) dict_keys(['example_skip_dag']) retrieved from /home/airflow/.local/lib/python3.8/site-packages/airflow/example_dags/example_skip_dag.py
[2023-11-13T20:01:49.681+0000] {logging_mixin.py:154} INFO - [2023-11-13T20:01:49.681+0000] {dag.py:2941} INFO - Sync 1 DAGs
[2023-11-13T20:01:49.693+0000] {logging_mixin.py:154} INFO - [2023-11-13T20:01:49.693+0000] {dag.py:3722} INFO - Setting next_dagrun for example_skip_dag to 2023-11-12T20:01:49.693097+00:00, run_after=2023-11-13T20:01:49.693097+00:00
[2023-11-13T20:01:49.702+0000] {processor.py:179} INFO - Processing /home/airflow/.local/lib/python3.8/site-packages/airflow/example_dags/example_skip_dag.py took 0.040 seconds
[2023-11-13T20:02:20.432+0000] {processor.py:157} INFO - Started process (PID=547) to work on /home/airflow/.local/lib/python3.8/site-packages/airflow/example_dags/example_skip_dag.py
[2023-11-13T20:02:20.433+0000] {processor.py:829} INFO - Processing file /home/airflow/.local/lib/python3.8/site-packages/airflow/example_dags/example_skip_dag.py for tasks to queue
[2023-11-13T20:02:20.434+0000] {logging_mixin.py:154} INFO - [2023-11-13T20:02:20.434+0000] {dagbag.py:536} INFO - Filling up the DagBag from /home/airflow/.local/lib/python3.8/site-packages/airflow/example_dags/example_skip_dag.py
[2023-11-13T20:02:20.438+0000] {processor.py:839} INFO - DAG(s) dict_keys(['example_skip_dag']) retrieved from /home/airflow/.local/lib/python3.8/site-packages/airflow/example_dags/example_skip_dag.py
[2023-11-13T20:02:20.448+0000] {logging_mixin.py:154} INFO - [2023-11-13T20:02:20.448+0000] {dag.py:2941} INFO - Sync 1 DAGs
[2023-11-13T20:02:20.458+0000] {logging_mixin.py:154} INFO - [2023-11-13T20:02:20.458+0000] {dag.py:3722} INFO - Setting next_dagrun for example_skip_dag to 2023-11-12T20:02:20.458358+00:00, run_after=2023-11-13T20:02:20.458358+00:00
[2023-11-13T20:02:20.466+0000] {processor.py:179} INFO - Processing /home/airflow/.local/lib/python3.8/site-packages/airflow/example_dags/example_skip_dag.py took 0.037 seconds
[2023-11-13T20:02:50.834+0000] {processor.py:157} INFO - Started process (PID=601) to work on /home/airflow/.local/lib/python3.8/site-packages/airflow/example_dags/example_skip_dag.py
[2023-11-13T20:02:50.835+0000] {processor.py:829} INFO - Processing file /home/airflow/.local/lib/python3.8/site-packages/airflow/example_dags/example_skip_dag.py for tasks to queue
[2023-11-13T20:02:50.836+0000] {logging_mixin.py:154} INFO - [2023-11-13T20:02:50.836+0000] {dagbag.py:536} INFO - Filling up the DagBag from /home/airflow/.local/lib/python3.8/site-packages/airflow/example_dags/example_skip_dag.py
[2023-11-13T20:02:50.840+0000] {processor.py:839} INFO - DAG(s) dict_keys(['example_skip_dag']) retrieved from /home/airflow/.local/lib/python3.8/site-packages/airflow/example_dags/example_skip_dag.py
[2023-11-13T20:02:50.852+0000] {logging_mixin.py:154} INFO - [2023-11-13T20:02:50.852+0000] {dag.py:2941} INFO - Sync 1 DAGs
[2023-11-13T20:02:50.863+0000] {logging_mixin.py:154} INFO - [2023-11-13T20:02:50.863+0000] {dag.py:3722} INFO - Setting next_dagrun for example_skip_dag to 2023-11-12T20:02:50.863070+00:00, run_after=2023-11-13T20:02:50.863070+00:00
[2023-11-13T20:02:50.872+0000] {processor.py:179} INFO - Processing /home/airflow/.local/lib/python3.8/site-packages/airflow/example_dags/example_skip_dag.py took 0.040 seconds
[2023-11-13T20:03:20.984+0000] {processor.py:157} INFO - Started process (PID=655) to work on /home/airflow/.local/lib/python3.8/site-packages/airflow/example_dags/example_skip_dag.py
[2023-11-13T20:03:20.985+0000] {processor.py:829} INFO - Processing file /home/airflow/.local/lib/python3.8/site-packages/airflow/example_dags/example_skip_dag.py for tasks to queue
[2023-11-13T20:03:20.987+0000] {logging_mixin.py:154} INFO - [2023-11-13T20:03:20.987+0000] {dagbag.py:536} INFO - Filling up the DagBag from /home/airflow/.local/lib/python3.8/site-packages/airflow/example_dags/example_skip_dag.py
[2023-11-13T20:03:20.991+0000] {processor.py:839} INFO - DAG(s) dict_keys(['example_skip_dag']) retrieved from /home/airflow/.local/lib/python3.8/site-packages/airflow/example_dags/example_skip_dag.py
[2023-11-13T20:03:21.004+0000] {logging_mixin.py:154} INFO - [2023-11-13T20:03:21.004+0000] {dag.py:2941} INFO - Sync 1 DAGs
[2023-11-13T20:03:21.016+0000] {logging_mixin.py:154} INFO - [2023-11-13T20:03:21.016+0000] {dag.py:3722} INFO - Setting next_dagrun for example_skip_dag to 2023-11-12T20:03:21.016273+00:00, run_after=2023-11-13T20:03:21.016273+00:00
[2023-11-13T20:03:21.026+0000] {processor.py:179} INFO - Processing /home/airflow/.local/lib/python3.8/site-packages/airflow/example_dags/example_skip_dag.py took 0.044 seconds
[2023-11-13T20:03:52.009+0000] {processor.py:157} INFO - Started process (PID=709) to work on /home/airflow/.local/lib/python3.8/site-packages/airflow/example_dags/example_skip_dag.py
[2023-11-13T20:03:52.009+0000] {processor.py:829} INFO - Processing file /home/airflow/.local/lib/python3.8/site-packages/airflow/example_dags/example_skip_dag.py for tasks to queue
[2023-11-13T20:03:52.011+0000] {logging_mixin.py:154} INFO - [2023-11-13T20:03:52.010+0000] {dagbag.py:536} INFO - Filling up the DagBag from /home/airflow/.local/lib/python3.8/site-packages/airflow/example_dags/example_skip_dag.py
[2023-11-13T20:03:52.015+0000] {processor.py:839} INFO - DAG(s) dict_keys(['example_skip_dag']) retrieved from /home/airflow/.local/lib/python3.8/site-packages/airflow/example_dags/example_skip_dag.py
[2023-11-13T20:03:52.027+0000] {logging_mixin.py:154} INFO - [2023-11-13T20:03:52.027+0000] {dag.py:2941} INFO - Sync 1 DAGs
[2023-11-13T20:03:52.039+0000] {logging_mixin.py:154} INFO - [2023-11-13T20:03:52.039+0000] {dag.py:3722} INFO - Setting next_dagrun for example_skip_dag to 2023-11-12T20:03:52.039162+00:00, run_after=2023-11-13T20:03:52.039162+00:00
[2023-11-13T20:03:52.050+0000] {processor.py:179} INFO - Processing /home/airflow/.local/lib/python3.8/site-packages/airflow/example_dags/example_skip_dag.py took 0.044 seconds
[2023-11-13T20:04:22.165+0000] {processor.py:157} INFO - Started process (PID=763) to work on /home/airflow/.local/lib/python3.8/site-packages/airflow/example_dags/example_skip_dag.py
[2023-11-13T20:04:22.166+0000] {processor.py:829} INFO - Processing file /home/airflow/.local/lib/python3.8/site-packages/airflow/example_dags/example_skip_dag.py for tasks to queue
[2023-11-13T20:04:22.167+0000] {logging_mixin.py:154} INFO - [2023-11-13T20:04:22.167+0000] {dagbag.py:536} INFO - Filling up the DagBag from /home/airflow/.local/lib/python3.8/site-packages/airflow/example_dags/example_skip_dag.py
[2023-11-13T20:04:22.171+0000] {processor.py:839} INFO - DAG(s) dict_keys(['example_skip_dag']) retrieved from /home/airflow/.local/lib/python3.8/site-packages/airflow/example_dags/example_skip_dag.py
[2023-11-13T20:04:22.181+0000] {logging_mixin.py:154} INFO - [2023-11-13T20:04:22.181+0000] {dag.py:2941} INFO - Sync 1 DAGs
[2023-11-13T20:04:22.193+0000] {logging_mixin.py:154} INFO - [2023-11-13T20:04:22.193+0000] {dag.py:3722} INFO - Setting next_dagrun for example_skip_dag to 2023-11-12T20:04:22.192931+00:00, run_after=2023-11-13T20:04:22.192931+00:00
[2023-11-13T20:04:22.201+0000] {processor.py:179} INFO - Processing /home/airflow/.local/lib/python3.8/site-packages/airflow/example_dags/example_skip_dag.py took 0.038 seconds
[2023-11-13T20:04:52.315+0000] {processor.py:157} INFO - Started process (PID=817) to work on /home/airflow/.local/lib/python3.8/site-packages/airflow/example_dags/example_skip_dag.py
[2023-11-13T20:04:52.316+0000] {processor.py:829} INFO - Processing file /home/airflow/.local/lib/python3.8/site-packages/airflow/example_dags/example_skip_dag.py for tasks to queue
[2023-11-13T20:04:52.318+0000] {logging_mixin.py:154} INFO - [2023-11-13T20:04:52.318+0000] {dagbag.py:536} INFO - Filling up the DagBag from /home/airflow/.local/lib/python3.8/site-packages/airflow/example_dags/example_skip_dag.py
[2023-11-13T20:04:52.321+0000] {processor.py:839} INFO - DAG(s) dict_keys(['example_skip_dag']) retrieved from /home/airflow/.local/lib/python3.8/site-packages/airflow/example_dags/example_skip_dag.py
[2023-11-13T20:04:52.332+0000] {logging_mixin.py:154} INFO - [2023-11-13T20:04:52.332+0000] {dag.py:2941} INFO - Sync 1 DAGs
[2023-11-13T20:04:52.341+0000] {logging_mixin.py:154} INFO - [2023-11-13T20:04:52.341+0000] {dag.py:3722} INFO - Setting next_dagrun for example_skip_dag to 2023-11-12T20:04:52.341430+00:00, run_after=2023-11-13T20:04:52.341430+00:00
[2023-11-13T20:04:52.349+0000] {processor.py:179} INFO - Processing /home/airflow/.local/lib/python3.8/site-packages/airflow/example_dags/example_skip_dag.py took 0.035 seconds
