[2023-11-13T18:39:10.839+0000] {processor.py:157} INFO - Started process (PID=61) to work on /home/airflow/.local/lib/python3.8/site-packages/airflow/example_dags/example_xcom.py
[2023-11-13T18:39:10.840+0000] {processor.py:829} INFO - Processing file /home/airflow/.local/lib/python3.8/site-packages/airflow/example_dags/example_xcom.py for tasks to queue
[2023-11-13T18:39:10.843+0000] {logging_mixin.py:154} INFO - [2023-11-13T18:39:10.842+0000] {dagbag.py:536} INFO - Filling up the DagBag from /home/airflow/.local/lib/python3.8/site-packages/airflow/example_dags/example_xcom.py
[2023-11-13T18:39:10.852+0000] {processor.py:839} INFO - DAG(s) dict_keys(['example_xcom']) retrieved from /home/airflow/.local/lib/python3.8/site-packages/airflow/example_dags/example_xcom.py
[2023-11-13T18:39:10.946+0000] {logging_mixin.py:154} INFO - [2023-11-13T18:39:10.945+0000] {manager.py:499} INFO - Created Permission View: %s
[2023-11-13T18:39:10.954+0000] {logging_mixin.py:154} INFO - [2023-11-13T18:39:10.953+0000] {manager.py:499} INFO - Created Permission View: %s
[2023-11-13T18:39:10.958+0000] {logging_mixin.py:154} INFO - [2023-11-13T18:39:10.958+0000] {manager.py:499} INFO - Created Permission View: %s
[2023-11-13T18:39:10.959+0000] {logging_mixin.py:154} INFO - [2023-11-13T18:39:10.959+0000] {dag.py:2941} INFO - Sync 1 DAGs
[2023-11-13T18:39:10.966+0000] {logging_mixin.py:154} INFO - [2023-11-13T18:39:10.966+0000] {dag.py:2963} INFO - Creating ORM DAG for example_xcom
[2023-11-13T18:39:10.973+0000] {logging_mixin.py:154} INFO - [2023-11-13T18:39:10.973+0000] {dag.py:3722} INFO - Setting next_dagrun for example_xcom to 2021-01-01T00:00:00+00:00, run_after=2021-01-01T00:00:00+00:00
[2023-11-13T18:39:10.988+0000] {processor.py:179} INFO - Processing /home/airflow/.local/lib/python3.8/site-packages/airflow/example_dags/example_xcom.py took 0.152 seconds
[2023-11-13T18:39:43.515+0000] {processor.py:157} INFO - Started process (PID=115) to work on /home/airflow/.local/lib/python3.8/site-packages/airflow/example_dags/example_xcom.py
[2023-11-13T18:39:43.516+0000] {processor.py:829} INFO - Processing file /home/airflow/.local/lib/python3.8/site-packages/airflow/example_dags/example_xcom.py for tasks to queue
[2023-11-13T18:39:43.518+0000] {logging_mixin.py:154} INFO - [2023-11-13T18:39:43.518+0000] {dagbag.py:536} INFO - Filling up the DagBag from /home/airflow/.local/lib/python3.8/site-packages/airflow/example_dags/example_xcom.py
[2023-11-13T18:39:43.526+0000] {processor.py:839} INFO - DAG(s) dict_keys(['example_xcom']) retrieved from /home/airflow/.local/lib/python3.8/site-packages/airflow/example_dags/example_xcom.py
[2023-11-13T18:39:43.558+0000] {logging_mixin.py:154} INFO - [2023-11-13T18:39:43.557+0000] {dag.py:2941} INFO - Sync 1 DAGs
[2023-11-13T18:39:43.580+0000] {logging_mixin.py:154} INFO - [2023-11-13T18:39:43.580+0000] {dag.py:3722} INFO - Setting next_dagrun for example_xcom to 2021-01-01T00:00:00+00:00, run_after=2021-01-01T00:00:00+00:00
[2023-11-13T18:39:43.615+0000] {processor.py:179} INFO - Processing /home/airflow/.local/lib/python3.8/site-packages/airflow/example_dags/example_xcom.py took 0.104 seconds
[2023-11-13T18:40:16.019+0000] {processor.py:157} INFO - Started process (PID=169) to work on /home/airflow/.local/lib/python3.8/site-packages/airflow/example_dags/example_xcom.py
[2023-11-13T18:40:16.026+0000] {processor.py:829} INFO - Processing file /home/airflow/.local/lib/python3.8/site-packages/airflow/example_dags/example_xcom.py for tasks to queue
[2023-11-13T18:40:16.034+0000] {logging_mixin.py:154} INFO - [2023-11-13T18:40:16.033+0000] {dagbag.py:536} INFO - Filling up the DagBag from /home/airflow/.local/lib/python3.8/site-packages/airflow/example_dags/example_xcom.py
[2023-11-13T18:40:16.060+0000] {processor.py:839} INFO - DAG(s) dict_keys(['example_xcom']) retrieved from /home/airflow/.local/lib/python3.8/site-packages/airflow/example_dags/example_xcom.py
[2023-11-13T18:40:16.349+0000] {logging_mixin.py:154} INFO - [2023-11-13T18:40:16.347+0000] {dag.py:2941} INFO - Sync 1 DAGs
[2023-11-13T18:40:16.417+0000] {logging_mixin.py:154} INFO - [2023-11-13T18:40:16.417+0000] {dag.py:3722} INFO - Setting next_dagrun for example_xcom to 2021-01-01T00:00:00+00:00, run_after=2021-01-01T00:00:00+00:00
[2023-11-13T18:40:16.514+0000] {processor.py:179} INFO - Processing /home/airflow/.local/lib/python3.8/site-packages/airflow/example_dags/example_xcom.py took 0.501 seconds
[2023-11-13T18:40:47.000+0000] {processor.py:157} INFO - Started process (PID=223) to work on /home/airflow/.local/lib/python3.8/site-packages/airflow/example_dags/example_xcom.py
[2023-11-13T18:40:47.001+0000] {processor.py:829} INFO - Processing file /home/airflow/.local/lib/python3.8/site-packages/airflow/example_dags/example_xcom.py for tasks to queue
[2023-11-13T18:40:47.003+0000] {logging_mixin.py:154} INFO - [2023-11-13T18:40:47.002+0000] {dagbag.py:536} INFO - Filling up the DagBag from /home/airflow/.local/lib/python3.8/site-packages/airflow/example_dags/example_xcom.py
[2023-11-13T18:40:47.008+0000] {processor.py:839} INFO - DAG(s) dict_keys(['example_xcom']) retrieved from /home/airflow/.local/lib/python3.8/site-packages/airflow/example_dags/example_xcom.py
[2023-11-13T18:40:47.020+0000] {logging_mixin.py:154} INFO - [2023-11-13T18:40:47.020+0000] {dag.py:2941} INFO - Sync 1 DAGs
[2023-11-13T18:40:47.031+0000] {logging_mixin.py:154} INFO - [2023-11-13T18:40:47.031+0000] {dag.py:3722} INFO - Setting next_dagrun for example_xcom to 2021-01-01T00:00:00+00:00, run_after=2021-01-01T00:00:00+00:00
[2023-11-13T18:40:47.040+0000] {processor.py:179} INFO - Processing /home/airflow/.local/lib/python3.8/site-packages/airflow/example_dags/example_xcom.py took 0.042 seconds
[2023-11-13T18:41:17.180+0000] {processor.py:157} INFO - Started process (PID=277) to work on /home/airflow/.local/lib/python3.8/site-packages/airflow/example_dags/example_xcom.py
[2023-11-13T18:41:17.181+0000] {processor.py:829} INFO - Processing file /home/airflow/.local/lib/python3.8/site-packages/airflow/example_dags/example_xcom.py for tasks to queue
[2023-11-13T18:41:17.183+0000] {logging_mixin.py:154} INFO - [2023-11-13T18:41:17.183+0000] {dagbag.py:536} INFO - Filling up the DagBag from /home/airflow/.local/lib/python3.8/site-packages/airflow/example_dags/example_xcom.py
[2023-11-13T18:41:17.189+0000] {processor.py:839} INFO - DAG(s) dict_keys(['example_xcom']) retrieved from /home/airflow/.local/lib/python3.8/site-packages/airflow/example_dags/example_xcom.py
[2023-11-13T18:41:17.204+0000] {logging_mixin.py:154} INFO - [2023-11-13T18:41:17.204+0000] {dag.py:2941} INFO - Sync 1 DAGs
[2023-11-13T18:41:17.216+0000] {logging_mixin.py:154} INFO - [2023-11-13T18:41:17.216+0000] {dag.py:3722} INFO - Setting next_dagrun for example_xcom to 2021-01-01T00:00:00+00:00, run_after=2021-01-01T00:00:00+00:00
[2023-11-13T18:41:17.229+0000] {processor.py:179} INFO - Processing /home/airflow/.local/lib/python3.8/site-packages/airflow/example_dags/example_xcom.py took 0.051 seconds
[2023-11-13T18:41:48.110+0000] {processor.py:157} INFO - Started process (PID=330) to work on /home/airflow/.local/lib/python3.8/site-packages/airflow/example_dags/example_xcom.py
[2023-11-13T18:41:48.111+0000] {processor.py:829} INFO - Processing file /home/airflow/.local/lib/python3.8/site-packages/airflow/example_dags/example_xcom.py for tasks to queue
[2023-11-13T18:41:48.112+0000] {logging_mixin.py:154} INFO - [2023-11-13T18:41:48.112+0000] {dagbag.py:536} INFO - Filling up the DagBag from /home/airflow/.local/lib/python3.8/site-packages/airflow/example_dags/example_xcom.py
[2023-11-13T18:41:48.117+0000] {processor.py:839} INFO - DAG(s) dict_keys(['example_xcom']) retrieved from /home/airflow/.local/lib/python3.8/site-packages/airflow/example_dags/example_xcom.py
[2023-11-13T18:41:48.130+0000] {logging_mixin.py:154} INFO - [2023-11-13T18:41:48.129+0000] {dag.py:2941} INFO - Sync 1 DAGs
[2023-11-13T18:41:48.140+0000] {logging_mixin.py:154} INFO - [2023-11-13T18:41:48.140+0000] {dag.py:3722} INFO - Setting next_dagrun for example_xcom to 2021-01-01T00:00:00+00:00, run_after=2021-01-01T00:00:00+00:00
[2023-11-13T18:41:48.149+0000] {processor.py:179} INFO - Processing /home/airflow/.local/lib/python3.8/site-packages/airflow/example_dags/example_xcom.py took 0.041 seconds
[2023-11-13T18:42:18.584+0000] {processor.py:157} INFO - Started process (PID=384) to work on /home/airflow/.local/lib/python3.8/site-packages/airflow/example_dags/example_xcom.py
[2023-11-13T18:42:18.587+0000] {processor.py:829} INFO - Processing file /home/airflow/.local/lib/python3.8/site-packages/airflow/example_dags/example_xcom.py for tasks to queue
[2023-11-13T18:42:18.589+0000] {logging_mixin.py:154} INFO - [2023-11-13T18:42:18.589+0000] {dagbag.py:536} INFO - Filling up the DagBag from /home/airflow/.local/lib/python3.8/site-packages/airflow/example_dags/example_xcom.py
[2023-11-13T18:42:18.605+0000] {processor.py:839} INFO - DAG(s) dict_keys(['example_xcom']) retrieved from /home/airflow/.local/lib/python3.8/site-packages/airflow/example_dags/example_xcom.py
[2023-11-13T18:42:18.634+0000] {logging_mixin.py:154} INFO - [2023-11-13T18:42:18.634+0000] {dag.py:2941} INFO - Sync 1 DAGs
[2023-11-13T18:42:18.658+0000] {logging_mixin.py:154} INFO - [2023-11-13T18:42:18.658+0000] {dag.py:3722} INFO - Setting next_dagrun for example_xcom to 2021-01-01T00:00:00+00:00, run_after=2021-01-01T00:00:00+00:00
[2023-11-13T18:42:18.679+0000] {processor.py:179} INFO - Processing /home/airflow/.local/lib/python3.8/site-packages/airflow/example_dags/example_xcom.py took 0.098 seconds
[2023-11-13T18:42:48.803+0000] {processor.py:157} INFO - Started process (PID=438) to work on /home/airflow/.local/lib/python3.8/site-packages/airflow/example_dags/example_xcom.py
[2023-11-13T18:42:48.804+0000] {processor.py:829} INFO - Processing file /home/airflow/.local/lib/python3.8/site-packages/airflow/example_dags/example_xcom.py for tasks to queue
[2023-11-13T18:42:48.806+0000] {logging_mixin.py:154} INFO - [2023-11-13T18:42:48.806+0000] {dagbag.py:536} INFO - Filling up the DagBag from /home/airflow/.local/lib/python3.8/site-packages/airflow/example_dags/example_xcom.py
[2023-11-13T18:42:48.811+0000] {processor.py:839} INFO - DAG(s) dict_keys(['example_xcom']) retrieved from /home/airflow/.local/lib/python3.8/site-packages/airflow/example_dags/example_xcom.py
[2023-11-13T18:42:48.825+0000] {logging_mixin.py:154} INFO - [2023-11-13T18:42:48.825+0000] {dag.py:2941} INFO - Sync 1 DAGs
[2023-11-13T18:42:48.838+0000] {logging_mixin.py:154} INFO - [2023-11-13T18:42:48.838+0000] {dag.py:3722} INFO - Setting next_dagrun for example_xcom to 2021-01-01T00:00:00+00:00, run_after=2021-01-01T00:00:00+00:00
[2023-11-13T18:42:48.850+0000] {processor.py:179} INFO - Processing /home/airflow/.local/lib/python3.8/site-packages/airflow/example_dags/example_xcom.py took 0.050 seconds
[2023-11-13T19:57:45.778+0000] {processor.py:157} INFO - Started process (PID=61) to work on /home/airflow/.local/lib/python3.8/site-packages/airflow/example_dags/example_xcom.py
[2023-11-13T19:57:45.778+0000] {processor.py:829} INFO - Processing file /home/airflow/.local/lib/python3.8/site-packages/airflow/example_dags/example_xcom.py for tasks to queue
[2023-11-13T19:57:45.780+0000] {logging_mixin.py:154} INFO - [2023-11-13T19:57:45.780+0000] {dagbag.py:536} INFO - Filling up the DagBag from /home/airflow/.local/lib/python3.8/site-packages/airflow/example_dags/example_xcom.py
[2023-11-13T19:57:45.786+0000] {processor.py:839} INFO - DAG(s) dict_keys(['example_xcom']) retrieved from /home/airflow/.local/lib/python3.8/site-packages/airflow/example_dags/example_xcom.py
[2023-11-13T19:57:45.803+0000] {logging_mixin.py:154} INFO - [2023-11-13T19:57:45.803+0000] {dag.py:2941} INFO - Sync 1 DAGs
[2023-11-13T19:57:45.816+0000] {logging_mixin.py:154} INFO - [2023-11-13T19:57:45.816+0000] {dag.py:3722} INFO - Setting next_dagrun for example_xcom to 2021-01-01T00:00:00+00:00, run_after=2021-01-01T00:00:00+00:00
[2023-11-13T19:57:45.827+0000] {processor.py:179} INFO - Processing /home/airflow/.local/lib/python3.8/site-packages/airflow/example_dags/example_xcom.py took 0.051 seconds
[2023-11-13T19:58:16.110+0000] {processor.py:157} INFO - Started process (PID=115) to work on /home/airflow/.local/lib/python3.8/site-packages/airflow/example_dags/example_xcom.py
[2023-11-13T19:58:16.112+0000] {processor.py:829} INFO - Processing file /home/airflow/.local/lib/python3.8/site-packages/airflow/example_dags/example_xcom.py for tasks to queue
[2023-11-13T19:58:16.113+0000] {logging_mixin.py:154} INFO - [2023-11-13T19:58:16.113+0000] {dagbag.py:536} INFO - Filling up the DagBag from /home/airflow/.local/lib/python3.8/site-packages/airflow/example_dags/example_xcom.py
[2023-11-13T19:58:16.118+0000] {processor.py:839} INFO - DAG(s) dict_keys(['example_xcom']) retrieved from /home/airflow/.local/lib/python3.8/site-packages/airflow/example_dags/example_xcom.py
[2023-11-13T19:58:16.131+0000] {logging_mixin.py:154} INFO - [2023-11-13T19:58:16.131+0000] {dag.py:2941} INFO - Sync 1 DAGs
[2023-11-13T19:58:16.145+0000] {logging_mixin.py:154} INFO - [2023-11-13T19:58:16.144+0000] {dag.py:3722} INFO - Setting next_dagrun for example_xcom to 2021-01-01T00:00:00+00:00, run_after=2021-01-01T00:00:00+00:00
[2023-11-13T19:58:16.155+0000] {processor.py:179} INFO - Processing /home/airflow/.local/lib/python3.8/site-packages/airflow/example_dags/example_xcom.py took 0.047 seconds
[2023-11-13T19:58:46.447+0000] {processor.py:157} INFO - Started process (PID=169) to work on /home/airflow/.local/lib/python3.8/site-packages/airflow/example_dags/example_xcom.py
[2023-11-13T19:58:46.448+0000] {processor.py:829} INFO - Processing file /home/airflow/.local/lib/python3.8/site-packages/airflow/example_dags/example_xcom.py for tasks to queue
[2023-11-13T19:58:46.450+0000] {logging_mixin.py:154} INFO - [2023-11-13T19:58:46.450+0000] {dagbag.py:536} INFO - Filling up the DagBag from /home/airflow/.local/lib/python3.8/site-packages/airflow/example_dags/example_xcom.py
[2023-11-13T19:58:46.458+0000] {processor.py:839} INFO - DAG(s) dict_keys(['example_xcom']) retrieved from /home/airflow/.local/lib/python3.8/site-packages/airflow/example_dags/example_xcom.py
[2023-11-13T19:58:46.481+0000] {logging_mixin.py:154} INFO - [2023-11-13T19:58:46.481+0000] {dag.py:2941} INFO - Sync 1 DAGs
[2023-11-13T19:58:46.504+0000] {logging_mixin.py:154} INFO - [2023-11-13T19:58:46.504+0000] {dag.py:3722} INFO - Setting next_dagrun for example_xcom to 2021-01-01T00:00:00+00:00, run_after=2021-01-01T00:00:00+00:00
[2023-11-13T19:58:46.515+0000] {processor.py:179} INFO - Processing /home/airflow/.local/lib/python3.8/site-packages/airflow/example_dags/example_xcom.py took 0.070 seconds
[2023-11-13T19:59:16.685+0000] {processor.py:157} INFO - Started process (PID=223) to work on /home/airflow/.local/lib/python3.8/site-packages/airflow/example_dags/example_xcom.py
[2023-11-13T19:59:16.686+0000] {processor.py:829} INFO - Processing file /home/airflow/.local/lib/python3.8/site-packages/airflow/example_dags/example_xcom.py for tasks to queue
[2023-11-13T19:59:16.688+0000] {logging_mixin.py:154} INFO - [2023-11-13T19:59:16.688+0000] {dagbag.py:536} INFO - Filling up the DagBag from /home/airflow/.local/lib/python3.8/site-packages/airflow/example_dags/example_xcom.py
[2023-11-13T19:59:16.692+0000] {processor.py:839} INFO - DAG(s) dict_keys(['example_xcom']) retrieved from /home/airflow/.local/lib/python3.8/site-packages/airflow/example_dags/example_xcom.py
[2023-11-13T19:59:16.705+0000] {logging_mixin.py:154} INFO - [2023-11-13T19:59:16.705+0000] {dag.py:2941} INFO - Sync 1 DAGs
[2023-11-13T19:59:16.717+0000] {logging_mixin.py:154} INFO - [2023-11-13T19:59:16.717+0000] {dag.py:3722} INFO - Setting next_dagrun for example_xcom to 2021-01-01T00:00:00+00:00, run_after=2021-01-01T00:00:00+00:00
[2023-11-13T19:59:16.728+0000] {processor.py:179} INFO - Processing /home/airflow/.local/lib/python3.8/site-packages/airflow/example_dags/example_xcom.py took 0.045 seconds
[2023-11-13T19:59:47.339+0000] {processor.py:157} INFO - Started process (PID=277) to work on /home/airflow/.local/lib/python3.8/site-packages/airflow/example_dags/example_xcom.py
[2023-11-13T19:59:47.340+0000] {processor.py:829} INFO - Processing file /home/airflow/.local/lib/python3.8/site-packages/airflow/example_dags/example_xcom.py for tasks to queue
[2023-11-13T19:59:47.341+0000] {logging_mixin.py:154} INFO - [2023-11-13T19:59:47.341+0000] {dagbag.py:536} INFO - Filling up the DagBag from /home/airflow/.local/lib/python3.8/site-packages/airflow/example_dags/example_xcom.py
[2023-11-13T19:59:47.345+0000] {processor.py:839} INFO - DAG(s) dict_keys(['example_xcom']) retrieved from /home/airflow/.local/lib/python3.8/site-packages/airflow/example_dags/example_xcom.py
[2023-11-13T19:59:47.357+0000] {logging_mixin.py:154} INFO - [2023-11-13T19:59:47.357+0000] {dag.py:2941} INFO - Sync 1 DAGs
[2023-11-13T19:59:47.368+0000] {logging_mixin.py:154} INFO - [2023-11-13T19:59:47.368+0000] {dag.py:3722} INFO - Setting next_dagrun for example_xcom to 2021-01-01T00:00:00+00:00, run_after=2021-01-01T00:00:00+00:00
[2023-11-13T19:59:47.377+0000] {processor.py:179} INFO - Processing /home/airflow/.local/lib/python3.8/site-packages/airflow/example_dags/example_xcom.py took 0.040 seconds
[2023-11-13T20:00:18.061+0000] {processor.py:157} INFO - Started process (PID=330) to work on /home/airflow/.local/lib/python3.8/site-packages/airflow/example_dags/example_xcom.py
[2023-11-13T20:00:18.062+0000] {processor.py:829} INFO - Processing file /home/airflow/.local/lib/python3.8/site-packages/airflow/example_dags/example_xcom.py for tasks to queue
[2023-11-13T20:00:18.064+0000] {logging_mixin.py:154} INFO - [2023-11-13T20:00:18.063+0000] {dagbag.py:536} INFO - Filling up the DagBag from /home/airflow/.local/lib/python3.8/site-packages/airflow/example_dags/example_xcom.py
[2023-11-13T20:00:18.068+0000] {processor.py:839} INFO - DAG(s) dict_keys(['example_xcom']) retrieved from /home/airflow/.local/lib/python3.8/site-packages/airflow/example_dags/example_xcom.py
[2023-11-13T20:00:18.081+0000] {logging_mixin.py:154} INFO - [2023-11-13T20:00:18.081+0000] {dag.py:2941} INFO - Sync 1 DAGs
[2023-11-13T20:00:18.093+0000] {logging_mixin.py:154} INFO - [2023-11-13T20:00:18.093+0000] {dag.py:3722} INFO - Setting next_dagrun for example_xcom to 2021-01-01T00:00:00+00:00, run_after=2021-01-01T00:00:00+00:00
[2023-11-13T20:00:18.103+0000] {processor.py:179} INFO - Processing /home/airflow/.local/lib/python3.8/site-packages/airflow/example_dags/example_xcom.py took 0.044 seconds
[2023-11-13T20:00:48.210+0000] {processor.py:157} INFO - Started process (PID=384) to work on /home/airflow/.local/lib/python3.8/site-packages/airflow/example_dags/example_xcom.py
[2023-11-13T20:00:48.211+0000] {processor.py:829} INFO - Processing file /home/airflow/.local/lib/python3.8/site-packages/airflow/example_dags/example_xcom.py for tasks to queue
[2023-11-13T20:00:48.213+0000] {logging_mixin.py:154} INFO - [2023-11-13T20:00:48.213+0000] {dagbag.py:536} INFO - Filling up the DagBag from /home/airflow/.local/lib/python3.8/site-packages/airflow/example_dags/example_xcom.py
[2023-11-13T20:00:48.220+0000] {processor.py:839} INFO - DAG(s) dict_keys(['example_xcom']) retrieved from /home/airflow/.local/lib/python3.8/site-packages/airflow/example_dags/example_xcom.py
[2023-11-13T20:00:48.239+0000] {logging_mixin.py:154} INFO - [2023-11-13T20:00:48.239+0000] {dag.py:2941} INFO - Sync 1 DAGs
[2023-11-13T20:00:48.254+0000] {logging_mixin.py:154} INFO - [2023-11-13T20:00:48.254+0000] {dag.py:3722} INFO - Setting next_dagrun for example_xcom to 2021-01-01T00:00:00+00:00, run_after=2021-01-01T00:00:00+00:00
[2023-11-13T20:00:48.263+0000] {processor.py:179} INFO - Processing /home/airflow/.local/lib/python3.8/site-packages/airflow/example_dags/example_xcom.py took 0.055 seconds
[2023-11-13T20:01:18.948+0000] {processor.py:157} INFO - Started process (PID=438) to work on /home/airflow/.local/lib/python3.8/site-packages/airflow/example_dags/example_xcom.py
[2023-11-13T20:01:18.948+0000] {processor.py:829} INFO - Processing file /home/airflow/.local/lib/python3.8/site-packages/airflow/example_dags/example_xcom.py for tasks to queue
[2023-11-13T20:01:18.950+0000] {logging_mixin.py:154} INFO - [2023-11-13T20:01:18.950+0000] {dagbag.py:536} INFO - Filling up the DagBag from /home/airflow/.local/lib/python3.8/site-packages/airflow/example_dags/example_xcom.py
[2023-11-13T20:01:18.955+0000] {processor.py:839} INFO - DAG(s) dict_keys(['example_xcom']) retrieved from /home/airflow/.local/lib/python3.8/site-packages/airflow/example_dags/example_xcom.py
[2023-11-13T20:01:18.966+0000] {logging_mixin.py:154} INFO - [2023-11-13T20:01:18.966+0000] {dag.py:2941} INFO - Sync 1 DAGs
[2023-11-13T20:01:18.977+0000] {logging_mixin.py:154} INFO - [2023-11-13T20:01:18.977+0000] {dag.py:3722} INFO - Setting next_dagrun for example_xcom to 2021-01-01T00:00:00+00:00, run_after=2021-01-01T00:00:00+00:00
[2023-11-13T20:01:18.987+0000] {processor.py:179} INFO - Processing /home/airflow/.local/lib/python3.8/site-packages/airflow/example_dags/example_xcom.py took 0.041 seconds
[2023-11-13T20:01:49.635+0000] {processor.py:157} INFO - Started process (PID=492) to work on /home/airflow/.local/lib/python3.8/site-packages/airflow/example_dags/example_xcom.py
[2023-11-13T20:01:49.636+0000] {processor.py:829} INFO - Processing file /home/airflow/.local/lib/python3.8/site-packages/airflow/example_dags/example_xcom.py for tasks to queue
[2023-11-13T20:01:49.637+0000] {logging_mixin.py:154} INFO - [2023-11-13T20:01:49.637+0000] {dagbag.py:536} INFO - Filling up the DagBag from /home/airflow/.local/lib/python3.8/site-packages/airflow/example_dags/example_xcom.py
[2023-11-13T20:01:49.642+0000] {processor.py:839} INFO - DAG(s) dict_keys(['example_xcom']) retrieved from /home/airflow/.local/lib/python3.8/site-packages/airflow/example_dags/example_xcom.py
[2023-11-13T20:01:49.655+0000] {logging_mixin.py:154} INFO - [2023-11-13T20:01:49.655+0000] {dag.py:2941} INFO - Sync 1 DAGs
[2023-11-13T20:01:49.668+0000] {logging_mixin.py:154} INFO - [2023-11-13T20:01:49.667+0000] {dag.py:3722} INFO - Setting next_dagrun for example_xcom to 2021-01-01T00:00:00+00:00, run_after=2021-01-01T00:00:00+00:00
[2023-11-13T20:01:49.676+0000] {processor.py:179} INFO - Processing /home/airflow/.local/lib/python3.8/site-packages/airflow/example_dags/example_xcom.py took 0.043 seconds
[2023-11-13T20:02:20.428+0000] {processor.py:157} INFO - Started process (PID=546) to work on /home/airflow/.local/lib/python3.8/site-packages/airflow/example_dags/example_xcom.py
[2023-11-13T20:02:20.429+0000] {processor.py:829} INFO - Processing file /home/airflow/.local/lib/python3.8/site-packages/airflow/example_dags/example_xcom.py for tasks to queue
[2023-11-13T20:02:20.430+0000] {logging_mixin.py:154} INFO - [2023-11-13T20:02:20.430+0000] {dagbag.py:536} INFO - Filling up the DagBag from /home/airflow/.local/lib/python3.8/site-packages/airflow/example_dags/example_xcom.py
[2023-11-13T20:02:20.435+0000] {processor.py:839} INFO - DAG(s) dict_keys(['example_xcom']) retrieved from /home/airflow/.local/lib/python3.8/site-packages/airflow/example_dags/example_xcom.py
[2023-11-13T20:02:20.447+0000] {logging_mixin.py:154} INFO - [2023-11-13T20:02:20.446+0000] {dag.py:2941} INFO - Sync 1 DAGs
[2023-11-13T20:02:20.457+0000] {logging_mixin.py:154} INFO - [2023-11-13T20:02:20.457+0000] {dag.py:3722} INFO - Setting next_dagrun for example_xcom to 2021-01-01T00:00:00+00:00, run_after=2021-01-01T00:00:00+00:00
[2023-11-13T20:02:20.466+0000] {processor.py:179} INFO - Processing /home/airflow/.local/lib/python3.8/site-packages/airflow/example_dags/example_xcom.py took 0.039 seconds
[2023-11-13T20:02:50.786+0000] {processor.py:157} INFO - Started process (PID=600) to work on /home/airflow/.local/lib/python3.8/site-packages/airflow/example_dags/example_xcom.py
[2023-11-13T20:02:50.787+0000] {processor.py:829} INFO - Processing file /home/airflow/.local/lib/python3.8/site-packages/airflow/example_dags/example_xcom.py for tasks to queue
[2023-11-13T20:02:50.788+0000] {logging_mixin.py:154} INFO - [2023-11-13T20:02:50.788+0000] {dagbag.py:536} INFO - Filling up the DagBag from /home/airflow/.local/lib/python3.8/site-packages/airflow/example_dags/example_xcom.py
[2023-11-13T20:02:50.793+0000] {processor.py:839} INFO - DAG(s) dict_keys(['example_xcom']) retrieved from /home/airflow/.local/lib/python3.8/site-packages/airflow/example_dags/example_xcom.py
[2023-11-13T20:02:50.804+0000] {logging_mixin.py:154} INFO - [2023-11-13T20:02:50.804+0000] {dag.py:2941} INFO - Sync 1 DAGs
[2023-11-13T20:02:50.814+0000] {logging_mixin.py:154} INFO - [2023-11-13T20:02:50.814+0000] {dag.py:3722} INFO - Setting next_dagrun for example_xcom to 2021-01-01T00:00:00+00:00, run_after=2021-01-01T00:00:00+00:00
[2023-11-13T20:02:50.822+0000] {processor.py:179} INFO - Processing /home/airflow/.local/lib/python3.8/site-packages/airflow/example_dags/example_xcom.py took 0.037 seconds
[2023-11-13T20:03:20.953+0000] {processor.py:157} INFO - Started process (PID=654) to work on /home/airflow/.local/lib/python3.8/site-packages/airflow/example_dags/example_xcom.py
[2023-11-13T20:03:20.954+0000] {processor.py:829} INFO - Processing file /home/airflow/.local/lib/python3.8/site-packages/airflow/example_dags/example_xcom.py for tasks to queue
[2023-11-13T20:03:20.955+0000] {logging_mixin.py:154} INFO - [2023-11-13T20:03:20.955+0000] {dagbag.py:536} INFO - Filling up the DagBag from /home/airflow/.local/lib/python3.8/site-packages/airflow/example_dags/example_xcom.py
[2023-11-13T20:03:20.960+0000] {processor.py:839} INFO - DAG(s) dict_keys(['example_xcom']) retrieved from /home/airflow/.local/lib/python3.8/site-packages/airflow/example_dags/example_xcom.py
[2023-11-13T20:03:20.973+0000] {logging_mixin.py:154} INFO - [2023-11-13T20:03:20.973+0000] {dag.py:2941} INFO - Sync 1 DAGs
[2023-11-13T20:03:20.986+0000] {logging_mixin.py:154} INFO - [2023-11-13T20:03:20.986+0000] {dag.py:3722} INFO - Setting next_dagrun for example_xcom to 2021-01-01T00:00:00+00:00, run_after=2021-01-01T00:00:00+00:00
[2023-11-13T20:03:20.996+0000] {processor.py:179} INFO - Processing /home/airflow/.local/lib/python3.8/site-packages/airflow/example_dags/example_xcom.py took 0.045 seconds
[2023-11-13T20:03:52.005+0000] {processor.py:157} INFO - Started process (PID=708) to work on /home/airflow/.local/lib/python3.8/site-packages/airflow/example_dags/example_xcom.py
[2023-11-13T20:03:52.005+0000] {processor.py:829} INFO - Processing file /home/airflow/.local/lib/python3.8/site-packages/airflow/example_dags/example_xcom.py for tasks to queue
[2023-11-13T20:03:52.007+0000] {logging_mixin.py:154} INFO - [2023-11-13T20:03:52.007+0000] {dagbag.py:536} INFO - Filling up the DagBag from /home/airflow/.local/lib/python3.8/site-packages/airflow/example_dags/example_xcom.py
[2023-11-13T20:03:52.012+0000] {processor.py:839} INFO - DAG(s) dict_keys(['example_xcom']) retrieved from /home/airflow/.local/lib/python3.8/site-packages/airflow/example_dags/example_xcom.py
[2023-11-13T20:03:52.025+0000] {logging_mixin.py:154} INFO - [2023-11-13T20:03:52.025+0000] {dag.py:2941} INFO - Sync 1 DAGs
[2023-11-13T20:03:52.037+0000] {logging_mixin.py:154} INFO - [2023-11-13T20:03:52.037+0000] {dag.py:3722} INFO - Setting next_dagrun for example_xcom to 2021-01-01T00:00:00+00:00, run_after=2021-01-01T00:00:00+00:00
[2023-11-13T20:03:52.047+0000] {processor.py:179} INFO - Processing /home/airflow/.local/lib/python3.8/site-packages/airflow/example_dags/example_xcom.py took 0.045 seconds
[2023-11-13T20:04:22.162+0000] {processor.py:157} INFO - Started process (PID=762) to work on /home/airflow/.local/lib/python3.8/site-packages/airflow/example_dags/example_xcom.py
[2023-11-13T20:04:22.163+0000] {processor.py:829} INFO - Processing file /home/airflow/.local/lib/python3.8/site-packages/airflow/example_dags/example_xcom.py for tasks to queue
[2023-11-13T20:04:22.164+0000] {logging_mixin.py:154} INFO - [2023-11-13T20:04:22.164+0000] {dagbag.py:536} INFO - Filling up the DagBag from /home/airflow/.local/lib/python3.8/site-packages/airflow/example_dags/example_xcom.py
[2023-11-13T20:04:22.169+0000] {processor.py:839} INFO - DAG(s) dict_keys(['example_xcom']) retrieved from /home/airflow/.local/lib/python3.8/site-packages/airflow/example_dags/example_xcom.py
[2023-11-13T20:04:22.180+0000] {logging_mixin.py:154} INFO - [2023-11-13T20:04:22.180+0000] {dag.py:2941} INFO - Sync 1 DAGs
[2023-11-13T20:04:22.192+0000] {logging_mixin.py:154} INFO - [2023-11-13T20:04:22.192+0000] {dag.py:3722} INFO - Setting next_dagrun for example_xcom to 2021-01-01T00:00:00+00:00, run_after=2021-01-01T00:00:00+00:00
[2023-11-13T20:04:22.201+0000] {processor.py:179} INFO - Processing /home/airflow/.local/lib/python3.8/site-packages/airflow/example_dags/example_xcom.py took 0.041 seconds
[2023-11-13T20:04:52.313+0000] {processor.py:157} INFO - Started process (PID=816) to work on /home/airflow/.local/lib/python3.8/site-packages/airflow/example_dags/example_xcom.py
[2023-11-13T20:04:52.313+0000] {processor.py:829} INFO - Processing file /home/airflow/.local/lib/python3.8/site-packages/airflow/example_dags/example_xcom.py for tasks to queue
[2023-11-13T20:04:52.314+0000] {logging_mixin.py:154} INFO - [2023-11-13T20:04:52.314+0000] {dagbag.py:536} INFO - Filling up the DagBag from /home/airflow/.local/lib/python3.8/site-packages/airflow/example_dags/example_xcom.py
[2023-11-13T20:04:52.319+0000] {processor.py:839} INFO - DAG(s) dict_keys(['example_xcom']) retrieved from /home/airflow/.local/lib/python3.8/site-packages/airflow/example_dags/example_xcom.py
[2023-11-13T20:04:52.330+0000] {logging_mixin.py:154} INFO - [2023-11-13T20:04:52.330+0000] {dag.py:2941} INFO - Sync 1 DAGs
[2023-11-13T20:04:52.341+0000] {logging_mixin.py:154} INFO - [2023-11-13T20:04:52.341+0000] {dag.py:3722} INFO - Setting next_dagrun for example_xcom to 2021-01-01T00:00:00+00:00, run_after=2021-01-01T00:00:00+00:00
[2023-11-13T20:04:52.349+0000] {processor.py:179} INFO - Processing /home/airflow/.local/lib/python3.8/site-packages/airflow/example_dags/example_xcom.py took 0.038 seconds
