[2023-11-13T18:39:05.356+0000] {processor.py:157} INFO - Started process (PID=37) to work on /home/airflow/.local/lib/python3.8/site-packages/airflow/example_dags/example_python_operator.py
[2023-11-13T18:39:05.358+0000] {processor.py:829} INFO - Processing file /home/airflow/.local/lib/python3.8/site-packages/airflow/example_dags/example_python_operator.py for tasks to queue
[2023-11-13T18:39:05.363+0000] {logging_mixin.py:154} INFO - [2023-11-13T18:39:05.363+0000] {dagbag.py:536} INFO - Filling up the DagBag from /home/airflow/.local/lib/python3.8/site-packages/airflow/example_dags/example_python_operator.py
[2023-11-13T18:39:05.374+0000] {processor.py:839} INFO - DAG(s) dict_keys(['example_python_operator']) retrieved from /home/airflow/.local/lib/python3.8/site-packages/airflow/example_dags/example_python_operator.py
[2023-11-13T18:39:05.507+0000] {logging_mixin.py:154} INFO - [2023-11-13T18:39:05.506+0000] {manager.py:499} INFO - Created Permission View: %s
[2023-11-13T18:39:05.520+0000] {logging_mixin.py:154} INFO - [2023-11-13T18:39:05.519+0000] {manager.py:499} INFO - Created Permission View: %s
[2023-11-13T18:39:05.529+0000] {logging_mixin.py:154} INFO - [2023-11-13T18:39:05.529+0000] {manager.py:499} INFO - Created Permission View: %s
[2023-11-13T18:39:05.529+0000] {logging_mixin.py:154} INFO - [2023-11-13T18:39:05.529+0000] {dag.py:2941} INFO - Sync 1 DAGs
[2023-11-13T18:39:05.547+0000] {logging_mixin.py:154} INFO - [2023-11-13T18:39:05.546+0000] {dag.py:2963} INFO - Creating ORM DAG for example_python_operator
[2023-11-13T18:39:05.551+0000] {logging_mixin.py:154} INFO - [2023-11-13T18:39:05.551+0000] {dag.py:3722} INFO - Setting next_dagrun for example_python_operator to None, run_after=None
[2023-11-13T18:39:05.594+0000] {processor.py:179} INFO - Processing /home/airflow/.local/lib/python3.8/site-packages/airflow/example_dags/example_python_operator.py took 0.243 seconds
[2023-11-13T18:39:38.224+0000] {processor.py:157} INFO - Started process (PID=91) to work on /home/airflow/.local/lib/python3.8/site-packages/airflow/example_dags/example_python_operator.py
[2023-11-13T18:39:38.261+0000] {processor.py:829} INFO - Processing file /home/airflow/.local/lib/python3.8/site-packages/airflow/example_dags/example_python_operator.py for tasks to queue
[2023-11-13T18:39:38.370+0000] {logging_mixin.py:154} INFO - [2023-11-13T18:39:38.356+0000] {dagbag.py:536} INFO - Filling up the DagBag from /home/airflow/.local/lib/python3.8/site-packages/airflow/example_dags/example_python_operator.py
[2023-11-13T18:39:38.478+0000] {processor.py:839} INFO - DAG(s) dict_keys(['example_python_operator']) retrieved from /home/airflow/.local/lib/python3.8/site-packages/airflow/example_dags/example_python_operator.py
[2023-11-13T18:39:38.632+0000] {logging_mixin.py:154} INFO - [2023-11-13T18:39:38.632+0000] {dag.py:2941} INFO - Sync 1 DAGs
[2023-11-13T18:39:38.696+0000] {logging_mixin.py:154} INFO - [2023-11-13T18:39:38.695+0000] {dag.py:3722} INFO - Setting next_dagrun for example_python_operator to None, run_after=None
[2023-11-13T18:39:38.779+0000] {processor.py:179} INFO - Processing /home/airflow/.local/lib/python3.8/site-packages/airflow/example_dags/example_python_operator.py took 0.658 seconds
[2023-11-13T18:40:09.531+0000] {processor.py:157} INFO - Started process (PID=145) to work on /home/airflow/.local/lib/python3.8/site-packages/airflow/example_dags/example_python_operator.py
[2023-11-13T18:40:09.533+0000] {processor.py:829} INFO - Processing file /home/airflow/.local/lib/python3.8/site-packages/airflow/example_dags/example_python_operator.py for tasks to queue
[2023-11-13T18:40:09.536+0000] {logging_mixin.py:154} INFO - [2023-11-13T18:40:09.536+0000] {dagbag.py:536} INFO - Filling up the DagBag from /home/airflow/.local/lib/python3.8/site-packages/airflow/example_dags/example_python_operator.py
[2023-11-13T18:40:09.546+0000] {processor.py:839} INFO - DAG(s) dict_keys(['example_python_operator']) retrieved from /home/airflow/.local/lib/python3.8/site-packages/airflow/example_dags/example_python_operator.py
[2023-11-13T18:40:09.578+0000] {logging_mixin.py:154} INFO - [2023-11-13T18:40:09.577+0000] {dag.py:2941} INFO - Sync 1 DAGs
[2023-11-13T18:40:09.590+0000] {logging_mixin.py:154} INFO - [2023-11-13T18:40:09.590+0000] {dag.py:3722} INFO - Setting next_dagrun for example_python_operator to None, run_after=None
[2023-11-13T18:40:09.623+0000] {processor.py:179} INFO - Processing /home/airflow/.local/lib/python3.8/site-packages/airflow/example_dags/example_python_operator.py took 0.099 seconds
[2023-11-13T18:40:40.151+0000] {processor.py:157} INFO - Started process (PID=199) to work on /home/airflow/.local/lib/python3.8/site-packages/airflow/example_dags/example_python_operator.py
[2023-11-13T18:40:40.152+0000] {processor.py:829} INFO - Processing file /home/airflow/.local/lib/python3.8/site-packages/airflow/example_dags/example_python_operator.py for tasks to queue
[2023-11-13T18:40:40.154+0000] {logging_mixin.py:154} INFO - [2023-11-13T18:40:40.154+0000] {dagbag.py:536} INFO - Filling up the DagBag from /home/airflow/.local/lib/python3.8/site-packages/airflow/example_dags/example_python_operator.py
[2023-11-13T18:40:40.160+0000] {processor.py:839} INFO - DAG(s) dict_keys(['example_python_operator']) retrieved from /home/airflow/.local/lib/python3.8/site-packages/airflow/example_dags/example_python_operator.py
[2023-11-13T18:40:40.174+0000] {logging_mixin.py:154} INFO - [2023-11-13T18:40:40.174+0000] {dag.py:2941} INFO - Sync 1 DAGs
[2023-11-13T18:40:40.181+0000] {logging_mixin.py:154} INFO - [2023-11-13T18:40:40.181+0000] {dag.py:3722} INFO - Setting next_dagrun for example_python_operator to None, run_after=None
[2023-11-13T18:40:40.189+0000] {processor.py:179} INFO - Processing /home/airflow/.local/lib/python3.8/site-packages/airflow/example_dags/example_python_operator.py took 0.041 seconds
[2023-11-13T18:41:10.791+0000] {processor.py:157} INFO - Started process (PID=253) to work on /home/airflow/.local/lib/python3.8/site-packages/airflow/example_dags/example_python_operator.py
[2023-11-13T18:41:10.792+0000] {processor.py:829} INFO - Processing file /home/airflow/.local/lib/python3.8/site-packages/airflow/example_dags/example_python_operator.py for tasks to queue
[2023-11-13T18:41:10.801+0000] {logging_mixin.py:154} INFO - [2023-11-13T18:41:10.799+0000] {dagbag.py:536} INFO - Filling up the DagBag from /home/airflow/.local/lib/python3.8/site-packages/airflow/example_dags/example_python_operator.py
[2023-11-13T18:41:10.817+0000] {processor.py:839} INFO - DAG(s) dict_keys(['example_python_operator']) retrieved from /home/airflow/.local/lib/python3.8/site-packages/airflow/example_dags/example_python_operator.py
[2023-11-13T18:41:10.847+0000] {logging_mixin.py:154} INFO - [2023-11-13T18:41:10.846+0000] {dag.py:2941} INFO - Sync 1 DAGs
[2023-11-13T18:41:10.863+0000] {logging_mixin.py:154} INFO - [2023-11-13T18:41:10.863+0000] {dag.py:3722} INFO - Setting next_dagrun for example_python_operator to None, run_after=None
[2023-11-13T18:41:10.909+0000] {processor.py:179} INFO - Processing /home/airflow/.local/lib/python3.8/site-packages/airflow/example_dags/example_python_operator.py took 0.152 seconds
[2023-11-13T18:41:41.107+0000] {processor.py:157} INFO - Started process (PID=306) to work on /home/airflow/.local/lib/python3.8/site-packages/airflow/example_dags/example_python_operator.py
[2023-11-13T18:41:41.108+0000] {processor.py:829} INFO - Processing file /home/airflow/.local/lib/python3.8/site-packages/airflow/example_dags/example_python_operator.py for tasks to queue
[2023-11-13T18:41:41.111+0000] {logging_mixin.py:154} INFO - [2023-11-13T18:41:41.111+0000] {dagbag.py:536} INFO - Filling up the DagBag from /home/airflow/.local/lib/python3.8/site-packages/airflow/example_dags/example_python_operator.py
[2023-11-13T18:41:41.122+0000] {processor.py:839} INFO - DAG(s) dict_keys(['example_python_operator']) retrieved from /home/airflow/.local/lib/python3.8/site-packages/airflow/example_dags/example_python_operator.py
[2023-11-13T18:41:41.210+0000] {logging_mixin.py:154} INFO - [2023-11-13T18:41:41.210+0000] {dag.py:2941} INFO - Sync 1 DAGs
[2023-11-13T18:41:41.225+0000] {logging_mixin.py:154} INFO - [2023-11-13T18:41:41.225+0000] {dag.py:3722} INFO - Setting next_dagrun for example_python_operator to None, run_after=None
[2023-11-13T18:41:41.237+0000] {processor.py:179} INFO - Processing /home/airflow/.local/lib/python3.8/site-packages/airflow/example_dags/example_python_operator.py took 0.136 seconds
[2023-11-13T18:42:11.512+0000] {processor.py:157} INFO - Started process (PID=360) to work on /home/airflow/.local/lib/python3.8/site-packages/airflow/example_dags/example_python_operator.py
[2023-11-13T18:42:11.515+0000] {processor.py:829} INFO - Processing file /home/airflow/.local/lib/python3.8/site-packages/airflow/example_dags/example_python_operator.py for tasks to queue
[2023-11-13T18:42:11.518+0000] {logging_mixin.py:154} INFO - [2023-11-13T18:42:11.518+0000] {dagbag.py:536} INFO - Filling up the DagBag from /home/airflow/.local/lib/python3.8/site-packages/airflow/example_dags/example_python_operator.py
[2023-11-13T18:42:11.530+0000] {processor.py:839} INFO - DAG(s) dict_keys(['example_python_operator']) retrieved from /home/airflow/.local/lib/python3.8/site-packages/airflow/example_dags/example_python_operator.py
[2023-11-13T18:42:11.549+0000] {logging_mixin.py:154} INFO - [2023-11-13T18:42:11.549+0000] {dag.py:2941} INFO - Sync 1 DAGs
[2023-11-13T18:42:11.557+0000] {logging_mixin.py:154} INFO - [2023-11-13T18:42:11.557+0000] {dag.py:3722} INFO - Setting next_dagrun for example_python_operator to None, run_after=None
[2023-11-13T18:42:11.567+0000] {processor.py:179} INFO - Processing /home/airflow/.local/lib/python3.8/site-packages/airflow/example_dags/example_python_operator.py took 0.061 seconds
[2023-11-13T18:42:41.701+0000] {processor.py:157} INFO - Started process (PID=414) to work on /home/airflow/.local/lib/python3.8/site-packages/airflow/example_dags/example_python_operator.py
[2023-11-13T18:42:41.702+0000] {processor.py:829} INFO - Processing file /home/airflow/.local/lib/python3.8/site-packages/airflow/example_dags/example_python_operator.py for tasks to queue
[2023-11-13T18:42:41.704+0000] {logging_mixin.py:154} INFO - [2023-11-13T18:42:41.704+0000] {dagbag.py:536} INFO - Filling up the DagBag from /home/airflow/.local/lib/python3.8/site-packages/airflow/example_dags/example_python_operator.py
[2023-11-13T18:42:41.714+0000] {processor.py:839} INFO - DAG(s) dict_keys(['example_python_operator']) retrieved from /home/airflow/.local/lib/python3.8/site-packages/airflow/example_dags/example_python_operator.py
[2023-11-13T18:42:41.735+0000] {logging_mixin.py:154} INFO - [2023-11-13T18:42:41.735+0000] {dag.py:2941} INFO - Sync 1 DAGs
[2023-11-13T18:42:41.743+0000] {logging_mixin.py:154} INFO - [2023-11-13T18:42:41.743+0000] {dag.py:3722} INFO - Setting next_dagrun for example_python_operator to None, run_after=None
[2023-11-13T18:42:41.756+0000] {processor.py:179} INFO - Processing /home/airflow/.local/lib/python3.8/site-packages/airflow/example_dags/example_python_operator.py took 0.058 seconds
[2023-11-13T19:57:44.712+0000] {processor.py:157} INFO - Started process (PID=37) to work on /home/airflow/.local/lib/python3.8/site-packages/airflow/example_dags/example_python_operator.py
[2023-11-13T19:57:44.713+0000] {processor.py:829} INFO - Processing file /home/airflow/.local/lib/python3.8/site-packages/airflow/example_dags/example_python_operator.py for tasks to queue
[2023-11-13T19:57:44.715+0000] {logging_mixin.py:154} INFO - [2023-11-13T19:57:44.714+0000] {dagbag.py:536} INFO - Filling up the DagBag from /home/airflow/.local/lib/python3.8/site-packages/airflow/example_dags/example_python_operator.py
[2023-11-13T19:57:44.723+0000] {processor.py:839} INFO - DAG(s) dict_keys(['example_python_operator']) retrieved from /home/airflow/.local/lib/python3.8/site-packages/airflow/example_dags/example_python_operator.py
[2023-11-13T19:57:44.799+0000] {logging_mixin.py:154} INFO - [2023-11-13T19:57:44.799+0000] {dag.py:2941} INFO - Sync 1 DAGs
[2023-11-13T19:57:44.805+0000] {logging_mixin.py:154} INFO - [2023-11-13T19:57:44.805+0000] {dag.py:3722} INFO - Setting next_dagrun for example_python_operator to None, run_after=None
[2023-11-13T19:57:44.820+0000] {processor.py:179} INFO - Processing /home/airflow/.local/lib/python3.8/site-packages/airflow/example_dags/example_python_operator.py took 0.111 seconds
[2023-11-13T19:58:15.123+0000] {processor.py:157} INFO - Started process (PID=91) to work on /home/airflow/.local/lib/python3.8/site-packages/airflow/example_dags/example_python_operator.py
[2023-11-13T19:58:15.124+0000] {processor.py:829} INFO - Processing file /home/airflow/.local/lib/python3.8/site-packages/airflow/example_dags/example_python_operator.py for tasks to queue
[2023-11-13T19:58:15.125+0000] {logging_mixin.py:154} INFO - [2023-11-13T19:58:15.125+0000] {dagbag.py:536} INFO - Filling up the DagBag from /home/airflow/.local/lib/python3.8/site-packages/airflow/example_dags/example_python_operator.py
[2023-11-13T19:58:15.131+0000] {processor.py:839} INFO - DAG(s) dict_keys(['example_python_operator']) retrieved from /home/airflow/.local/lib/python3.8/site-packages/airflow/example_dags/example_python_operator.py
[2023-11-13T19:58:15.146+0000] {logging_mixin.py:154} INFO - [2023-11-13T19:58:15.146+0000] {dag.py:2941} INFO - Sync 1 DAGs
[2023-11-13T19:58:15.155+0000] {logging_mixin.py:154} INFO - [2023-11-13T19:58:15.154+0000] {dag.py:3722} INFO - Setting next_dagrun for example_python_operator to None, run_after=None
[2023-11-13T19:58:15.166+0000] {processor.py:179} INFO - Processing /home/airflow/.local/lib/python3.8/site-packages/airflow/example_dags/example_python_operator.py took 0.046 seconds
[2023-11-13T19:58:45.636+0000] {processor.py:157} INFO - Started process (PID=145) to work on /home/airflow/.local/lib/python3.8/site-packages/airflow/example_dags/example_python_operator.py
[2023-11-13T19:58:45.637+0000] {processor.py:829} INFO - Processing file /home/airflow/.local/lib/python3.8/site-packages/airflow/example_dags/example_python_operator.py for tasks to queue
[2023-11-13T19:58:45.638+0000] {logging_mixin.py:154} INFO - [2023-11-13T19:58:45.638+0000] {dagbag.py:536} INFO - Filling up the DagBag from /home/airflow/.local/lib/python3.8/site-packages/airflow/example_dags/example_python_operator.py
[2023-11-13T19:58:45.644+0000] {processor.py:839} INFO - DAG(s) dict_keys(['example_python_operator']) retrieved from /home/airflow/.local/lib/python3.8/site-packages/airflow/example_dags/example_python_operator.py
[2023-11-13T19:58:45.656+0000] {logging_mixin.py:154} INFO - [2023-11-13T19:58:45.656+0000] {dag.py:2941} INFO - Sync 1 DAGs
[2023-11-13T19:58:45.662+0000] {logging_mixin.py:154} INFO - [2023-11-13T19:58:45.662+0000] {dag.py:3722} INFO - Setting next_dagrun for example_python_operator to None, run_after=None
[2023-11-13T19:58:45.671+0000] {processor.py:179} INFO - Processing /home/airflow/.local/lib/python3.8/site-packages/airflow/example_dags/example_python_operator.py took 0.038 seconds
[2023-11-13T19:59:15.929+0000] {processor.py:157} INFO - Started process (PID=199) to work on /home/airflow/.local/lib/python3.8/site-packages/airflow/example_dags/example_python_operator.py
[2023-11-13T19:59:15.929+0000] {processor.py:829} INFO - Processing file /home/airflow/.local/lib/python3.8/site-packages/airflow/example_dags/example_python_operator.py for tasks to queue
[2023-11-13T19:59:15.931+0000] {logging_mixin.py:154} INFO - [2023-11-13T19:59:15.931+0000] {dagbag.py:536} INFO - Filling up the DagBag from /home/airflow/.local/lib/python3.8/site-packages/airflow/example_dags/example_python_operator.py
[2023-11-13T19:59:15.936+0000] {processor.py:839} INFO - DAG(s) dict_keys(['example_python_operator']) retrieved from /home/airflow/.local/lib/python3.8/site-packages/airflow/example_dags/example_python_operator.py
[2023-11-13T19:59:15.949+0000] {logging_mixin.py:154} INFO - [2023-11-13T19:59:15.949+0000] {dag.py:2941} INFO - Sync 1 DAGs
[2023-11-13T19:59:15.955+0000] {logging_mixin.py:154} INFO - [2023-11-13T19:59:15.955+0000] {dag.py:3722} INFO - Setting next_dagrun for example_python_operator to None, run_after=None
[2023-11-13T19:59:15.964+0000] {processor.py:179} INFO - Processing /home/airflow/.local/lib/python3.8/site-packages/airflow/example_dags/example_python_operator.py took 0.037 seconds
[2023-11-13T19:59:46.628+0000] {processor.py:157} INFO - Started process (PID=253) to work on /home/airflow/.local/lib/python3.8/site-packages/airflow/example_dags/example_python_operator.py
[2023-11-13T19:59:46.629+0000] {processor.py:829} INFO - Processing file /home/airflow/.local/lib/python3.8/site-packages/airflow/example_dags/example_python_operator.py for tasks to queue
[2023-11-13T19:59:46.630+0000] {logging_mixin.py:154} INFO - [2023-11-13T19:59:46.630+0000] {dagbag.py:536} INFO - Filling up the DagBag from /home/airflow/.local/lib/python3.8/site-packages/airflow/example_dags/example_python_operator.py
[2023-11-13T19:59:46.636+0000] {processor.py:839} INFO - DAG(s) dict_keys(['example_python_operator']) retrieved from /home/airflow/.local/lib/python3.8/site-packages/airflow/example_dags/example_python_operator.py
[2023-11-13T19:59:46.648+0000] {logging_mixin.py:154} INFO - [2023-11-13T19:59:46.648+0000] {dag.py:2941} INFO - Sync 1 DAGs
[2023-11-13T19:59:46.655+0000] {logging_mixin.py:154} INFO - [2023-11-13T19:59:46.655+0000] {dag.py:3722} INFO - Setting next_dagrun for example_python_operator to None, run_after=None
[2023-11-13T19:59:46.663+0000] {processor.py:179} INFO - Processing /home/airflow/.local/lib/python3.8/site-packages/airflow/example_dags/example_python_operator.py took 0.037 seconds
[2023-11-13T20:00:17.281+0000] {processor.py:157} INFO - Started process (PID=306) to work on /home/airflow/.local/lib/python3.8/site-packages/airflow/example_dags/example_python_operator.py
[2023-11-13T20:00:17.281+0000] {processor.py:829} INFO - Processing file /home/airflow/.local/lib/python3.8/site-packages/airflow/example_dags/example_python_operator.py for tasks to queue
[2023-11-13T20:00:17.283+0000] {logging_mixin.py:154} INFO - [2023-11-13T20:00:17.282+0000] {dagbag.py:536} INFO - Filling up the DagBag from /home/airflow/.local/lib/python3.8/site-packages/airflow/example_dags/example_python_operator.py
[2023-11-13T20:00:17.288+0000] {processor.py:839} INFO - DAG(s) dict_keys(['example_python_operator']) retrieved from /home/airflow/.local/lib/python3.8/site-packages/airflow/example_dags/example_python_operator.py
[2023-11-13T20:00:17.300+0000] {logging_mixin.py:154} INFO - [2023-11-13T20:00:17.300+0000] {dag.py:2941} INFO - Sync 1 DAGs
[2023-11-13T20:00:17.307+0000] {logging_mixin.py:154} INFO - [2023-11-13T20:00:17.307+0000] {dag.py:3722} INFO - Setting next_dagrun for example_python_operator to None, run_after=None
[2023-11-13T20:00:17.315+0000] {processor.py:179} INFO - Processing /home/airflow/.local/lib/python3.8/site-packages/airflow/example_dags/example_python_operator.py took 0.036 seconds
[2023-11-13T20:00:47.465+0000] {processor.py:157} INFO - Started process (PID=360) to work on /home/airflow/.local/lib/python3.8/site-packages/airflow/example_dags/example_python_operator.py
[2023-11-13T20:00:47.466+0000] {processor.py:829} INFO - Processing file /home/airflow/.local/lib/python3.8/site-packages/airflow/example_dags/example_python_operator.py for tasks to queue
[2023-11-13T20:00:47.467+0000] {logging_mixin.py:154} INFO - [2023-11-13T20:00:47.467+0000] {dagbag.py:536} INFO - Filling up the DagBag from /home/airflow/.local/lib/python3.8/site-packages/airflow/example_dags/example_python_operator.py
[2023-11-13T20:00:47.473+0000] {processor.py:839} INFO - DAG(s) dict_keys(['example_python_operator']) retrieved from /home/airflow/.local/lib/python3.8/site-packages/airflow/example_dags/example_python_operator.py
[2023-11-13T20:00:47.485+0000] {logging_mixin.py:154} INFO - [2023-11-13T20:00:47.485+0000] {dag.py:2941} INFO - Sync 1 DAGs
[2023-11-13T20:00:47.492+0000] {logging_mixin.py:154} INFO - [2023-11-13T20:00:47.492+0000] {dag.py:3722} INFO - Setting next_dagrun for example_python_operator to None, run_after=None
[2023-11-13T20:00:47.500+0000] {processor.py:179} INFO - Processing /home/airflow/.local/lib/python3.8/site-packages/airflow/example_dags/example_python_operator.py took 0.037 seconds
[2023-11-13T20:01:18.242+0000] {processor.py:157} INFO - Started process (PID=414) to work on /home/airflow/.local/lib/python3.8/site-packages/airflow/example_dags/example_python_operator.py
[2023-11-13T20:01:18.243+0000] {processor.py:829} INFO - Processing file /home/airflow/.local/lib/python3.8/site-packages/airflow/example_dags/example_python_operator.py for tasks to queue
[2023-11-13T20:01:18.244+0000] {logging_mixin.py:154} INFO - [2023-11-13T20:01:18.244+0000] {dagbag.py:536} INFO - Filling up the DagBag from /home/airflow/.local/lib/python3.8/site-packages/airflow/example_dags/example_python_operator.py
[2023-11-13T20:01:18.250+0000] {processor.py:839} INFO - DAG(s) dict_keys(['example_python_operator']) retrieved from /home/airflow/.local/lib/python3.8/site-packages/airflow/example_dags/example_python_operator.py
[2023-11-13T20:01:18.262+0000] {logging_mixin.py:154} INFO - [2023-11-13T20:01:18.262+0000] {dag.py:2941} INFO - Sync 1 DAGs
[2023-11-13T20:01:18.269+0000] {logging_mixin.py:154} INFO - [2023-11-13T20:01:18.269+0000] {dag.py:3722} INFO - Setting next_dagrun for example_python_operator to None, run_after=None
[2023-11-13T20:01:18.278+0000] {processor.py:179} INFO - Processing /home/airflow/.local/lib/python3.8/site-packages/airflow/example_dags/example_python_operator.py took 0.038 seconds
[2023-11-13T20:01:48.893+0000] {processor.py:157} INFO - Started process (PID=468) to work on /home/airflow/.local/lib/python3.8/site-packages/airflow/example_dags/example_python_operator.py
[2023-11-13T20:01:48.894+0000] {processor.py:829} INFO - Processing file /home/airflow/.local/lib/python3.8/site-packages/airflow/example_dags/example_python_operator.py for tasks to queue
[2023-11-13T20:01:48.895+0000] {logging_mixin.py:154} INFO - [2023-11-13T20:01:48.895+0000] {dagbag.py:536} INFO - Filling up the DagBag from /home/airflow/.local/lib/python3.8/site-packages/airflow/example_dags/example_python_operator.py
[2023-11-13T20:01:48.900+0000] {processor.py:839} INFO - DAG(s) dict_keys(['example_python_operator']) retrieved from /home/airflow/.local/lib/python3.8/site-packages/airflow/example_dags/example_python_operator.py
[2023-11-13T20:01:48.913+0000] {logging_mixin.py:154} INFO - [2023-11-13T20:01:48.913+0000] {dag.py:2941} INFO - Sync 1 DAGs
[2023-11-13T20:01:48.919+0000] {logging_mixin.py:154} INFO - [2023-11-13T20:01:48.919+0000] {dag.py:3722} INFO - Setting next_dagrun for example_python_operator to None, run_after=None
[2023-11-13T20:01:48.928+0000] {processor.py:179} INFO - Processing /home/airflow/.local/lib/python3.8/site-packages/airflow/example_dags/example_python_operator.py took 0.037 seconds
[2023-11-13T20:02:19.626+0000] {processor.py:157} INFO - Started process (PID=522) to work on /home/airflow/.local/lib/python3.8/site-packages/airflow/example_dags/example_python_operator.py
[2023-11-13T20:02:19.626+0000] {processor.py:829} INFO - Processing file /home/airflow/.local/lib/python3.8/site-packages/airflow/example_dags/example_python_operator.py for tasks to queue
[2023-11-13T20:02:19.628+0000] {logging_mixin.py:154} INFO - [2023-11-13T20:02:19.628+0000] {dagbag.py:536} INFO - Filling up the DagBag from /home/airflow/.local/lib/python3.8/site-packages/airflow/example_dags/example_python_operator.py
[2023-11-13T20:02:19.634+0000] {processor.py:839} INFO - DAG(s) dict_keys(['example_python_operator']) retrieved from /home/airflow/.local/lib/python3.8/site-packages/airflow/example_dags/example_python_operator.py
[2023-11-13T20:02:19.647+0000] {logging_mixin.py:154} INFO - [2023-11-13T20:02:19.646+0000] {dag.py:2941} INFO - Sync 1 DAGs
[2023-11-13T20:02:19.653+0000] {logging_mixin.py:154} INFO - [2023-11-13T20:02:19.653+0000] {dag.py:3722} INFO - Setting next_dagrun for example_python_operator to None, run_after=None
[2023-11-13T20:02:19.662+0000] {processor.py:179} INFO - Processing /home/airflow/.local/lib/python3.8/site-packages/airflow/example_dags/example_python_operator.py took 0.039 seconds
[2023-11-13T20:02:49.904+0000] {processor.py:157} INFO - Started process (PID=576) to work on /home/airflow/.local/lib/python3.8/site-packages/airflow/example_dags/example_python_operator.py
[2023-11-13T20:02:49.905+0000] {processor.py:829} INFO - Processing file /home/airflow/.local/lib/python3.8/site-packages/airflow/example_dags/example_python_operator.py for tasks to queue
[2023-11-13T20:02:49.907+0000] {logging_mixin.py:154} INFO - [2023-11-13T20:02:49.907+0000] {dagbag.py:536} INFO - Filling up the DagBag from /home/airflow/.local/lib/python3.8/site-packages/airflow/example_dags/example_python_operator.py
[2023-11-13T20:02:49.913+0000] {processor.py:839} INFO - DAG(s) dict_keys(['example_python_operator']) retrieved from /home/airflow/.local/lib/python3.8/site-packages/airflow/example_dags/example_python_operator.py
[2023-11-13T20:02:49.927+0000] {logging_mixin.py:154} INFO - [2023-11-13T20:02:49.927+0000] {dag.py:2941} INFO - Sync 1 DAGs
[2023-11-13T20:02:49.935+0000] {logging_mixin.py:154} INFO - [2023-11-13T20:02:49.934+0000] {dag.py:3722} INFO - Setting next_dagrun for example_python_operator to None, run_after=None
[2023-11-13T20:02:49.946+0000] {processor.py:179} INFO - Processing /home/airflow/.local/lib/python3.8/site-packages/airflow/example_dags/example_python_operator.py took 0.044 seconds
[2023-11-13T20:03:20.077+0000] {processor.py:157} INFO - Started process (PID=630) to work on /home/airflow/.local/lib/python3.8/site-packages/airflow/example_dags/example_python_operator.py
[2023-11-13T20:03:20.077+0000] {processor.py:829} INFO - Processing file /home/airflow/.local/lib/python3.8/site-packages/airflow/example_dags/example_python_operator.py for tasks to queue
[2023-11-13T20:03:20.078+0000] {logging_mixin.py:154} INFO - [2023-11-13T20:03:20.078+0000] {dagbag.py:536} INFO - Filling up the DagBag from /home/airflow/.local/lib/python3.8/site-packages/airflow/example_dags/example_python_operator.py
[2023-11-13T20:03:20.084+0000] {processor.py:839} INFO - DAG(s) dict_keys(['example_python_operator']) retrieved from /home/airflow/.local/lib/python3.8/site-packages/airflow/example_dags/example_python_operator.py
[2023-11-13T20:03:20.097+0000] {logging_mixin.py:154} INFO - [2023-11-13T20:03:20.097+0000] {dag.py:2941} INFO - Sync 1 DAGs
[2023-11-13T20:03:20.103+0000] {logging_mixin.py:154} INFO - [2023-11-13T20:03:20.103+0000] {dag.py:3722} INFO - Setting next_dagrun for example_python_operator to None, run_after=None
[2023-11-13T20:03:20.113+0000] {processor.py:179} INFO - Processing /home/airflow/.local/lib/python3.8/site-packages/airflow/example_dags/example_python_operator.py took 0.038 seconds
[2023-11-13T20:03:50.129+0000] {processor.py:157} INFO - Started process (PID=684) to work on /home/airflow/.local/lib/python3.8/site-packages/airflow/example_dags/example_python_operator.py
[2023-11-13T20:03:50.129+0000] {processor.py:829} INFO - Processing file /home/airflow/.local/lib/python3.8/site-packages/airflow/example_dags/example_python_operator.py for tasks to queue
[2023-11-13T20:03:50.131+0000] {logging_mixin.py:154} INFO - [2023-11-13T20:03:50.131+0000] {dagbag.py:536} INFO - Filling up the DagBag from /home/airflow/.local/lib/python3.8/site-packages/airflow/example_dags/example_python_operator.py
[2023-11-13T20:03:50.136+0000] {processor.py:839} INFO - DAG(s) dict_keys(['example_python_operator']) retrieved from /home/airflow/.local/lib/python3.8/site-packages/airflow/example_dags/example_python_operator.py
[2023-11-13T20:03:50.148+0000] {logging_mixin.py:154} INFO - [2023-11-13T20:03:50.148+0000] {dag.py:2941} INFO - Sync 1 DAGs
[2023-11-13T20:03:50.155+0000] {logging_mixin.py:154} INFO - [2023-11-13T20:03:50.155+0000] {dag.py:3722} INFO - Setting next_dagrun for example_python_operator to None, run_after=None
[2023-11-13T20:03:50.164+0000] {processor.py:179} INFO - Processing /home/airflow/.local/lib/python3.8/site-packages/airflow/example_dags/example_python_operator.py took 0.037 seconds
[2023-11-13T20:04:20.265+0000] {processor.py:157} INFO - Started process (PID=738) to work on /home/airflow/.local/lib/python3.8/site-packages/airflow/example_dags/example_python_operator.py
[2023-11-13T20:04:20.266+0000] {processor.py:829} INFO - Processing file /home/airflow/.local/lib/python3.8/site-packages/airflow/example_dags/example_python_operator.py for tasks to queue
[2023-11-13T20:04:20.268+0000] {logging_mixin.py:154} INFO - [2023-11-13T20:04:20.267+0000] {dagbag.py:536} INFO - Filling up the DagBag from /home/airflow/.local/lib/python3.8/site-packages/airflow/example_dags/example_python_operator.py
[2023-11-13T20:04:20.273+0000] {processor.py:839} INFO - DAG(s) dict_keys(['example_python_operator']) retrieved from /home/airflow/.local/lib/python3.8/site-packages/airflow/example_dags/example_python_operator.py
[2023-11-13T20:04:20.286+0000] {logging_mixin.py:154} INFO - [2023-11-13T20:04:20.286+0000] {dag.py:2941} INFO - Sync 1 DAGs
[2023-11-13T20:04:20.293+0000] {logging_mixin.py:154} INFO - [2023-11-13T20:04:20.292+0000] {dag.py:3722} INFO - Setting next_dagrun for example_python_operator to None, run_after=None
[2023-11-13T20:04:20.302+0000] {processor.py:179} INFO - Processing /home/airflow/.local/lib/python3.8/site-packages/airflow/example_dags/example_python_operator.py took 0.038 seconds
[2023-11-13T20:04:50.424+0000] {processor.py:157} INFO - Started process (PID=792) to work on /home/airflow/.local/lib/python3.8/site-packages/airflow/example_dags/example_python_operator.py
[2023-11-13T20:04:50.425+0000] {processor.py:829} INFO - Processing file /home/airflow/.local/lib/python3.8/site-packages/airflow/example_dags/example_python_operator.py for tasks to queue
[2023-11-13T20:04:50.426+0000] {logging_mixin.py:154} INFO - [2023-11-13T20:04:50.426+0000] {dagbag.py:536} INFO - Filling up the DagBag from /home/airflow/.local/lib/python3.8/site-packages/airflow/example_dags/example_python_operator.py
[2023-11-13T20:04:50.432+0000] {processor.py:839} INFO - DAG(s) dict_keys(['example_python_operator']) retrieved from /home/airflow/.local/lib/python3.8/site-packages/airflow/example_dags/example_python_operator.py
[2023-11-13T20:04:50.445+0000] {logging_mixin.py:154} INFO - [2023-11-13T20:04:50.444+0000] {dag.py:2941} INFO - Sync 1 DAGs
[2023-11-13T20:04:50.451+0000] {logging_mixin.py:154} INFO - [2023-11-13T20:04:50.450+0000] {dag.py:3722} INFO - Setting next_dagrun for example_python_operator to None, run_after=None
[2023-11-13T20:04:50.458+0000] {processor.py:179} INFO - Processing /home/airflow/.local/lib/python3.8/site-packages/airflow/example_dags/example_python_operator.py took 0.036 seconds
