[2023-11-13T18:39:10.550+0000] {processor.py:157} INFO - Started process (PID=59) to work on /home/airflow/.local/lib/python3.8/site-packages/airflow/example_dags/example_trigger_target_dag.py
[2023-11-13T18:39:10.554+0000] {processor.py:829} INFO - Processing file /home/airflow/.local/lib/python3.8/site-packages/airflow/example_dags/example_trigger_target_dag.py for tasks to queue
[2023-11-13T18:39:10.557+0000] {logging_mixin.py:154} INFO - [2023-11-13T18:39:10.556+0000] {dagbag.py:536} INFO - Filling up the DagBag from /home/airflow/.local/lib/python3.8/site-packages/airflow/example_dags/example_trigger_target_dag.py
[2023-11-13T18:39:10.570+0000] {processor.py:839} INFO - DAG(s) dict_keys(['example_trigger_target_dag']) retrieved from /home/airflow/.local/lib/python3.8/site-packages/airflow/example_dags/example_trigger_target_dag.py
[2023-11-13T18:39:10.755+0000] {logging_mixin.py:154} INFO - [2023-11-13T18:39:10.755+0000] {manager.py:499} INFO - Created Permission View: %s
[2023-11-13T18:39:10.774+0000] {logging_mixin.py:154} INFO - [2023-11-13T18:39:10.774+0000] {manager.py:499} INFO - Created Permission View: %s
[2023-11-13T18:39:10.784+0000] {logging_mixin.py:154} INFO - [2023-11-13T18:39:10.784+0000] {manager.py:499} INFO - Created Permission View: %s
[2023-11-13T18:39:10.785+0000] {logging_mixin.py:154} INFO - [2023-11-13T18:39:10.785+0000] {dag.py:2941} INFO - Sync 1 DAGs
[2023-11-13T18:39:10.797+0000] {logging_mixin.py:154} INFO - [2023-11-13T18:39:10.797+0000] {dag.py:2963} INFO - Creating ORM DAG for example_trigger_target_dag
[2023-11-13T18:39:10.798+0000] {logging_mixin.py:154} INFO - [2023-11-13T18:39:10.798+0000] {dag.py:3722} INFO - Setting next_dagrun for example_trigger_target_dag to None, run_after=None
[2023-11-13T18:39:10.816+0000] {processor.py:179} INFO - Processing /home/airflow/.local/lib/python3.8/site-packages/airflow/example_dags/example_trigger_target_dag.py took 0.272 seconds
[2023-11-13T18:39:43.435+0000] {processor.py:157} INFO - Started process (PID=113) to work on /home/airflow/.local/lib/python3.8/site-packages/airflow/example_dags/example_trigger_target_dag.py
[2023-11-13T18:39:43.436+0000] {processor.py:829} INFO - Processing file /home/airflow/.local/lib/python3.8/site-packages/airflow/example_dags/example_trigger_target_dag.py for tasks to queue
[2023-11-13T18:39:43.438+0000] {logging_mixin.py:154} INFO - [2023-11-13T18:39:43.438+0000] {dagbag.py:536} INFO - Filling up the DagBag from /home/airflow/.local/lib/python3.8/site-packages/airflow/example_dags/example_trigger_target_dag.py
[2023-11-13T18:39:43.443+0000] {processor.py:839} INFO - DAG(s) dict_keys(['example_trigger_target_dag']) retrieved from /home/airflow/.local/lib/python3.8/site-packages/airflow/example_dags/example_trigger_target_dag.py
[2023-11-13T18:39:43.466+0000] {logging_mixin.py:154} INFO - [2023-11-13T18:39:43.466+0000] {dag.py:2941} INFO - Sync 1 DAGs
[2023-11-13T18:39:43.476+0000] {logging_mixin.py:154} INFO - [2023-11-13T18:39:43.476+0000] {dag.py:3722} INFO - Setting next_dagrun for example_trigger_target_dag to None, run_after=None
[2023-11-13T18:39:43.491+0000] {processor.py:179} INFO - Processing /home/airflow/.local/lib/python3.8/site-packages/airflow/example_dags/example_trigger_target_dag.py took 0.060 seconds
[2023-11-13T18:40:15.515+0000] {processor.py:157} INFO - Started process (PID=167) to work on /home/airflow/.local/lib/python3.8/site-packages/airflow/example_dags/example_trigger_target_dag.py
[2023-11-13T18:40:15.544+0000] {processor.py:829} INFO - Processing file /home/airflow/.local/lib/python3.8/site-packages/airflow/example_dags/example_trigger_target_dag.py for tasks to queue
[2023-11-13T18:40:15.550+0000] {logging_mixin.py:154} INFO - [2023-11-13T18:40:15.548+0000] {dagbag.py:536} INFO - Filling up the DagBag from /home/airflow/.local/lib/python3.8/site-packages/airflow/example_dags/example_trigger_target_dag.py
[2023-11-13T18:40:15.590+0000] {processor.py:839} INFO - DAG(s) dict_keys(['example_trigger_target_dag']) retrieved from /home/airflow/.local/lib/python3.8/site-packages/airflow/example_dags/example_trigger_target_dag.py
[2023-11-13T18:40:15.664+0000] {logging_mixin.py:154} INFO - [2023-11-13T18:40:15.661+0000] {dag.py:2941} INFO - Sync 1 DAGs
[2023-11-13T18:40:15.883+0000] {logging_mixin.py:154} INFO - [2023-11-13T18:40:15.883+0000] {dag.py:3722} INFO - Setting next_dagrun for example_trigger_target_dag to None, run_after=None
[2023-11-13T18:40:15.960+0000] {processor.py:179} INFO - Processing /home/airflow/.local/lib/python3.8/site-packages/airflow/example_dags/example_trigger_target_dag.py took 0.452 seconds
[2023-11-13T18:40:46.900+0000] {processor.py:157} INFO - Started process (PID=221) to work on /home/airflow/.local/lib/python3.8/site-packages/airflow/example_dags/example_trigger_target_dag.py
[2023-11-13T18:40:46.901+0000] {processor.py:829} INFO - Processing file /home/airflow/.local/lib/python3.8/site-packages/airflow/example_dags/example_trigger_target_dag.py for tasks to queue
[2023-11-13T18:40:46.903+0000] {logging_mixin.py:154} INFO - [2023-11-13T18:40:46.903+0000] {dagbag.py:536} INFO - Filling up the DagBag from /home/airflow/.local/lib/python3.8/site-packages/airflow/example_dags/example_trigger_target_dag.py
[2023-11-13T18:40:46.907+0000] {processor.py:839} INFO - DAG(s) dict_keys(['example_trigger_target_dag']) retrieved from /home/airflow/.local/lib/python3.8/site-packages/airflow/example_dags/example_trigger_target_dag.py
[2023-11-13T18:40:46.920+0000] {logging_mixin.py:154} INFO - [2023-11-13T18:40:46.920+0000] {dag.py:2941} INFO - Sync 1 DAGs
[2023-11-13T18:40:46.927+0000] {logging_mixin.py:154} INFO - [2023-11-13T18:40:46.927+0000] {dag.py:3722} INFO - Setting next_dagrun for example_trigger_target_dag to None, run_after=None
[2023-11-13T18:40:46.937+0000] {processor.py:179} INFO - Processing /home/airflow/.local/lib/python3.8/site-packages/airflow/example_dags/example_trigger_target_dag.py took 0.039 seconds
[2023-11-13T18:41:17.126+0000] {processor.py:157} INFO - Started process (PID=275) to work on /home/airflow/.local/lib/python3.8/site-packages/airflow/example_dags/example_trigger_target_dag.py
[2023-11-13T18:41:17.127+0000] {processor.py:829} INFO - Processing file /home/airflow/.local/lib/python3.8/site-packages/airflow/example_dags/example_trigger_target_dag.py for tasks to queue
[2023-11-13T18:41:17.129+0000] {logging_mixin.py:154} INFO - [2023-11-13T18:41:17.129+0000] {dagbag.py:536} INFO - Filling up the DagBag from /home/airflow/.local/lib/python3.8/site-packages/airflow/example_dags/example_trigger_target_dag.py
[2023-11-13T18:41:17.134+0000] {processor.py:839} INFO - DAG(s) dict_keys(['example_trigger_target_dag']) retrieved from /home/airflow/.local/lib/python3.8/site-packages/airflow/example_dags/example_trigger_target_dag.py
[2023-11-13T18:41:17.148+0000] {logging_mixin.py:154} INFO - [2023-11-13T18:41:17.148+0000] {dag.py:2941} INFO - Sync 1 DAGs
[2023-11-13T18:41:17.155+0000] {logging_mixin.py:154} INFO - [2023-11-13T18:41:17.155+0000] {dag.py:3722} INFO - Setting next_dagrun for example_trigger_target_dag to None, run_after=None
[2023-11-13T18:41:17.165+0000] {processor.py:179} INFO - Processing /home/airflow/.local/lib/python3.8/site-packages/airflow/example_dags/example_trigger_target_dag.py took 0.041 seconds
[2023-11-13T18:41:48.018+0000] {processor.py:157} INFO - Started process (PID=328) to work on /home/airflow/.local/lib/python3.8/site-packages/airflow/example_dags/example_trigger_target_dag.py
[2023-11-13T18:41:48.018+0000] {processor.py:829} INFO - Processing file /home/airflow/.local/lib/python3.8/site-packages/airflow/example_dags/example_trigger_target_dag.py for tasks to queue
[2023-11-13T18:41:48.020+0000] {logging_mixin.py:154} INFO - [2023-11-13T18:41:48.020+0000] {dagbag.py:536} INFO - Filling up the DagBag from /home/airflow/.local/lib/python3.8/site-packages/airflow/example_dags/example_trigger_target_dag.py
[2023-11-13T18:41:48.023+0000] {processor.py:839} INFO - DAG(s) dict_keys(['example_trigger_target_dag']) retrieved from /home/airflow/.local/lib/python3.8/site-packages/airflow/example_dags/example_trigger_target_dag.py
[2023-11-13T18:41:48.034+0000] {logging_mixin.py:154} INFO - [2023-11-13T18:41:48.034+0000] {dag.py:2941} INFO - Sync 1 DAGs
[2023-11-13T18:41:48.040+0000] {logging_mixin.py:154} INFO - [2023-11-13T18:41:48.040+0000] {dag.py:3722} INFO - Setting next_dagrun for example_trigger_target_dag to None, run_after=None
[2023-11-13T18:41:48.049+0000] {processor.py:179} INFO - Processing /home/airflow/.local/lib/python3.8/site-packages/airflow/example_dags/example_trigger_target_dag.py took 0.034 seconds
[2023-11-13T18:42:18.400+0000] {processor.py:157} INFO - Started process (PID=382) to work on /home/airflow/.local/lib/python3.8/site-packages/airflow/example_dags/example_trigger_target_dag.py
[2023-11-13T18:42:18.401+0000] {processor.py:829} INFO - Processing file /home/airflow/.local/lib/python3.8/site-packages/airflow/example_dags/example_trigger_target_dag.py for tasks to queue
[2023-11-13T18:42:18.403+0000] {logging_mixin.py:154} INFO - [2023-11-13T18:42:18.403+0000] {dagbag.py:536} INFO - Filling up the DagBag from /home/airflow/.local/lib/python3.8/site-packages/airflow/example_dags/example_trigger_target_dag.py
[2023-11-13T18:42:18.407+0000] {processor.py:839} INFO - DAG(s) dict_keys(['example_trigger_target_dag']) retrieved from /home/airflow/.local/lib/python3.8/site-packages/airflow/example_dags/example_trigger_target_dag.py
[2023-11-13T18:42:18.419+0000] {logging_mixin.py:154} INFO - [2023-11-13T18:42:18.419+0000] {dag.py:2941} INFO - Sync 1 DAGs
[2023-11-13T18:42:18.426+0000] {logging_mixin.py:154} INFO - [2023-11-13T18:42:18.426+0000] {dag.py:3722} INFO - Setting next_dagrun for example_trigger_target_dag to None, run_after=None
[2023-11-13T18:42:18.440+0000] {processor.py:179} INFO - Processing /home/airflow/.local/lib/python3.8/site-packages/airflow/example_dags/example_trigger_target_dag.py took 0.042 seconds
[2023-11-13T18:42:48.654+0000] {processor.py:157} INFO - Started process (PID=436) to work on /home/airflow/.local/lib/python3.8/site-packages/airflow/example_dags/example_trigger_target_dag.py
[2023-11-13T18:42:48.655+0000] {processor.py:829} INFO - Processing file /home/airflow/.local/lib/python3.8/site-packages/airflow/example_dags/example_trigger_target_dag.py for tasks to queue
[2023-11-13T18:42:48.656+0000] {logging_mixin.py:154} INFO - [2023-11-13T18:42:48.656+0000] {dagbag.py:536} INFO - Filling up the DagBag from /home/airflow/.local/lib/python3.8/site-packages/airflow/example_dags/example_trigger_target_dag.py
[2023-11-13T18:42:48.661+0000] {processor.py:839} INFO - DAG(s) dict_keys(['example_trigger_target_dag']) retrieved from /home/airflow/.local/lib/python3.8/site-packages/airflow/example_dags/example_trigger_target_dag.py
[2023-11-13T18:42:48.689+0000] {logging_mixin.py:154} INFO - [2023-11-13T18:42:48.689+0000] {dag.py:2941} INFO - Sync 1 DAGs
[2023-11-13T18:42:48.699+0000] {logging_mixin.py:154} INFO - [2023-11-13T18:42:48.699+0000] {dag.py:3722} INFO - Setting next_dagrun for example_trigger_target_dag to None, run_after=None
[2023-11-13T18:42:48.709+0000] {processor.py:179} INFO - Processing /home/airflow/.local/lib/python3.8/site-packages/airflow/example_dags/example_trigger_target_dag.py took 0.058 seconds
[2023-11-13T19:57:45.720+0000] {processor.py:157} INFO - Started process (PID=59) to work on /home/airflow/.local/lib/python3.8/site-packages/airflow/example_dags/example_trigger_target_dag.py
[2023-11-13T19:57:45.721+0000] {processor.py:829} INFO - Processing file /home/airflow/.local/lib/python3.8/site-packages/airflow/example_dags/example_trigger_target_dag.py for tasks to queue
[2023-11-13T19:57:45.723+0000] {logging_mixin.py:154} INFO - [2023-11-13T19:57:45.722+0000] {dagbag.py:536} INFO - Filling up the DagBag from /home/airflow/.local/lib/python3.8/site-packages/airflow/example_dags/example_trigger_target_dag.py
[2023-11-13T19:57:45.728+0000] {processor.py:839} INFO - DAG(s) dict_keys(['example_trigger_target_dag']) retrieved from /home/airflow/.local/lib/python3.8/site-packages/airflow/example_dags/example_trigger_target_dag.py
[2023-11-13T19:57:45.744+0000] {logging_mixin.py:154} INFO - [2023-11-13T19:57:45.744+0000] {dag.py:2941} INFO - Sync 1 DAGs
[2023-11-13T19:57:45.752+0000] {logging_mixin.py:154} INFO - [2023-11-13T19:57:45.751+0000] {dag.py:3722} INFO - Setting next_dagrun for example_trigger_target_dag to None, run_after=None
[2023-11-13T19:57:45.763+0000] {processor.py:179} INFO - Processing /home/airflow/.local/lib/python3.8/site-packages/airflow/example_dags/example_trigger_target_dag.py took 0.046 seconds
[2023-11-13T19:58:16.052+0000] {processor.py:157} INFO - Started process (PID=113) to work on /home/airflow/.local/lib/python3.8/site-packages/airflow/example_dags/example_trigger_target_dag.py
[2023-11-13T19:58:16.052+0000] {processor.py:829} INFO - Processing file /home/airflow/.local/lib/python3.8/site-packages/airflow/example_dags/example_trigger_target_dag.py for tasks to queue
[2023-11-13T19:58:16.055+0000] {logging_mixin.py:154} INFO - [2023-11-13T19:58:16.054+0000] {dagbag.py:536} INFO - Filling up the DagBag from /home/airflow/.local/lib/python3.8/site-packages/airflow/example_dags/example_trigger_target_dag.py
[2023-11-13T19:58:16.059+0000] {processor.py:839} INFO - DAG(s) dict_keys(['example_trigger_target_dag']) retrieved from /home/airflow/.local/lib/python3.8/site-packages/airflow/example_dags/example_trigger_target_dag.py
[2023-11-13T19:58:16.071+0000] {logging_mixin.py:154} INFO - [2023-11-13T19:58:16.071+0000] {dag.py:2941} INFO - Sync 1 DAGs
[2023-11-13T19:58:16.082+0000] {logging_mixin.py:154} INFO - [2023-11-13T19:58:16.082+0000] {dag.py:3722} INFO - Setting next_dagrun for example_trigger_target_dag to None, run_after=None
[2023-11-13T19:58:16.094+0000] {processor.py:179} INFO - Processing /home/airflow/.local/lib/python3.8/site-packages/airflow/example_dags/example_trigger_target_dag.py took 0.044 seconds
[2023-11-13T19:58:46.326+0000] {processor.py:157} INFO - Started process (PID=167) to work on /home/airflow/.local/lib/python3.8/site-packages/airflow/example_dags/example_trigger_target_dag.py
[2023-11-13T19:58:46.327+0000] {processor.py:829} INFO - Processing file /home/airflow/.local/lib/python3.8/site-packages/airflow/example_dags/example_trigger_target_dag.py for tasks to queue
[2023-11-13T19:58:46.328+0000] {logging_mixin.py:154} INFO - [2023-11-13T19:58:46.328+0000] {dagbag.py:536} INFO - Filling up the DagBag from /home/airflow/.local/lib/python3.8/site-packages/airflow/example_dags/example_trigger_target_dag.py
[2023-11-13T19:58:46.332+0000] {processor.py:839} INFO - DAG(s) dict_keys(['example_trigger_target_dag']) retrieved from /home/airflow/.local/lib/python3.8/site-packages/airflow/example_dags/example_trigger_target_dag.py
[2023-11-13T19:58:46.342+0000] {logging_mixin.py:154} INFO - [2023-11-13T19:58:46.342+0000] {dag.py:2941} INFO - Sync 1 DAGs
[2023-11-13T19:58:46.348+0000] {logging_mixin.py:154} INFO - [2023-11-13T19:58:46.348+0000] {dag.py:3722} INFO - Setting next_dagrun for example_trigger_target_dag to None, run_after=None
[2023-11-13T19:58:46.355+0000] {processor.py:179} INFO - Processing /home/airflow/.local/lib/python3.8/site-packages/airflow/example_dags/example_trigger_target_dag.py took 0.031 seconds
[2023-11-13T19:59:16.638+0000] {processor.py:157} INFO - Started process (PID=221) to work on /home/airflow/.local/lib/python3.8/site-packages/airflow/example_dags/example_trigger_target_dag.py
[2023-11-13T19:59:16.639+0000] {processor.py:829} INFO - Processing file /home/airflow/.local/lib/python3.8/site-packages/airflow/example_dags/example_trigger_target_dag.py for tasks to queue
[2023-11-13T19:59:16.640+0000] {logging_mixin.py:154} INFO - [2023-11-13T19:59:16.640+0000] {dagbag.py:536} INFO - Filling up the DagBag from /home/airflow/.local/lib/python3.8/site-packages/airflow/example_dags/example_trigger_target_dag.py
[2023-11-13T19:59:16.644+0000] {processor.py:839} INFO - DAG(s) dict_keys(['example_trigger_target_dag']) retrieved from /home/airflow/.local/lib/python3.8/site-packages/airflow/example_dags/example_trigger_target_dag.py
[2023-11-13T19:59:16.655+0000] {logging_mixin.py:154} INFO - [2023-11-13T19:59:16.655+0000] {dag.py:2941} INFO - Sync 1 DAGs
[2023-11-13T19:59:16.662+0000] {logging_mixin.py:154} INFO - [2023-11-13T19:59:16.662+0000] {dag.py:3722} INFO - Setting next_dagrun for example_trigger_target_dag to None, run_after=None
[2023-11-13T19:59:16.671+0000] {processor.py:179} INFO - Processing /home/airflow/.local/lib/python3.8/site-packages/airflow/example_dags/example_trigger_target_dag.py took 0.035 seconds
[2023-11-13T19:59:47.293+0000] {processor.py:157} INFO - Started process (PID=275) to work on /home/airflow/.local/lib/python3.8/site-packages/airflow/example_dags/example_trigger_target_dag.py
[2023-11-13T19:59:47.294+0000] {processor.py:829} INFO - Processing file /home/airflow/.local/lib/python3.8/site-packages/airflow/example_dags/example_trigger_target_dag.py for tasks to queue
[2023-11-13T19:59:47.295+0000] {logging_mixin.py:154} INFO - [2023-11-13T19:59:47.295+0000] {dagbag.py:536} INFO - Filling up the DagBag from /home/airflow/.local/lib/python3.8/site-packages/airflow/example_dags/example_trigger_target_dag.py
[2023-11-13T19:59:47.298+0000] {processor.py:839} INFO - DAG(s) dict_keys(['example_trigger_target_dag']) retrieved from /home/airflow/.local/lib/python3.8/site-packages/airflow/example_dags/example_trigger_target_dag.py
[2023-11-13T19:59:47.310+0000] {logging_mixin.py:154} INFO - [2023-11-13T19:59:47.310+0000] {dag.py:2941} INFO - Sync 1 DAGs
[2023-11-13T19:59:47.316+0000] {logging_mixin.py:154} INFO - [2023-11-13T19:59:47.316+0000] {dag.py:3722} INFO - Setting next_dagrun for example_trigger_target_dag to None, run_after=None
[2023-11-13T19:59:47.326+0000] {processor.py:179} INFO - Processing /home/airflow/.local/lib/python3.8/site-packages/airflow/example_dags/example_trigger_target_dag.py took 0.035 seconds
[2023-11-13T20:00:18.012+0000] {processor.py:157} INFO - Started process (PID=328) to work on /home/airflow/.local/lib/python3.8/site-packages/airflow/example_dags/example_trigger_target_dag.py
[2023-11-13T20:00:18.012+0000] {processor.py:829} INFO - Processing file /home/airflow/.local/lib/python3.8/site-packages/airflow/example_dags/example_trigger_target_dag.py for tasks to queue
[2023-11-13T20:00:18.014+0000] {logging_mixin.py:154} INFO - [2023-11-13T20:00:18.014+0000] {dagbag.py:536} INFO - Filling up the DagBag from /home/airflow/.local/lib/python3.8/site-packages/airflow/example_dags/example_trigger_target_dag.py
[2023-11-13T20:00:18.018+0000] {processor.py:839} INFO - DAG(s) dict_keys(['example_trigger_target_dag']) retrieved from /home/airflow/.local/lib/python3.8/site-packages/airflow/example_dags/example_trigger_target_dag.py
[2023-11-13T20:00:18.030+0000] {logging_mixin.py:154} INFO - [2023-11-13T20:00:18.030+0000] {dag.py:2941} INFO - Sync 1 DAGs
[2023-11-13T20:00:18.038+0000] {logging_mixin.py:154} INFO - [2023-11-13T20:00:18.038+0000] {dag.py:3722} INFO - Setting next_dagrun for example_trigger_target_dag to None, run_after=None
[2023-11-13T20:00:18.048+0000] {processor.py:179} INFO - Processing /home/airflow/.local/lib/python3.8/site-packages/airflow/example_dags/example_trigger_target_dag.py took 0.038 seconds
[2023-11-13T20:00:48.154+0000] {processor.py:157} INFO - Started process (PID=382) to work on /home/airflow/.local/lib/python3.8/site-packages/airflow/example_dags/example_trigger_target_dag.py
[2023-11-13T20:00:48.154+0000] {processor.py:829} INFO - Processing file /home/airflow/.local/lib/python3.8/site-packages/airflow/example_dags/example_trigger_target_dag.py for tasks to queue
[2023-11-13T20:00:48.156+0000] {logging_mixin.py:154} INFO - [2023-11-13T20:00:48.156+0000] {dagbag.py:536} INFO - Filling up the DagBag from /home/airflow/.local/lib/python3.8/site-packages/airflow/example_dags/example_trigger_target_dag.py
[2023-11-13T20:00:48.160+0000] {processor.py:839} INFO - DAG(s) dict_keys(['example_trigger_target_dag']) retrieved from /home/airflow/.local/lib/python3.8/site-packages/airflow/example_dags/example_trigger_target_dag.py
[2023-11-13T20:00:48.171+0000] {logging_mixin.py:154} INFO - [2023-11-13T20:00:48.171+0000] {dag.py:2941} INFO - Sync 1 DAGs
[2023-11-13T20:00:48.180+0000] {logging_mixin.py:154} INFO - [2023-11-13T20:00:48.179+0000] {dag.py:3722} INFO - Setting next_dagrun for example_trigger_target_dag to None, run_after=None
[2023-11-13T20:00:48.194+0000] {processor.py:179} INFO - Processing /home/airflow/.local/lib/python3.8/site-packages/airflow/example_dags/example_trigger_target_dag.py took 0.043 seconds
[2023-11-13T20:01:18.901+0000] {processor.py:157} INFO - Started process (PID=436) to work on /home/airflow/.local/lib/python3.8/site-packages/airflow/example_dags/example_trigger_target_dag.py
[2023-11-13T20:01:18.902+0000] {processor.py:829} INFO - Processing file /home/airflow/.local/lib/python3.8/site-packages/airflow/example_dags/example_trigger_target_dag.py for tasks to queue
[2023-11-13T20:01:18.904+0000] {logging_mixin.py:154} INFO - [2023-11-13T20:01:18.904+0000] {dagbag.py:536} INFO - Filling up the DagBag from /home/airflow/.local/lib/python3.8/site-packages/airflow/example_dags/example_trigger_target_dag.py
[2023-11-13T20:01:18.907+0000] {processor.py:839} INFO - DAG(s) dict_keys(['example_trigger_target_dag']) retrieved from /home/airflow/.local/lib/python3.8/site-packages/airflow/example_dags/example_trigger_target_dag.py
[2023-11-13T20:01:18.918+0000] {logging_mixin.py:154} INFO - [2023-11-13T20:01:18.918+0000] {dag.py:2941} INFO - Sync 1 DAGs
[2023-11-13T20:01:18.925+0000] {logging_mixin.py:154} INFO - [2023-11-13T20:01:18.925+0000] {dag.py:3722} INFO - Setting next_dagrun for example_trigger_target_dag to None, run_after=None
[2023-11-13T20:01:18.934+0000] {processor.py:179} INFO - Processing /home/airflow/.local/lib/python3.8/site-packages/airflow/example_dags/example_trigger_target_dag.py took 0.035 seconds
[2023-11-13T20:01:49.589+0000] {processor.py:157} INFO - Started process (PID=490) to work on /home/airflow/.local/lib/python3.8/site-packages/airflow/example_dags/example_trigger_target_dag.py
[2023-11-13T20:01:49.590+0000] {processor.py:829} INFO - Processing file /home/airflow/.local/lib/python3.8/site-packages/airflow/example_dags/example_trigger_target_dag.py for tasks to queue
[2023-11-13T20:01:49.591+0000] {logging_mixin.py:154} INFO - [2023-11-13T20:01:49.591+0000] {dagbag.py:536} INFO - Filling up the DagBag from /home/airflow/.local/lib/python3.8/site-packages/airflow/example_dags/example_trigger_target_dag.py
[2023-11-13T20:01:49.595+0000] {processor.py:839} INFO - DAG(s) dict_keys(['example_trigger_target_dag']) retrieved from /home/airflow/.local/lib/python3.8/site-packages/airflow/example_dags/example_trigger_target_dag.py
[2023-11-13T20:01:49.606+0000] {logging_mixin.py:154} INFO - [2023-11-13T20:01:49.606+0000] {dag.py:2941} INFO - Sync 1 DAGs
[2023-11-13T20:01:49.613+0000] {logging_mixin.py:154} INFO - [2023-11-13T20:01:49.613+0000] {dag.py:3722} INFO - Setting next_dagrun for example_trigger_target_dag to None, run_after=None
[2023-11-13T20:01:49.622+0000] {processor.py:179} INFO - Processing /home/airflow/.local/lib/python3.8/site-packages/airflow/example_dags/example_trigger_target_dag.py took 0.035 seconds
[2023-11-13T20:02:20.342+0000] {processor.py:157} INFO - Started process (PID=544) to work on /home/airflow/.local/lib/python3.8/site-packages/airflow/example_dags/example_trigger_target_dag.py
[2023-11-13T20:02:20.342+0000] {processor.py:829} INFO - Processing file /home/airflow/.local/lib/python3.8/site-packages/airflow/example_dags/example_trigger_target_dag.py for tasks to queue
[2023-11-13T20:02:20.344+0000] {logging_mixin.py:154} INFO - [2023-11-13T20:02:20.344+0000] {dagbag.py:536} INFO - Filling up the DagBag from /home/airflow/.local/lib/python3.8/site-packages/airflow/example_dags/example_trigger_target_dag.py
[2023-11-13T20:02:20.347+0000] {processor.py:839} INFO - DAG(s) dict_keys(['example_trigger_target_dag']) retrieved from /home/airflow/.local/lib/python3.8/site-packages/airflow/example_dags/example_trigger_target_dag.py
[2023-11-13T20:02:20.358+0000] {logging_mixin.py:154} INFO - [2023-11-13T20:02:20.358+0000] {dag.py:2941} INFO - Sync 1 DAGs
[2023-11-13T20:02:20.364+0000] {logging_mixin.py:154} INFO - [2023-11-13T20:02:20.364+0000] {dag.py:3722} INFO - Setting next_dagrun for example_trigger_target_dag to None, run_after=None
[2023-11-13T20:02:20.372+0000] {processor.py:179} INFO - Processing /home/airflow/.local/lib/python3.8/site-packages/airflow/example_dags/example_trigger_target_dag.py took 0.033 seconds
[2023-11-13T20:02:50.679+0000] {processor.py:157} INFO - Started process (PID=598) to work on /home/airflow/.local/lib/python3.8/site-packages/airflow/example_dags/example_trigger_target_dag.py
[2023-11-13T20:02:50.680+0000] {processor.py:829} INFO - Processing file /home/airflow/.local/lib/python3.8/site-packages/airflow/example_dags/example_trigger_target_dag.py for tasks to queue
[2023-11-13T20:02:50.682+0000] {logging_mixin.py:154} INFO - [2023-11-13T20:02:50.682+0000] {dagbag.py:536} INFO - Filling up the DagBag from /home/airflow/.local/lib/python3.8/site-packages/airflow/example_dags/example_trigger_target_dag.py
[2023-11-13T20:02:50.687+0000] {processor.py:839} INFO - DAG(s) dict_keys(['example_trigger_target_dag']) retrieved from /home/airflow/.local/lib/python3.8/site-packages/airflow/example_dags/example_trigger_target_dag.py
[2023-11-13T20:02:50.699+0000] {logging_mixin.py:154} INFO - [2023-11-13T20:02:50.699+0000] {dag.py:2941} INFO - Sync 1 DAGs
[2023-11-13T20:02:50.707+0000] {logging_mixin.py:154} INFO - [2023-11-13T20:02:50.707+0000] {dag.py:3722} INFO - Setting next_dagrun for example_trigger_target_dag to None, run_after=None
[2023-11-13T20:02:50.718+0000] {processor.py:179} INFO - Processing /home/airflow/.local/lib/python3.8/site-packages/airflow/example_dags/example_trigger_target_dag.py took 0.044 seconds
[2023-11-13T20:03:20.898+0000] {processor.py:157} INFO - Started process (PID=652) to work on /home/airflow/.local/lib/python3.8/site-packages/airflow/example_dags/example_trigger_target_dag.py
[2023-11-13T20:03:20.900+0000] {processor.py:829} INFO - Processing file /home/airflow/.local/lib/python3.8/site-packages/airflow/example_dags/example_trigger_target_dag.py for tasks to queue
[2023-11-13T20:03:20.902+0000] {logging_mixin.py:154} INFO - [2023-11-13T20:03:20.902+0000] {dagbag.py:536} INFO - Filling up the DagBag from /home/airflow/.local/lib/python3.8/site-packages/airflow/example_dags/example_trigger_target_dag.py
[2023-11-13T20:03:20.907+0000] {processor.py:839} INFO - DAG(s) dict_keys(['example_trigger_target_dag']) retrieved from /home/airflow/.local/lib/python3.8/site-packages/airflow/example_dags/example_trigger_target_dag.py
[2023-11-13T20:03:20.921+0000] {logging_mixin.py:154} INFO - [2023-11-13T20:03:20.921+0000] {dag.py:2941} INFO - Sync 1 DAGs
[2023-11-13T20:03:20.929+0000] {logging_mixin.py:154} INFO - [2023-11-13T20:03:20.929+0000] {dag.py:3722} INFO - Setting next_dagrun for example_trigger_target_dag to None, run_after=None
[2023-11-13T20:03:20.939+0000] {processor.py:179} INFO - Processing /home/airflow/.local/lib/python3.8/site-packages/airflow/example_dags/example_trigger_target_dag.py took 0.043 seconds
[2023-11-13T20:03:51.906+0000] {processor.py:157} INFO - Started process (PID=706) to work on /home/airflow/.local/lib/python3.8/site-packages/airflow/example_dags/example_trigger_target_dag.py
[2023-11-13T20:03:51.907+0000] {processor.py:829} INFO - Processing file /home/airflow/.local/lib/python3.8/site-packages/airflow/example_dags/example_trigger_target_dag.py for tasks to queue
[2023-11-13T20:03:51.909+0000] {logging_mixin.py:154} INFO - [2023-11-13T20:03:51.908+0000] {dagbag.py:536} INFO - Filling up the DagBag from /home/airflow/.local/lib/python3.8/site-packages/airflow/example_dags/example_trigger_target_dag.py
[2023-11-13T20:03:51.912+0000] {processor.py:839} INFO - DAG(s) dict_keys(['example_trigger_target_dag']) retrieved from /home/airflow/.local/lib/python3.8/site-packages/airflow/example_dags/example_trigger_target_dag.py
[2023-11-13T20:03:51.922+0000] {logging_mixin.py:154} INFO - [2023-11-13T20:03:51.922+0000] {dag.py:2941} INFO - Sync 1 DAGs
[2023-11-13T20:03:51.928+0000] {logging_mixin.py:154} INFO - [2023-11-13T20:03:51.928+0000] {dag.py:3722} INFO - Setting next_dagrun for example_trigger_target_dag to None, run_after=None
[2023-11-13T20:03:51.937+0000] {processor.py:179} INFO - Processing /home/airflow/.local/lib/python3.8/site-packages/airflow/example_dags/example_trigger_target_dag.py took 0.032 seconds
[2023-11-13T20:04:22.072+0000] {processor.py:157} INFO - Started process (PID=760) to work on /home/airflow/.local/lib/python3.8/site-packages/airflow/example_dags/example_trigger_target_dag.py
[2023-11-13T20:04:22.073+0000] {processor.py:829} INFO - Processing file /home/airflow/.local/lib/python3.8/site-packages/airflow/example_dags/example_trigger_target_dag.py for tasks to queue
[2023-11-13T20:04:22.074+0000] {logging_mixin.py:154} INFO - [2023-11-13T20:04:22.074+0000] {dagbag.py:536} INFO - Filling up the DagBag from /home/airflow/.local/lib/python3.8/site-packages/airflow/example_dags/example_trigger_target_dag.py
[2023-11-13T20:04:22.077+0000] {processor.py:839} INFO - DAG(s) dict_keys(['example_trigger_target_dag']) retrieved from /home/airflow/.local/lib/python3.8/site-packages/airflow/example_dags/example_trigger_target_dag.py
[2023-11-13T20:04:22.088+0000] {logging_mixin.py:154} INFO - [2023-11-13T20:04:22.088+0000] {dag.py:2941} INFO - Sync 1 DAGs
[2023-11-13T20:04:22.094+0000] {logging_mixin.py:154} INFO - [2023-11-13T20:04:22.094+0000] {dag.py:3722} INFO - Setting next_dagrun for example_trigger_target_dag to None, run_after=None
[2023-11-13T20:04:22.103+0000] {processor.py:179} INFO - Processing /home/airflow/.local/lib/python3.8/site-packages/airflow/example_dags/example_trigger_target_dag.py took 0.033 seconds
[2023-11-13T20:04:52.225+0000] {processor.py:157} INFO - Started process (PID=814) to work on /home/airflow/.local/lib/python3.8/site-packages/airflow/example_dags/example_trigger_target_dag.py
[2023-11-13T20:04:52.226+0000] {processor.py:829} INFO - Processing file /home/airflow/.local/lib/python3.8/site-packages/airflow/example_dags/example_trigger_target_dag.py for tasks to queue
[2023-11-13T20:04:52.227+0000] {logging_mixin.py:154} INFO - [2023-11-13T20:04:52.227+0000] {dagbag.py:536} INFO - Filling up the DagBag from /home/airflow/.local/lib/python3.8/site-packages/airflow/example_dags/example_trigger_target_dag.py
[2023-11-13T20:04:52.230+0000] {processor.py:839} INFO - DAG(s) dict_keys(['example_trigger_target_dag']) retrieved from /home/airflow/.local/lib/python3.8/site-packages/airflow/example_dags/example_trigger_target_dag.py
[2023-11-13T20:04:52.241+0000] {logging_mixin.py:154} INFO - [2023-11-13T20:04:52.241+0000] {dag.py:2941} INFO - Sync 1 DAGs
[2023-11-13T20:04:52.246+0000] {logging_mixin.py:154} INFO - [2023-11-13T20:04:52.246+0000] {dag.py:3722} INFO - Setting next_dagrun for example_trigger_target_dag to None, run_after=None
[2023-11-13T20:04:52.255+0000] {processor.py:179} INFO - Processing /home/airflow/.local/lib/python3.8/site-packages/airflow/example_dags/example_trigger_target_dag.py took 0.032 seconds
