[2023-11-13T18:39:11.207+0000] {processor.py:157} INFO - Started process (PID=65) to work on /home/airflow/.local/lib/python3.8/site-packages/airflow/example_dags/example_task_group_decorator.py
[2023-11-13T18:39:11.209+0000] {processor.py:829} INFO - Processing file /home/airflow/.local/lib/python3.8/site-packages/airflow/example_dags/example_task_group_decorator.py for tasks to queue
[2023-11-13T18:39:11.211+0000] {logging_mixin.py:154} INFO - [2023-11-13T18:39:11.211+0000] {dagbag.py:536} INFO - Filling up the DagBag from /home/airflow/.local/lib/python3.8/site-packages/airflow/example_dags/example_task_group_decorator.py
[2023-11-13T18:39:11.225+0000] {processor.py:839} INFO - DAG(s) dict_keys(['example_task_group_decorator']) retrieved from /home/airflow/.local/lib/python3.8/site-packages/airflow/example_dags/example_task_group_decorator.py
[2023-11-13T18:39:11.313+0000] {logging_mixin.py:154} INFO - [2023-11-13T18:39:11.312+0000] {manager.py:499} INFO - Created Permission View: %s
[2023-11-13T18:39:11.325+0000] {logging_mixin.py:154} INFO - [2023-11-13T18:39:11.325+0000] {manager.py:499} INFO - Created Permission View: %s
[2023-11-13T18:39:11.331+0000] {logging_mixin.py:154} INFO - [2023-11-13T18:39:11.331+0000] {manager.py:499} INFO - Created Permission View: %s
[2023-11-13T18:39:11.332+0000] {logging_mixin.py:154} INFO - [2023-11-13T18:39:11.332+0000] {dag.py:2941} INFO - Sync 1 DAGs
[2023-11-13T18:39:11.343+0000] {logging_mixin.py:154} INFO - [2023-11-13T18:39:11.342+0000] {dag.py:2963} INFO - Creating ORM DAG for example_task_group_decorator
[2023-11-13T18:39:11.350+0000] {logging_mixin.py:154} INFO - [2023-11-13T18:39:11.350+0000] {dag.py:3722} INFO - Setting next_dagrun for example_task_group_decorator to 2023-11-12T18:39:11.350109+00:00, run_after=2023-11-13T18:39:11.350109+00:00
[2023-11-13T18:39:11.360+0000] {processor.py:179} INFO - Processing /home/airflow/.local/lib/python3.8/site-packages/airflow/example_dags/example_task_group_decorator.py took 0.160 seconds
[2023-11-13T18:39:43.811+0000] {processor.py:157} INFO - Started process (PID=119) to work on /home/airflow/.local/lib/python3.8/site-packages/airflow/example_dags/example_task_group_decorator.py
[2023-11-13T18:39:43.814+0000] {processor.py:829} INFO - Processing file /home/airflow/.local/lib/python3.8/site-packages/airflow/example_dags/example_task_group_decorator.py for tasks to queue
[2023-11-13T18:39:43.821+0000] {logging_mixin.py:154} INFO - [2023-11-13T18:39:43.821+0000] {dagbag.py:536} INFO - Filling up the DagBag from /home/airflow/.local/lib/python3.8/site-packages/airflow/example_dags/example_task_group_decorator.py
[2023-11-13T18:39:43.845+0000] {processor.py:839} INFO - DAG(s) dict_keys(['example_task_group_decorator']) retrieved from /home/airflow/.local/lib/python3.8/site-packages/airflow/example_dags/example_task_group_decorator.py
[2023-11-13T18:39:43.884+0000] {logging_mixin.py:154} INFO - [2023-11-13T18:39:43.883+0000] {dag.py:2941} INFO - Sync 1 DAGs
[2023-11-13T18:39:43.897+0000] {logging_mixin.py:154} INFO - [2023-11-13T18:39:43.897+0000] {dag.py:3722} INFO - Setting next_dagrun for example_task_group_decorator to 2023-11-12T18:39:43.897601+00:00, run_after=2023-11-13T18:39:43.897601+00:00
[2023-11-13T18:39:43.918+0000] {processor.py:179} INFO - Processing /home/airflow/.local/lib/python3.8/site-packages/airflow/example_dags/example_task_group_decorator.py took 0.112 seconds
[2023-11-13T18:40:16.804+0000] {processor.py:157} INFO - Started process (PID=173) to work on /home/airflow/.local/lib/python3.8/site-packages/airflow/example_dags/example_task_group_decorator.py
[2023-11-13T18:40:16.806+0000] {processor.py:829} INFO - Processing file /home/airflow/.local/lib/python3.8/site-packages/airflow/example_dags/example_task_group_decorator.py for tasks to queue
[2023-11-13T18:40:16.809+0000] {logging_mixin.py:154} INFO - [2023-11-13T18:40:16.809+0000] {dagbag.py:536} INFO - Filling up the DagBag from /home/airflow/.local/lib/python3.8/site-packages/airflow/example_dags/example_task_group_decorator.py
[2023-11-13T18:40:16.824+0000] {processor.py:839} INFO - DAG(s) dict_keys(['example_task_group_decorator']) retrieved from /home/airflow/.local/lib/python3.8/site-packages/airflow/example_dags/example_task_group_decorator.py
[2023-11-13T18:40:16.864+0000] {logging_mixin.py:154} INFO - [2023-11-13T18:40:16.864+0000] {dag.py:2941} INFO - Sync 1 DAGs
[2023-11-13T18:40:16.900+0000] {logging_mixin.py:154} INFO - [2023-11-13T18:40:16.900+0000] {dag.py:3722} INFO - Setting next_dagrun for example_task_group_decorator to 2023-11-12T18:40:16.899325+00:00, run_after=2023-11-13T18:40:16.899325+00:00
[2023-11-13T18:40:16.936+0000] {processor.py:179} INFO - Processing /home/airflow/.local/lib/python3.8/site-packages/airflow/example_dags/example_task_group_decorator.py took 0.136 seconds
[2023-11-13T18:40:47.148+0000] {processor.py:157} INFO - Started process (PID=227) to work on /home/airflow/.local/lib/python3.8/site-packages/airflow/example_dags/example_task_group_decorator.py
[2023-11-13T18:40:47.149+0000] {processor.py:829} INFO - Processing file /home/airflow/.local/lib/python3.8/site-packages/airflow/example_dags/example_task_group_decorator.py for tasks to queue
[2023-11-13T18:40:47.150+0000] {logging_mixin.py:154} INFO - [2023-11-13T18:40:47.150+0000] {dagbag.py:536} INFO - Filling up the DagBag from /home/airflow/.local/lib/python3.8/site-packages/airflow/example_dags/example_task_group_decorator.py
[2023-11-13T18:40:47.158+0000] {processor.py:839} INFO - DAG(s) dict_keys(['example_task_group_decorator']) retrieved from /home/airflow/.local/lib/python3.8/site-packages/airflow/example_dags/example_task_group_decorator.py
[2023-11-13T18:40:47.172+0000] {logging_mixin.py:154} INFO - [2023-11-13T18:40:47.172+0000] {dag.py:2941} INFO - Sync 1 DAGs
[2023-11-13T18:40:47.183+0000] {logging_mixin.py:154} INFO - [2023-11-13T18:40:47.183+0000] {dag.py:3722} INFO - Setting next_dagrun for example_task_group_decorator to 2023-11-12T18:40:47.183455+00:00, run_after=2023-11-13T18:40:47.183455+00:00
[2023-11-13T18:40:47.192+0000] {processor.py:179} INFO - Processing /home/airflow/.local/lib/python3.8/site-packages/airflow/example_dags/example_task_group_decorator.py took 0.046 seconds
[2023-11-13T18:41:17.313+0000] {processor.py:157} INFO - Started process (PID=281) to work on /home/airflow/.local/lib/python3.8/site-packages/airflow/example_dags/example_task_group_decorator.py
[2023-11-13T18:41:17.314+0000] {processor.py:829} INFO - Processing file /home/airflow/.local/lib/python3.8/site-packages/airflow/example_dags/example_task_group_decorator.py for tasks to queue
[2023-11-13T18:41:17.316+0000] {logging_mixin.py:154} INFO - [2023-11-13T18:41:17.316+0000] {dagbag.py:536} INFO - Filling up the DagBag from /home/airflow/.local/lib/python3.8/site-packages/airflow/example_dags/example_task_group_decorator.py
[2023-11-13T18:41:17.324+0000] {processor.py:839} INFO - DAG(s) dict_keys(['example_task_group_decorator']) retrieved from /home/airflow/.local/lib/python3.8/site-packages/airflow/example_dags/example_task_group_decorator.py
[2023-11-13T18:41:17.340+0000] {logging_mixin.py:154} INFO - [2023-11-13T18:41:17.340+0000] {dag.py:2941} INFO - Sync 1 DAGs
[2023-11-13T18:41:17.353+0000] {logging_mixin.py:154} INFO - [2023-11-13T18:41:17.353+0000] {dag.py:3722} INFO - Setting next_dagrun for example_task_group_decorator to 2023-11-12T18:41:17.352943+00:00, run_after=2023-11-13T18:41:17.352943+00:00
[2023-11-13T18:41:17.366+0000] {processor.py:179} INFO - Processing /home/airflow/.local/lib/python3.8/site-packages/airflow/example_dags/example_task_group_decorator.py took 0.055 seconds
[2023-11-13T18:41:48.217+0000] {processor.py:157} INFO - Started process (PID=334) to work on /home/airflow/.local/lib/python3.8/site-packages/airflow/example_dags/example_task_group_decorator.py
[2023-11-13T18:41:48.217+0000] {processor.py:829} INFO - Processing file /home/airflow/.local/lib/python3.8/site-packages/airflow/example_dags/example_task_group_decorator.py for tasks to queue
[2023-11-13T18:41:48.219+0000] {logging_mixin.py:154} INFO - [2023-11-13T18:41:48.219+0000] {dagbag.py:536} INFO - Filling up the DagBag from /home/airflow/.local/lib/python3.8/site-packages/airflow/example_dags/example_task_group_decorator.py
[2023-11-13T18:41:48.227+0000] {processor.py:839} INFO - DAG(s) dict_keys(['example_task_group_decorator']) retrieved from /home/airflow/.local/lib/python3.8/site-packages/airflow/example_dags/example_task_group_decorator.py
[2023-11-13T18:41:48.241+0000] {logging_mixin.py:154} INFO - [2023-11-13T18:41:48.240+0000] {dag.py:2941} INFO - Sync 1 DAGs
[2023-11-13T18:41:48.251+0000] {logging_mixin.py:154} INFO - [2023-11-13T18:41:48.251+0000] {dag.py:3722} INFO - Setting next_dagrun for example_task_group_decorator to 2023-11-12T18:41:48.251564+00:00, run_after=2023-11-13T18:41:48.251564+00:00
[2023-11-13T18:41:48.261+0000] {processor.py:179} INFO - Processing /home/airflow/.local/lib/python3.8/site-packages/airflow/example_dags/example_task_group_decorator.py took 0.046 seconds
[2023-11-13T18:42:18.790+0000] {processor.py:157} INFO - Started process (PID=388) to work on /home/airflow/.local/lib/python3.8/site-packages/airflow/example_dags/example_task_group_decorator.py
[2023-11-13T18:42:18.791+0000] {processor.py:829} INFO - Processing file /home/airflow/.local/lib/python3.8/site-packages/airflow/example_dags/example_task_group_decorator.py for tasks to queue
[2023-11-13T18:42:18.792+0000] {logging_mixin.py:154} INFO - [2023-11-13T18:42:18.792+0000] {dagbag.py:536} INFO - Filling up the DagBag from /home/airflow/.local/lib/python3.8/site-packages/airflow/example_dags/example_task_group_decorator.py
[2023-11-13T18:42:18.801+0000] {processor.py:839} INFO - DAG(s) dict_keys(['example_task_group_decorator']) retrieved from /home/airflow/.local/lib/python3.8/site-packages/airflow/example_dags/example_task_group_decorator.py
[2023-11-13T18:42:18.816+0000] {logging_mixin.py:154} INFO - [2023-11-13T18:42:18.816+0000] {dag.py:2941} INFO - Sync 1 DAGs
[2023-11-13T18:42:18.828+0000] {logging_mixin.py:154} INFO - [2023-11-13T18:42:18.828+0000] {dag.py:3722} INFO - Setting next_dagrun for example_task_group_decorator to 2023-11-12T18:42:18.828490+00:00, run_after=2023-11-13T18:42:18.828490+00:00
[2023-11-13T18:42:18.839+0000] {processor.py:179} INFO - Processing /home/airflow/.local/lib/python3.8/site-packages/airflow/example_dags/example_task_group_decorator.py took 0.051 seconds
[2023-11-13T18:42:48.997+0000] {processor.py:157} INFO - Started process (PID=442) to work on /home/airflow/.local/lib/python3.8/site-packages/airflow/example_dags/example_task_group_decorator.py
[2023-11-13T18:42:48.999+0000] {processor.py:829} INFO - Processing file /home/airflow/.local/lib/python3.8/site-packages/airflow/example_dags/example_task_group_decorator.py for tasks to queue
[2023-11-13T18:42:49.001+0000] {logging_mixin.py:154} INFO - [2023-11-13T18:42:49.000+0000] {dagbag.py:536} INFO - Filling up the DagBag from /home/airflow/.local/lib/python3.8/site-packages/airflow/example_dags/example_task_group_decorator.py
[2023-11-13T18:42:49.009+0000] {processor.py:839} INFO - DAG(s) dict_keys(['example_task_group_decorator']) retrieved from /home/airflow/.local/lib/python3.8/site-packages/airflow/example_dags/example_task_group_decorator.py
[2023-11-13T18:42:49.025+0000] {logging_mixin.py:154} INFO - [2023-11-13T18:42:49.025+0000] {dag.py:2941} INFO - Sync 1 DAGs
[2023-11-13T18:42:49.038+0000] {logging_mixin.py:154} INFO - [2023-11-13T18:42:49.038+0000] {dag.py:3722} INFO - Setting next_dagrun for example_task_group_decorator to 2023-11-12T18:42:49.038196+00:00, run_after=2023-11-13T18:42:49.038196+00:00
[2023-11-13T18:42:49.049+0000] {processor.py:179} INFO - Processing /home/airflow/.local/lib/python3.8/site-packages/airflow/example_dags/example_task_group_decorator.py took 0.054 seconds
[2023-11-13T19:57:45.903+0000] {processor.py:157} INFO - Started process (PID=65) to work on /home/airflow/.local/lib/python3.8/site-packages/airflow/example_dags/example_task_group_decorator.py
[2023-11-13T19:57:45.904+0000] {processor.py:829} INFO - Processing file /home/airflow/.local/lib/python3.8/site-packages/airflow/example_dags/example_task_group_decorator.py for tasks to queue
[2023-11-13T19:57:45.906+0000] {logging_mixin.py:154} INFO - [2023-11-13T19:57:45.905+0000] {dagbag.py:536} INFO - Filling up the DagBag from /home/airflow/.local/lib/python3.8/site-packages/airflow/example_dags/example_task_group_decorator.py
[2023-11-13T19:57:45.916+0000] {processor.py:839} INFO - DAG(s) dict_keys(['example_task_group_decorator']) retrieved from /home/airflow/.local/lib/python3.8/site-packages/airflow/example_dags/example_task_group_decorator.py
[2023-11-13T19:57:45.931+0000] {logging_mixin.py:154} INFO - [2023-11-13T19:57:45.931+0000] {dag.py:2941} INFO - Sync 1 DAGs
[2023-11-13T19:57:45.943+0000] {logging_mixin.py:154} INFO - [2023-11-13T19:57:45.943+0000] {dag.py:3722} INFO - Setting next_dagrun for example_task_group_decorator to 2023-11-12T19:57:45.943442+00:00, run_after=2023-11-13T19:57:45.943442+00:00
[2023-11-13T19:57:45.957+0000] {processor.py:179} INFO - Processing /home/airflow/.local/lib/python3.8/site-packages/airflow/example_dags/example_task_group_decorator.py took 0.057 seconds
[2023-11-13T19:58:16.222+0000] {processor.py:157} INFO - Started process (PID=119) to work on /home/airflow/.local/lib/python3.8/site-packages/airflow/example_dags/example_task_group_decorator.py
[2023-11-13T19:58:16.223+0000] {processor.py:829} INFO - Processing file /home/airflow/.local/lib/python3.8/site-packages/airflow/example_dags/example_task_group_decorator.py for tasks to queue
[2023-11-13T19:58:16.225+0000] {logging_mixin.py:154} INFO - [2023-11-13T19:58:16.224+0000] {dagbag.py:536} INFO - Filling up the DagBag from /home/airflow/.local/lib/python3.8/site-packages/airflow/example_dags/example_task_group_decorator.py
[2023-11-13T19:58:16.233+0000] {processor.py:839} INFO - DAG(s) dict_keys(['example_task_group_decorator']) retrieved from /home/airflow/.local/lib/python3.8/site-packages/airflow/example_dags/example_task_group_decorator.py
[2023-11-13T19:58:16.246+0000] {logging_mixin.py:154} INFO - [2023-11-13T19:58:16.246+0000] {dag.py:2941} INFO - Sync 1 DAGs
[2023-11-13T19:58:16.258+0000] {logging_mixin.py:154} INFO - [2023-11-13T19:58:16.258+0000] {dag.py:3722} INFO - Setting next_dagrun for example_task_group_decorator to 2023-11-12T19:58:16.258644+00:00, run_after=2023-11-13T19:58:16.258644+00:00
[2023-11-13T19:58:16.270+0000] {processor.py:179} INFO - Processing /home/airflow/.local/lib/python3.8/site-packages/airflow/example_dags/example_task_group_decorator.py took 0.050 seconds
[2023-11-13T19:58:46.583+0000] {processor.py:157} INFO - Started process (PID=173) to work on /home/airflow/.local/lib/python3.8/site-packages/airflow/example_dags/example_task_group_decorator.py
[2023-11-13T19:58:46.584+0000] {processor.py:829} INFO - Processing file /home/airflow/.local/lib/python3.8/site-packages/airflow/example_dags/example_task_group_decorator.py for tasks to queue
[2023-11-13T19:58:46.586+0000] {logging_mixin.py:154} INFO - [2023-11-13T19:58:46.585+0000] {dagbag.py:536} INFO - Filling up the DagBag from /home/airflow/.local/lib/python3.8/site-packages/airflow/example_dags/example_task_group_decorator.py
[2023-11-13T19:58:46.595+0000] {processor.py:839} INFO - DAG(s) dict_keys(['example_task_group_decorator']) retrieved from /home/airflow/.local/lib/python3.8/site-packages/airflow/example_dags/example_task_group_decorator.py
[2023-11-13T19:58:46.610+0000] {logging_mixin.py:154} INFO - [2023-11-13T19:58:46.610+0000] {dag.py:2941} INFO - Sync 1 DAGs
[2023-11-13T19:58:46.631+0000] {logging_mixin.py:154} INFO - [2023-11-13T19:58:46.630+0000] {dag.py:3722} INFO - Setting next_dagrun for example_task_group_decorator to 2023-11-12T19:58:46.630788+00:00, run_after=2023-11-13T19:58:46.630788+00:00
[2023-11-13T19:58:46.649+0000] {processor.py:179} INFO - Processing /home/airflow/.local/lib/python3.8/site-packages/airflow/example_dags/example_task_group_decorator.py took 0.069 seconds
[2023-11-13T19:59:16.796+0000] {processor.py:157} INFO - Started process (PID=227) to work on /home/airflow/.local/lib/python3.8/site-packages/airflow/example_dags/example_task_group_decorator.py
[2023-11-13T19:59:16.796+0000] {processor.py:829} INFO - Processing file /home/airflow/.local/lib/python3.8/site-packages/airflow/example_dags/example_task_group_decorator.py for tasks to queue
[2023-11-13T19:59:16.798+0000] {logging_mixin.py:154} INFO - [2023-11-13T19:59:16.798+0000] {dagbag.py:536} INFO - Filling up the DagBag from /home/airflow/.local/lib/python3.8/site-packages/airflow/example_dags/example_task_group_decorator.py
[2023-11-13T19:59:16.806+0000] {processor.py:839} INFO - DAG(s) dict_keys(['example_task_group_decorator']) retrieved from /home/airflow/.local/lib/python3.8/site-packages/airflow/example_dags/example_task_group_decorator.py
[2023-11-13T19:59:16.820+0000] {logging_mixin.py:154} INFO - [2023-11-13T19:59:16.819+0000] {dag.py:2941} INFO - Sync 1 DAGs
[2023-11-13T19:59:16.832+0000] {logging_mixin.py:154} INFO - [2023-11-13T19:59:16.832+0000] {dag.py:3722} INFO - Setting next_dagrun for example_task_group_decorator to 2023-11-12T19:59:16.831896+00:00, run_after=2023-11-13T19:59:16.831896+00:00
[2023-11-13T19:59:16.841+0000] {processor.py:179} INFO - Processing /home/airflow/.local/lib/python3.8/site-packages/airflow/example_dags/example_task_group_decorator.py took 0.047 seconds
[2023-11-13T19:59:47.439+0000] {processor.py:157} INFO - Started process (PID=281) to work on /home/airflow/.local/lib/python3.8/site-packages/airflow/example_dags/example_task_group_decorator.py
[2023-11-13T19:59:47.440+0000] {processor.py:829} INFO - Processing file /home/airflow/.local/lib/python3.8/site-packages/airflow/example_dags/example_task_group_decorator.py for tasks to queue
[2023-11-13T19:59:47.442+0000] {logging_mixin.py:154} INFO - [2023-11-13T19:59:47.441+0000] {dagbag.py:536} INFO - Filling up the DagBag from /home/airflow/.local/lib/python3.8/site-packages/airflow/example_dags/example_task_group_decorator.py
[2023-11-13T19:59:47.449+0000] {processor.py:839} INFO - DAG(s) dict_keys(['example_task_group_decorator']) retrieved from /home/airflow/.local/lib/python3.8/site-packages/airflow/example_dags/example_task_group_decorator.py
[2023-11-13T19:59:47.462+0000] {logging_mixin.py:154} INFO - [2023-11-13T19:59:47.462+0000] {dag.py:2941} INFO - Sync 1 DAGs
[2023-11-13T19:59:47.474+0000] {logging_mixin.py:154} INFO - [2023-11-13T19:59:47.474+0000] {dag.py:3722} INFO - Setting next_dagrun for example_task_group_decorator to 2023-11-12T19:59:47.473889+00:00, run_after=2023-11-13T19:59:47.473889+00:00
[2023-11-13T19:59:47.483+0000] {processor.py:179} INFO - Processing /home/airflow/.local/lib/python3.8/site-packages/airflow/example_dags/example_task_group_decorator.py took 0.045 seconds
[2023-11-13T20:00:18.175+0000] {processor.py:157} INFO - Started process (PID=334) to work on /home/airflow/.local/lib/python3.8/site-packages/airflow/example_dags/example_task_group_decorator.py
[2023-11-13T20:00:18.176+0000] {processor.py:829} INFO - Processing file /home/airflow/.local/lib/python3.8/site-packages/airflow/example_dags/example_task_group_decorator.py for tasks to queue
[2023-11-13T20:00:18.178+0000] {logging_mixin.py:154} INFO - [2023-11-13T20:00:18.178+0000] {dagbag.py:536} INFO - Filling up the DagBag from /home/airflow/.local/lib/python3.8/site-packages/airflow/example_dags/example_task_group_decorator.py
[2023-11-13T20:00:18.185+0000] {processor.py:839} INFO - DAG(s) dict_keys(['example_task_group_decorator']) retrieved from /home/airflow/.local/lib/python3.8/site-packages/airflow/example_dags/example_task_group_decorator.py
[2023-11-13T20:00:18.199+0000] {logging_mixin.py:154} INFO - [2023-11-13T20:00:18.199+0000] {dag.py:2941} INFO - Sync 1 DAGs
[2023-11-13T20:00:18.214+0000] {logging_mixin.py:154} INFO - [2023-11-13T20:00:18.214+0000] {dag.py:3722} INFO - Setting next_dagrun for example_task_group_decorator to 2023-11-12T20:00:18.214235+00:00, run_after=2023-11-13T20:00:18.214235+00:00
[2023-11-13T20:00:18.229+0000] {processor.py:179} INFO - Processing /home/airflow/.local/lib/python3.8/site-packages/airflow/example_dags/example_task_group_decorator.py took 0.056 seconds
[2023-11-13T20:00:48.333+0000] {processor.py:157} INFO - Started process (PID=388) to work on /home/airflow/.local/lib/python3.8/site-packages/airflow/example_dags/example_task_group_decorator.py
[2023-11-13T20:00:48.334+0000] {processor.py:829} INFO - Processing file /home/airflow/.local/lib/python3.8/site-packages/airflow/example_dags/example_task_group_decorator.py for tasks to queue
[2023-11-13T20:00:48.337+0000] {logging_mixin.py:154} INFO - [2023-11-13T20:00:48.337+0000] {dagbag.py:536} INFO - Filling up the DagBag from /home/airflow/.local/lib/python3.8/site-packages/airflow/example_dags/example_task_group_decorator.py
[2023-11-13T20:00:48.347+0000] {processor.py:839} INFO - DAG(s) dict_keys(['example_task_group_decorator']) retrieved from /home/airflow/.local/lib/python3.8/site-packages/airflow/example_dags/example_task_group_decorator.py
[2023-11-13T20:00:48.362+0000] {logging_mixin.py:154} INFO - [2023-11-13T20:00:48.361+0000] {dag.py:2941} INFO - Sync 1 DAGs
[2023-11-13T20:00:48.374+0000] {logging_mixin.py:154} INFO - [2023-11-13T20:00:48.374+0000] {dag.py:3722} INFO - Setting next_dagrun for example_task_group_decorator to 2023-11-12T20:00:48.374399+00:00, run_after=2023-11-13T20:00:48.374399+00:00
[2023-11-13T20:00:48.385+0000] {processor.py:179} INFO - Processing /home/airflow/.local/lib/python3.8/site-packages/airflow/example_dags/example_task_group_decorator.py took 0.054 seconds
[2023-11-13T20:01:19.060+0000] {processor.py:157} INFO - Started process (PID=442) to work on /home/airflow/.local/lib/python3.8/site-packages/airflow/example_dags/example_task_group_decorator.py
[2023-11-13T20:01:19.061+0000] {processor.py:829} INFO - Processing file /home/airflow/.local/lib/python3.8/site-packages/airflow/example_dags/example_task_group_decorator.py for tasks to queue
[2023-11-13T20:01:19.062+0000] {logging_mixin.py:154} INFO - [2023-11-13T20:01:19.062+0000] {dagbag.py:536} INFO - Filling up the DagBag from /home/airflow/.local/lib/python3.8/site-packages/airflow/example_dags/example_task_group_decorator.py
[2023-11-13T20:01:19.069+0000] {processor.py:839} INFO - DAG(s) dict_keys(['example_task_group_decorator']) retrieved from /home/airflow/.local/lib/python3.8/site-packages/airflow/example_dags/example_task_group_decorator.py
[2023-11-13T20:01:19.082+0000] {logging_mixin.py:154} INFO - [2023-11-13T20:01:19.082+0000] {dag.py:2941} INFO - Sync 1 DAGs
[2023-11-13T20:01:19.093+0000] {logging_mixin.py:154} INFO - [2023-11-13T20:01:19.093+0000] {dag.py:3722} INFO - Setting next_dagrun for example_task_group_decorator to 2023-11-12T20:01:19.093230+00:00, run_after=2023-11-13T20:01:19.093230+00:00
[2023-11-13T20:01:19.103+0000] {processor.py:179} INFO - Processing /home/airflow/.local/lib/python3.8/site-packages/airflow/example_dags/example_task_group_decorator.py took 0.045 seconds
[2023-11-13T20:01:49.740+0000] {processor.py:157} INFO - Started process (PID=496) to work on /home/airflow/.local/lib/python3.8/site-packages/airflow/example_dags/example_task_group_decorator.py
[2023-11-13T20:01:49.741+0000] {processor.py:829} INFO - Processing file /home/airflow/.local/lib/python3.8/site-packages/airflow/example_dags/example_task_group_decorator.py for tasks to queue
[2023-11-13T20:01:49.742+0000] {logging_mixin.py:154} INFO - [2023-11-13T20:01:49.742+0000] {dagbag.py:536} INFO - Filling up the DagBag from /home/airflow/.local/lib/python3.8/site-packages/airflow/example_dags/example_task_group_decorator.py
[2023-11-13T20:01:49.749+0000] {processor.py:839} INFO - DAG(s) dict_keys(['example_task_group_decorator']) retrieved from /home/airflow/.local/lib/python3.8/site-packages/airflow/example_dags/example_task_group_decorator.py
[2023-11-13T20:01:49.762+0000] {logging_mixin.py:154} INFO - [2023-11-13T20:01:49.762+0000] {dag.py:2941} INFO - Sync 1 DAGs
[2023-11-13T20:01:49.774+0000] {logging_mixin.py:154} INFO - [2023-11-13T20:01:49.774+0000] {dag.py:3722} INFO - Setting next_dagrun for example_task_group_decorator to 2023-11-12T20:01:49.773892+00:00, run_after=2023-11-13T20:01:49.773892+00:00
[2023-11-13T20:01:49.782+0000] {processor.py:179} INFO - Processing /home/airflow/.local/lib/python3.8/site-packages/airflow/example_dags/example_task_group_decorator.py took 0.044 seconds
[2023-11-13T20:02:20.524+0000] {processor.py:157} INFO - Started process (PID=550) to work on /home/airflow/.local/lib/python3.8/site-packages/airflow/example_dags/example_task_group_decorator.py
[2023-11-13T20:02:20.525+0000] {processor.py:829} INFO - Processing file /home/airflow/.local/lib/python3.8/site-packages/airflow/example_dags/example_task_group_decorator.py for tasks to queue
[2023-11-13T20:02:20.526+0000] {logging_mixin.py:154} INFO - [2023-11-13T20:02:20.526+0000] {dagbag.py:536} INFO - Filling up the DagBag from /home/airflow/.local/lib/python3.8/site-packages/airflow/example_dags/example_task_group_decorator.py
[2023-11-13T20:02:20.533+0000] {processor.py:839} INFO - DAG(s) dict_keys(['example_task_group_decorator']) retrieved from /home/airflow/.local/lib/python3.8/site-packages/airflow/example_dags/example_task_group_decorator.py
[2023-11-13T20:02:20.546+0000] {logging_mixin.py:154} INFO - [2023-11-13T20:02:20.546+0000] {dag.py:2941} INFO - Sync 1 DAGs
[2023-11-13T20:02:20.557+0000] {logging_mixin.py:154} INFO - [2023-11-13T20:02:20.557+0000] {dag.py:3722} INFO - Setting next_dagrun for example_task_group_decorator to 2023-11-12T20:02:20.557318+00:00, run_after=2023-11-13T20:02:20.557318+00:00
[2023-11-13T20:02:20.565+0000] {processor.py:179} INFO - Processing /home/airflow/.local/lib/python3.8/site-packages/airflow/example_dags/example_task_group_decorator.py took 0.043 seconds
[2023-11-13T20:02:50.890+0000] {processor.py:157} INFO - Started process (PID=604) to work on /home/airflow/.local/lib/python3.8/site-packages/airflow/example_dags/example_task_group_decorator.py
[2023-11-13T20:02:50.890+0000] {processor.py:829} INFO - Processing file /home/airflow/.local/lib/python3.8/site-packages/airflow/example_dags/example_task_group_decorator.py for tasks to queue
[2023-11-13T20:02:50.892+0000] {logging_mixin.py:154} INFO - [2023-11-13T20:02:50.892+0000] {dagbag.py:536} INFO - Filling up the DagBag from /home/airflow/.local/lib/python3.8/site-packages/airflow/example_dags/example_task_group_decorator.py
[2023-11-13T20:02:50.899+0000] {processor.py:839} INFO - DAG(s) dict_keys(['example_task_group_decorator']) retrieved from /home/airflow/.local/lib/python3.8/site-packages/airflow/example_dags/example_task_group_decorator.py
[2023-11-13T20:02:50.914+0000] {logging_mixin.py:154} INFO - [2023-11-13T20:02:50.914+0000] {dag.py:2941} INFO - Sync 1 DAGs
[2023-11-13T20:02:50.930+0000] {logging_mixin.py:154} INFO - [2023-11-13T20:02:50.930+0000] {dag.py:3722} INFO - Setting next_dagrun for example_task_group_decorator to 2023-11-12T20:02:50.929870+00:00, run_after=2023-11-13T20:02:50.929870+00:00
[2023-11-13T20:02:50.948+0000] {processor.py:179} INFO - Processing /home/airflow/.local/lib/python3.8/site-packages/airflow/example_dags/example_task_group_decorator.py took 0.060 seconds
[2023-11-13T20:03:21.062+0000] {processor.py:157} INFO - Started process (PID=658) to work on /home/airflow/.local/lib/python3.8/site-packages/airflow/example_dags/example_task_group_decorator.py
[2023-11-13T20:03:21.063+0000] {processor.py:829} INFO - Processing file /home/airflow/.local/lib/python3.8/site-packages/airflow/example_dags/example_task_group_decorator.py for tasks to queue
[2023-11-13T20:03:21.064+0000] {logging_mixin.py:154} INFO - [2023-11-13T20:03:21.064+0000] {dagbag.py:536} INFO - Filling up the DagBag from /home/airflow/.local/lib/python3.8/site-packages/airflow/example_dags/example_task_group_decorator.py
[2023-11-13T20:03:21.072+0000] {processor.py:839} INFO - DAG(s) dict_keys(['example_task_group_decorator']) retrieved from /home/airflow/.local/lib/python3.8/site-packages/airflow/example_dags/example_task_group_decorator.py
[2023-11-13T20:03:21.085+0000] {logging_mixin.py:154} INFO - [2023-11-13T20:03:21.085+0000] {dag.py:2941} INFO - Sync 1 DAGs
[2023-11-13T20:03:21.097+0000] {logging_mixin.py:154} INFO - [2023-11-13T20:03:21.097+0000] {dag.py:3722} INFO - Setting next_dagrun for example_task_group_decorator to 2023-11-12T20:03:21.097544+00:00, run_after=2023-11-13T20:03:21.097544+00:00
[2023-11-13T20:03:21.107+0000] {processor.py:179} INFO - Processing /home/airflow/.local/lib/python3.8/site-packages/airflow/example_dags/example_task_group_decorator.py took 0.048 seconds
[2023-11-13T20:03:52.114+0000] {processor.py:157} INFO - Started process (PID=712) to work on /home/airflow/.local/lib/python3.8/site-packages/airflow/example_dags/example_task_group_decorator.py
[2023-11-13T20:03:52.115+0000] {processor.py:829} INFO - Processing file /home/airflow/.local/lib/python3.8/site-packages/airflow/example_dags/example_task_group_decorator.py for tasks to queue
[2023-11-13T20:03:52.117+0000] {logging_mixin.py:154} INFO - [2023-11-13T20:03:52.116+0000] {dagbag.py:536} INFO - Filling up the DagBag from /home/airflow/.local/lib/python3.8/site-packages/airflow/example_dags/example_task_group_decorator.py
[2023-11-13T20:03:52.125+0000] {processor.py:839} INFO - DAG(s) dict_keys(['example_task_group_decorator']) retrieved from /home/airflow/.local/lib/python3.8/site-packages/airflow/example_dags/example_task_group_decorator.py
[2023-11-13T20:03:52.139+0000] {logging_mixin.py:154} INFO - [2023-11-13T20:03:52.139+0000] {dag.py:2941} INFO - Sync 1 DAGs
[2023-11-13T20:03:52.153+0000] {logging_mixin.py:154} INFO - [2023-11-13T20:03:52.153+0000] {dag.py:3722} INFO - Setting next_dagrun for example_task_group_decorator to 2023-11-12T20:03:52.152885+00:00, run_after=2023-11-13T20:03:52.152885+00:00
[2023-11-13T20:03:52.166+0000] {processor.py:179} INFO - Processing /home/airflow/.local/lib/python3.8/site-packages/airflow/example_dags/example_task_group_decorator.py took 0.054 seconds
[2023-11-13T20:04:22.263+0000] {processor.py:157} INFO - Started process (PID=766) to work on /home/airflow/.local/lib/python3.8/site-packages/airflow/example_dags/example_task_group_decorator.py
[2023-11-13T20:04:22.264+0000] {processor.py:829} INFO - Processing file /home/airflow/.local/lib/python3.8/site-packages/airflow/example_dags/example_task_group_decorator.py for tasks to queue
[2023-11-13T20:04:22.265+0000] {logging_mixin.py:154} INFO - [2023-11-13T20:04:22.265+0000] {dagbag.py:536} INFO - Filling up the DagBag from /home/airflow/.local/lib/python3.8/site-packages/airflow/example_dags/example_task_group_decorator.py
[2023-11-13T20:04:22.273+0000] {processor.py:839} INFO - DAG(s) dict_keys(['example_task_group_decorator']) retrieved from /home/airflow/.local/lib/python3.8/site-packages/airflow/example_dags/example_task_group_decorator.py
[2023-11-13T20:04:22.286+0000] {logging_mixin.py:154} INFO - [2023-11-13T20:04:22.286+0000] {dag.py:2941} INFO - Sync 1 DAGs
[2023-11-13T20:04:22.297+0000] {logging_mixin.py:154} INFO - [2023-11-13T20:04:22.297+0000] {dag.py:3722} INFO - Setting next_dagrun for example_task_group_decorator to 2023-11-12T20:04:22.297141+00:00, run_after=2023-11-13T20:04:22.297141+00:00
[2023-11-13T20:04:22.305+0000] {processor.py:179} INFO - Processing /home/airflow/.local/lib/python3.8/site-packages/airflow/example_dags/example_task_group_decorator.py took 0.045 seconds
[2023-11-13T20:04:52.449+0000] {processor.py:157} INFO - Started process (PID=820) to work on /home/airflow/.local/lib/python3.8/site-packages/airflow/example_dags/example_task_group_decorator.py
[2023-11-13T20:04:52.450+0000] {processor.py:829} INFO - Processing file /home/airflow/.local/lib/python3.8/site-packages/airflow/example_dags/example_task_group_decorator.py for tasks to queue
[2023-11-13T20:04:52.451+0000] {logging_mixin.py:154} INFO - [2023-11-13T20:04:52.451+0000] {dagbag.py:536} INFO - Filling up the DagBag from /home/airflow/.local/lib/python3.8/site-packages/airflow/example_dags/example_task_group_decorator.py
[2023-11-13T20:04:52.458+0000] {processor.py:839} INFO - DAG(s) dict_keys(['example_task_group_decorator']) retrieved from /home/airflow/.local/lib/python3.8/site-packages/airflow/example_dags/example_task_group_decorator.py
[2023-11-13T20:04:52.471+0000] {logging_mixin.py:154} INFO - [2023-11-13T20:04:52.471+0000] {dag.py:2941} INFO - Sync 1 DAGs
[2023-11-13T20:04:52.481+0000] {logging_mixin.py:154} INFO - [2023-11-13T20:04:52.481+0000] {dag.py:3722} INFO - Setting next_dagrun for example_task_group_decorator to 2023-11-12T20:04:52.481654+00:00, run_after=2023-11-13T20:04:52.481654+00:00
[2023-11-13T20:04:52.490+0000] {processor.py:179} INFO - Processing /home/airflow/.local/lib/python3.8/site-packages/airflow/example_dags/example_task_group_decorator.py took 0.043 seconds
