[2023-11-13T18:39:09.574+0000] {processor.py:157} INFO - Started process (PID=49) to work on /home/airflow/.local/lib/python3.8/site-packages/airflow/example_dags/example_params_trigger_ui.py
[2023-11-13T18:39:09.575+0000] {processor.py:829} INFO - Processing file /home/airflow/.local/lib/python3.8/site-packages/airflow/example_dags/example_params_trigger_ui.py for tasks to queue
[2023-11-13T18:39:09.577+0000] {logging_mixin.py:154} INFO - [2023-11-13T18:39:09.577+0000] {dagbag.py:536} INFO - Filling up the DagBag from /home/airflow/.local/lib/python3.8/site-packages/airflow/example_dags/example_params_trigger_ui.py
[2023-11-13T18:39:09.594+0000] {processor.py:839} INFO - DAG(s) dict_keys(['example_params_trigger_ui']) retrieved from /home/airflow/.local/lib/python3.8/site-packages/airflow/example_dags/example_params_trigger_ui.py
[2023-11-13T18:39:09.727+0000] {logging_mixin.py:154} INFO - [2023-11-13T18:39:09.727+0000] {manager.py:499} INFO - Created Permission View: %s
[2023-11-13T18:39:09.736+0000] {logging_mixin.py:154} INFO - [2023-11-13T18:39:09.735+0000] {manager.py:499} INFO - Created Permission View: %s
[2023-11-13T18:39:09.740+0000] {logging_mixin.py:154} INFO - [2023-11-13T18:39:09.740+0000] {manager.py:499} INFO - Created Permission View: %s
[2023-11-13T18:39:09.740+0000] {logging_mixin.py:154} INFO - [2023-11-13T18:39:09.740+0000] {dag.py:2941} INFO - Sync 1 DAGs
[2023-11-13T18:39:09.748+0000] {logging_mixin.py:154} INFO - [2023-11-13T18:39:09.748+0000] {dag.py:2963} INFO - Creating ORM DAG for example_params_trigger_ui
[2023-11-13T18:39:09.748+0000] {logging_mixin.py:154} INFO - [2023-11-13T18:39:09.748+0000] {dag.py:3722} INFO - Setting next_dagrun for example_params_trigger_ui to None, run_after=None
[2023-11-13T18:39:09.762+0000] {processor.py:179} INFO - Processing /home/airflow/.local/lib/python3.8/site-packages/airflow/example_dags/example_params_trigger_ui.py took 0.191 seconds
[2023-11-13T18:39:42.655+0000] {processor.py:157} INFO - Started process (PID=103) to work on /home/airflow/.local/lib/python3.8/site-packages/airflow/example_dags/example_params_trigger_ui.py
[2023-11-13T18:39:42.659+0000] {processor.py:829} INFO - Processing file /home/airflow/.local/lib/python3.8/site-packages/airflow/example_dags/example_params_trigger_ui.py for tasks to queue
[2023-11-13T18:39:42.669+0000] {logging_mixin.py:154} INFO - [2023-11-13T18:39:42.669+0000] {dagbag.py:536} INFO - Filling up the DagBag from /home/airflow/.local/lib/python3.8/site-packages/airflow/example_dags/example_params_trigger_ui.py
[2023-11-13T18:39:42.704+0000] {processor.py:839} INFO - DAG(s) dict_keys(['example_params_trigger_ui']) retrieved from /home/airflow/.local/lib/python3.8/site-packages/airflow/example_dags/example_params_trigger_ui.py
[2023-11-13T18:39:42.808+0000] {logging_mixin.py:154} INFO - [2023-11-13T18:39:42.808+0000] {dag.py:2941} INFO - Sync 1 DAGs
[2023-11-13T18:39:42.832+0000] {logging_mixin.py:154} INFO - [2023-11-13T18:39:42.831+0000] {dag.py:3722} INFO - Setting next_dagrun for example_params_trigger_ui to None, run_after=None
[2023-11-13T18:39:42.870+0000] {processor.py:179} INFO - Processing /home/airflow/.local/lib/python3.8/site-packages/airflow/example_dags/example_params_trigger_ui.py took 0.220 seconds
[2023-11-13T18:40:13.042+0000] {processor.py:157} INFO - Started process (PID=157) to work on /home/airflow/.local/lib/python3.8/site-packages/airflow/example_dags/example_params_trigger_ui.py
[2023-11-13T18:40:13.074+0000] {processor.py:829} INFO - Processing file /home/airflow/.local/lib/python3.8/site-packages/airflow/example_dags/example_params_trigger_ui.py for tasks to queue
[2023-11-13T18:40:13.082+0000] {logging_mixin.py:154} INFO - [2023-11-13T18:40:13.082+0000] {dagbag.py:536} INFO - Filling up the DagBag from /home/airflow/.local/lib/python3.8/site-packages/airflow/example_dags/example_params_trigger_ui.py
[2023-11-13T18:40:13.181+0000] {processor.py:839} INFO - DAG(s) dict_keys(['example_params_trigger_ui']) retrieved from /home/airflow/.local/lib/python3.8/site-packages/airflow/example_dags/example_params_trigger_ui.py
[2023-11-13T18:40:13.611+0000] {logging_mixin.py:154} INFO - [2023-11-13T18:40:13.610+0000] {dag.py:2941} INFO - Sync 1 DAGs
[2023-11-13T18:40:13.648+0000] {logging_mixin.py:154} INFO - [2023-11-13T18:40:13.647+0000] {dag.py:3722} INFO - Setting next_dagrun for example_params_trigger_ui to None, run_after=None
[2023-11-13T18:40:13.696+0000] {processor.py:179} INFO - Processing /home/airflow/.local/lib/python3.8/site-packages/airflow/example_dags/example_params_trigger_ui.py took 0.661 seconds
[2023-11-13T18:40:44.559+0000] {processor.py:157} INFO - Started process (PID=211) to work on /home/airflow/.local/lib/python3.8/site-packages/airflow/example_dags/example_params_trigger_ui.py
[2023-11-13T18:40:44.560+0000] {processor.py:829} INFO - Processing file /home/airflow/.local/lib/python3.8/site-packages/airflow/example_dags/example_params_trigger_ui.py for tasks to queue
[2023-11-13T18:40:44.561+0000] {logging_mixin.py:154} INFO - [2023-11-13T18:40:44.561+0000] {dagbag.py:536} INFO - Filling up the DagBag from /home/airflow/.local/lib/python3.8/site-packages/airflow/example_dags/example_params_trigger_ui.py
[2023-11-13T18:40:44.570+0000] {processor.py:839} INFO - DAG(s) dict_keys(['example_params_trigger_ui']) retrieved from /home/airflow/.local/lib/python3.8/site-packages/airflow/example_dags/example_params_trigger_ui.py
[2023-11-13T18:40:44.596+0000] {logging_mixin.py:154} INFO - [2023-11-13T18:40:44.596+0000] {dag.py:2941} INFO - Sync 1 DAGs
[2023-11-13T18:40:44.605+0000] {logging_mixin.py:154} INFO - [2023-11-13T18:40:44.605+0000] {dag.py:3722} INFO - Setting next_dagrun for example_params_trigger_ui to None, run_after=None
[2023-11-13T18:40:44.617+0000] {processor.py:179} INFO - Processing /home/airflow/.local/lib/python3.8/site-packages/airflow/example_dags/example_params_trigger_ui.py took 0.060 seconds
[2023-11-13T18:41:15.470+0000] {processor.py:157} INFO - Started process (PID=265) to work on /home/airflow/.local/lib/python3.8/site-packages/airflow/example_dags/example_params_trigger_ui.py
[2023-11-13T18:41:15.472+0000] {processor.py:829} INFO - Processing file /home/airflow/.local/lib/python3.8/site-packages/airflow/example_dags/example_params_trigger_ui.py for tasks to queue
[2023-11-13T18:41:15.474+0000] {logging_mixin.py:154} INFO - [2023-11-13T18:41:15.474+0000] {dagbag.py:536} INFO - Filling up the DagBag from /home/airflow/.local/lib/python3.8/site-packages/airflow/example_dags/example_params_trigger_ui.py
[2023-11-13T18:41:15.493+0000] {processor.py:839} INFO - DAG(s) dict_keys(['example_params_trigger_ui']) retrieved from /home/airflow/.local/lib/python3.8/site-packages/airflow/example_dags/example_params_trigger_ui.py
[2023-11-13T18:41:15.520+0000] {logging_mixin.py:154} INFO - [2023-11-13T18:41:15.520+0000] {dag.py:2941} INFO - Sync 1 DAGs
[2023-11-13T18:41:15.527+0000] {logging_mixin.py:154} INFO - [2023-11-13T18:41:15.527+0000] {dag.py:3722} INFO - Setting next_dagrun for example_params_trigger_ui to None, run_after=None
[2023-11-13T18:41:15.538+0000] {processor.py:179} INFO - Processing /home/airflow/.local/lib/python3.8/site-packages/airflow/example_dags/example_params_trigger_ui.py took 0.072 seconds
[2023-11-13T18:41:45.595+0000] {processor.py:157} INFO - Started process (PID=317) to work on /home/airflow/.local/lib/python3.8/site-packages/airflow/example_dags/example_params_trigger_ui.py
[2023-11-13T18:41:45.597+0000] {processor.py:829} INFO - Processing file /home/airflow/.local/lib/python3.8/site-packages/airflow/example_dags/example_params_trigger_ui.py for tasks to queue
[2023-11-13T18:41:45.600+0000] {logging_mixin.py:154} INFO - [2023-11-13T18:41:45.599+0000] {dagbag.py:536} INFO - Filling up the DagBag from /home/airflow/.local/lib/python3.8/site-packages/airflow/example_dags/example_params_trigger_ui.py
[2023-11-13T18:41:45.619+0000] {processor.py:839} INFO - DAG(s) dict_keys(['example_params_trigger_ui']) retrieved from /home/airflow/.local/lib/python3.8/site-packages/airflow/example_dags/example_params_trigger_ui.py
[2023-11-13T18:41:45.650+0000] {logging_mixin.py:154} INFO - [2023-11-13T18:41:45.650+0000] {dag.py:2941} INFO - Sync 1 DAGs
[2023-11-13T18:41:45.657+0000] {logging_mixin.py:154} INFO - [2023-11-13T18:41:45.657+0000] {dag.py:3722} INFO - Setting next_dagrun for example_params_trigger_ui to None, run_after=None
[2023-11-13T18:41:45.665+0000] {processor.py:179} INFO - Processing /home/airflow/.local/lib/python3.8/site-packages/airflow/example_dags/example_params_trigger_ui.py took 0.076 seconds
[2023-11-13T18:42:15.913+0000] {processor.py:157} INFO - Started process (PID=371) to work on /home/airflow/.local/lib/python3.8/site-packages/airflow/example_dags/example_params_trigger_ui.py
[2023-11-13T18:42:15.915+0000] {processor.py:829} INFO - Processing file /home/airflow/.local/lib/python3.8/site-packages/airflow/example_dags/example_params_trigger_ui.py for tasks to queue
[2023-11-13T18:42:15.918+0000] {logging_mixin.py:154} INFO - [2023-11-13T18:42:15.918+0000] {dagbag.py:536} INFO - Filling up the DagBag from /home/airflow/.local/lib/python3.8/site-packages/airflow/example_dags/example_params_trigger_ui.py
[2023-11-13T18:42:15.937+0000] {processor.py:839} INFO - DAG(s) dict_keys(['example_params_trigger_ui']) retrieved from /home/airflow/.local/lib/python3.8/site-packages/airflow/example_dags/example_params_trigger_ui.py
[2023-11-13T18:42:15.966+0000] {logging_mixin.py:154} INFO - [2023-11-13T18:42:15.966+0000] {dag.py:2941} INFO - Sync 1 DAGs
[2023-11-13T18:42:15.973+0000] {logging_mixin.py:154} INFO - [2023-11-13T18:42:15.973+0000] {dag.py:3722} INFO - Setting next_dagrun for example_params_trigger_ui to None, run_after=None
[2023-11-13T18:42:15.982+0000] {processor.py:179} INFO - Processing /home/airflow/.local/lib/python3.8/site-packages/airflow/example_dags/example_params_trigger_ui.py took 0.074 seconds
[2023-11-13T18:42:46.132+0000] {processor.py:157} INFO - Started process (PID=425) to work on /home/airflow/.local/lib/python3.8/site-packages/airflow/example_dags/example_params_trigger_ui.py
[2023-11-13T18:42:46.134+0000] {processor.py:829} INFO - Processing file /home/airflow/.local/lib/python3.8/site-packages/airflow/example_dags/example_params_trigger_ui.py for tasks to queue
[2023-11-13T18:42:46.136+0000] {logging_mixin.py:154} INFO - [2023-11-13T18:42:46.136+0000] {dagbag.py:536} INFO - Filling up the DagBag from /home/airflow/.local/lib/python3.8/site-packages/airflow/example_dags/example_params_trigger_ui.py
[2023-11-13T18:42:46.151+0000] {processor.py:839} INFO - DAG(s) dict_keys(['example_params_trigger_ui']) retrieved from /home/airflow/.local/lib/python3.8/site-packages/airflow/example_dags/example_params_trigger_ui.py
[2023-11-13T18:42:46.179+0000] {logging_mixin.py:154} INFO - [2023-11-13T18:42:46.179+0000] {dag.py:2941} INFO - Sync 1 DAGs
[2023-11-13T18:42:46.187+0000] {logging_mixin.py:154} INFO - [2023-11-13T18:42:46.187+0000] {dag.py:3722} INFO - Setting next_dagrun for example_params_trigger_ui to None, run_after=None
[2023-11-13T18:42:46.198+0000] {processor.py:179} INFO - Processing /home/airflow/.local/lib/python3.8/site-packages/airflow/example_dags/example_params_trigger_ui.py took 0.069 seconds
[2023-11-13T19:57:45.313+0000] {processor.py:157} INFO - Started process (PID=49) to work on /home/airflow/.local/lib/python3.8/site-packages/airflow/example_dags/example_params_trigger_ui.py
[2023-11-13T19:57:45.314+0000] {processor.py:829} INFO - Processing file /home/airflow/.local/lib/python3.8/site-packages/airflow/example_dags/example_params_trigger_ui.py for tasks to queue
[2023-11-13T19:57:45.316+0000] {logging_mixin.py:154} INFO - [2023-11-13T19:57:45.316+0000] {dagbag.py:536} INFO - Filling up the DagBag from /home/airflow/.local/lib/python3.8/site-packages/airflow/example_dags/example_params_trigger_ui.py
[2023-11-13T19:57:45.328+0000] {processor.py:839} INFO - DAG(s) dict_keys(['example_params_trigger_ui']) retrieved from /home/airflow/.local/lib/python3.8/site-packages/airflow/example_dags/example_params_trigger_ui.py
[2023-11-13T19:57:45.361+0000] {logging_mixin.py:154} INFO - [2023-11-13T19:57:45.361+0000] {dag.py:2941} INFO - Sync 1 DAGs
[2023-11-13T19:57:45.368+0000] {logging_mixin.py:154} INFO - [2023-11-13T19:57:45.367+0000] {dag.py:3722} INFO - Setting next_dagrun for example_params_trigger_ui to None, run_after=None
[2023-11-13T19:57:45.378+0000] {processor.py:179} INFO - Processing /home/airflow/.local/lib/python3.8/site-packages/airflow/example_dags/example_params_trigger_ui.py took 0.067 seconds
[2023-11-13T19:58:15.676+0000] {processor.py:157} INFO - Started process (PID=103) to work on /home/airflow/.local/lib/python3.8/site-packages/airflow/example_dags/example_params_trigger_ui.py
[2023-11-13T19:58:15.676+0000] {processor.py:829} INFO - Processing file /home/airflow/.local/lib/python3.8/site-packages/airflow/example_dags/example_params_trigger_ui.py for tasks to queue
[2023-11-13T19:58:15.678+0000] {logging_mixin.py:154} INFO - [2023-11-13T19:58:15.678+0000] {dagbag.py:536} INFO - Filling up the DagBag from /home/airflow/.local/lib/python3.8/site-packages/airflow/example_dags/example_params_trigger_ui.py
[2023-11-13T19:58:15.687+0000] {processor.py:839} INFO - DAG(s) dict_keys(['example_params_trigger_ui']) retrieved from /home/airflow/.local/lib/python3.8/site-packages/airflow/example_dags/example_params_trigger_ui.py
[2023-11-13T19:58:15.718+0000] {logging_mixin.py:154} INFO - [2023-11-13T19:58:15.717+0000] {dag.py:2941} INFO - Sync 1 DAGs
[2023-11-13T19:58:15.726+0000] {logging_mixin.py:154} INFO - [2023-11-13T19:58:15.726+0000] {dag.py:3722} INFO - Setting next_dagrun for example_params_trigger_ui to None, run_after=None
[2023-11-13T19:58:15.737+0000] {processor.py:179} INFO - Processing /home/airflow/.local/lib/python3.8/site-packages/airflow/example_dags/example_params_trigger_ui.py took 0.063 seconds
[2023-11-13T19:58:46.054+0000] {processor.py:157} INFO - Started process (PID=157) to work on /home/airflow/.local/lib/python3.8/site-packages/airflow/example_dags/example_params_trigger_ui.py
[2023-11-13T19:58:46.055+0000] {processor.py:829} INFO - Processing file /home/airflow/.local/lib/python3.8/site-packages/airflow/example_dags/example_params_trigger_ui.py for tasks to queue
[2023-11-13T19:58:46.056+0000] {logging_mixin.py:154} INFO - [2023-11-13T19:58:46.056+0000] {dagbag.py:536} INFO - Filling up the DagBag from /home/airflow/.local/lib/python3.8/site-packages/airflow/example_dags/example_params_trigger_ui.py
[2023-11-13T19:58:46.066+0000] {processor.py:839} INFO - DAG(s) dict_keys(['example_params_trigger_ui']) retrieved from /home/airflow/.local/lib/python3.8/site-packages/airflow/example_dags/example_params_trigger_ui.py
[2023-11-13T19:58:46.087+0000] {logging_mixin.py:154} INFO - [2023-11-13T19:58:46.087+0000] {dag.py:2941} INFO - Sync 1 DAGs
[2023-11-13T19:58:46.095+0000] {logging_mixin.py:154} INFO - [2023-11-13T19:58:46.094+0000] {dag.py:3722} INFO - Setting next_dagrun for example_params_trigger_ui to None, run_after=None
[2023-11-13T19:58:46.104+0000] {processor.py:179} INFO - Processing /home/airflow/.local/lib/python3.8/site-packages/airflow/example_dags/example_params_trigger_ui.py took 0.053 seconds
[2023-11-13T19:59:16.344+0000] {processor.py:157} INFO - Started process (PID=211) to work on /home/airflow/.local/lib/python3.8/site-packages/airflow/example_dags/example_params_trigger_ui.py
[2023-11-13T19:59:16.345+0000] {processor.py:829} INFO - Processing file /home/airflow/.local/lib/python3.8/site-packages/airflow/example_dags/example_params_trigger_ui.py for tasks to queue
[2023-11-13T19:59:16.346+0000] {logging_mixin.py:154} INFO - [2023-11-13T19:59:16.346+0000] {dagbag.py:536} INFO - Filling up the DagBag from /home/airflow/.local/lib/python3.8/site-packages/airflow/example_dags/example_params_trigger_ui.py
[2023-11-13T19:59:16.355+0000] {processor.py:839} INFO - DAG(s) dict_keys(['example_params_trigger_ui']) retrieved from /home/airflow/.local/lib/python3.8/site-packages/airflow/example_dags/example_params_trigger_ui.py
[2023-11-13T19:59:16.377+0000] {logging_mixin.py:154} INFO - [2023-11-13T19:59:16.377+0000] {dag.py:2941} INFO - Sync 1 DAGs
[2023-11-13T19:59:16.383+0000] {logging_mixin.py:154} INFO - [2023-11-13T19:59:16.382+0000] {dag.py:3722} INFO - Setting next_dagrun for example_params_trigger_ui to None, run_after=None
[2023-11-13T19:59:16.391+0000] {processor.py:179} INFO - Processing /home/airflow/.local/lib/python3.8/site-packages/airflow/example_dags/example_params_trigger_ui.py took 0.048 seconds
[2023-11-13T19:59:47.002+0000] {processor.py:157} INFO - Started process (PID=265) to work on /home/airflow/.local/lib/python3.8/site-packages/airflow/example_dags/example_params_trigger_ui.py
[2023-11-13T19:59:47.003+0000] {processor.py:829} INFO - Processing file /home/airflow/.local/lib/python3.8/site-packages/airflow/example_dags/example_params_trigger_ui.py for tasks to queue
[2023-11-13T19:59:47.004+0000] {logging_mixin.py:154} INFO - [2023-11-13T19:59:47.004+0000] {dagbag.py:536} INFO - Filling up the DagBag from /home/airflow/.local/lib/python3.8/site-packages/airflow/example_dags/example_params_trigger_ui.py
[2023-11-13T19:59:47.013+0000] {processor.py:839} INFO - DAG(s) dict_keys(['example_params_trigger_ui']) retrieved from /home/airflow/.local/lib/python3.8/site-packages/airflow/example_dags/example_params_trigger_ui.py
[2023-11-13T19:59:47.035+0000] {logging_mixin.py:154} INFO - [2023-11-13T19:59:47.035+0000] {dag.py:2941} INFO - Sync 1 DAGs
[2023-11-13T19:59:47.040+0000] {logging_mixin.py:154} INFO - [2023-11-13T19:59:47.040+0000] {dag.py:3722} INFO - Setting next_dagrun for example_params_trigger_ui to None, run_after=None
[2023-11-13T19:59:47.048+0000] {processor.py:179} INFO - Processing /home/airflow/.local/lib/python3.8/site-packages/airflow/example_dags/example_params_trigger_ui.py took 0.048 seconds
[2023-11-13T20:00:17.683+0000] {processor.py:157} INFO - Started process (PID=318) to work on /home/airflow/.local/lib/python3.8/site-packages/airflow/example_dags/example_params_trigger_ui.py
[2023-11-13T20:00:17.684+0000] {processor.py:829} INFO - Processing file /home/airflow/.local/lib/python3.8/site-packages/airflow/example_dags/example_params_trigger_ui.py for tasks to queue
[2023-11-13T20:00:17.685+0000] {logging_mixin.py:154} INFO - [2023-11-13T20:00:17.685+0000] {dagbag.py:536} INFO - Filling up the DagBag from /home/airflow/.local/lib/python3.8/site-packages/airflow/example_dags/example_params_trigger_ui.py
[2023-11-13T20:00:17.694+0000] {processor.py:839} INFO - DAG(s) dict_keys(['example_params_trigger_ui']) retrieved from /home/airflow/.local/lib/python3.8/site-packages/airflow/example_dags/example_params_trigger_ui.py
[2023-11-13T20:00:17.717+0000] {logging_mixin.py:154} INFO - [2023-11-13T20:00:17.717+0000] {dag.py:2941} INFO - Sync 1 DAGs
[2023-11-13T20:00:17.723+0000] {logging_mixin.py:154} INFO - [2023-11-13T20:00:17.723+0000] {dag.py:3722} INFO - Setting next_dagrun for example_params_trigger_ui to None, run_after=None
[2023-11-13T20:00:17.731+0000] {processor.py:179} INFO - Processing /home/airflow/.local/lib/python3.8/site-packages/airflow/example_dags/example_params_trigger_ui.py took 0.050 seconds
[2023-11-13T20:00:47.835+0000] {processor.py:157} INFO - Started process (PID=372) to work on /home/airflow/.local/lib/python3.8/site-packages/airflow/example_dags/example_params_trigger_ui.py
[2023-11-13T20:00:47.836+0000] {processor.py:829} INFO - Processing file /home/airflow/.local/lib/python3.8/site-packages/airflow/example_dags/example_params_trigger_ui.py for tasks to queue
[2023-11-13T20:00:47.837+0000] {logging_mixin.py:154} INFO - [2023-11-13T20:00:47.837+0000] {dagbag.py:536} INFO - Filling up the DagBag from /home/airflow/.local/lib/python3.8/site-packages/airflow/example_dags/example_params_trigger_ui.py
[2023-11-13T20:00:47.847+0000] {processor.py:839} INFO - DAG(s) dict_keys(['example_params_trigger_ui']) retrieved from /home/airflow/.local/lib/python3.8/site-packages/airflow/example_dags/example_params_trigger_ui.py
[2023-11-13T20:00:47.870+0000] {logging_mixin.py:154} INFO - [2023-11-13T20:00:47.870+0000] {dag.py:2941} INFO - Sync 1 DAGs
[2023-11-13T20:00:47.877+0000] {logging_mixin.py:154} INFO - [2023-11-13T20:00:47.876+0000] {dag.py:3722} INFO - Setting next_dagrun for example_params_trigger_ui to None, run_after=None
[2023-11-13T20:00:47.886+0000] {processor.py:179} INFO - Processing /home/airflow/.local/lib/python3.8/site-packages/airflow/example_dags/example_params_trigger_ui.py took 0.053 seconds
[2023-11-13T20:01:18.613+0000] {processor.py:157} INFO - Started process (PID=426) to work on /home/airflow/.local/lib/python3.8/site-packages/airflow/example_dags/example_params_trigger_ui.py
[2023-11-13T20:01:18.613+0000] {processor.py:829} INFO - Processing file /home/airflow/.local/lib/python3.8/site-packages/airflow/example_dags/example_params_trigger_ui.py for tasks to queue
[2023-11-13T20:01:18.615+0000] {logging_mixin.py:154} INFO - [2023-11-13T20:01:18.615+0000] {dagbag.py:536} INFO - Filling up the DagBag from /home/airflow/.local/lib/python3.8/site-packages/airflow/example_dags/example_params_trigger_ui.py
[2023-11-13T20:01:18.624+0000] {processor.py:839} INFO - DAG(s) dict_keys(['example_params_trigger_ui']) retrieved from /home/airflow/.local/lib/python3.8/site-packages/airflow/example_dags/example_params_trigger_ui.py
[2023-11-13T20:01:18.647+0000] {logging_mixin.py:154} INFO - [2023-11-13T20:01:18.647+0000] {dag.py:2941} INFO - Sync 1 DAGs
[2023-11-13T20:01:18.654+0000] {logging_mixin.py:154} INFO - [2023-11-13T20:01:18.654+0000] {dag.py:3722} INFO - Setting next_dagrun for example_params_trigger_ui to None, run_after=None
[2023-11-13T20:01:18.662+0000] {processor.py:179} INFO - Processing /home/airflow/.local/lib/python3.8/site-packages/airflow/example_dags/example_params_trigger_ui.py took 0.052 seconds
[2023-11-13T20:01:49.296+0000] {processor.py:157} INFO - Started process (PID=480) to work on /home/airflow/.local/lib/python3.8/site-packages/airflow/example_dags/example_params_trigger_ui.py
[2023-11-13T20:01:49.297+0000] {processor.py:829} INFO - Processing file /home/airflow/.local/lib/python3.8/site-packages/airflow/example_dags/example_params_trigger_ui.py for tasks to queue
[2023-11-13T20:01:49.298+0000] {logging_mixin.py:154} INFO - [2023-11-13T20:01:49.298+0000] {dagbag.py:536} INFO - Filling up the DagBag from /home/airflow/.local/lib/python3.8/site-packages/airflow/example_dags/example_params_trigger_ui.py
[2023-11-13T20:01:49.307+0000] {processor.py:839} INFO - DAG(s) dict_keys(['example_params_trigger_ui']) retrieved from /home/airflow/.local/lib/python3.8/site-packages/airflow/example_dags/example_params_trigger_ui.py
[2023-11-13T20:01:49.328+0000] {logging_mixin.py:154} INFO - [2023-11-13T20:01:49.328+0000] {dag.py:2941} INFO - Sync 1 DAGs
[2023-11-13T20:01:49.334+0000] {logging_mixin.py:154} INFO - [2023-11-13T20:01:49.334+0000] {dag.py:3722} INFO - Setting next_dagrun for example_params_trigger_ui to None, run_after=None
[2023-11-13T20:01:49.342+0000] {processor.py:179} INFO - Processing /home/airflow/.local/lib/python3.8/site-packages/airflow/example_dags/example_params_trigger_ui.py took 0.048 seconds
[2023-11-13T20:02:20.017+0000] {processor.py:157} INFO - Started process (PID=534) to work on /home/airflow/.local/lib/python3.8/site-packages/airflow/example_dags/example_params_trigger_ui.py
[2023-11-13T20:02:20.018+0000] {processor.py:829} INFO - Processing file /home/airflow/.local/lib/python3.8/site-packages/airflow/example_dags/example_params_trigger_ui.py for tasks to queue
[2023-11-13T20:02:20.019+0000] {logging_mixin.py:154} INFO - [2023-11-13T20:02:20.019+0000] {dagbag.py:536} INFO - Filling up the DagBag from /home/airflow/.local/lib/python3.8/site-packages/airflow/example_dags/example_params_trigger_ui.py
[2023-11-13T20:02:20.029+0000] {processor.py:839} INFO - DAG(s) dict_keys(['example_params_trigger_ui']) retrieved from /home/airflow/.local/lib/python3.8/site-packages/airflow/example_dags/example_params_trigger_ui.py
[2023-11-13T20:02:20.051+0000] {logging_mixin.py:154} INFO - [2023-11-13T20:02:20.051+0000] {dag.py:2941} INFO - Sync 1 DAGs
[2023-11-13T20:02:20.058+0000] {logging_mixin.py:154} INFO - [2023-11-13T20:02:20.058+0000] {dag.py:3722} INFO - Setting next_dagrun for example_params_trigger_ui to None, run_after=None
[2023-11-13T20:02:20.066+0000] {processor.py:179} INFO - Processing /home/airflow/.local/lib/python3.8/site-packages/airflow/example_dags/example_params_trigger_ui.py took 0.052 seconds
[2023-11-13T20:02:50.364+0000] {processor.py:157} INFO - Started process (PID=588) to work on /home/airflow/.local/lib/python3.8/site-packages/airflow/example_dags/example_params_trigger_ui.py
[2023-11-13T20:02:50.365+0000] {processor.py:829} INFO - Processing file /home/airflow/.local/lib/python3.8/site-packages/airflow/example_dags/example_params_trigger_ui.py for tasks to queue
[2023-11-13T20:02:50.367+0000] {logging_mixin.py:154} INFO - [2023-11-13T20:02:50.366+0000] {dagbag.py:536} INFO - Filling up the DagBag from /home/airflow/.local/lib/python3.8/site-packages/airflow/example_dags/example_params_trigger_ui.py
[2023-11-13T20:02:50.377+0000] {processor.py:839} INFO - DAG(s) dict_keys(['example_params_trigger_ui']) retrieved from /home/airflow/.local/lib/python3.8/site-packages/airflow/example_dags/example_params_trigger_ui.py
[2023-11-13T20:02:50.403+0000] {logging_mixin.py:154} INFO - [2023-11-13T20:02:50.403+0000] {dag.py:2941} INFO - Sync 1 DAGs
[2023-11-13T20:02:50.411+0000] {logging_mixin.py:154} INFO - [2023-11-13T20:02:50.411+0000] {dag.py:3722} INFO - Setting next_dagrun for example_params_trigger_ui to None, run_after=None
[2023-11-13T20:02:50.421+0000] {processor.py:179} INFO - Processing /home/airflow/.local/lib/python3.8/site-packages/airflow/example_dags/example_params_trigger_ui.py took 0.060 seconds
[2023-11-13T20:03:20.598+0000] {processor.py:157} INFO - Started process (PID=642) to work on /home/airflow/.local/lib/python3.8/site-packages/airflow/example_dags/example_params_trigger_ui.py
[2023-11-13T20:03:20.599+0000] {processor.py:829} INFO - Processing file /home/airflow/.local/lib/python3.8/site-packages/airflow/example_dags/example_params_trigger_ui.py for tasks to queue
[2023-11-13T20:03:20.600+0000] {logging_mixin.py:154} INFO - [2023-11-13T20:03:20.600+0000] {dagbag.py:536} INFO - Filling up the DagBag from /home/airflow/.local/lib/python3.8/site-packages/airflow/example_dags/example_params_trigger_ui.py
[2023-11-13T20:03:20.609+0000] {processor.py:839} INFO - DAG(s) dict_keys(['example_params_trigger_ui']) retrieved from /home/airflow/.local/lib/python3.8/site-packages/airflow/example_dags/example_params_trigger_ui.py
[2023-11-13T20:03:20.630+0000] {logging_mixin.py:154} INFO - [2023-11-13T20:03:20.630+0000] {dag.py:2941} INFO - Sync 1 DAGs
[2023-11-13T20:03:20.636+0000] {logging_mixin.py:154} INFO - [2023-11-13T20:03:20.636+0000] {dag.py:3722} INFO - Setting next_dagrun for example_params_trigger_ui to None, run_after=None
[2023-11-13T20:03:20.644+0000] {processor.py:179} INFO - Processing /home/airflow/.local/lib/python3.8/site-packages/airflow/example_dags/example_params_trigger_ui.py took 0.048 seconds
[2023-11-13T20:03:51.562+0000] {processor.py:157} INFO - Started process (PID=696) to work on /home/airflow/.local/lib/python3.8/site-packages/airflow/example_dags/example_params_trigger_ui.py
[2023-11-13T20:03:51.563+0000] {processor.py:829} INFO - Processing file /home/airflow/.local/lib/python3.8/site-packages/airflow/example_dags/example_params_trigger_ui.py for tasks to queue
[2023-11-13T20:03:51.564+0000] {logging_mixin.py:154} INFO - [2023-11-13T20:03:51.564+0000] {dagbag.py:536} INFO - Filling up the DagBag from /home/airflow/.local/lib/python3.8/site-packages/airflow/example_dags/example_params_trigger_ui.py
[2023-11-13T20:03:51.573+0000] {processor.py:839} INFO - DAG(s) dict_keys(['example_params_trigger_ui']) retrieved from /home/airflow/.local/lib/python3.8/site-packages/airflow/example_dags/example_params_trigger_ui.py
[2023-11-13T20:03:51.597+0000] {logging_mixin.py:154} INFO - [2023-11-13T20:03:51.596+0000] {dag.py:2941} INFO - Sync 1 DAGs
[2023-11-13T20:03:51.603+0000] {logging_mixin.py:154} INFO - [2023-11-13T20:03:51.603+0000] {dag.py:3722} INFO - Setting next_dagrun for example_params_trigger_ui to None, run_after=None
[2023-11-13T20:03:51.612+0000] {processor.py:179} INFO - Processing /home/airflow/.local/lib/python3.8/site-packages/airflow/example_dags/example_params_trigger_ui.py took 0.052 seconds
[2023-11-13T20:04:21.795+0000] {processor.py:157} INFO - Started process (PID=750) to work on /home/airflow/.local/lib/python3.8/site-packages/airflow/example_dags/example_params_trigger_ui.py
[2023-11-13T20:04:21.796+0000] {processor.py:829} INFO - Processing file /home/airflow/.local/lib/python3.8/site-packages/airflow/example_dags/example_params_trigger_ui.py for tasks to queue
[2023-11-13T20:04:21.797+0000] {logging_mixin.py:154} INFO - [2023-11-13T20:04:21.797+0000] {dagbag.py:536} INFO - Filling up the DagBag from /home/airflow/.local/lib/python3.8/site-packages/airflow/example_dags/example_params_trigger_ui.py
[2023-11-13T20:04:21.806+0000] {processor.py:839} INFO - DAG(s) dict_keys(['example_params_trigger_ui']) retrieved from /home/airflow/.local/lib/python3.8/site-packages/airflow/example_dags/example_params_trigger_ui.py
[2023-11-13T20:04:21.828+0000] {logging_mixin.py:154} INFO - [2023-11-13T20:04:21.828+0000] {dag.py:2941} INFO - Sync 1 DAGs
[2023-11-13T20:04:21.835+0000] {logging_mixin.py:154} INFO - [2023-11-13T20:04:21.835+0000] {dag.py:3722} INFO - Setting next_dagrun for example_params_trigger_ui to None, run_after=None
[2023-11-13T20:04:21.845+0000] {processor.py:179} INFO - Processing /home/airflow/.local/lib/python3.8/site-packages/airflow/example_dags/example_params_trigger_ui.py took 0.052 seconds
[2023-11-13T20:04:51.951+0000] {processor.py:157} INFO - Started process (PID=804) to work on /home/airflow/.local/lib/python3.8/site-packages/airflow/example_dags/example_params_trigger_ui.py
[2023-11-13T20:04:51.952+0000] {processor.py:829} INFO - Processing file /home/airflow/.local/lib/python3.8/site-packages/airflow/example_dags/example_params_trigger_ui.py for tasks to queue
[2023-11-13T20:04:51.953+0000] {logging_mixin.py:154} INFO - [2023-11-13T20:04:51.953+0000] {dagbag.py:536} INFO - Filling up the DagBag from /home/airflow/.local/lib/python3.8/site-packages/airflow/example_dags/example_params_trigger_ui.py
[2023-11-13T20:04:51.963+0000] {processor.py:839} INFO - DAG(s) dict_keys(['example_params_trigger_ui']) retrieved from /home/airflow/.local/lib/python3.8/site-packages/airflow/example_dags/example_params_trigger_ui.py
[2023-11-13T20:04:51.985+0000] {logging_mixin.py:154} INFO - [2023-11-13T20:04:51.985+0000] {dag.py:2941} INFO - Sync 1 DAGs
[2023-11-13T20:04:51.992+0000] {logging_mixin.py:154} INFO - [2023-11-13T20:04:51.991+0000] {dag.py:3722} INFO - Setting next_dagrun for example_params_trigger_ui to None, run_after=None
[2023-11-13T20:04:52.000+0000] {processor.py:179} INFO - Processing /home/airflow/.local/lib/python3.8/site-packages/airflow/example_dags/example_params_trigger_ui.py took 0.052 seconds
