[2023-11-13T18:39:10.453+0000] {processor.py:157} INFO - Started process (PID=58) to work on /home/airflow/.local/lib/python3.8/site-packages/airflow/example_dags/example_latest_only.py
[2023-11-13T18:39:10.454+0000] {processor.py:829} INFO - Processing file /home/airflow/.local/lib/python3.8/site-packages/airflow/example_dags/example_latest_only.py for tasks to queue
[2023-11-13T18:39:10.457+0000] {logging_mixin.py:154} INFO - [2023-11-13T18:39:10.456+0000] {dagbag.py:536} INFO - Filling up the DagBag from /home/airflow/.local/lib/python3.8/site-packages/airflow/example_dags/example_latest_only.py
[2023-11-13T18:39:10.467+0000] {processor.py:839} INFO - DAG(s) dict_keys(['latest_only']) retrieved from /home/airflow/.local/lib/python3.8/site-packages/airflow/example_dags/example_latest_only.py
[2023-11-13T18:39:10.597+0000] {logging_mixin.py:154} INFO - [2023-11-13T18:39:10.597+0000] {manager.py:499} INFO - Created Permission View: %s
[2023-11-13T18:39:10.621+0000] {logging_mixin.py:154} INFO - [2023-11-13T18:39:10.620+0000] {manager.py:499} INFO - Created Permission View: %s
[2023-11-13T18:39:10.627+0000] {logging_mixin.py:154} INFO - [2023-11-13T18:39:10.627+0000] {manager.py:499} INFO - Created Permission View: %s
[2023-11-13T18:39:10.628+0000] {logging_mixin.py:154} INFO - [2023-11-13T18:39:10.628+0000] {dag.py:2941} INFO - Sync 1 DAGs
[2023-11-13T18:39:10.642+0000] {logging_mixin.py:154} INFO - [2023-11-13T18:39:10.642+0000] {dag.py:2963} INFO - Creating ORM DAG for latest_only
[2023-11-13T18:39:10.659+0000] {logging_mixin.py:154} INFO - [2023-11-13T18:39:10.659+0000] {dag.py:3722} INFO - Setting next_dagrun for latest_only to 2023-11-13T14:39:10.658674+00:00, run_after=2023-11-13T18:39:10.658674+00:00
[2023-11-13T18:39:10.710+0000] {processor.py:179} INFO - Processing /home/airflow/.local/lib/python3.8/site-packages/airflow/example_dags/example_latest_only.py took 0.265 seconds
[2023-11-13T18:39:43.375+0000] {processor.py:157} INFO - Started process (PID=112) to work on /home/airflow/.local/lib/python3.8/site-packages/airflow/example_dags/example_latest_only.py
[2023-11-13T18:39:43.377+0000] {processor.py:829} INFO - Processing file /home/airflow/.local/lib/python3.8/site-packages/airflow/example_dags/example_latest_only.py for tasks to queue
[2023-11-13T18:39:43.380+0000] {logging_mixin.py:154} INFO - [2023-11-13T18:39:43.379+0000] {dagbag.py:536} INFO - Filling up the DagBag from /home/airflow/.local/lib/python3.8/site-packages/airflow/example_dags/example_latest_only.py
[2023-11-13T18:39:43.387+0000] {processor.py:839} INFO - DAG(s) dict_keys(['latest_only']) retrieved from /home/airflow/.local/lib/python3.8/site-packages/airflow/example_dags/example_latest_only.py
[2023-11-13T18:39:43.414+0000] {logging_mixin.py:154} INFO - [2023-11-13T18:39:43.414+0000] {dag.py:2941} INFO - Sync 1 DAGs
[2023-11-13T18:39:43.432+0000] {logging_mixin.py:154} INFO - [2023-11-13T18:39:43.432+0000] {dag.py:3722} INFO - Setting next_dagrun for latest_only to 2023-11-13T14:39:43.432295+00:00, run_after=2023-11-13T18:39:43.432295+00:00
[2023-11-13T18:39:43.444+0000] {processor.py:179} INFO - Processing /home/airflow/.local/lib/python3.8/site-packages/airflow/example_dags/example_latest_only.py took 0.074 seconds
[2023-11-13T18:40:15.457+0000] {processor.py:157} INFO - Started process (PID=166) to work on /home/airflow/.local/lib/python3.8/site-packages/airflow/example_dags/example_latest_only.py
[2023-11-13T18:40:15.459+0000] {processor.py:829} INFO - Processing file /home/airflow/.local/lib/python3.8/site-packages/airflow/example_dags/example_latest_only.py for tasks to queue
[2023-11-13T18:40:15.463+0000] {logging_mixin.py:154} INFO - [2023-11-13T18:40:15.463+0000] {dagbag.py:536} INFO - Filling up the DagBag from /home/airflow/.local/lib/python3.8/site-packages/airflow/example_dags/example_latest_only.py
[2023-11-13T18:40:15.496+0000] {processor.py:839} INFO - DAG(s) dict_keys(['latest_only']) retrieved from /home/airflow/.local/lib/python3.8/site-packages/airflow/example_dags/example_latest_only.py
[2023-11-13T18:40:15.595+0000] {logging_mixin.py:154} INFO - [2023-11-13T18:40:15.594+0000] {dag.py:2941} INFO - Sync 1 DAGs
[2023-11-13T18:40:15.712+0000] {logging_mixin.py:154} INFO - [2023-11-13T18:40:15.712+0000] {dag.py:3722} INFO - Setting next_dagrun for latest_only to 2023-11-13T14:40:15.711308+00:00, run_after=2023-11-13T18:40:15.711308+00:00
[2023-11-13T18:40:15.838+0000] {processor.py:179} INFO - Processing /home/airflow/.local/lib/python3.8/site-packages/airflow/example_dags/example_latest_only.py took 0.387 seconds
[2023-11-13T18:40:46.896+0000] {processor.py:157} INFO - Started process (PID=220) to work on /home/airflow/.local/lib/python3.8/site-packages/airflow/example_dags/example_latest_only.py
[2023-11-13T18:40:46.897+0000] {processor.py:829} INFO - Processing file /home/airflow/.local/lib/python3.8/site-packages/airflow/example_dags/example_latest_only.py for tasks to queue
[2023-11-13T18:40:46.899+0000] {logging_mixin.py:154} INFO - [2023-11-13T18:40:46.898+0000] {dagbag.py:536} INFO - Filling up the DagBag from /home/airflow/.local/lib/python3.8/site-packages/airflow/example_dags/example_latest_only.py
[2023-11-13T18:40:46.902+0000] {processor.py:839} INFO - DAG(s) dict_keys(['latest_only']) retrieved from /home/airflow/.local/lib/python3.8/site-packages/airflow/example_dags/example_latest_only.py
[2023-11-13T18:40:46.914+0000] {logging_mixin.py:154} INFO - [2023-11-13T18:40:46.914+0000] {dag.py:2941} INFO - Sync 1 DAGs
[2023-11-13T18:40:46.926+0000] {logging_mixin.py:154} INFO - [2023-11-13T18:40:46.926+0000] {dag.py:3722} INFO - Setting next_dagrun for latest_only to 2023-11-13T14:40:46.926028+00:00, run_after=2023-11-13T18:40:46.926028+00:00
[2023-11-13T18:40:46.935+0000] {processor.py:179} INFO - Processing /home/airflow/.local/lib/python3.8/site-packages/airflow/example_dags/example_latest_only.py took 0.042 seconds
[2023-11-13T18:41:17.065+0000] {processor.py:157} INFO - Started process (PID=274) to work on /home/airflow/.local/lib/python3.8/site-packages/airflow/example_dags/example_latest_only.py
[2023-11-13T18:41:17.066+0000] {processor.py:829} INFO - Processing file /home/airflow/.local/lib/python3.8/site-packages/airflow/example_dags/example_latest_only.py for tasks to queue
[2023-11-13T18:41:17.067+0000] {logging_mixin.py:154} INFO - [2023-11-13T18:41:17.067+0000] {dagbag.py:536} INFO - Filling up the DagBag from /home/airflow/.local/lib/python3.8/site-packages/airflow/example_dags/example_latest_only.py
[2023-11-13T18:41:17.071+0000] {processor.py:839} INFO - DAG(s) dict_keys(['latest_only']) retrieved from /home/airflow/.local/lib/python3.8/site-packages/airflow/example_dags/example_latest_only.py
[2023-11-13T18:41:17.083+0000] {logging_mixin.py:154} INFO - [2023-11-13T18:41:17.083+0000] {dag.py:2941} INFO - Sync 1 DAGs
[2023-11-13T18:41:17.096+0000] {logging_mixin.py:154} INFO - [2023-11-13T18:41:17.096+0000] {dag.py:3722} INFO - Setting next_dagrun for latest_only to 2023-11-13T14:41:17.096138+00:00, run_after=2023-11-13T18:41:17.096138+00:00
[2023-11-13T18:41:17.108+0000] {processor.py:179} INFO - Processing /home/airflow/.local/lib/python3.8/site-packages/airflow/example_dags/example_latest_only.py took 0.045 seconds
[2023-11-13T18:41:48.014+0000] {processor.py:157} INFO - Started process (PID=327) to work on /home/airflow/.local/lib/python3.8/site-packages/airflow/example_dags/example_latest_only.py
[2023-11-13T18:41:48.015+0000] {processor.py:829} INFO - Processing file /home/airflow/.local/lib/python3.8/site-packages/airflow/example_dags/example_latest_only.py for tasks to queue
[2023-11-13T18:41:48.016+0000] {logging_mixin.py:154} INFO - [2023-11-13T18:41:48.016+0000] {dagbag.py:536} INFO - Filling up the DagBag from /home/airflow/.local/lib/python3.8/site-packages/airflow/example_dags/example_latest_only.py
[2023-11-13T18:41:48.020+0000] {processor.py:839} INFO - DAG(s) dict_keys(['latest_only']) retrieved from /home/airflow/.local/lib/python3.8/site-packages/airflow/example_dags/example_latest_only.py
[2023-11-13T18:41:48.032+0000] {logging_mixin.py:154} INFO - [2023-11-13T18:41:48.032+0000] {dag.py:2941} INFO - Sync 1 DAGs
[2023-11-13T18:41:48.043+0000] {logging_mixin.py:154} INFO - [2023-11-13T18:41:48.043+0000] {dag.py:3722} INFO - Setting next_dagrun for latest_only to 2023-11-13T14:41:48.043324+00:00, run_after=2023-11-13T18:41:48.043324+00:00
[2023-11-13T18:41:48.052+0000] {processor.py:179} INFO - Processing /home/airflow/.local/lib/python3.8/site-packages/airflow/example_dags/example_latest_only.py took 0.040 seconds
[2023-11-13T18:42:18.396+0000] {processor.py:157} INFO - Started process (PID=381) to work on /home/airflow/.local/lib/python3.8/site-packages/airflow/example_dags/example_latest_only.py
[2023-11-13T18:42:18.397+0000] {processor.py:829} INFO - Processing file /home/airflow/.local/lib/python3.8/site-packages/airflow/example_dags/example_latest_only.py for tasks to queue
[2023-11-13T18:42:18.399+0000] {logging_mixin.py:154} INFO - [2023-11-13T18:42:18.399+0000] {dagbag.py:536} INFO - Filling up the DagBag from /home/airflow/.local/lib/python3.8/site-packages/airflow/example_dags/example_latest_only.py
[2023-11-13T18:42:18.404+0000] {processor.py:839} INFO - DAG(s) dict_keys(['latest_only']) retrieved from /home/airflow/.local/lib/python3.8/site-packages/airflow/example_dags/example_latest_only.py
[2023-11-13T18:42:18.417+0000] {logging_mixin.py:154} INFO - [2023-11-13T18:42:18.417+0000] {dag.py:2941} INFO - Sync 1 DAGs
[2023-11-13T18:42:18.429+0000] {logging_mixin.py:154} INFO - [2023-11-13T18:42:18.429+0000] {dag.py:3722} INFO - Setting next_dagrun for latest_only to 2023-11-13T14:42:18.429176+00:00, run_after=2023-11-13T18:42:18.429176+00:00
[2023-11-13T18:42:18.442+0000] {processor.py:179} INFO - Processing /home/airflow/.local/lib/python3.8/site-packages/airflow/example_dags/example_latest_only.py took 0.048 seconds
[2023-11-13T18:42:48.597+0000] {processor.py:157} INFO - Started process (PID=435) to work on /home/airflow/.local/lib/python3.8/site-packages/airflow/example_dags/example_latest_only.py
[2023-11-13T18:42:48.597+0000] {processor.py:829} INFO - Processing file /home/airflow/.local/lib/python3.8/site-packages/airflow/example_dags/example_latest_only.py for tasks to queue
[2023-11-13T18:42:48.600+0000] {logging_mixin.py:154} INFO - [2023-11-13T18:42:48.599+0000] {dagbag.py:536} INFO - Filling up the DagBag from /home/airflow/.local/lib/python3.8/site-packages/airflow/example_dags/example_latest_only.py
[2023-11-13T18:42:48.604+0000] {processor.py:839} INFO - DAG(s) dict_keys(['latest_only']) retrieved from /home/airflow/.local/lib/python3.8/site-packages/airflow/example_dags/example_latest_only.py
[2023-11-13T18:42:48.617+0000] {logging_mixin.py:154} INFO - [2023-11-13T18:42:48.617+0000] {dag.py:2941} INFO - Sync 1 DAGs
[2023-11-13T18:42:48.628+0000] {logging_mixin.py:154} INFO - [2023-11-13T18:42:48.628+0000] {dag.py:3722} INFO - Setting next_dagrun for latest_only to 2023-11-13T14:42:48.628471+00:00, run_after=2023-11-13T18:42:48.628471+00:00
[2023-11-13T18:42:48.639+0000] {processor.py:179} INFO - Processing /home/airflow/.local/lib/python3.8/site-packages/airflow/example_dags/example_latest_only.py took 0.044 seconds
[2023-11-13T19:57:45.689+0000] {processor.py:157} INFO - Started process (PID=58) to work on /home/airflow/.local/lib/python3.8/site-packages/airflow/example_dags/example_latest_only.py
[2023-11-13T19:57:45.690+0000] {processor.py:829} INFO - Processing file /home/airflow/.local/lib/python3.8/site-packages/airflow/example_dags/example_latest_only.py for tasks to queue
[2023-11-13T19:57:45.692+0000] {logging_mixin.py:154} INFO - [2023-11-13T19:57:45.692+0000] {dagbag.py:536} INFO - Filling up the DagBag from /home/airflow/.local/lib/python3.8/site-packages/airflow/example_dags/example_latest_only.py
[2023-11-13T19:57:45.696+0000] {processor.py:839} INFO - DAG(s) dict_keys(['latest_only']) retrieved from /home/airflow/.local/lib/python3.8/site-packages/airflow/example_dags/example_latest_only.py
[2023-11-13T19:57:45.713+0000] {logging_mixin.py:154} INFO - [2023-11-13T19:57:45.713+0000] {dag.py:2941} INFO - Sync 1 DAGs
[2023-11-13T19:57:45.726+0000] {logging_mixin.py:154} INFO - [2023-11-13T19:57:45.726+0000] {dag.py:3722} INFO - Setting next_dagrun for latest_only to 2023-11-13T15:57:45.726398+00:00, run_after=2023-11-13T19:57:45.726398+00:00
[2023-11-13T19:57:45.737+0000] {processor.py:179} INFO - Processing /home/airflow/.local/lib/python3.8/site-packages/airflow/example_dags/example_latest_only.py took 0.050 seconds
[2023-11-13T19:58:16.019+0000] {processor.py:157} INFO - Started process (PID=112) to work on /home/airflow/.local/lib/python3.8/site-packages/airflow/example_dags/example_latest_only.py
[2023-11-13T19:58:16.020+0000] {processor.py:829} INFO - Processing file /home/airflow/.local/lib/python3.8/site-packages/airflow/example_dags/example_latest_only.py for tasks to queue
[2023-11-13T19:58:16.022+0000] {logging_mixin.py:154} INFO - [2023-11-13T19:58:16.022+0000] {dagbag.py:536} INFO - Filling up the DagBag from /home/airflow/.local/lib/python3.8/site-packages/airflow/example_dags/example_latest_only.py
[2023-11-13T19:58:16.027+0000] {processor.py:839} INFO - DAG(s) dict_keys(['latest_only']) retrieved from /home/airflow/.local/lib/python3.8/site-packages/airflow/example_dags/example_latest_only.py
[2023-11-13T19:58:16.041+0000] {logging_mixin.py:154} INFO - [2023-11-13T19:58:16.041+0000] {dag.py:2941} INFO - Sync 1 DAGs
[2023-11-13T19:58:16.054+0000] {logging_mixin.py:154} INFO - [2023-11-13T19:58:16.054+0000] {dag.py:3722} INFO - Setting next_dagrun for latest_only to 2023-11-13T15:58:16.054631+00:00, run_after=2023-11-13T19:58:16.054631+00:00
[2023-11-13T19:58:16.065+0000] {processor.py:179} INFO - Processing /home/airflow/.local/lib/python3.8/site-packages/airflow/example_dags/example_latest_only.py took 0.049 seconds
[2023-11-13T19:58:46.280+0000] {processor.py:157} INFO - Started process (PID=166) to work on /home/airflow/.local/lib/python3.8/site-packages/airflow/example_dags/example_latest_only.py
[2023-11-13T19:58:46.281+0000] {processor.py:829} INFO - Processing file /home/airflow/.local/lib/python3.8/site-packages/airflow/example_dags/example_latest_only.py for tasks to queue
[2023-11-13T19:58:46.282+0000] {logging_mixin.py:154} INFO - [2023-11-13T19:58:46.282+0000] {dagbag.py:536} INFO - Filling up the DagBag from /home/airflow/.local/lib/python3.8/site-packages/airflow/example_dags/example_latest_only.py
[2023-11-13T19:58:46.285+0000] {processor.py:839} INFO - DAG(s) dict_keys(['latest_only']) retrieved from /home/airflow/.local/lib/python3.8/site-packages/airflow/example_dags/example_latest_only.py
[2023-11-13T19:58:46.296+0000] {logging_mixin.py:154} INFO - [2023-11-13T19:58:46.296+0000] {dag.py:2941} INFO - Sync 1 DAGs
[2023-11-13T19:58:46.306+0000] {logging_mixin.py:154} INFO - [2023-11-13T19:58:46.306+0000] {dag.py:3722} INFO - Setting next_dagrun for latest_only to 2023-11-13T15:58:46.306595+00:00, run_after=2023-11-13T19:58:46.306595+00:00
[2023-11-13T19:58:46.315+0000] {processor.py:179} INFO - Processing /home/airflow/.local/lib/python3.8/site-packages/airflow/example_dags/example_latest_only.py took 0.036 seconds
[2023-11-13T19:59:16.606+0000] {processor.py:157} INFO - Started process (PID=220) to work on /home/airflow/.local/lib/python3.8/site-packages/airflow/example_dags/example_latest_only.py
[2023-11-13T19:59:16.607+0000] {processor.py:829} INFO - Processing file /home/airflow/.local/lib/python3.8/site-packages/airflow/example_dags/example_latest_only.py for tasks to queue
[2023-11-13T19:59:16.609+0000] {logging_mixin.py:154} INFO - [2023-11-13T19:59:16.608+0000] {dagbag.py:536} INFO - Filling up the DagBag from /home/airflow/.local/lib/python3.8/site-packages/airflow/example_dags/example_latest_only.py
[2023-11-13T19:59:16.612+0000] {processor.py:839} INFO - DAG(s) dict_keys(['latest_only']) retrieved from /home/airflow/.local/lib/python3.8/site-packages/airflow/example_dags/example_latest_only.py
[2023-11-13T19:59:16.623+0000] {logging_mixin.py:154} INFO - [2023-11-13T19:59:16.623+0000] {dag.py:2941} INFO - Sync 1 DAGs
[2023-11-13T19:59:16.634+0000] {logging_mixin.py:154} INFO - [2023-11-13T19:59:16.634+0000] {dag.py:3722} INFO - Setting next_dagrun for latest_only to 2023-11-13T15:59:16.634669+00:00, run_after=2023-11-13T19:59:16.634669+00:00
[2023-11-13T19:59:16.644+0000] {processor.py:179} INFO - Processing /home/airflow/.local/lib/python3.8/site-packages/airflow/example_dags/example_latest_only.py took 0.040 seconds
[2023-11-13T19:59:47.264+0000] {processor.py:157} INFO - Started process (PID=274) to work on /home/airflow/.local/lib/python3.8/site-packages/airflow/example_dags/example_latest_only.py
[2023-11-13T19:59:47.265+0000] {processor.py:829} INFO - Processing file /home/airflow/.local/lib/python3.8/site-packages/airflow/example_dags/example_latest_only.py for tasks to queue
[2023-11-13T19:59:47.266+0000] {logging_mixin.py:154} INFO - [2023-11-13T19:59:47.266+0000] {dagbag.py:536} INFO - Filling up the DagBag from /home/airflow/.local/lib/python3.8/site-packages/airflow/example_dags/example_latest_only.py
[2023-11-13T19:59:47.269+0000] {processor.py:839} INFO - DAG(s) dict_keys(['latest_only']) retrieved from /home/airflow/.local/lib/python3.8/site-packages/airflow/example_dags/example_latest_only.py
[2023-11-13T19:59:47.280+0000] {logging_mixin.py:154} INFO - [2023-11-13T19:59:47.280+0000] {dag.py:2941} INFO - Sync 1 DAGs
[2023-11-13T19:59:47.292+0000] {logging_mixin.py:154} INFO - [2023-11-13T19:59:47.292+0000] {dag.py:3722} INFO - Setting next_dagrun for latest_only to 2023-11-13T15:59:47.291994+00:00, run_after=2023-11-13T19:59:47.291994+00:00
[2023-11-13T19:59:47.300+0000] {processor.py:179} INFO - Processing /home/airflow/.local/lib/python3.8/site-packages/airflow/example_dags/example_latest_only.py took 0.038 seconds
[2023-11-13T20:00:17.975+0000] {processor.py:157} INFO - Started process (PID=327) to work on /home/airflow/.local/lib/python3.8/site-packages/airflow/example_dags/example_latest_only.py
[2023-11-13T20:00:17.975+0000] {processor.py:829} INFO - Processing file /home/airflow/.local/lib/python3.8/site-packages/airflow/example_dags/example_latest_only.py for tasks to queue
[2023-11-13T20:00:17.977+0000] {logging_mixin.py:154} INFO - [2023-11-13T20:00:17.977+0000] {dagbag.py:536} INFO - Filling up the DagBag from /home/airflow/.local/lib/python3.8/site-packages/airflow/example_dags/example_latest_only.py
[2023-11-13T20:00:17.980+0000] {processor.py:839} INFO - DAG(s) dict_keys(['latest_only']) retrieved from /home/airflow/.local/lib/python3.8/site-packages/airflow/example_dags/example_latest_only.py
[2023-11-13T20:00:17.994+0000] {logging_mixin.py:154} INFO - [2023-11-13T20:00:17.994+0000] {dag.py:2941} INFO - Sync 1 DAGs
[2023-11-13T20:00:18.008+0000] {logging_mixin.py:154} INFO - [2023-11-13T20:00:18.008+0000] {dag.py:3722} INFO - Setting next_dagrun for latest_only to 2023-11-13T16:00:18.008312+00:00, run_after=2023-11-13T20:00:18.008312+00:00
[2023-11-13T20:00:18.018+0000] {processor.py:179} INFO - Processing /home/airflow/.local/lib/python3.8/site-packages/airflow/example_dags/example_latest_only.py took 0.046 seconds
[2023-11-13T20:00:48.105+0000] {processor.py:157} INFO - Started process (PID=381) to work on /home/airflow/.local/lib/python3.8/site-packages/airflow/example_dags/example_latest_only.py
[2023-11-13T20:00:48.106+0000] {processor.py:829} INFO - Processing file /home/airflow/.local/lib/python3.8/site-packages/airflow/example_dags/example_latest_only.py for tasks to queue
[2023-11-13T20:00:48.108+0000] {logging_mixin.py:154} INFO - [2023-11-13T20:00:48.108+0000] {dagbag.py:536} INFO - Filling up the DagBag from /home/airflow/.local/lib/python3.8/site-packages/airflow/example_dags/example_latest_only.py
[2023-11-13T20:00:48.111+0000] {processor.py:839} INFO - DAG(s) dict_keys(['latest_only']) retrieved from /home/airflow/.local/lib/python3.8/site-packages/airflow/example_dags/example_latest_only.py
[2023-11-13T20:00:48.126+0000] {logging_mixin.py:154} INFO - [2023-11-13T20:00:48.126+0000] {dag.py:2941} INFO - Sync 1 DAGs
[2023-11-13T20:00:48.139+0000] {logging_mixin.py:154} INFO - [2023-11-13T20:00:48.139+0000] {dag.py:3722} INFO - Setting next_dagrun for latest_only to 2023-11-13T16:00:48.139462+00:00, run_after=2023-11-13T20:00:48.139462+00:00
[2023-11-13T20:00:48.149+0000] {processor.py:179} INFO - Processing /home/airflow/.local/lib/python3.8/site-packages/airflow/example_dags/example_latest_only.py took 0.046 seconds
[2023-11-13T20:01:18.883+0000] {processor.py:157} INFO - Started process (PID=435) to work on /home/airflow/.local/lib/python3.8/site-packages/airflow/example_dags/example_latest_only.py
[2023-11-13T20:01:18.884+0000] {processor.py:829} INFO - Processing file /home/airflow/.local/lib/python3.8/site-packages/airflow/example_dags/example_latest_only.py for tasks to queue
[2023-11-13T20:01:18.885+0000] {logging_mixin.py:154} INFO - [2023-11-13T20:01:18.885+0000] {dagbag.py:536} INFO - Filling up the DagBag from /home/airflow/.local/lib/python3.8/site-packages/airflow/example_dags/example_latest_only.py
[2023-11-13T20:01:18.889+0000] {processor.py:839} INFO - DAG(s) dict_keys(['latest_only']) retrieved from /home/airflow/.local/lib/python3.8/site-packages/airflow/example_dags/example_latest_only.py
[2023-11-13T20:01:18.900+0000] {logging_mixin.py:154} INFO - [2023-11-13T20:01:18.900+0000] {dag.py:2941} INFO - Sync 1 DAGs
[2023-11-13T20:01:18.912+0000] {logging_mixin.py:154} INFO - [2023-11-13T20:01:18.912+0000] {dag.py:3722} INFO - Setting next_dagrun for latest_only to 2023-11-13T16:01:18.912359+00:00, run_after=2023-11-13T20:01:18.912359+00:00
[2023-11-13T20:01:18.921+0000] {processor.py:179} INFO - Processing /home/airflow/.local/lib/python3.8/site-packages/airflow/example_dags/example_latest_only.py took 0.040 seconds
[2023-11-13T20:01:49.556+0000] {processor.py:157} INFO - Started process (PID=489) to work on /home/airflow/.local/lib/python3.8/site-packages/airflow/example_dags/example_latest_only.py
[2023-11-13T20:01:49.557+0000] {processor.py:829} INFO - Processing file /home/airflow/.local/lib/python3.8/site-packages/airflow/example_dags/example_latest_only.py for tasks to queue
[2023-11-13T20:01:49.559+0000] {logging_mixin.py:154} INFO - [2023-11-13T20:01:49.559+0000] {dagbag.py:536} INFO - Filling up the DagBag from /home/airflow/.local/lib/python3.8/site-packages/airflow/example_dags/example_latest_only.py
[2023-11-13T20:01:49.562+0000] {processor.py:839} INFO - DAG(s) dict_keys(['latest_only']) retrieved from /home/airflow/.local/lib/python3.8/site-packages/airflow/example_dags/example_latest_only.py
[2023-11-13T20:01:49.576+0000] {logging_mixin.py:154} INFO - [2023-11-13T20:01:49.576+0000] {dag.py:2941} INFO - Sync 1 DAGs
[2023-11-13T20:01:49.588+0000] {logging_mixin.py:154} INFO - [2023-11-13T20:01:49.588+0000] {dag.py:3722} INFO - Setting next_dagrun for latest_only to 2023-11-13T16:01:49.588287+00:00, run_after=2023-11-13T20:01:49.588287+00:00
[2023-11-13T20:01:49.597+0000] {processor.py:179} INFO - Processing /home/airflow/.local/lib/python3.8/site-packages/airflow/example_dags/example_latest_only.py took 0.043 seconds
[2023-11-13T20:02:20.334+0000] {processor.py:157} INFO - Started process (PID=543) to work on /home/airflow/.local/lib/python3.8/site-packages/airflow/example_dags/example_latest_only.py
[2023-11-13T20:02:20.335+0000] {processor.py:829} INFO - Processing file /home/airflow/.local/lib/python3.8/site-packages/airflow/example_dags/example_latest_only.py for tasks to queue
[2023-11-13T20:02:20.336+0000] {logging_mixin.py:154} INFO - [2023-11-13T20:02:20.336+0000] {dagbag.py:536} INFO - Filling up the DagBag from /home/airflow/.local/lib/python3.8/site-packages/airflow/example_dags/example_latest_only.py
[2023-11-13T20:02:20.340+0000] {processor.py:839} INFO - DAG(s) dict_keys(['latest_only']) retrieved from /home/airflow/.local/lib/python3.8/site-packages/airflow/example_dags/example_latest_only.py
[2023-11-13T20:02:20.351+0000] {logging_mixin.py:154} INFO - [2023-11-13T20:02:20.350+0000] {dag.py:2941} INFO - Sync 1 DAGs
[2023-11-13T20:02:20.361+0000] {logging_mixin.py:154} INFO - [2023-11-13T20:02:20.361+0000] {dag.py:3722} INFO - Setting next_dagrun for latest_only to 2023-11-13T16:02:20.361582+00:00, run_after=2023-11-13T20:02:20.361582+00:00
[2023-11-13T20:02:20.370+0000] {processor.py:179} INFO - Processing /home/airflow/.local/lib/python3.8/site-packages/airflow/example_dags/example_latest_only.py took 0.038 seconds
[2023-11-13T20:02:50.672+0000] {processor.py:157} INFO - Started process (PID=597) to work on /home/airflow/.local/lib/python3.8/site-packages/airflow/example_dags/example_latest_only.py
[2023-11-13T20:02:50.673+0000] {processor.py:829} INFO - Processing file /home/airflow/.local/lib/python3.8/site-packages/airflow/example_dags/example_latest_only.py for tasks to queue
[2023-11-13T20:02:50.676+0000] {logging_mixin.py:154} INFO - [2023-11-13T20:02:50.676+0000] {dagbag.py:536} INFO - Filling up the DagBag from /home/airflow/.local/lib/python3.8/site-packages/airflow/example_dags/example_latest_only.py
[2023-11-13T20:02:50.681+0000] {processor.py:839} INFO - DAG(s) dict_keys(['latest_only']) retrieved from /home/airflow/.local/lib/python3.8/site-packages/airflow/example_dags/example_latest_only.py
[2023-11-13T20:02:50.695+0000] {logging_mixin.py:154} INFO - [2023-11-13T20:02:50.695+0000] {dag.py:2941} INFO - Sync 1 DAGs
[2023-11-13T20:02:50.708+0000] {logging_mixin.py:154} INFO - [2023-11-13T20:02:50.708+0000] {dag.py:3722} INFO - Setting next_dagrun for latest_only to 2023-11-13T16:02:50.708554+00:00, run_after=2023-11-13T20:02:50.708554+00:00
[2023-11-13T20:02:50.718+0000] {processor.py:179} INFO - Processing /home/airflow/.local/lib/python3.8/site-packages/airflow/example_dags/example_latest_only.py took 0.050 seconds
[2023-11-13T20:03:20.865+0000] {processor.py:157} INFO - Started process (PID=651) to work on /home/airflow/.local/lib/python3.8/site-packages/airflow/example_dags/example_latest_only.py
[2023-11-13T20:03:20.866+0000] {processor.py:829} INFO - Processing file /home/airflow/.local/lib/python3.8/site-packages/airflow/example_dags/example_latest_only.py for tasks to queue
[2023-11-13T20:03:20.868+0000] {logging_mixin.py:154} INFO - [2023-11-13T20:03:20.867+0000] {dagbag.py:536} INFO - Filling up the DagBag from /home/airflow/.local/lib/python3.8/site-packages/airflow/example_dags/example_latest_only.py
[2023-11-13T20:03:20.871+0000] {processor.py:839} INFO - DAG(s) dict_keys(['latest_only']) retrieved from /home/airflow/.local/lib/python3.8/site-packages/airflow/example_dags/example_latest_only.py
[2023-11-13T20:03:20.884+0000] {logging_mixin.py:154} INFO - [2023-11-13T20:03:20.884+0000] {dag.py:2941} INFO - Sync 1 DAGs
[2023-11-13T20:03:20.896+0000] {logging_mixin.py:154} INFO - [2023-11-13T20:03:20.896+0000] {dag.py:3722} INFO - Setting next_dagrun for latest_only to 2023-11-13T16:03:20.896352+00:00, run_after=2023-11-13T20:03:20.896352+00:00
[2023-11-13T20:03:20.912+0000] {processor.py:179} INFO - Processing /home/airflow/.local/lib/python3.8/site-packages/airflow/example_dags/example_latest_only.py took 0.050 seconds
[2023-11-13T20:03:51.904+0000] {processor.py:157} INFO - Started process (PID=705) to work on /home/airflow/.local/lib/python3.8/site-packages/airflow/example_dags/example_latest_only.py
[2023-11-13T20:03:51.904+0000] {processor.py:829} INFO - Processing file /home/airflow/.local/lib/python3.8/site-packages/airflow/example_dags/example_latest_only.py for tasks to queue
[2023-11-13T20:03:51.906+0000] {logging_mixin.py:154} INFO - [2023-11-13T20:03:51.905+0000] {dagbag.py:536} INFO - Filling up the DagBag from /home/airflow/.local/lib/python3.8/site-packages/airflow/example_dags/example_latest_only.py
[2023-11-13T20:03:51.909+0000] {processor.py:839} INFO - DAG(s) dict_keys(['latest_only']) retrieved from /home/airflow/.local/lib/python3.8/site-packages/airflow/example_dags/example_latest_only.py
[2023-11-13T20:03:51.921+0000] {logging_mixin.py:154} INFO - [2023-11-13T20:03:51.921+0000] {dag.py:2941} INFO - Sync 1 DAGs
[2023-11-13T20:03:51.931+0000] {logging_mixin.py:154} INFO - [2023-11-13T20:03:51.931+0000] {dag.py:3722} INFO - Setting next_dagrun for latest_only to 2023-11-13T16:03:51.931590+00:00, run_after=2023-11-13T20:03:51.931590+00:00
[2023-11-13T20:03:51.939+0000] {processor.py:179} INFO - Processing /home/airflow/.local/lib/python3.8/site-packages/airflow/example_dags/example_latest_only.py took 0.038 seconds
[2023-11-13T20:04:22.069+0000] {processor.py:157} INFO - Started process (PID=759) to work on /home/airflow/.local/lib/python3.8/site-packages/airflow/example_dags/example_latest_only.py
[2023-11-13T20:04:22.069+0000] {processor.py:829} INFO - Processing file /home/airflow/.local/lib/python3.8/site-packages/airflow/example_dags/example_latest_only.py for tasks to queue
[2023-11-13T20:04:22.071+0000] {logging_mixin.py:154} INFO - [2023-11-13T20:04:22.071+0000] {dagbag.py:536} INFO - Filling up the DagBag from /home/airflow/.local/lib/python3.8/site-packages/airflow/example_dags/example_latest_only.py
[2023-11-13T20:04:22.074+0000] {processor.py:839} INFO - DAG(s) dict_keys(['latest_only']) retrieved from /home/airflow/.local/lib/python3.8/site-packages/airflow/example_dags/example_latest_only.py
[2023-11-13T20:04:22.086+0000] {logging_mixin.py:154} INFO - [2023-11-13T20:04:22.085+0000] {dag.py:2941} INFO - Sync 1 DAGs
[2023-11-13T20:04:22.097+0000] {logging_mixin.py:154} INFO - [2023-11-13T20:04:22.097+0000] {dag.py:3722} INFO - Setting next_dagrun for latest_only to 2023-11-13T16:04:22.096943+00:00, run_after=2023-11-13T20:04:22.096943+00:00
[2023-11-13T20:04:22.105+0000] {processor.py:179} INFO - Processing /home/airflow/.local/lib/python3.8/site-packages/airflow/example_dags/example_latest_only.py took 0.039 seconds
[2023-11-13T20:04:52.222+0000] {processor.py:157} INFO - Started process (PID=813) to work on /home/airflow/.local/lib/python3.8/site-packages/airflow/example_dags/example_latest_only.py
[2023-11-13T20:04:52.223+0000] {processor.py:829} INFO - Processing file /home/airflow/.local/lib/python3.8/site-packages/airflow/example_dags/example_latest_only.py for tasks to queue
[2023-11-13T20:04:52.224+0000] {logging_mixin.py:154} INFO - [2023-11-13T20:04:52.224+0000] {dagbag.py:536} INFO - Filling up the DagBag from /home/airflow/.local/lib/python3.8/site-packages/airflow/example_dags/example_latest_only.py
[2023-11-13T20:04:52.227+0000] {processor.py:839} INFO - DAG(s) dict_keys(['latest_only']) retrieved from /home/airflow/.local/lib/python3.8/site-packages/airflow/example_dags/example_latest_only.py
[2023-11-13T20:04:52.239+0000] {logging_mixin.py:154} INFO - [2023-11-13T20:04:52.239+0000] {dag.py:2941} INFO - Sync 1 DAGs
[2023-11-13T20:04:52.249+0000] {logging_mixin.py:154} INFO - [2023-11-13T20:04:52.249+0000] {dag.py:3722} INFO - Setting next_dagrun for latest_only to 2023-11-13T16:04:52.249703+00:00, run_after=2023-11-13T20:04:52.249703+00:00
[2023-11-13T20:04:52.258+0000] {processor.py:179} INFO - Processing /home/airflow/.local/lib/python3.8/site-packages/airflow/example_dags/example_latest_only.py took 0.038 seconds
