[2023-11-13T18:39:11.012+0000] {processor.py:157} INFO - Started process (PID=63) to work on /home/airflow/.local/lib/python3.8/site-packages/airflow/example_dags/example_external_task_marker_dag.py
[2023-11-13T18:39:11.013+0000] {processor.py:829} INFO - Processing file /home/airflow/.local/lib/python3.8/site-packages/airflow/example_dags/example_external_task_marker_dag.py for tasks to queue
[2023-11-13T18:39:11.016+0000] {logging_mixin.py:154} INFO - [2023-11-13T18:39:11.015+0000] {dagbag.py:536} INFO - Filling up the DagBag from /home/airflow/.local/lib/python3.8/site-packages/airflow/example_dags/example_external_task_marker_dag.py
[2023-11-13T18:39:11.027+0000] {processor.py:839} INFO - DAG(s) dict_keys(['example_external_task_marker_parent', 'example_external_task_marker_child']) retrieved from /home/airflow/.local/lib/python3.8/site-packages/airflow/example_dags/example_external_task_marker_dag.py
[2023-11-13T18:39:11.096+0000] {logging_mixin.py:154} INFO - [2023-11-13T18:39:11.096+0000] {manager.py:499} INFO - Created Permission View: %s
[2023-11-13T18:39:11.101+0000] {logging_mixin.py:154} INFO - [2023-11-13T18:39:11.101+0000] {manager.py:499} INFO - Created Permission View: %s
[2023-11-13T18:39:11.105+0000] {logging_mixin.py:154} INFO - [2023-11-13T18:39:11.105+0000] {manager.py:499} INFO - Created Permission View: %s
[2023-11-13T18:39:11.114+0000] {logging_mixin.py:154} INFO - [2023-11-13T18:39:11.113+0000] {manager.py:499} INFO - Created Permission View: %s
[2023-11-13T18:39:11.119+0000] {logging_mixin.py:154} INFO - [2023-11-13T18:39:11.118+0000] {manager.py:499} INFO - Created Permission View: %s
[2023-11-13T18:39:11.124+0000] {logging_mixin.py:154} INFO - [2023-11-13T18:39:11.123+0000] {manager.py:499} INFO - Created Permission View: %s
[2023-11-13T18:39:11.124+0000] {logging_mixin.py:154} INFO - [2023-11-13T18:39:11.124+0000] {dag.py:2941} INFO - Sync 2 DAGs
[2023-11-13T18:39:11.138+0000] {logging_mixin.py:154} INFO - [2023-11-13T18:39:11.138+0000] {dag.py:2963} INFO - Creating ORM DAG for example_external_task_marker_parent
[2023-11-13T18:39:11.139+0000] {logging_mixin.py:154} INFO - [2023-11-13T18:39:11.138+0000] {dag.py:2963} INFO - Creating ORM DAG for example_external_task_marker_child
[2023-11-13T18:39:11.139+0000] {logging_mixin.py:154} INFO - [2023-11-13T18:39:11.139+0000] {dag.py:3722} INFO - Setting next_dagrun for example_external_task_marker_child to None, run_after=None
[2023-11-13T18:39:11.140+0000] {logging_mixin.py:154} INFO - [2023-11-13T18:39:11.140+0000] {dag.py:3722} INFO - Setting next_dagrun for example_external_task_marker_parent to None, run_after=None
[2023-11-13T18:39:11.164+0000] {processor.py:179} INFO - Processing /home/airflow/.local/lib/python3.8/site-packages/airflow/example_dags/example_external_task_marker_dag.py took 0.156 seconds
[2023-11-13T18:39:43.654+0000] {processor.py:157} INFO - Started process (PID=117) to work on /home/airflow/.local/lib/python3.8/site-packages/airflow/example_dags/example_external_task_marker_dag.py
[2023-11-13T18:39:43.655+0000] {processor.py:829} INFO - Processing file /home/airflow/.local/lib/python3.8/site-packages/airflow/example_dags/example_external_task_marker_dag.py for tasks to queue
[2023-11-13T18:39:43.658+0000] {logging_mixin.py:154} INFO - [2023-11-13T18:39:43.658+0000] {dagbag.py:536} INFO - Filling up the DagBag from /home/airflow/.local/lib/python3.8/site-packages/airflow/example_dags/example_external_task_marker_dag.py
[2023-11-13T18:39:43.665+0000] {processor.py:839} INFO - DAG(s) dict_keys(['example_external_task_marker_child', 'example_external_task_marker_parent']) retrieved from /home/airflow/.local/lib/python3.8/site-packages/airflow/example_dags/example_external_task_marker_dag.py
[2023-11-13T18:39:43.722+0000] {logging_mixin.py:154} INFO - [2023-11-13T18:39:43.721+0000] {dag.py:2941} INFO - Sync 2 DAGs
[2023-11-13T18:39:43.735+0000] {logging_mixin.py:154} INFO - [2023-11-13T18:39:43.735+0000] {dag.py:3722} INFO - Setting next_dagrun for example_external_task_marker_child to None, run_after=None
[2023-11-13T18:39:43.738+0000] {logging_mixin.py:154} INFO - [2023-11-13T18:39:43.737+0000] {dag.py:3722} INFO - Setting next_dagrun for example_external_task_marker_parent to None, run_after=None
[2023-11-13T18:39:43.767+0000] {processor.py:179} INFO - Processing /home/airflow/.local/lib/python3.8/site-packages/airflow/example_dags/example_external_task_marker_dag.py took 0.117 seconds
[2023-11-13T18:40:16.616+0000] {processor.py:157} INFO - Started process (PID=171) to work on /home/airflow/.local/lib/python3.8/site-packages/airflow/example_dags/example_external_task_marker_dag.py
[2023-11-13T18:40:16.633+0000] {processor.py:829} INFO - Processing file /home/airflow/.local/lib/python3.8/site-packages/airflow/example_dags/example_external_task_marker_dag.py for tasks to queue
[2023-11-13T18:40:16.640+0000] {logging_mixin.py:154} INFO - [2023-11-13T18:40:16.639+0000] {dagbag.py:536} INFO - Filling up the DagBag from /home/airflow/.local/lib/python3.8/site-packages/airflow/example_dags/example_external_task_marker_dag.py
[2023-11-13T18:40:16.654+0000] {processor.py:839} INFO - DAG(s) dict_keys(['example_external_task_marker_child', 'example_external_task_marker_parent']) retrieved from /home/airflow/.local/lib/python3.8/site-packages/airflow/example_dags/example_external_task_marker_dag.py
[2023-11-13T18:40:16.708+0000] {logging_mixin.py:154} INFO - [2023-11-13T18:40:16.708+0000] {dag.py:2941} INFO - Sync 2 DAGs
[2023-11-13T18:40:16.741+0000] {logging_mixin.py:154} INFO - [2023-11-13T18:40:16.741+0000] {dag.py:3722} INFO - Setting next_dagrun for example_external_task_marker_child to None, run_after=None
[2023-11-13T18:40:16.750+0000] {logging_mixin.py:154} INFO - [2023-11-13T18:40:16.750+0000] {dag.py:3722} INFO - Setting next_dagrun for example_external_task_marker_parent to None, run_after=None
[2023-11-13T18:40:16.777+0000] {processor.py:179} INFO - Processing /home/airflow/.local/lib/python3.8/site-packages/airflow/example_dags/example_external_task_marker_dag.py took 0.172 seconds
[2023-11-13T18:40:47.053+0000] {processor.py:157} INFO - Started process (PID=225) to work on /home/airflow/.local/lib/python3.8/site-packages/airflow/example_dags/example_external_task_marker_dag.py
[2023-11-13T18:40:47.053+0000] {processor.py:829} INFO - Processing file /home/airflow/.local/lib/python3.8/site-packages/airflow/example_dags/example_external_task_marker_dag.py for tasks to queue
[2023-11-13T18:40:47.055+0000] {logging_mixin.py:154} INFO - [2023-11-13T18:40:47.054+0000] {dagbag.py:536} INFO - Filling up the DagBag from /home/airflow/.local/lib/python3.8/site-packages/airflow/example_dags/example_external_task_marker_dag.py
[2023-11-13T18:40:47.058+0000] {processor.py:839} INFO - DAG(s) dict_keys(['example_external_task_marker_parent', 'example_external_task_marker_child']) retrieved from /home/airflow/.local/lib/python3.8/site-packages/airflow/example_dags/example_external_task_marker_dag.py
[2023-11-13T18:40:47.072+0000] {logging_mixin.py:154} INFO - [2023-11-13T18:40:47.072+0000] {dag.py:2941} INFO - Sync 2 DAGs
[2023-11-13T18:40:47.079+0000] {logging_mixin.py:154} INFO - [2023-11-13T18:40:47.079+0000] {dag.py:3722} INFO - Setting next_dagrun for example_external_task_marker_child to None, run_after=None
[2023-11-13T18:40:47.080+0000] {logging_mixin.py:154} INFO - [2023-11-13T18:40:47.080+0000] {dag.py:3722} INFO - Setting next_dagrun for example_external_task_marker_parent to None, run_after=None
[2023-11-13T18:40:47.088+0000] {processor.py:179} INFO - Processing /home/airflow/.local/lib/python3.8/site-packages/airflow/example_dags/example_external_task_marker_dag.py took 0.037 seconds
[2023-11-13T18:41:17.246+0000] {processor.py:157} INFO - Started process (PID=279) to work on /home/airflow/.local/lib/python3.8/site-packages/airflow/example_dags/example_external_task_marker_dag.py
[2023-11-13T18:41:17.247+0000] {processor.py:829} INFO - Processing file /home/airflow/.local/lib/python3.8/site-packages/airflow/example_dags/example_external_task_marker_dag.py for tasks to queue
[2023-11-13T18:41:17.249+0000] {logging_mixin.py:154} INFO - [2023-11-13T18:41:17.249+0000] {dagbag.py:536} INFO - Filling up the DagBag from /home/airflow/.local/lib/python3.8/site-packages/airflow/example_dags/example_external_task_marker_dag.py
[2023-11-13T18:41:17.254+0000] {processor.py:839} INFO - DAG(s) dict_keys(['example_external_task_marker_parent', 'example_external_task_marker_child']) retrieved from /home/airflow/.local/lib/python3.8/site-packages/airflow/example_dags/example_external_task_marker_dag.py
[2023-11-13T18:41:17.273+0000] {logging_mixin.py:154} INFO - [2023-11-13T18:41:17.273+0000] {dag.py:2941} INFO - Sync 2 DAGs
[2023-11-13T18:41:17.282+0000] {logging_mixin.py:154} INFO - [2023-11-13T18:41:17.282+0000] {dag.py:3722} INFO - Setting next_dagrun for example_external_task_marker_child to None, run_after=None
[2023-11-13T18:41:17.285+0000] {logging_mixin.py:154} INFO - [2023-11-13T18:41:17.285+0000] {dag.py:3722} INFO - Setting next_dagrun for example_external_task_marker_parent to None, run_after=None
[2023-11-13T18:41:17.298+0000] {processor.py:179} INFO - Processing /home/airflow/.local/lib/python3.8/site-packages/airflow/example_dags/example_external_task_marker_dag.py took 0.055 seconds
[2023-11-13T18:41:48.162+0000] {processor.py:157} INFO - Started process (PID=332) to work on /home/airflow/.local/lib/python3.8/site-packages/airflow/example_dags/example_external_task_marker_dag.py
[2023-11-13T18:41:48.163+0000] {processor.py:829} INFO - Processing file /home/airflow/.local/lib/python3.8/site-packages/airflow/example_dags/example_external_task_marker_dag.py for tasks to queue
[2023-11-13T18:41:48.164+0000] {logging_mixin.py:154} INFO - [2023-11-13T18:41:48.164+0000] {dagbag.py:536} INFO - Filling up the DagBag from /home/airflow/.local/lib/python3.8/site-packages/airflow/example_dags/example_external_task_marker_dag.py
[2023-11-13T18:41:48.168+0000] {processor.py:839} INFO - DAG(s) dict_keys(['example_external_task_marker_parent', 'example_external_task_marker_child']) retrieved from /home/airflow/.local/lib/python3.8/site-packages/airflow/example_dags/example_external_task_marker_dag.py
[2023-11-13T18:41:48.187+0000] {logging_mixin.py:154} INFO - [2023-11-13T18:41:48.186+0000] {dag.py:2941} INFO - Sync 2 DAGs
[2023-11-13T18:41:48.193+0000] {logging_mixin.py:154} INFO - [2023-11-13T18:41:48.193+0000] {dag.py:3722} INFO - Setting next_dagrun for example_external_task_marker_child to None, run_after=None
[2023-11-13T18:41:48.194+0000] {logging_mixin.py:154} INFO - [2023-11-13T18:41:48.194+0000] {dag.py:3722} INFO - Setting next_dagrun for example_external_task_marker_parent to None, run_after=None
[2023-11-13T18:41:48.201+0000] {processor.py:179} INFO - Processing /home/airflow/.local/lib/python3.8/site-packages/airflow/example_dags/example_external_task_marker_dag.py took 0.041 seconds
[2023-11-13T18:42:18.700+0000] {processor.py:157} INFO - Started process (PID=386) to work on /home/airflow/.local/lib/python3.8/site-packages/airflow/example_dags/example_external_task_marker_dag.py
[2023-11-13T18:42:18.702+0000] {processor.py:829} INFO - Processing file /home/airflow/.local/lib/python3.8/site-packages/airflow/example_dags/example_external_task_marker_dag.py for tasks to queue
[2023-11-13T18:42:18.706+0000] {logging_mixin.py:154} INFO - [2023-11-13T18:42:18.705+0000] {dagbag.py:536} INFO - Filling up the DagBag from /home/airflow/.local/lib/python3.8/site-packages/airflow/example_dags/example_external_task_marker_dag.py
[2023-11-13T18:42:18.714+0000] {processor.py:839} INFO - DAG(s) dict_keys(['example_external_task_marker_parent', 'example_external_task_marker_child']) retrieved from /home/airflow/.local/lib/python3.8/site-packages/airflow/example_dags/example_external_task_marker_dag.py
[2023-11-13T18:42:18.747+0000] {logging_mixin.py:154} INFO - [2023-11-13T18:42:18.747+0000] {dag.py:2941} INFO - Sync 2 DAGs
[2023-11-13T18:42:18.760+0000] {logging_mixin.py:154} INFO - [2023-11-13T18:42:18.760+0000] {dag.py:3722} INFO - Setting next_dagrun for example_external_task_marker_child to None, run_after=None
[2023-11-13T18:42:18.763+0000] {logging_mixin.py:154} INFO - [2023-11-13T18:42:18.763+0000] {dag.py:3722} INFO - Setting next_dagrun for example_external_task_marker_parent to None, run_after=None
[2023-11-13T18:42:18.774+0000] {processor.py:179} INFO - Processing /home/airflow/.local/lib/python3.8/site-packages/airflow/example_dags/example_external_task_marker_dag.py took 0.078 seconds
[2023-11-13T18:42:48.935+0000] {processor.py:157} INFO - Started process (PID=440) to work on /home/airflow/.local/lib/python3.8/site-packages/airflow/example_dags/example_external_task_marker_dag.py
[2023-11-13T18:42:48.936+0000] {processor.py:829} INFO - Processing file /home/airflow/.local/lib/python3.8/site-packages/airflow/example_dags/example_external_task_marker_dag.py for tasks to queue
[2023-11-13T18:42:48.938+0000] {logging_mixin.py:154} INFO - [2023-11-13T18:42:48.938+0000] {dagbag.py:536} INFO - Filling up the DagBag from /home/airflow/.local/lib/python3.8/site-packages/airflow/example_dags/example_external_task_marker_dag.py
[2023-11-13T18:42:48.942+0000] {processor.py:839} INFO - DAG(s) dict_keys(['example_external_task_marker_parent', 'example_external_task_marker_child']) retrieved from /home/airflow/.local/lib/python3.8/site-packages/airflow/example_dags/example_external_task_marker_dag.py
[2023-11-13T18:42:48.962+0000] {logging_mixin.py:154} INFO - [2023-11-13T18:42:48.961+0000] {dag.py:2941} INFO - Sync 2 DAGs
[2023-11-13T18:42:48.970+0000] {logging_mixin.py:154} INFO - [2023-11-13T18:42:48.970+0000] {dag.py:3722} INFO - Setting next_dagrun for example_external_task_marker_child to None, run_after=None
[2023-11-13T18:42:48.973+0000] {logging_mixin.py:154} INFO - [2023-11-13T18:42:48.972+0000] {dag.py:3722} INFO - Setting next_dagrun for example_external_task_marker_parent to None, run_after=None
[2023-11-13T18:42:48.981+0000] {processor.py:179} INFO - Processing /home/airflow/.local/lib/python3.8/site-packages/airflow/example_dags/example_external_task_marker_dag.py took 0.050 seconds
[2023-11-13T19:57:45.845+0000] {processor.py:157} INFO - Started process (PID=63) to work on /home/airflow/.local/lib/python3.8/site-packages/airflow/example_dags/example_external_task_marker_dag.py
[2023-11-13T19:57:45.845+0000] {processor.py:829} INFO - Processing file /home/airflow/.local/lib/python3.8/site-packages/airflow/example_dags/example_external_task_marker_dag.py for tasks to queue
[2023-11-13T19:57:45.847+0000] {logging_mixin.py:154} INFO - [2023-11-13T19:57:45.847+0000] {dagbag.py:536} INFO - Filling up the DagBag from /home/airflow/.local/lib/python3.8/site-packages/airflow/example_dags/example_external_task_marker_dag.py
[2023-11-13T19:57:45.853+0000] {processor.py:839} INFO - DAG(s) dict_keys(['example_external_task_marker_parent', 'example_external_task_marker_child']) retrieved from /home/airflow/.local/lib/python3.8/site-packages/airflow/example_dags/example_external_task_marker_dag.py
[2023-11-13T19:57:45.869+0000] {logging_mixin.py:154} INFO - [2023-11-13T19:57:45.869+0000] {dag.py:2941} INFO - Sync 2 DAGs
[2023-11-13T19:57:45.876+0000] {logging_mixin.py:154} INFO - [2023-11-13T19:57:45.876+0000] {dag.py:3722} INFO - Setting next_dagrun for example_external_task_marker_child to None, run_after=None
[2023-11-13T19:57:45.879+0000] {logging_mixin.py:154} INFO - [2023-11-13T19:57:45.878+0000] {dag.py:3722} INFO - Setting next_dagrun for example_external_task_marker_parent to None, run_after=None
[2023-11-13T19:57:45.888+0000] {processor.py:179} INFO - Processing /home/airflow/.local/lib/python3.8/site-packages/airflow/example_dags/example_external_task_marker_dag.py took 0.046 seconds
[2023-11-13T19:58:16.168+0000] {processor.py:157} INFO - Started process (PID=117) to work on /home/airflow/.local/lib/python3.8/site-packages/airflow/example_dags/example_external_task_marker_dag.py
[2023-11-13T19:58:16.169+0000] {processor.py:829} INFO - Processing file /home/airflow/.local/lib/python3.8/site-packages/airflow/example_dags/example_external_task_marker_dag.py for tasks to queue
[2023-11-13T19:58:16.171+0000] {logging_mixin.py:154} INFO - [2023-11-13T19:58:16.171+0000] {dagbag.py:536} INFO - Filling up the DagBag from /home/airflow/.local/lib/python3.8/site-packages/airflow/example_dags/example_external_task_marker_dag.py
[2023-11-13T19:58:16.175+0000] {processor.py:839} INFO - DAG(s) dict_keys(['example_external_task_marker_child', 'example_external_task_marker_parent']) retrieved from /home/airflow/.local/lib/python3.8/site-packages/airflow/example_dags/example_external_task_marker_dag.py
[2023-11-13T19:58:16.190+0000] {logging_mixin.py:154} INFO - [2023-11-13T19:58:16.190+0000] {dag.py:2941} INFO - Sync 2 DAGs
[2023-11-13T19:58:16.197+0000] {logging_mixin.py:154} INFO - [2023-11-13T19:58:16.197+0000] {dag.py:3722} INFO - Setting next_dagrun for example_external_task_marker_child to None, run_after=None
[2023-11-13T19:58:16.199+0000] {logging_mixin.py:154} INFO - [2023-11-13T19:58:16.199+0000] {dag.py:3722} INFO - Setting next_dagrun for example_external_task_marker_parent to None, run_after=None
[2023-11-13T19:58:16.208+0000] {processor.py:179} INFO - Processing /home/airflow/.local/lib/python3.8/site-packages/airflow/example_dags/example_external_task_marker_dag.py took 0.042 seconds
[2023-11-13T19:58:46.528+0000] {processor.py:157} INFO - Started process (PID=171) to work on /home/airflow/.local/lib/python3.8/site-packages/airflow/example_dags/example_external_task_marker_dag.py
[2023-11-13T19:58:46.529+0000] {processor.py:829} INFO - Processing file /home/airflow/.local/lib/python3.8/site-packages/airflow/example_dags/example_external_task_marker_dag.py for tasks to queue
[2023-11-13T19:58:46.531+0000] {logging_mixin.py:154} INFO - [2023-11-13T19:58:46.531+0000] {dagbag.py:536} INFO - Filling up the DagBag from /home/airflow/.local/lib/python3.8/site-packages/airflow/example_dags/example_external_task_marker_dag.py
[2023-11-13T19:58:46.535+0000] {processor.py:839} INFO - DAG(s) dict_keys(['example_external_task_marker_parent', 'example_external_task_marker_child']) retrieved from /home/airflow/.local/lib/python3.8/site-packages/airflow/example_dags/example_external_task_marker_dag.py
[2023-11-13T19:58:46.549+0000] {logging_mixin.py:154} INFO - [2023-11-13T19:58:46.549+0000] {dag.py:2941} INFO - Sync 2 DAGs
[2023-11-13T19:58:46.556+0000] {logging_mixin.py:154} INFO - [2023-11-13T19:58:46.556+0000] {dag.py:3722} INFO - Setting next_dagrun for example_external_task_marker_child to None, run_after=None
[2023-11-13T19:58:46.558+0000] {logging_mixin.py:154} INFO - [2023-11-13T19:58:46.558+0000] {dag.py:3722} INFO - Setting next_dagrun for example_external_task_marker_parent to None, run_after=None
[2023-11-13T19:58:46.565+0000] {processor.py:179} INFO - Processing /home/airflow/.local/lib/python3.8/site-packages/airflow/example_dags/example_external_task_marker_dag.py took 0.039 seconds
[2023-11-13T19:59:16.742+0000] {processor.py:157} INFO - Started process (PID=225) to work on /home/airflow/.local/lib/python3.8/site-packages/airflow/example_dags/example_external_task_marker_dag.py
[2023-11-13T19:59:16.743+0000] {processor.py:829} INFO - Processing file /home/airflow/.local/lib/python3.8/site-packages/airflow/example_dags/example_external_task_marker_dag.py for tasks to queue
[2023-11-13T19:59:16.745+0000] {logging_mixin.py:154} INFO - [2023-11-13T19:59:16.745+0000] {dagbag.py:536} INFO - Filling up the DagBag from /home/airflow/.local/lib/python3.8/site-packages/airflow/example_dags/example_external_task_marker_dag.py
[2023-11-13T19:59:16.749+0000] {processor.py:839} INFO - DAG(s) dict_keys(['example_external_task_marker_child', 'example_external_task_marker_parent']) retrieved from /home/airflow/.local/lib/python3.8/site-packages/airflow/example_dags/example_external_task_marker_dag.py
[2023-11-13T19:59:16.763+0000] {logging_mixin.py:154} INFO - [2023-11-13T19:59:16.763+0000] {dag.py:2941} INFO - Sync 2 DAGs
[2023-11-13T19:59:16.771+0000] {logging_mixin.py:154} INFO - [2023-11-13T19:59:16.770+0000] {dag.py:3722} INFO - Setting next_dagrun for example_external_task_marker_child to None, run_after=None
[2023-11-13T19:59:16.773+0000] {logging_mixin.py:154} INFO - [2023-11-13T19:59:16.773+0000] {dag.py:3722} INFO - Setting next_dagrun for example_external_task_marker_parent to None, run_after=None
[2023-11-13T19:59:16.782+0000] {processor.py:179} INFO - Processing /home/airflow/.local/lib/python3.8/site-packages/airflow/example_dags/example_external_task_marker_dag.py took 0.042 seconds
[2023-11-13T19:59:47.390+0000] {processor.py:157} INFO - Started process (PID=279) to work on /home/airflow/.local/lib/python3.8/site-packages/airflow/example_dags/example_external_task_marker_dag.py
[2023-11-13T19:59:47.391+0000] {processor.py:829} INFO - Processing file /home/airflow/.local/lib/python3.8/site-packages/airflow/example_dags/example_external_task_marker_dag.py for tasks to queue
[2023-11-13T19:59:47.392+0000] {logging_mixin.py:154} INFO - [2023-11-13T19:59:47.392+0000] {dagbag.py:536} INFO - Filling up the DagBag from /home/airflow/.local/lib/python3.8/site-packages/airflow/example_dags/example_external_task_marker_dag.py
[2023-11-13T19:59:47.396+0000] {processor.py:839} INFO - DAG(s) dict_keys(['example_external_task_marker_child', 'example_external_task_marker_parent']) retrieved from /home/airflow/.local/lib/python3.8/site-packages/airflow/example_dags/example_external_task_marker_dag.py
[2023-11-13T19:59:47.409+0000] {logging_mixin.py:154} INFO - [2023-11-13T19:59:47.409+0000] {dag.py:2941} INFO - Sync 2 DAGs
[2023-11-13T19:59:47.416+0000] {logging_mixin.py:154} INFO - [2023-11-13T19:59:47.416+0000] {dag.py:3722} INFO - Setting next_dagrun for example_external_task_marker_child to None, run_after=None
[2023-11-13T19:59:47.418+0000] {logging_mixin.py:154} INFO - [2023-11-13T19:59:47.418+0000] {dag.py:3722} INFO - Setting next_dagrun for example_external_task_marker_parent to None, run_after=None
[2023-11-13T19:59:47.427+0000] {processor.py:179} INFO - Processing /home/airflow/.local/lib/python3.8/site-packages/airflow/example_dags/example_external_task_marker_dag.py took 0.039 seconds
[2023-11-13T20:00:18.117+0000] {processor.py:157} INFO - Started process (PID=332) to work on /home/airflow/.local/lib/python3.8/site-packages/airflow/example_dags/example_external_task_marker_dag.py
[2023-11-13T20:00:18.118+0000] {processor.py:829} INFO - Processing file /home/airflow/.local/lib/python3.8/site-packages/airflow/example_dags/example_external_task_marker_dag.py for tasks to queue
[2023-11-13T20:00:18.119+0000] {logging_mixin.py:154} INFO - [2023-11-13T20:00:18.119+0000] {dagbag.py:536} INFO - Filling up the DagBag from /home/airflow/.local/lib/python3.8/site-packages/airflow/example_dags/example_external_task_marker_dag.py
[2023-11-13T20:00:18.124+0000] {processor.py:839} INFO - DAG(s) dict_keys(['example_external_task_marker_child', 'example_external_task_marker_parent']) retrieved from /home/airflow/.local/lib/python3.8/site-packages/airflow/example_dags/example_external_task_marker_dag.py
[2023-11-13T20:00:18.140+0000] {logging_mixin.py:154} INFO - [2023-11-13T20:00:18.140+0000] {dag.py:2941} INFO - Sync 2 DAGs
[2023-11-13T20:00:18.149+0000] {logging_mixin.py:154} INFO - [2023-11-13T20:00:18.149+0000] {dag.py:3722} INFO - Setting next_dagrun for example_external_task_marker_child to None, run_after=None
[2023-11-13T20:00:18.151+0000] {logging_mixin.py:154} INFO - [2023-11-13T20:00:18.151+0000] {dag.py:3722} INFO - Setting next_dagrun for example_external_task_marker_parent to None, run_after=None
[2023-11-13T20:00:18.160+0000] {processor.py:179} INFO - Processing /home/airflow/.local/lib/python3.8/site-packages/airflow/example_dags/example_external_task_marker_dag.py took 0.045 seconds
[2023-11-13T20:00:48.279+0000] {processor.py:157} INFO - Started process (PID=386) to work on /home/airflow/.local/lib/python3.8/site-packages/airflow/example_dags/example_external_task_marker_dag.py
[2023-11-13T20:00:48.279+0000] {processor.py:829} INFO - Processing file /home/airflow/.local/lib/python3.8/site-packages/airflow/example_dags/example_external_task_marker_dag.py for tasks to queue
[2023-11-13T20:00:48.281+0000] {logging_mixin.py:154} INFO - [2023-11-13T20:00:48.281+0000] {dagbag.py:536} INFO - Filling up the DagBag from /home/airflow/.local/lib/python3.8/site-packages/airflow/example_dags/example_external_task_marker_dag.py
[2023-11-13T20:00:48.285+0000] {processor.py:839} INFO - DAG(s) dict_keys(['example_external_task_marker_child', 'example_external_task_marker_parent']) retrieved from /home/airflow/.local/lib/python3.8/site-packages/airflow/example_dags/example_external_task_marker_dag.py
[2023-11-13T20:00:48.300+0000] {logging_mixin.py:154} INFO - [2023-11-13T20:00:48.300+0000] {dag.py:2941} INFO - Sync 2 DAGs
[2023-11-13T20:00:48.309+0000] {logging_mixin.py:154} INFO - [2023-11-13T20:00:48.309+0000] {dag.py:3722} INFO - Setting next_dagrun for example_external_task_marker_child to None, run_after=None
[2023-11-13T20:00:48.311+0000] {logging_mixin.py:154} INFO - [2023-11-13T20:00:48.311+0000] {dag.py:3722} INFO - Setting next_dagrun for example_external_task_marker_parent to None, run_after=None
[2023-11-13T20:00:48.320+0000] {processor.py:179} INFO - Processing /home/airflow/.local/lib/python3.8/site-packages/airflow/example_dags/example_external_task_marker_dag.py took 0.044 seconds
[2023-11-13T20:01:19.000+0000] {processor.py:157} INFO - Started process (PID=440) to work on /home/airflow/.local/lib/python3.8/site-packages/airflow/example_dags/example_external_task_marker_dag.py
[2023-11-13T20:01:19.001+0000] {processor.py:829} INFO - Processing file /home/airflow/.local/lib/python3.8/site-packages/airflow/example_dags/example_external_task_marker_dag.py for tasks to queue
[2023-11-13T20:01:19.003+0000] {logging_mixin.py:154} INFO - [2023-11-13T20:01:19.002+0000] {dagbag.py:536} INFO - Filling up the DagBag from /home/airflow/.local/lib/python3.8/site-packages/airflow/example_dags/example_external_task_marker_dag.py
[2023-11-13T20:01:19.006+0000] {processor.py:839} INFO - DAG(s) dict_keys(['example_external_task_marker_parent', 'example_external_task_marker_child']) retrieved from /home/airflow/.local/lib/python3.8/site-packages/airflow/example_dags/example_external_task_marker_dag.py
[2023-11-13T20:01:19.020+0000] {logging_mixin.py:154} INFO - [2023-11-13T20:01:19.020+0000] {dag.py:2941} INFO - Sync 2 DAGs
[2023-11-13T20:01:19.026+0000] {logging_mixin.py:154} INFO - [2023-11-13T20:01:19.026+0000] {dag.py:3722} INFO - Setting next_dagrun for example_external_task_marker_child to None, run_after=None
[2023-11-13T20:01:19.028+0000] {logging_mixin.py:154} INFO - [2023-11-13T20:01:19.028+0000] {dag.py:3722} INFO - Setting next_dagrun for example_external_task_marker_parent to None, run_after=None
[2023-11-13T20:01:19.036+0000] {processor.py:179} INFO - Processing /home/airflow/.local/lib/python3.8/site-packages/airflow/example_dags/example_external_task_marker_dag.py took 0.038 seconds
[2023-11-13T20:01:49.689+0000] {processor.py:157} INFO - Started process (PID=494) to work on /home/airflow/.local/lib/python3.8/site-packages/airflow/example_dags/example_external_task_marker_dag.py
[2023-11-13T20:01:49.689+0000] {processor.py:829} INFO - Processing file /home/airflow/.local/lib/python3.8/site-packages/airflow/example_dags/example_external_task_marker_dag.py for tasks to queue
[2023-11-13T20:01:49.691+0000] {logging_mixin.py:154} INFO - [2023-11-13T20:01:49.690+0000] {dagbag.py:536} INFO - Filling up the DagBag from /home/airflow/.local/lib/python3.8/site-packages/airflow/example_dags/example_external_task_marker_dag.py
[2023-11-13T20:01:49.694+0000] {processor.py:839} INFO - DAG(s) dict_keys(['example_external_task_marker_child', 'example_external_task_marker_parent']) retrieved from /home/airflow/.local/lib/python3.8/site-packages/airflow/example_dags/example_external_task_marker_dag.py
[2023-11-13T20:01:49.709+0000] {logging_mixin.py:154} INFO - [2023-11-13T20:01:49.709+0000] {dag.py:2941} INFO - Sync 2 DAGs
[2023-11-13T20:01:49.717+0000] {logging_mixin.py:154} INFO - [2023-11-13T20:01:49.716+0000] {dag.py:3722} INFO - Setting next_dagrun for example_external_task_marker_child to None, run_after=None
[2023-11-13T20:01:49.719+0000] {logging_mixin.py:154} INFO - [2023-11-13T20:01:49.719+0000] {dag.py:3722} INFO - Setting next_dagrun for example_external_task_marker_parent to None, run_after=None
[2023-11-13T20:01:49.728+0000] {processor.py:179} INFO - Processing /home/airflow/.local/lib/python3.8/site-packages/airflow/example_dags/example_external_task_marker_dag.py took 0.041 seconds
[2023-11-13T20:02:20.478+0000] {processor.py:157} INFO - Started process (PID=548) to work on /home/airflow/.local/lib/python3.8/site-packages/airflow/example_dags/example_external_task_marker_dag.py
[2023-11-13T20:02:20.478+0000] {processor.py:829} INFO - Processing file /home/airflow/.local/lib/python3.8/site-packages/airflow/example_dags/example_external_task_marker_dag.py for tasks to queue
[2023-11-13T20:02:20.479+0000] {logging_mixin.py:154} INFO - [2023-11-13T20:02:20.479+0000] {dagbag.py:536} INFO - Filling up the DagBag from /home/airflow/.local/lib/python3.8/site-packages/airflow/example_dags/example_external_task_marker_dag.py
[2023-11-13T20:02:20.483+0000] {processor.py:839} INFO - DAG(s) dict_keys(['example_external_task_marker_parent', 'example_external_task_marker_child']) retrieved from /home/airflow/.local/lib/python3.8/site-packages/airflow/example_dags/example_external_task_marker_dag.py
[2023-11-13T20:02:20.495+0000] {logging_mixin.py:154} INFO - [2023-11-13T20:02:20.495+0000] {dag.py:2941} INFO - Sync 2 DAGs
[2023-11-13T20:02:20.501+0000] {logging_mixin.py:154} INFO - [2023-11-13T20:02:20.501+0000] {dag.py:3722} INFO - Setting next_dagrun for example_external_task_marker_child to None, run_after=None
[2023-11-13T20:02:20.503+0000] {logging_mixin.py:154} INFO - [2023-11-13T20:02:20.503+0000] {dag.py:3722} INFO - Setting next_dagrun for example_external_task_marker_parent to None, run_after=None
[2023-11-13T20:02:20.510+0000] {processor.py:179} INFO - Processing /home/airflow/.local/lib/python3.8/site-packages/airflow/example_dags/example_external_task_marker_dag.py took 0.034 seconds
[2023-11-13T20:02:50.837+0000] {processor.py:157} INFO - Started process (PID=602) to work on /home/airflow/.local/lib/python3.8/site-packages/airflow/example_dags/example_external_task_marker_dag.py
[2023-11-13T20:02:50.838+0000] {processor.py:829} INFO - Processing file /home/airflow/.local/lib/python3.8/site-packages/airflow/example_dags/example_external_task_marker_dag.py for tasks to queue
[2023-11-13T20:02:50.839+0000] {logging_mixin.py:154} INFO - [2023-11-13T20:02:50.839+0000] {dagbag.py:536} INFO - Filling up the DagBag from /home/airflow/.local/lib/python3.8/site-packages/airflow/example_dags/example_external_task_marker_dag.py
[2023-11-13T20:02:50.843+0000] {processor.py:839} INFO - DAG(s) dict_keys(['example_external_task_marker_child', 'example_external_task_marker_parent']) retrieved from /home/airflow/.local/lib/python3.8/site-packages/airflow/example_dags/example_external_task_marker_dag.py
[2023-11-13T20:02:50.855+0000] {logging_mixin.py:154} INFO - [2023-11-13T20:02:50.855+0000] {dag.py:2941} INFO - Sync 2 DAGs
[2023-11-13T20:02:50.861+0000] {logging_mixin.py:154} INFO - [2023-11-13T20:02:50.861+0000] {dag.py:3722} INFO - Setting next_dagrun for example_external_task_marker_child to None, run_after=None
[2023-11-13T20:02:50.863+0000] {logging_mixin.py:154} INFO - [2023-11-13T20:02:50.863+0000] {dag.py:3722} INFO - Setting next_dagrun for example_external_task_marker_parent to None, run_after=None
[2023-11-13T20:02:50.872+0000] {processor.py:179} INFO - Processing /home/airflow/.local/lib/python3.8/site-packages/airflow/example_dags/example_external_task_marker_dag.py took 0.036 seconds
[2023-11-13T20:03:21.010+0000] {processor.py:157} INFO - Started process (PID=656) to work on /home/airflow/.local/lib/python3.8/site-packages/airflow/example_dags/example_external_task_marker_dag.py
[2023-11-13T20:03:21.011+0000] {processor.py:829} INFO - Processing file /home/airflow/.local/lib/python3.8/site-packages/airflow/example_dags/example_external_task_marker_dag.py for tasks to queue
[2023-11-13T20:03:21.013+0000] {logging_mixin.py:154} INFO - [2023-11-13T20:03:21.012+0000] {dagbag.py:536} INFO - Filling up the DagBag from /home/airflow/.local/lib/python3.8/site-packages/airflow/example_dags/example_external_task_marker_dag.py
[2023-11-13T20:03:21.016+0000] {processor.py:839} INFO - DAG(s) dict_keys(['example_external_task_marker_parent', 'example_external_task_marker_child']) retrieved from /home/airflow/.local/lib/python3.8/site-packages/airflow/example_dags/example_external_task_marker_dag.py
[2023-11-13T20:03:21.030+0000] {logging_mixin.py:154} INFO - [2023-11-13T20:03:21.030+0000] {dag.py:2941} INFO - Sync 2 DAGs
[2023-11-13T20:03:21.038+0000] {logging_mixin.py:154} INFO - [2023-11-13T20:03:21.038+0000] {dag.py:3722} INFO - Setting next_dagrun for example_external_task_marker_child to None, run_after=None
[2023-11-13T20:03:21.040+0000] {logging_mixin.py:154} INFO - [2023-11-13T20:03:21.040+0000] {dag.py:3722} INFO - Setting next_dagrun for example_external_task_marker_parent to None, run_after=None
[2023-11-13T20:03:21.049+0000] {processor.py:179} INFO - Processing /home/airflow/.local/lib/python3.8/site-packages/airflow/example_dags/example_external_task_marker_dag.py took 0.041 seconds
[2023-11-13T20:03:52.061+0000] {processor.py:157} INFO - Started process (PID=710) to work on /home/airflow/.local/lib/python3.8/site-packages/airflow/example_dags/example_external_task_marker_dag.py
[2023-11-13T20:03:52.062+0000] {processor.py:829} INFO - Processing file /home/airflow/.local/lib/python3.8/site-packages/airflow/example_dags/example_external_task_marker_dag.py for tasks to queue
[2023-11-13T20:03:52.064+0000] {logging_mixin.py:154} INFO - [2023-11-13T20:03:52.063+0000] {dagbag.py:536} INFO - Filling up the DagBag from /home/airflow/.local/lib/python3.8/site-packages/airflow/example_dags/example_external_task_marker_dag.py
[2023-11-13T20:03:52.067+0000] {processor.py:839} INFO - DAG(s) dict_keys(['example_external_task_marker_parent', 'example_external_task_marker_child']) retrieved from /home/airflow/.local/lib/python3.8/site-packages/airflow/example_dags/example_external_task_marker_dag.py
[2023-11-13T20:03:52.081+0000] {logging_mixin.py:154} INFO - [2023-11-13T20:03:52.081+0000] {dag.py:2941} INFO - Sync 2 DAGs
[2023-11-13T20:03:52.088+0000] {logging_mixin.py:154} INFO - [2023-11-13T20:03:52.087+0000] {dag.py:3722} INFO - Setting next_dagrun for example_external_task_marker_child to None, run_after=None
[2023-11-13T20:03:52.089+0000] {logging_mixin.py:154} INFO - [2023-11-13T20:03:52.089+0000] {dag.py:3722} INFO - Setting next_dagrun for example_external_task_marker_parent to None, run_after=None
[2023-11-13T20:03:52.098+0000] {processor.py:179} INFO - Processing /home/airflow/.local/lib/python3.8/site-packages/airflow/example_dags/example_external_task_marker_dag.py took 0.039 seconds
[2023-11-13T20:04:22.213+0000] {processor.py:157} INFO - Started process (PID=764) to work on /home/airflow/.local/lib/python3.8/site-packages/airflow/example_dags/example_external_task_marker_dag.py
[2023-11-13T20:04:22.214+0000] {processor.py:829} INFO - Processing file /home/airflow/.local/lib/python3.8/site-packages/airflow/example_dags/example_external_task_marker_dag.py for tasks to queue
[2023-11-13T20:04:22.215+0000] {logging_mixin.py:154} INFO - [2023-11-13T20:04:22.215+0000] {dagbag.py:536} INFO - Filling up the DagBag from /home/airflow/.local/lib/python3.8/site-packages/airflow/example_dags/example_external_task_marker_dag.py
[2023-11-13T20:04:22.219+0000] {processor.py:839} INFO - DAG(s) dict_keys(['example_external_task_marker_parent', 'example_external_task_marker_child']) retrieved from /home/airflow/.local/lib/python3.8/site-packages/airflow/example_dags/example_external_task_marker_dag.py
[2023-11-13T20:04:22.232+0000] {logging_mixin.py:154} INFO - [2023-11-13T20:04:22.232+0000] {dag.py:2941} INFO - Sync 2 DAGs
[2023-11-13T20:04:22.238+0000] {logging_mixin.py:154} INFO - [2023-11-13T20:04:22.238+0000] {dag.py:3722} INFO - Setting next_dagrun for example_external_task_marker_child to None, run_after=None
[2023-11-13T20:04:22.240+0000] {logging_mixin.py:154} INFO - [2023-11-13T20:04:22.240+0000] {dag.py:3722} INFO - Setting next_dagrun for example_external_task_marker_parent to None, run_after=None
[2023-11-13T20:04:22.247+0000] {processor.py:179} INFO - Processing /home/airflow/.local/lib/python3.8/site-packages/airflow/example_dags/example_external_task_marker_dag.py took 0.036 seconds
[2023-11-13T20:04:52.361+0000] {processor.py:157} INFO - Started process (PID=818) to work on /home/airflow/.local/lib/python3.8/site-packages/airflow/example_dags/example_external_task_marker_dag.py
[2023-11-13T20:04:52.362+0000] {processor.py:829} INFO - Processing file /home/airflow/.local/lib/python3.8/site-packages/airflow/example_dags/example_external_task_marker_dag.py for tasks to queue
[2023-11-13T20:04:52.363+0000] {logging_mixin.py:154} INFO - [2023-11-13T20:04:52.363+0000] {dagbag.py:536} INFO - Filling up the DagBag from /home/airflow/.local/lib/python3.8/site-packages/airflow/example_dags/example_external_task_marker_dag.py
[2023-11-13T20:04:52.366+0000] {processor.py:839} INFO - DAG(s) dict_keys(['example_external_task_marker_parent', 'example_external_task_marker_child']) retrieved from /home/airflow/.local/lib/python3.8/site-packages/airflow/example_dags/example_external_task_marker_dag.py
[2023-11-13T20:04:52.379+0000] {logging_mixin.py:154} INFO - [2023-11-13T20:04:52.379+0000] {dag.py:2941} INFO - Sync 2 DAGs
[2023-11-13T20:04:52.385+0000] {logging_mixin.py:154} INFO - [2023-11-13T20:04:52.385+0000] {dag.py:3722} INFO - Setting next_dagrun for example_external_task_marker_child to None, run_after=None
[2023-11-13T20:04:52.386+0000] {logging_mixin.py:154} INFO - [2023-11-13T20:04:52.386+0000] {dag.py:3722} INFO - Setting next_dagrun for example_external_task_marker_parent to None, run_after=None
[2023-11-13T20:04:52.393+0000] {processor.py:179} INFO - Processing /home/airflow/.local/lib/python3.8/site-packages/airflow/example_dags/example_external_task_marker_dag.py took 0.034 seconds
