[2023-11-13T18:39:05.821+0000] {processor.py:157} INFO - Started process (PID=42) to work on /home/airflow/.local/lib/python3.8/site-packages/airflow/example_dags/example_branch_operator_decorator.py
[2023-11-13T18:39:05.822+0000] {processor.py:829} INFO - Processing file /home/airflow/.local/lib/python3.8/site-packages/airflow/example_dags/example_branch_operator_decorator.py for tasks to queue
[2023-11-13T18:39:05.823+0000] {logging_mixin.py:154} INFO - [2023-11-13T18:39:05.823+0000] {dagbag.py:536} INFO - Filling up the DagBag from /home/airflow/.local/lib/python3.8/site-packages/airflow/example_dags/example_branch_operator_decorator.py
[2023-11-13T18:39:05.834+0000] {processor.py:839} INFO - DAG(s) dict_keys(['example_branch_python_operator_decorator']) retrieved from /home/airflow/.local/lib/python3.8/site-packages/airflow/example_dags/example_branch_operator_decorator.py
[2023-11-13T18:39:05.967+0000] {logging_mixin.py:154} INFO - [2023-11-13T18:39:05.967+0000] {manager.py:499} INFO - Created Permission View: %s
[2023-11-13T18:39:05.977+0000] {logging_mixin.py:154} INFO - [2023-11-13T18:39:05.977+0000] {manager.py:499} INFO - Created Permission View: %s
[2023-11-13T18:39:05.990+0000] {logging_mixin.py:154} INFO - [2023-11-13T18:39:05.989+0000] {manager.py:499} INFO - Created Permission View: %s
[2023-11-13T18:39:05.990+0000] {logging_mixin.py:154} INFO - [2023-11-13T18:39:05.990+0000] {dag.py:2941} INFO - Sync 1 DAGs
[2023-11-13T18:39:06.003+0000] {logging_mixin.py:154} INFO - [2023-11-13T18:39:06.003+0000] {dag.py:2963} INFO - Creating ORM DAG for example_branch_python_operator_decorator
[2023-11-13T18:39:06.012+0000] {logging_mixin.py:154} INFO - [2023-11-13T18:39:06.012+0000] {dag.py:3722} INFO - Setting next_dagrun for example_branch_python_operator_decorator to 2023-11-12T00:00:00+00:00, run_after=2023-11-13T00:00:00+00:00
[2023-11-13T18:39:06.044+0000] {processor.py:179} INFO - Processing /home/airflow/.local/lib/python3.8/site-packages/airflow/example_dags/example_branch_operator_decorator.py took 0.226 seconds
[2023-11-13T18:39:40.012+0000] {processor.py:157} INFO - Started process (PID=96) to work on /home/airflow/.local/lib/python3.8/site-packages/airflow/example_dags/example_branch_operator_decorator.py
[2023-11-13T18:39:40.022+0000] {processor.py:829} INFO - Processing file /home/airflow/.local/lib/python3.8/site-packages/airflow/example_dags/example_branch_operator_decorator.py for tasks to queue
[2023-11-13T18:39:40.060+0000] {logging_mixin.py:154} INFO - [2023-11-13T18:39:40.059+0000] {dagbag.py:536} INFO - Filling up the DagBag from /home/airflow/.local/lib/python3.8/site-packages/airflow/example_dags/example_branch_operator_decorator.py
[2023-11-13T18:39:40.117+0000] {processor.py:839} INFO - DAG(s) dict_keys(['example_branch_python_operator_decorator']) retrieved from /home/airflow/.local/lib/python3.8/site-packages/airflow/example_dags/example_branch_operator_decorator.py
[2023-11-13T18:39:40.192+0000] {logging_mixin.py:154} INFO - [2023-11-13T18:39:40.192+0000] {dag.py:2941} INFO - Sync 1 DAGs
[2023-11-13T18:39:40.411+0000] {logging_mixin.py:154} INFO - [2023-11-13T18:39:40.408+0000] {dag.py:3722} INFO - Setting next_dagrun for example_branch_python_operator_decorator to 2023-11-12T00:00:00+00:00, run_after=2023-11-13T00:00:00+00:00
[2023-11-13T18:39:40.562+0000] {processor.py:179} INFO - Processing /home/airflow/.local/lib/python3.8/site-packages/airflow/example_dags/example_branch_operator_decorator.py took 0.565 seconds
[2023-11-13T18:40:10.957+0000] {processor.py:157} INFO - Started process (PID=150) to work on /home/airflow/.local/lib/python3.8/site-packages/airflow/example_dags/example_branch_operator_decorator.py
[2023-11-13T18:40:10.960+0000] {processor.py:829} INFO - Processing file /home/airflow/.local/lib/python3.8/site-packages/airflow/example_dags/example_branch_operator_decorator.py for tasks to queue
[2023-11-13T18:40:10.964+0000] {logging_mixin.py:154} INFO - [2023-11-13T18:40:10.963+0000] {dagbag.py:536} INFO - Filling up the DagBag from /home/airflow/.local/lib/python3.8/site-packages/airflow/example_dags/example_branch_operator_decorator.py
[2023-11-13T18:40:10.993+0000] {processor.py:839} INFO - DAG(s) dict_keys(['example_branch_python_operator_decorator']) retrieved from /home/airflow/.local/lib/python3.8/site-packages/airflow/example_dags/example_branch_operator_decorator.py
[2023-11-13T18:40:11.029+0000] {logging_mixin.py:154} INFO - [2023-11-13T18:40:11.029+0000] {dag.py:2941} INFO - Sync 1 DAGs
[2023-11-13T18:40:11.079+0000] {logging_mixin.py:154} INFO - [2023-11-13T18:40:11.079+0000] {dag.py:3722} INFO - Setting next_dagrun for example_branch_python_operator_decorator to 2023-11-12T00:00:00+00:00, run_after=2023-11-13T00:00:00+00:00
[2023-11-13T18:40:11.114+0000] {processor.py:179} INFO - Processing /home/airflow/.local/lib/python3.8/site-packages/airflow/example_dags/example_branch_operator_decorator.py took 0.167 seconds
[2023-11-13T18:40:41.327+0000] {processor.py:157} INFO - Started process (PID=204) to work on /home/airflow/.local/lib/python3.8/site-packages/airflow/example_dags/example_branch_operator_decorator.py
[2023-11-13T18:40:41.328+0000] {processor.py:829} INFO - Processing file /home/airflow/.local/lib/python3.8/site-packages/airflow/example_dags/example_branch_operator_decorator.py for tasks to queue
[2023-11-13T18:40:41.329+0000] {logging_mixin.py:154} INFO - [2023-11-13T18:40:41.329+0000] {dagbag.py:536} INFO - Filling up the DagBag from /home/airflow/.local/lib/python3.8/site-packages/airflow/example_dags/example_branch_operator_decorator.py
[2023-11-13T18:40:41.336+0000] {processor.py:839} INFO - DAG(s) dict_keys(['example_branch_python_operator_decorator']) retrieved from /home/airflow/.local/lib/python3.8/site-packages/airflow/example_dags/example_branch_operator_decorator.py
[2023-11-13T18:40:41.350+0000] {logging_mixin.py:154} INFO - [2023-11-13T18:40:41.350+0000] {dag.py:2941} INFO - Sync 1 DAGs
[2023-11-13T18:40:41.363+0000] {logging_mixin.py:154} INFO - [2023-11-13T18:40:41.363+0000] {dag.py:3722} INFO - Setting next_dagrun for example_branch_python_operator_decorator to 2023-11-12T00:00:00+00:00, run_after=2023-11-13T00:00:00+00:00
[2023-11-13T18:40:41.372+0000] {processor.py:179} INFO - Processing /home/airflow/.local/lib/python3.8/site-packages/airflow/example_dags/example_branch_operator_decorator.py took 0.047 seconds
[2023-11-13T18:41:12.184+0000] {processor.py:157} INFO - Started process (PID=258) to work on /home/airflow/.local/lib/python3.8/site-packages/airflow/example_dags/example_branch_operator_decorator.py
[2023-11-13T18:41:12.187+0000] {processor.py:829} INFO - Processing file /home/airflow/.local/lib/python3.8/site-packages/airflow/example_dags/example_branch_operator_decorator.py for tasks to queue
[2023-11-13T18:41:12.189+0000] {logging_mixin.py:154} INFO - [2023-11-13T18:41:12.189+0000] {dagbag.py:536} INFO - Filling up the DagBag from /home/airflow/.local/lib/python3.8/site-packages/airflow/example_dags/example_branch_operator_decorator.py
[2023-11-13T18:41:12.200+0000] {processor.py:839} INFO - DAG(s) dict_keys(['example_branch_python_operator_decorator']) retrieved from /home/airflow/.local/lib/python3.8/site-packages/airflow/example_dags/example_branch_operator_decorator.py
[2023-11-13T18:41:12.221+0000] {logging_mixin.py:154} INFO - [2023-11-13T18:41:12.221+0000] {dag.py:2941} INFO - Sync 1 DAGs
[2023-11-13T18:41:12.239+0000] {logging_mixin.py:154} INFO - [2023-11-13T18:41:12.239+0000] {dag.py:3722} INFO - Setting next_dagrun for example_branch_python_operator_decorator to 2023-11-12T00:00:00+00:00, run_after=2023-11-13T00:00:00+00:00
[2023-11-13T18:41:12.252+0000] {processor.py:179} INFO - Processing /home/airflow/.local/lib/python3.8/site-packages/airflow/example_dags/example_branch_operator_decorator.py took 0.073 seconds
[2023-11-13T18:41:42.372+0000] {processor.py:157} INFO - Started process (PID=311) to work on /home/airflow/.local/lib/python3.8/site-packages/airflow/example_dags/example_branch_operator_decorator.py
[2023-11-13T18:41:42.373+0000] {processor.py:829} INFO - Processing file /home/airflow/.local/lib/python3.8/site-packages/airflow/example_dags/example_branch_operator_decorator.py for tasks to queue
[2023-11-13T18:41:42.374+0000] {logging_mixin.py:154} INFO - [2023-11-13T18:41:42.374+0000] {dagbag.py:536} INFO - Filling up the DagBag from /home/airflow/.local/lib/python3.8/site-packages/airflow/example_dags/example_branch_operator_decorator.py
[2023-11-13T18:41:42.381+0000] {processor.py:839} INFO - DAG(s) dict_keys(['example_branch_python_operator_decorator']) retrieved from /home/airflow/.local/lib/python3.8/site-packages/airflow/example_dags/example_branch_operator_decorator.py
[2023-11-13T18:41:42.394+0000] {logging_mixin.py:154} INFO - [2023-11-13T18:41:42.394+0000] {dag.py:2941} INFO - Sync 1 DAGs
[2023-11-13T18:41:42.405+0000] {logging_mixin.py:154} INFO - [2023-11-13T18:41:42.405+0000] {dag.py:3722} INFO - Setting next_dagrun for example_branch_python_operator_decorator to 2023-11-12T00:00:00+00:00, run_after=2023-11-13T00:00:00+00:00
[2023-11-13T18:41:42.414+0000] {processor.py:179} INFO - Processing /home/airflow/.local/lib/python3.8/site-packages/airflow/example_dags/example_branch_operator_decorator.py took 0.044 seconds
[2023-11-13T18:42:12.684+0000] {processor.py:157} INFO - Started process (PID=365) to work on /home/airflow/.local/lib/python3.8/site-packages/airflow/example_dags/example_branch_operator_decorator.py
[2023-11-13T18:42:12.685+0000] {processor.py:829} INFO - Processing file /home/airflow/.local/lib/python3.8/site-packages/airflow/example_dags/example_branch_operator_decorator.py for tasks to queue
[2023-11-13T18:42:12.687+0000] {logging_mixin.py:154} INFO - [2023-11-13T18:42:12.687+0000] {dagbag.py:536} INFO - Filling up the DagBag from /home/airflow/.local/lib/python3.8/site-packages/airflow/example_dags/example_branch_operator_decorator.py
[2023-11-13T18:42:12.695+0000] {processor.py:839} INFO - DAG(s) dict_keys(['example_branch_python_operator_decorator']) retrieved from /home/airflow/.local/lib/python3.8/site-packages/airflow/example_dags/example_branch_operator_decorator.py
[2023-11-13T18:42:12.713+0000] {logging_mixin.py:154} INFO - [2023-11-13T18:42:12.713+0000] {dag.py:2941} INFO - Sync 1 DAGs
[2023-11-13T18:42:12.727+0000] {logging_mixin.py:154} INFO - [2023-11-13T18:42:12.727+0000] {dag.py:3722} INFO - Setting next_dagrun for example_branch_python_operator_decorator to 2023-11-12T00:00:00+00:00, run_after=2023-11-13T00:00:00+00:00
[2023-11-13T18:42:12.741+0000] {processor.py:179} INFO - Processing /home/airflow/.local/lib/python3.8/site-packages/airflow/example_dags/example_branch_operator_decorator.py took 0.060 seconds
[2023-11-13T18:42:42.879+0000] {processor.py:157} INFO - Started process (PID=419) to work on /home/airflow/.local/lib/python3.8/site-packages/airflow/example_dags/example_branch_operator_decorator.py
[2023-11-13T18:42:42.880+0000] {processor.py:829} INFO - Processing file /home/airflow/.local/lib/python3.8/site-packages/airflow/example_dags/example_branch_operator_decorator.py for tasks to queue
[2023-11-13T18:42:42.882+0000] {logging_mixin.py:154} INFO - [2023-11-13T18:42:42.882+0000] {dagbag.py:536} INFO - Filling up the DagBag from /home/airflow/.local/lib/python3.8/site-packages/airflow/example_dags/example_branch_operator_decorator.py
[2023-11-13T18:42:42.889+0000] {processor.py:839} INFO - DAG(s) dict_keys(['example_branch_python_operator_decorator']) retrieved from /home/airflow/.local/lib/python3.8/site-packages/airflow/example_dags/example_branch_operator_decorator.py
[2023-11-13T18:42:42.904+0000] {logging_mixin.py:154} INFO - [2023-11-13T18:42:42.904+0000] {dag.py:2941} INFO - Sync 1 DAGs
[2023-11-13T18:42:42.917+0000] {logging_mixin.py:154} INFO - [2023-11-13T18:42:42.917+0000] {dag.py:3722} INFO - Setting next_dagrun for example_branch_python_operator_decorator to 2023-11-12T00:00:00+00:00, run_after=2023-11-13T00:00:00+00:00
[2023-11-13T18:42:42.927+0000] {processor.py:179} INFO - Processing /home/airflow/.local/lib/python3.8/site-packages/airflow/example_dags/example_branch_operator_decorator.py took 0.050 seconds
[2023-11-13T19:57:44.950+0000] {processor.py:157} INFO - Started process (PID=42) to work on /home/airflow/.local/lib/python3.8/site-packages/airflow/example_dags/example_branch_operator_decorator.py
[2023-11-13T19:57:44.952+0000] {processor.py:829} INFO - Processing file /home/airflow/.local/lib/python3.8/site-packages/airflow/example_dags/example_branch_operator_decorator.py for tasks to queue
[2023-11-13T19:57:44.955+0000] {logging_mixin.py:154} INFO - [2023-11-13T19:57:44.955+0000] {dagbag.py:536} INFO - Filling up the DagBag from /home/airflow/.local/lib/python3.8/site-packages/airflow/example_dags/example_branch_operator_decorator.py
[2023-11-13T19:57:44.966+0000] {processor.py:839} INFO - DAG(s) dict_keys(['example_branch_python_operator_decorator']) retrieved from /home/airflow/.local/lib/python3.8/site-packages/airflow/example_dags/example_branch_operator_decorator.py
[2023-11-13T19:57:44.984+0000] {logging_mixin.py:154} INFO - [2023-11-13T19:57:44.984+0000] {dag.py:2941} INFO - Sync 1 DAGs
[2023-11-13T19:57:44.999+0000] {logging_mixin.py:154} INFO - [2023-11-13T19:57:44.999+0000] {dag.py:3722} INFO - Setting next_dagrun for example_branch_python_operator_decorator to 2023-11-12T00:00:00+00:00, run_after=2023-11-13T00:00:00+00:00
[2023-11-13T19:57:45.012+0000] {processor.py:179} INFO - Processing /home/airflow/.local/lib/python3.8/site-packages/airflow/example_dags/example_branch_operator_decorator.py took 0.067 seconds
[2023-11-13T19:58:15.352+0000] {processor.py:157} INFO - Started process (PID=96) to work on /home/airflow/.local/lib/python3.8/site-packages/airflow/example_dags/example_branch_operator_decorator.py
[2023-11-13T19:58:15.353+0000] {processor.py:829} INFO - Processing file /home/airflow/.local/lib/python3.8/site-packages/airflow/example_dags/example_branch_operator_decorator.py for tasks to queue
[2023-11-13T19:58:15.355+0000] {logging_mixin.py:154} INFO - [2023-11-13T19:58:15.355+0000] {dagbag.py:536} INFO - Filling up the DagBag from /home/airflow/.local/lib/python3.8/site-packages/airflow/example_dags/example_branch_operator_decorator.py
[2023-11-13T19:58:15.362+0000] {processor.py:839} INFO - DAG(s) dict_keys(['example_branch_python_operator_decorator']) retrieved from /home/airflow/.local/lib/python3.8/site-packages/airflow/example_dags/example_branch_operator_decorator.py
[2023-11-13T19:58:15.375+0000] {logging_mixin.py:154} INFO - [2023-11-13T19:58:15.375+0000] {dag.py:2941} INFO - Sync 1 DAGs
[2023-11-13T19:58:15.388+0000] {logging_mixin.py:154} INFO - [2023-11-13T19:58:15.387+0000] {dag.py:3722} INFO - Setting next_dagrun for example_branch_python_operator_decorator to 2023-11-12T00:00:00+00:00, run_after=2023-11-13T00:00:00+00:00
[2023-11-13T19:58:15.398+0000] {processor.py:179} INFO - Processing /home/airflow/.local/lib/python3.8/site-packages/airflow/example_dags/example_branch_operator_decorator.py took 0.048 seconds
[2023-11-13T19:58:45.787+0000] {processor.py:157} INFO - Started process (PID=150) to work on /home/airflow/.local/lib/python3.8/site-packages/airflow/example_dags/example_branch_operator_decorator.py
[2023-11-13T19:58:45.787+0000] {processor.py:829} INFO - Processing file /home/airflow/.local/lib/python3.8/site-packages/airflow/example_dags/example_branch_operator_decorator.py for tasks to queue
[2023-11-13T19:58:45.789+0000] {logging_mixin.py:154} INFO - [2023-11-13T19:58:45.789+0000] {dagbag.py:536} INFO - Filling up the DagBag from /home/airflow/.local/lib/python3.8/site-packages/airflow/example_dags/example_branch_operator_decorator.py
[2023-11-13T19:58:45.795+0000] {processor.py:839} INFO - DAG(s) dict_keys(['example_branch_python_operator_decorator']) retrieved from /home/airflow/.local/lib/python3.8/site-packages/airflow/example_dags/example_branch_operator_decorator.py
[2023-11-13T19:58:45.806+0000] {logging_mixin.py:154} INFO - [2023-11-13T19:58:45.806+0000] {dag.py:2941} INFO - Sync 1 DAGs
[2023-11-13T19:58:45.817+0000] {logging_mixin.py:154} INFO - [2023-11-13T19:58:45.817+0000] {dag.py:3722} INFO - Setting next_dagrun for example_branch_python_operator_decorator to 2023-11-12T00:00:00+00:00, run_after=2023-11-13T00:00:00+00:00
[2023-11-13T19:58:45.825+0000] {processor.py:179} INFO - Processing /home/airflow/.local/lib/python3.8/site-packages/airflow/example_dags/example_branch_operator_decorator.py took 0.041 seconds
[2023-11-13T19:59:16.079+0000] {processor.py:157} INFO - Started process (PID=204) to work on /home/airflow/.local/lib/python3.8/site-packages/airflow/example_dags/example_branch_operator_decorator.py
[2023-11-13T19:59:16.080+0000] {processor.py:829} INFO - Processing file /home/airflow/.local/lib/python3.8/site-packages/airflow/example_dags/example_branch_operator_decorator.py for tasks to queue
[2023-11-13T19:59:16.081+0000] {logging_mixin.py:154} INFO - [2023-11-13T19:59:16.081+0000] {dagbag.py:536} INFO - Filling up the DagBag from /home/airflow/.local/lib/python3.8/site-packages/airflow/example_dags/example_branch_operator_decorator.py
[2023-11-13T19:59:16.087+0000] {processor.py:839} INFO - DAG(s) dict_keys(['example_branch_python_operator_decorator']) retrieved from /home/airflow/.local/lib/python3.8/site-packages/airflow/example_dags/example_branch_operator_decorator.py
[2023-11-13T19:59:16.099+0000] {logging_mixin.py:154} INFO - [2023-11-13T19:59:16.098+0000] {dag.py:2941} INFO - Sync 1 DAGs
[2023-11-13T19:59:16.109+0000] {logging_mixin.py:154} INFO - [2023-11-13T19:59:16.109+0000] {dag.py:3722} INFO - Setting next_dagrun for example_branch_python_operator_decorator to 2023-11-12T00:00:00+00:00, run_after=2023-11-13T00:00:00+00:00
[2023-11-13T19:59:16.118+0000] {processor.py:179} INFO - Processing /home/airflow/.local/lib/python3.8/site-packages/airflow/example_dags/example_branch_operator_decorator.py took 0.041 seconds
[2023-11-13T19:59:46.778+0000] {processor.py:157} INFO - Started process (PID=258) to work on /home/airflow/.local/lib/python3.8/site-packages/airflow/example_dags/example_branch_operator_decorator.py
[2023-11-13T19:59:46.779+0000] {processor.py:829} INFO - Processing file /home/airflow/.local/lib/python3.8/site-packages/airflow/example_dags/example_branch_operator_decorator.py for tasks to queue
[2023-11-13T19:59:46.780+0000] {logging_mixin.py:154} INFO - [2023-11-13T19:59:46.780+0000] {dagbag.py:536} INFO - Filling up the DagBag from /home/airflow/.local/lib/python3.8/site-packages/airflow/example_dags/example_branch_operator_decorator.py
[2023-11-13T19:59:46.786+0000] {processor.py:839} INFO - DAG(s) dict_keys(['example_branch_python_operator_decorator']) retrieved from /home/airflow/.local/lib/python3.8/site-packages/airflow/example_dags/example_branch_operator_decorator.py
[2023-11-13T19:59:46.798+0000] {logging_mixin.py:154} INFO - [2023-11-13T19:59:46.798+0000] {dag.py:2941} INFO - Sync 1 DAGs
[2023-11-13T19:59:46.810+0000] {logging_mixin.py:154} INFO - [2023-11-13T19:59:46.810+0000] {dag.py:3722} INFO - Setting next_dagrun for example_branch_python_operator_decorator to 2023-11-12T00:00:00+00:00, run_after=2023-11-13T00:00:00+00:00
[2023-11-13T19:59:46.819+0000] {processor.py:179} INFO - Processing /home/airflow/.local/lib/python3.8/site-packages/airflow/example_dags/example_branch_operator_decorator.py took 0.043 seconds
[2023-11-13T20:00:17.441+0000] {processor.py:157} INFO - Started process (PID=311) to work on /home/airflow/.local/lib/python3.8/site-packages/airflow/example_dags/example_branch_operator_decorator.py
[2023-11-13T20:00:17.442+0000] {processor.py:829} INFO - Processing file /home/airflow/.local/lib/python3.8/site-packages/airflow/example_dags/example_branch_operator_decorator.py for tasks to queue
[2023-11-13T20:00:17.444+0000] {logging_mixin.py:154} INFO - [2023-11-13T20:00:17.444+0000] {dagbag.py:536} INFO - Filling up the DagBag from /home/airflow/.local/lib/python3.8/site-packages/airflow/example_dags/example_branch_operator_decorator.py
[2023-11-13T20:00:17.449+0000] {processor.py:839} INFO - DAG(s) dict_keys(['example_branch_python_operator_decorator']) retrieved from /home/airflow/.local/lib/python3.8/site-packages/airflow/example_dags/example_branch_operator_decorator.py
[2023-11-13T20:00:17.464+0000] {logging_mixin.py:154} INFO - [2023-11-13T20:00:17.463+0000] {dag.py:2941} INFO - Sync 1 DAGs
[2023-11-13T20:00:17.481+0000] {logging_mixin.py:154} INFO - [2023-11-13T20:00:17.481+0000] {dag.py:3722} INFO - Setting next_dagrun for example_branch_python_operator_decorator to 2023-11-12T00:00:00+00:00, run_after=2023-11-13T00:00:00+00:00
[2023-11-13T20:00:17.491+0000] {processor.py:179} INFO - Processing /home/airflow/.local/lib/python3.8/site-packages/airflow/example_dags/example_branch_operator_decorator.py took 0.051 seconds
[2023-11-13T20:00:47.619+0000] {processor.py:157} INFO - Started process (PID=365) to work on /home/airflow/.local/lib/python3.8/site-packages/airflow/example_dags/example_branch_operator_decorator.py
[2023-11-13T20:00:47.619+0000] {processor.py:829} INFO - Processing file /home/airflow/.local/lib/python3.8/site-packages/airflow/example_dags/example_branch_operator_decorator.py for tasks to queue
[2023-11-13T20:00:47.621+0000] {logging_mixin.py:154} INFO - [2023-11-13T20:00:47.620+0000] {dagbag.py:536} INFO - Filling up the DagBag from /home/airflow/.local/lib/python3.8/site-packages/airflow/example_dags/example_branch_operator_decorator.py
[2023-11-13T20:00:47.627+0000] {processor.py:839} INFO - DAG(s) dict_keys(['example_branch_python_operator_decorator']) retrieved from /home/airflow/.local/lib/python3.8/site-packages/airflow/example_dags/example_branch_operator_decorator.py
[2023-11-13T20:00:47.639+0000] {logging_mixin.py:154} INFO - [2023-11-13T20:00:47.639+0000] {dag.py:2941} INFO - Sync 1 DAGs
[2023-11-13T20:00:47.651+0000] {logging_mixin.py:154} INFO - [2023-11-13T20:00:47.651+0000] {dag.py:3722} INFO - Setting next_dagrun for example_branch_python_operator_decorator to 2023-11-12T00:00:00+00:00, run_after=2023-11-13T00:00:00+00:00
[2023-11-13T20:00:47.660+0000] {processor.py:179} INFO - Processing /home/airflow/.local/lib/python3.8/site-packages/airflow/example_dags/example_branch_operator_decorator.py took 0.044 seconds
[2023-11-13T20:01:18.388+0000] {processor.py:157} INFO - Started process (PID=419) to work on /home/airflow/.local/lib/python3.8/site-packages/airflow/example_dags/example_branch_operator_decorator.py
[2023-11-13T20:01:18.389+0000] {processor.py:829} INFO - Processing file /home/airflow/.local/lib/python3.8/site-packages/airflow/example_dags/example_branch_operator_decorator.py for tasks to queue
[2023-11-13T20:01:18.390+0000] {logging_mixin.py:154} INFO - [2023-11-13T20:01:18.390+0000] {dagbag.py:536} INFO - Filling up the DagBag from /home/airflow/.local/lib/python3.8/site-packages/airflow/example_dags/example_branch_operator_decorator.py
[2023-11-13T20:01:18.395+0000] {processor.py:839} INFO - DAG(s) dict_keys(['example_branch_python_operator_decorator']) retrieved from /home/airflow/.local/lib/python3.8/site-packages/airflow/example_dags/example_branch_operator_decorator.py
[2023-11-13T20:01:18.407+0000] {logging_mixin.py:154} INFO - [2023-11-13T20:01:18.406+0000] {dag.py:2941} INFO - Sync 1 DAGs
[2023-11-13T20:01:18.417+0000] {logging_mixin.py:154} INFO - [2023-11-13T20:01:18.417+0000] {dag.py:3722} INFO - Setting next_dagrun for example_branch_python_operator_decorator to 2023-11-12T00:00:00+00:00, run_after=2023-11-13T00:00:00+00:00
[2023-11-13T20:01:18.425+0000] {processor.py:179} INFO - Processing /home/airflow/.local/lib/python3.8/site-packages/airflow/example_dags/example_branch_operator_decorator.py took 0.039 seconds
[2023-11-13T20:01:49.039+0000] {processor.py:157} INFO - Started process (PID=473) to work on /home/airflow/.local/lib/python3.8/site-packages/airflow/example_dags/example_branch_operator_decorator.py
[2023-11-13T20:01:49.040+0000] {processor.py:829} INFO - Processing file /home/airflow/.local/lib/python3.8/site-packages/airflow/example_dags/example_branch_operator_decorator.py for tasks to queue
[2023-11-13T20:01:49.041+0000] {logging_mixin.py:154} INFO - [2023-11-13T20:01:49.041+0000] {dagbag.py:536} INFO - Filling up the DagBag from /home/airflow/.local/lib/python3.8/site-packages/airflow/example_dags/example_branch_operator_decorator.py
[2023-11-13T20:01:49.047+0000] {processor.py:839} INFO - DAG(s) dict_keys(['example_branch_python_operator_decorator']) retrieved from /home/airflow/.local/lib/python3.8/site-packages/airflow/example_dags/example_branch_operator_decorator.py
[2023-11-13T20:01:49.058+0000] {logging_mixin.py:154} INFO - [2023-11-13T20:01:49.058+0000] {dag.py:2941} INFO - Sync 1 DAGs
[2023-11-13T20:01:49.068+0000] {logging_mixin.py:154} INFO - [2023-11-13T20:01:49.068+0000] {dag.py:3722} INFO - Setting next_dagrun for example_branch_python_operator_decorator to 2023-11-12T00:00:00+00:00, run_after=2023-11-13T00:00:00+00:00
[2023-11-13T20:01:49.077+0000] {processor.py:179} INFO - Processing /home/airflow/.local/lib/python3.8/site-packages/airflow/example_dags/example_branch_operator_decorator.py took 0.041 seconds
[2023-11-13T20:02:19.782+0000] {processor.py:157} INFO - Started process (PID=527) to work on /home/airflow/.local/lib/python3.8/site-packages/airflow/example_dags/example_branch_operator_decorator.py
[2023-11-13T20:02:19.782+0000] {processor.py:829} INFO - Processing file /home/airflow/.local/lib/python3.8/site-packages/airflow/example_dags/example_branch_operator_decorator.py for tasks to queue
[2023-11-13T20:02:19.784+0000] {logging_mixin.py:154} INFO - [2023-11-13T20:02:19.784+0000] {dagbag.py:536} INFO - Filling up the DagBag from /home/airflow/.local/lib/python3.8/site-packages/airflow/example_dags/example_branch_operator_decorator.py
[2023-11-13T20:02:19.791+0000] {processor.py:839} INFO - DAG(s) dict_keys(['example_branch_python_operator_decorator']) retrieved from /home/airflow/.local/lib/python3.8/site-packages/airflow/example_dags/example_branch_operator_decorator.py
[2023-11-13T20:02:19.804+0000] {logging_mixin.py:154} INFO - [2023-11-13T20:02:19.804+0000] {dag.py:2941} INFO - Sync 1 DAGs
[2023-11-13T20:02:19.816+0000] {logging_mixin.py:154} INFO - [2023-11-13T20:02:19.816+0000] {dag.py:3722} INFO - Setting next_dagrun for example_branch_python_operator_decorator to 2023-11-12T00:00:00+00:00, run_after=2023-11-13T00:00:00+00:00
[2023-11-13T20:02:19.824+0000] {processor.py:179} INFO - Processing /home/airflow/.local/lib/python3.8/site-packages/airflow/example_dags/example_branch_operator_decorator.py took 0.044 seconds
[2023-11-13T20:02:50.077+0000] {processor.py:157} INFO - Started process (PID=581) to work on /home/airflow/.local/lib/python3.8/site-packages/airflow/example_dags/example_branch_operator_decorator.py
[2023-11-13T20:02:50.078+0000] {processor.py:829} INFO - Processing file /home/airflow/.local/lib/python3.8/site-packages/airflow/example_dags/example_branch_operator_decorator.py for tasks to queue
[2023-11-13T20:02:50.080+0000] {logging_mixin.py:154} INFO - [2023-11-13T20:02:50.079+0000] {dagbag.py:536} INFO - Filling up the DagBag from /home/airflow/.local/lib/python3.8/site-packages/airflow/example_dags/example_branch_operator_decorator.py
[2023-11-13T20:02:50.086+0000] {processor.py:839} INFO - DAG(s) dict_keys(['example_branch_python_operator_decorator']) retrieved from /home/airflow/.local/lib/python3.8/site-packages/airflow/example_dags/example_branch_operator_decorator.py
[2023-11-13T20:02:50.101+0000] {logging_mixin.py:154} INFO - [2023-11-13T20:02:50.101+0000] {dag.py:2941} INFO - Sync 1 DAGs
[2023-11-13T20:02:50.112+0000] {logging_mixin.py:154} INFO - [2023-11-13T20:02:50.112+0000] {dag.py:3722} INFO - Setting next_dagrun for example_branch_python_operator_decorator to 2023-11-12T00:00:00+00:00, run_after=2023-11-13T00:00:00+00:00
[2023-11-13T20:02:50.122+0000] {processor.py:179} INFO - Processing /home/airflow/.local/lib/python3.8/site-packages/airflow/example_dags/example_branch_operator_decorator.py took 0.046 seconds
[2023-11-13T20:03:20.236+0000] {processor.py:157} INFO - Started process (PID=635) to work on /home/airflow/.local/lib/python3.8/site-packages/airflow/example_dags/example_branch_operator_decorator.py
[2023-11-13T20:03:20.236+0000] {processor.py:829} INFO - Processing file /home/airflow/.local/lib/python3.8/site-packages/airflow/example_dags/example_branch_operator_decorator.py for tasks to queue
[2023-11-13T20:03:20.238+0000] {logging_mixin.py:154} INFO - [2023-11-13T20:03:20.237+0000] {dagbag.py:536} INFO - Filling up the DagBag from /home/airflow/.local/lib/python3.8/site-packages/airflow/example_dags/example_branch_operator_decorator.py
[2023-11-13T20:03:20.243+0000] {processor.py:839} INFO - DAG(s) dict_keys(['example_branch_python_operator_decorator']) retrieved from /home/airflow/.local/lib/python3.8/site-packages/airflow/example_dags/example_branch_operator_decorator.py
[2023-11-13T20:03:20.256+0000] {logging_mixin.py:154} INFO - [2023-11-13T20:03:20.256+0000] {dag.py:2941} INFO - Sync 1 DAGs
[2023-11-13T20:03:20.267+0000] {logging_mixin.py:154} INFO - [2023-11-13T20:03:20.266+0000] {dag.py:3722} INFO - Setting next_dagrun for example_branch_python_operator_decorator to 2023-11-12T00:00:00+00:00, run_after=2023-11-13T00:00:00+00:00
[2023-11-13T20:03:20.275+0000] {processor.py:179} INFO - Processing /home/airflow/.local/lib/python3.8/site-packages/airflow/example_dags/example_branch_operator_decorator.py took 0.042 seconds
[2023-11-13T20:03:50.287+0000] {processor.py:157} INFO - Started process (PID=689) to work on /home/airflow/.local/lib/python3.8/site-packages/airflow/example_dags/example_branch_operator_decorator.py
[2023-11-13T20:03:50.287+0000] {processor.py:829} INFO - Processing file /home/airflow/.local/lib/python3.8/site-packages/airflow/example_dags/example_branch_operator_decorator.py for tasks to queue
[2023-11-13T20:03:50.289+0000] {logging_mixin.py:154} INFO - [2023-11-13T20:03:50.288+0000] {dagbag.py:536} INFO - Filling up the DagBag from /home/airflow/.local/lib/python3.8/site-packages/airflow/example_dags/example_branch_operator_decorator.py
[2023-11-13T20:03:50.295+0000] {processor.py:839} INFO - DAG(s) dict_keys(['example_branch_python_operator_decorator']) retrieved from /home/airflow/.local/lib/python3.8/site-packages/airflow/example_dags/example_branch_operator_decorator.py
[2023-11-13T20:03:50.307+0000] {logging_mixin.py:154} INFO - [2023-11-13T20:03:50.307+0000] {dag.py:2941} INFO - Sync 1 DAGs
[2023-11-13T20:03:50.320+0000] {logging_mixin.py:154} INFO - [2023-11-13T20:03:50.320+0000] {dag.py:3722} INFO - Setting next_dagrun for example_branch_python_operator_decorator to 2023-11-12T00:00:00+00:00, run_after=2023-11-13T00:00:00+00:00
[2023-11-13T20:03:50.328+0000] {processor.py:179} INFO - Processing /home/airflow/.local/lib/python3.8/site-packages/airflow/example_dags/example_branch_operator_decorator.py took 0.044 seconds
[2023-11-13T20:04:20.436+0000] {processor.py:157} INFO - Started process (PID=743) to work on /home/airflow/.local/lib/python3.8/site-packages/airflow/example_dags/example_branch_operator_decorator.py
[2023-11-13T20:04:20.437+0000] {processor.py:829} INFO - Processing file /home/airflow/.local/lib/python3.8/site-packages/airflow/example_dags/example_branch_operator_decorator.py for tasks to queue
[2023-11-13T20:04:20.438+0000] {logging_mixin.py:154} INFO - [2023-11-13T20:04:20.438+0000] {dagbag.py:536} INFO - Filling up the DagBag from /home/airflow/.local/lib/python3.8/site-packages/airflow/example_dags/example_branch_operator_decorator.py
[2023-11-13T20:04:20.444+0000] {processor.py:839} INFO - DAG(s) dict_keys(['example_branch_python_operator_decorator']) retrieved from /home/airflow/.local/lib/python3.8/site-packages/airflow/example_dags/example_branch_operator_decorator.py
[2023-11-13T20:04:20.458+0000] {logging_mixin.py:154} INFO - [2023-11-13T20:04:20.457+0000] {dag.py:2941} INFO - Sync 1 DAGs
[2023-11-13T20:04:20.471+0000] {logging_mixin.py:154} INFO - [2023-11-13T20:04:20.471+0000] {dag.py:3722} INFO - Setting next_dagrun for example_branch_python_operator_decorator to 2023-11-12T00:00:00+00:00, run_after=2023-11-13T00:00:00+00:00
[2023-11-13T20:04:20.480+0000] {processor.py:179} INFO - Processing /home/airflow/.local/lib/python3.8/site-packages/airflow/example_dags/example_branch_operator_decorator.py took 0.047 seconds
[2023-11-13T20:04:50.627+0000] {processor.py:157} INFO - Started process (PID=797) to work on /home/airflow/.local/lib/python3.8/site-packages/airflow/example_dags/example_branch_operator_decorator.py
[2023-11-13T20:04:50.628+0000] {processor.py:829} INFO - Processing file /home/airflow/.local/lib/python3.8/site-packages/airflow/example_dags/example_branch_operator_decorator.py for tasks to queue
[2023-11-13T20:04:50.629+0000] {logging_mixin.py:154} INFO - [2023-11-13T20:04:50.629+0000] {dagbag.py:536} INFO - Filling up the DagBag from /home/airflow/.local/lib/python3.8/site-packages/airflow/example_dags/example_branch_operator_decorator.py
[2023-11-13T20:04:50.635+0000] {processor.py:839} INFO - DAG(s) dict_keys(['example_branch_python_operator_decorator']) retrieved from /home/airflow/.local/lib/python3.8/site-packages/airflow/example_dags/example_branch_operator_decorator.py
[2023-11-13T20:04:50.647+0000] {logging_mixin.py:154} INFO - [2023-11-13T20:04:50.647+0000] {dag.py:2941} INFO - Sync 1 DAGs
[2023-11-13T20:04:50.658+0000] {logging_mixin.py:154} INFO - [2023-11-13T20:04:50.658+0000] {dag.py:3722} INFO - Setting next_dagrun for example_branch_python_operator_decorator to 2023-11-12T00:00:00+00:00, run_after=2023-11-13T00:00:00+00:00
[2023-11-13T20:04:50.667+0000] {processor.py:179} INFO - Processing /home/airflow/.local/lib/python3.8/site-packages/airflow/example_dags/example_branch_operator_decorator.py took 0.041 seconds
