[2023-11-13T18:39:05.815+0000] {processor.py:157} INFO - Started process (PID=41) to work on /home/airflow/.local/lib/python3.8/site-packages/airflow/example_dags/example_short_circuit_operator.py
[2023-11-13T18:39:05.816+0000] {processor.py:829} INFO - Processing file /home/airflow/.local/lib/python3.8/site-packages/airflow/example_dags/example_short_circuit_operator.py for tasks to queue
[2023-11-13T18:39:05.819+0000] {logging_mixin.py:154} INFO - [2023-11-13T18:39:05.818+0000] {dagbag.py:536} INFO - Filling up the DagBag from /home/airflow/.local/lib/python3.8/site-packages/airflow/example_dags/example_short_circuit_operator.py
[2023-11-13T18:39:05.829+0000] {processor.py:839} INFO - DAG(s) dict_keys(['example_short_circuit_operator']) retrieved from /home/airflow/.local/lib/python3.8/site-packages/airflow/example_dags/example_short_circuit_operator.py
[2023-11-13T18:39:05.957+0000] {logging_mixin.py:154} INFO - [2023-11-13T18:39:05.957+0000] {manager.py:499} INFO - Created Permission View: %s
[2023-11-13T18:39:05.974+0000] {logging_mixin.py:154} INFO - [2023-11-13T18:39:05.974+0000] {manager.py:499} INFO - Created Permission View: %s
[2023-11-13T18:39:05.990+0000] {logging_mixin.py:154} INFO - [2023-11-13T18:39:05.990+0000] {manager.py:499} INFO - Created Permission View: %s
[2023-11-13T18:39:05.991+0000] {logging_mixin.py:154} INFO - [2023-11-13T18:39:05.991+0000] {dag.py:2941} INFO - Sync 1 DAGs
[2023-11-13T18:39:06.003+0000] {logging_mixin.py:154} INFO - [2023-11-13T18:39:06.003+0000] {dag.py:2963} INFO - Creating ORM DAG for example_short_circuit_operator
[2023-11-13T18:39:06.012+0000] {logging_mixin.py:154} INFO - [2023-11-13T18:39:06.012+0000] {dag.py:3722} INFO - Setting next_dagrun for example_short_circuit_operator to 2023-11-12T18:39:06.011790+00:00, run_after=2023-11-13T18:39:06.011790+00:00
[2023-11-13T18:39:06.041+0000] {processor.py:179} INFO - Processing /home/airflow/.local/lib/python3.8/site-packages/airflow/example_dags/example_short_circuit_operator.py took 0.231 seconds
[2023-11-13T18:39:39.892+0000] {processor.py:157} INFO - Started process (PID=95) to work on /home/airflow/.local/lib/python3.8/site-packages/airflow/example_dags/example_short_circuit_operator.py
[2023-11-13T18:39:39.901+0000] {processor.py:829} INFO - Processing file /home/airflow/.local/lib/python3.8/site-packages/airflow/example_dags/example_short_circuit_operator.py for tasks to queue
[2023-11-13T18:39:39.936+0000] {logging_mixin.py:154} INFO - [2023-11-13T18:39:39.930+0000] {dagbag.py:536} INFO - Filling up the DagBag from /home/airflow/.local/lib/python3.8/site-packages/airflow/example_dags/example_short_circuit_operator.py
[2023-11-13T18:39:39.974+0000] {processor.py:839} INFO - DAG(s) dict_keys(['example_short_circuit_operator']) retrieved from /home/airflow/.local/lib/python3.8/site-packages/airflow/example_dags/example_short_circuit_operator.py
[2023-11-13T18:39:40.156+0000] {logging_mixin.py:154} INFO - [2023-11-13T18:39:40.155+0000] {dag.py:2941} INFO - Sync 1 DAGs
[2023-11-13T18:39:40.330+0000] {logging_mixin.py:154} INFO - [2023-11-13T18:39:40.329+0000] {dag.py:3722} INFO - Setting next_dagrun for example_short_circuit_operator to 2023-11-12T18:39:40.325648+00:00, run_after=2023-11-13T18:39:40.325648+00:00
[2023-11-13T18:39:40.543+0000] {processor.py:179} INFO - Processing /home/airflow/.local/lib/python3.8/site-packages/airflow/example_dags/example_short_circuit_operator.py took 0.670 seconds
[2023-11-13T18:40:10.910+0000] {processor.py:157} INFO - Started process (PID=149) to work on /home/airflow/.local/lib/python3.8/site-packages/airflow/example_dags/example_short_circuit_operator.py
[2023-11-13T18:40:10.922+0000] {processor.py:829} INFO - Processing file /home/airflow/.local/lib/python3.8/site-packages/airflow/example_dags/example_short_circuit_operator.py for tasks to queue
[2023-11-13T18:40:10.926+0000] {logging_mixin.py:154} INFO - [2023-11-13T18:40:10.926+0000] {dagbag.py:536} INFO - Filling up the DagBag from /home/airflow/.local/lib/python3.8/site-packages/airflow/example_dags/example_short_circuit_operator.py
[2023-11-13T18:40:10.942+0000] {processor.py:839} INFO - DAG(s) dict_keys(['example_short_circuit_operator']) retrieved from /home/airflow/.local/lib/python3.8/site-packages/airflow/example_dags/example_short_circuit_operator.py
[2023-11-13T18:40:11.013+0000] {logging_mixin.py:154} INFO - [2023-11-13T18:40:11.013+0000] {dag.py:2941} INFO - Sync 1 DAGs
[2023-11-13T18:40:11.079+0000] {logging_mixin.py:154} INFO - [2023-11-13T18:40:11.079+0000] {dag.py:3722} INFO - Setting next_dagrun for example_short_circuit_operator to 2023-11-12T18:40:11.079410+00:00, run_after=2023-11-13T18:40:11.079410+00:00
[2023-11-13T18:40:11.109+0000] {processor.py:179} INFO - Processing /home/airflow/.local/lib/python3.8/site-packages/airflow/example_dags/example_short_circuit_operator.py took 0.208 seconds
[2023-11-13T18:40:41.269+0000] {processor.py:157} INFO - Started process (PID=203) to work on /home/airflow/.local/lib/python3.8/site-packages/airflow/example_dags/example_short_circuit_operator.py
[2023-11-13T18:40:41.270+0000] {processor.py:829} INFO - Processing file /home/airflow/.local/lib/python3.8/site-packages/airflow/example_dags/example_short_circuit_operator.py for tasks to queue
[2023-11-13T18:40:41.271+0000] {logging_mixin.py:154} INFO - [2023-11-13T18:40:41.271+0000] {dagbag.py:536} INFO - Filling up the DagBag from /home/airflow/.local/lib/python3.8/site-packages/airflow/example_dags/example_short_circuit_operator.py
[2023-11-13T18:40:41.277+0000] {processor.py:839} INFO - DAG(s) dict_keys(['example_short_circuit_operator']) retrieved from /home/airflow/.local/lib/python3.8/site-packages/airflow/example_dags/example_short_circuit_operator.py
[2023-11-13T18:40:41.290+0000] {logging_mixin.py:154} INFO - [2023-11-13T18:40:41.290+0000] {dag.py:2941} INFO - Sync 1 DAGs
[2023-11-13T18:40:41.303+0000] {logging_mixin.py:154} INFO - [2023-11-13T18:40:41.302+0000] {dag.py:3722} INFO - Setting next_dagrun for example_short_circuit_operator to 2023-11-12T18:40:41.302772+00:00, run_after=2023-11-13T18:40:41.302772+00:00
[2023-11-13T18:40:41.314+0000] {processor.py:179} INFO - Processing /home/airflow/.local/lib/python3.8/site-packages/airflow/example_dags/example_short_circuit_operator.py took 0.047 seconds
[2023-11-13T18:41:12.091+0000] {processor.py:157} INFO - Started process (PID=257) to work on /home/airflow/.local/lib/python3.8/site-packages/airflow/example_dags/example_short_circuit_operator.py
[2023-11-13T18:41:12.092+0000] {processor.py:829} INFO - Processing file /home/airflow/.local/lib/python3.8/site-packages/airflow/example_dags/example_short_circuit_operator.py for tasks to queue
[2023-11-13T18:41:12.095+0000] {logging_mixin.py:154} INFO - [2023-11-13T18:41:12.095+0000] {dagbag.py:536} INFO - Filling up the DagBag from /home/airflow/.local/lib/python3.8/site-packages/airflow/example_dags/example_short_circuit_operator.py
[2023-11-13T18:41:12.103+0000] {processor.py:839} INFO - DAG(s) dict_keys(['example_short_circuit_operator']) retrieved from /home/airflow/.local/lib/python3.8/site-packages/airflow/example_dags/example_short_circuit_operator.py
[2023-11-13T18:41:12.129+0000] {logging_mixin.py:154} INFO - [2023-11-13T18:41:12.129+0000] {dag.py:2941} INFO - Sync 1 DAGs
[2023-11-13T18:41:12.147+0000] {logging_mixin.py:154} INFO - [2023-11-13T18:41:12.147+0000] {dag.py:3722} INFO - Setting next_dagrun for example_short_circuit_operator to 2023-11-12T18:41:12.147272+00:00, run_after=2023-11-13T18:41:12.147272+00:00
[2023-11-13T18:41:12.161+0000] {processor.py:179} INFO - Processing /home/airflow/.local/lib/python3.8/site-packages/airflow/example_dags/example_short_circuit_operator.py took 0.075 seconds
[2023-11-13T18:41:42.320+0000] {processor.py:157} INFO - Started process (PID=310) to work on /home/airflow/.local/lib/python3.8/site-packages/airflow/example_dags/example_short_circuit_operator.py
[2023-11-13T18:41:42.320+0000] {processor.py:829} INFO - Processing file /home/airflow/.local/lib/python3.8/site-packages/airflow/example_dags/example_short_circuit_operator.py for tasks to queue
[2023-11-13T18:41:42.322+0000] {logging_mixin.py:154} INFO - [2023-11-13T18:41:42.321+0000] {dagbag.py:536} INFO - Filling up the DagBag from /home/airflow/.local/lib/python3.8/site-packages/airflow/example_dags/example_short_circuit_operator.py
[2023-11-13T18:41:42.326+0000] {processor.py:839} INFO - DAG(s) dict_keys(['example_short_circuit_operator']) retrieved from /home/airflow/.local/lib/python3.8/site-packages/airflow/example_dags/example_short_circuit_operator.py
[2023-11-13T18:41:42.339+0000] {logging_mixin.py:154} INFO - [2023-11-13T18:41:42.339+0000] {dag.py:2941} INFO - Sync 1 DAGs
[2023-11-13T18:41:42.350+0000] {logging_mixin.py:154} INFO - [2023-11-13T18:41:42.350+0000] {dag.py:3722} INFO - Setting next_dagrun for example_short_circuit_operator to 2023-11-12T18:41:42.350218+00:00, run_after=2023-11-13T18:41:42.350218+00:00
[2023-11-13T18:41:42.359+0000] {processor.py:179} INFO - Processing /home/airflow/.local/lib/python3.8/site-packages/airflow/example_dags/example_short_circuit_operator.py took 0.041 seconds
[2023-11-13T18:42:12.676+0000] {processor.py:157} INFO - Started process (PID=364) to work on /home/airflow/.local/lib/python3.8/site-packages/airflow/example_dags/example_short_circuit_operator.py
[2023-11-13T18:42:12.677+0000] {processor.py:829} INFO - Processing file /home/airflow/.local/lib/python3.8/site-packages/airflow/example_dags/example_short_circuit_operator.py for tasks to queue
[2023-11-13T18:42:12.678+0000] {logging_mixin.py:154} INFO - [2023-11-13T18:42:12.678+0000] {dagbag.py:536} INFO - Filling up the DagBag from /home/airflow/.local/lib/python3.8/site-packages/airflow/example_dags/example_short_circuit_operator.py
[2023-11-13T18:42:12.684+0000] {processor.py:839} INFO - DAG(s) dict_keys(['example_short_circuit_operator']) retrieved from /home/airflow/.local/lib/python3.8/site-packages/airflow/example_dags/example_short_circuit_operator.py
[2023-11-13T18:42:12.703+0000] {logging_mixin.py:154} INFO - [2023-11-13T18:42:12.703+0000] {dag.py:2941} INFO - Sync 1 DAGs
[2023-11-13T18:42:12.717+0000] {logging_mixin.py:154} INFO - [2023-11-13T18:42:12.717+0000] {dag.py:3722} INFO - Setting next_dagrun for example_short_circuit_operator to 2023-11-12T18:42:12.717093+00:00, run_after=2023-11-13T18:42:12.717093+00:00
[2023-11-13T18:42:12.727+0000] {processor.py:179} INFO - Processing /home/airflow/.local/lib/python3.8/site-packages/airflow/example_dags/example_short_circuit_operator.py took 0.053 seconds
[2023-11-13T18:42:42.867+0000] {processor.py:157} INFO - Started process (PID=418) to work on /home/airflow/.local/lib/python3.8/site-packages/airflow/example_dags/example_short_circuit_operator.py
[2023-11-13T18:42:42.867+0000] {processor.py:829} INFO - Processing file /home/airflow/.local/lib/python3.8/site-packages/airflow/example_dags/example_short_circuit_operator.py for tasks to queue
[2023-11-13T18:42:42.870+0000] {logging_mixin.py:154} INFO - [2023-11-13T18:42:42.869+0000] {dagbag.py:536} INFO - Filling up the DagBag from /home/airflow/.local/lib/python3.8/site-packages/airflow/example_dags/example_short_circuit_operator.py
[2023-11-13T18:42:42.876+0000] {processor.py:839} INFO - DAG(s) dict_keys(['example_short_circuit_operator']) retrieved from /home/airflow/.local/lib/python3.8/site-packages/airflow/example_dags/example_short_circuit_operator.py
[2023-11-13T18:42:42.892+0000] {logging_mixin.py:154} INFO - [2023-11-13T18:42:42.892+0000] {dag.py:2941} INFO - Sync 1 DAGs
[2023-11-13T18:42:42.905+0000] {logging_mixin.py:154} INFO - [2023-11-13T18:42:42.905+0000] {dag.py:3722} INFO - Setting next_dagrun for example_short_circuit_operator to 2023-11-12T18:42:42.905135+00:00, run_after=2023-11-13T18:42:42.905135+00:00
[2023-11-13T18:42:42.914+0000] {processor.py:179} INFO - Processing /home/airflow/.local/lib/python3.8/site-packages/airflow/example_dags/example_short_circuit_operator.py took 0.050 seconds
[2023-11-13T19:57:44.916+0000] {processor.py:157} INFO - Started process (PID=41) to work on /home/airflow/.local/lib/python3.8/site-packages/airflow/example_dags/example_short_circuit_operator.py
[2023-11-13T19:57:44.917+0000] {processor.py:829} INFO - Processing file /home/airflow/.local/lib/python3.8/site-packages/airflow/example_dags/example_short_circuit_operator.py for tasks to queue
[2023-11-13T19:57:44.919+0000] {logging_mixin.py:154} INFO - [2023-11-13T19:57:44.919+0000] {dagbag.py:536} INFO - Filling up the DagBag from /home/airflow/.local/lib/python3.8/site-packages/airflow/example_dags/example_short_circuit_operator.py
[2023-11-13T19:57:44.927+0000] {processor.py:839} INFO - DAG(s) dict_keys(['example_short_circuit_operator']) retrieved from /home/airflow/.local/lib/python3.8/site-packages/airflow/example_dags/example_short_circuit_operator.py
[2023-11-13T19:57:44.946+0000] {logging_mixin.py:154} INFO - [2023-11-13T19:57:44.946+0000] {dag.py:2941} INFO - Sync 1 DAGs
[2023-11-13T19:57:44.963+0000] {logging_mixin.py:154} INFO - [2023-11-13T19:57:44.963+0000] {dag.py:3722} INFO - Setting next_dagrun for example_short_circuit_operator to 2023-11-12T19:57:44.963534+00:00, run_after=2023-11-13T19:57:44.963534+00:00
[2023-11-13T19:57:44.975+0000] {processor.py:179} INFO - Processing /home/airflow/.local/lib/python3.8/site-packages/airflow/example_dags/example_short_circuit_operator.py took 0.061 seconds
[2023-11-13T19:58:15.290+0000] {processor.py:157} INFO - Started process (PID=95) to work on /home/airflow/.local/lib/python3.8/site-packages/airflow/example_dags/example_short_circuit_operator.py
[2023-11-13T19:58:15.292+0000] {processor.py:829} INFO - Processing file /home/airflow/.local/lib/python3.8/site-packages/airflow/example_dags/example_short_circuit_operator.py for tasks to queue
[2023-11-13T19:58:15.293+0000] {logging_mixin.py:154} INFO - [2023-11-13T19:58:15.293+0000] {dagbag.py:536} INFO - Filling up the DagBag from /home/airflow/.local/lib/python3.8/site-packages/airflow/example_dags/example_short_circuit_operator.py
[2023-11-13T19:58:15.298+0000] {processor.py:839} INFO - DAG(s) dict_keys(['example_short_circuit_operator']) retrieved from /home/airflow/.local/lib/python3.8/site-packages/airflow/example_dags/example_short_circuit_operator.py
[2023-11-13T19:58:15.313+0000] {logging_mixin.py:154} INFO - [2023-11-13T19:58:15.313+0000] {dag.py:2941} INFO - Sync 1 DAGs
[2023-11-13T19:58:15.326+0000] {logging_mixin.py:154} INFO - [2023-11-13T19:58:15.326+0000] {dag.py:3722} INFO - Setting next_dagrun for example_short_circuit_operator to 2023-11-12T19:58:15.326245+00:00, run_after=2023-11-13T19:58:15.326245+00:00
[2023-11-13T19:58:15.338+0000] {processor.py:179} INFO - Processing /home/airflow/.local/lib/python3.8/site-packages/airflow/example_dags/example_short_circuit_operator.py took 0.051 seconds
[2023-11-13T19:58:45.740+0000] {processor.py:157} INFO - Started process (PID=149) to work on /home/airflow/.local/lib/python3.8/site-packages/airflow/example_dags/example_short_circuit_operator.py
[2023-11-13T19:58:45.741+0000] {processor.py:829} INFO - Processing file /home/airflow/.local/lib/python3.8/site-packages/airflow/example_dags/example_short_circuit_operator.py for tasks to queue
[2023-11-13T19:58:45.742+0000] {logging_mixin.py:154} INFO - [2023-11-13T19:58:45.742+0000] {dagbag.py:536} INFO - Filling up the DagBag from /home/airflow/.local/lib/python3.8/site-packages/airflow/example_dags/example_short_circuit_operator.py
[2023-11-13T19:58:45.746+0000] {processor.py:839} INFO - DAG(s) dict_keys(['example_short_circuit_operator']) retrieved from /home/airflow/.local/lib/python3.8/site-packages/airflow/example_dags/example_short_circuit_operator.py
[2023-11-13T19:58:45.758+0000] {logging_mixin.py:154} INFO - [2023-11-13T19:58:45.757+0000] {dag.py:2941} INFO - Sync 1 DAGs
[2023-11-13T19:58:45.767+0000] {logging_mixin.py:154} INFO - [2023-11-13T19:58:45.767+0000] {dag.py:3722} INFO - Setting next_dagrun for example_short_circuit_operator to 2023-11-12T19:58:45.767684+00:00, run_after=2023-11-13T19:58:45.767684+00:00
[2023-11-13T19:58:45.775+0000] {processor.py:179} INFO - Processing /home/airflow/.local/lib/python3.8/site-packages/airflow/example_dags/example_short_circuit_operator.py took 0.037 seconds
[2023-11-13T19:59:16.031+0000] {processor.py:157} INFO - Started process (PID=203) to work on /home/airflow/.local/lib/python3.8/site-packages/airflow/example_dags/example_short_circuit_operator.py
[2023-11-13T19:59:16.032+0000] {processor.py:829} INFO - Processing file /home/airflow/.local/lib/python3.8/site-packages/airflow/example_dags/example_short_circuit_operator.py for tasks to queue
[2023-11-13T19:59:16.033+0000] {logging_mixin.py:154} INFO - [2023-11-13T19:59:16.033+0000] {dagbag.py:536} INFO - Filling up the DagBag from /home/airflow/.local/lib/python3.8/site-packages/airflow/example_dags/example_short_circuit_operator.py
[2023-11-13T19:59:16.037+0000] {processor.py:839} INFO - DAG(s) dict_keys(['example_short_circuit_operator']) retrieved from /home/airflow/.local/lib/python3.8/site-packages/airflow/example_dags/example_short_circuit_operator.py
[2023-11-13T19:59:16.049+0000] {logging_mixin.py:154} INFO - [2023-11-13T19:59:16.049+0000] {dag.py:2941} INFO - Sync 1 DAGs
[2023-11-13T19:59:16.059+0000] {logging_mixin.py:154} INFO - [2023-11-13T19:59:16.059+0000] {dag.py:3722} INFO - Setting next_dagrun for example_short_circuit_operator to 2023-11-12T19:59:16.059508+00:00, run_after=2023-11-13T19:59:16.059508+00:00
[2023-11-13T19:59:16.067+0000] {processor.py:179} INFO - Processing /home/airflow/.local/lib/python3.8/site-packages/airflow/example_dags/example_short_circuit_operator.py took 0.038 seconds
[2023-11-13T19:59:46.753+0000] {processor.py:157} INFO - Started process (PID=257) to work on /home/airflow/.local/lib/python3.8/site-packages/airflow/example_dags/example_short_circuit_operator.py
[2023-11-13T19:59:46.754+0000] {processor.py:829} INFO - Processing file /home/airflow/.local/lib/python3.8/site-packages/airflow/example_dags/example_short_circuit_operator.py for tasks to queue
[2023-11-13T19:59:46.755+0000] {logging_mixin.py:154} INFO - [2023-11-13T19:59:46.755+0000] {dagbag.py:536} INFO - Filling up the DagBag from /home/airflow/.local/lib/python3.8/site-packages/airflow/example_dags/example_short_circuit_operator.py
[2023-11-13T19:59:46.760+0000] {processor.py:839} INFO - DAG(s) dict_keys(['example_short_circuit_operator']) retrieved from /home/airflow/.local/lib/python3.8/site-packages/airflow/example_dags/example_short_circuit_operator.py
[2023-11-13T19:59:46.772+0000] {logging_mixin.py:154} INFO - [2023-11-13T19:59:46.772+0000] {dag.py:2941} INFO - Sync 1 DAGs
[2023-11-13T19:59:46.783+0000] {logging_mixin.py:154} INFO - [2023-11-13T19:59:46.783+0000] {dag.py:3722} INFO - Setting next_dagrun for example_short_circuit_operator to 2023-11-12T19:59:46.783748+00:00, run_after=2023-11-13T19:59:46.783748+00:00
[2023-11-13T19:59:46.792+0000] {processor.py:179} INFO - Processing /home/airflow/.local/lib/python3.8/site-packages/airflow/example_dags/example_short_circuit_operator.py took 0.041 seconds
[2023-11-13T20:00:17.410+0000] {processor.py:157} INFO - Started process (PID=310) to work on /home/airflow/.local/lib/python3.8/site-packages/airflow/example_dags/example_short_circuit_operator.py
[2023-11-13T20:00:17.411+0000] {processor.py:829} INFO - Processing file /home/airflow/.local/lib/python3.8/site-packages/airflow/example_dags/example_short_circuit_operator.py for tasks to queue
[2023-11-13T20:00:17.412+0000] {logging_mixin.py:154} INFO - [2023-11-13T20:00:17.412+0000] {dagbag.py:536} INFO - Filling up the DagBag from /home/airflow/.local/lib/python3.8/site-packages/airflow/example_dags/example_short_circuit_operator.py
[2023-11-13T20:00:17.417+0000] {processor.py:839} INFO - DAG(s) dict_keys(['example_short_circuit_operator']) retrieved from /home/airflow/.local/lib/python3.8/site-packages/airflow/example_dags/example_short_circuit_operator.py
[2023-11-13T20:00:17.432+0000] {logging_mixin.py:154} INFO - [2023-11-13T20:00:17.432+0000] {dag.py:2941} INFO - Sync 1 DAGs
[2023-11-13T20:00:17.444+0000] {logging_mixin.py:154} INFO - [2023-11-13T20:00:17.444+0000] {dag.py:3722} INFO - Setting next_dagrun for example_short_circuit_operator to 2023-11-12T20:00:17.444338+00:00, run_after=2023-11-13T20:00:17.444338+00:00
[2023-11-13T20:00:17.453+0000] {processor.py:179} INFO - Processing /home/airflow/.local/lib/python3.8/site-packages/airflow/example_dags/example_short_circuit_operator.py took 0.045 seconds
[2023-11-13T20:00:47.596+0000] {processor.py:157} INFO - Started process (PID=364) to work on /home/airflow/.local/lib/python3.8/site-packages/airflow/example_dags/example_short_circuit_operator.py
[2023-11-13T20:00:47.596+0000] {processor.py:829} INFO - Processing file /home/airflow/.local/lib/python3.8/site-packages/airflow/example_dags/example_short_circuit_operator.py for tasks to queue
[2023-11-13T20:00:47.597+0000] {logging_mixin.py:154} INFO - [2023-11-13T20:00:47.597+0000] {dagbag.py:536} INFO - Filling up the DagBag from /home/airflow/.local/lib/python3.8/site-packages/airflow/example_dags/example_short_circuit_operator.py
[2023-11-13T20:00:47.602+0000] {processor.py:839} INFO - DAG(s) dict_keys(['example_short_circuit_operator']) retrieved from /home/airflow/.local/lib/python3.8/site-packages/airflow/example_dags/example_short_circuit_operator.py
[2023-11-13T20:00:47.615+0000] {logging_mixin.py:154} INFO - [2023-11-13T20:00:47.615+0000] {dag.py:2941} INFO - Sync 1 DAGs
[2023-11-13T20:00:47.627+0000] {logging_mixin.py:154} INFO - [2023-11-13T20:00:47.627+0000] {dag.py:3722} INFO - Setting next_dagrun for example_short_circuit_operator to 2023-11-12T20:00:47.627087+00:00, run_after=2023-11-13T20:00:47.627087+00:00
[2023-11-13T20:00:47.635+0000] {processor.py:179} INFO - Processing /home/airflow/.local/lib/python3.8/site-packages/airflow/example_dags/example_short_circuit_operator.py took 0.042 seconds
[2023-11-13T20:01:18.342+0000] {processor.py:157} INFO - Started process (PID=418) to work on /home/airflow/.local/lib/python3.8/site-packages/airflow/example_dags/example_short_circuit_operator.py
[2023-11-13T20:01:18.343+0000] {processor.py:829} INFO - Processing file /home/airflow/.local/lib/python3.8/site-packages/airflow/example_dags/example_short_circuit_operator.py for tasks to queue
[2023-11-13T20:01:18.344+0000] {logging_mixin.py:154} INFO - [2023-11-13T20:01:18.344+0000] {dagbag.py:536} INFO - Filling up the DagBag from /home/airflow/.local/lib/python3.8/site-packages/airflow/example_dags/example_short_circuit_operator.py
[2023-11-13T20:01:18.349+0000] {processor.py:839} INFO - DAG(s) dict_keys(['example_short_circuit_operator']) retrieved from /home/airflow/.local/lib/python3.8/site-packages/airflow/example_dags/example_short_circuit_operator.py
[2023-11-13T20:01:18.361+0000] {logging_mixin.py:154} INFO - [2023-11-13T20:01:18.361+0000] {dag.py:2941} INFO - Sync 1 DAGs
[2023-11-13T20:01:18.371+0000] {logging_mixin.py:154} INFO - [2023-11-13T20:01:18.371+0000] {dag.py:3722} INFO - Setting next_dagrun for example_short_circuit_operator to 2023-11-12T20:01:18.371451+00:00, run_after=2023-11-13T20:01:18.371451+00:00
[2023-11-13T20:01:18.379+0000] {processor.py:179} INFO - Processing /home/airflow/.local/lib/python3.8/site-packages/airflow/example_dags/example_short_circuit_operator.py took 0.039 seconds
[2023-11-13T20:01:48.992+0000] {processor.py:157} INFO - Started process (PID=472) to work on /home/airflow/.local/lib/python3.8/site-packages/airflow/example_dags/example_short_circuit_operator.py
[2023-11-13T20:01:48.993+0000] {processor.py:829} INFO - Processing file /home/airflow/.local/lib/python3.8/site-packages/airflow/example_dags/example_short_circuit_operator.py for tasks to queue
[2023-11-13T20:01:48.994+0000] {logging_mixin.py:154} INFO - [2023-11-13T20:01:48.994+0000] {dagbag.py:536} INFO - Filling up the DagBag from /home/airflow/.local/lib/python3.8/site-packages/airflow/example_dags/example_short_circuit_operator.py
[2023-11-13T20:01:48.998+0000] {processor.py:839} INFO - DAG(s) dict_keys(['example_short_circuit_operator']) retrieved from /home/airflow/.local/lib/python3.8/site-packages/airflow/example_dags/example_short_circuit_operator.py
[2023-11-13T20:01:49.010+0000] {logging_mixin.py:154} INFO - [2023-11-13T20:01:49.010+0000] {dag.py:2941} INFO - Sync 1 DAGs
[2023-11-13T20:01:49.019+0000] {logging_mixin.py:154} INFO - [2023-11-13T20:01:49.019+0000] {dag.py:3722} INFO - Setting next_dagrun for example_short_circuit_operator to 2023-11-12T20:01:49.019754+00:00, run_after=2023-11-13T20:01:49.019754+00:00
[2023-11-13T20:01:49.028+0000] {processor.py:179} INFO - Processing /home/airflow/.local/lib/python3.8/site-packages/airflow/example_dags/example_short_circuit_operator.py took 0.037 seconds
[2023-11-13T20:02:19.731+0000] {processor.py:157} INFO - Started process (PID=526) to work on /home/airflow/.local/lib/python3.8/site-packages/airflow/example_dags/example_short_circuit_operator.py
[2023-11-13T20:02:19.732+0000] {processor.py:829} INFO - Processing file /home/airflow/.local/lib/python3.8/site-packages/airflow/example_dags/example_short_circuit_operator.py for tasks to queue
[2023-11-13T20:02:19.733+0000] {logging_mixin.py:154} INFO - [2023-11-13T20:02:19.733+0000] {dagbag.py:536} INFO - Filling up the DagBag from /home/airflow/.local/lib/python3.8/site-packages/airflow/example_dags/example_short_circuit_operator.py
[2023-11-13T20:02:19.738+0000] {processor.py:839} INFO - DAG(s) dict_keys(['example_short_circuit_operator']) retrieved from /home/airflow/.local/lib/python3.8/site-packages/airflow/example_dags/example_short_circuit_operator.py
[2023-11-13T20:02:19.751+0000] {logging_mixin.py:154} INFO - [2023-11-13T20:02:19.751+0000] {dag.py:2941} INFO - Sync 1 DAGs
[2023-11-13T20:02:19.763+0000] {logging_mixin.py:154} INFO - [2023-11-13T20:02:19.763+0000] {dag.py:3722} INFO - Setting next_dagrun for example_short_circuit_operator to 2023-11-12T20:02:19.763289+00:00, run_after=2023-11-13T20:02:19.763289+00:00
[2023-11-13T20:02:19.772+0000] {processor.py:179} INFO - Processing /home/airflow/.local/lib/python3.8/site-packages/airflow/example_dags/example_short_circuit_operator.py took 0.043 seconds
[2023-11-13T20:02:50.026+0000] {processor.py:157} INFO - Started process (PID=580) to work on /home/airflow/.local/lib/python3.8/site-packages/airflow/example_dags/example_short_circuit_operator.py
[2023-11-13T20:02:50.026+0000] {processor.py:829} INFO - Processing file /home/airflow/.local/lib/python3.8/site-packages/airflow/example_dags/example_short_circuit_operator.py for tasks to queue
[2023-11-13T20:02:50.028+0000] {logging_mixin.py:154} INFO - [2023-11-13T20:02:50.028+0000] {dagbag.py:536} INFO - Filling up the DagBag from /home/airflow/.local/lib/python3.8/site-packages/airflow/example_dags/example_short_circuit_operator.py
[2023-11-13T20:02:50.033+0000] {processor.py:839} INFO - DAG(s) dict_keys(['example_short_circuit_operator']) retrieved from /home/airflow/.local/lib/python3.8/site-packages/airflow/example_dags/example_short_circuit_operator.py
[2023-11-13T20:02:50.045+0000] {logging_mixin.py:154} INFO - [2023-11-13T20:02:50.045+0000] {dag.py:2941} INFO - Sync 1 DAGs
[2023-11-13T20:02:50.056+0000] {logging_mixin.py:154} INFO - [2023-11-13T20:02:50.056+0000] {dag.py:3722} INFO - Setting next_dagrun for example_short_circuit_operator to 2023-11-12T20:02:50.056044+00:00, run_after=2023-11-13T20:02:50.056044+00:00
[2023-11-13T20:02:50.064+0000] {processor.py:179} INFO - Processing /home/airflow/.local/lib/python3.8/site-packages/airflow/example_dags/example_short_circuit_operator.py took 0.041 seconds
[2023-11-13T20:03:20.184+0000] {processor.py:157} INFO - Started process (PID=634) to work on /home/airflow/.local/lib/python3.8/site-packages/airflow/example_dags/example_short_circuit_operator.py
[2023-11-13T20:03:20.185+0000] {processor.py:829} INFO - Processing file /home/airflow/.local/lib/python3.8/site-packages/airflow/example_dags/example_short_circuit_operator.py for tasks to queue
[2023-11-13T20:03:20.188+0000] {logging_mixin.py:154} INFO - [2023-11-13T20:03:20.188+0000] {dagbag.py:536} INFO - Filling up the DagBag from /home/airflow/.local/lib/python3.8/site-packages/airflow/example_dags/example_short_circuit_operator.py
[2023-11-13T20:03:20.193+0000] {processor.py:839} INFO - DAG(s) dict_keys(['example_short_circuit_operator']) retrieved from /home/airflow/.local/lib/python3.8/site-packages/airflow/example_dags/example_short_circuit_operator.py
[2023-11-13T20:03:20.206+0000] {logging_mixin.py:154} INFO - [2023-11-13T20:03:20.206+0000] {dag.py:2941} INFO - Sync 1 DAGs
[2023-11-13T20:03:20.216+0000] {logging_mixin.py:154} INFO - [2023-11-13T20:03:20.216+0000] {dag.py:3722} INFO - Setting next_dagrun for example_short_circuit_operator to 2023-11-12T20:03:20.215938+00:00, run_after=2023-11-13T20:03:20.215938+00:00
[2023-11-13T20:03:20.224+0000] {processor.py:179} INFO - Processing /home/airflow/.local/lib/python3.8/site-packages/airflow/example_dags/example_short_circuit_operator.py took 0.042 seconds
[2023-11-13T20:03:50.263+0000] {processor.py:157} INFO - Started process (PID=688) to work on /home/airflow/.local/lib/python3.8/site-packages/airflow/example_dags/example_short_circuit_operator.py
[2023-11-13T20:03:50.264+0000] {processor.py:829} INFO - Processing file /home/airflow/.local/lib/python3.8/site-packages/airflow/example_dags/example_short_circuit_operator.py for tasks to queue
[2023-11-13T20:03:50.265+0000] {logging_mixin.py:154} INFO - [2023-11-13T20:03:50.265+0000] {dagbag.py:536} INFO - Filling up the DagBag from /home/airflow/.local/lib/python3.8/site-packages/airflow/example_dags/example_short_circuit_operator.py
[2023-11-13T20:03:50.270+0000] {processor.py:839} INFO - DAG(s) dict_keys(['example_short_circuit_operator']) retrieved from /home/airflow/.local/lib/python3.8/site-packages/airflow/example_dags/example_short_circuit_operator.py
[2023-11-13T20:03:50.282+0000] {logging_mixin.py:154} INFO - [2023-11-13T20:03:50.282+0000] {dag.py:2941} INFO - Sync 1 DAGs
[2023-11-13T20:03:50.295+0000] {logging_mixin.py:154} INFO - [2023-11-13T20:03:50.295+0000] {dag.py:3722} INFO - Setting next_dagrun for example_short_circuit_operator to 2023-11-12T20:03:50.294910+00:00, run_after=2023-11-13T20:03:50.294910+00:00
[2023-11-13T20:03:50.304+0000] {processor.py:179} INFO - Processing /home/airflow/.local/lib/python3.8/site-packages/airflow/example_dags/example_short_circuit_operator.py took 0.043 seconds
[2023-11-13T20:04:20.410+0000] {processor.py:157} INFO - Started process (PID=742) to work on /home/airflow/.local/lib/python3.8/site-packages/airflow/example_dags/example_short_circuit_operator.py
[2023-11-13T20:04:20.411+0000] {processor.py:829} INFO - Processing file /home/airflow/.local/lib/python3.8/site-packages/airflow/example_dags/example_short_circuit_operator.py for tasks to queue
[2023-11-13T20:04:20.412+0000] {logging_mixin.py:154} INFO - [2023-11-13T20:04:20.412+0000] {dagbag.py:536} INFO - Filling up the DagBag from /home/airflow/.local/lib/python3.8/site-packages/airflow/example_dags/example_short_circuit_operator.py
[2023-11-13T20:04:20.417+0000] {processor.py:839} INFO - DAG(s) dict_keys(['example_short_circuit_operator']) retrieved from /home/airflow/.local/lib/python3.8/site-packages/airflow/example_dags/example_short_circuit_operator.py
[2023-11-13T20:04:20.433+0000] {logging_mixin.py:154} INFO - [2023-11-13T20:04:20.433+0000] {dag.py:2941} INFO - Sync 1 DAGs
[2023-11-13T20:04:20.446+0000] {logging_mixin.py:154} INFO - [2023-11-13T20:04:20.446+0000] {dag.py:3722} INFO - Setting next_dagrun for example_short_circuit_operator to 2023-11-12T20:04:20.446141+00:00, run_after=2023-11-13T20:04:20.446141+00:00
[2023-11-13T20:04:20.456+0000] {processor.py:179} INFO - Processing /home/airflow/.local/lib/python3.8/site-packages/airflow/example_dags/example_short_circuit_operator.py took 0.048 seconds
[2023-11-13T20:04:50.576+0000] {processor.py:157} INFO - Started process (PID=796) to work on /home/airflow/.local/lib/python3.8/site-packages/airflow/example_dags/example_short_circuit_operator.py
[2023-11-13T20:04:50.577+0000] {processor.py:829} INFO - Processing file /home/airflow/.local/lib/python3.8/site-packages/airflow/example_dags/example_short_circuit_operator.py for tasks to queue
[2023-11-13T20:04:50.578+0000] {logging_mixin.py:154} INFO - [2023-11-13T20:04:50.578+0000] {dagbag.py:536} INFO - Filling up the DagBag from /home/airflow/.local/lib/python3.8/site-packages/airflow/example_dags/example_short_circuit_operator.py
[2023-11-13T20:04:50.583+0000] {processor.py:839} INFO - DAG(s) dict_keys(['example_short_circuit_operator']) retrieved from /home/airflow/.local/lib/python3.8/site-packages/airflow/example_dags/example_short_circuit_operator.py
[2023-11-13T20:04:50.595+0000] {logging_mixin.py:154} INFO - [2023-11-13T20:04:50.594+0000] {dag.py:2941} INFO - Sync 1 DAGs
[2023-11-13T20:04:50.605+0000] {logging_mixin.py:154} INFO - [2023-11-13T20:04:50.605+0000] {dag.py:3722} INFO - Setting next_dagrun for example_short_circuit_operator to 2023-11-12T20:04:50.605655+00:00, run_after=2023-11-13T20:04:50.605655+00:00
[2023-11-13T20:04:50.615+0000] {processor.py:179} INFO - Processing /home/airflow/.local/lib/python3.8/site-packages/airflow/example_dags/example_short_circuit_operator.py took 0.040 seconds
