[2023-11-13T18:39:11.266+0000] {processor.py:157} INFO - Started process (PID=66) to work on /home/airflow/.local/lib/python3.8/site-packages/airflow/example_dags/example_datasets.py
[2023-11-13T18:39:11.267+0000] {processor.py:829} INFO - Processing file /home/airflow/.local/lib/python3.8/site-packages/airflow/example_dags/example_datasets.py for tasks to queue
[2023-11-13T18:39:11.270+0000] {logging_mixin.py:154} INFO - [2023-11-13T18:39:11.269+0000] {dagbag.py:536} INFO - Filling up the DagBag from /home/airflow/.local/lib/python3.8/site-packages/airflow/example_dags/example_datasets.py
[2023-11-13T18:39:11.284+0000] {processor.py:839} INFO - DAG(s) dict_keys(['dataset_consumes_1', 'dataset_consumes_1_and_2', 'dataset_produces_1', 'dataset_consumes_1_never_scheduled', 'dataset_produces_2', 'dataset_consumes_unknown_never_scheduled']) retrieved from /home/airflow/.local/lib/python3.8/site-packages/airflow/example_dags/example_datasets.py
[2023-11-13T18:39:11.374+0000] {logging_mixin.py:154} INFO - [2023-11-13T18:39:11.374+0000] {manager.py:499} INFO - Created Permission View: %s
[2023-11-13T18:39:11.381+0000] {logging_mixin.py:154} INFO - [2023-11-13T18:39:11.380+0000] {manager.py:499} INFO - Created Permission View: %s
[2023-11-13T18:39:11.384+0000] {logging_mixin.py:154} INFO - [2023-11-13T18:39:11.384+0000] {manager.py:499} INFO - Created Permission View: %s
[2023-11-13T18:39:11.392+0000] {logging_mixin.py:154} INFO - [2023-11-13T18:39:11.391+0000] {manager.py:499} INFO - Created Permission View: %s
[2023-11-13T18:39:11.395+0000] {logging_mixin.py:154} INFO - [2023-11-13T18:39:11.395+0000] {manager.py:499} INFO - Created Permission View: %s
[2023-11-13T18:39:11.399+0000] {logging_mixin.py:154} INFO - [2023-11-13T18:39:11.399+0000] {manager.py:499} INFO - Created Permission View: %s
[2023-11-13T18:39:11.406+0000] {logging_mixin.py:154} INFO - [2023-11-13T18:39:11.406+0000] {manager.py:499} INFO - Created Permission View: %s
[2023-11-13T18:39:11.410+0000] {logging_mixin.py:154} INFO - [2023-11-13T18:39:11.410+0000] {manager.py:499} INFO - Created Permission View: %s
[2023-11-13T18:39:11.414+0000] {logging_mixin.py:154} INFO - [2023-11-13T18:39:11.413+0000] {manager.py:499} INFO - Created Permission View: %s
[2023-11-13T18:39:11.420+0000] {logging_mixin.py:154} INFO - [2023-11-13T18:39:11.420+0000] {manager.py:499} INFO - Created Permission View: %s
[2023-11-13T18:39:11.424+0000] {logging_mixin.py:154} INFO - [2023-11-13T18:39:11.424+0000] {manager.py:499} INFO - Created Permission View: %s
[2023-11-13T18:39:11.428+0000] {logging_mixin.py:154} INFO - [2023-11-13T18:39:11.428+0000] {manager.py:499} INFO - Created Permission View: %s
[2023-11-13T18:39:11.435+0000] {logging_mixin.py:154} INFO - [2023-11-13T18:39:11.435+0000] {manager.py:499} INFO - Created Permission View: %s
[2023-11-13T18:39:11.438+0000] {logging_mixin.py:154} INFO - [2023-11-13T18:39:11.438+0000] {manager.py:499} INFO - Created Permission View: %s
[2023-11-13T18:39:11.442+0000] {logging_mixin.py:154} INFO - [2023-11-13T18:39:11.442+0000] {manager.py:499} INFO - Created Permission View: %s
[2023-11-13T18:39:11.449+0000] {logging_mixin.py:154} INFO - [2023-11-13T18:39:11.448+0000] {manager.py:499} INFO - Created Permission View: %s
[2023-11-13T18:39:11.452+0000] {logging_mixin.py:154} INFO - [2023-11-13T18:39:11.452+0000] {manager.py:499} INFO - Created Permission View: %s
[2023-11-13T18:39:11.456+0000] {logging_mixin.py:154} INFO - [2023-11-13T18:39:11.455+0000] {manager.py:499} INFO - Created Permission View: %s
[2023-11-13T18:39:11.456+0000] {logging_mixin.py:154} INFO - [2023-11-13T18:39:11.456+0000] {dag.py:2941} INFO - Sync 6 DAGs
[2023-11-13T18:39:11.462+0000] {logging_mixin.py:154} INFO - [2023-11-13T18:39:11.462+0000] {dag.py:2963} INFO - Creating ORM DAG for dataset_consumes_1_never_scheduled
[2023-11-13T18:39:11.462+0000] {logging_mixin.py:154} INFO - [2023-11-13T18:39:11.462+0000] {dag.py:2963} INFO - Creating ORM DAG for dataset_consumes_1_and_2
[2023-11-13T18:39:11.463+0000] {logging_mixin.py:154} INFO - [2023-11-13T18:39:11.463+0000] {dag.py:2963} INFO - Creating ORM DAG for dataset_produces_1
[2023-11-13T18:39:11.463+0000] {logging_mixin.py:154} INFO - [2023-11-13T18:39:11.463+0000] {dag.py:2963} INFO - Creating ORM DAG for dataset_produces_2
[2023-11-13T18:39:11.464+0000] {logging_mixin.py:154} INFO - [2023-11-13T18:39:11.464+0000] {dag.py:2963} INFO - Creating ORM DAG for dataset_consumes_unknown_never_scheduled
[2023-11-13T18:39:11.464+0000] {logging_mixin.py:154} INFO - [2023-11-13T18:39:11.464+0000] {dag.py:2963} INFO - Creating ORM DAG for dataset_consumes_1
[2023-11-13T18:39:11.469+0000] {logging_mixin.py:154} INFO - [2023-11-13T18:39:11.469+0000] {dag.py:3722} INFO - Setting next_dagrun for dataset_consumes_1 to None, run_after=None
[2023-11-13T18:39:11.470+0000] {logging_mixin.py:154} INFO - [2023-11-13T18:39:11.470+0000] {dag.py:3722} INFO - Setting next_dagrun for dataset_consumes_1_and_2 to None, run_after=None
[2023-11-13T18:39:11.470+0000] {logging_mixin.py:154} INFO - [2023-11-13T18:39:11.470+0000] {dag.py:3722} INFO - Setting next_dagrun for dataset_consumes_1_never_scheduled to None, run_after=None
[2023-11-13T18:39:11.470+0000] {logging_mixin.py:154} INFO - [2023-11-13T18:39:11.470+0000] {dag.py:3722} INFO - Setting next_dagrun for dataset_consumes_unknown_never_scheduled to None, run_after=None
[2023-11-13T18:39:11.472+0000] {logging_mixin.py:154} INFO - [2023-11-13T18:39:11.472+0000] {dag.py:3722} INFO - Setting next_dagrun for dataset_produces_1 to 2023-11-12T00:00:00+00:00, run_after=2023-11-13T00:00:00+00:00
[2023-11-13T18:39:11.472+0000] {logging_mixin.py:154} INFO - [2023-11-13T18:39:11.472+0000] {dag.py:3722} INFO - Setting next_dagrun for dataset_produces_2 to None, run_after=None
[2023-11-13T18:39:11.726+0000] {processor.py:179} INFO - Processing /home/airflow/.local/lib/python3.8/site-packages/airflow/example_dags/example_datasets.py took 0.463 seconds
[2023-11-13T18:39:43.878+0000] {processor.py:157} INFO - Started process (PID=120) to work on /home/airflow/.local/lib/python3.8/site-packages/airflow/example_dags/example_datasets.py
[2023-11-13T18:39:43.880+0000] {processor.py:829} INFO - Processing file /home/airflow/.local/lib/python3.8/site-packages/airflow/example_dags/example_datasets.py for tasks to queue
[2023-11-13T18:39:43.883+0000] {logging_mixin.py:154} INFO - [2023-11-13T18:39:43.882+0000] {dagbag.py:536} INFO - Filling up the DagBag from /home/airflow/.local/lib/python3.8/site-packages/airflow/example_dags/example_datasets.py
[2023-11-13T18:39:43.895+0000] {processor.py:839} INFO - DAG(s) dict_keys(['dataset_consumes_1_and_2', 'dataset_produces_1', 'dataset_produces_2', 'dataset_consumes_1_never_scheduled', 'dataset_consumes_unknown_never_scheduled', 'dataset_consumes_1']) retrieved from /home/airflow/.local/lib/python3.8/site-packages/airflow/example_dags/example_datasets.py
[2023-11-13T18:39:43.962+0000] {logging_mixin.py:154} INFO - [2023-11-13T18:39:43.962+0000] {dag.py:2941} INFO - Sync 6 DAGs
[2023-11-13T18:39:43.997+0000] {logging_mixin.py:154} INFO - [2023-11-13T18:39:43.997+0000] {dag.py:3722} INFO - Setting next_dagrun for dataset_consumes_1 to None, run_after=None
[2023-11-13T18:39:44.006+0000] {logging_mixin.py:154} INFO - [2023-11-13T18:39:44.006+0000] {dag.py:3722} INFO - Setting next_dagrun for dataset_consumes_1_and_2 to None, run_after=None
[2023-11-13T18:39:44.007+0000] {logging_mixin.py:154} INFO - [2023-11-13T18:39:44.007+0000] {dag.py:3722} INFO - Setting next_dagrun for dataset_consumes_1_never_scheduled to None, run_after=None
[2023-11-13T18:39:44.008+0000] {logging_mixin.py:154} INFO - [2023-11-13T18:39:44.008+0000] {dag.py:3722} INFO - Setting next_dagrun for dataset_consumes_unknown_never_scheduled to None, run_after=None
[2023-11-13T18:39:44.015+0000] {logging_mixin.py:154} INFO - [2023-11-13T18:39:44.014+0000] {dag.py:3722} INFO - Setting next_dagrun for dataset_produces_1 to 2023-11-12T00:00:00+00:00, run_after=2023-11-13T00:00:00+00:00
[2023-11-13T18:39:44.016+0000] {logging_mixin.py:154} INFO - [2023-11-13T18:39:44.016+0000] {dag.py:3722} INFO - Setting next_dagrun for dataset_produces_2 to None, run_after=None
[2023-11-13T18:39:44.073+0000] {processor.py:179} INFO - Processing /home/airflow/.local/lib/python3.8/site-packages/airflow/example_dags/example_datasets.py took 0.198 seconds
[2023-11-13T18:40:16.889+0000] {processor.py:157} INFO - Started process (PID=174) to work on /home/airflow/.local/lib/python3.8/site-packages/airflow/example_dags/example_datasets.py
[2023-11-13T18:40:16.890+0000] {processor.py:829} INFO - Processing file /home/airflow/.local/lib/python3.8/site-packages/airflow/example_dags/example_datasets.py for tasks to queue
[2023-11-13T18:40:16.893+0000] {logging_mixin.py:154} INFO - [2023-11-13T18:40:16.892+0000] {dagbag.py:536} INFO - Filling up the DagBag from /home/airflow/.local/lib/python3.8/site-packages/airflow/example_dags/example_datasets.py
[2023-11-13T18:40:16.918+0000] {processor.py:839} INFO - DAG(s) dict_keys(['dataset_consumes_1', 'dataset_consumes_1_and_2', 'dataset_consumes_unknown_never_scheduled', 'dataset_consumes_1_never_scheduled', 'dataset_produces_2', 'dataset_produces_1']) retrieved from /home/airflow/.local/lib/python3.8/site-packages/airflow/example_dags/example_datasets.py
[2023-11-13T18:40:16.988+0000] {logging_mixin.py:154} INFO - [2023-11-13T18:40:16.988+0000] {dag.py:2941} INFO - Sync 6 DAGs
[2023-11-13T18:40:17.027+0000] {logging_mixin.py:154} INFO - [2023-11-13T18:40:17.027+0000] {dag.py:3722} INFO - Setting next_dagrun for dataset_consumes_1 to None, run_after=None
[2023-11-13T18:40:17.030+0000] {logging_mixin.py:154} INFO - [2023-11-13T18:40:17.030+0000] {dag.py:3722} INFO - Setting next_dagrun for dataset_consumes_1_and_2 to None, run_after=None
[2023-11-13T18:40:17.032+0000] {logging_mixin.py:154} INFO - [2023-11-13T18:40:17.032+0000] {dag.py:3722} INFO - Setting next_dagrun for dataset_consumes_1_never_scheduled to None, run_after=None
[2023-11-13T18:40:17.033+0000] {logging_mixin.py:154} INFO - [2023-11-13T18:40:17.033+0000] {dag.py:3722} INFO - Setting next_dagrun for dataset_consumes_unknown_never_scheduled to None, run_after=None
[2023-11-13T18:40:17.039+0000] {logging_mixin.py:154} INFO - [2023-11-13T18:40:17.038+0000] {dag.py:3722} INFO - Setting next_dagrun for dataset_produces_1 to 2023-11-12T00:00:00+00:00, run_after=2023-11-13T00:00:00+00:00
[2023-11-13T18:40:17.044+0000] {logging_mixin.py:154} INFO - [2023-11-13T18:40:17.043+0000] {dag.py:3722} INFO - Setting next_dagrun for dataset_produces_2 to None, run_after=None
[2023-11-13T18:40:17.101+0000] {processor.py:179} INFO - Processing /home/airflow/.local/lib/python3.8/site-packages/airflow/example_dags/example_datasets.py took 0.218 seconds
[2023-11-13T18:40:47.152+0000] {processor.py:157} INFO - Started process (PID=228) to work on /home/airflow/.local/lib/python3.8/site-packages/airflow/example_dags/example_datasets.py
[2023-11-13T18:40:47.153+0000] {processor.py:829} INFO - Processing file /home/airflow/.local/lib/python3.8/site-packages/airflow/example_dags/example_datasets.py for tasks to queue
[2023-11-13T18:40:47.154+0000] {logging_mixin.py:154} INFO - [2023-11-13T18:40:47.154+0000] {dagbag.py:536} INFO - Filling up the DagBag from /home/airflow/.local/lib/python3.8/site-packages/airflow/example_dags/example_datasets.py
[2023-11-13T18:40:47.159+0000] {processor.py:839} INFO - DAG(s) dict_keys(['dataset_produces_2', 'dataset_consumes_1_never_scheduled', 'dataset_produces_1', 'dataset_consumes_1', 'dataset_consumes_unknown_never_scheduled', 'dataset_consumes_1_and_2']) retrieved from /home/airflow/.local/lib/python3.8/site-packages/airflow/example_dags/example_datasets.py
[2023-11-13T18:40:47.177+0000] {logging_mixin.py:154} INFO - [2023-11-13T18:40:47.177+0000] {dag.py:2941} INFO - Sync 6 DAGs
[2023-11-13T18:40:47.188+0000] {logging_mixin.py:154} INFO - [2023-11-13T18:40:47.188+0000] {dag.py:3722} INFO - Setting next_dagrun for dataset_consumes_1 to None, run_after=None
[2023-11-13T18:40:47.190+0000] {logging_mixin.py:154} INFO - [2023-11-13T18:40:47.190+0000] {dag.py:3722} INFO - Setting next_dagrun for dataset_consumes_1_and_2 to None, run_after=None
[2023-11-13T18:40:47.191+0000] {logging_mixin.py:154} INFO - [2023-11-13T18:40:47.191+0000] {dag.py:3722} INFO - Setting next_dagrun for dataset_consumes_1_never_scheduled to None, run_after=None
[2023-11-13T18:40:47.191+0000] {logging_mixin.py:154} INFO - [2023-11-13T18:40:47.191+0000] {dag.py:3722} INFO - Setting next_dagrun for dataset_consumes_unknown_never_scheduled to None, run_after=None
[2023-11-13T18:40:47.193+0000] {logging_mixin.py:154} INFO - [2023-11-13T18:40:47.193+0000] {dag.py:3722} INFO - Setting next_dagrun for dataset_produces_1 to 2023-11-12T00:00:00+00:00, run_after=2023-11-13T00:00:00+00:00
[2023-11-13T18:40:47.193+0000] {logging_mixin.py:154} INFO - [2023-11-13T18:40:47.193+0000] {dag.py:3722} INFO - Setting next_dagrun for dataset_produces_2 to None, run_after=None
[2023-11-13T18:40:47.207+0000] {processor.py:179} INFO - Processing /home/airflow/.local/lib/python3.8/site-packages/airflow/example_dags/example_datasets.py took 0.058 seconds
[2023-11-13T18:41:17.332+0000] {processor.py:157} INFO - Started process (PID=282) to work on /home/airflow/.local/lib/python3.8/site-packages/airflow/example_dags/example_datasets.py
[2023-11-13T18:41:17.333+0000] {processor.py:829} INFO - Processing file /home/airflow/.local/lib/python3.8/site-packages/airflow/example_dags/example_datasets.py for tasks to queue
[2023-11-13T18:41:17.335+0000] {logging_mixin.py:154} INFO - [2023-11-13T18:41:17.335+0000] {dagbag.py:536} INFO - Filling up the DagBag from /home/airflow/.local/lib/python3.8/site-packages/airflow/example_dags/example_datasets.py
[2023-11-13T18:41:17.342+0000] {processor.py:839} INFO - DAG(s) dict_keys(['dataset_consumes_1_and_2', 'dataset_consumes_1_never_scheduled', 'dataset_consumes_unknown_never_scheduled', 'dataset_consumes_1', 'dataset_produces_1', 'dataset_produces_2']) retrieved from /home/airflow/.local/lib/python3.8/site-packages/airflow/example_dags/example_datasets.py
[2023-11-13T18:41:17.363+0000] {logging_mixin.py:154} INFO - [2023-11-13T18:41:17.363+0000] {dag.py:2941} INFO - Sync 6 DAGs
[2023-11-13T18:41:17.378+0000] {logging_mixin.py:154} INFO - [2023-11-13T18:41:17.378+0000] {dag.py:3722} INFO - Setting next_dagrun for dataset_consumes_1 to None, run_after=None
[2023-11-13T18:41:17.380+0000] {logging_mixin.py:154} INFO - [2023-11-13T18:41:17.380+0000] {dag.py:3722} INFO - Setting next_dagrun for dataset_consumes_1_and_2 to None, run_after=None
[2023-11-13T18:41:17.382+0000] {logging_mixin.py:154} INFO - [2023-11-13T18:41:17.381+0000] {dag.py:3722} INFO - Setting next_dagrun for dataset_consumes_1_never_scheduled to None, run_after=None
[2023-11-13T18:41:17.383+0000] {logging_mixin.py:154} INFO - [2023-11-13T18:41:17.383+0000] {dag.py:3722} INFO - Setting next_dagrun for dataset_consumes_unknown_never_scheduled to None, run_after=None
[2023-11-13T18:41:17.385+0000] {logging_mixin.py:154} INFO - [2023-11-13T18:41:17.385+0000] {dag.py:3722} INFO - Setting next_dagrun for dataset_produces_1 to 2023-11-12T00:00:00+00:00, run_after=2023-11-13T00:00:00+00:00
[2023-11-13T18:41:17.387+0000] {logging_mixin.py:154} INFO - [2023-11-13T18:41:17.387+0000] {dag.py:3722} INFO - Setting next_dagrun for dataset_produces_2 to None, run_after=None
[2023-11-13T18:41:17.409+0000] {processor.py:179} INFO - Processing /home/airflow/.local/lib/python3.8/site-packages/airflow/example_dags/example_datasets.py took 0.079 seconds
[2023-11-13T18:41:48.265+0000] {processor.py:157} INFO - Started process (PID=335) to work on /home/airflow/.local/lib/python3.8/site-packages/airflow/example_dags/example_datasets.py
[2023-11-13T18:41:48.266+0000] {processor.py:829} INFO - Processing file /home/airflow/.local/lib/python3.8/site-packages/airflow/example_dags/example_datasets.py for tasks to queue
[2023-11-13T18:41:48.267+0000] {logging_mixin.py:154} INFO - [2023-11-13T18:41:48.267+0000] {dagbag.py:536} INFO - Filling up the DagBag from /home/airflow/.local/lib/python3.8/site-packages/airflow/example_dags/example_datasets.py
[2023-11-13T18:41:48.273+0000] {processor.py:839} INFO - DAG(s) dict_keys(['dataset_consumes_1_never_scheduled', 'dataset_produces_1', 'dataset_consumes_1_and_2', 'dataset_consumes_1', 'dataset_produces_2', 'dataset_consumes_unknown_never_scheduled']) retrieved from /home/airflow/.local/lib/python3.8/site-packages/airflow/example_dags/example_datasets.py
[2023-11-13T18:41:48.292+0000] {logging_mixin.py:154} INFO - [2023-11-13T18:41:48.292+0000] {dag.py:2941} INFO - Sync 6 DAGs
[2023-11-13T18:41:48.304+0000] {logging_mixin.py:154} INFO - [2023-11-13T18:41:48.304+0000] {dag.py:3722} INFO - Setting next_dagrun for dataset_consumes_1 to None, run_after=None
[2023-11-13T18:41:48.306+0000] {logging_mixin.py:154} INFO - [2023-11-13T18:41:48.306+0000] {dag.py:3722} INFO - Setting next_dagrun for dataset_consumes_1_and_2 to None, run_after=None
[2023-11-13T18:41:48.307+0000] {logging_mixin.py:154} INFO - [2023-11-13T18:41:48.306+0000] {dag.py:3722} INFO - Setting next_dagrun for dataset_consumes_1_never_scheduled to None, run_after=None
[2023-11-13T18:41:48.307+0000] {logging_mixin.py:154} INFO - [2023-11-13T18:41:48.307+0000] {dag.py:3722} INFO - Setting next_dagrun for dataset_consumes_unknown_never_scheduled to None, run_after=None
[2023-11-13T18:41:48.309+0000] {logging_mixin.py:154} INFO - [2023-11-13T18:41:48.308+0000] {dag.py:3722} INFO - Setting next_dagrun for dataset_produces_1 to 2023-11-12T00:00:00+00:00, run_after=2023-11-13T00:00:00+00:00
[2023-11-13T18:41:48.309+0000] {logging_mixin.py:154} INFO - [2023-11-13T18:41:48.309+0000] {dag.py:3722} INFO - Setting next_dagrun for dataset_produces_2 to None, run_after=None
[2023-11-13T18:41:48.326+0000] {processor.py:179} INFO - Processing /home/airflow/.local/lib/python3.8/site-packages/airflow/example_dags/example_datasets.py took 0.063 seconds
[2023-11-13T18:42:18.801+0000] {processor.py:157} INFO - Started process (PID=389) to work on /home/airflow/.local/lib/python3.8/site-packages/airflow/example_dags/example_datasets.py
[2023-11-13T18:42:18.802+0000] {processor.py:829} INFO - Processing file /home/airflow/.local/lib/python3.8/site-packages/airflow/example_dags/example_datasets.py for tasks to queue
[2023-11-13T18:42:18.803+0000] {logging_mixin.py:154} INFO - [2023-11-13T18:42:18.803+0000] {dagbag.py:536} INFO - Filling up the DagBag from /home/airflow/.local/lib/python3.8/site-packages/airflow/example_dags/example_datasets.py
[2023-11-13T18:42:18.809+0000] {processor.py:839} INFO - DAG(s) dict_keys(['dataset_produces_1', 'dataset_produces_2', 'dataset_consumes_1_and_2', 'dataset_consumes_unknown_never_scheduled', 'dataset_consumes_1_never_scheduled', 'dataset_consumes_1']) retrieved from /home/airflow/.local/lib/python3.8/site-packages/airflow/example_dags/example_datasets.py
[2023-11-13T18:42:18.831+0000] {logging_mixin.py:154} INFO - [2023-11-13T18:42:18.831+0000] {dag.py:2941} INFO - Sync 6 DAGs
[2023-11-13T18:42:18.845+0000] {logging_mixin.py:154} INFO - [2023-11-13T18:42:18.844+0000] {dag.py:3722} INFO - Setting next_dagrun for dataset_consumes_1 to None, run_after=None
[2023-11-13T18:42:18.847+0000] {logging_mixin.py:154} INFO - [2023-11-13T18:42:18.847+0000] {dag.py:3722} INFO - Setting next_dagrun for dataset_consumes_1_and_2 to None, run_after=None
[2023-11-13T18:42:18.848+0000] {logging_mixin.py:154} INFO - [2023-11-13T18:42:18.848+0000] {dag.py:3722} INFO - Setting next_dagrun for dataset_consumes_1_never_scheduled to None, run_after=None
[2023-11-13T18:42:18.848+0000] {logging_mixin.py:154} INFO - [2023-11-13T18:42:18.848+0000] {dag.py:3722} INFO - Setting next_dagrun for dataset_consumes_unknown_never_scheduled to None, run_after=None
[2023-11-13T18:42:18.851+0000] {logging_mixin.py:154} INFO - [2023-11-13T18:42:18.851+0000] {dag.py:3722} INFO - Setting next_dagrun for dataset_produces_1 to 2023-11-12T00:00:00+00:00, run_after=2023-11-13T00:00:00+00:00
[2023-11-13T18:42:18.852+0000] {logging_mixin.py:154} INFO - [2023-11-13T18:42:18.852+0000] {dag.py:3722} INFO - Setting next_dagrun for dataset_produces_2 to None, run_after=None
[2023-11-13T18:42:18.871+0000] {processor.py:179} INFO - Processing /home/airflow/.local/lib/python3.8/site-packages/airflow/example_dags/example_datasets.py took 0.073 seconds
[2023-11-13T18:42:49.023+0000] {processor.py:157} INFO - Started process (PID=443) to work on /home/airflow/.local/lib/python3.8/site-packages/airflow/example_dags/example_datasets.py
[2023-11-13T18:42:49.024+0000] {processor.py:829} INFO - Processing file /home/airflow/.local/lib/python3.8/site-packages/airflow/example_dags/example_datasets.py for tasks to queue
[2023-11-13T18:42:49.026+0000] {logging_mixin.py:154} INFO - [2023-11-13T18:42:49.025+0000] {dagbag.py:536} INFO - Filling up the DagBag from /home/airflow/.local/lib/python3.8/site-packages/airflow/example_dags/example_datasets.py
[2023-11-13T18:42:49.032+0000] {processor.py:839} INFO - DAG(s) dict_keys(['dataset_consumes_1', 'dataset_consumes_1_and_2', 'dataset_consumes_1_never_scheduled', 'dataset_produces_1', 'dataset_consumes_unknown_never_scheduled', 'dataset_produces_2']) retrieved from /home/airflow/.local/lib/python3.8/site-packages/airflow/example_dags/example_datasets.py
[2023-11-13T18:42:49.054+0000] {logging_mixin.py:154} INFO - [2023-11-13T18:42:49.053+0000] {dag.py:2941} INFO - Sync 6 DAGs
[2023-11-13T18:42:49.069+0000] {logging_mixin.py:154} INFO - [2023-11-13T18:42:49.068+0000] {dag.py:3722} INFO - Setting next_dagrun for dataset_consumes_1 to None, run_after=None
[2023-11-13T18:42:49.071+0000] {logging_mixin.py:154} INFO - [2023-11-13T18:42:49.071+0000] {dag.py:3722} INFO - Setting next_dagrun for dataset_consumes_1_and_2 to None, run_after=None
[2023-11-13T18:42:49.072+0000] {logging_mixin.py:154} INFO - [2023-11-13T18:42:49.071+0000] {dag.py:3722} INFO - Setting next_dagrun for dataset_consumes_1_never_scheduled to None, run_after=None
[2023-11-13T18:42:49.072+0000] {logging_mixin.py:154} INFO - [2023-11-13T18:42:49.072+0000] {dag.py:3722} INFO - Setting next_dagrun for dataset_consumes_unknown_never_scheduled to None, run_after=None
[2023-11-13T18:42:49.074+0000] {logging_mixin.py:154} INFO - [2023-11-13T18:42:49.074+0000] {dag.py:3722} INFO - Setting next_dagrun for dataset_produces_1 to 2023-11-12T00:00:00+00:00, run_after=2023-11-13T00:00:00+00:00
[2023-11-13T18:42:49.074+0000] {logging_mixin.py:154} INFO - [2023-11-13T18:42:49.074+0000] {dag.py:3722} INFO - Setting next_dagrun for dataset_produces_2 to None, run_after=None
[2023-11-13T18:42:49.091+0000] {processor.py:179} INFO - Processing /home/airflow/.local/lib/python3.8/site-packages/airflow/example_dags/example_datasets.py took 0.071 seconds
[2023-11-13T19:57:45.938+0000] {processor.py:157} INFO - Started process (PID=66) to work on /home/airflow/.local/lib/python3.8/site-packages/airflow/example_dags/example_datasets.py
[2023-11-13T19:57:45.939+0000] {processor.py:829} INFO - Processing file /home/airflow/.local/lib/python3.8/site-packages/airflow/example_dags/example_datasets.py for tasks to queue
[2023-11-13T19:57:45.940+0000] {logging_mixin.py:154} INFO - [2023-11-13T19:57:45.940+0000] {dagbag.py:536} INFO - Filling up the DagBag from /home/airflow/.local/lib/python3.8/site-packages/airflow/example_dags/example_datasets.py
[2023-11-13T19:57:45.949+0000] {processor.py:839} INFO - DAG(s) dict_keys(['dataset_produces_2', 'dataset_consumes_1_never_scheduled', 'dataset_consumes_1', 'dataset_produces_1', 'dataset_consumes_1_and_2', 'dataset_consumes_unknown_never_scheduled']) retrieved from /home/airflow/.local/lib/python3.8/site-packages/airflow/example_dags/example_datasets.py
[2023-11-13T19:57:45.975+0000] {logging_mixin.py:154} INFO - [2023-11-13T19:57:45.975+0000] {dag.py:2941} INFO - Sync 6 DAGs
[2023-11-13T19:57:45.989+0000] {logging_mixin.py:154} INFO - [2023-11-13T19:57:45.989+0000] {dag.py:3722} INFO - Setting next_dagrun for dataset_consumes_1 to None, run_after=None
[2023-11-13T19:57:45.992+0000] {logging_mixin.py:154} INFO - [2023-11-13T19:57:45.992+0000] {dag.py:3722} INFO - Setting next_dagrun for dataset_consumes_1_and_2 to None, run_after=None
[2023-11-13T19:57:45.994+0000] {logging_mixin.py:154} INFO - [2023-11-13T19:57:45.994+0000] {dag.py:3722} INFO - Setting next_dagrun for dataset_consumes_1_never_scheduled to None, run_after=None
[2023-11-13T19:57:45.995+0000] {logging_mixin.py:154} INFO - [2023-11-13T19:57:45.995+0000] {dag.py:3722} INFO - Setting next_dagrun for dataset_consumes_unknown_never_scheduled to None, run_after=None
[2023-11-13T19:57:45.997+0000] {logging_mixin.py:154} INFO - [2023-11-13T19:57:45.996+0000] {dag.py:3722} INFO - Setting next_dagrun for dataset_produces_1 to 2023-11-12T00:00:00+00:00, run_after=2023-11-13T00:00:00+00:00
[2023-11-13T19:57:45.997+0000] {logging_mixin.py:154} INFO - [2023-11-13T19:57:45.997+0000] {dag.py:3722} INFO - Setting next_dagrun for dataset_produces_2 to None, run_after=None
[2023-11-13T19:57:46.020+0000] {processor.py:179} INFO - Processing /home/airflow/.local/lib/python3.8/site-packages/airflow/example_dags/example_datasets.py took 0.085 seconds
[2023-11-13T19:58:16.253+0000] {processor.py:157} INFO - Started process (PID=120) to work on /home/airflow/.local/lib/python3.8/site-packages/airflow/example_dags/example_datasets.py
[2023-11-13T19:58:16.254+0000] {processor.py:829} INFO - Processing file /home/airflow/.local/lib/python3.8/site-packages/airflow/example_dags/example_datasets.py for tasks to queue
[2023-11-13T19:58:16.256+0000] {logging_mixin.py:154} INFO - [2023-11-13T19:58:16.255+0000] {dagbag.py:536} INFO - Filling up the DagBag from /home/airflow/.local/lib/python3.8/site-packages/airflow/example_dags/example_datasets.py
[2023-11-13T19:58:16.262+0000] {processor.py:839} INFO - DAG(s) dict_keys(['dataset_consumes_unknown_never_scheduled', 'dataset_consumes_1_never_scheduled', 'dataset_consumes_1_and_2', 'dataset_produces_1', 'dataset_consumes_1', 'dataset_produces_2']) retrieved from /home/airflow/.local/lib/python3.8/site-packages/airflow/example_dags/example_datasets.py
[2023-11-13T19:58:16.283+0000] {logging_mixin.py:154} INFO - [2023-11-13T19:58:16.283+0000] {dag.py:2941} INFO - Sync 6 DAGs
[2023-11-13T19:58:16.301+0000] {logging_mixin.py:154} INFO - [2023-11-13T19:58:16.300+0000] {dag.py:3722} INFO - Setting next_dagrun for dataset_consumes_1 to None, run_after=None
[2023-11-13T19:58:16.303+0000] {logging_mixin.py:154} INFO - [2023-11-13T19:58:16.303+0000] {dag.py:3722} INFO - Setting next_dagrun for dataset_consumes_1_and_2 to None, run_after=None
[2023-11-13T19:58:16.304+0000] {logging_mixin.py:154} INFO - [2023-11-13T19:58:16.304+0000] {dag.py:3722} INFO - Setting next_dagrun for dataset_consumes_1_never_scheduled to None, run_after=None
[2023-11-13T19:58:16.305+0000] {logging_mixin.py:154} INFO - [2023-11-13T19:58:16.305+0000] {dag.py:3722} INFO - Setting next_dagrun for dataset_consumes_unknown_never_scheduled to None, run_after=None
[2023-11-13T19:58:16.306+0000] {logging_mixin.py:154} INFO - [2023-11-13T19:58:16.306+0000] {dag.py:3722} INFO - Setting next_dagrun for dataset_produces_1 to 2023-11-12T00:00:00+00:00, run_after=2023-11-13T00:00:00+00:00
[2023-11-13T19:58:16.307+0000] {logging_mixin.py:154} INFO - [2023-11-13T19:58:16.307+0000] {dag.py:3722} INFO - Setting next_dagrun for dataset_produces_2 to None, run_after=None
[2023-11-13T19:58:16.327+0000] {processor.py:179} INFO - Processing /home/airflow/.local/lib/python3.8/site-packages/airflow/example_dags/example_datasets.py took 0.076 seconds
[2023-11-13T19:58:46.653+0000] {processor.py:157} INFO - Started process (PID=174) to work on /home/airflow/.local/lib/python3.8/site-packages/airflow/example_dags/example_datasets.py
[2023-11-13T19:58:46.655+0000] {processor.py:829} INFO - Processing file /home/airflow/.local/lib/python3.8/site-packages/airflow/example_dags/example_datasets.py for tasks to queue
[2023-11-13T19:58:46.658+0000] {logging_mixin.py:154} INFO - [2023-11-13T19:58:46.657+0000] {dagbag.py:536} INFO - Filling up the DagBag from /home/airflow/.local/lib/python3.8/site-packages/airflow/example_dags/example_datasets.py
[2023-11-13T19:58:46.664+0000] {processor.py:839} INFO - DAG(s) dict_keys(['dataset_consumes_1_never_scheduled', 'dataset_produces_1', 'dataset_consumes_unknown_never_scheduled', 'dataset_produces_2', 'dataset_consumes_1', 'dataset_consumes_1_and_2']) retrieved from /home/airflow/.local/lib/python3.8/site-packages/airflow/example_dags/example_datasets.py
[2023-11-13T19:58:46.696+0000] {logging_mixin.py:154} INFO - [2023-11-13T19:58:46.696+0000] {dag.py:2941} INFO - Sync 6 DAGs
[2023-11-13T19:58:46.708+0000] {logging_mixin.py:154} INFO - [2023-11-13T19:58:46.708+0000] {dag.py:3722} INFO - Setting next_dagrun for dataset_consumes_1 to None, run_after=None
[2023-11-13T19:58:46.709+0000] {logging_mixin.py:154} INFO - [2023-11-13T19:58:46.709+0000] {dag.py:3722} INFO - Setting next_dagrun for dataset_consumes_1_and_2 to None, run_after=None
[2023-11-13T19:58:46.710+0000] {logging_mixin.py:154} INFO - [2023-11-13T19:58:46.710+0000] {dag.py:3722} INFO - Setting next_dagrun for dataset_consumes_1_never_scheduled to None, run_after=None
[2023-11-13T19:58:46.711+0000] {logging_mixin.py:154} INFO - [2023-11-13T19:58:46.711+0000] {dag.py:3722} INFO - Setting next_dagrun for dataset_consumes_unknown_never_scheduled to None, run_after=None
[2023-11-13T19:58:46.712+0000] {logging_mixin.py:154} INFO - [2023-11-13T19:58:46.712+0000] {dag.py:3722} INFO - Setting next_dagrun for dataset_produces_1 to 2023-11-12T00:00:00+00:00, run_after=2023-11-13T00:00:00+00:00
[2023-11-13T19:58:46.713+0000] {logging_mixin.py:154} INFO - [2023-11-13T19:58:46.713+0000] {dag.py:3722} INFO - Setting next_dagrun for dataset_produces_2 to None, run_after=None
[2023-11-13T19:58:46.728+0000] {processor.py:179} INFO - Processing /home/airflow/.local/lib/python3.8/site-packages/airflow/example_dags/example_datasets.py took 0.078 seconds
[2023-11-13T19:59:16.823+0000] {processor.py:157} INFO - Started process (PID=228) to work on /home/airflow/.local/lib/python3.8/site-packages/airflow/example_dags/example_datasets.py
[2023-11-13T19:59:16.824+0000] {processor.py:829} INFO - Processing file /home/airflow/.local/lib/python3.8/site-packages/airflow/example_dags/example_datasets.py for tasks to queue
[2023-11-13T19:59:16.825+0000] {logging_mixin.py:154} INFO - [2023-11-13T19:59:16.825+0000] {dagbag.py:536} INFO - Filling up the DagBag from /home/airflow/.local/lib/python3.8/site-packages/airflow/example_dags/example_datasets.py
[2023-11-13T19:59:16.831+0000] {processor.py:839} INFO - DAG(s) dict_keys(['dataset_consumes_1_never_scheduled', 'dataset_consumes_1_and_2', 'dataset_produces_2', 'dataset_consumes_unknown_never_scheduled', 'dataset_consumes_1', 'dataset_produces_1']) retrieved from /home/airflow/.local/lib/python3.8/site-packages/airflow/example_dags/example_datasets.py
[2023-11-13T19:59:16.850+0000] {logging_mixin.py:154} INFO - [2023-11-13T19:59:16.849+0000] {dag.py:2941} INFO - Sync 6 DAGs
[2023-11-13T19:59:16.862+0000] {logging_mixin.py:154} INFO - [2023-11-13T19:59:16.862+0000] {dag.py:3722} INFO - Setting next_dagrun for dataset_consumes_1 to None, run_after=None
[2023-11-13T19:59:16.864+0000] {logging_mixin.py:154} INFO - [2023-11-13T19:59:16.864+0000] {dag.py:3722} INFO - Setting next_dagrun for dataset_consumes_1_and_2 to None, run_after=None
[2023-11-13T19:59:16.865+0000] {logging_mixin.py:154} INFO - [2023-11-13T19:59:16.865+0000] {dag.py:3722} INFO - Setting next_dagrun for dataset_consumes_1_never_scheduled to None, run_after=None
[2023-11-13T19:59:16.866+0000] {logging_mixin.py:154} INFO - [2023-11-13T19:59:16.865+0000] {dag.py:3722} INFO - Setting next_dagrun for dataset_consumes_unknown_never_scheduled to None, run_after=None
[2023-11-13T19:59:16.867+0000] {logging_mixin.py:154} INFO - [2023-11-13T19:59:16.867+0000] {dag.py:3722} INFO - Setting next_dagrun for dataset_produces_1 to 2023-11-12T00:00:00+00:00, run_after=2023-11-13T00:00:00+00:00
[2023-11-13T19:59:16.868+0000] {logging_mixin.py:154} INFO - [2023-11-13T19:59:16.868+0000] {dag.py:3722} INFO - Setting next_dagrun for dataset_produces_2 to None, run_after=None
[2023-11-13T19:59:16.882+0000] {processor.py:179} INFO - Processing /home/airflow/.local/lib/python3.8/site-packages/airflow/example_dags/example_datasets.py took 0.061 seconds
[2023-11-13T19:59:47.466+0000] {processor.py:157} INFO - Started process (PID=282) to work on /home/airflow/.local/lib/python3.8/site-packages/airflow/example_dags/example_datasets.py
[2023-11-13T19:59:47.466+0000] {processor.py:829} INFO - Processing file /home/airflow/.local/lib/python3.8/site-packages/airflow/example_dags/example_datasets.py for tasks to queue
[2023-11-13T19:59:47.468+0000] {logging_mixin.py:154} INFO - [2023-11-13T19:59:47.468+0000] {dagbag.py:536} INFO - Filling up the DagBag from /home/airflow/.local/lib/python3.8/site-packages/airflow/example_dags/example_datasets.py
[2023-11-13T19:59:47.473+0000] {processor.py:839} INFO - DAG(s) dict_keys(['dataset_consumes_unknown_never_scheduled', 'dataset_produces_1', 'dataset_consumes_1_and_2', 'dataset_produces_2', 'dataset_consumes_1_never_scheduled', 'dataset_consumes_1']) retrieved from /home/airflow/.local/lib/python3.8/site-packages/airflow/example_dags/example_datasets.py
[2023-11-13T19:59:47.491+0000] {logging_mixin.py:154} INFO - [2023-11-13T19:59:47.491+0000] {dag.py:2941} INFO - Sync 6 DAGs
[2023-11-13T19:59:47.504+0000] {logging_mixin.py:154} INFO - [2023-11-13T19:59:47.504+0000] {dag.py:3722} INFO - Setting next_dagrun for dataset_consumes_1 to None, run_after=None
[2023-11-13T19:59:47.506+0000] {logging_mixin.py:154} INFO - [2023-11-13T19:59:47.506+0000] {dag.py:3722} INFO - Setting next_dagrun for dataset_consumes_1_and_2 to None, run_after=None
[2023-11-13T19:59:47.507+0000] {logging_mixin.py:154} INFO - [2023-11-13T19:59:47.507+0000] {dag.py:3722} INFO - Setting next_dagrun for dataset_consumes_1_never_scheduled to None, run_after=None
[2023-11-13T19:59:47.508+0000] {logging_mixin.py:154} INFO - [2023-11-13T19:59:47.508+0000] {dag.py:3722} INFO - Setting next_dagrun for dataset_consumes_unknown_never_scheduled to None, run_after=None
[2023-11-13T19:59:47.509+0000] {logging_mixin.py:154} INFO - [2023-11-13T19:59:47.509+0000] {dag.py:3722} INFO - Setting next_dagrun for dataset_produces_1 to 2023-11-12T00:00:00+00:00, run_after=2023-11-13T00:00:00+00:00
[2023-11-13T19:59:47.510+0000] {logging_mixin.py:154} INFO - [2023-11-13T19:59:47.510+0000] {dag.py:3722} INFO - Setting next_dagrun for dataset_produces_2 to None, run_after=None
[2023-11-13T19:59:47.524+0000] {processor.py:179} INFO - Processing /home/airflow/.local/lib/python3.8/site-packages/airflow/example_dags/example_datasets.py took 0.060 seconds
[2023-11-13T20:00:18.208+0000] {processor.py:157} INFO - Started process (PID=335) to work on /home/airflow/.local/lib/python3.8/site-packages/airflow/example_dags/example_datasets.py
[2023-11-13T20:00:18.209+0000] {processor.py:829} INFO - Processing file /home/airflow/.local/lib/python3.8/site-packages/airflow/example_dags/example_datasets.py for tasks to queue
[2023-11-13T20:00:18.211+0000] {logging_mixin.py:154} INFO - [2023-11-13T20:00:18.210+0000] {dagbag.py:536} INFO - Filling up the DagBag from /home/airflow/.local/lib/python3.8/site-packages/airflow/example_dags/example_datasets.py
[2023-11-13T20:00:18.217+0000] {processor.py:839} INFO - DAG(s) dict_keys(['dataset_consumes_1_and_2', 'dataset_consumes_1_never_scheduled', 'dataset_produces_2', 'dataset_consumes_1', 'dataset_consumes_unknown_never_scheduled', 'dataset_produces_1']) retrieved from /home/airflow/.local/lib/python3.8/site-packages/airflow/example_dags/example_datasets.py
[2023-11-13T20:00:18.242+0000] {logging_mixin.py:154} INFO - [2023-11-13T20:00:18.242+0000] {dag.py:2941} INFO - Sync 6 DAGs
[2023-11-13T20:00:18.255+0000] {logging_mixin.py:154} INFO - [2023-11-13T20:00:18.255+0000] {dag.py:3722} INFO - Setting next_dagrun for dataset_consumes_1 to None, run_after=None
[2023-11-13T20:00:18.258+0000] {logging_mixin.py:154} INFO - [2023-11-13T20:00:18.258+0000] {dag.py:3722} INFO - Setting next_dagrun for dataset_consumes_1_and_2 to None, run_after=None
[2023-11-13T20:00:18.259+0000] {logging_mixin.py:154} INFO - [2023-11-13T20:00:18.259+0000] {dag.py:3722} INFO - Setting next_dagrun for dataset_consumes_1_never_scheduled to None, run_after=None
[2023-11-13T20:00:18.259+0000] {logging_mixin.py:154} INFO - [2023-11-13T20:00:18.259+0000] {dag.py:3722} INFO - Setting next_dagrun for dataset_consumes_unknown_never_scheduled to None, run_after=None
[2023-11-13T20:00:18.261+0000] {logging_mixin.py:154} INFO - [2023-11-13T20:00:18.261+0000] {dag.py:3722} INFO - Setting next_dagrun for dataset_produces_1 to 2023-11-12T00:00:00+00:00, run_after=2023-11-13T00:00:00+00:00
[2023-11-13T20:00:18.262+0000] {logging_mixin.py:154} INFO - [2023-11-13T20:00:18.262+0000] {dag.py:3722} INFO - Setting next_dagrun for dataset_produces_2 to None, run_after=None
[2023-11-13T20:00:18.278+0000] {processor.py:179} INFO - Processing /home/airflow/.local/lib/python3.8/site-packages/airflow/example_dags/example_datasets.py took 0.072 seconds
[2023-11-13T20:00:48.355+0000] {processor.py:157} INFO - Started process (PID=389) to work on /home/airflow/.local/lib/python3.8/site-packages/airflow/example_dags/example_datasets.py
[2023-11-13T20:00:48.356+0000] {processor.py:829} INFO - Processing file /home/airflow/.local/lib/python3.8/site-packages/airflow/example_dags/example_datasets.py for tasks to queue
[2023-11-13T20:00:48.358+0000] {logging_mixin.py:154} INFO - [2023-11-13T20:00:48.358+0000] {dagbag.py:536} INFO - Filling up the DagBag from /home/airflow/.local/lib/python3.8/site-packages/airflow/example_dags/example_datasets.py
[2023-11-13T20:00:48.366+0000] {processor.py:839} INFO - DAG(s) dict_keys(['dataset_produces_1', 'dataset_consumes_1_never_scheduled', 'dataset_consumes_1_and_2', 'dataset_consumes_unknown_never_scheduled', 'dataset_consumes_1', 'dataset_produces_2']) retrieved from /home/airflow/.local/lib/python3.8/site-packages/airflow/example_dags/example_datasets.py
[2023-11-13T20:00:48.388+0000] {logging_mixin.py:154} INFO - [2023-11-13T20:00:48.388+0000] {dag.py:2941} INFO - Sync 6 DAGs
[2023-11-13T20:00:48.400+0000] {logging_mixin.py:154} INFO - [2023-11-13T20:00:48.400+0000] {dag.py:3722} INFO - Setting next_dagrun for dataset_consumes_1 to None, run_after=None
[2023-11-13T20:00:48.403+0000] {logging_mixin.py:154} INFO - [2023-11-13T20:00:48.403+0000] {dag.py:3722} INFO - Setting next_dagrun for dataset_consumes_1_and_2 to None, run_after=None
[2023-11-13T20:00:48.404+0000] {logging_mixin.py:154} INFO - [2023-11-13T20:00:48.404+0000] {dag.py:3722} INFO - Setting next_dagrun for dataset_consumes_1_never_scheduled to None, run_after=None
[2023-11-13T20:00:48.405+0000] {logging_mixin.py:154} INFO - [2023-11-13T20:00:48.405+0000] {dag.py:3722} INFO - Setting next_dagrun for dataset_consumes_unknown_never_scheduled to None, run_after=None
[2023-11-13T20:00:48.406+0000] {logging_mixin.py:154} INFO - [2023-11-13T20:00:48.406+0000] {dag.py:3722} INFO - Setting next_dagrun for dataset_produces_1 to 2023-11-12T00:00:00+00:00, run_after=2023-11-13T00:00:00+00:00
[2023-11-13T20:00:48.407+0000] {logging_mixin.py:154} INFO - [2023-11-13T20:00:48.407+0000] {dag.py:3722} INFO - Setting next_dagrun for dataset_produces_2 to None, run_after=None
[2023-11-13T20:00:48.422+0000] {processor.py:179} INFO - Processing /home/airflow/.local/lib/python3.8/site-packages/airflow/example_dags/example_datasets.py took 0.069 seconds
[2023-11-13T20:01:19.098+0000] {processor.py:157} INFO - Started process (PID=443) to work on /home/airflow/.local/lib/python3.8/site-packages/airflow/example_dags/example_datasets.py
[2023-11-13T20:01:19.099+0000] {processor.py:829} INFO - Processing file /home/airflow/.local/lib/python3.8/site-packages/airflow/example_dags/example_datasets.py for tasks to queue
[2023-11-13T20:01:19.100+0000] {logging_mixin.py:154} INFO - [2023-11-13T20:01:19.100+0000] {dagbag.py:536} INFO - Filling up the DagBag from /home/airflow/.local/lib/python3.8/site-packages/airflow/example_dags/example_datasets.py
[2023-11-13T20:01:19.106+0000] {processor.py:839} INFO - DAG(s) dict_keys(['dataset_produces_1', 'dataset_consumes_1_never_scheduled', 'dataset_produces_2', 'dataset_consumes_1_and_2', 'dataset_consumes_1', 'dataset_consumes_unknown_never_scheduled']) retrieved from /home/airflow/.local/lib/python3.8/site-packages/airflow/example_dags/example_datasets.py
[2023-11-13T20:01:19.125+0000] {logging_mixin.py:154} INFO - [2023-11-13T20:01:19.124+0000] {dag.py:2941} INFO - Sync 6 DAGs
[2023-11-13T20:01:19.136+0000] {logging_mixin.py:154} INFO - [2023-11-13T20:01:19.136+0000] {dag.py:3722} INFO - Setting next_dagrun for dataset_consumes_1 to None, run_after=None
[2023-11-13T20:01:19.138+0000] {logging_mixin.py:154} INFO - [2023-11-13T20:01:19.138+0000] {dag.py:3722} INFO - Setting next_dagrun for dataset_consumes_1_and_2 to None, run_after=None
[2023-11-13T20:01:19.139+0000] {logging_mixin.py:154} INFO - [2023-11-13T20:01:19.139+0000] {dag.py:3722} INFO - Setting next_dagrun for dataset_consumes_1_never_scheduled to None, run_after=None
[2023-11-13T20:01:19.139+0000] {logging_mixin.py:154} INFO - [2023-11-13T20:01:19.139+0000] {dag.py:3722} INFO - Setting next_dagrun for dataset_consumes_unknown_never_scheduled to None, run_after=None
[2023-11-13T20:01:19.141+0000] {logging_mixin.py:154} INFO - [2023-11-13T20:01:19.141+0000] {dag.py:3722} INFO - Setting next_dagrun for dataset_produces_1 to 2023-11-12T00:00:00+00:00, run_after=2023-11-13T00:00:00+00:00
[2023-11-13T20:01:19.141+0000] {logging_mixin.py:154} INFO - [2023-11-13T20:01:19.141+0000] {dag.py:3722} INFO - Setting next_dagrun for dataset_produces_2 to None, run_after=None
[2023-11-13T20:01:19.155+0000] {processor.py:179} INFO - Processing /home/airflow/.local/lib/python3.8/site-packages/airflow/example_dags/example_datasets.py took 0.059 seconds
[2023-11-13T20:01:49.765+0000] {processor.py:157} INFO - Started process (PID=497) to work on /home/airflow/.local/lib/python3.8/site-packages/airflow/example_dags/example_datasets.py
[2023-11-13T20:01:49.766+0000] {processor.py:829} INFO - Processing file /home/airflow/.local/lib/python3.8/site-packages/airflow/example_dags/example_datasets.py for tasks to queue
[2023-11-13T20:01:49.767+0000] {logging_mixin.py:154} INFO - [2023-11-13T20:01:49.767+0000] {dagbag.py:536} INFO - Filling up the DagBag from /home/airflow/.local/lib/python3.8/site-packages/airflow/example_dags/example_datasets.py
[2023-11-13T20:01:49.772+0000] {processor.py:839} INFO - DAG(s) dict_keys(['dataset_consumes_1_never_scheduled', 'dataset_consumes_1_and_2', 'dataset_consumes_1', 'dataset_consumes_unknown_never_scheduled', 'dataset_produces_2', 'dataset_produces_1']) retrieved from /home/airflow/.local/lib/python3.8/site-packages/airflow/example_dags/example_datasets.py
[2023-11-13T20:01:49.790+0000] {logging_mixin.py:154} INFO - [2023-11-13T20:01:49.790+0000] {dag.py:2941} INFO - Sync 6 DAGs
[2023-11-13T20:01:49.802+0000] {logging_mixin.py:154} INFO - [2023-11-13T20:01:49.802+0000] {dag.py:3722} INFO - Setting next_dagrun for dataset_consumes_1 to None, run_after=None
[2023-11-13T20:01:49.804+0000] {logging_mixin.py:154} INFO - [2023-11-13T20:01:49.804+0000] {dag.py:3722} INFO - Setting next_dagrun for dataset_consumes_1_and_2 to None, run_after=None
[2023-11-13T20:01:49.805+0000] {logging_mixin.py:154} INFO - [2023-11-13T20:01:49.805+0000] {dag.py:3722} INFO - Setting next_dagrun for dataset_consumes_1_never_scheduled to None, run_after=None
[2023-11-13T20:01:49.805+0000] {logging_mixin.py:154} INFO - [2023-11-13T20:01:49.805+0000] {dag.py:3722} INFO - Setting next_dagrun for dataset_consumes_unknown_never_scheduled to None, run_after=None
[2023-11-13T20:01:49.807+0000] {logging_mixin.py:154} INFO - [2023-11-13T20:01:49.807+0000] {dag.py:3722} INFO - Setting next_dagrun for dataset_produces_1 to 2023-11-12T00:00:00+00:00, run_after=2023-11-13T00:00:00+00:00
[2023-11-13T20:01:49.807+0000] {logging_mixin.py:154} INFO - [2023-11-13T20:01:49.807+0000] {dag.py:3722} INFO - Setting next_dagrun for dataset_produces_2 to None, run_after=None
[2023-11-13T20:01:49.822+0000] {processor.py:179} INFO - Processing /home/airflow/.local/lib/python3.8/site-packages/airflow/example_dags/example_datasets.py took 0.058 seconds
[2023-11-13T20:02:20.571+0000] {processor.py:157} INFO - Started process (PID=551) to work on /home/airflow/.local/lib/python3.8/site-packages/airflow/example_dags/example_datasets.py
[2023-11-13T20:02:20.571+0000] {processor.py:829} INFO - Processing file /home/airflow/.local/lib/python3.8/site-packages/airflow/example_dags/example_datasets.py for tasks to queue
[2023-11-13T20:02:20.573+0000] {logging_mixin.py:154} INFO - [2023-11-13T20:02:20.573+0000] {dagbag.py:536} INFO - Filling up the DagBag from /home/airflow/.local/lib/python3.8/site-packages/airflow/example_dags/example_datasets.py
[2023-11-13T20:02:20.578+0000] {processor.py:839} INFO - DAG(s) dict_keys(['dataset_consumes_1_never_scheduled', 'dataset_consumes_1_and_2', 'dataset_produces_2', 'dataset_consumes_unknown_never_scheduled', 'dataset_produces_1', 'dataset_consumes_1']) retrieved from /home/airflow/.local/lib/python3.8/site-packages/airflow/example_dags/example_datasets.py
[2023-11-13T20:02:20.596+0000] {logging_mixin.py:154} INFO - [2023-11-13T20:02:20.596+0000] {dag.py:2941} INFO - Sync 6 DAGs
[2023-11-13T20:02:20.607+0000] {logging_mixin.py:154} INFO - [2023-11-13T20:02:20.607+0000] {dag.py:3722} INFO - Setting next_dagrun for dataset_consumes_1 to None, run_after=None
[2023-11-13T20:02:20.608+0000] {logging_mixin.py:154} INFO - [2023-11-13T20:02:20.608+0000] {dag.py:3722} INFO - Setting next_dagrun for dataset_consumes_1_and_2 to None, run_after=None
[2023-11-13T20:02:20.609+0000] {logging_mixin.py:154} INFO - [2023-11-13T20:02:20.609+0000] {dag.py:3722} INFO - Setting next_dagrun for dataset_consumes_1_never_scheduled to None, run_after=None
[2023-11-13T20:02:20.610+0000] {logging_mixin.py:154} INFO - [2023-11-13T20:02:20.609+0000] {dag.py:3722} INFO - Setting next_dagrun for dataset_consumes_unknown_never_scheduled to None, run_after=None
[2023-11-13T20:02:20.611+0000] {logging_mixin.py:154} INFO - [2023-11-13T20:02:20.611+0000] {dag.py:3722} INFO - Setting next_dagrun for dataset_produces_1 to 2023-11-12T00:00:00+00:00, run_after=2023-11-13T00:00:00+00:00
[2023-11-13T20:02:20.612+0000] {logging_mixin.py:154} INFO - [2023-11-13T20:02:20.612+0000] {dag.py:3722} INFO - Setting next_dagrun for dataset_produces_2 to None, run_after=None
[2023-11-13T20:02:20.626+0000] {processor.py:179} INFO - Processing /home/airflow/.local/lib/python3.8/site-packages/airflow/example_dags/example_datasets.py took 0.058 seconds
[2023-11-13T20:02:50.957+0000] {processor.py:157} INFO - Started process (PID=605) to work on /home/airflow/.local/lib/python3.8/site-packages/airflow/example_dags/example_datasets.py
[2023-11-13T20:02:50.958+0000] {processor.py:829} INFO - Processing file /home/airflow/.local/lib/python3.8/site-packages/airflow/example_dags/example_datasets.py for tasks to queue
[2023-11-13T20:02:50.961+0000] {logging_mixin.py:154} INFO - [2023-11-13T20:02:50.960+0000] {dagbag.py:536} INFO - Filling up the DagBag from /home/airflow/.local/lib/python3.8/site-packages/airflow/example_dags/example_datasets.py
[2023-11-13T20:02:50.969+0000] {processor.py:839} INFO - DAG(s) dict_keys(['dataset_produces_2', 'dataset_consumes_1', 'dataset_consumes_1_and_2', 'dataset_consumes_1_never_scheduled', 'dataset_produces_1', 'dataset_consumes_unknown_never_scheduled']) retrieved from /home/airflow/.local/lib/python3.8/site-packages/airflow/example_dags/example_datasets.py
[2023-11-13T20:02:50.991+0000] {logging_mixin.py:154} INFO - [2023-11-13T20:02:50.991+0000] {dag.py:2941} INFO - Sync 6 DAGs
[2023-11-13T20:02:51.002+0000] {logging_mixin.py:154} INFO - [2023-11-13T20:02:51.002+0000] {dag.py:3722} INFO - Setting next_dagrun for dataset_consumes_1 to None, run_after=None
[2023-11-13T20:02:51.004+0000] {logging_mixin.py:154} INFO - [2023-11-13T20:02:51.004+0000] {dag.py:3722} INFO - Setting next_dagrun for dataset_consumes_1_and_2 to None, run_after=None
[2023-11-13T20:02:51.005+0000] {logging_mixin.py:154} INFO - [2023-11-13T20:02:51.005+0000] {dag.py:3722} INFO - Setting next_dagrun for dataset_consumes_1_never_scheduled to None, run_after=None
[2023-11-13T20:02:51.006+0000] {logging_mixin.py:154} INFO - [2023-11-13T20:02:51.006+0000] {dag.py:3722} INFO - Setting next_dagrun for dataset_consumes_unknown_never_scheduled to None, run_after=None
[2023-11-13T20:02:51.007+0000] {logging_mixin.py:154} INFO - [2023-11-13T20:02:51.007+0000] {dag.py:3722} INFO - Setting next_dagrun for dataset_produces_1 to 2023-11-12T00:00:00+00:00, run_after=2023-11-13T00:00:00+00:00
[2023-11-13T20:02:51.008+0000] {logging_mixin.py:154} INFO - [2023-11-13T20:02:51.008+0000] {dag.py:3722} INFO - Setting next_dagrun for dataset_produces_2 to None, run_after=None
[2023-11-13T20:02:51.024+0000] {processor.py:179} INFO - Processing /home/airflow/.local/lib/python3.8/site-packages/airflow/example_dags/example_datasets.py took 0.073 seconds
[2023-11-13T20:03:21.093+0000] {processor.py:157} INFO - Started process (PID=659) to work on /home/airflow/.local/lib/python3.8/site-packages/airflow/example_dags/example_datasets.py
[2023-11-13T20:03:21.094+0000] {processor.py:829} INFO - Processing file /home/airflow/.local/lib/python3.8/site-packages/airflow/example_dags/example_datasets.py for tasks to queue
[2023-11-13T20:03:21.095+0000] {logging_mixin.py:154} INFO - [2023-11-13T20:03:21.095+0000] {dagbag.py:536} INFO - Filling up the DagBag from /home/airflow/.local/lib/python3.8/site-packages/airflow/example_dags/example_datasets.py
[2023-11-13T20:03:21.101+0000] {processor.py:839} INFO - DAG(s) dict_keys(['dataset_consumes_1_and_2', 'dataset_consumes_1_never_scheduled', 'dataset_consumes_unknown_never_scheduled', 'dataset_produces_2', 'dataset_produces_1', 'dataset_consumes_1']) retrieved from /home/airflow/.local/lib/python3.8/site-packages/airflow/example_dags/example_datasets.py
[2023-11-13T20:03:21.120+0000] {logging_mixin.py:154} INFO - [2023-11-13T20:03:21.120+0000] {dag.py:2941} INFO - Sync 6 DAGs
[2023-11-13T20:03:21.132+0000] {logging_mixin.py:154} INFO - [2023-11-13T20:03:21.132+0000] {dag.py:3722} INFO - Setting next_dagrun for dataset_consumes_1 to None, run_after=None
[2023-11-13T20:03:21.134+0000] {logging_mixin.py:154} INFO - [2023-11-13T20:03:21.134+0000] {dag.py:3722} INFO - Setting next_dagrun for dataset_consumes_1_and_2 to None, run_after=None
[2023-11-13T20:03:21.135+0000] {logging_mixin.py:154} INFO - [2023-11-13T20:03:21.135+0000] {dag.py:3722} INFO - Setting next_dagrun for dataset_consumes_1_never_scheduled to None, run_after=None
[2023-11-13T20:03:21.136+0000] {logging_mixin.py:154} INFO - [2023-11-13T20:03:21.136+0000] {dag.py:3722} INFO - Setting next_dagrun for dataset_consumes_unknown_never_scheduled to None, run_after=None
[2023-11-13T20:03:21.137+0000] {logging_mixin.py:154} INFO - [2023-11-13T20:03:21.137+0000] {dag.py:3722} INFO - Setting next_dagrun for dataset_produces_1 to 2023-11-12T00:00:00+00:00, run_after=2023-11-13T00:00:00+00:00
[2023-11-13T20:03:21.138+0000] {logging_mixin.py:154} INFO - [2023-11-13T20:03:21.138+0000] {dag.py:3722} INFO - Setting next_dagrun for dataset_produces_2 to None, run_after=None
[2023-11-13T20:03:21.153+0000] {processor.py:179} INFO - Processing /home/airflow/.local/lib/python3.8/site-packages/airflow/example_dags/example_datasets.py took 0.062 seconds
[2023-11-13T20:03:52.169+0000] {processor.py:157} INFO - Started process (PID=713) to work on /home/airflow/.local/lib/python3.8/site-packages/airflow/example_dags/example_datasets.py
[2023-11-13T20:03:52.170+0000] {processor.py:829} INFO - Processing file /home/airflow/.local/lib/python3.8/site-packages/airflow/example_dags/example_datasets.py for tasks to queue
[2023-11-13T20:03:52.172+0000] {logging_mixin.py:154} INFO - [2023-11-13T20:03:52.172+0000] {dagbag.py:536} INFO - Filling up the DagBag from /home/airflow/.local/lib/python3.8/site-packages/airflow/example_dags/example_datasets.py
[2023-11-13T20:03:52.178+0000] {processor.py:839} INFO - DAG(s) dict_keys(['dataset_produces_1', 'dataset_consumes_1_never_scheduled', 'dataset_produces_2', 'dataset_consumes_unknown_never_scheduled', 'dataset_consumes_1', 'dataset_consumes_1_and_2']) retrieved from /home/airflow/.local/lib/python3.8/site-packages/airflow/example_dags/example_datasets.py
[2023-11-13T20:03:52.198+0000] {logging_mixin.py:154} INFO - [2023-11-13T20:03:52.198+0000] {dag.py:2941} INFO - Sync 6 DAGs
[2023-11-13T20:03:52.211+0000] {logging_mixin.py:154} INFO - [2023-11-13T20:03:52.210+0000] {dag.py:3722} INFO - Setting next_dagrun for dataset_consumes_1 to None, run_after=None
[2023-11-13T20:03:52.213+0000] {logging_mixin.py:154} INFO - [2023-11-13T20:03:52.213+0000] {dag.py:3722} INFO - Setting next_dagrun for dataset_consumes_1_and_2 to None, run_after=None
[2023-11-13T20:03:52.214+0000] {logging_mixin.py:154} INFO - [2023-11-13T20:03:52.214+0000] {dag.py:3722} INFO - Setting next_dagrun for dataset_consumes_1_never_scheduled to None, run_after=None
[2023-11-13T20:03:52.214+0000] {logging_mixin.py:154} INFO - [2023-11-13T20:03:52.214+0000] {dag.py:3722} INFO - Setting next_dagrun for dataset_consumes_unknown_never_scheduled to None, run_after=None
[2023-11-13T20:03:52.216+0000] {logging_mixin.py:154} INFO - [2023-11-13T20:03:52.216+0000] {dag.py:3722} INFO - Setting next_dagrun for dataset_produces_1 to 2023-11-12T00:00:00+00:00, run_after=2023-11-13T00:00:00+00:00
[2023-11-13T20:03:52.217+0000] {logging_mixin.py:154} INFO - [2023-11-13T20:03:52.217+0000] {dag.py:3722} INFO - Setting next_dagrun for dataset_produces_2 to None, run_after=None
[2023-11-13T20:03:52.232+0000] {processor.py:179} INFO - Processing /home/airflow/.local/lib/python3.8/site-packages/airflow/example_dags/example_datasets.py took 0.065 seconds
[2023-11-13T20:04:22.310+0000] {processor.py:157} INFO - Started process (PID=767) to work on /home/airflow/.local/lib/python3.8/site-packages/airflow/example_dags/example_datasets.py
[2023-11-13T20:04:22.311+0000] {processor.py:829} INFO - Processing file /home/airflow/.local/lib/python3.8/site-packages/airflow/example_dags/example_datasets.py for tasks to queue
[2023-11-13T20:04:22.313+0000] {logging_mixin.py:154} INFO - [2023-11-13T20:04:22.313+0000] {dagbag.py:536} INFO - Filling up the DagBag from /home/airflow/.local/lib/python3.8/site-packages/airflow/example_dags/example_datasets.py
[2023-11-13T20:04:22.318+0000] {processor.py:839} INFO - DAG(s) dict_keys(['dataset_consumes_1', 'dataset_consumes_1_never_scheduled', 'dataset_consumes_unknown_never_scheduled', 'dataset_produces_1', 'dataset_consumes_1_and_2', 'dataset_produces_2']) retrieved from /home/airflow/.local/lib/python3.8/site-packages/airflow/example_dags/example_datasets.py
[2023-11-13T20:04:22.336+0000] {logging_mixin.py:154} INFO - [2023-11-13T20:04:22.335+0000] {dag.py:2941} INFO - Sync 6 DAGs
[2023-11-13T20:04:22.347+0000] {logging_mixin.py:154} INFO - [2023-11-13T20:04:22.347+0000] {dag.py:3722} INFO - Setting next_dagrun for dataset_consumes_1 to None, run_after=None
[2023-11-13T20:04:22.348+0000] {logging_mixin.py:154} INFO - [2023-11-13T20:04:22.348+0000] {dag.py:3722} INFO - Setting next_dagrun for dataset_consumes_1_and_2 to None, run_after=None
[2023-11-13T20:04:22.349+0000] {logging_mixin.py:154} INFO - [2023-11-13T20:04:22.349+0000] {dag.py:3722} INFO - Setting next_dagrun for dataset_consumes_1_never_scheduled to None, run_after=None
[2023-11-13T20:04:22.349+0000] {logging_mixin.py:154} INFO - [2023-11-13T20:04:22.349+0000] {dag.py:3722} INFO - Setting next_dagrun for dataset_consumes_unknown_never_scheduled to None, run_after=None
[2023-11-13T20:04:22.351+0000] {logging_mixin.py:154} INFO - [2023-11-13T20:04:22.351+0000] {dag.py:3722} INFO - Setting next_dagrun for dataset_produces_1 to 2023-11-12T00:00:00+00:00, run_after=2023-11-13T00:00:00+00:00
[2023-11-13T20:04:22.352+0000] {logging_mixin.py:154} INFO - [2023-11-13T20:04:22.351+0000] {dag.py:3722} INFO - Setting next_dagrun for dataset_produces_2 to None, run_after=None
[2023-11-13T20:04:22.365+0000] {processor.py:179} INFO - Processing /home/airflow/.local/lib/python3.8/site-packages/airflow/example_dags/example_datasets.py took 0.057 seconds
[2023-11-13T20:04:52.453+0000] {processor.py:157} INFO - Started process (PID=821) to work on /home/airflow/.local/lib/python3.8/site-packages/airflow/example_dags/example_datasets.py
[2023-11-13T20:04:52.453+0000] {processor.py:829} INFO - Processing file /home/airflow/.local/lib/python3.8/site-packages/airflow/example_dags/example_datasets.py for tasks to queue
[2023-11-13T20:04:52.454+0000] {logging_mixin.py:154} INFO - [2023-11-13T20:04:52.454+0000] {dagbag.py:536} INFO - Filling up the DagBag from /home/airflow/.local/lib/python3.8/site-packages/airflow/example_dags/example_datasets.py
[2023-11-13T20:04:52.459+0000] {processor.py:839} INFO - DAG(s) dict_keys(['dataset_produces_1', 'dataset_consumes_1_and_2', 'dataset_consumes_1_never_scheduled', 'dataset_produces_2', 'dataset_consumes_1', 'dataset_consumes_unknown_never_scheduled']) retrieved from /home/airflow/.local/lib/python3.8/site-packages/airflow/example_dags/example_datasets.py
[2023-11-13T20:04:52.476+0000] {logging_mixin.py:154} INFO - [2023-11-13T20:04:52.476+0000] {dag.py:2941} INFO - Sync 6 DAGs
[2023-11-13T20:04:52.486+0000] {logging_mixin.py:154} INFO - [2023-11-13T20:04:52.486+0000] {dag.py:3722} INFO - Setting next_dagrun for dataset_consumes_1 to None, run_after=None
[2023-11-13T20:04:52.489+0000] {logging_mixin.py:154} INFO - [2023-11-13T20:04:52.489+0000] {dag.py:3722} INFO - Setting next_dagrun for dataset_consumes_1_and_2 to None, run_after=None
[2023-11-13T20:04:52.489+0000] {logging_mixin.py:154} INFO - [2023-11-13T20:04:52.489+0000] {dag.py:3722} INFO - Setting next_dagrun for dataset_consumes_1_never_scheduled to None, run_after=None
[2023-11-13T20:04:52.490+0000] {logging_mixin.py:154} INFO - [2023-11-13T20:04:52.490+0000] {dag.py:3722} INFO - Setting next_dagrun for dataset_consumes_unknown_never_scheduled to None, run_after=None
[2023-11-13T20:04:52.491+0000] {logging_mixin.py:154} INFO - [2023-11-13T20:04:52.491+0000] {dag.py:3722} INFO - Setting next_dagrun for dataset_produces_1 to 2023-11-12T00:00:00+00:00, run_after=2023-11-13T00:00:00+00:00
[2023-11-13T20:04:52.492+0000] {logging_mixin.py:154} INFO - [2023-11-13T20:04:52.492+0000] {dag.py:3722} INFO - Setting next_dagrun for dataset_produces_2 to None, run_after=None
[2023-11-13T20:04:52.506+0000] {processor.py:179} INFO - Processing /home/airflow/.local/lib/python3.8/site-packages/airflow/example_dags/example_datasets.py took 0.056 seconds
