[2023-11-13T18:39:12.309+0000] {processor.py:157} INFO - Started process (PID=75) to work on /home/airflow/.local/lib/python3.8/site-packages/airflow/example_dags/example_branch_labels.py
[2023-11-13T18:39:12.310+0000] {processor.py:829} INFO - Processing file /home/airflow/.local/lib/python3.8/site-packages/airflow/example_dags/example_branch_labels.py for tasks to queue
[2023-11-13T18:39:12.315+0000] {logging_mixin.py:154} INFO - [2023-11-13T18:39:12.314+0000] {dagbag.py:536} INFO - Filling up the DagBag from /home/airflow/.local/lib/python3.8/site-packages/airflow/example_dags/example_branch_labels.py
[2023-11-13T18:39:12.331+0000] {processor.py:839} INFO - DAG(s) dict_keys(['example_branch_labels']) retrieved from /home/airflow/.local/lib/python3.8/site-packages/airflow/example_dags/example_branch_labels.py
[2023-11-13T18:39:12.429+0000] {logging_mixin.py:154} INFO - [2023-11-13T18:39:12.429+0000] {manager.py:499} INFO - Created Permission View: %s
[2023-11-13T18:39:12.444+0000] {logging_mixin.py:154} INFO - [2023-11-13T18:39:12.443+0000] {manager.py:499} INFO - Created Permission View: %s
[2023-11-13T18:39:12.452+0000] {logging_mixin.py:154} INFO - [2023-11-13T18:39:12.452+0000] {manager.py:499} INFO - Created Permission View: %s
[2023-11-13T18:39:12.452+0000] {logging_mixin.py:154} INFO - [2023-11-13T18:39:12.452+0000] {dag.py:2941} INFO - Sync 1 DAGs
[2023-11-13T18:39:12.461+0000] {logging_mixin.py:154} INFO - [2023-11-13T18:39:12.461+0000] {dag.py:2963} INFO - Creating ORM DAG for example_branch_labels
[2023-11-13T18:39:12.468+0000] {logging_mixin.py:154} INFO - [2023-11-13T18:39:12.468+0000] {dag.py:3722} INFO - Setting next_dagrun for example_branch_labels to 2023-11-12T00:00:00+00:00, run_after=2023-11-13T00:00:00+00:00
[2023-11-13T18:39:12.483+0000] {processor.py:179} INFO - Processing /home/airflow/.local/lib/python3.8/site-packages/airflow/example_dags/example_branch_labels.py took 0.178 seconds
[2023-11-13T18:39:44.676+0000] {processor.py:157} INFO - Started process (PID=129) to work on /home/airflow/.local/lib/python3.8/site-packages/airflow/example_dags/example_branch_labels.py
[2023-11-13T18:39:44.680+0000] {processor.py:829} INFO - Processing file /home/airflow/.local/lib/python3.8/site-packages/airflow/example_dags/example_branch_labels.py for tasks to queue
[2023-11-13T18:39:44.684+0000] {logging_mixin.py:154} INFO - [2023-11-13T18:39:44.684+0000] {dagbag.py:536} INFO - Filling up the DagBag from /home/airflow/.local/lib/python3.8/site-packages/airflow/example_dags/example_branch_labels.py
[2023-11-13T18:39:44.697+0000] {processor.py:839} INFO - DAG(s) dict_keys(['example_branch_labels']) retrieved from /home/airflow/.local/lib/python3.8/site-packages/airflow/example_dags/example_branch_labels.py
[2023-11-13T18:39:44.727+0000] {logging_mixin.py:154} INFO - [2023-11-13T18:39:44.727+0000] {dag.py:2941} INFO - Sync 1 DAGs
[2023-11-13T18:39:44.745+0000] {logging_mixin.py:154} INFO - [2023-11-13T18:39:44.745+0000] {dag.py:3722} INFO - Setting next_dagrun for example_branch_labels to 2023-11-12T00:00:00+00:00, run_after=2023-11-13T00:00:00+00:00
[2023-11-13T18:39:44.761+0000] {processor.py:179} INFO - Processing /home/airflow/.local/lib/python3.8/site-packages/airflow/example_dags/example_branch_labels.py took 0.089 seconds
[2023-11-13T18:40:17.611+0000] {processor.py:157} INFO - Started process (PID=183) to work on /home/airflow/.local/lib/python3.8/site-packages/airflow/example_dags/example_branch_labels.py
[2023-11-13T18:40:17.612+0000] {processor.py:829} INFO - Processing file /home/airflow/.local/lib/python3.8/site-packages/airflow/example_dags/example_branch_labels.py for tasks to queue
[2023-11-13T18:40:17.615+0000] {logging_mixin.py:154} INFO - [2023-11-13T18:40:17.614+0000] {dagbag.py:536} INFO - Filling up the DagBag from /home/airflow/.local/lib/python3.8/site-packages/airflow/example_dags/example_branch_labels.py
[2023-11-13T18:40:17.622+0000] {processor.py:839} INFO - DAG(s) dict_keys(['example_branch_labels']) retrieved from /home/airflow/.local/lib/python3.8/site-packages/airflow/example_dags/example_branch_labels.py
[2023-11-13T18:40:17.649+0000] {logging_mixin.py:154} INFO - [2023-11-13T18:40:17.648+0000] {dag.py:2941} INFO - Sync 1 DAGs
[2023-11-13T18:40:17.679+0000] {logging_mixin.py:154} INFO - [2023-11-13T18:40:17.679+0000] {dag.py:3722} INFO - Setting next_dagrun for example_branch_labels to 2023-11-12T00:00:00+00:00, run_after=2023-11-13T00:00:00+00:00
[2023-11-13T18:40:17.710+0000] {processor.py:179} INFO - Processing /home/airflow/.local/lib/python3.8/site-packages/airflow/example_dags/example_branch_labels.py took 0.103 seconds
[2023-11-13T18:40:48.449+0000] {processor.py:157} INFO - Started process (PID=237) to work on /home/airflow/.local/lib/python3.8/site-packages/airflow/example_dags/example_branch_labels.py
[2023-11-13T18:40:48.450+0000] {processor.py:829} INFO - Processing file /home/airflow/.local/lib/python3.8/site-packages/airflow/example_dags/example_branch_labels.py for tasks to queue
[2023-11-13T18:40:48.452+0000] {logging_mixin.py:154} INFO - [2023-11-13T18:40:48.452+0000] {dagbag.py:536} INFO - Filling up the DagBag from /home/airflow/.local/lib/python3.8/site-packages/airflow/example_dags/example_branch_labels.py
[2023-11-13T18:40:48.456+0000] {processor.py:839} INFO - DAG(s) dict_keys(['example_branch_labels']) retrieved from /home/airflow/.local/lib/python3.8/site-packages/airflow/example_dags/example_branch_labels.py
[2023-11-13T18:40:48.469+0000] {logging_mixin.py:154} INFO - [2023-11-13T18:40:48.469+0000] {dag.py:2941} INFO - Sync 1 DAGs
[2023-11-13T18:40:48.483+0000] {logging_mixin.py:154} INFO - [2023-11-13T18:40:48.483+0000] {dag.py:3722} INFO - Setting next_dagrun for example_branch_labels to 2023-11-12T00:00:00+00:00, run_after=2023-11-13T00:00:00+00:00
[2023-11-13T18:40:48.492+0000] {processor.py:179} INFO - Processing /home/airflow/.local/lib/python3.8/site-packages/airflow/example_dags/example_branch_labels.py took 0.045 seconds
[2023-11-13T18:41:18.649+0000] {processor.py:157} INFO - Started process (PID=291) to work on /home/airflow/.local/lib/python3.8/site-packages/airflow/example_dags/example_branch_labels.py
[2023-11-13T18:41:18.649+0000] {processor.py:829} INFO - Processing file /home/airflow/.local/lib/python3.8/site-packages/airflow/example_dags/example_branch_labels.py for tasks to queue
[2023-11-13T18:41:18.652+0000] {logging_mixin.py:154} INFO - [2023-11-13T18:41:18.651+0000] {dagbag.py:536} INFO - Filling up the DagBag from /home/airflow/.local/lib/python3.8/site-packages/airflow/example_dags/example_branch_labels.py
[2023-11-13T18:41:18.657+0000] {processor.py:839} INFO - DAG(s) dict_keys(['example_branch_labels']) retrieved from /home/airflow/.local/lib/python3.8/site-packages/airflow/example_dags/example_branch_labels.py
[2023-11-13T18:41:18.670+0000] {logging_mixin.py:154} INFO - [2023-11-13T18:41:18.670+0000] {dag.py:2941} INFO - Sync 1 DAGs
[2023-11-13T18:41:18.684+0000] {logging_mixin.py:154} INFO - [2023-11-13T18:41:18.683+0000] {dag.py:3722} INFO - Setting next_dagrun for example_branch_labels to 2023-11-12T00:00:00+00:00, run_after=2023-11-13T00:00:00+00:00
[2023-11-13T18:41:18.693+0000] {processor.py:179} INFO - Processing /home/airflow/.local/lib/python3.8/site-packages/airflow/example_dags/example_branch_labels.py took 0.047 seconds
[2023-11-13T18:41:49.548+0000] {processor.py:157} INFO - Started process (PID=344) to work on /home/airflow/.local/lib/python3.8/site-packages/airflow/example_dags/example_branch_labels.py
[2023-11-13T18:41:49.549+0000] {processor.py:829} INFO - Processing file /home/airflow/.local/lib/python3.8/site-packages/airflow/example_dags/example_branch_labels.py for tasks to queue
[2023-11-13T18:41:49.551+0000] {logging_mixin.py:154} INFO - [2023-11-13T18:41:49.551+0000] {dagbag.py:536} INFO - Filling up the DagBag from /home/airflow/.local/lib/python3.8/site-packages/airflow/example_dags/example_branch_labels.py
[2023-11-13T18:41:49.556+0000] {processor.py:839} INFO - DAG(s) dict_keys(['example_branch_labels']) retrieved from /home/airflow/.local/lib/python3.8/site-packages/airflow/example_dags/example_branch_labels.py
[2023-11-13T18:41:49.568+0000] {logging_mixin.py:154} INFO - [2023-11-13T18:41:49.568+0000] {dag.py:2941} INFO - Sync 1 DAGs
[2023-11-13T18:41:49.581+0000] {logging_mixin.py:154} INFO - [2023-11-13T18:41:49.581+0000] {dag.py:3722} INFO - Setting next_dagrun for example_branch_labels to 2023-11-12T00:00:00+00:00, run_after=2023-11-13T00:00:00+00:00
[2023-11-13T18:41:49.590+0000] {processor.py:179} INFO - Processing /home/airflow/.local/lib/python3.8/site-packages/airflow/example_dags/example_branch_labels.py took 0.044 seconds
[2023-11-13T18:42:20.118+0000] {processor.py:157} INFO - Started process (PID=398) to work on /home/airflow/.local/lib/python3.8/site-packages/airflow/example_dags/example_branch_labels.py
[2023-11-13T18:42:20.119+0000] {processor.py:829} INFO - Processing file /home/airflow/.local/lib/python3.8/site-packages/airflow/example_dags/example_branch_labels.py for tasks to queue
[2023-11-13T18:42:20.120+0000] {logging_mixin.py:154} INFO - [2023-11-13T18:42:20.120+0000] {dagbag.py:536} INFO - Filling up the DagBag from /home/airflow/.local/lib/python3.8/site-packages/airflow/example_dags/example_branch_labels.py
[2023-11-13T18:42:20.125+0000] {processor.py:839} INFO - DAG(s) dict_keys(['example_branch_labels']) retrieved from /home/airflow/.local/lib/python3.8/site-packages/airflow/example_dags/example_branch_labels.py
[2023-11-13T18:42:20.138+0000] {logging_mixin.py:154} INFO - [2023-11-13T18:42:20.138+0000] {dag.py:2941} INFO - Sync 1 DAGs
[2023-11-13T18:42:20.150+0000] {logging_mixin.py:154} INFO - [2023-11-13T18:42:20.150+0000] {dag.py:3722} INFO - Setting next_dagrun for example_branch_labels to 2023-11-12T00:00:00+00:00, run_after=2023-11-13T00:00:00+00:00
[2023-11-13T18:42:20.159+0000] {processor.py:179} INFO - Processing /home/airflow/.local/lib/python3.8/site-packages/airflow/example_dags/example_branch_labels.py took 0.043 seconds
[2023-11-13T19:57:46.270+0000] {processor.py:157} INFO - Started process (PID=75) to work on /home/airflow/.local/lib/python3.8/site-packages/airflow/example_dags/example_branch_labels.py
[2023-11-13T19:57:46.271+0000] {processor.py:829} INFO - Processing file /home/airflow/.local/lib/python3.8/site-packages/airflow/example_dags/example_branch_labels.py for tasks to queue
[2023-11-13T19:57:46.273+0000] {logging_mixin.py:154} INFO - [2023-11-13T19:57:46.273+0000] {dagbag.py:536} INFO - Filling up the DagBag from /home/airflow/.local/lib/python3.8/site-packages/airflow/example_dags/example_branch_labels.py
[2023-11-13T19:57:46.277+0000] {processor.py:839} INFO - DAG(s) dict_keys(['example_branch_labels']) retrieved from /home/airflow/.local/lib/python3.8/site-packages/airflow/example_dags/example_branch_labels.py
[2023-11-13T19:57:46.292+0000] {logging_mixin.py:154} INFO - [2023-11-13T19:57:46.292+0000] {dag.py:2941} INFO - Sync 1 DAGs
[2023-11-13T19:57:46.307+0000] {logging_mixin.py:154} INFO - [2023-11-13T19:57:46.307+0000] {dag.py:3722} INFO - Setting next_dagrun for example_branch_labels to 2023-11-12T00:00:00+00:00, run_after=2023-11-13T00:00:00+00:00
[2023-11-13T19:57:46.318+0000] {processor.py:179} INFO - Processing /home/airflow/.local/lib/python3.8/site-packages/airflow/example_dags/example_branch_labels.py took 0.051 seconds
[2023-11-13T19:58:16.575+0000] {processor.py:157} INFO - Started process (PID=129) to work on /home/airflow/.local/lib/python3.8/site-packages/airflow/example_dags/example_branch_labels.py
[2023-11-13T19:58:16.576+0000] {processor.py:829} INFO - Processing file /home/airflow/.local/lib/python3.8/site-packages/airflow/example_dags/example_branch_labels.py for tasks to queue
[2023-11-13T19:58:16.578+0000] {logging_mixin.py:154} INFO - [2023-11-13T19:58:16.578+0000] {dagbag.py:536} INFO - Filling up the DagBag from /home/airflow/.local/lib/python3.8/site-packages/airflow/example_dags/example_branch_labels.py
[2023-11-13T19:58:16.584+0000] {processor.py:839} INFO - DAG(s) dict_keys(['example_branch_labels']) retrieved from /home/airflow/.local/lib/python3.8/site-packages/airflow/example_dags/example_branch_labels.py
[2023-11-13T19:58:16.599+0000] {logging_mixin.py:154} INFO - [2023-11-13T19:58:16.599+0000] {dag.py:2941} INFO - Sync 1 DAGs
[2023-11-13T19:58:16.615+0000] {logging_mixin.py:154} INFO - [2023-11-13T19:58:16.615+0000] {dag.py:3722} INFO - Setting next_dagrun for example_branch_labels to 2023-11-12T00:00:00+00:00, run_after=2023-11-13T00:00:00+00:00
[2023-11-13T19:58:16.625+0000] {processor.py:179} INFO - Processing /home/airflow/.local/lib/python3.8/site-packages/airflow/example_dags/example_branch_labels.py took 0.053 seconds
[2023-11-13T19:58:47.086+0000] {processor.py:157} INFO - Started process (PID=183) to work on /home/airflow/.local/lib/python3.8/site-packages/airflow/example_dags/example_branch_labels.py
[2023-11-13T19:58:47.087+0000] {processor.py:829} INFO - Processing file /home/airflow/.local/lib/python3.8/site-packages/airflow/example_dags/example_branch_labels.py for tasks to queue
[2023-11-13T19:58:47.089+0000] {logging_mixin.py:154} INFO - [2023-11-13T19:58:47.089+0000] {dagbag.py:536} INFO - Filling up the DagBag from /home/airflow/.local/lib/python3.8/site-packages/airflow/example_dags/example_branch_labels.py
[2023-11-13T19:58:47.093+0000] {processor.py:839} INFO - DAG(s) dict_keys(['example_branch_labels']) retrieved from /home/airflow/.local/lib/python3.8/site-packages/airflow/example_dags/example_branch_labels.py
[2023-11-13T19:58:47.109+0000] {logging_mixin.py:154} INFO - [2023-11-13T19:58:47.109+0000] {dag.py:2941} INFO - Sync 1 DAGs
[2023-11-13T19:58:47.124+0000] {logging_mixin.py:154} INFO - [2023-11-13T19:58:47.124+0000] {dag.py:3722} INFO - Setting next_dagrun for example_branch_labels to 2023-11-12T00:00:00+00:00, run_after=2023-11-13T00:00:00+00:00
[2023-11-13T19:58:47.136+0000] {processor.py:179} INFO - Processing /home/airflow/.local/lib/python3.8/site-packages/airflow/example_dags/example_branch_labels.py took 0.054 seconds
[2023-11-13T19:59:17.160+0000] {processor.py:157} INFO - Started process (PID=237) to work on /home/airflow/.local/lib/python3.8/site-packages/airflow/example_dags/example_branch_labels.py
[2023-11-13T19:59:17.161+0000] {processor.py:829} INFO - Processing file /home/airflow/.local/lib/python3.8/site-packages/airflow/example_dags/example_branch_labels.py for tasks to queue
[2023-11-13T19:59:17.162+0000] {logging_mixin.py:154} INFO - [2023-11-13T19:59:17.162+0000] {dagbag.py:536} INFO - Filling up the DagBag from /home/airflow/.local/lib/python3.8/site-packages/airflow/example_dags/example_branch_labels.py
[2023-11-13T19:59:17.167+0000] {processor.py:839} INFO - DAG(s) dict_keys(['example_branch_labels']) retrieved from /home/airflow/.local/lib/python3.8/site-packages/airflow/example_dags/example_branch_labels.py
[2023-11-13T19:59:17.179+0000] {logging_mixin.py:154} INFO - [2023-11-13T19:59:17.179+0000] {dag.py:2941} INFO - Sync 1 DAGs
[2023-11-13T19:59:17.192+0000] {logging_mixin.py:154} INFO - [2023-11-13T19:59:17.192+0000] {dag.py:3722} INFO - Setting next_dagrun for example_branch_labels to 2023-11-12T00:00:00+00:00, run_after=2023-11-13T00:00:00+00:00
[2023-11-13T19:59:17.201+0000] {processor.py:179} INFO - Processing /home/airflow/.local/lib/python3.8/site-packages/airflow/example_dags/example_branch_labels.py took 0.043 seconds
[2023-11-13T19:59:47.744+0000] {processor.py:157} INFO - Started process (PID=291) to work on /home/airflow/.local/lib/python3.8/site-packages/airflow/example_dags/example_branch_labels.py
[2023-11-13T19:59:47.744+0000] {processor.py:829} INFO - Processing file /home/airflow/.local/lib/python3.8/site-packages/airflow/example_dags/example_branch_labels.py for tasks to queue
[2023-11-13T19:59:47.746+0000] {logging_mixin.py:154} INFO - [2023-11-13T19:59:47.745+0000] {dagbag.py:536} INFO - Filling up the DagBag from /home/airflow/.local/lib/python3.8/site-packages/airflow/example_dags/example_branch_labels.py
[2023-11-13T19:59:47.750+0000] {processor.py:839} INFO - DAG(s) dict_keys(['example_branch_labels']) retrieved from /home/airflow/.local/lib/python3.8/site-packages/airflow/example_dags/example_branch_labels.py
[2023-11-13T19:59:47.762+0000] {logging_mixin.py:154} INFO - [2023-11-13T19:59:47.762+0000] {dag.py:2941} INFO - Sync 1 DAGs
[2023-11-13T19:59:47.775+0000] {logging_mixin.py:154} INFO - [2023-11-13T19:59:47.775+0000] {dag.py:3722} INFO - Setting next_dagrun for example_branch_labels to 2023-11-12T00:00:00+00:00, run_after=2023-11-13T00:00:00+00:00
[2023-11-13T19:59:47.784+0000] {processor.py:179} INFO - Processing /home/airflow/.local/lib/python3.8/site-packages/airflow/example_dags/example_branch_labels.py took 0.043 seconds
[2023-11-13T20:00:18.481+0000] {processor.py:157} INFO - Started process (PID=344) to work on /home/airflow/.local/lib/python3.8/site-packages/airflow/example_dags/example_branch_labels.py
[2023-11-13T20:00:18.482+0000] {processor.py:829} INFO - Processing file /home/airflow/.local/lib/python3.8/site-packages/airflow/example_dags/example_branch_labels.py for tasks to queue
[2023-11-13T20:00:18.484+0000] {logging_mixin.py:154} INFO - [2023-11-13T20:00:18.483+0000] {dagbag.py:536} INFO - Filling up the DagBag from /home/airflow/.local/lib/python3.8/site-packages/airflow/example_dags/example_branch_labels.py
[2023-11-13T20:00:18.489+0000] {processor.py:839} INFO - DAG(s) dict_keys(['example_branch_labels']) retrieved from /home/airflow/.local/lib/python3.8/site-packages/airflow/example_dags/example_branch_labels.py
[2023-11-13T20:00:18.503+0000] {logging_mixin.py:154} INFO - [2023-11-13T20:00:18.503+0000] {dag.py:2941} INFO - Sync 1 DAGs
[2023-11-13T20:00:18.518+0000] {logging_mixin.py:154} INFO - [2023-11-13T20:00:18.518+0000] {dag.py:3722} INFO - Setting next_dagrun for example_branch_labels to 2023-11-12T00:00:00+00:00, run_after=2023-11-13T00:00:00+00:00
[2023-11-13T20:00:18.528+0000] {processor.py:179} INFO - Processing /home/airflow/.local/lib/python3.8/site-packages/airflow/example_dags/example_branch_labels.py took 0.051 seconds
[2023-11-13T20:00:48.654+0000] {processor.py:157} INFO - Started process (PID=398) to work on /home/airflow/.local/lib/python3.8/site-packages/airflow/example_dags/example_branch_labels.py
[2023-11-13T20:00:48.654+0000] {processor.py:829} INFO - Processing file /home/airflow/.local/lib/python3.8/site-packages/airflow/example_dags/example_branch_labels.py for tasks to queue
[2023-11-13T20:00:48.656+0000] {logging_mixin.py:154} INFO - [2023-11-13T20:00:48.656+0000] {dagbag.py:536} INFO - Filling up the DagBag from /home/airflow/.local/lib/python3.8/site-packages/airflow/example_dags/example_branch_labels.py
[2023-11-13T20:00:48.660+0000] {processor.py:839} INFO - DAG(s) dict_keys(['example_branch_labels']) retrieved from /home/airflow/.local/lib/python3.8/site-packages/airflow/example_dags/example_branch_labels.py
[2023-11-13T20:00:48.671+0000] {logging_mixin.py:154} INFO - [2023-11-13T20:00:48.671+0000] {dag.py:2941} INFO - Sync 1 DAGs
[2023-11-13T20:00:48.683+0000] {logging_mixin.py:154} INFO - [2023-11-13T20:00:48.683+0000] {dag.py:3722} INFO - Setting next_dagrun for example_branch_labels to 2023-11-12T00:00:00+00:00, run_after=2023-11-13T00:00:00+00:00
[2023-11-13T20:00:48.692+0000] {processor.py:179} INFO - Processing /home/airflow/.local/lib/python3.8/site-packages/airflow/example_dags/example_branch_labels.py took 0.041 seconds
[2023-11-13T20:01:19.360+0000] {processor.py:157} INFO - Started process (PID=452) to work on /home/airflow/.local/lib/python3.8/site-packages/airflow/example_dags/example_branch_labels.py
[2023-11-13T20:01:19.360+0000] {processor.py:829} INFO - Processing file /home/airflow/.local/lib/python3.8/site-packages/airflow/example_dags/example_branch_labels.py for tasks to queue
[2023-11-13T20:01:19.362+0000] {logging_mixin.py:154} INFO - [2023-11-13T20:01:19.362+0000] {dagbag.py:536} INFO - Filling up the DagBag from /home/airflow/.local/lib/python3.8/site-packages/airflow/example_dags/example_branch_labels.py
[2023-11-13T20:01:19.366+0000] {processor.py:839} INFO - DAG(s) dict_keys(['example_branch_labels']) retrieved from /home/airflow/.local/lib/python3.8/site-packages/airflow/example_dags/example_branch_labels.py
[2023-11-13T20:01:19.379+0000] {logging_mixin.py:154} INFO - [2023-11-13T20:01:19.379+0000] {dag.py:2941} INFO - Sync 1 DAGs
[2023-11-13T20:01:19.392+0000] {logging_mixin.py:154} INFO - [2023-11-13T20:01:19.392+0000] {dag.py:3722} INFO - Setting next_dagrun for example_branch_labels to 2023-11-12T00:00:00+00:00, run_after=2023-11-13T00:00:00+00:00
[2023-11-13T20:01:19.401+0000] {processor.py:179} INFO - Processing /home/airflow/.local/lib/python3.8/site-packages/airflow/example_dags/example_branch_labels.py took 0.044 seconds
[2023-11-13T20:01:50.013+0000] {processor.py:157} INFO - Started process (PID=507) to work on /home/airflow/.local/lib/python3.8/site-packages/airflow/example_dags/example_branch_labels.py
[2023-11-13T20:01:50.014+0000] {processor.py:829} INFO - Processing file /home/airflow/.local/lib/python3.8/site-packages/airflow/example_dags/example_branch_labels.py for tasks to queue
[2023-11-13T20:01:50.015+0000] {logging_mixin.py:154} INFO - [2023-11-13T20:01:50.015+0000] {dagbag.py:536} INFO - Filling up the DagBag from /home/airflow/.local/lib/python3.8/site-packages/airflow/example_dags/example_branch_labels.py
[2023-11-13T20:01:50.020+0000] {processor.py:839} INFO - DAG(s) dict_keys(['example_branch_labels']) retrieved from /home/airflow/.local/lib/python3.8/site-packages/airflow/example_dags/example_branch_labels.py
[2023-11-13T20:01:50.031+0000] {logging_mixin.py:154} INFO - [2023-11-13T20:01:50.031+0000] {dag.py:2941} INFO - Sync 1 DAGs
[2023-11-13T20:01:50.044+0000] {logging_mixin.py:154} INFO - [2023-11-13T20:01:50.044+0000] {dag.py:3722} INFO - Setting next_dagrun for example_branch_labels to 2023-11-12T00:00:00+00:00, run_after=2023-11-13T00:00:00+00:00
[2023-11-13T20:01:50.052+0000] {processor.py:179} INFO - Processing /home/airflow/.local/lib/python3.8/site-packages/airflow/example_dags/example_branch_labels.py took 0.041 seconds
[2023-11-13T20:02:20.828+0000] {processor.py:157} INFO - Started process (PID=560) to work on /home/airflow/.local/lib/python3.8/site-packages/airflow/example_dags/example_branch_labels.py
[2023-11-13T20:02:20.829+0000] {processor.py:829} INFO - Processing file /home/airflow/.local/lib/python3.8/site-packages/airflow/example_dags/example_branch_labels.py for tasks to queue
[2023-11-13T20:02:20.830+0000] {logging_mixin.py:154} INFO - [2023-11-13T20:02:20.830+0000] {dagbag.py:536} INFO - Filling up the DagBag from /home/airflow/.local/lib/python3.8/site-packages/airflow/example_dags/example_branch_labels.py
[2023-11-13T20:02:20.835+0000] {processor.py:839} INFO - DAG(s) dict_keys(['example_branch_labels']) retrieved from /home/airflow/.local/lib/python3.8/site-packages/airflow/example_dags/example_branch_labels.py
[2023-11-13T20:02:20.851+0000] {logging_mixin.py:154} INFO - [2023-11-13T20:02:20.851+0000] {dag.py:2941} INFO - Sync 1 DAGs
[2023-11-13T20:02:20.863+0000] {logging_mixin.py:154} INFO - [2023-11-13T20:02:20.863+0000] {dag.py:3722} INFO - Setting next_dagrun for example_branch_labels to 2023-11-12T00:00:00+00:00, run_after=2023-11-13T00:00:00+00:00
[2023-11-13T20:02:20.872+0000] {processor.py:179} INFO - Processing /home/airflow/.local/lib/python3.8/site-packages/airflow/example_dags/example_branch_labels.py took 0.046 seconds
[2023-11-13T20:02:51.232+0000] {processor.py:157} INFO - Started process (PID=614) to work on /home/airflow/.local/lib/python3.8/site-packages/airflow/example_dags/example_branch_labels.py
[2023-11-13T20:02:51.233+0000] {processor.py:829} INFO - Processing file /home/airflow/.local/lib/python3.8/site-packages/airflow/example_dags/example_branch_labels.py for tasks to queue
[2023-11-13T20:02:51.234+0000] {logging_mixin.py:154} INFO - [2023-11-13T20:02:51.234+0000] {dagbag.py:536} INFO - Filling up the DagBag from /home/airflow/.local/lib/python3.8/site-packages/airflow/example_dags/example_branch_labels.py
[2023-11-13T20:02:51.239+0000] {processor.py:839} INFO - DAG(s) dict_keys(['example_branch_labels']) retrieved from /home/airflow/.local/lib/python3.8/site-packages/airflow/example_dags/example_branch_labels.py
[2023-11-13T20:02:51.250+0000] {logging_mixin.py:154} INFO - [2023-11-13T20:02:51.250+0000] {dag.py:2941} INFO - Sync 1 DAGs
[2023-11-13T20:02:51.263+0000] {logging_mixin.py:154} INFO - [2023-11-13T20:02:51.263+0000] {dag.py:3722} INFO - Setting next_dagrun for example_branch_labels to 2023-11-12T00:00:00+00:00, run_after=2023-11-13T00:00:00+00:00
[2023-11-13T20:02:51.272+0000] {processor.py:179} INFO - Processing /home/airflow/.local/lib/python3.8/site-packages/airflow/example_dags/example_branch_labels.py took 0.043 seconds
[2023-11-13T20:03:21.359+0000] {processor.py:157} INFO - Started process (PID=669) to work on /home/airflow/.local/lib/python3.8/site-packages/airflow/example_dags/example_branch_labels.py
[2023-11-13T20:03:21.360+0000] {processor.py:829} INFO - Processing file /home/airflow/.local/lib/python3.8/site-packages/airflow/example_dags/example_branch_labels.py for tasks to queue
[2023-11-13T20:03:21.361+0000] {logging_mixin.py:154} INFO - [2023-11-13T20:03:21.361+0000] {dagbag.py:536} INFO - Filling up the DagBag from /home/airflow/.local/lib/python3.8/site-packages/airflow/example_dags/example_branch_labels.py
[2023-11-13T20:03:21.366+0000] {processor.py:839} INFO - DAG(s) dict_keys(['example_branch_labels']) retrieved from /home/airflow/.local/lib/python3.8/site-packages/airflow/example_dags/example_branch_labels.py
[2023-11-13T20:03:21.379+0000] {logging_mixin.py:154} INFO - [2023-11-13T20:03:21.379+0000] {dag.py:2941} INFO - Sync 1 DAGs
[2023-11-13T20:03:21.391+0000] {logging_mixin.py:154} INFO - [2023-11-13T20:03:21.391+0000] {dag.py:3722} INFO - Setting next_dagrun for example_branch_labels to 2023-11-12T00:00:00+00:00, run_after=2023-11-13T00:00:00+00:00
[2023-11-13T20:03:21.402+0000] {processor.py:179} INFO - Processing /home/airflow/.local/lib/python3.8/site-packages/airflow/example_dags/example_branch_labels.py took 0.045 seconds
[2023-11-13T20:03:52.485+0000] {processor.py:157} INFO - Started process (PID=724) to work on /home/airflow/.local/lib/python3.8/site-packages/airflow/example_dags/example_branch_labels.py
[2023-11-13T20:03:52.485+0000] {processor.py:829} INFO - Processing file /home/airflow/.local/lib/python3.8/site-packages/airflow/example_dags/example_branch_labels.py for tasks to queue
[2023-11-13T20:03:52.487+0000] {logging_mixin.py:154} INFO - [2023-11-13T20:03:52.487+0000] {dagbag.py:536} INFO - Filling up the DagBag from /home/airflow/.local/lib/python3.8/site-packages/airflow/example_dags/example_branch_labels.py
[2023-11-13T20:03:52.492+0000] {processor.py:839} INFO - DAG(s) dict_keys(['example_branch_labels']) retrieved from /home/airflow/.local/lib/python3.8/site-packages/airflow/example_dags/example_branch_labels.py
[2023-11-13T20:03:52.504+0000] {logging_mixin.py:154} INFO - [2023-11-13T20:03:52.504+0000] {dag.py:2941} INFO - Sync 1 DAGs
[2023-11-13T20:03:52.516+0000] {logging_mixin.py:154} INFO - [2023-11-13T20:03:52.516+0000] {dag.py:3722} INFO - Setting next_dagrun for example_branch_labels to 2023-11-12T00:00:00+00:00, run_after=2023-11-13T00:00:00+00:00
[2023-11-13T20:03:52.525+0000] {processor.py:179} INFO - Processing /home/airflow/.local/lib/python3.8/site-packages/airflow/example_dags/example_branch_labels.py took 0.043 seconds
[2023-11-13T20:04:22.579+0000] {processor.py:157} INFO - Started process (PID=776) to work on /home/airflow/.local/lib/python3.8/site-packages/airflow/example_dags/example_branch_labels.py
[2023-11-13T20:04:22.580+0000] {processor.py:829} INFO - Processing file /home/airflow/.local/lib/python3.8/site-packages/airflow/example_dags/example_branch_labels.py for tasks to queue
[2023-11-13T20:04:22.581+0000] {logging_mixin.py:154} INFO - [2023-11-13T20:04:22.581+0000] {dagbag.py:536} INFO - Filling up the DagBag from /home/airflow/.local/lib/python3.8/site-packages/airflow/example_dags/example_branch_labels.py
[2023-11-13T20:04:22.586+0000] {processor.py:839} INFO - DAG(s) dict_keys(['example_branch_labels']) retrieved from /home/airflow/.local/lib/python3.8/site-packages/airflow/example_dags/example_branch_labels.py
[2023-11-13T20:04:22.598+0000] {logging_mixin.py:154} INFO - [2023-11-13T20:04:22.598+0000] {dag.py:2941} INFO - Sync 1 DAGs
[2023-11-13T20:04:22.611+0000] {logging_mixin.py:154} INFO - [2023-11-13T20:04:22.611+0000] {dag.py:3722} INFO - Setting next_dagrun for example_branch_labels to 2023-11-12T00:00:00+00:00, run_after=2023-11-13T00:00:00+00:00
[2023-11-13T20:04:22.620+0000] {processor.py:179} INFO - Processing /home/airflow/.local/lib/python3.8/site-packages/airflow/example_dags/example_branch_labels.py took 0.043 seconds
[2023-11-13T20:04:52.697+0000] {processor.py:157} INFO - Started process (PID=830) to work on /home/airflow/.local/lib/python3.8/site-packages/airflow/example_dags/example_branch_labels.py
[2023-11-13T20:04:52.698+0000] {processor.py:829} INFO - Processing file /home/airflow/.local/lib/python3.8/site-packages/airflow/example_dags/example_branch_labels.py for tasks to queue
[2023-11-13T20:04:52.699+0000] {logging_mixin.py:154} INFO - [2023-11-13T20:04:52.699+0000] {dagbag.py:536} INFO - Filling up the DagBag from /home/airflow/.local/lib/python3.8/site-packages/airflow/example_dags/example_branch_labels.py
[2023-11-13T20:04:52.704+0000] {processor.py:839} INFO - DAG(s) dict_keys(['example_branch_labels']) retrieved from /home/airflow/.local/lib/python3.8/site-packages/airflow/example_dags/example_branch_labels.py
[2023-11-13T20:04:52.715+0000] {logging_mixin.py:154} INFO - [2023-11-13T20:04:52.715+0000] {dag.py:2941} INFO - Sync 1 DAGs
[2023-11-13T20:04:52.727+0000] {logging_mixin.py:154} INFO - [2023-11-13T20:04:52.727+0000] {dag.py:3722} INFO - Setting next_dagrun for example_branch_labels to 2023-11-12T00:00:00+00:00, run_after=2023-11-13T00:00:00+00:00
[2023-11-13T20:04:52.736+0000] {processor.py:179} INFO - Processing /home/airflow/.local/lib/python3.8/site-packages/airflow/example_dags/example_branch_labels.py took 0.041 seconds
