[2023-11-13T18:39:09.242+0000] {processor.py:157} INFO - Started process (PID=48) to work on /home/airflow/.local/lib/python3.8/site-packages/airflow/example_dags/example_setup_teardown_taskflow.py
[2023-11-13T18:39:09.244+0000] {processor.py:829} INFO - Processing file /home/airflow/.local/lib/python3.8/site-packages/airflow/example_dags/example_setup_teardown_taskflow.py for tasks to queue
[2023-11-13T18:39:09.256+0000] {logging_mixin.py:154} INFO - [2023-11-13T18:39:09.256+0000] {dagbag.py:536} INFO - Filling up the DagBag from /home/airflow/.local/lib/python3.8/site-packages/airflow/example_dags/example_setup_teardown_taskflow.py
[2023-11-13T18:39:09.277+0000] {processor.py:839} INFO - DAG(s) dict_keys(['example_setup_teardown_taskflow']) retrieved from /home/airflow/.local/lib/python3.8/site-packages/airflow/example_dags/example_setup_teardown_taskflow.py
[2023-11-13T18:39:09.506+0000] {logging_mixin.py:154} INFO - [2023-11-13T18:39:09.505+0000] {manager.py:499} INFO - Created Permission View: %s
[2023-11-13T18:39:09.516+0000] {logging_mixin.py:154} INFO - [2023-11-13T18:39:09.516+0000] {manager.py:499} INFO - Created Permission View: %s
[2023-11-13T18:39:09.523+0000] {logging_mixin.py:154} INFO - [2023-11-13T18:39:09.522+0000] {manager.py:499} INFO - Created Permission View: %s
[2023-11-13T18:39:09.523+0000] {logging_mixin.py:154} INFO - [2023-11-13T18:39:09.523+0000] {dag.py:2941} INFO - Sync 1 DAGs
[2023-11-13T18:39:09.532+0000] {logging_mixin.py:154} INFO - [2023-11-13T18:39:09.532+0000] {dag.py:2963} INFO - Creating ORM DAG for example_setup_teardown_taskflow
[2023-11-13T18:39:09.540+0000] {logging_mixin.py:154} INFO - [2023-11-13T18:39:09.540+0000] {dag.py:3722} INFO - Setting next_dagrun for example_setup_teardown_taskflow to 2023-11-12T18:39:09.540000+00:00, run_after=2023-11-13T18:39:09.540000+00:00
[2023-11-13T18:39:09.553+0000] {processor.py:179} INFO - Processing /home/airflow/.local/lib/python3.8/site-packages/airflow/example_dags/example_setup_teardown_taskflow.py took 0.324 seconds
[2023-11-13T18:39:42.238+0000] {processor.py:157} INFO - Started process (PID=102) to work on /home/airflow/.local/lib/python3.8/site-packages/airflow/example_dags/example_setup_teardown_taskflow.py
[2023-11-13T18:39:42.246+0000] {processor.py:829} INFO - Processing file /home/airflow/.local/lib/python3.8/site-packages/airflow/example_dags/example_setup_teardown_taskflow.py for tasks to queue
[2023-11-13T18:39:42.272+0000] {logging_mixin.py:154} INFO - [2023-11-13T18:39:42.267+0000] {dagbag.py:536} INFO - Filling up the DagBag from /home/airflow/.local/lib/python3.8/site-packages/airflow/example_dags/example_setup_teardown_taskflow.py
[2023-11-13T18:39:42.333+0000] {processor.py:839} INFO - DAG(s) dict_keys(['example_setup_teardown_taskflow']) retrieved from /home/airflow/.local/lib/python3.8/site-packages/airflow/example_dags/example_setup_teardown_taskflow.py
[2023-11-13T18:39:42.415+0000] {logging_mixin.py:154} INFO - [2023-11-13T18:39:42.415+0000] {dag.py:2941} INFO - Sync 1 DAGs
[2023-11-13T18:39:42.516+0000] {logging_mixin.py:154} INFO - [2023-11-13T18:39:42.516+0000] {dag.py:3722} INFO - Setting next_dagrun for example_setup_teardown_taskflow to 2023-11-12T18:39:42.515129+00:00, run_after=2023-11-13T18:39:42.515129+00:00
[2023-11-13T18:39:42.565+0000] {processor.py:179} INFO - Processing /home/airflow/.local/lib/python3.8/site-packages/airflow/example_dags/example_setup_teardown_taskflow.py took 0.349 seconds
[2023-11-13T18:40:12.731+0000] {processor.py:157} INFO - Started process (PID=155) to work on /home/airflow/.local/lib/python3.8/site-packages/airflow/example_dags/example_setup_teardown_taskflow.py
[2023-11-13T18:40:12.733+0000] {processor.py:829} INFO - Processing file /home/airflow/.local/lib/python3.8/site-packages/airflow/example_dags/example_setup_teardown_taskflow.py for tasks to queue
[2023-11-13T18:40:12.740+0000] {logging_mixin.py:154} INFO - [2023-11-13T18:40:12.739+0000] {dagbag.py:536} INFO - Filling up the DagBag from /home/airflow/.local/lib/python3.8/site-packages/airflow/example_dags/example_setup_teardown_taskflow.py
[2023-11-13T18:40:12.757+0000] {processor.py:839} INFO - DAG(s) dict_keys(['example_setup_teardown_taskflow']) retrieved from /home/airflow/.local/lib/python3.8/site-packages/airflow/example_dags/example_setup_teardown_taskflow.py
[2023-11-13T18:40:12.804+0000] {logging_mixin.py:154} INFO - [2023-11-13T18:40:12.804+0000] {dag.py:2941} INFO - Sync 1 DAGs
[2023-11-13T18:40:12.851+0000] {logging_mixin.py:154} INFO - [2023-11-13T18:40:12.851+0000] {dag.py:3722} INFO - Setting next_dagrun for example_setup_teardown_taskflow to 2023-11-12T18:40:12.850713+00:00, run_after=2023-11-13T18:40:12.850713+00:00
[2023-11-13T18:40:12.922+0000] {processor.py:179} INFO - Processing /home/airflow/.local/lib/python3.8/site-packages/airflow/example_dags/example_setup_teardown_taskflow.py took 0.216 seconds
[2023-11-13T18:40:43.549+0000] {processor.py:157} INFO - Started process (PID=209) to work on /home/airflow/.local/lib/python3.8/site-packages/airflow/example_dags/example_setup_teardown_taskflow.py
[2023-11-13T18:40:43.550+0000] {processor.py:829} INFO - Processing file /home/airflow/.local/lib/python3.8/site-packages/airflow/example_dags/example_setup_teardown_taskflow.py for tasks to queue
[2023-11-13T18:40:43.553+0000] {logging_mixin.py:154} INFO - [2023-11-13T18:40:43.553+0000] {dagbag.py:536} INFO - Filling up the DagBag from /home/airflow/.local/lib/python3.8/site-packages/airflow/example_dags/example_setup_teardown_taskflow.py
[2023-11-13T18:40:43.558+0000] {processor.py:839} INFO - DAG(s) dict_keys(['example_setup_teardown_taskflow']) retrieved from /home/airflow/.local/lib/python3.8/site-packages/airflow/example_dags/example_setup_teardown_taskflow.py
[2023-11-13T18:40:43.573+0000] {logging_mixin.py:154} INFO - [2023-11-13T18:40:43.573+0000] {dag.py:2941} INFO - Sync 1 DAGs
[2023-11-13T18:40:43.586+0000] {logging_mixin.py:154} INFO - [2023-11-13T18:40:43.586+0000] {dag.py:3722} INFO - Setting next_dagrun for example_setup_teardown_taskflow to 2023-11-12T18:40:43.586621+00:00, run_after=2023-11-13T18:40:43.586621+00:00
[2023-11-13T18:40:43.597+0000] {processor.py:179} INFO - Processing /home/airflow/.local/lib/python3.8/site-packages/airflow/example_dags/example_setup_teardown_taskflow.py took 0.050 seconds
[2023-11-13T18:41:14.441+0000] {processor.py:157} INFO - Started process (PID=263) to work on /home/airflow/.local/lib/python3.8/site-packages/airflow/example_dags/example_setup_teardown_taskflow.py
[2023-11-13T18:41:14.442+0000] {processor.py:829} INFO - Processing file /home/airflow/.local/lib/python3.8/site-packages/airflow/example_dags/example_setup_teardown_taskflow.py for tasks to queue
[2023-11-13T18:41:14.443+0000] {logging_mixin.py:154} INFO - [2023-11-13T18:41:14.443+0000] {dagbag.py:536} INFO - Filling up the DagBag from /home/airflow/.local/lib/python3.8/site-packages/airflow/example_dags/example_setup_teardown_taskflow.py
[2023-11-13T18:41:14.449+0000] {processor.py:839} INFO - DAG(s) dict_keys(['example_setup_teardown_taskflow']) retrieved from /home/airflow/.local/lib/python3.8/site-packages/airflow/example_dags/example_setup_teardown_taskflow.py
[2023-11-13T18:41:14.462+0000] {logging_mixin.py:154} INFO - [2023-11-13T18:41:14.462+0000] {dag.py:2941} INFO - Sync 1 DAGs
[2023-11-13T18:41:14.473+0000] {logging_mixin.py:154} INFO - [2023-11-13T18:41:14.473+0000] {dag.py:3722} INFO - Setting next_dagrun for example_setup_teardown_taskflow to 2023-11-12T18:41:14.473491+00:00, run_after=2023-11-13T18:41:14.473491+00:00
[2023-11-13T18:41:14.482+0000] {processor.py:179} INFO - Processing /home/airflow/.local/lib/python3.8/site-packages/airflow/example_dags/example_setup_teardown_taskflow.py took 0.043 seconds
[2023-11-13T18:41:44.557+0000] {processor.py:157} INFO - Started process (PID=316) to work on /home/airflow/.local/lib/python3.8/site-packages/airflow/example_dags/example_setup_teardown_taskflow.py
[2023-11-13T18:41:44.558+0000] {processor.py:829} INFO - Processing file /home/airflow/.local/lib/python3.8/site-packages/airflow/example_dags/example_setup_teardown_taskflow.py for tasks to queue
[2023-11-13T18:41:44.560+0000] {logging_mixin.py:154} INFO - [2023-11-13T18:41:44.560+0000] {dagbag.py:536} INFO - Filling up the DagBag from /home/airflow/.local/lib/python3.8/site-packages/airflow/example_dags/example_setup_teardown_taskflow.py
[2023-11-13T18:41:44.566+0000] {processor.py:839} INFO - DAG(s) dict_keys(['example_setup_teardown_taskflow']) retrieved from /home/airflow/.local/lib/python3.8/site-packages/airflow/example_dags/example_setup_teardown_taskflow.py
[2023-11-13T18:41:44.577+0000] {logging_mixin.py:154} INFO - [2023-11-13T18:41:44.577+0000] {dag.py:2941} INFO - Sync 1 DAGs
[2023-11-13T18:41:44.588+0000] {logging_mixin.py:154} INFO - [2023-11-13T18:41:44.588+0000] {dag.py:3722} INFO - Setting next_dagrun for example_setup_teardown_taskflow to 2023-11-12T18:41:44.588182+00:00, run_after=2023-11-13T18:41:44.588182+00:00
[2023-11-13T18:41:44.596+0000] {processor.py:179} INFO - Processing /home/airflow/.local/lib/python3.8/site-packages/airflow/example_dags/example_setup_teardown_taskflow.py took 0.041 seconds
[2023-11-13T18:42:14.884+0000] {processor.py:157} INFO - Started process (PID=370) to work on /home/airflow/.local/lib/python3.8/site-packages/airflow/example_dags/example_setup_teardown_taskflow.py
[2023-11-13T18:42:14.885+0000] {processor.py:829} INFO - Processing file /home/airflow/.local/lib/python3.8/site-packages/airflow/example_dags/example_setup_teardown_taskflow.py for tasks to queue
[2023-11-13T18:42:14.886+0000] {logging_mixin.py:154} INFO - [2023-11-13T18:42:14.886+0000] {dagbag.py:536} INFO - Filling up the DagBag from /home/airflow/.local/lib/python3.8/site-packages/airflow/example_dags/example_setup_teardown_taskflow.py
[2023-11-13T18:42:14.891+0000] {processor.py:839} INFO - DAG(s) dict_keys(['example_setup_teardown_taskflow']) retrieved from /home/airflow/.local/lib/python3.8/site-packages/airflow/example_dags/example_setup_teardown_taskflow.py
[2023-11-13T18:42:14.903+0000] {logging_mixin.py:154} INFO - [2023-11-13T18:42:14.903+0000] {dag.py:2941} INFO - Sync 1 DAGs
[2023-11-13T18:42:14.913+0000] {logging_mixin.py:154} INFO - [2023-11-13T18:42:14.913+0000] {dag.py:3722} INFO - Setting next_dagrun for example_setup_teardown_taskflow to 2023-11-12T18:42:14.913476+00:00, run_after=2023-11-13T18:42:14.913476+00:00
[2023-11-13T18:42:14.921+0000] {processor.py:179} INFO - Processing /home/airflow/.local/lib/python3.8/site-packages/airflow/example_dags/example_setup_teardown_taskflow.py took 0.040 seconds
[2023-11-13T18:42:45.118+0000] {processor.py:157} INFO - Started process (PID=424) to work on /home/airflow/.local/lib/python3.8/site-packages/airflow/example_dags/example_setup_teardown_taskflow.py
[2023-11-13T18:42:45.118+0000] {processor.py:829} INFO - Processing file /home/airflow/.local/lib/python3.8/site-packages/airflow/example_dags/example_setup_teardown_taskflow.py for tasks to queue
[2023-11-13T18:42:45.120+0000] {logging_mixin.py:154} INFO - [2023-11-13T18:42:45.120+0000] {dagbag.py:536} INFO - Filling up the DagBag from /home/airflow/.local/lib/python3.8/site-packages/airflow/example_dags/example_setup_teardown_taskflow.py
[2023-11-13T18:42:45.126+0000] {processor.py:839} INFO - DAG(s) dict_keys(['example_setup_teardown_taskflow']) retrieved from /home/airflow/.local/lib/python3.8/site-packages/airflow/example_dags/example_setup_teardown_taskflow.py
[2023-11-13T18:42:45.142+0000] {logging_mixin.py:154} INFO - [2023-11-13T18:42:45.142+0000] {dag.py:2941} INFO - Sync 1 DAGs
[2023-11-13T18:42:45.153+0000] {logging_mixin.py:154} INFO - [2023-11-13T18:42:45.153+0000] {dag.py:3722} INFO - Setting next_dagrun for example_setup_teardown_taskflow to 2023-11-12T18:42:45.153328+00:00, run_after=2023-11-13T18:42:45.153328+00:00
[2023-11-13T18:42:45.161+0000] {processor.py:179} INFO - Processing /home/airflow/.local/lib/python3.8/site-packages/airflow/example_dags/example_setup_teardown_taskflow.py took 0.046 seconds
[2023-11-13T19:57:45.222+0000] {processor.py:157} INFO - Started process (PID=48) to work on /home/airflow/.local/lib/python3.8/site-packages/airflow/example_dags/example_setup_teardown_taskflow.py
[2023-11-13T19:57:45.224+0000] {processor.py:829} INFO - Processing file /home/airflow/.local/lib/python3.8/site-packages/airflow/example_dags/example_setup_teardown_taskflow.py for tasks to queue
[2023-11-13T19:57:45.225+0000] {logging_mixin.py:154} INFO - [2023-11-13T19:57:45.225+0000] {dagbag.py:536} INFO - Filling up the DagBag from /home/airflow/.local/lib/python3.8/site-packages/airflow/example_dags/example_setup_teardown_taskflow.py
[2023-11-13T19:57:45.235+0000] {processor.py:839} INFO - DAG(s) dict_keys(['example_setup_teardown_taskflow']) retrieved from /home/airflow/.local/lib/python3.8/site-packages/airflow/example_dags/example_setup_teardown_taskflow.py
[2023-11-13T19:57:45.274+0000] {logging_mixin.py:154} INFO - [2023-11-13T19:57:45.274+0000] {dag.py:2941} INFO - Sync 1 DAGs
[2023-11-13T19:57:45.289+0000] {logging_mixin.py:154} INFO - [2023-11-13T19:57:45.289+0000] {dag.py:3722} INFO - Setting next_dagrun for example_setup_teardown_taskflow to 2023-11-12T19:57:45.288936+00:00, run_after=2023-11-13T19:57:45.288936+00:00
[2023-11-13T19:57:45.300+0000] {processor.py:179} INFO - Processing /home/airflow/.local/lib/python3.8/site-packages/airflow/example_dags/example_setup_teardown_taskflow.py took 0.082 seconds
[2023-11-13T19:58:15.618+0000] {processor.py:157} INFO - Started process (PID=102) to work on /home/airflow/.local/lib/python3.8/site-packages/airflow/example_dags/example_setup_teardown_taskflow.py
[2023-11-13T19:58:15.618+0000] {processor.py:829} INFO - Processing file /home/airflow/.local/lib/python3.8/site-packages/airflow/example_dags/example_setup_teardown_taskflow.py for tasks to queue
[2023-11-13T19:58:15.620+0000] {logging_mixin.py:154} INFO - [2023-11-13T19:58:15.620+0000] {dagbag.py:536} INFO - Filling up the DagBag from /home/airflow/.local/lib/python3.8/site-packages/airflow/example_dags/example_setup_teardown_taskflow.py
[2023-11-13T19:58:15.626+0000] {processor.py:839} INFO - DAG(s) dict_keys(['example_setup_teardown_taskflow']) retrieved from /home/airflow/.local/lib/python3.8/site-packages/airflow/example_dags/example_setup_teardown_taskflow.py
[2023-11-13T19:58:15.638+0000] {logging_mixin.py:154} INFO - [2023-11-13T19:58:15.638+0000] {dag.py:2941} INFO - Sync 1 DAGs
[2023-11-13T19:58:15.651+0000] {logging_mixin.py:154} INFO - [2023-11-13T19:58:15.651+0000] {dag.py:3722} INFO - Setting next_dagrun for example_setup_teardown_taskflow to 2023-11-12T19:58:15.651193+00:00, run_after=2023-11-13T19:58:15.651193+00:00
[2023-11-13T19:58:15.662+0000] {processor.py:179} INFO - Processing /home/airflow/.local/lib/python3.8/site-packages/airflow/example_dags/example_setup_teardown_taskflow.py took 0.047 seconds
[2023-11-13T19:58:46.004+0000] {processor.py:157} INFO - Started process (PID=156) to work on /home/airflow/.local/lib/python3.8/site-packages/airflow/example_dags/example_setup_teardown_taskflow.py
[2023-11-13T19:58:46.005+0000] {processor.py:829} INFO - Processing file /home/airflow/.local/lib/python3.8/site-packages/airflow/example_dags/example_setup_teardown_taskflow.py for tasks to queue
[2023-11-13T19:58:46.007+0000] {logging_mixin.py:154} INFO - [2023-11-13T19:58:46.006+0000] {dagbag.py:536} INFO - Filling up the DagBag from /home/airflow/.local/lib/python3.8/site-packages/airflow/example_dags/example_setup_teardown_taskflow.py
[2023-11-13T19:58:46.011+0000] {processor.py:839} INFO - DAG(s) dict_keys(['example_setup_teardown_taskflow']) retrieved from /home/airflow/.local/lib/python3.8/site-packages/airflow/example_dags/example_setup_teardown_taskflow.py
[2023-11-13T19:58:46.022+0000] {logging_mixin.py:154} INFO - [2023-11-13T19:58:46.022+0000] {dag.py:2941} INFO - Sync 1 DAGs
[2023-11-13T19:58:46.033+0000] {logging_mixin.py:154} INFO - [2023-11-13T19:58:46.032+0000] {dag.py:3722} INFO - Setting next_dagrun for example_setup_teardown_taskflow to 2023-11-12T19:58:46.032876+00:00, run_after=2023-11-13T19:58:46.032876+00:00
[2023-11-13T19:58:46.040+0000] {processor.py:179} INFO - Processing /home/airflow/.local/lib/python3.8/site-packages/airflow/example_dags/example_setup_teardown_taskflow.py took 0.039 seconds
[2023-11-13T19:59:16.295+0000] {processor.py:157} INFO - Started process (PID=210) to work on /home/airflow/.local/lib/python3.8/site-packages/airflow/example_dags/example_setup_teardown_taskflow.py
[2023-11-13T19:59:16.296+0000] {processor.py:829} INFO - Processing file /home/airflow/.local/lib/python3.8/site-packages/airflow/example_dags/example_setup_teardown_taskflow.py for tasks to queue
[2023-11-13T19:59:16.298+0000] {logging_mixin.py:154} INFO - [2023-11-13T19:59:16.298+0000] {dagbag.py:536} INFO - Filling up the DagBag from /home/airflow/.local/lib/python3.8/site-packages/airflow/example_dags/example_setup_teardown_taskflow.py
[2023-11-13T19:59:16.303+0000] {processor.py:839} INFO - DAG(s) dict_keys(['example_setup_teardown_taskflow']) retrieved from /home/airflow/.local/lib/python3.8/site-packages/airflow/example_dags/example_setup_teardown_taskflow.py
[2023-11-13T19:59:16.314+0000] {logging_mixin.py:154} INFO - [2023-11-13T19:59:16.314+0000] {dag.py:2941} INFO - Sync 1 DAGs
[2023-11-13T19:59:16.324+0000] {logging_mixin.py:154} INFO - [2023-11-13T19:59:16.324+0000] {dag.py:3722} INFO - Setting next_dagrun for example_setup_teardown_taskflow to 2023-11-12T19:59:16.324104+00:00, run_after=2023-11-13T19:59:16.324104+00:00
[2023-11-13T19:59:16.332+0000] {processor.py:179} INFO - Processing /home/airflow/.local/lib/python3.8/site-packages/airflow/example_dags/example_setup_teardown_taskflow.py took 0.038 seconds
[2023-11-13T19:59:46.952+0000] {processor.py:157} INFO - Started process (PID=264) to work on /home/airflow/.local/lib/python3.8/site-packages/airflow/example_dags/example_setup_teardown_taskflow.py
[2023-11-13T19:59:46.952+0000] {processor.py:829} INFO - Processing file /home/airflow/.local/lib/python3.8/site-packages/airflow/example_dags/example_setup_teardown_taskflow.py for tasks to queue
[2023-11-13T19:59:46.954+0000] {logging_mixin.py:154} INFO - [2023-11-13T19:59:46.954+0000] {dagbag.py:536} INFO - Filling up the DagBag from /home/airflow/.local/lib/python3.8/site-packages/airflow/example_dags/example_setup_teardown_taskflow.py
[2023-11-13T19:59:46.959+0000] {processor.py:839} INFO - DAG(s) dict_keys(['example_setup_teardown_taskflow']) retrieved from /home/airflow/.local/lib/python3.8/site-packages/airflow/example_dags/example_setup_teardown_taskflow.py
[2023-11-13T19:59:46.971+0000] {logging_mixin.py:154} INFO - [2023-11-13T19:59:46.971+0000] {dag.py:2941} INFO - Sync 1 DAGs
[2023-11-13T19:59:46.982+0000] {logging_mixin.py:154} INFO - [2023-11-13T19:59:46.981+0000] {dag.py:3722} INFO - Setting next_dagrun for example_setup_teardown_taskflow to 2023-11-12T19:59:46.981817+00:00, run_after=2023-11-13T19:59:46.981817+00:00
[2023-11-13T19:59:46.990+0000] {processor.py:179} INFO - Processing /home/airflow/.local/lib/python3.8/site-packages/airflow/example_dags/example_setup_teardown_taskflow.py took 0.040 seconds
[2023-11-13T20:00:17.632+0000] {processor.py:157} INFO - Started process (PID=317) to work on /home/airflow/.local/lib/python3.8/site-packages/airflow/example_dags/example_setup_teardown_taskflow.py
[2023-11-13T20:00:17.633+0000] {processor.py:829} INFO - Processing file /home/airflow/.local/lib/python3.8/site-packages/airflow/example_dags/example_setup_teardown_taskflow.py for tasks to queue
[2023-11-13T20:00:17.635+0000] {logging_mixin.py:154} INFO - [2023-11-13T20:00:17.635+0000] {dagbag.py:536} INFO - Filling up the DagBag from /home/airflow/.local/lib/python3.8/site-packages/airflow/example_dags/example_setup_teardown_taskflow.py
[2023-11-13T20:00:17.640+0000] {processor.py:839} INFO - DAG(s) dict_keys(['example_setup_teardown_taskflow']) retrieved from /home/airflow/.local/lib/python3.8/site-packages/airflow/example_dags/example_setup_teardown_taskflow.py
[2023-11-13T20:00:17.653+0000] {logging_mixin.py:154} INFO - [2023-11-13T20:00:17.653+0000] {dag.py:2941} INFO - Sync 1 DAGs
[2023-11-13T20:00:17.664+0000] {logging_mixin.py:154} INFO - [2023-11-13T20:00:17.664+0000] {dag.py:3722} INFO - Setting next_dagrun for example_setup_teardown_taskflow to 2023-11-12T20:00:17.664527+00:00, run_after=2023-11-13T20:00:17.664527+00:00
[2023-11-13T20:00:17.674+0000] {processor.py:179} INFO - Processing /home/airflow/.local/lib/python3.8/site-packages/airflow/example_dags/example_setup_teardown_taskflow.py took 0.044 seconds
[2023-11-13T20:00:47.781+0000] {processor.py:157} INFO - Started process (PID=371) to work on /home/airflow/.local/lib/python3.8/site-packages/airflow/example_dags/example_setup_teardown_taskflow.py
[2023-11-13T20:00:47.781+0000] {processor.py:829} INFO - Processing file /home/airflow/.local/lib/python3.8/site-packages/airflow/example_dags/example_setup_teardown_taskflow.py for tasks to queue
[2023-11-13T20:00:47.783+0000] {logging_mixin.py:154} INFO - [2023-11-13T20:00:47.783+0000] {dagbag.py:536} INFO - Filling up the DagBag from /home/airflow/.local/lib/python3.8/site-packages/airflow/example_dags/example_setup_teardown_taskflow.py
[2023-11-13T20:00:47.790+0000] {processor.py:839} INFO - DAG(s) dict_keys(['example_setup_teardown_taskflow']) retrieved from /home/airflow/.local/lib/python3.8/site-packages/airflow/example_dags/example_setup_teardown_taskflow.py
[2023-11-13T20:00:47.802+0000] {logging_mixin.py:154} INFO - [2023-11-13T20:00:47.802+0000] {dag.py:2941} INFO - Sync 1 DAGs
[2023-11-13T20:00:47.813+0000] {logging_mixin.py:154} INFO - [2023-11-13T20:00:47.813+0000] {dag.py:3722} INFO - Setting next_dagrun for example_setup_teardown_taskflow to 2023-11-12T20:00:47.813454+00:00, run_after=2023-11-13T20:00:47.813454+00:00
[2023-11-13T20:00:47.822+0000] {processor.py:179} INFO - Processing /home/airflow/.local/lib/python3.8/site-packages/airflow/example_dags/example_setup_teardown_taskflow.py took 0.043 seconds
[2023-11-13T20:01:18.586+0000] {processor.py:157} INFO - Started process (PID=425) to work on /home/airflow/.local/lib/python3.8/site-packages/airflow/example_dags/example_setup_teardown_taskflow.py
[2023-11-13T20:01:18.586+0000] {processor.py:829} INFO - Processing file /home/airflow/.local/lib/python3.8/site-packages/airflow/example_dags/example_setup_teardown_taskflow.py for tasks to queue
[2023-11-13T20:01:18.588+0000] {logging_mixin.py:154} INFO - [2023-11-13T20:01:18.588+0000] {dagbag.py:536} INFO - Filling up the DagBag from /home/airflow/.local/lib/python3.8/site-packages/airflow/example_dags/example_setup_teardown_taskflow.py
[2023-11-13T20:01:18.593+0000] {processor.py:839} INFO - DAG(s) dict_keys(['example_setup_teardown_taskflow']) retrieved from /home/airflow/.local/lib/python3.8/site-packages/airflow/example_dags/example_setup_teardown_taskflow.py
[2023-11-13T20:01:18.605+0000] {logging_mixin.py:154} INFO - [2023-11-13T20:01:18.605+0000] {dag.py:2941} INFO - Sync 1 DAGs
[2023-11-13T20:01:18.617+0000] {logging_mixin.py:154} INFO - [2023-11-13T20:01:18.617+0000] {dag.py:3722} INFO - Setting next_dagrun for example_setup_teardown_taskflow to 2023-11-12T20:01:18.616987+00:00, run_after=2023-11-13T20:01:18.616987+00:00
[2023-11-13T20:01:18.626+0000] {processor.py:179} INFO - Processing /home/airflow/.local/lib/python3.8/site-packages/airflow/example_dags/example_setup_teardown_taskflow.py took 0.042 seconds
[2023-11-13T20:01:49.247+0000] {processor.py:157} INFO - Started process (PID=479) to work on /home/airflow/.local/lib/python3.8/site-packages/airflow/example_dags/example_setup_teardown_taskflow.py
[2023-11-13T20:01:49.248+0000] {processor.py:829} INFO - Processing file /home/airflow/.local/lib/python3.8/site-packages/airflow/example_dags/example_setup_teardown_taskflow.py for tasks to queue
[2023-11-13T20:01:49.249+0000] {logging_mixin.py:154} INFO - [2023-11-13T20:01:49.249+0000] {dagbag.py:536} INFO - Filling up the DagBag from /home/airflow/.local/lib/python3.8/site-packages/airflow/example_dags/example_setup_teardown_taskflow.py
[2023-11-13T20:01:49.254+0000] {processor.py:839} INFO - DAG(s) dict_keys(['example_setup_teardown_taskflow']) retrieved from /home/airflow/.local/lib/python3.8/site-packages/airflow/example_dags/example_setup_teardown_taskflow.py
[2023-11-13T20:01:49.265+0000] {logging_mixin.py:154} INFO - [2023-11-13T20:01:49.265+0000] {dag.py:2941} INFO - Sync 1 DAGs
[2023-11-13T20:01:49.275+0000] {logging_mixin.py:154} INFO - [2023-11-13T20:01:49.274+0000] {dag.py:3722} INFO - Setting next_dagrun for example_setup_teardown_taskflow to 2023-11-12T20:01:49.274759+00:00, run_after=2023-11-13T20:01:49.274759+00:00
[2023-11-13T20:01:49.283+0000] {processor.py:179} INFO - Processing /home/airflow/.local/lib/python3.8/site-packages/airflow/example_dags/example_setup_teardown_taskflow.py took 0.038 seconds
[2023-11-13T20:02:19.988+0000] {processor.py:157} INFO - Started process (PID=533) to work on /home/airflow/.local/lib/python3.8/site-packages/airflow/example_dags/example_setup_teardown_taskflow.py
[2023-11-13T20:02:19.988+0000] {processor.py:829} INFO - Processing file /home/airflow/.local/lib/python3.8/site-packages/airflow/example_dags/example_setup_teardown_taskflow.py for tasks to queue
[2023-11-13T20:02:19.990+0000] {logging_mixin.py:154} INFO - [2023-11-13T20:02:19.990+0000] {dagbag.py:536} INFO - Filling up the DagBag from /home/airflow/.local/lib/python3.8/site-packages/airflow/example_dags/example_setup_teardown_taskflow.py
[2023-11-13T20:02:19.995+0000] {processor.py:839} INFO - DAG(s) dict_keys(['example_setup_teardown_taskflow']) retrieved from /home/airflow/.local/lib/python3.8/site-packages/airflow/example_dags/example_setup_teardown_taskflow.py
[2023-11-13T20:02:20.007+0000] {logging_mixin.py:154} INFO - [2023-11-13T20:02:20.007+0000] {dag.py:2941} INFO - Sync 1 DAGs
[2023-11-13T20:02:20.018+0000] {logging_mixin.py:154} INFO - [2023-11-13T20:02:20.018+0000] {dag.py:3722} INFO - Setting next_dagrun for example_setup_teardown_taskflow to 2023-11-12T20:02:20.018390+00:00, run_after=2023-11-13T20:02:20.018390+00:00
[2023-11-13T20:02:20.027+0000] {processor.py:179} INFO - Processing /home/airflow/.local/lib/python3.8/site-packages/airflow/example_dags/example_setup_teardown_taskflow.py took 0.042 seconds
[2023-11-13T20:02:50.309+0000] {processor.py:157} INFO - Started process (PID=587) to work on /home/airflow/.local/lib/python3.8/site-packages/airflow/example_dags/example_setup_teardown_taskflow.py
[2023-11-13T20:02:50.310+0000] {processor.py:829} INFO - Processing file /home/airflow/.local/lib/python3.8/site-packages/airflow/example_dags/example_setup_teardown_taskflow.py for tasks to queue
[2023-11-13T20:02:50.312+0000] {logging_mixin.py:154} INFO - [2023-11-13T20:02:50.312+0000] {dagbag.py:536} INFO - Filling up the DagBag from /home/airflow/.local/lib/python3.8/site-packages/airflow/example_dags/example_setup_teardown_taskflow.py
[2023-11-13T20:02:50.317+0000] {processor.py:839} INFO - DAG(s) dict_keys(['example_setup_teardown_taskflow']) retrieved from /home/airflow/.local/lib/python3.8/site-packages/airflow/example_dags/example_setup_teardown_taskflow.py
[2023-11-13T20:02:50.329+0000] {logging_mixin.py:154} INFO - [2023-11-13T20:02:50.329+0000] {dag.py:2941} INFO - Sync 1 DAGs
[2023-11-13T20:02:50.339+0000] {logging_mixin.py:154} INFO - [2023-11-13T20:02:50.339+0000] {dag.py:3722} INFO - Setting next_dagrun for example_setup_teardown_taskflow to 2023-11-12T20:02:50.339301+00:00, run_after=2023-11-13T20:02:50.339301+00:00
[2023-11-13T20:02:50.348+0000] {processor.py:179} INFO - Processing /home/airflow/.local/lib/python3.8/site-packages/airflow/example_dags/example_setup_teardown_taskflow.py took 0.041 seconds
[2023-11-13T20:03:20.549+0000] {processor.py:157} INFO - Started process (PID=641) to work on /home/airflow/.local/lib/python3.8/site-packages/airflow/example_dags/example_setup_teardown_taskflow.py
[2023-11-13T20:03:20.549+0000] {processor.py:829} INFO - Processing file /home/airflow/.local/lib/python3.8/site-packages/airflow/example_dags/example_setup_teardown_taskflow.py for tasks to queue
[2023-11-13T20:03:20.551+0000] {logging_mixin.py:154} INFO - [2023-11-13T20:03:20.551+0000] {dagbag.py:536} INFO - Filling up the DagBag from /home/airflow/.local/lib/python3.8/site-packages/airflow/example_dags/example_setup_teardown_taskflow.py
[2023-11-13T20:03:20.556+0000] {processor.py:839} INFO - DAG(s) dict_keys(['example_setup_teardown_taskflow']) retrieved from /home/airflow/.local/lib/python3.8/site-packages/airflow/example_dags/example_setup_teardown_taskflow.py
[2023-11-13T20:03:20.567+0000] {logging_mixin.py:154} INFO - [2023-11-13T20:03:20.567+0000] {dag.py:2941} INFO - Sync 1 DAGs
[2023-11-13T20:03:20.577+0000] {logging_mixin.py:154} INFO - [2023-11-13T20:03:20.577+0000] {dag.py:3722} INFO - Setting next_dagrun for example_setup_teardown_taskflow to 2023-11-12T20:03:20.577436+00:00, run_after=2023-11-13T20:03:20.577436+00:00
[2023-11-13T20:03:20.586+0000] {processor.py:179} INFO - Processing /home/airflow/.local/lib/python3.8/site-packages/airflow/example_dags/example_setup_teardown_taskflow.py took 0.039 seconds
[2023-11-13T20:03:51.507+0000] {processor.py:157} INFO - Started process (PID=695) to work on /home/airflow/.local/lib/python3.8/site-packages/airflow/example_dags/example_setup_teardown_taskflow.py
[2023-11-13T20:03:51.507+0000] {processor.py:829} INFO - Processing file /home/airflow/.local/lib/python3.8/site-packages/airflow/example_dags/example_setup_teardown_taskflow.py for tasks to queue
[2023-11-13T20:03:51.508+0000] {logging_mixin.py:154} INFO - [2023-11-13T20:03:51.508+0000] {dagbag.py:536} INFO - Filling up the DagBag from /home/airflow/.local/lib/python3.8/site-packages/airflow/example_dags/example_setup_teardown_taskflow.py
[2023-11-13T20:03:51.514+0000] {processor.py:839} INFO - DAG(s) dict_keys(['example_setup_teardown_taskflow']) retrieved from /home/airflow/.local/lib/python3.8/site-packages/airflow/example_dags/example_setup_teardown_taskflow.py
[2023-11-13T20:03:51.527+0000] {logging_mixin.py:154} INFO - [2023-11-13T20:03:51.526+0000] {dag.py:2941} INFO - Sync 1 DAGs
[2023-11-13T20:03:51.540+0000] {logging_mixin.py:154} INFO - [2023-11-13T20:03:51.540+0000] {dag.py:3722} INFO - Setting next_dagrun for example_setup_teardown_taskflow to 2023-11-12T20:03:51.539914+00:00, run_after=2023-11-13T20:03:51.539914+00:00
[2023-11-13T20:03:51.549+0000] {processor.py:179} INFO - Processing /home/airflow/.local/lib/python3.8/site-packages/airflow/example_dags/example_setup_teardown_taskflow.py took 0.045 seconds
[2023-11-13T20:04:21.595+0000] {processor.py:157} INFO - Started process (PID=748) to work on /home/airflow/.local/lib/python3.8/site-packages/airflow/example_dags/example_setup_teardown_taskflow.py
[2023-11-13T20:04:21.596+0000] {processor.py:829} INFO - Processing file /home/airflow/.local/lib/python3.8/site-packages/airflow/example_dags/example_setup_teardown_taskflow.py for tasks to queue
[2023-11-13T20:04:21.599+0000] {logging_mixin.py:154} INFO - [2023-11-13T20:04:21.599+0000] {dagbag.py:536} INFO - Filling up the DagBag from /home/airflow/.local/lib/python3.8/site-packages/airflow/example_dags/example_setup_teardown_taskflow.py
[2023-11-13T20:04:21.607+0000] {processor.py:839} INFO - DAG(s) dict_keys(['example_setup_teardown_taskflow']) retrieved from /home/airflow/.local/lib/python3.8/site-packages/airflow/example_dags/example_setup_teardown_taskflow.py
[2023-11-13T20:04:21.622+0000] {logging_mixin.py:154} INFO - [2023-11-13T20:04:21.622+0000] {dag.py:2941} INFO - Sync 1 DAGs
[2023-11-13T20:04:21.635+0000] {logging_mixin.py:154} INFO - [2023-11-13T20:04:21.635+0000] {dag.py:3722} INFO - Setting next_dagrun for example_setup_teardown_taskflow to 2023-11-12T20:04:21.634997+00:00, run_after=2023-11-13T20:04:21.634997+00:00
[2023-11-13T20:04:21.643+0000] {processor.py:179} INFO - Processing /home/airflow/.local/lib/python3.8/site-packages/airflow/example_dags/example_setup_teardown_taskflow.py took 0.053 seconds
[2023-11-13T20:04:51.763+0000] {processor.py:157} INFO - Started process (PID=802) to work on /home/airflow/.local/lib/python3.8/site-packages/airflow/example_dags/example_setup_teardown_taskflow.py
[2023-11-13T20:04:51.764+0000] {processor.py:829} INFO - Processing file /home/airflow/.local/lib/python3.8/site-packages/airflow/example_dags/example_setup_teardown_taskflow.py for tasks to queue
[2023-11-13T20:04:51.769+0000] {logging_mixin.py:154} INFO - [2023-11-13T20:04:51.768+0000] {dagbag.py:536} INFO - Filling up the DagBag from /home/airflow/.local/lib/python3.8/site-packages/airflow/example_dags/example_setup_teardown_taskflow.py
[2023-11-13T20:04:51.780+0000] {processor.py:839} INFO - DAG(s) dict_keys(['example_setup_teardown_taskflow']) retrieved from /home/airflow/.local/lib/python3.8/site-packages/airflow/example_dags/example_setup_teardown_taskflow.py
[2023-11-13T20:04:51.800+0000] {logging_mixin.py:154} INFO - [2023-11-13T20:04:51.800+0000] {dag.py:2941} INFO - Sync 1 DAGs
[2023-11-13T20:04:51.814+0000] {logging_mixin.py:154} INFO - [2023-11-13T20:04:51.814+0000] {dag.py:3722} INFO - Setting next_dagrun for example_setup_teardown_taskflow to 2023-11-12T20:04:51.814173+00:00, run_after=2023-11-13T20:04:51.814173+00:00
[2023-11-13T20:04:51.824+0000] {processor.py:179} INFO - Processing /home/airflow/.local/lib/python3.8/site-packages/airflow/example_dags/example_setup_teardown_taskflow.py took 0.066 seconds
