[2023-11-13T18:39:11.074+0000] {processor.py:157} INFO - Started process (PID=64) to work on /home/airflow/.local/lib/python3.8/site-packages/airflow/example_dags/example_latest_only_with_trigger.py
[2023-11-13T18:39:11.075+0000] {processor.py:829} INFO - Processing file /home/airflow/.local/lib/python3.8/site-packages/airflow/example_dags/example_latest_only_with_trigger.py for tasks to queue
[2023-11-13T18:39:11.077+0000] {logging_mixin.py:154} INFO - [2023-11-13T18:39:11.077+0000] {dagbag.py:536} INFO - Filling up the DagBag from /home/airflow/.local/lib/python3.8/site-packages/airflow/example_dags/example_latest_only_with_trigger.py
[2023-11-13T18:39:11.083+0000] {processor.py:839} INFO - DAG(s) dict_keys(['latest_only_with_trigger']) retrieved from /home/airflow/.local/lib/python3.8/site-packages/airflow/example_dags/example_latest_only_with_trigger.py
[2023-11-13T18:39:11.190+0000] {logging_mixin.py:154} INFO - [2023-11-13T18:39:11.189+0000] {manager.py:499} INFO - Created Permission View: %s
[2023-11-13T18:39:11.203+0000] {logging_mixin.py:154} INFO - [2023-11-13T18:39:11.203+0000] {manager.py:499} INFO - Created Permission View: %s
[2023-11-13T18:39:11.210+0000] {logging_mixin.py:154} INFO - [2023-11-13T18:39:11.210+0000] {manager.py:499} INFO - Created Permission View: %s
[2023-11-13T18:39:11.211+0000] {logging_mixin.py:154} INFO - [2023-11-13T18:39:11.211+0000] {dag.py:2941} INFO - Sync 1 DAGs
[2023-11-13T18:39:11.223+0000] {logging_mixin.py:154} INFO - [2023-11-13T18:39:11.223+0000] {dag.py:2963} INFO - Creating ORM DAG for latest_only_with_trigger
[2023-11-13T18:39:11.233+0000] {logging_mixin.py:154} INFO - [2023-11-13T18:39:11.232+0000] {dag.py:3722} INFO - Setting next_dagrun for latest_only_with_trigger to 2023-11-13T14:39:11.232655+00:00, run_after=2023-11-13T18:39:11.232655+00:00
[2023-11-13T18:39:11.246+0000] {processor.py:179} INFO - Processing /home/airflow/.local/lib/python3.8/site-packages/airflow/example_dags/example_latest_only_with_trigger.py took 0.174 seconds
[2023-11-13T18:39:43.735+0000] {processor.py:157} INFO - Started process (PID=118) to work on /home/airflow/.local/lib/python3.8/site-packages/airflow/example_dags/example_latest_only_with_trigger.py
[2023-11-13T18:39:43.735+0000] {processor.py:829} INFO - Processing file /home/airflow/.local/lib/python3.8/site-packages/airflow/example_dags/example_latest_only_with_trigger.py for tasks to queue
[2023-11-13T18:39:43.737+0000] {logging_mixin.py:154} INFO - [2023-11-13T18:39:43.737+0000] {dagbag.py:536} INFO - Filling up the DagBag from /home/airflow/.local/lib/python3.8/site-packages/airflow/example_dags/example_latest_only_with_trigger.py
[2023-11-13T18:39:43.742+0000] {processor.py:839} INFO - DAG(s) dict_keys(['latest_only_with_trigger']) retrieved from /home/airflow/.local/lib/python3.8/site-packages/airflow/example_dags/example_latest_only_with_trigger.py
[2023-11-13T18:39:43.798+0000] {logging_mixin.py:154} INFO - [2023-11-13T18:39:43.798+0000] {dag.py:2941} INFO - Sync 1 DAGs
[2023-11-13T18:39:43.830+0000] {logging_mixin.py:154} INFO - [2023-11-13T18:39:43.829+0000] {dag.py:3722} INFO - Setting next_dagrun for latest_only_with_trigger to 2023-11-13T14:39:43.827503+00:00, run_after=2023-11-13T18:39:43.827503+00:00
[2023-11-13T18:39:43.846+0000] {processor.py:179} INFO - Processing /home/airflow/.local/lib/python3.8/site-packages/airflow/example_dags/example_latest_only_with_trigger.py took 0.116 seconds
[2023-11-13T18:40:16.765+0000] {processor.py:157} INFO - Started process (PID=172) to work on /home/airflow/.local/lib/python3.8/site-packages/airflow/example_dags/example_latest_only_with_trigger.py
[2023-11-13T18:40:16.769+0000] {processor.py:829} INFO - Processing file /home/airflow/.local/lib/python3.8/site-packages/airflow/example_dags/example_latest_only_with_trigger.py for tasks to queue
[2023-11-13T18:40:16.771+0000] {logging_mixin.py:154} INFO - [2023-11-13T18:40:16.771+0000] {dagbag.py:536} INFO - Filling up the DagBag from /home/airflow/.local/lib/python3.8/site-packages/airflow/example_dags/example_latest_only_with_trigger.py
[2023-11-13T18:40:16.777+0000] {processor.py:839} INFO - DAG(s) dict_keys(['latest_only_with_trigger']) retrieved from /home/airflow/.local/lib/python3.8/site-packages/airflow/example_dags/example_latest_only_with_trigger.py
[2023-11-13T18:40:16.802+0000] {logging_mixin.py:154} INFO - [2023-11-13T18:40:16.802+0000] {dag.py:2941} INFO - Sync 1 DAGs
[2023-11-13T18:40:16.824+0000] {logging_mixin.py:154} INFO - [2023-11-13T18:40:16.824+0000] {dag.py:3722} INFO - Setting next_dagrun for latest_only_with_trigger to 2023-11-13T14:40:16.824577+00:00, run_after=2023-11-13T18:40:16.824577+00:00
[2023-11-13T18:40:16.852+0000] {processor.py:179} INFO - Processing /home/airflow/.local/lib/python3.8/site-packages/airflow/example_dags/example_latest_only_with_trigger.py took 0.090 seconds
[2023-11-13T18:40:47.100+0000] {processor.py:157} INFO - Started process (PID=226) to work on /home/airflow/.local/lib/python3.8/site-packages/airflow/example_dags/example_latest_only_with_trigger.py
[2023-11-13T18:40:47.101+0000] {processor.py:829} INFO - Processing file /home/airflow/.local/lib/python3.8/site-packages/airflow/example_dags/example_latest_only_with_trigger.py for tasks to queue
[2023-11-13T18:40:47.102+0000] {logging_mixin.py:154} INFO - [2023-11-13T18:40:47.102+0000] {dagbag.py:536} INFO - Filling up the DagBag from /home/airflow/.local/lib/python3.8/site-packages/airflow/example_dags/example_latest_only_with_trigger.py
[2023-11-13T18:40:47.106+0000] {processor.py:839} INFO - DAG(s) dict_keys(['latest_only_with_trigger']) retrieved from /home/airflow/.local/lib/python3.8/site-packages/airflow/example_dags/example_latest_only_with_trigger.py
[2023-11-13T18:40:47.117+0000] {logging_mixin.py:154} INFO - [2023-11-13T18:40:47.117+0000] {dag.py:2941} INFO - Sync 1 DAGs
[2023-11-13T18:40:47.128+0000] {logging_mixin.py:154} INFO - [2023-11-13T18:40:47.127+0000] {dag.py:3722} INFO - Setting next_dagrun for latest_only_with_trigger to 2023-11-13T14:40:47.127765+00:00, run_after=2023-11-13T18:40:47.127765+00:00
[2023-11-13T18:40:47.135+0000] {processor.py:179} INFO - Processing /home/airflow/.local/lib/python3.8/site-packages/airflow/example_dags/example_latest_only_with_trigger.py took 0.037 seconds
[2023-11-13T18:41:17.264+0000] {processor.py:157} INFO - Started process (PID=280) to work on /home/airflow/.local/lib/python3.8/site-packages/airflow/example_dags/example_latest_only_with_trigger.py
[2023-11-13T18:41:17.265+0000] {processor.py:829} INFO - Processing file /home/airflow/.local/lib/python3.8/site-packages/airflow/example_dags/example_latest_only_with_trigger.py for tasks to queue
[2023-11-13T18:41:17.266+0000] {logging_mixin.py:154} INFO - [2023-11-13T18:41:17.266+0000] {dagbag.py:536} INFO - Filling up the DagBag from /home/airflow/.local/lib/python3.8/site-packages/airflow/example_dags/example_latest_only_with_trigger.py
[2023-11-13T18:41:17.273+0000] {processor.py:839} INFO - DAG(s) dict_keys(['latest_only_with_trigger']) retrieved from /home/airflow/.local/lib/python3.8/site-packages/airflow/example_dags/example_latest_only_with_trigger.py
[2023-11-13T18:41:17.291+0000] {logging_mixin.py:154} INFO - [2023-11-13T18:41:17.291+0000] {dag.py:2941} INFO - Sync 1 DAGs
[2023-11-13T18:41:17.306+0000] {logging_mixin.py:154} INFO - [2023-11-13T18:41:17.306+0000] {dag.py:3722} INFO - Setting next_dagrun for latest_only_with_trigger to 2023-11-13T14:41:17.306474+00:00, run_after=2023-11-13T18:41:17.306474+00:00
[2023-11-13T18:41:17.317+0000] {processor.py:179} INFO - Processing /home/airflow/.local/lib/python3.8/site-packages/airflow/example_dags/example_latest_only_with_trigger.py took 0.056 seconds
[2023-11-13T18:41:48.213+0000] {processor.py:157} INFO - Started process (PID=333) to work on /home/airflow/.local/lib/python3.8/site-packages/airflow/example_dags/example_latest_only_with_trigger.py
[2023-11-13T18:41:48.214+0000] {processor.py:829} INFO - Processing file /home/airflow/.local/lib/python3.8/site-packages/airflow/example_dags/example_latest_only_with_trigger.py for tasks to queue
[2023-11-13T18:41:48.215+0000] {logging_mixin.py:154} INFO - [2023-11-13T18:41:48.215+0000] {dagbag.py:536} INFO - Filling up the DagBag from /home/airflow/.local/lib/python3.8/site-packages/airflow/example_dags/example_latest_only_with_trigger.py
[2023-11-13T18:41:48.219+0000] {processor.py:839} INFO - DAG(s) dict_keys(['latest_only_with_trigger']) retrieved from /home/airflow/.local/lib/python3.8/site-packages/airflow/example_dags/example_latest_only_with_trigger.py
[2023-11-13T18:41:48.232+0000] {logging_mixin.py:154} INFO - [2023-11-13T18:41:48.232+0000] {dag.py:2941} INFO - Sync 1 DAGs
[2023-11-13T18:41:48.243+0000] {logging_mixin.py:154} INFO - [2023-11-13T18:41:48.243+0000] {dag.py:3722} INFO - Setting next_dagrun for latest_only_with_trigger to 2023-11-13T14:41:48.243597+00:00, run_after=2023-11-13T18:41:48.243597+00:00
[2023-11-13T18:41:48.252+0000] {processor.py:179} INFO - Processing /home/airflow/.local/lib/python3.8/site-packages/airflow/example_dags/example_latest_only_with_trigger.py took 0.041 seconds
[2023-11-13T18:42:18.717+0000] {processor.py:157} INFO - Started process (PID=387) to work on /home/airflow/.local/lib/python3.8/site-packages/airflow/example_dags/example_latest_only_with_trigger.py
[2023-11-13T18:42:18.720+0000] {processor.py:829} INFO - Processing file /home/airflow/.local/lib/python3.8/site-packages/airflow/example_dags/example_latest_only_with_trigger.py for tasks to queue
[2023-11-13T18:42:18.723+0000] {logging_mixin.py:154} INFO - [2023-11-13T18:42:18.723+0000] {dagbag.py:536} INFO - Filling up the DagBag from /home/airflow/.local/lib/python3.8/site-packages/airflow/example_dags/example_latest_only_with_trigger.py
[2023-11-13T18:42:18.730+0000] {processor.py:839} INFO - DAG(s) dict_keys(['latest_only_with_trigger']) retrieved from /home/airflow/.local/lib/python3.8/site-packages/airflow/example_dags/example_latest_only_with_trigger.py
[2023-11-13T18:42:18.758+0000] {logging_mixin.py:154} INFO - [2023-11-13T18:42:18.758+0000] {dag.py:2941} INFO - Sync 1 DAGs
[2023-11-13T18:42:18.773+0000] {logging_mixin.py:154} INFO - [2023-11-13T18:42:18.773+0000] {dag.py:3722} INFO - Setting next_dagrun for latest_only_with_trigger to 2023-11-13T14:42:18.773054+00:00, run_after=2023-11-13T18:42:18.773054+00:00
[2023-11-13T18:42:18.785+0000] {processor.py:179} INFO - Processing /home/airflow/.local/lib/python3.8/site-packages/airflow/example_dags/example_latest_only_with_trigger.py took 0.073 seconds
[2023-11-13T18:42:48.961+0000] {processor.py:157} INFO - Started process (PID=441) to work on /home/airflow/.local/lib/python3.8/site-packages/airflow/example_dags/example_latest_only_with_trigger.py
[2023-11-13T18:42:48.962+0000] {processor.py:829} INFO - Processing file /home/airflow/.local/lib/python3.8/site-packages/airflow/example_dags/example_latest_only_with_trigger.py for tasks to queue
[2023-11-13T18:42:48.964+0000] {logging_mixin.py:154} INFO - [2023-11-13T18:42:48.964+0000] {dagbag.py:536} INFO - Filling up the DagBag from /home/airflow/.local/lib/python3.8/site-packages/airflow/example_dags/example_latest_only_with_trigger.py
[2023-11-13T18:42:48.969+0000] {processor.py:839} INFO - DAG(s) dict_keys(['latest_only_with_trigger']) retrieved from /home/airflow/.local/lib/python3.8/site-packages/airflow/example_dags/example_latest_only_with_trigger.py
[2023-11-13T18:42:48.983+0000] {logging_mixin.py:154} INFO - [2023-11-13T18:42:48.982+0000] {dag.py:2941} INFO - Sync 1 DAGs
[2023-11-13T18:42:48.995+0000] {logging_mixin.py:154} INFO - [2023-11-13T18:42:48.995+0000] {dag.py:3722} INFO - Setting next_dagrun for latest_only_with_trigger to 2023-11-13T14:42:48.995619+00:00, run_after=2023-11-13T18:42:48.995619+00:00
[2023-11-13T18:42:49.007+0000] {processor.py:179} INFO - Processing /home/airflow/.local/lib/python3.8/site-packages/airflow/example_dags/example_latest_only_with_trigger.py took 0.048 seconds
[2023-11-13T19:57:45.877+0000] {processor.py:157} INFO - Started process (PID=64) to work on /home/airflow/.local/lib/python3.8/site-packages/airflow/example_dags/example_latest_only_with_trigger.py
[2023-11-13T19:57:45.878+0000] {processor.py:829} INFO - Processing file /home/airflow/.local/lib/python3.8/site-packages/airflow/example_dags/example_latest_only_with_trigger.py for tasks to queue
[2023-11-13T19:57:45.880+0000] {logging_mixin.py:154} INFO - [2023-11-13T19:57:45.880+0000] {dagbag.py:536} INFO - Filling up the DagBag from /home/airflow/.local/lib/python3.8/site-packages/airflow/example_dags/example_latest_only_with_trigger.py
[2023-11-13T19:57:45.886+0000] {processor.py:839} INFO - DAG(s) dict_keys(['latest_only_with_trigger']) retrieved from /home/airflow/.local/lib/python3.8/site-packages/airflow/example_dags/example_latest_only_with_trigger.py
[2023-11-13T19:57:45.900+0000] {logging_mixin.py:154} INFO - [2023-11-13T19:57:45.900+0000] {dag.py:2941} INFO - Sync 1 DAGs
[2023-11-13T19:57:45.912+0000] {logging_mixin.py:154} INFO - [2023-11-13T19:57:45.912+0000] {dag.py:3722} INFO - Setting next_dagrun for latest_only_with_trigger to 2023-11-13T15:57:45.912397+00:00, run_after=2023-11-13T19:57:45.912397+00:00
[2023-11-13T19:57:45.922+0000] {processor.py:179} INFO - Processing /home/airflow/.local/lib/python3.8/site-packages/airflow/example_dags/example_latest_only_with_trigger.py took 0.048 seconds
[2023-11-13T19:58:16.198+0000] {processor.py:157} INFO - Started process (PID=118) to work on /home/airflow/.local/lib/python3.8/site-packages/airflow/example_dags/example_latest_only_with_trigger.py
[2023-11-13T19:58:16.199+0000] {processor.py:829} INFO - Processing file /home/airflow/.local/lib/python3.8/site-packages/airflow/example_dags/example_latest_only_with_trigger.py for tasks to queue
[2023-11-13T19:58:16.201+0000] {logging_mixin.py:154} INFO - [2023-11-13T19:58:16.200+0000] {dagbag.py:536} INFO - Filling up the DagBag from /home/airflow/.local/lib/python3.8/site-packages/airflow/example_dags/example_latest_only_with_trigger.py
[2023-11-13T19:58:16.205+0000] {processor.py:839} INFO - DAG(s) dict_keys(['latest_only_with_trigger']) retrieved from /home/airflow/.local/lib/python3.8/site-packages/airflow/example_dags/example_latest_only_with_trigger.py
[2023-11-13T19:58:16.218+0000] {logging_mixin.py:154} INFO - [2023-11-13T19:58:16.218+0000] {dag.py:2941} INFO - Sync 1 DAGs
[2023-11-13T19:58:16.230+0000] {logging_mixin.py:154} INFO - [2023-11-13T19:58:16.230+0000] {dag.py:3722} INFO - Setting next_dagrun for latest_only_with_trigger to 2023-11-13T15:58:16.230230+00:00, run_after=2023-11-13T19:58:16.230230+00:00
[2023-11-13T19:58:16.240+0000] {processor.py:179} INFO - Processing /home/airflow/.local/lib/python3.8/site-packages/airflow/example_dags/example_latest_only_with_trigger.py took 0.043 seconds
[2023-11-13T19:58:46.579+0000] {processor.py:157} INFO - Started process (PID=172) to work on /home/airflow/.local/lib/python3.8/site-packages/airflow/example_dags/example_latest_only_with_trigger.py
[2023-11-13T19:58:46.580+0000] {processor.py:829} INFO - Processing file /home/airflow/.local/lib/python3.8/site-packages/airflow/example_dags/example_latest_only_with_trigger.py for tasks to queue
[2023-11-13T19:58:46.582+0000] {logging_mixin.py:154} INFO - [2023-11-13T19:58:46.582+0000] {dagbag.py:536} INFO - Filling up the DagBag from /home/airflow/.local/lib/python3.8/site-packages/airflow/example_dags/example_latest_only_with_trigger.py
[2023-11-13T19:58:46.587+0000] {processor.py:839} INFO - DAG(s) dict_keys(['latest_only_with_trigger']) retrieved from /home/airflow/.local/lib/python3.8/site-packages/airflow/example_dags/example_latest_only_with_trigger.py
[2023-11-13T19:58:46.601+0000] {logging_mixin.py:154} INFO - [2023-11-13T19:58:46.601+0000] {dag.py:2941} INFO - Sync 1 DAGs
[2023-11-13T19:58:46.618+0000] {logging_mixin.py:154} INFO - [2023-11-13T19:58:46.617+0000] {dag.py:3722} INFO - Setting next_dagrun for latest_only_with_trigger to 2023-11-13T15:58:46.617533+00:00, run_after=2023-11-13T19:58:46.617533+00:00
[2023-11-13T19:58:46.634+0000] {processor.py:179} INFO - Processing /home/airflow/.local/lib/python3.8/site-packages/airflow/example_dags/example_latest_only_with_trigger.py took 0.058 seconds
[2023-11-13T19:59:16.770+0000] {processor.py:157} INFO - Started process (PID=226) to work on /home/airflow/.local/lib/python3.8/site-packages/airflow/example_dags/example_latest_only_with_trigger.py
[2023-11-13T19:59:16.771+0000] {processor.py:829} INFO - Processing file /home/airflow/.local/lib/python3.8/site-packages/airflow/example_dags/example_latest_only_with_trigger.py for tasks to queue
[2023-11-13T19:59:16.772+0000] {logging_mixin.py:154} INFO - [2023-11-13T19:59:16.772+0000] {dagbag.py:536} INFO - Filling up the DagBag from /home/airflow/.local/lib/python3.8/site-packages/airflow/example_dags/example_latest_only_with_trigger.py
[2023-11-13T19:59:16.776+0000] {processor.py:839} INFO - DAG(s) dict_keys(['latest_only_with_trigger']) retrieved from /home/airflow/.local/lib/python3.8/site-packages/airflow/example_dags/example_latest_only_with_trigger.py
[2023-11-13T19:59:16.788+0000] {logging_mixin.py:154} INFO - [2023-11-13T19:59:16.788+0000] {dag.py:2941} INFO - Sync 1 DAGs
[2023-11-13T19:59:16.801+0000] {logging_mixin.py:154} INFO - [2023-11-13T19:59:16.801+0000] {dag.py:3722} INFO - Setting next_dagrun for latest_only_with_trigger to 2023-11-13T15:59:16.800917+00:00, run_after=2023-11-13T19:59:16.800917+00:00
[2023-11-13T19:59:16.810+0000] {processor.py:179} INFO - Processing /home/airflow/.local/lib/python3.8/site-packages/airflow/example_dags/example_latest_only_with_trigger.py took 0.043 seconds
[2023-11-13T19:59:47.416+0000] {processor.py:157} INFO - Started process (PID=280) to work on /home/airflow/.local/lib/python3.8/site-packages/airflow/example_dags/example_latest_only_with_trigger.py
[2023-11-13T19:59:47.416+0000] {processor.py:829} INFO - Processing file /home/airflow/.local/lib/python3.8/site-packages/airflow/example_dags/example_latest_only_with_trigger.py for tasks to queue
[2023-11-13T19:59:47.417+0000] {logging_mixin.py:154} INFO - [2023-11-13T19:59:47.417+0000] {dagbag.py:536} INFO - Filling up the DagBag from /home/airflow/.local/lib/python3.8/site-packages/airflow/example_dags/example_latest_only_with_trigger.py
[2023-11-13T19:59:47.421+0000] {processor.py:839} INFO - DAG(s) dict_keys(['latest_only_with_trigger']) retrieved from /home/airflow/.local/lib/python3.8/site-packages/airflow/example_dags/example_latest_only_with_trigger.py
[2023-11-13T19:59:47.433+0000] {logging_mixin.py:154} INFO - [2023-11-13T19:59:47.433+0000] {dag.py:2941} INFO - Sync 1 DAGs
[2023-11-13T19:59:47.445+0000] {logging_mixin.py:154} INFO - [2023-11-13T19:59:47.444+0000] {dag.py:3722} INFO - Setting next_dagrun for latest_only_with_trigger to 2023-11-13T15:59:47.444860+00:00, run_after=2023-11-13T19:59:47.444860+00:00
[2023-11-13T19:59:47.453+0000] {processor.py:179} INFO - Processing /home/airflow/.local/lib/python3.8/site-packages/airflow/example_dags/example_latest_only_with_trigger.py took 0.039 seconds
[2023-11-13T20:00:18.150+0000] {processor.py:157} INFO - Started process (PID=333) to work on /home/airflow/.local/lib/python3.8/site-packages/airflow/example_dags/example_latest_only_with_trigger.py
[2023-11-13T20:00:18.150+0000] {processor.py:829} INFO - Processing file /home/airflow/.local/lib/python3.8/site-packages/airflow/example_dags/example_latest_only_with_trigger.py for tasks to queue
[2023-11-13T20:00:18.152+0000] {logging_mixin.py:154} INFO - [2023-11-13T20:00:18.152+0000] {dagbag.py:536} INFO - Filling up the DagBag from /home/airflow/.local/lib/python3.8/site-packages/airflow/example_dags/example_latest_only_with_trigger.py
[2023-11-13T20:00:18.156+0000] {processor.py:839} INFO - DAG(s) dict_keys(['latest_only_with_trigger']) retrieved from /home/airflow/.local/lib/python3.8/site-packages/airflow/example_dags/example_latest_only_with_trigger.py
[2023-11-13T20:00:18.168+0000] {logging_mixin.py:154} INFO - [2023-11-13T20:00:18.168+0000] {dag.py:2941} INFO - Sync 1 DAGs
[2023-11-13T20:00:18.181+0000] {logging_mixin.py:154} INFO - [2023-11-13T20:00:18.181+0000] {dag.py:3722} INFO - Setting next_dagrun for latest_only_with_trigger to 2023-11-13T16:00:18.181508+00:00, run_after=2023-11-13T20:00:18.181508+00:00
[2023-11-13T20:00:18.192+0000] {processor.py:179} INFO - Processing /home/airflow/.local/lib/python3.8/site-packages/airflow/example_dags/example_latest_only_with_trigger.py took 0.045 seconds
[2023-11-13T20:00:48.296+0000] {processor.py:157} INFO - Started process (PID=387) to work on /home/airflow/.local/lib/python3.8/site-packages/airflow/example_dags/example_latest_only_with_trigger.py
[2023-11-13T20:00:48.296+0000] {processor.py:829} INFO - Processing file /home/airflow/.local/lib/python3.8/site-packages/airflow/example_dags/example_latest_only_with_trigger.py for tasks to queue
[2023-11-13T20:00:48.298+0000] {logging_mixin.py:154} INFO - [2023-11-13T20:00:48.298+0000] {dagbag.py:536} INFO - Filling up the DagBag from /home/airflow/.local/lib/python3.8/site-packages/airflow/example_dags/example_latest_only_with_trigger.py
[2023-11-13T20:00:48.302+0000] {processor.py:839} INFO - DAG(s) dict_keys(['latest_only_with_trigger']) retrieved from /home/airflow/.local/lib/python3.8/site-packages/airflow/example_dags/example_latest_only_with_trigger.py
[2023-11-13T20:00:48.315+0000] {logging_mixin.py:154} INFO - [2023-11-13T20:00:48.315+0000] {dag.py:2941} INFO - Sync 1 DAGs
[2023-11-13T20:00:48.327+0000] {logging_mixin.py:154} INFO - [2023-11-13T20:00:48.327+0000] {dag.py:3722} INFO - Setting next_dagrun for latest_only_with_trigger to 2023-11-13T16:00:48.326956+00:00, run_after=2023-11-13T20:00:48.326956+00:00
[2023-11-13T20:00:48.339+0000] {processor.py:179} INFO - Processing /home/airflow/.local/lib/python3.8/site-packages/airflow/example_dags/example_latest_only_with_trigger.py took 0.045 seconds
[2023-11-13T20:01:19.037+0000] {processor.py:157} INFO - Started process (PID=441) to work on /home/airflow/.local/lib/python3.8/site-packages/airflow/example_dags/example_latest_only_with_trigger.py
[2023-11-13T20:01:19.038+0000] {processor.py:829} INFO - Processing file /home/airflow/.local/lib/python3.8/site-packages/airflow/example_dags/example_latest_only_with_trigger.py for tasks to queue
[2023-11-13T20:01:19.039+0000] {logging_mixin.py:154} INFO - [2023-11-13T20:01:19.039+0000] {dagbag.py:536} INFO - Filling up the DagBag from /home/airflow/.local/lib/python3.8/site-packages/airflow/example_dags/example_latest_only_with_trigger.py
[2023-11-13T20:01:19.043+0000] {processor.py:839} INFO - DAG(s) dict_keys(['latest_only_with_trigger']) retrieved from /home/airflow/.local/lib/python3.8/site-packages/airflow/example_dags/example_latest_only_with_trigger.py
[2023-11-13T20:01:19.065+0000] {logging_mixin.py:154} INFO - [2023-11-13T20:01:19.065+0000] {dag.py:2941} INFO - Sync 1 DAGs
[2023-11-13T20:01:19.077+0000] {logging_mixin.py:154} INFO - [2023-11-13T20:01:19.076+0000] {dag.py:3722} INFO - Setting next_dagrun for latest_only_with_trigger to 2023-11-13T16:01:19.076785+00:00, run_after=2023-11-13T20:01:19.076785+00:00
[2023-11-13T20:01:19.085+0000] {processor.py:179} INFO - Processing /home/airflow/.local/lib/python3.8/site-packages/airflow/example_dags/example_latest_only_with_trigger.py took 0.050 seconds
[2023-11-13T20:01:49.714+0000] {processor.py:157} INFO - Started process (PID=495) to work on /home/airflow/.local/lib/python3.8/site-packages/airflow/example_dags/example_latest_only_with_trigger.py
[2023-11-13T20:01:49.715+0000] {processor.py:829} INFO - Processing file /home/airflow/.local/lib/python3.8/site-packages/airflow/example_dags/example_latest_only_with_trigger.py for tasks to queue
[2023-11-13T20:01:49.716+0000] {logging_mixin.py:154} INFO - [2023-11-13T20:01:49.716+0000] {dagbag.py:536} INFO - Filling up the DagBag from /home/airflow/.local/lib/python3.8/site-packages/airflow/example_dags/example_latest_only_with_trigger.py
[2023-11-13T20:01:49.720+0000] {processor.py:839} INFO - DAG(s) dict_keys(['latest_only_with_trigger']) retrieved from /home/airflow/.local/lib/python3.8/site-packages/airflow/example_dags/example_latest_only_with_trigger.py
[2023-11-13T20:01:49.732+0000] {logging_mixin.py:154} INFO - [2023-11-13T20:01:49.732+0000] {dag.py:2941} INFO - Sync 1 DAGs
[2023-11-13T20:01:49.744+0000] {logging_mixin.py:154} INFO - [2023-11-13T20:01:49.744+0000] {dag.py:3722} INFO - Setting next_dagrun for latest_only_with_trigger to 2023-11-13T16:01:49.743902+00:00, run_after=2023-11-13T20:01:49.743902+00:00
[2023-11-13T20:01:49.752+0000] {processor.py:179} INFO - Processing /home/airflow/.local/lib/python3.8/site-packages/airflow/example_dags/example_latest_only_with_trigger.py took 0.040 seconds
[2023-11-13T20:02:20.521+0000] {processor.py:157} INFO - Started process (PID=549) to work on /home/airflow/.local/lib/python3.8/site-packages/airflow/example_dags/example_latest_only_with_trigger.py
[2023-11-13T20:02:20.522+0000] {processor.py:829} INFO - Processing file /home/airflow/.local/lib/python3.8/site-packages/airflow/example_dags/example_latest_only_with_trigger.py for tasks to queue
[2023-11-13T20:02:20.523+0000] {logging_mixin.py:154} INFO - [2023-11-13T20:02:20.523+0000] {dagbag.py:536} INFO - Filling up the DagBag from /home/airflow/.local/lib/python3.8/site-packages/airflow/example_dags/example_latest_only_with_trigger.py
[2023-11-13T20:02:20.527+0000] {processor.py:839} INFO - DAG(s) dict_keys(['latest_only_with_trigger']) retrieved from /home/airflow/.local/lib/python3.8/site-packages/airflow/example_dags/example_latest_only_with_trigger.py
[2023-11-13T20:02:20.539+0000] {logging_mixin.py:154} INFO - [2023-11-13T20:02:20.539+0000] {dag.py:2941} INFO - Sync 1 DAGs
[2023-11-13T20:02:20.550+0000] {logging_mixin.py:154} INFO - [2023-11-13T20:02:20.550+0000] {dag.py:3722} INFO - Setting next_dagrun for latest_only_with_trigger to 2023-11-13T16:02:20.550071+00:00, run_after=2023-11-13T20:02:20.550071+00:00
[2023-11-13T20:02:20.558+0000] {processor.py:179} INFO - Processing /home/airflow/.local/lib/python3.8/site-packages/airflow/example_dags/example_latest_only_with_trigger.py took 0.039 seconds
[2023-11-13T20:02:50.885+0000] {processor.py:157} INFO - Started process (PID=603) to work on /home/airflow/.local/lib/python3.8/site-packages/airflow/example_dags/example_latest_only_with_trigger.py
[2023-11-13T20:02:50.886+0000] {processor.py:829} INFO - Processing file /home/airflow/.local/lib/python3.8/site-packages/airflow/example_dags/example_latest_only_with_trigger.py for tasks to queue
[2023-11-13T20:02:50.888+0000] {logging_mixin.py:154} INFO - [2023-11-13T20:02:50.888+0000] {dagbag.py:536} INFO - Filling up the DagBag from /home/airflow/.local/lib/python3.8/site-packages/airflow/example_dags/example_latest_only_with_trigger.py
[2023-11-13T20:02:50.892+0000] {processor.py:839} INFO - DAG(s) dict_keys(['latest_only_with_trigger']) retrieved from /home/airflow/.local/lib/python3.8/site-packages/airflow/example_dags/example_latest_only_with_trigger.py
[2023-11-13T20:02:50.905+0000] {logging_mixin.py:154} INFO - [2023-11-13T20:02:50.905+0000] {dag.py:2941} INFO - Sync 1 DAGs
[2023-11-13T20:02:50.916+0000] {logging_mixin.py:154} INFO - [2023-11-13T20:02:50.916+0000] {dag.py:3722} INFO - Setting next_dagrun for latest_only_with_trigger to 2023-11-13T16:02:50.916687+00:00, run_after=2023-11-13T20:02:50.916687+00:00
[2023-11-13T20:02:50.932+0000] {processor.py:179} INFO - Processing /home/airflow/.local/lib/python3.8/site-packages/airflow/example_dags/example_latest_only_with_trigger.py took 0.049 seconds
[2023-11-13T20:03:21.039+0000] {processor.py:157} INFO - Started process (PID=657) to work on /home/airflow/.local/lib/python3.8/site-packages/airflow/example_dags/example_latest_only_with_trigger.py
[2023-11-13T20:03:21.040+0000] {processor.py:829} INFO - Processing file /home/airflow/.local/lib/python3.8/site-packages/airflow/example_dags/example_latest_only_with_trigger.py for tasks to queue
[2023-11-13T20:03:21.041+0000] {logging_mixin.py:154} INFO - [2023-11-13T20:03:21.041+0000] {dagbag.py:536} INFO - Filling up the DagBag from /home/airflow/.local/lib/python3.8/site-packages/airflow/example_dags/example_latest_only_with_trigger.py
[2023-11-13T20:03:21.045+0000] {processor.py:839} INFO - DAG(s) dict_keys(['latest_only_with_trigger']) retrieved from /home/airflow/.local/lib/python3.8/site-packages/airflow/example_dags/example_latest_only_with_trigger.py
[2023-11-13T20:03:21.058+0000] {logging_mixin.py:154} INFO - [2023-11-13T20:03:21.058+0000] {dag.py:2941} INFO - Sync 1 DAGs
[2023-11-13T20:03:21.070+0000] {logging_mixin.py:154} INFO - [2023-11-13T20:03:21.070+0000] {dag.py:3722} INFO - Setting next_dagrun for latest_only_with_trigger to 2023-11-13T16:03:21.070079+00:00, run_after=2023-11-13T20:03:21.070079+00:00
[2023-11-13T20:03:21.079+0000] {processor.py:179} INFO - Processing /home/airflow/.local/lib/python3.8/site-packages/airflow/example_dags/example_latest_only_with_trigger.py took 0.042 seconds
[2023-11-13T20:03:52.111+0000] {processor.py:157} INFO - Started process (PID=711) to work on /home/airflow/.local/lib/python3.8/site-packages/airflow/example_dags/example_latest_only_with_trigger.py
[2023-11-13T20:03:52.111+0000] {processor.py:829} INFO - Processing file /home/airflow/.local/lib/python3.8/site-packages/airflow/example_dags/example_latest_only_with_trigger.py for tasks to queue
[2023-11-13T20:03:52.113+0000] {logging_mixin.py:154} INFO - [2023-11-13T20:03:52.113+0000] {dagbag.py:536} INFO - Filling up the DagBag from /home/airflow/.local/lib/python3.8/site-packages/airflow/example_dags/example_latest_only_with_trigger.py
[2023-11-13T20:03:52.117+0000] {processor.py:839} INFO - DAG(s) dict_keys(['latest_only_with_trigger']) retrieved from /home/airflow/.local/lib/python3.8/site-packages/airflow/example_dags/example_latest_only_with_trigger.py
[2023-11-13T20:03:52.130+0000] {logging_mixin.py:154} INFO - [2023-11-13T20:03:52.130+0000] {dag.py:2941} INFO - Sync 1 DAGs
[2023-11-13T20:03:52.142+0000] {logging_mixin.py:154} INFO - [2023-11-13T20:03:52.142+0000] {dag.py:3722} INFO - Setting next_dagrun for latest_only_with_trigger to 2023-11-13T16:03:52.142467+00:00, run_after=2023-11-13T20:03:52.142467+00:00
[2023-11-13T20:03:52.154+0000] {processor.py:179} INFO - Processing /home/airflow/.local/lib/python3.8/site-packages/airflow/example_dags/example_latest_only_with_trigger.py took 0.046 seconds
[2023-11-13T20:04:22.260+0000] {processor.py:157} INFO - Started process (PID=765) to work on /home/airflow/.local/lib/python3.8/site-packages/airflow/example_dags/example_latest_only_with_trigger.py
[2023-11-13T20:04:22.260+0000] {processor.py:829} INFO - Processing file /home/airflow/.local/lib/python3.8/site-packages/airflow/example_dags/example_latest_only_with_trigger.py for tasks to queue
[2023-11-13T20:04:22.262+0000] {logging_mixin.py:154} INFO - [2023-11-13T20:04:22.262+0000] {dagbag.py:536} INFO - Filling up the DagBag from /home/airflow/.local/lib/python3.8/site-packages/airflow/example_dags/example_latest_only_with_trigger.py
[2023-11-13T20:04:22.266+0000] {processor.py:839} INFO - DAG(s) dict_keys(['latest_only_with_trigger']) retrieved from /home/airflow/.local/lib/python3.8/site-packages/airflow/example_dags/example_latest_only_with_trigger.py
[2023-11-13T20:04:22.277+0000] {logging_mixin.py:154} INFO - [2023-11-13T20:04:22.277+0000] {dag.py:2941} INFO - Sync 1 DAGs
[2023-11-13T20:04:22.289+0000] {logging_mixin.py:154} INFO - [2023-11-13T20:04:22.289+0000] {dag.py:3722} INFO - Setting next_dagrun for latest_only_with_trigger to 2023-11-13T16:04:22.289063+00:00, run_after=2023-11-13T20:04:22.289063+00:00
[2023-11-13T20:04:22.297+0000] {processor.py:179} INFO - Processing /home/airflow/.local/lib/python3.8/site-packages/airflow/example_dags/example_latest_only_with_trigger.py took 0.040 seconds
[2023-11-13T20:04:52.404+0000] {processor.py:157} INFO - Started process (PID=819) to work on /home/airflow/.local/lib/python3.8/site-packages/airflow/example_dags/example_latest_only_with_trigger.py
[2023-11-13T20:04:52.405+0000] {processor.py:829} INFO - Processing file /home/airflow/.local/lib/python3.8/site-packages/airflow/example_dags/example_latest_only_with_trigger.py for tasks to queue
[2023-11-13T20:04:52.406+0000] {logging_mixin.py:154} INFO - [2023-11-13T20:04:52.406+0000] {dagbag.py:536} INFO - Filling up the DagBag from /home/airflow/.local/lib/python3.8/site-packages/airflow/example_dags/example_latest_only_with_trigger.py
[2023-11-13T20:04:52.409+0000] {processor.py:839} INFO - DAG(s) dict_keys(['latest_only_with_trigger']) retrieved from /home/airflow/.local/lib/python3.8/site-packages/airflow/example_dags/example_latest_only_with_trigger.py
[2023-11-13T20:04:52.420+0000] {logging_mixin.py:154} INFO - [2023-11-13T20:04:52.420+0000] {dag.py:2941} INFO - Sync 1 DAGs
[2023-11-13T20:04:52.430+0000] {logging_mixin.py:154} INFO - [2023-11-13T20:04:52.430+0000] {dag.py:3722} INFO - Setting next_dagrun for latest_only_with_trigger to 2023-11-13T16:04:52.429939+00:00, run_after=2023-11-13T20:04:52.429939+00:00
[2023-11-13T20:04:52.437+0000] {processor.py:179} INFO - Processing /home/airflow/.local/lib/python3.8/site-packages/airflow/example_dags/example_latest_only_with_trigger.py took 0.035 seconds
