[2023-11-13T18:39:07.775+0000] {processor.py:157} INFO - Started process (PID=47) to work on /home/airflow/.local/lib/python3.8/site-packages/airflow/example_dags/example_short_circuit_decorator.py
[2023-11-13T18:39:07.776+0000] {processor.py:829} INFO - Processing file /home/airflow/.local/lib/python3.8/site-packages/airflow/example_dags/example_short_circuit_decorator.py for tasks to queue
[2023-11-13T18:39:07.788+0000] {logging_mixin.py:154} INFO - [2023-11-13T18:39:07.782+0000] {dagbag.py:536} INFO - Filling up the DagBag from /home/airflow/.local/lib/python3.8/site-packages/airflow/example_dags/example_short_circuit_decorator.py
[2023-11-13T18:39:07.850+0000] {processor.py:839} INFO - DAG(s) dict_keys(['example_short_circuit_decorator']) retrieved from /home/airflow/.local/lib/python3.8/site-packages/airflow/example_dags/example_short_circuit_decorator.py
[2023-11-13T18:39:09.025+0000] {logging_mixin.py:154} INFO - [2023-11-13T18:39:09.013+0000] {manager.py:499} INFO - Created Permission View: %s
[2023-11-13T18:39:09.058+0000] {logging_mixin.py:154} INFO - [2023-11-13T18:39:09.058+0000] {manager.py:499} INFO - Created Permission View: %s
[2023-11-13T18:39:09.076+0000] {logging_mixin.py:154} INFO - [2023-11-13T18:39:09.075+0000] {manager.py:499} INFO - Created Permission View: %s
[2023-11-13T18:39:09.079+0000] {logging_mixin.py:154} INFO - [2023-11-13T18:39:09.078+0000] {dag.py:2941} INFO - Sync 1 DAGs
[2023-11-13T18:39:09.111+0000] {logging_mixin.py:154} INFO - [2023-11-13T18:39:09.111+0000] {dag.py:2963} INFO - Creating ORM DAG for example_short_circuit_decorator
[2023-11-13T18:39:09.152+0000] {logging_mixin.py:154} INFO - [2023-11-13T18:39:09.148+0000] {dag.py:3722} INFO - Setting next_dagrun for example_short_circuit_decorator to 2023-11-12T18:39:09.145112+00:00, run_after=2023-11-13T18:39:09.145112+00:00
[2023-11-13T18:39:09.176+0000] {processor.py:179} INFO - Processing /home/airflow/.local/lib/python3.8/site-packages/airflow/example_dags/example_short_circuit_decorator.py took 1.409 seconds
[2023-11-13T18:39:41.719+0000] {processor.py:157} INFO - Started process (PID=101) to work on /home/airflow/.local/lib/python3.8/site-packages/airflow/example_dags/example_short_circuit_decorator.py
[2023-11-13T18:39:41.728+0000] {processor.py:829} INFO - Processing file /home/airflow/.local/lib/python3.8/site-packages/airflow/example_dags/example_short_circuit_decorator.py for tasks to queue
[2023-11-13T18:39:41.744+0000] {logging_mixin.py:154} INFO - [2023-11-13T18:39:41.744+0000] {dagbag.py:536} INFO - Filling up the DagBag from /home/airflow/.local/lib/python3.8/site-packages/airflow/example_dags/example_short_circuit_decorator.py
[2023-11-13T18:39:41.782+0000] {processor.py:839} INFO - DAG(s) dict_keys(['example_short_circuit_decorator']) retrieved from /home/airflow/.local/lib/python3.8/site-packages/airflow/example_dags/example_short_circuit_decorator.py
[2023-11-13T18:39:41.912+0000] {logging_mixin.py:154} INFO - [2023-11-13T18:39:41.912+0000] {dag.py:2941} INFO - Sync 1 DAGs
[2023-11-13T18:39:42.014+0000] {logging_mixin.py:154} INFO - [2023-11-13T18:39:42.014+0000] {dag.py:3722} INFO - Setting next_dagrun for example_short_circuit_decorator to 2023-11-12T18:39:42.008417+00:00, run_after=2023-11-13T18:39:42.008417+00:00
[2023-11-13T18:39:42.104+0000] {processor.py:179} INFO - Processing /home/airflow/.local/lib/python3.8/site-packages/airflow/example_dags/example_short_circuit_decorator.py took 0.416 seconds
[2023-11-13T18:40:12.544+0000] {processor.py:157} INFO - Started process (PID=154) to work on /home/airflow/.local/lib/python3.8/site-packages/airflow/example_dags/example_short_circuit_decorator.py
[2023-11-13T18:40:12.545+0000] {processor.py:829} INFO - Processing file /home/airflow/.local/lib/python3.8/site-packages/airflow/example_dags/example_short_circuit_decorator.py for tasks to queue
[2023-11-13T18:40:12.548+0000] {logging_mixin.py:154} INFO - [2023-11-13T18:40:12.547+0000] {dagbag.py:536} INFO - Filling up the DagBag from /home/airflow/.local/lib/python3.8/site-packages/airflow/example_dags/example_short_circuit_decorator.py
[2023-11-13T18:40:12.555+0000] {processor.py:839} INFO - DAG(s) dict_keys(['example_short_circuit_decorator']) retrieved from /home/airflow/.local/lib/python3.8/site-packages/airflow/example_dags/example_short_circuit_decorator.py
[2023-11-13T18:40:12.583+0000] {logging_mixin.py:154} INFO - [2023-11-13T18:40:12.582+0000] {dag.py:2941} INFO - Sync 1 DAGs
[2023-11-13T18:40:12.610+0000] {logging_mixin.py:154} INFO - [2023-11-13T18:40:12.610+0000] {dag.py:3722} INFO - Setting next_dagrun for example_short_circuit_decorator to 2023-11-12T18:40:12.610466+00:00, run_after=2023-11-13T18:40:12.610466+00:00
[2023-11-13T18:40:12.642+0000] {processor.py:179} INFO - Processing /home/airflow/.local/lib/python3.8/site-packages/airflow/example_dags/example_short_circuit_decorator.py took 0.112 seconds
[2023-11-13T18:40:43.478+0000] {processor.py:157} INFO - Started process (PID=208) to work on /home/airflow/.local/lib/python3.8/site-packages/airflow/example_dags/example_short_circuit_decorator.py
[2023-11-13T18:40:43.479+0000] {processor.py:829} INFO - Processing file /home/airflow/.local/lib/python3.8/site-packages/airflow/example_dags/example_short_circuit_decorator.py for tasks to queue
[2023-11-13T18:40:43.482+0000] {logging_mixin.py:154} INFO - [2023-11-13T18:40:43.482+0000] {dagbag.py:536} INFO - Filling up the DagBag from /home/airflow/.local/lib/python3.8/site-packages/airflow/example_dags/example_short_circuit_decorator.py
[2023-11-13T18:40:43.488+0000] {processor.py:839} INFO - DAG(s) dict_keys(['example_short_circuit_decorator']) retrieved from /home/airflow/.local/lib/python3.8/site-packages/airflow/example_dags/example_short_circuit_decorator.py
[2023-11-13T18:40:43.503+0000] {logging_mixin.py:154} INFO - [2023-11-13T18:40:43.503+0000] {dag.py:2941} INFO - Sync 1 DAGs
[2023-11-13T18:40:43.517+0000] {logging_mixin.py:154} INFO - [2023-11-13T18:40:43.517+0000] {dag.py:3722} INFO - Setting next_dagrun for example_short_circuit_decorator to 2023-11-12T18:40:43.516927+00:00, run_after=2023-11-13T18:40:43.516927+00:00
[2023-11-13T18:40:43.528+0000] {processor.py:179} INFO - Processing /home/airflow/.local/lib/python3.8/site-packages/airflow/example_dags/example_short_circuit_decorator.py took 0.053 seconds
[2023-11-13T18:41:14.383+0000] {processor.py:157} INFO - Started process (PID=262) to work on /home/airflow/.local/lib/python3.8/site-packages/airflow/example_dags/example_short_circuit_decorator.py
[2023-11-13T18:41:14.384+0000] {processor.py:829} INFO - Processing file /home/airflow/.local/lib/python3.8/site-packages/airflow/example_dags/example_short_circuit_decorator.py for tasks to queue
[2023-11-13T18:41:14.387+0000] {logging_mixin.py:154} INFO - [2023-11-13T18:41:14.387+0000] {dagbag.py:536} INFO - Filling up the DagBag from /home/airflow/.local/lib/python3.8/site-packages/airflow/example_dags/example_short_circuit_decorator.py
[2023-11-13T18:41:14.393+0000] {processor.py:839} INFO - DAG(s) dict_keys(['example_short_circuit_decorator']) retrieved from /home/airflow/.local/lib/python3.8/site-packages/airflow/example_dags/example_short_circuit_decorator.py
[2023-11-13T18:41:14.407+0000] {logging_mixin.py:154} INFO - [2023-11-13T18:41:14.407+0000] {dag.py:2941} INFO - Sync 1 DAGs
[2023-11-13T18:41:14.418+0000] {logging_mixin.py:154} INFO - [2023-11-13T18:41:14.418+0000] {dag.py:3722} INFO - Setting next_dagrun for example_short_circuit_decorator to 2023-11-12T18:41:14.418070+00:00, run_after=2023-11-13T18:41:14.418070+00:00
[2023-11-13T18:41:14.428+0000] {processor.py:179} INFO - Processing /home/airflow/.local/lib/python3.8/site-packages/airflow/example_dags/example_short_circuit_decorator.py took 0.047 seconds
[2023-11-13T18:41:44.506+0000] {processor.py:157} INFO - Started process (PID=315) to work on /home/airflow/.local/lib/python3.8/site-packages/airflow/example_dags/example_short_circuit_decorator.py
[2023-11-13T18:41:44.507+0000] {processor.py:829} INFO - Processing file /home/airflow/.local/lib/python3.8/site-packages/airflow/example_dags/example_short_circuit_decorator.py for tasks to queue
[2023-11-13T18:41:44.508+0000] {logging_mixin.py:154} INFO - [2023-11-13T18:41:44.508+0000] {dagbag.py:536} INFO - Filling up the DagBag from /home/airflow/.local/lib/python3.8/site-packages/airflow/example_dags/example_short_circuit_decorator.py
[2023-11-13T18:41:44.513+0000] {processor.py:839} INFO - DAG(s) dict_keys(['example_short_circuit_decorator']) retrieved from /home/airflow/.local/lib/python3.8/site-packages/airflow/example_dags/example_short_circuit_decorator.py
[2023-11-13T18:41:44.526+0000] {logging_mixin.py:154} INFO - [2023-11-13T18:41:44.526+0000] {dag.py:2941} INFO - Sync 1 DAGs
[2023-11-13T18:41:44.537+0000] {logging_mixin.py:154} INFO - [2023-11-13T18:41:44.537+0000] {dag.py:3722} INFO - Setting next_dagrun for example_short_circuit_decorator to 2023-11-12T18:41:44.537013+00:00, run_after=2023-11-13T18:41:44.537013+00:00
[2023-11-13T18:41:44.545+0000] {processor.py:179} INFO - Processing /home/airflow/.local/lib/python3.8/site-packages/airflow/example_dags/example_short_circuit_decorator.py took 0.041 seconds
[2023-11-13T18:42:14.880+0000] {processor.py:157} INFO - Started process (PID=369) to work on /home/airflow/.local/lib/python3.8/site-packages/airflow/example_dags/example_short_circuit_decorator.py
[2023-11-13T18:42:14.880+0000] {processor.py:829} INFO - Processing file /home/airflow/.local/lib/python3.8/site-packages/airflow/example_dags/example_short_circuit_decorator.py for tasks to queue
[2023-11-13T18:42:14.882+0000] {logging_mixin.py:154} INFO - [2023-11-13T18:42:14.882+0000] {dagbag.py:536} INFO - Filling up the DagBag from /home/airflow/.local/lib/python3.8/site-packages/airflow/example_dags/example_short_circuit_decorator.py
[2023-11-13T18:42:14.888+0000] {processor.py:839} INFO - DAG(s) dict_keys(['example_short_circuit_decorator']) retrieved from /home/airflow/.local/lib/python3.8/site-packages/airflow/example_dags/example_short_circuit_decorator.py
[2023-11-13T18:42:14.901+0000] {logging_mixin.py:154} INFO - [2023-11-13T18:42:14.901+0000] {dag.py:2941} INFO - Sync 1 DAGs
[2023-11-13T18:42:14.912+0000] {logging_mixin.py:154} INFO - [2023-11-13T18:42:14.912+0000] {dag.py:3722} INFO - Setting next_dagrun for example_short_circuit_decorator to 2023-11-12T18:42:14.912278+00:00, run_after=2023-11-13T18:42:14.912278+00:00
[2023-11-13T18:42:14.921+0000] {processor.py:179} INFO - Processing /home/airflow/.local/lib/python3.8/site-packages/airflow/example_dags/example_short_circuit_decorator.py took 0.043 seconds
[2023-11-13T18:42:45.064+0000] {processor.py:157} INFO - Started process (PID=423) to work on /home/airflow/.local/lib/python3.8/site-packages/airflow/example_dags/example_short_circuit_decorator.py
[2023-11-13T18:42:45.064+0000] {processor.py:829} INFO - Processing file /home/airflow/.local/lib/python3.8/site-packages/airflow/example_dags/example_short_circuit_decorator.py for tasks to queue
[2023-11-13T18:42:45.066+0000] {logging_mixin.py:154} INFO - [2023-11-13T18:42:45.066+0000] {dagbag.py:536} INFO - Filling up the DagBag from /home/airflow/.local/lib/python3.8/site-packages/airflow/example_dags/example_short_circuit_decorator.py
[2023-11-13T18:42:45.072+0000] {processor.py:839} INFO - DAG(s) dict_keys(['example_short_circuit_decorator']) retrieved from /home/airflow/.local/lib/python3.8/site-packages/airflow/example_dags/example_short_circuit_decorator.py
[2023-11-13T18:42:45.085+0000] {logging_mixin.py:154} INFO - [2023-11-13T18:42:45.085+0000] {dag.py:2941} INFO - Sync 1 DAGs
[2023-11-13T18:42:45.096+0000] {logging_mixin.py:154} INFO - [2023-11-13T18:42:45.096+0000] {dag.py:3722} INFO - Setting next_dagrun for example_short_circuit_decorator to 2023-11-12T18:42:45.096449+00:00, run_after=2023-11-13T18:42:45.096449+00:00
[2023-11-13T18:42:45.105+0000] {processor.py:179} INFO - Processing /home/airflow/.local/lib/python3.8/site-packages/airflow/example_dags/example_short_circuit_decorator.py took 0.043 seconds
[2023-11-13T19:57:45.143+0000] {processor.py:157} INFO - Started process (PID=47) to work on /home/airflow/.local/lib/python3.8/site-packages/airflow/example_dags/example_short_circuit_decorator.py
[2023-11-13T19:57:45.144+0000] {processor.py:829} INFO - Processing file /home/airflow/.local/lib/python3.8/site-packages/airflow/example_dags/example_short_circuit_decorator.py for tasks to queue
[2023-11-13T19:57:45.146+0000] {logging_mixin.py:154} INFO - [2023-11-13T19:57:45.146+0000] {dagbag.py:536} INFO - Filling up the DagBag from /home/airflow/.local/lib/python3.8/site-packages/airflow/example_dags/example_short_circuit_decorator.py
[2023-11-13T19:57:45.153+0000] {processor.py:839} INFO - DAG(s) dict_keys(['example_short_circuit_decorator']) retrieved from /home/airflow/.local/lib/python3.8/site-packages/airflow/example_dags/example_short_circuit_decorator.py
[2023-11-13T19:57:45.172+0000] {logging_mixin.py:154} INFO - [2023-11-13T19:57:45.171+0000] {dag.py:2941} INFO - Sync 1 DAGs
[2023-11-13T19:57:45.186+0000] {logging_mixin.py:154} INFO - [2023-11-13T19:57:45.186+0000] {dag.py:3722} INFO - Setting next_dagrun for example_short_circuit_decorator to 2023-11-12T19:57:45.186072+00:00, run_after=2023-11-13T19:57:45.186072+00:00
[2023-11-13T19:57:45.202+0000] {processor.py:179} INFO - Processing /home/airflow/.local/lib/python3.8/site-packages/airflow/example_dags/example_short_circuit_decorator.py took 0.061 seconds
[2023-11-13T19:58:15.614+0000] {processor.py:157} INFO - Started process (PID=101) to work on /home/airflow/.local/lib/python3.8/site-packages/airflow/example_dags/example_short_circuit_decorator.py
[2023-11-13T19:58:15.615+0000] {processor.py:829} INFO - Processing file /home/airflow/.local/lib/python3.8/site-packages/airflow/example_dags/example_short_circuit_decorator.py for tasks to queue
[2023-11-13T19:58:15.617+0000] {logging_mixin.py:154} INFO - [2023-11-13T19:58:15.617+0000] {dagbag.py:536} INFO - Filling up the DagBag from /home/airflow/.local/lib/python3.8/site-packages/airflow/example_dags/example_short_circuit_decorator.py
[2023-11-13T19:58:15.622+0000] {processor.py:839} INFO - DAG(s) dict_keys(['example_short_circuit_decorator']) retrieved from /home/airflow/.local/lib/python3.8/site-packages/airflow/example_dags/example_short_circuit_decorator.py
[2023-11-13T19:58:15.636+0000] {logging_mixin.py:154} INFO - [2023-11-13T19:58:15.636+0000] {dag.py:2941} INFO - Sync 1 DAGs
[2023-11-13T19:58:15.650+0000] {logging_mixin.py:154} INFO - [2023-11-13T19:58:15.650+0000] {dag.py:3722} INFO - Setting next_dagrun for example_short_circuit_decorator to 2023-11-12T19:58:15.650524+00:00, run_after=2023-11-13T19:58:15.650524+00:00
[2023-11-13T19:58:15.662+0000] {processor.py:179} INFO - Processing /home/airflow/.local/lib/python3.8/site-packages/airflow/example_dags/example_short_circuit_decorator.py took 0.050 seconds
[2023-11-13T19:58:46.001+0000] {processor.py:157} INFO - Started process (PID=155) to work on /home/airflow/.local/lib/python3.8/site-packages/airflow/example_dags/example_short_circuit_decorator.py
[2023-11-13T19:58:46.001+0000] {processor.py:829} INFO - Processing file /home/airflow/.local/lib/python3.8/site-packages/airflow/example_dags/example_short_circuit_decorator.py for tasks to queue
[2023-11-13T19:58:46.003+0000] {logging_mixin.py:154} INFO - [2023-11-13T19:58:46.003+0000] {dagbag.py:536} INFO - Filling up the DagBag from /home/airflow/.local/lib/python3.8/site-packages/airflow/example_dags/example_short_circuit_decorator.py
[2023-11-13T19:58:46.008+0000] {processor.py:839} INFO - DAG(s) dict_keys(['example_short_circuit_decorator']) retrieved from /home/airflow/.local/lib/python3.8/site-packages/airflow/example_dags/example_short_circuit_decorator.py
[2023-11-13T19:58:46.021+0000] {logging_mixin.py:154} INFO - [2023-11-13T19:58:46.021+0000] {dag.py:2941} INFO - Sync 1 DAGs
[2023-11-13T19:58:46.032+0000] {logging_mixin.py:154} INFO - [2023-11-13T19:58:46.032+0000] {dag.py:3722} INFO - Setting next_dagrun for example_short_circuit_decorator to 2023-11-12T19:58:46.032280+00:00, run_after=2023-11-13T19:58:46.032280+00:00
[2023-11-13T19:58:46.040+0000] {processor.py:179} INFO - Processing /home/airflow/.local/lib/python3.8/site-packages/airflow/example_dags/example_short_circuit_decorator.py took 0.042 seconds
[2023-11-13T19:59:16.292+0000] {processor.py:157} INFO - Started process (PID=209) to work on /home/airflow/.local/lib/python3.8/site-packages/airflow/example_dags/example_short_circuit_decorator.py
[2023-11-13T19:59:16.293+0000] {processor.py:829} INFO - Processing file /home/airflow/.local/lib/python3.8/site-packages/airflow/example_dags/example_short_circuit_decorator.py for tasks to queue
[2023-11-13T19:59:16.294+0000] {logging_mixin.py:154} INFO - [2023-11-13T19:59:16.294+0000] {dagbag.py:536} INFO - Filling up the DagBag from /home/airflow/.local/lib/python3.8/site-packages/airflow/example_dags/example_short_circuit_decorator.py
[2023-11-13T19:59:16.300+0000] {processor.py:839} INFO - DAG(s) dict_keys(['example_short_circuit_decorator']) retrieved from /home/airflow/.local/lib/python3.8/site-packages/airflow/example_dags/example_short_circuit_decorator.py
[2023-11-13T19:59:16.312+0000] {logging_mixin.py:154} INFO - [2023-11-13T19:59:16.312+0000] {dag.py:2941} INFO - Sync 1 DAGs
[2023-11-13T19:59:16.323+0000] {logging_mixin.py:154} INFO - [2023-11-13T19:59:16.323+0000] {dag.py:3722} INFO - Setting next_dagrun for example_short_circuit_decorator to 2023-11-12T19:59:16.323567+00:00, run_after=2023-11-13T19:59:16.323567+00:00
[2023-11-13T19:59:16.332+0000] {processor.py:179} INFO - Processing /home/airflow/.local/lib/python3.8/site-packages/airflow/example_dags/example_short_circuit_decorator.py took 0.042 seconds
[2023-11-13T19:59:46.901+0000] {processor.py:157} INFO - Started process (PID=263) to work on /home/airflow/.local/lib/python3.8/site-packages/airflow/example_dags/example_short_circuit_decorator.py
[2023-11-13T19:59:46.901+0000] {processor.py:829} INFO - Processing file /home/airflow/.local/lib/python3.8/site-packages/airflow/example_dags/example_short_circuit_decorator.py for tasks to queue
[2023-11-13T19:59:46.903+0000] {logging_mixin.py:154} INFO - [2023-11-13T19:59:46.903+0000] {dagbag.py:536} INFO - Filling up the DagBag from /home/airflow/.local/lib/python3.8/site-packages/airflow/example_dags/example_short_circuit_decorator.py
[2023-11-13T19:59:46.908+0000] {processor.py:839} INFO - DAG(s) dict_keys(['example_short_circuit_decorator']) retrieved from /home/airflow/.local/lib/python3.8/site-packages/airflow/example_dags/example_short_circuit_decorator.py
[2023-11-13T19:59:46.920+0000] {logging_mixin.py:154} INFO - [2023-11-13T19:59:46.920+0000] {dag.py:2941} INFO - Sync 1 DAGs
[2023-11-13T19:59:46.931+0000] {logging_mixin.py:154} INFO - [2023-11-13T19:59:46.931+0000] {dag.py:3722} INFO - Setting next_dagrun for example_short_circuit_decorator to 2023-11-12T19:59:46.931335+00:00, run_after=2023-11-13T19:59:46.931335+00:00
[2023-11-13T19:59:46.939+0000] {processor.py:179} INFO - Processing /home/airflow/.local/lib/python3.8/site-packages/airflow/example_dags/example_short_circuit_decorator.py took 0.040 seconds
[2023-11-13T20:00:17.577+0000] {processor.py:157} INFO - Started process (PID=316) to work on /home/airflow/.local/lib/python3.8/site-packages/airflow/example_dags/example_short_circuit_decorator.py
[2023-11-13T20:00:17.578+0000] {processor.py:829} INFO - Processing file /home/airflow/.local/lib/python3.8/site-packages/airflow/example_dags/example_short_circuit_decorator.py for tasks to queue
[2023-11-13T20:00:17.580+0000] {logging_mixin.py:154} INFO - [2023-11-13T20:00:17.580+0000] {dagbag.py:536} INFO - Filling up the DagBag from /home/airflow/.local/lib/python3.8/site-packages/airflow/example_dags/example_short_circuit_decorator.py
[2023-11-13T20:00:17.585+0000] {processor.py:839} INFO - DAG(s) dict_keys(['example_short_circuit_decorator']) retrieved from /home/airflow/.local/lib/python3.8/site-packages/airflow/example_dags/example_short_circuit_decorator.py
[2023-11-13T20:00:17.598+0000] {logging_mixin.py:154} INFO - [2023-11-13T20:00:17.598+0000] {dag.py:2941} INFO - Sync 1 DAGs
[2023-11-13T20:00:17.610+0000] {logging_mixin.py:154} INFO - [2023-11-13T20:00:17.610+0000] {dag.py:3722} INFO - Setting next_dagrun for example_short_circuit_decorator to 2023-11-12T20:00:17.610580+00:00, run_after=2023-11-13T20:00:17.610580+00:00
[2023-11-13T20:00:17.620+0000] {processor.py:179} INFO - Processing /home/airflow/.local/lib/python3.8/site-packages/airflow/example_dags/example_short_circuit_decorator.py took 0.044 seconds
[2023-11-13T20:00:47.727+0000] {processor.py:157} INFO - Started process (PID=369) to work on /home/airflow/.local/lib/python3.8/site-packages/airflow/example_dags/example_short_circuit_decorator.py
[2023-11-13T20:00:47.728+0000] {processor.py:829} INFO - Processing file /home/airflow/.local/lib/python3.8/site-packages/airflow/example_dags/example_short_circuit_decorator.py for tasks to queue
[2023-11-13T20:00:47.730+0000] {logging_mixin.py:154} INFO - [2023-11-13T20:00:47.729+0000] {dagbag.py:536} INFO - Filling up the DagBag from /home/airflow/.local/lib/python3.8/site-packages/airflow/example_dags/example_short_circuit_decorator.py
[2023-11-13T20:00:47.736+0000] {processor.py:839} INFO - DAG(s) dict_keys(['example_short_circuit_decorator']) retrieved from /home/airflow/.local/lib/python3.8/site-packages/airflow/example_dags/example_short_circuit_decorator.py
[2023-11-13T20:00:47.748+0000] {logging_mixin.py:154} INFO - [2023-11-13T20:00:47.748+0000] {dag.py:2941} INFO - Sync 1 DAGs
[2023-11-13T20:00:47.760+0000] {logging_mixin.py:154} INFO - [2023-11-13T20:00:47.760+0000] {dag.py:3722} INFO - Setting next_dagrun for example_short_circuit_decorator to 2023-11-12T20:00:47.760343+00:00, run_after=2023-11-13T20:00:47.760343+00:00
[2023-11-13T20:00:47.768+0000] {processor.py:179} INFO - Processing /home/airflow/.local/lib/python3.8/site-packages/airflow/example_dags/example_short_circuit_decorator.py took 0.043 seconds
[2023-11-13T20:01:18.535+0000] {processor.py:157} INFO - Started process (PID=424) to work on /home/airflow/.local/lib/python3.8/site-packages/airflow/example_dags/example_short_circuit_decorator.py
[2023-11-13T20:01:18.536+0000] {processor.py:829} INFO - Processing file /home/airflow/.local/lib/python3.8/site-packages/airflow/example_dags/example_short_circuit_decorator.py for tasks to queue
[2023-11-13T20:01:18.538+0000] {logging_mixin.py:154} INFO - [2023-11-13T20:01:18.538+0000] {dagbag.py:536} INFO - Filling up the DagBag from /home/airflow/.local/lib/python3.8/site-packages/airflow/example_dags/example_short_circuit_decorator.py
[2023-11-13T20:01:18.543+0000] {processor.py:839} INFO - DAG(s) dict_keys(['example_short_circuit_decorator']) retrieved from /home/airflow/.local/lib/python3.8/site-packages/airflow/example_dags/example_short_circuit_decorator.py
[2023-11-13T20:01:18.555+0000] {logging_mixin.py:154} INFO - [2023-11-13T20:01:18.555+0000] {dag.py:2941} INFO - Sync 1 DAGs
[2023-11-13T20:01:18.566+0000] {logging_mixin.py:154} INFO - [2023-11-13T20:01:18.565+0000] {dag.py:3722} INFO - Setting next_dagrun for example_short_circuit_decorator to 2023-11-12T20:01:18.565827+00:00, run_after=2023-11-13T20:01:18.565827+00:00
[2023-11-13T20:01:18.573+0000] {processor.py:179} INFO - Processing /home/airflow/.local/lib/python3.8/site-packages/airflow/example_dags/example_short_circuit_decorator.py took 0.040 seconds
[2023-11-13T20:01:49.244+0000] {processor.py:157} INFO - Started process (PID=478) to work on /home/airflow/.local/lib/python3.8/site-packages/airflow/example_dags/example_short_circuit_decorator.py
[2023-11-13T20:01:49.245+0000] {processor.py:829} INFO - Processing file /home/airflow/.local/lib/python3.8/site-packages/airflow/example_dags/example_short_circuit_decorator.py for tasks to queue
[2023-11-13T20:01:49.246+0000] {logging_mixin.py:154} INFO - [2023-11-13T20:01:49.246+0000] {dagbag.py:536} INFO - Filling up the DagBag from /home/airflow/.local/lib/python3.8/site-packages/airflow/example_dags/example_short_circuit_decorator.py
[2023-11-13T20:01:49.251+0000] {processor.py:839} INFO - DAG(s) dict_keys(['example_short_circuit_decorator']) retrieved from /home/airflow/.local/lib/python3.8/site-packages/airflow/example_dags/example_short_circuit_decorator.py
[2023-11-13T20:01:49.264+0000] {logging_mixin.py:154} INFO - [2023-11-13T20:01:49.264+0000] {dag.py:2941} INFO - Sync 1 DAGs
[2023-11-13T20:01:49.275+0000] {logging_mixin.py:154} INFO - [2023-11-13T20:01:49.274+0000] {dag.py:3722} INFO - Setting next_dagrun for example_short_circuit_decorator to 2023-11-12T20:01:49.274764+00:00, run_after=2023-11-13T20:01:49.274764+00:00
[2023-11-13T20:01:49.283+0000] {processor.py:179} INFO - Processing /home/airflow/.local/lib/python3.8/site-packages/airflow/example_dags/example_short_circuit_decorator.py took 0.041 seconds
[2023-11-13T20:02:19.934+0000] {processor.py:157} INFO - Started process (PID=532) to work on /home/airflow/.local/lib/python3.8/site-packages/airflow/example_dags/example_short_circuit_decorator.py
[2023-11-13T20:02:19.935+0000] {processor.py:829} INFO - Processing file /home/airflow/.local/lib/python3.8/site-packages/airflow/example_dags/example_short_circuit_decorator.py for tasks to queue
[2023-11-13T20:02:19.936+0000] {logging_mixin.py:154} INFO - [2023-11-13T20:02:19.936+0000] {dagbag.py:536} INFO - Filling up the DagBag from /home/airflow/.local/lib/python3.8/site-packages/airflow/example_dags/example_short_circuit_decorator.py
[2023-11-13T20:02:19.943+0000] {processor.py:839} INFO - DAG(s) dict_keys(['example_short_circuit_decorator']) retrieved from /home/airflow/.local/lib/python3.8/site-packages/airflow/example_dags/example_short_circuit_decorator.py
[2023-11-13T20:02:19.956+0000] {logging_mixin.py:154} INFO - [2023-11-13T20:02:19.956+0000] {dag.py:2941} INFO - Sync 1 DAGs
[2023-11-13T20:02:19.966+0000] {logging_mixin.py:154} INFO - [2023-11-13T20:02:19.966+0000] {dag.py:3722} INFO - Setting next_dagrun for example_short_circuit_decorator to 2023-11-12T20:02:19.966757+00:00, run_after=2023-11-13T20:02:19.966757+00:00
[2023-11-13T20:02:19.975+0000] {processor.py:179} INFO - Processing /home/airflow/.local/lib/python3.8/site-packages/airflow/example_dags/example_short_circuit_decorator.py took 0.043 seconds
[2023-11-13T20:02:50.306+0000] {processor.py:157} INFO - Started process (PID=586) to work on /home/airflow/.local/lib/python3.8/site-packages/airflow/example_dags/example_short_circuit_decorator.py
[2023-11-13T20:02:50.307+0000] {processor.py:829} INFO - Processing file /home/airflow/.local/lib/python3.8/site-packages/airflow/example_dags/example_short_circuit_decorator.py for tasks to queue
[2023-11-13T20:02:50.308+0000] {logging_mixin.py:154} INFO - [2023-11-13T20:02:50.308+0000] {dagbag.py:536} INFO - Filling up the DagBag from /home/airflow/.local/lib/python3.8/site-packages/airflow/example_dags/example_short_circuit_decorator.py
[2023-11-13T20:02:50.314+0000] {processor.py:839} INFO - DAG(s) dict_keys(['example_short_circuit_decorator']) retrieved from /home/airflow/.local/lib/python3.8/site-packages/airflow/example_dags/example_short_circuit_decorator.py
[2023-11-13T20:02:50.327+0000] {logging_mixin.py:154} INFO - [2023-11-13T20:02:50.327+0000] {dag.py:2941} INFO - Sync 1 DAGs
[2023-11-13T20:02:50.339+0000] {logging_mixin.py:154} INFO - [2023-11-13T20:02:50.339+0000] {dag.py:3722} INFO - Setting next_dagrun for example_short_circuit_decorator to 2023-11-12T20:02:50.339046+00:00, run_after=2023-11-13T20:02:50.339046+00:00
[2023-11-13T20:02:50.348+0000] {processor.py:179} INFO - Processing /home/airflow/.local/lib/python3.8/site-packages/airflow/example_dags/example_short_circuit_decorator.py took 0.044 seconds
[2023-11-13T20:03:20.545+0000] {processor.py:157} INFO - Started process (PID=640) to work on /home/airflow/.local/lib/python3.8/site-packages/airflow/example_dags/example_short_circuit_decorator.py
[2023-11-13T20:03:20.546+0000] {processor.py:829} INFO - Processing file /home/airflow/.local/lib/python3.8/site-packages/airflow/example_dags/example_short_circuit_decorator.py for tasks to queue
[2023-11-13T20:03:20.547+0000] {logging_mixin.py:154} INFO - [2023-11-13T20:03:20.547+0000] {dagbag.py:536} INFO - Filling up the DagBag from /home/airflow/.local/lib/python3.8/site-packages/airflow/example_dags/example_short_circuit_decorator.py
[2023-11-13T20:03:20.553+0000] {processor.py:839} INFO - DAG(s) dict_keys(['example_short_circuit_decorator']) retrieved from /home/airflow/.local/lib/python3.8/site-packages/airflow/example_dags/example_short_circuit_decorator.py
[2023-11-13T20:03:20.566+0000] {logging_mixin.py:154} INFO - [2023-11-13T20:03:20.566+0000] {dag.py:2941} INFO - Sync 1 DAGs
[2023-11-13T20:03:20.577+0000] {logging_mixin.py:154} INFO - [2023-11-13T20:03:20.577+0000] {dag.py:3722} INFO - Setting next_dagrun for example_short_circuit_decorator to 2023-11-12T20:03:20.577143+00:00, run_after=2023-11-13T20:03:20.577143+00:00
[2023-11-13T20:03:20.586+0000] {processor.py:179} INFO - Processing /home/airflow/.local/lib/python3.8/site-packages/airflow/example_dags/example_short_circuit_decorator.py took 0.042 seconds
[2023-11-13T20:03:51.437+0000] {processor.py:157} INFO - Started process (PID=694) to work on /home/airflow/.local/lib/python3.8/site-packages/airflow/example_dags/example_short_circuit_decorator.py
[2023-11-13T20:03:51.438+0000] {processor.py:829} INFO - Processing file /home/airflow/.local/lib/python3.8/site-packages/airflow/example_dags/example_short_circuit_decorator.py for tasks to queue
[2023-11-13T20:03:51.440+0000] {logging_mixin.py:154} INFO - [2023-11-13T20:03:51.440+0000] {dagbag.py:536} INFO - Filling up the DagBag from /home/airflow/.local/lib/python3.8/site-packages/airflow/example_dags/example_short_circuit_decorator.py
[2023-11-13T20:03:51.449+0000] {processor.py:839} INFO - DAG(s) dict_keys(['example_short_circuit_decorator']) retrieved from /home/airflow/.local/lib/python3.8/site-packages/airflow/example_dags/example_short_circuit_decorator.py
[2023-11-13T20:03:51.469+0000] {logging_mixin.py:154} INFO - [2023-11-13T20:03:51.469+0000] {dag.py:2941} INFO - Sync 1 DAGs
[2023-11-13T20:03:51.485+0000] {logging_mixin.py:154} INFO - [2023-11-13T20:03:51.484+0000] {dag.py:3722} INFO - Setting next_dagrun for example_short_circuit_decorator to 2023-11-12T20:03:51.484779+00:00, run_after=2023-11-13T20:03:51.484779+00:00
[2023-11-13T20:03:51.494+0000] {processor.py:179} INFO - Processing /home/airflow/.local/lib/python3.8/site-packages/airflow/example_dags/example_short_circuit_decorator.py took 0.060 seconds
[2023-11-13T20:04:21.587+0000] {processor.py:157} INFO - Started process (PID=747) to work on /home/airflow/.local/lib/python3.8/site-packages/airflow/example_dags/example_short_circuit_decorator.py
[2023-11-13T20:04:21.590+0000] {processor.py:829} INFO - Processing file /home/airflow/.local/lib/python3.8/site-packages/airflow/example_dags/example_short_circuit_decorator.py for tasks to queue
[2023-11-13T20:04:21.593+0000] {logging_mixin.py:154} INFO - [2023-11-13T20:04:21.593+0000] {dagbag.py:536} INFO - Filling up the DagBag from /home/airflow/.local/lib/python3.8/site-packages/airflow/example_dags/example_short_circuit_decorator.py
[2023-11-13T20:04:21.603+0000] {processor.py:839} INFO - DAG(s) dict_keys(['example_short_circuit_decorator']) retrieved from /home/airflow/.local/lib/python3.8/site-packages/airflow/example_dags/example_short_circuit_decorator.py
[2023-11-13T20:04:21.622+0000] {logging_mixin.py:154} INFO - [2023-11-13T20:04:21.621+0000] {dag.py:2941} INFO - Sync 1 DAGs
[2023-11-13T20:04:21.635+0000] {logging_mixin.py:154} INFO - [2023-11-13T20:04:21.634+0000] {dag.py:3722} INFO - Setting next_dagrun for example_short_circuit_decorator to 2023-11-12T20:04:21.634840+00:00, run_after=2023-11-13T20:04:21.634840+00:00
[2023-11-13T20:04:21.643+0000] {processor.py:179} INFO - Processing /home/airflow/.local/lib/python3.8/site-packages/airflow/example_dags/example_short_circuit_decorator.py took 0.062 seconds
[2023-11-13T20:04:51.754+0000] {processor.py:157} INFO - Started process (PID=801) to work on /home/airflow/.local/lib/python3.8/site-packages/airflow/example_dags/example_short_circuit_decorator.py
[2023-11-13T20:04:51.756+0000] {processor.py:829} INFO - Processing file /home/airflow/.local/lib/python3.8/site-packages/airflow/example_dags/example_short_circuit_decorator.py for tasks to queue
[2023-11-13T20:04:51.760+0000] {logging_mixin.py:154} INFO - [2023-11-13T20:04:51.760+0000] {dagbag.py:536} INFO - Filling up the DagBag from /home/airflow/.local/lib/python3.8/site-packages/airflow/example_dags/example_short_circuit_decorator.py
[2023-11-13T20:04:51.773+0000] {processor.py:839} INFO - DAG(s) dict_keys(['example_short_circuit_decorator']) retrieved from /home/airflow/.local/lib/python3.8/site-packages/airflow/example_dags/example_short_circuit_decorator.py
[2023-11-13T20:04:51.798+0000] {logging_mixin.py:154} INFO - [2023-11-13T20:04:51.798+0000] {dag.py:2941} INFO - Sync 1 DAGs
[2023-11-13T20:04:51.813+0000] {logging_mixin.py:154} INFO - [2023-11-13T20:04:51.813+0000] {dag.py:3722} INFO - Setting next_dagrun for example_short_circuit_decorator to 2023-11-12T20:04:51.812934+00:00, run_after=2023-11-13T20:04:51.812934+00:00
[2023-11-13T20:04:51.824+0000] {processor.py:179} INFO - Processing /home/airflow/.local/lib/python3.8/site-packages/airflow/example_dags/example_short_circuit_decorator.py took 0.076 seconds
