[2023-11-13T18:39:04.870+0000] {processor.py:157} INFO - Started process (PID=35) to work on /home/airflow/.local/lib/python3.8/site-packages/airflow/example_dags/example_sensor_decorator.py
[2023-11-13T18:39:04.871+0000] {processor.py:829} INFO - Processing file /home/airflow/.local/lib/python3.8/site-packages/airflow/example_dags/example_sensor_decorator.py for tasks to queue
[2023-11-13T18:39:04.875+0000] {logging_mixin.py:154} INFO - [2023-11-13T18:39:04.875+0000] {dagbag.py:536} INFO - Filling up the DagBag from /home/airflow/.local/lib/python3.8/site-packages/airflow/example_dags/example_sensor_decorator.py
[2023-11-13T18:39:04.892+0000] {processor.py:839} INFO - DAG(s) dict_keys(['example_sensor_decorator']) retrieved from /home/airflow/.local/lib/python3.8/site-packages/airflow/example_dags/example_sensor_decorator.py
[2023-11-13T18:39:05.113+0000] {logging_mixin.py:154} INFO - [2023-11-13T18:39:05.113+0000] {manager.py:499} INFO - Created Permission View: %s
[2023-11-13T18:39:05.121+0000] {logging_mixin.py:154} INFO - [2023-11-13T18:39:05.121+0000] {manager.py:499} INFO - Created Permission View: %s
[2023-11-13T18:39:05.128+0000] {logging_mixin.py:154} INFO - [2023-11-13T18:39:05.128+0000] {manager.py:499} INFO - Created Permission View: %s
[2023-11-13T18:39:05.128+0000] {logging_mixin.py:154} INFO - [2023-11-13T18:39:05.128+0000] {dag.py:2941} INFO - Sync 1 DAGs
[2023-11-13T18:39:05.137+0000] {logging_mixin.py:154} INFO - [2023-11-13T18:39:05.137+0000] {dag.py:2963} INFO - Creating ORM DAG for example_sensor_decorator
[2023-11-13T18:39:05.137+0000] {logging_mixin.py:154} INFO - [2023-11-13T18:39:05.137+0000] {dag.py:3722} INFO - Setting next_dagrun for example_sensor_decorator to None, run_after=None
[2023-11-13T18:39:05.150+0000] {processor.py:179} INFO - Processing /home/airflow/.local/lib/python3.8/site-packages/airflow/example_dags/example_sensor_decorator.py took 0.285 seconds
[2023-11-13T18:39:35.792+0000] {processor.py:157} INFO - Started process (PID=89) to work on /home/airflow/.local/lib/python3.8/site-packages/airflow/example_dags/example_sensor_decorator.py
[2023-11-13T18:39:35.820+0000] {processor.py:829} INFO - Processing file /home/airflow/.local/lib/python3.8/site-packages/airflow/example_dags/example_sensor_decorator.py for tasks to queue
[2023-11-13T18:39:36.038+0000] {logging_mixin.py:154} INFO - [2023-11-13T18:39:36.034+0000] {dagbag.py:536} INFO - Filling up the DagBag from /home/airflow/.local/lib/python3.8/site-packages/airflow/example_dags/example_sensor_decorator.py
[2023-11-13T18:39:36.191+0000] {processor.py:839} INFO - DAG(s) dict_keys(['example_sensor_decorator']) retrieved from /home/airflow/.local/lib/python3.8/site-packages/airflow/example_dags/example_sensor_decorator.py
[2023-11-13T18:39:36.500+0000] {logging_mixin.py:154} INFO - [2023-11-13T18:39:36.500+0000] {dag.py:2941} INFO - Sync 1 DAGs
[2023-11-13T18:39:36.660+0000] {logging_mixin.py:154} INFO - [2023-11-13T18:39:36.660+0000] {dag.py:3722} INFO - Setting next_dagrun for example_sensor_decorator to None, run_after=None
[2023-11-13T18:39:36.836+0000] {processor.py:179} INFO - Processing /home/airflow/.local/lib/python3.8/site-packages/airflow/example_dags/example_sensor_decorator.py took 1.140 seconds
[2023-11-13T18:40:07.293+0000] {processor.py:157} INFO - Started process (PID=143) to work on /home/airflow/.local/lib/python3.8/site-packages/airflow/example_dags/example_sensor_decorator.py
[2023-11-13T18:40:07.294+0000] {processor.py:829} INFO - Processing file /home/airflow/.local/lib/python3.8/site-packages/airflow/example_dags/example_sensor_decorator.py for tasks to queue
[2023-11-13T18:40:07.307+0000] {logging_mixin.py:154} INFO - [2023-11-13T18:40:07.304+0000] {dagbag.py:536} INFO - Filling up the DagBag from /home/airflow/.local/lib/python3.8/site-packages/airflow/example_dags/example_sensor_decorator.py
[2023-11-13T18:40:07.330+0000] {processor.py:839} INFO - DAG(s) dict_keys(['example_sensor_decorator']) retrieved from /home/airflow/.local/lib/python3.8/site-packages/airflow/example_dags/example_sensor_decorator.py
[2023-11-13T18:40:07.397+0000] {logging_mixin.py:154} INFO - [2023-11-13T18:40:07.396+0000] {dag.py:2941} INFO - Sync 1 DAGs
[2023-11-13T18:40:07.425+0000] {logging_mixin.py:154} INFO - [2023-11-13T18:40:07.424+0000] {dag.py:3722} INFO - Setting next_dagrun for example_sensor_decorator to None, run_after=None
[2023-11-13T18:40:07.459+0000] {processor.py:179} INFO - Processing /home/airflow/.local/lib/python3.8/site-packages/airflow/example_dags/example_sensor_decorator.py took 0.170 seconds
[2023-11-13T18:40:38.080+0000] {processor.py:157} INFO - Started process (PID=197) to work on /home/airflow/.local/lib/python3.8/site-packages/airflow/example_dags/example_sensor_decorator.py
[2023-11-13T18:40:38.081+0000] {processor.py:829} INFO - Processing file /home/airflow/.local/lib/python3.8/site-packages/airflow/example_dags/example_sensor_decorator.py for tasks to queue
[2023-11-13T18:40:38.083+0000] {logging_mixin.py:154} INFO - [2023-11-13T18:40:38.082+0000] {dagbag.py:536} INFO - Filling up the DagBag from /home/airflow/.local/lib/python3.8/site-packages/airflow/example_dags/example_sensor_decorator.py
[2023-11-13T18:40:38.089+0000] {processor.py:839} INFO - DAG(s) dict_keys(['example_sensor_decorator']) retrieved from /home/airflow/.local/lib/python3.8/site-packages/airflow/example_dags/example_sensor_decorator.py
[2023-11-13T18:40:38.106+0000] {logging_mixin.py:154} INFO - [2023-11-13T18:40:38.106+0000] {dag.py:2941} INFO - Sync 1 DAGs
[2023-11-13T18:40:38.114+0000] {logging_mixin.py:154} INFO - [2023-11-13T18:40:38.114+0000] {dag.py:3722} INFO - Setting next_dagrun for example_sensor_decorator to None, run_after=None
[2023-11-13T18:40:38.124+0000] {processor.py:179} INFO - Processing /home/airflow/.local/lib/python3.8/site-packages/airflow/example_dags/example_sensor_decorator.py took 0.046 seconds
[2023-11-13T18:41:08.679+0000] {processor.py:157} INFO - Started process (PID=251) to work on /home/airflow/.local/lib/python3.8/site-packages/airflow/example_dags/example_sensor_decorator.py
[2023-11-13T18:41:08.679+0000] {processor.py:829} INFO - Processing file /home/airflow/.local/lib/python3.8/site-packages/airflow/example_dags/example_sensor_decorator.py for tasks to queue
[2023-11-13T18:41:08.681+0000] {logging_mixin.py:154} INFO - [2023-11-13T18:41:08.681+0000] {dagbag.py:536} INFO - Filling up the DagBag from /home/airflow/.local/lib/python3.8/site-packages/airflow/example_dags/example_sensor_decorator.py
[2023-11-13T18:41:08.685+0000] {processor.py:839} INFO - DAG(s) dict_keys(['example_sensor_decorator']) retrieved from /home/airflow/.local/lib/python3.8/site-packages/airflow/example_dags/example_sensor_decorator.py
[2023-11-13T18:41:08.705+0000] {logging_mixin.py:154} INFO - [2023-11-13T18:41:08.704+0000] {dag.py:2941} INFO - Sync 1 DAGs
[2023-11-13T18:41:08.714+0000] {logging_mixin.py:154} INFO - [2023-11-13T18:41:08.714+0000] {dag.py:3722} INFO - Setting next_dagrun for example_sensor_decorator to None, run_after=None
[2023-11-13T18:41:08.727+0000] {processor.py:179} INFO - Processing /home/airflow/.local/lib/python3.8/site-packages/airflow/example_dags/example_sensor_decorator.py took 0.051 seconds
[2023-11-13T18:41:38.983+0000] {processor.py:157} INFO - Started process (PID=304) to work on /home/airflow/.local/lib/python3.8/site-packages/airflow/example_dags/example_sensor_decorator.py
[2023-11-13T18:41:38.985+0000] {processor.py:829} INFO - Processing file /home/airflow/.local/lib/python3.8/site-packages/airflow/example_dags/example_sensor_decorator.py for tasks to queue
[2023-11-13T18:41:38.988+0000] {logging_mixin.py:154} INFO - [2023-11-13T18:41:38.987+0000] {dagbag.py:536} INFO - Filling up the DagBag from /home/airflow/.local/lib/python3.8/site-packages/airflow/example_dags/example_sensor_decorator.py
[2023-11-13T18:41:39.005+0000] {processor.py:839} INFO - DAG(s) dict_keys(['example_sensor_decorator']) retrieved from /home/airflow/.local/lib/python3.8/site-packages/airflow/example_dags/example_sensor_decorator.py
[2023-11-13T18:41:39.030+0000] {logging_mixin.py:154} INFO - [2023-11-13T18:41:39.030+0000] {dag.py:2941} INFO - Sync 1 DAGs
[2023-11-13T18:41:39.039+0000] {logging_mixin.py:154} INFO - [2023-11-13T18:41:39.038+0000] {dag.py:3722} INFO - Setting next_dagrun for example_sensor_decorator to None, run_after=None
[2023-11-13T18:41:39.048+0000] {processor.py:179} INFO - Processing /home/airflow/.local/lib/python3.8/site-packages/airflow/example_dags/example_sensor_decorator.py took 0.070 seconds
[2023-11-13T18:42:09.397+0000] {processor.py:157} INFO - Started process (PID=358) to work on /home/airflow/.local/lib/python3.8/site-packages/airflow/example_dags/example_sensor_decorator.py
[2023-11-13T18:42:09.399+0000] {processor.py:829} INFO - Processing file /home/airflow/.local/lib/python3.8/site-packages/airflow/example_dags/example_sensor_decorator.py for tasks to queue
[2023-11-13T18:42:09.402+0000] {logging_mixin.py:154} INFO - [2023-11-13T18:42:09.401+0000] {dagbag.py:536} INFO - Filling up the DagBag from /home/airflow/.local/lib/python3.8/site-packages/airflow/example_dags/example_sensor_decorator.py
[2023-11-13T18:42:09.411+0000] {processor.py:839} INFO - DAG(s) dict_keys(['example_sensor_decorator']) retrieved from /home/airflow/.local/lib/python3.8/site-packages/airflow/example_dags/example_sensor_decorator.py
[2023-11-13T18:42:09.435+0000] {logging_mixin.py:154} INFO - [2023-11-13T18:42:09.435+0000] {dag.py:2941} INFO - Sync 1 DAGs
[2023-11-13T18:42:09.444+0000] {logging_mixin.py:154} INFO - [2023-11-13T18:42:09.443+0000] {dag.py:3722} INFO - Setting next_dagrun for example_sensor_decorator to None, run_after=None
[2023-11-13T18:42:09.453+0000] {processor.py:179} INFO - Processing /home/airflow/.local/lib/python3.8/site-packages/airflow/example_dags/example_sensor_decorator.py took 0.061 seconds
[2023-11-13T18:42:39.565+0000] {processor.py:157} INFO - Started process (PID=412) to work on /home/airflow/.local/lib/python3.8/site-packages/airflow/example_dags/example_sensor_decorator.py
[2023-11-13T18:42:39.568+0000] {processor.py:829} INFO - Processing file /home/airflow/.local/lib/python3.8/site-packages/airflow/example_dags/example_sensor_decorator.py for tasks to queue
[2023-11-13T18:42:39.579+0000] {logging_mixin.py:154} INFO - [2023-11-13T18:42:39.576+0000] {dagbag.py:536} INFO - Filling up the DagBag from /home/airflow/.local/lib/python3.8/site-packages/airflow/example_dags/example_sensor_decorator.py
[2023-11-13T18:42:39.599+0000] {processor.py:839} INFO - DAG(s) dict_keys(['example_sensor_decorator']) retrieved from /home/airflow/.local/lib/python3.8/site-packages/airflow/example_dags/example_sensor_decorator.py
[2023-11-13T18:42:39.661+0000] {logging_mixin.py:154} INFO - [2023-11-13T18:42:39.661+0000] {dag.py:2941} INFO - Sync 1 DAGs
[2023-11-13T18:42:39.693+0000] {logging_mixin.py:154} INFO - [2023-11-13T18:42:39.693+0000] {dag.py:3722} INFO - Setting next_dagrun for example_sensor_decorator to None, run_after=None
[2023-11-13T18:42:39.727+0000] {processor.py:179} INFO - Processing /home/airflow/.local/lib/python3.8/site-packages/airflow/example_dags/example_sensor_decorator.py took 0.171 seconds
[2023-11-13T19:57:44.568+0000] {processor.py:157} INFO - Started process (PID=35) to work on /home/airflow/.local/lib/python3.8/site-packages/airflow/example_dags/example_sensor_decorator.py
[2023-11-13T19:57:44.570+0000] {processor.py:829} INFO - Processing file /home/airflow/.local/lib/python3.8/site-packages/airflow/example_dags/example_sensor_decorator.py for tasks to queue
[2023-11-13T19:57:44.577+0000] {logging_mixin.py:154} INFO - [2023-11-13T19:57:44.577+0000] {dagbag.py:536} INFO - Filling up the DagBag from /home/airflow/.local/lib/python3.8/site-packages/airflow/example_dags/example_sensor_decorator.py
[2023-11-13T19:57:44.622+0000] {processor.py:839} INFO - DAG(s) dict_keys(['example_sensor_decorator']) retrieved from /home/airflow/.local/lib/python3.8/site-packages/airflow/example_dags/example_sensor_decorator.py
[2023-11-13T19:57:44.656+0000] {logging_mixin.py:154} INFO - [2023-11-13T19:57:44.655+0000] {dag.py:2941} INFO - Sync 1 DAGs
[2023-11-13T19:57:44.665+0000] {logging_mixin.py:154} INFO - [2023-11-13T19:57:44.665+0000] {dag.py:3722} INFO - Setting next_dagrun for example_sensor_decorator to None, run_after=None
[2023-11-13T19:57:44.683+0000] {processor.py:179} INFO - Processing /home/airflow/.local/lib/python3.8/site-packages/airflow/example_dags/example_sensor_decorator.py took 0.119 seconds
[2023-11-13T19:58:14.917+0000] {processor.py:157} INFO - Started process (PID=89) to work on /home/airflow/.local/lib/python3.8/site-packages/airflow/example_dags/example_sensor_decorator.py
[2023-11-13T19:58:14.918+0000] {processor.py:829} INFO - Processing file /home/airflow/.local/lib/python3.8/site-packages/airflow/example_dags/example_sensor_decorator.py for tasks to queue
[2023-11-13T19:58:14.920+0000] {logging_mixin.py:154} INFO - [2023-11-13T19:58:14.920+0000] {dagbag.py:536} INFO - Filling up the DagBag from /home/airflow/.local/lib/python3.8/site-packages/airflow/example_dags/example_sensor_decorator.py
[2023-11-13T19:58:14.933+0000] {processor.py:839} INFO - DAG(s) dict_keys(['example_sensor_decorator']) retrieved from /home/airflow/.local/lib/python3.8/site-packages/airflow/example_dags/example_sensor_decorator.py
[2023-11-13T19:58:14.968+0000] {logging_mixin.py:154} INFO - [2023-11-13T19:58:14.968+0000] {dag.py:2941} INFO - Sync 1 DAGs
[2023-11-13T19:58:14.992+0000] {logging_mixin.py:154} INFO - [2023-11-13T19:58:14.991+0000] {dag.py:3722} INFO - Setting next_dagrun for example_sensor_decorator to None, run_after=None
[2023-11-13T19:58:15.017+0000] {processor.py:179} INFO - Processing /home/airflow/.local/lib/python3.8/site-packages/airflow/example_dags/example_sensor_decorator.py took 0.103 seconds
[2023-11-13T19:58:45.493+0000] {processor.py:157} INFO - Started process (PID=143) to work on /home/airflow/.local/lib/python3.8/site-packages/airflow/example_dags/example_sensor_decorator.py
[2023-11-13T19:58:45.494+0000] {processor.py:829} INFO - Processing file /home/airflow/.local/lib/python3.8/site-packages/airflow/example_dags/example_sensor_decorator.py for tasks to queue
[2023-11-13T19:58:45.497+0000] {logging_mixin.py:154} INFO - [2023-11-13T19:58:45.497+0000] {dagbag.py:536} INFO - Filling up the DagBag from /home/airflow/.local/lib/python3.8/site-packages/airflow/example_dags/example_sensor_decorator.py
[2023-11-13T19:58:45.506+0000] {processor.py:839} INFO - DAG(s) dict_keys(['example_sensor_decorator']) retrieved from /home/airflow/.local/lib/python3.8/site-packages/airflow/example_dags/example_sensor_decorator.py
[2023-11-13T19:58:45.531+0000] {logging_mixin.py:154} INFO - [2023-11-13T19:58:45.531+0000] {dag.py:2941} INFO - Sync 1 DAGs
[2023-11-13T19:58:45.543+0000] {logging_mixin.py:154} INFO - [2023-11-13T19:58:45.543+0000] {dag.py:3722} INFO - Setting next_dagrun for example_sensor_decorator to None, run_after=None
[2023-11-13T19:58:45.552+0000] {processor.py:179} INFO - Processing /home/airflow/.local/lib/python3.8/site-packages/airflow/example_dags/example_sensor_decorator.py took 0.064 seconds
[2023-11-13T19:59:15.794+0000] {processor.py:157} INFO - Started process (PID=197) to work on /home/airflow/.local/lib/python3.8/site-packages/airflow/example_dags/example_sensor_decorator.py
[2023-11-13T19:59:15.796+0000] {processor.py:829} INFO - Processing file /home/airflow/.local/lib/python3.8/site-packages/airflow/example_dags/example_sensor_decorator.py for tasks to queue
[2023-11-13T19:59:15.798+0000] {logging_mixin.py:154} INFO - [2023-11-13T19:59:15.798+0000] {dagbag.py:536} INFO - Filling up the DagBag from /home/airflow/.local/lib/python3.8/site-packages/airflow/example_dags/example_sensor_decorator.py
[2023-11-13T19:59:15.809+0000] {processor.py:839} INFO - DAG(s) dict_keys(['example_sensor_decorator']) retrieved from /home/airflow/.local/lib/python3.8/site-packages/airflow/example_dags/example_sensor_decorator.py
[2023-11-13T19:59:15.827+0000] {logging_mixin.py:154} INFO - [2023-11-13T19:59:15.827+0000] {dag.py:2941} INFO - Sync 1 DAGs
[2023-11-13T19:59:15.836+0000] {logging_mixin.py:154} INFO - [2023-11-13T19:59:15.836+0000] {dag.py:3722} INFO - Setting next_dagrun for example_sensor_decorator to None, run_after=None
[2023-11-13T19:59:15.846+0000] {processor.py:179} INFO - Processing /home/airflow/.local/lib/python3.8/site-packages/airflow/example_dags/example_sensor_decorator.py took 0.056 seconds
[2023-11-13T19:59:46.555+0000] {processor.py:157} INFO - Started process (PID=251) to work on /home/airflow/.local/lib/python3.8/site-packages/airflow/example_dags/example_sensor_decorator.py
[2023-11-13T19:59:46.556+0000] {processor.py:829} INFO - Processing file /home/airflow/.local/lib/python3.8/site-packages/airflow/example_dags/example_sensor_decorator.py for tasks to queue
[2023-11-13T19:59:46.560+0000] {logging_mixin.py:154} INFO - [2023-11-13T19:59:46.559+0000] {dagbag.py:536} INFO - Filling up the DagBag from /home/airflow/.local/lib/python3.8/site-packages/airflow/example_dags/example_sensor_decorator.py
[2023-11-13T19:59:46.569+0000] {processor.py:839} INFO - DAG(s) dict_keys(['example_sensor_decorator']) retrieved from /home/airflow/.local/lib/python3.8/site-packages/airflow/example_dags/example_sensor_decorator.py
[2023-11-13T19:59:46.589+0000] {logging_mixin.py:154} INFO - [2023-11-13T19:59:46.588+0000] {dag.py:2941} INFO - Sync 1 DAGs
[2023-11-13T19:59:46.597+0000] {logging_mixin.py:154} INFO - [2023-11-13T19:59:46.597+0000] {dag.py:3722} INFO - Setting next_dagrun for example_sensor_decorator to None, run_after=None
[2023-11-13T19:59:46.609+0000] {processor.py:179} INFO - Processing /home/airflow/.local/lib/python3.8/site-packages/airflow/example_dags/example_sensor_decorator.py took 0.060 seconds
[2023-11-13T20:00:17.217+0000] {processor.py:157} INFO - Started process (PID=304) to work on /home/airflow/.local/lib/python3.8/site-packages/airflow/example_dags/example_sensor_decorator.py
[2023-11-13T20:00:17.219+0000] {processor.py:829} INFO - Processing file /home/airflow/.local/lib/python3.8/site-packages/airflow/example_dags/example_sensor_decorator.py for tasks to queue
[2023-11-13T20:00:17.221+0000] {logging_mixin.py:154} INFO - [2023-11-13T20:00:17.221+0000] {dagbag.py:536} INFO - Filling up the DagBag from /home/airflow/.local/lib/python3.8/site-packages/airflow/example_dags/example_sensor_decorator.py
[2023-11-13T20:00:17.228+0000] {processor.py:839} INFO - DAG(s) dict_keys(['example_sensor_decorator']) retrieved from /home/airflow/.local/lib/python3.8/site-packages/airflow/example_dags/example_sensor_decorator.py
[2023-11-13T20:00:17.244+0000] {logging_mixin.py:154} INFO - [2023-11-13T20:00:17.244+0000] {dag.py:2941} INFO - Sync 1 DAGs
[2023-11-13T20:00:17.253+0000] {logging_mixin.py:154} INFO - [2023-11-13T20:00:17.253+0000] {dag.py:3722} INFO - Setting next_dagrun for example_sensor_decorator to None, run_after=None
[2023-11-13T20:00:17.264+0000] {processor.py:179} INFO - Processing /home/airflow/.local/lib/python3.8/site-packages/airflow/example_dags/example_sensor_decorator.py took 0.051 seconds
[2023-11-13T20:00:47.389+0000] {processor.py:157} INFO - Started process (PID=358) to work on /home/airflow/.local/lib/python3.8/site-packages/airflow/example_dags/example_sensor_decorator.py
[2023-11-13T20:00:47.390+0000] {processor.py:829} INFO - Processing file /home/airflow/.local/lib/python3.8/site-packages/airflow/example_dags/example_sensor_decorator.py for tasks to queue
[2023-11-13T20:00:47.392+0000] {logging_mixin.py:154} INFO - [2023-11-13T20:00:47.392+0000] {dagbag.py:536} INFO - Filling up the DagBag from /home/airflow/.local/lib/python3.8/site-packages/airflow/example_dags/example_sensor_decorator.py
[2023-11-13T20:00:47.407+0000] {processor.py:839} INFO - DAG(s) dict_keys(['example_sensor_decorator']) retrieved from /home/airflow/.local/lib/python3.8/site-packages/airflow/example_dags/example_sensor_decorator.py
[2023-11-13T20:00:47.427+0000] {logging_mixin.py:154} INFO - [2023-11-13T20:00:47.426+0000] {dag.py:2941} INFO - Sync 1 DAGs
[2023-11-13T20:00:47.438+0000] {logging_mixin.py:154} INFO - [2023-11-13T20:00:47.437+0000] {dag.py:3722} INFO - Setting next_dagrun for example_sensor_decorator to None, run_after=None
[2023-11-13T20:00:47.448+0000] {processor.py:179} INFO - Processing /home/airflow/.local/lib/python3.8/site-packages/airflow/example_dags/example_sensor_decorator.py took 0.064 seconds
[2023-11-13T20:01:18.115+0000] {processor.py:157} INFO - Started process (PID=412) to work on /home/airflow/.local/lib/python3.8/site-packages/airflow/example_dags/example_sensor_decorator.py
[2023-11-13T20:01:18.116+0000] {processor.py:829} INFO - Processing file /home/airflow/.local/lib/python3.8/site-packages/airflow/example_dags/example_sensor_decorator.py for tasks to queue
[2023-11-13T20:01:18.119+0000] {logging_mixin.py:154} INFO - [2023-11-13T20:01:18.119+0000] {dagbag.py:536} INFO - Filling up the DagBag from /home/airflow/.local/lib/python3.8/site-packages/airflow/example_dags/example_sensor_decorator.py
[2023-11-13T20:01:18.126+0000] {processor.py:839} INFO - DAG(s) dict_keys(['example_sensor_decorator']) retrieved from /home/airflow/.local/lib/python3.8/site-packages/airflow/example_dags/example_sensor_decorator.py
[2023-11-13T20:01:18.145+0000] {logging_mixin.py:154} INFO - [2023-11-13T20:01:18.145+0000] {dag.py:2941} INFO - Sync 1 DAGs
[2023-11-13T20:01:18.153+0000] {logging_mixin.py:154} INFO - [2023-11-13T20:01:18.153+0000] {dag.py:3722} INFO - Setting next_dagrun for example_sensor_decorator to None, run_after=None
[2023-11-13T20:01:18.163+0000] {processor.py:179} INFO - Processing /home/airflow/.local/lib/python3.8/site-packages/airflow/example_dags/example_sensor_decorator.py took 0.053 seconds
[2023-11-13T20:01:48.764+0000] {processor.py:157} INFO - Started process (PID=466) to work on /home/airflow/.local/lib/python3.8/site-packages/airflow/example_dags/example_sensor_decorator.py
[2023-11-13T20:01:48.766+0000] {processor.py:829} INFO - Processing file /home/airflow/.local/lib/python3.8/site-packages/airflow/example_dags/example_sensor_decorator.py for tasks to queue
[2023-11-13T20:01:48.768+0000] {logging_mixin.py:154} INFO - [2023-11-13T20:01:48.768+0000] {dagbag.py:536} INFO - Filling up the DagBag from /home/airflow/.local/lib/python3.8/site-packages/airflow/example_dags/example_sensor_decorator.py
[2023-11-13T20:01:48.776+0000] {processor.py:839} INFO - DAG(s) dict_keys(['example_sensor_decorator']) retrieved from /home/airflow/.local/lib/python3.8/site-packages/airflow/example_dags/example_sensor_decorator.py
[2023-11-13T20:01:48.797+0000] {logging_mixin.py:154} INFO - [2023-11-13T20:01:48.797+0000] {dag.py:2941} INFO - Sync 1 DAGs
[2023-11-13T20:01:48.804+0000] {logging_mixin.py:154} INFO - [2023-11-13T20:01:48.804+0000] {dag.py:3722} INFO - Setting next_dagrun for example_sensor_decorator to None, run_after=None
[2023-11-13T20:01:48.814+0000] {processor.py:179} INFO - Processing /home/airflow/.local/lib/python3.8/site-packages/airflow/example_dags/example_sensor_decorator.py took 0.054 seconds
[2023-11-13T20:02:19.472+0000] {processor.py:157} INFO - Started process (PID=520) to work on /home/airflow/.local/lib/python3.8/site-packages/airflow/example_dags/example_sensor_decorator.py
[2023-11-13T20:02:19.474+0000] {processor.py:829} INFO - Processing file /home/airflow/.local/lib/python3.8/site-packages/airflow/example_dags/example_sensor_decorator.py for tasks to queue
[2023-11-13T20:02:19.477+0000] {logging_mixin.py:154} INFO - [2023-11-13T20:02:19.477+0000] {dagbag.py:536} INFO - Filling up the DagBag from /home/airflow/.local/lib/python3.8/site-packages/airflow/example_dags/example_sensor_decorator.py
[2023-11-13T20:02:19.482+0000] {processor.py:839} INFO - DAG(s) dict_keys(['example_sensor_decorator']) retrieved from /home/airflow/.local/lib/python3.8/site-packages/airflow/example_dags/example_sensor_decorator.py
[2023-11-13T20:02:19.503+0000] {logging_mixin.py:154} INFO - [2023-11-13T20:02:19.503+0000] {dag.py:2941} INFO - Sync 1 DAGs
[2023-11-13T20:02:19.512+0000] {logging_mixin.py:154} INFO - [2023-11-13T20:02:19.512+0000] {dag.py:3722} INFO - Setting next_dagrun for example_sensor_decorator to None, run_after=None
[2023-11-13T20:02:19.523+0000] {processor.py:179} INFO - Processing /home/airflow/.local/lib/python3.8/site-packages/airflow/example_dags/example_sensor_decorator.py took 0.054 seconds
[2023-11-13T20:02:49.776+0000] {processor.py:157} INFO - Started process (PID=574) to work on /home/airflow/.local/lib/python3.8/site-packages/airflow/example_dags/example_sensor_decorator.py
[2023-11-13T20:02:49.776+0000] {processor.py:829} INFO - Processing file /home/airflow/.local/lib/python3.8/site-packages/airflow/example_dags/example_sensor_decorator.py for tasks to queue
[2023-11-13T20:02:49.778+0000] {logging_mixin.py:154} INFO - [2023-11-13T20:02:49.778+0000] {dagbag.py:536} INFO - Filling up the DagBag from /home/airflow/.local/lib/python3.8/site-packages/airflow/example_dags/example_sensor_decorator.py
[2023-11-13T20:02:49.782+0000] {processor.py:839} INFO - DAG(s) dict_keys(['example_sensor_decorator']) retrieved from /home/airflow/.local/lib/python3.8/site-packages/airflow/example_dags/example_sensor_decorator.py
[2023-11-13T20:02:49.796+0000] {logging_mixin.py:154} INFO - [2023-11-13T20:02:49.796+0000] {dag.py:2941} INFO - Sync 1 DAGs
[2023-11-13T20:02:49.804+0000] {logging_mixin.py:154} INFO - [2023-11-13T20:02:49.804+0000] {dag.py:3722} INFO - Setting next_dagrun for example_sensor_decorator to None, run_after=None
[2023-11-13T20:02:49.814+0000] {processor.py:179} INFO - Processing /home/airflow/.local/lib/python3.8/site-packages/airflow/example_dags/example_sensor_decorator.py took 0.040 seconds
[2023-11-13T20:03:19.943+0000] {processor.py:157} INFO - Started process (PID=628) to work on /home/airflow/.local/lib/python3.8/site-packages/airflow/example_dags/example_sensor_decorator.py
[2023-11-13T20:03:19.944+0000] {processor.py:829} INFO - Processing file /home/airflow/.local/lib/python3.8/site-packages/airflow/example_dags/example_sensor_decorator.py for tasks to queue
[2023-11-13T20:03:19.948+0000] {logging_mixin.py:154} INFO - [2023-11-13T20:03:19.948+0000] {dagbag.py:536} INFO - Filling up the DagBag from /home/airflow/.local/lib/python3.8/site-packages/airflow/example_dags/example_sensor_decorator.py
[2023-11-13T20:03:19.955+0000] {processor.py:839} INFO - DAG(s) dict_keys(['example_sensor_decorator']) retrieved from /home/airflow/.local/lib/python3.8/site-packages/airflow/example_dags/example_sensor_decorator.py
[2023-11-13T20:03:19.974+0000] {logging_mixin.py:154} INFO - [2023-11-13T20:03:19.974+0000] {dag.py:2941} INFO - Sync 1 DAGs
[2023-11-13T20:03:19.983+0000] {logging_mixin.py:154} INFO - [2023-11-13T20:03:19.983+0000] {dag.py:3722} INFO - Setting next_dagrun for example_sensor_decorator to None, run_after=None
[2023-11-13T20:03:19.994+0000] {processor.py:179} INFO - Processing /home/airflow/.local/lib/python3.8/site-packages/airflow/example_dags/example_sensor_decorator.py took 0.057 seconds
[2023-11-13T20:03:50.053+0000] {processor.py:157} INFO - Started process (PID=682) to work on /home/airflow/.local/lib/python3.8/site-packages/airflow/example_dags/example_sensor_decorator.py
[2023-11-13T20:03:50.054+0000] {processor.py:829} INFO - Processing file /home/airflow/.local/lib/python3.8/site-packages/airflow/example_dags/example_sensor_decorator.py for tasks to queue
[2023-11-13T20:03:50.058+0000] {logging_mixin.py:154} INFO - [2023-11-13T20:03:50.058+0000] {dagbag.py:536} INFO - Filling up the DagBag from /home/airflow/.local/lib/python3.8/site-packages/airflow/example_dags/example_sensor_decorator.py
[2023-11-13T20:03:50.067+0000] {processor.py:839} INFO - DAG(s) dict_keys(['example_sensor_decorator']) retrieved from /home/airflow/.local/lib/python3.8/site-packages/airflow/example_dags/example_sensor_decorator.py
[2023-11-13T20:03:50.091+0000] {logging_mixin.py:154} INFO - [2023-11-13T20:03:50.091+0000] {dag.py:2941} INFO - Sync 1 DAGs
[2023-11-13T20:03:50.100+0000] {logging_mixin.py:154} INFO - [2023-11-13T20:03:50.100+0000] {dag.py:3722} INFO - Setting next_dagrun for example_sensor_decorator to None, run_after=None
[2023-11-13T20:03:50.111+0000] {processor.py:179} INFO - Processing /home/airflow/.local/lib/python3.8/site-packages/airflow/example_dags/example_sensor_decorator.py took 0.065 seconds
[2023-11-13T20:04:20.184+0000] {processor.py:157} INFO - Started process (PID=736) to work on /home/airflow/.local/lib/python3.8/site-packages/airflow/example_dags/example_sensor_decorator.py
[2023-11-13T20:04:20.186+0000] {processor.py:829} INFO - Processing file /home/airflow/.local/lib/python3.8/site-packages/airflow/example_dags/example_sensor_decorator.py for tasks to queue
[2023-11-13T20:04:20.191+0000] {logging_mixin.py:154} INFO - [2023-11-13T20:04:20.190+0000] {dagbag.py:536} INFO - Filling up the DagBag from /home/airflow/.local/lib/python3.8/site-packages/airflow/example_dags/example_sensor_decorator.py
[2023-11-13T20:04:20.202+0000] {processor.py:839} INFO - DAG(s) dict_keys(['example_sensor_decorator']) retrieved from /home/airflow/.local/lib/python3.8/site-packages/airflow/example_dags/example_sensor_decorator.py
[2023-11-13T20:04:20.225+0000] {logging_mixin.py:154} INFO - [2023-11-13T20:04:20.225+0000] {dag.py:2941} INFO - Sync 1 DAGs
[2023-11-13T20:04:20.235+0000] {logging_mixin.py:154} INFO - [2023-11-13T20:04:20.235+0000] {dag.py:3722} INFO - Setting next_dagrun for example_sensor_decorator to None, run_after=None
[2023-11-13T20:04:20.246+0000] {processor.py:179} INFO - Processing /home/airflow/.local/lib/python3.8/site-packages/airflow/example_dags/example_sensor_decorator.py took 0.069 seconds
[2023-11-13T20:04:50.295+0000] {processor.py:157} INFO - Started process (PID=790) to work on /home/airflow/.local/lib/python3.8/site-packages/airflow/example_dags/example_sensor_decorator.py
[2023-11-13T20:04:50.297+0000] {processor.py:829} INFO - Processing file /home/airflow/.local/lib/python3.8/site-packages/airflow/example_dags/example_sensor_decorator.py for tasks to queue
[2023-11-13T20:04:50.300+0000] {logging_mixin.py:154} INFO - [2023-11-13T20:04:50.300+0000] {dagbag.py:536} INFO - Filling up the DagBag from /home/airflow/.local/lib/python3.8/site-packages/airflow/example_dags/example_sensor_decorator.py
[2023-11-13T20:04:50.307+0000] {processor.py:839} INFO - DAG(s) dict_keys(['example_sensor_decorator']) retrieved from /home/airflow/.local/lib/python3.8/site-packages/airflow/example_dags/example_sensor_decorator.py
[2023-11-13T20:04:50.324+0000] {logging_mixin.py:154} INFO - [2023-11-13T20:04:50.323+0000] {dag.py:2941} INFO - Sync 1 DAGs
[2023-11-13T20:04:50.332+0000] {logging_mixin.py:154} INFO - [2023-11-13T20:04:50.332+0000] {dag.py:3722} INFO - Setting next_dagrun for example_sensor_decorator to None, run_after=None
[2023-11-13T20:04:50.342+0000] {processor.py:179} INFO - Processing /home/airflow/.local/lib/python3.8/site-packages/airflow/example_dags/example_sensor_decorator.py took 0.052 seconds
