[2023-11-13T18:39:05.168+0000] {processor.py:157} INFO - Started process (PID=36) to work on /home/airflow/.local/lib/python3.8/site-packages/airflow/example_dags/example_params_ui_tutorial.py
[2023-11-13T18:39:05.169+0000] {processor.py:829} INFO - Processing file /home/airflow/.local/lib/python3.8/site-packages/airflow/example_dags/example_params_ui_tutorial.py for tasks to queue
[2023-11-13T18:39:05.171+0000] {logging_mixin.py:154} INFO - [2023-11-13T18:39:05.171+0000] {dagbag.py:536} INFO - Filling up the DagBag from /home/airflow/.local/lib/python3.8/site-packages/airflow/example_dags/example_params_ui_tutorial.py
[2023-11-13T18:39:05.199+0000] {processor.py:839} INFO - DAG(s) dict_keys(['example_params_ui_tutorial']) retrieved from /home/airflow/.local/lib/python3.8/site-packages/airflow/example_dags/example_params_ui_tutorial.py
[2023-11-13T18:39:05.294+0000] {logging_mixin.py:154} INFO - [2023-11-13T18:39:05.293+0000] {manager.py:499} INFO - Created Permission View: %s
[2023-11-13T18:39:05.299+0000] {logging_mixin.py:154} INFO - [2023-11-13T18:39:05.299+0000] {manager.py:499} INFO - Created Permission View: %s
[2023-11-13T18:39:05.306+0000] {logging_mixin.py:154} INFO - [2023-11-13T18:39:05.306+0000] {manager.py:499} INFO - Created Permission View: %s
[2023-11-13T18:39:05.306+0000] {logging_mixin.py:154} INFO - [2023-11-13T18:39:05.306+0000] {dag.py:2941} INFO - Sync 1 DAGs
[2023-11-13T18:39:05.313+0000] {logging_mixin.py:154} INFO - [2023-11-13T18:39:05.313+0000] {dag.py:2963} INFO - Creating ORM DAG for example_params_ui_tutorial
[2023-11-13T18:39:05.313+0000] {logging_mixin.py:154} INFO - [2023-11-13T18:39:05.313+0000] {dag.py:3722} INFO - Setting next_dagrun for example_params_ui_tutorial to None, run_after=None
[2023-11-13T18:39:05.325+0000] {processor.py:179} INFO - Processing /home/airflow/.local/lib/python3.8/site-packages/airflow/example_dags/example_params_ui_tutorial.py took 0.160 seconds
[2023-11-13T18:39:36.910+0000] {processor.py:157} INFO - Started process (PID=90) to work on /home/airflow/.local/lib/python3.8/site-packages/airflow/example_dags/example_params_ui_tutorial.py
[2023-11-13T18:39:36.915+0000] {processor.py:829} INFO - Processing file /home/airflow/.local/lib/python3.8/site-packages/airflow/example_dags/example_params_ui_tutorial.py for tasks to queue
[2023-11-13T18:39:36.923+0000] {logging_mixin.py:154} INFO - [2023-11-13T18:39:36.921+0000] {dagbag.py:536} INFO - Filling up the DagBag from /home/airflow/.local/lib/python3.8/site-packages/airflow/example_dags/example_params_ui_tutorial.py
[2023-11-13T18:39:37.512+0000] {processor.py:839} INFO - DAG(s) dict_keys(['example_params_ui_tutorial']) retrieved from /home/airflow/.local/lib/python3.8/site-packages/airflow/example_dags/example_params_ui_tutorial.py
[2023-11-13T18:39:37.821+0000] {logging_mixin.py:154} INFO - [2023-11-13T18:39:37.820+0000] {dag.py:2941} INFO - Sync 1 DAGs
[2023-11-13T18:39:38.145+0000] {logging_mixin.py:154} INFO - [2023-11-13T18:39:38.145+0000] {dag.py:3722} INFO - Setting next_dagrun for example_params_ui_tutorial to None, run_after=None
[2023-11-13T18:39:38.332+0000] {processor.py:179} INFO - Processing /home/airflow/.local/lib/python3.8/site-packages/airflow/example_dags/example_params_ui_tutorial.py took 1.445 seconds
[2023-11-13T18:40:08.474+0000] {processor.py:157} INFO - Started process (PID=144) to work on /home/airflow/.local/lib/python3.8/site-packages/airflow/example_dags/example_params_ui_tutorial.py
[2023-11-13T18:40:08.475+0000] {processor.py:829} INFO - Processing file /home/airflow/.local/lib/python3.8/site-packages/airflow/example_dags/example_params_ui_tutorial.py for tasks to queue
[2023-11-13T18:40:08.480+0000] {logging_mixin.py:154} INFO - [2023-11-13T18:40:08.479+0000] {dagbag.py:536} INFO - Filling up the DagBag from /home/airflow/.local/lib/python3.8/site-packages/airflow/example_dags/example_params_ui_tutorial.py
[2023-11-13T18:40:08.516+0000] {processor.py:839} INFO - DAG(s) dict_keys(['example_params_ui_tutorial']) retrieved from /home/airflow/.local/lib/python3.8/site-packages/airflow/example_dags/example_params_ui_tutorial.py
[2023-11-13T18:40:08.559+0000] {logging_mixin.py:154} INFO - [2023-11-13T18:40:08.559+0000] {dag.py:2941} INFO - Sync 1 DAGs
[2023-11-13T18:40:08.570+0000] {logging_mixin.py:154} INFO - [2023-11-13T18:40:08.570+0000] {dag.py:3722} INFO - Setting next_dagrun for example_params_ui_tutorial to None, run_after=None
[2023-11-13T18:40:08.584+0000] {processor.py:179} INFO - Processing /home/airflow/.local/lib/python3.8/site-packages/airflow/example_dags/example_params_ui_tutorial.py took 0.116 seconds
[2023-11-13T18:40:39.098+0000] {processor.py:157} INFO - Started process (PID=198) to work on /home/airflow/.local/lib/python3.8/site-packages/airflow/example_dags/example_params_ui_tutorial.py
[2023-11-13T18:40:39.099+0000] {processor.py:829} INFO - Processing file /home/airflow/.local/lib/python3.8/site-packages/airflow/example_dags/example_params_ui_tutorial.py for tasks to queue
[2023-11-13T18:40:39.101+0000] {logging_mixin.py:154} INFO - [2023-11-13T18:40:39.100+0000] {dagbag.py:536} INFO - Filling up the DagBag from /home/airflow/.local/lib/python3.8/site-packages/airflow/example_dags/example_params_ui_tutorial.py
[2023-11-13T18:40:39.121+0000] {processor.py:839} INFO - DAG(s) dict_keys(['example_params_ui_tutorial']) retrieved from /home/airflow/.local/lib/python3.8/site-packages/airflow/example_dags/example_params_ui_tutorial.py
[2023-11-13T18:40:39.146+0000] {logging_mixin.py:154} INFO - [2023-11-13T18:40:39.145+0000] {dag.py:2941} INFO - Sync 1 DAGs
[2023-11-13T18:40:39.152+0000] {logging_mixin.py:154} INFO - [2023-11-13T18:40:39.152+0000] {dag.py:3722} INFO - Setting next_dagrun for example_params_ui_tutorial to None, run_after=None
[2023-11-13T18:40:39.162+0000] {processor.py:179} INFO - Processing /home/airflow/.local/lib/python3.8/site-packages/airflow/example_dags/example_params_ui_tutorial.py took 0.066 seconds
[2023-11-13T18:41:09.744+0000] {processor.py:157} INFO - Started process (PID=252) to work on /home/airflow/.local/lib/python3.8/site-packages/airflow/example_dags/example_params_ui_tutorial.py
[2023-11-13T18:41:09.745+0000] {processor.py:829} INFO - Processing file /home/airflow/.local/lib/python3.8/site-packages/airflow/example_dags/example_params_ui_tutorial.py for tasks to queue
[2023-11-13T18:41:09.746+0000] {logging_mixin.py:154} INFO - [2023-11-13T18:41:09.746+0000] {dagbag.py:536} INFO - Filling up the DagBag from /home/airflow/.local/lib/python3.8/site-packages/airflow/example_dags/example_params_ui_tutorial.py
[2023-11-13T18:41:09.766+0000] {processor.py:839} INFO - DAG(s) dict_keys(['example_params_ui_tutorial']) retrieved from /home/airflow/.local/lib/python3.8/site-packages/airflow/example_dags/example_params_ui_tutorial.py
[2023-11-13T18:41:09.793+0000] {logging_mixin.py:154} INFO - [2023-11-13T18:41:09.793+0000] {dag.py:2941} INFO - Sync 1 DAGs
[2023-11-13T18:41:09.803+0000] {logging_mixin.py:154} INFO - [2023-11-13T18:41:09.803+0000] {dag.py:3722} INFO - Setting next_dagrun for example_params_ui_tutorial to None, run_after=None
[2023-11-13T18:41:09.816+0000] {processor.py:179} INFO - Processing /home/airflow/.local/lib/python3.8/site-packages/airflow/example_dags/example_params_ui_tutorial.py took 0.074 seconds
[2023-11-13T18:41:40.017+0000] {processor.py:157} INFO - Started process (PID=305) to work on /home/airflow/.local/lib/python3.8/site-packages/airflow/example_dags/example_params_ui_tutorial.py
[2023-11-13T18:41:40.018+0000] {processor.py:829} INFO - Processing file /home/airflow/.local/lib/python3.8/site-packages/airflow/example_dags/example_params_ui_tutorial.py for tasks to queue
[2023-11-13T18:41:40.021+0000] {logging_mixin.py:154} INFO - [2023-11-13T18:41:40.021+0000] {dagbag.py:536} INFO - Filling up the DagBag from /home/airflow/.local/lib/python3.8/site-packages/airflow/example_dags/example_params_ui_tutorial.py
[2023-11-13T18:41:40.058+0000] {processor.py:839} INFO - DAG(s) dict_keys(['example_params_ui_tutorial']) retrieved from /home/airflow/.local/lib/python3.8/site-packages/airflow/example_dags/example_params_ui_tutorial.py
[2023-11-13T18:41:40.083+0000] {logging_mixin.py:154} INFO - [2023-11-13T18:41:40.083+0000] {dag.py:2941} INFO - Sync 1 DAGs
[2023-11-13T18:41:40.089+0000] {logging_mixin.py:154} INFO - [2023-11-13T18:41:40.089+0000] {dag.py:3722} INFO - Setting next_dagrun for example_params_ui_tutorial to None, run_after=None
[2023-11-13T18:41:40.097+0000] {processor.py:179} INFO - Processing /home/airflow/.local/lib/python3.8/site-packages/airflow/example_dags/example_params_ui_tutorial.py took 0.086 seconds
[2023-11-13T18:42:10.436+0000] {processor.py:157} INFO - Started process (PID=359) to work on /home/airflow/.local/lib/python3.8/site-packages/airflow/example_dags/example_params_ui_tutorial.py
[2023-11-13T18:42:10.438+0000] {processor.py:829} INFO - Processing file /home/airflow/.local/lib/python3.8/site-packages/airflow/example_dags/example_params_ui_tutorial.py for tasks to queue
[2023-11-13T18:42:10.442+0000] {logging_mixin.py:154} INFO - [2023-11-13T18:42:10.441+0000] {dagbag.py:536} INFO - Filling up the DagBag from /home/airflow/.local/lib/python3.8/site-packages/airflow/example_dags/example_params_ui_tutorial.py
[2023-11-13T18:42:10.479+0000] {processor.py:839} INFO - DAG(s) dict_keys(['example_params_ui_tutorial']) retrieved from /home/airflow/.local/lib/python3.8/site-packages/airflow/example_dags/example_params_ui_tutorial.py
[2023-11-13T18:42:10.503+0000] {logging_mixin.py:154} INFO - [2023-11-13T18:42:10.503+0000] {dag.py:2941} INFO - Sync 1 DAGs
[2023-11-13T18:42:10.509+0000] {logging_mixin.py:154} INFO - [2023-11-13T18:42:10.509+0000] {dag.py:3722} INFO - Setting next_dagrun for example_params_ui_tutorial to None, run_after=None
[2023-11-13T18:42:10.517+0000] {processor.py:179} INFO - Processing /home/airflow/.local/lib/python3.8/site-packages/airflow/example_dags/example_params_ui_tutorial.py took 0.088 seconds
[2023-11-13T18:42:40.570+0000] {processor.py:157} INFO - Started process (PID=413) to work on /home/airflow/.local/lib/python3.8/site-packages/airflow/example_dags/example_params_ui_tutorial.py
[2023-11-13T18:42:40.571+0000] {processor.py:829} INFO - Processing file /home/airflow/.local/lib/python3.8/site-packages/airflow/example_dags/example_params_ui_tutorial.py for tasks to queue
[2023-11-13T18:42:40.574+0000] {logging_mixin.py:154} INFO - [2023-11-13T18:42:40.574+0000] {dagbag.py:536} INFO - Filling up the DagBag from /home/airflow/.local/lib/python3.8/site-packages/airflow/example_dags/example_params_ui_tutorial.py
[2023-11-13T18:42:40.619+0000] {processor.py:839} INFO - DAG(s) dict_keys(['example_params_ui_tutorial']) retrieved from /home/airflow/.local/lib/python3.8/site-packages/airflow/example_dags/example_params_ui_tutorial.py
[2023-11-13T18:42:40.654+0000] {logging_mixin.py:154} INFO - [2023-11-13T18:42:40.654+0000] {dag.py:2941} INFO - Sync 1 DAGs
[2023-11-13T18:42:40.664+0000] {logging_mixin.py:154} INFO - [2023-11-13T18:42:40.664+0000] {dag.py:3722} INFO - Setting next_dagrun for example_params_ui_tutorial to None, run_after=None
[2023-11-13T18:42:40.679+0000] {processor.py:179} INFO - Processing /home/airflow/.local/lib/python3.8/site-packages/airflow/example_dags/example_params_ui_tutorial.py took 0.112 seconds
[2023-11-13T19:57:44.698+0000] {processor.py:157} INFO - Started process (PID=36) to work on /home/airflow/.local/lib/python3.8/site-packages/airflow/example_dags/example_params_ui_tutorial.py
[2023-11-13T19:57:44.698+0000] {processor.py:829} INFO - Processing file /home/airflow/.local/lib/python3.8/site-packages/airflow/example_dags/example_params_ui_tutorial.py for tasks to queue
[2023-11-13T19:57:44.700+0000] {logging_mixin.py:154} INFO - [2023-11-13T19:57:44.700+0000] {dagbag.py:536} INFO - Filling up the DagBag from /home/airflow/.local/lib/python3.8/site-packages/airflow/example_dags/example_params_ui_tutorial.py
[2023-11-13T19:57:44.726+0000] {processor.py:839} INFO - DAG(s) dict_keys(['example_params_ui_tutorial']) retrieved from /home/airflow/.local/lib/python3.8/site-packages/airflow/example_dags/example_params_ui_tutorial.py
[2023-11-13T19:57:44.756+0000] {logging_mixin.py:154} INFO - [2023-11-13T19:57:44.756+0000] {dag.py:2941} INFO - Sync 1 DAGs
[2023-11-13T19:57:44.767+0000] {logging_mixin.py:154} INFO - [2023-11-13T19:57:44.767+0000] {dag.py:3722} INFO - Setting next_dagrun for example_params_ui_tutorial to None, run_after=None
[2023-11-13T19:57:44.776+0000] {processor.py:179} INFO - Processing /home/airflow/.local/lib/python3.8/site-packages/airflow/example_dags/example_params_ui_tutorial.py took 0.081 seconds
[2023-11-13T19:58:15.037+0000] {processor.py:157} INFO - Started process (PID=90) to work on /home/airflow/.local/lib/python3.8/site-packages/airflow/example_dags/example_params_ui_tutorial.py
[2023-11-13T19:58:15.038+0000] {processor.py:829} INFO - Processing file /home/airflow/.local/lib/python3.8/site-packages/airflow/example_dags/example_params_ui_tutorial.py for tasks to queue
[2023-11-13T19:58:15.039+0000] {logging_mixin.py:154} INFO - [2023-11-13T19:58:15.039+0000] {dagbag.py:536} INFO - Filling up the DagBag from /home/airflow/.local/lib/python3.8/site-packages/airflow/example_dags/example_params_ui_tutorial.py
[2023-11-13T19:58:15.065+0000] {processor.py:839} INFO - DAG(s) dict_keys(['example_params_ui_tutorial']) retrieved from /home/airflow/.local/lib/python3.8/site-packages/airflow/example_dags/example_params_ui_tutorial.py
[2023-11-13T19:58:15.093+0000] {logging_mixin.py:154} INFO - [2023-11-13T19:58:15.093+0000] {dag.py:2941} INFO - Sync 1 DAGs
[2023-11-13T19:58:15.100+0000] {logging_mixin.py:154} INFO - [2023-11-13T19:58:15.100+0000] {dag.py:3722} INFO - Setting next_dagrun for example_params_ui_tutorial to None, run_after=None
[2023-11-13T19:58:15.109+0000] {processor.py:179} INFO - Processing /home/airflow/.local/lib/python3.8/site-packages/airflow/example_dags/example_params_ui_tutorial.py took 0.074 seconds
[2023-11-13T19:58:45.566+0000] {processor.py:157} INFO - Started process (PID=144) to work on /home/airflow/.local/lib/python3.8/site-packages/airflow/example_dags/example_params_ui_tutorial.py
[2023-11-13T19:58:45.567+0000] {processor.py:829} INFO - Processing file /home/airflow/.local/lib/python3.8/site-packages/airflow/example_dags/example_params_ui_tutorial.py for tasks to queue
[2023-11-13T19:58:45.568+0000] {logging_mixin.py:154} INFO - [2023-11-13T19:58:45.568+0000] {dagbag.py:536} INFO - Filling up the DagBag from /home/airflow/.local/lib/python3.8/site-packages/airflow/example_dags/example_params_ui_tutorial.py
[2023-11-13T19:58:45.587+0000] {processor.py:839} INFO - DAG(s) dict_keys(['example_params_ui_tutorial']) retrieved from /home/airflow/.local/lib/python3.8/site-packages/airflow/example_dags/example_params_ui_tutorial.py
[2023-11-13T19:58:45.610+0000] {logging_mixin.py:154} INFO - [2023-11-13T19:58:45.610+0000] {dag.py:2941} INFO - Sync 1 DAGs
[2023-11-13T19:58:45.615+0000] {logging_mixin.py:154} INFO - [2023-11-13T19:58:45.615+0000] {dag.py:3722} INFO - Setting next_dagrun for example_params_ui_tutorial to None, run_after=None
[2023-11-13T19:58:45.624+0000] {processor.py:179} INFO - Processing /home/airflow/.local/lib/python3.8/site-packages/airflow/example_dags/example_params_ui_tutorial.py took 0.059 seconds
[2023-11-13T19:59:15.859+0000] {processor.py:157} INFO - Started process (PID=198) to work on /home/airflow/.local/lib/python3.8/site-packages/airflow/example_dags/example_params_ui_tutorial.py
[2023-11-13T19:59:15.860+0000] {processor.py:829} INFO - Processing file /home/airflow/.local/lib/python3.8/site-packages/airflow/example_dags/example_params_ui_tutorial.py for tasks to queue
[2023-11-13T19:59:15.861+0000] {logging_mixin.py:154} INFO - [2023-11-13T19:59:15.861+0000] {dagbag.py:536} INFO - Filling up the DagBag from /home/airflow/.local/lib/python3.8/site-packages/airflow/example_dags/example_params_ui_tutorial.py
[2023-11-13T19:59:15.879+0000] {processor.py:839} INFO - DAG(s) dict_keys(['example_params_ui_tutorial']) retrieved from /home/airflow/.local/lib/python3.8/site-packages/airflow/example_dags/example_params_ui_tutorial.py
[2023-11-13T19:59:15.903+0000] {logging_mixin.py:154} INFO - [2023-11-13T19:59:15.903+0000] {dag.py:2941} INFO - Sync 1 DAGs
[2023-11-13T19:59:15.909+0000] {logging_mixin.py:154} INFO - [2023-11-13T19:59:15.909+0000] {dag.py:3722} INFO - Setting next_dagrun for example_params_ui_tutorial to None, run_after=None
[2023-11-13T19:59:15.916+0000] {processor.py:179} INFO - Processing /home/airflow/.local/lib/python3.8/site-packages/airflow/example_dags/example_params_ui_tutorial.py took 0.059 seconds
[2023-11-13T19:59:46.625+0000] {processor.py:157} INFO - Started process (PID=252) to work on /home/airflow/.local/lib/python3.8/site-packages/airflow/example_dags/example_params_ui_tutorial.py
[2023-11-13T19:59:46.626+0000] {processor.py:829} INFO - Processing file /home/airflow/.local/lib/python3.8/site-packages/airflow/example_dags/example_params_ui_tutorial.py for tasks to queue
[2023-11-13T19:59:46.627+0000] {logging_mixin.py:154} INFO - [2023-11-13T19:59:46.627+0000] {dagbag.py:536} INFO - Filling up the DagBag from /home/airflow/.local/lib/python3.8/site-packages/airflow/example_dags/example_params_ui_tutorial.py
[2023-11-13T19:59:46.645+0000] {processor.py:839} INFO - DAG(s) dict_keys(['example_params_ui_tutorial']) retrieved from /home/airflow/.local/lib/python3.8/site-packages/airflow/example_dags/example_params_ui_tutorial.py
[2023-11-13T19:59:46.670+0000] {logging_mixin.py:154} INFO - [2023-11-13T19:59:46.670+0000] {dag.py:2941} INFO - Sync 1 DAGs
[2023-11-13T19:59:46.676+0000] {logging_mixin.py:154} INFO - [2023-11-13T19:59:46.676+0000] {dag.py:3722} INFO - Setting next_dagrun for example_params_ui_tutorial to None, run_after=None
[2023-11-13T19:59:46.686+0000] {processor.py:179} INFO - Processing /home/airflow/.local/lib/python3.8/site-packages/airflow/example_dags/example_params_ui_tutorial.py took 0.063 seconds
[2023-11-13T20:00:17.277+0000] {processor.py:157} INFO - Started process (PID=305) to work on /home/airflow/.local/lib/python3.8/site-packages/airflow/example_dags/example_params_ui_tutorial.py
[2023-11-13T20:00:17.278+0000] {processor.py:829} INFO - Processing file /home/airflow/.local/lib/python3.8/site-packages/airflow/example_dags/example_params_ui_tutorial.py for tasks to queue
[2023-11-13T20:00:17.279+0000] {logging_mixin.py:154} INFO - [2023-11-13T20:00:17.279+0000] {dagbag.py:536} INFO - Filling up the DagBag from /home/airflow/.local/lib/python3.8/site-packages/airflow/example_dags/example_params_ui_tutorial.py
[2023-11-13T20:00:17.296+0000] {processor.py:839} INFO - DAG(s) dict_keys(['example_params_ui_tutorial']) retrieved from /home/airflow/.local/lib/python3.8/site-packages/airflow/example_dags/example_params_ui_tutorial.py
[2023-11-13T20:00:17.321+0000] {logging_mixin.py:154} INFO - [2023-11-13T20:00:17.321+0000] {dag.py:2941} INFO - Sync 1 DAGs
[2023-11-13T20:00:17.327+0000] {logging_mixin.py:154} INFO - [2023-11-13T20:00:17.327+0000] {dag.py:3722} INFO - Setting next_dagrun for example_params_ui_tutorial to None, run_after=None
[2023-11-13T20:00:17.337+0000] {processor.py:179} INFO - Processing /home/airflow/.local/lib/python3.8/site-packages/airflow/example_dags/example_params_ui_tutorial.py took 0.062 seconds
[2023-11-13T20:00:47.462+0000] {processor.py:157} INFO - Started process (PID=359) to work on /home/airflow/.local/lib/python3.8/site-packages/airflow/example_dags/example_params_ui_tutorial.py
[2023-11-13T20:00:47.462+0000] {processor.py:829} INFO - Processing file /home/airflow/.local/lib/python3.8/site-packages/airflow/example_dags/example_params_ui_tutorial.py for tasks to queue
[2023-11-13T20:00:47.464+0000] {logging_mixin.py:154} INFO - [2023-11-13T20:00:47.463+0000] {dagbag.py:536} INFO - Filling up the DagBag from /home/airflow/.local/lib/python3.8/site-packages/airflow/example_dags/example_params_ui_tutorial.py
[2023-11-13T20:00:47.485+0000] {processor.py:839} INFO - DAG(s) dict_keys(['example_params_ui_tutorial']) retrieved from /home/airflow/.local/lib/python3.8/site-packages/airflow/example_dags/example_params_ui_tutorial.py
[2023-11-13T20:00:47.509+0000] {logging_mixin.py:154} INFO - [2023-11-13T20:00:47.509+0000] {dag.py:2941} INFO - Sync 1 DAGs
[2023-11-13T20:00:47.516+0000] {logging_mixin.py:154} INFO - [2023-11-13T20:00:47.516+0000] {dag.py:3722} INFO - Setting next_dagrun for example_params_ui_tutorial to None, run_after=None
[2023-11-13T20:00:47.525+0000] {processor.py:179} INFO - Processing /home/airflow/.local/lib/python3.8/site-packages/airflow/example_dags/example_params_ui_tutorial.py took 0.066 seconds
[2023-11-13T20:01:18.175+0000] {processor.py:157} INFO - Started process (PID=413) to work on /home/airflow/.local/lib/python3.8/site-packages/airflow/example_dags/example_params_ui_tutorial.py
[2023-11-13T20:01:18.176+0000] {processor.py:829} INFO - Processing file /home/airflow/.local/lib/python3.8/site-packages/airflow/example_dags/example_params_ui_tutorial.py for tasks to queue
[2023-11-13T20:01:18.177+0000] {logging_mixin.py:154} INFO - [2023-11-13T20:01:18.177+0000] {dagbag.py:536} INFO - Filling up the DagBag from /home/airflow/.local/lib/python3.8/site-packages/airflow/example_dags/example_params_ui_tutorial.py
[2023-11-13T20:01:18.193+0000] {processor.py:839} INFO - DAG(s) dict_keys(['example_params_ui_tutorial']) retrieved from /home/airflow/.local/lib/python3.8/site-packages/airflow/example_dags/example_params_ui_tutorial.py
[2023-11-13T20:01:18.216+0000] {logging_mixin.py:154} INFO - [2023-11-13T20:01:18.216+0000] {dag.py:2941} INFO - Sync 1 DAGs
[2023-11-13T20:01:18.222+0000] {logging_mixin.py:154} INFO - [2023-11-13T20:01:18.222+0000] {dag.py:3722} INFO - Setting next_dagrun for example_params_ui_tutorial to None, run_after=None
[2023-11-13T20:01:18.230+0000] {processor.py:179} INFO - Processing /home/airflow/.local/lib/python3.8/site-packages/airflow/example_dags/example_params_ui_tutorial.py took 0.057 seconds
[2023-11-13T20:01:48.826+0000] {processor.py:157} INFO - Started process (PID=467) to work on /home/airflow/.local/lib/python3.8/site-packages/airflow/example_dags/example_params_ui_tutorial.py
[2023-11-13T20:01:48.827+0000] {processor.py:829} INFO - Processing file /home/airflow/.local/lib/python3.8/site-packages/airflow/example_dags/example_params_ui_tutorial.py for tasks to queue
[2023-11-13T20:01:48.828+0000] {logging_mixin.py:154} INFO - [2023-11-13T20:01:48.828+0000] {dagbag.py:536} INFO - Filling up the DagBag from /home/airflow/.local/lib/python3.8/site-packages/airflow/example_dags/example_params_ui_tutorial.py
[2023-11-13T20:01:48.845+0000] {processor.py:839} INFO - DAG(s) dict_keys(['example_params_ui_tutorial']) retrieved from /home/airflow/.local/lib/python3.8/site-packages/airflow/example_dags/example_params_ui_tutorial.py
[2023-11-13T20:01:48.868+0000] {logging_mixin.py:154} INFO - [2023-11-13T20:01:48.868+0000] {dag.py:2941} INFO - Sync 1 DAGs
[2023-11-13T20:01:48.873+0000] {logging_mixin.py:154} INFO - [2023-11-13T20:01:48.873+0000] {dag.py:3722} INFO - Setting next_dagrun for example_params_ui_tutorial to None, run_after=None
[2023-11-13T20:01:48.881+0000] {processor.py:179} INFO - Processing /home/airflow/.local/lib/python3.8/site-packages/airflow/example_dags/example_params_ui_tutorial.py took 0.057 seconds
[2023-11-13T20:02:19.538+0000] {processor.py:157} INFO - Started process (PID=521) to work on /home/airflow/.local/lib/python3.8/site-packages/airflow/example_dags/example_params_ui_tutorial.py
[2023-11-13T20:02:19.538+0000] {processor.py:829} INFO - Processing file /home/airflow/.local/lib/python3.8/site-packages/airflow/example_dags/example_params_ui_tutorial.py for tasks to queue
[2023-11-13T20:02:19.539+0000] {logging_mixin.py:154} INFO - [2023-11-13T20:02:19.539+0000] {dagbag.py:536} INFO - Filling up the DagBag from /home/airflow/.local/lib/python3.8/site-packages/airflow/example_dags/example_params_ui_tutorial.py
[2023-11-13T20:02:19.560+0000] {processor.py:839} INFO - DAG(s) dict_keys(['example_params_ui_tutorial']) retrieved from /home/airflow/.local/lib/python3.8/site-packages/airflow/example_dags/example_params_ui_tutorial.py
[2023-11-13T20:02:19.592+0000] {logging_mixin.py:154} INFO - [2023-11-13T20:02:19.592+0000] {dag.py:2941} INFO - Sync 1 DAGs
[2023-11-13T20:02:19.600+0000] {logging_mixin.py:154} INFO - [2023-11-13T20:02:19.600+0000] {dag.py:3722} INFO - Setting next_dagrun for example_params_ui_tutorial to None, run_after=None
[2023-11-13T20:02:19.613+0000] {processor.py:179} INFO - Processing /home/airflow/.local/lib/python3.8/site-packages/airflow/example_dags/example_params_ui_tutorial.py took 0.077 seconds
[2023-11-13T20:02:49.828+0000] {processor.py:157} INFO - Started process (PID=575) to work on /home/airflow/.local/lib/python3.8/site-packages/airflow/example_dags/example_params_ui_tutorial.py
[2023-11-13T20:02:49.828+0000] {processor.py:829} INFO - Processing file /home/airflow/.local/lib/python3.8/site-packages/airflow/example_dags/example_params_ui_tutorial.py for tasks to queue
[2023-11-13T20:02:49.830+0000] {logging_mixin.py:154} INFO - [2023-11-13T20:02:49.829+0000] {dagbag.py:536} INFO - Filling up the DagBag from /home/airflow/.local/lib/python3.8/site-packages/airflow/example_dags/example_params_ui_tutorial.py
[2023-11-13T20:02:49.849+0000] {processor.py:839} INFO - DAG(s) dict_keys(['example_params_ui_tutorial']) retrieved from /home/airflow/.local/lib/python3.8/site-packages/airflow/example_dags/example_params_ui_tutorial.py
[2023-11-13T20:02:49.874+0000] {logging_mixin.py:154} INFO - [2023-11-13T20:02:49.874+0000] {dag.py:2941} INFO - Sync 1 DAGs
[2023-11-13T20:02:49.881+0000] {logging_mixin.py:154} INFO - [2023-11-13T20:02:49.881+0000] {dag.py:3722} INFO - Setting next_dagrun for example_params_ui_tutorial to None, run_after=None
[2023-11-13T20:02:49.891+0000] {processor.py:179} INFO - Processing /home/airflow/.local/lib/python3.8/site-packages/airflow/example_dags/example_params_ui_tutorial.py took 0.065 seconds
[2023-11-13T20:03:20.008+0000] {processor.py:157} INFO - Started process (PID=629) to work on /home/airflow/.local/lib/python3.8/site-packages/airflow/example_dags/example_params_ui_tutorial.py
[2023-11-13T20:03:20.009+0000] {processor.py:829} INFO - Processing file /home/airflow/.local/lib/python3.8/site-packages/airflow/example_dags/example_params_ui_tutorial.py for tasks to queue
[2023-11-13T20:03:20.010+0000] {logging_mixin.py:154} INFO - [2023-11-13T20:03:20.010+0000] {dagbag.py:536} INFO - Filling up the DagBag from /home/airflow/.local/lib/python3.8/site-packages/airflow/example_dags/example_params_ui_tutorial.py
[2023-11-13T20:03:20.027+0000] {processor.py:839} INFO - DAG(s) dict_keys(['example_params_ui_tutorial']) retrieved from /home/airflow/.local/lib/python3.8/site-packages/airflow/example_dags/example_params_ui_tutorial.py
[2023-11-13T20:03:20.050+0000] {logging_mixin.py:154} INFO - [2023-11-13T20:03:20.050+0000] {dag.py:2941} INFO - Sync 1 DAGs
[2023-11-13T20:03:20.056+0000] {logging_mixin.py:154} INFO - [2023-11-13T20:03:20.056+0000] {dag.py:3722} INFO - Setting next_dagrun for example_params_ui_tutorial to None, run_after=None
[2023-11-13T20:03:20.064+0000] {processor.py:179} INFO - Processing /home/airflow/.local/lib/python3.8/site-packages/airflow/example_dags/example_params_ui_tutorial.py took 0.058 seconds
[2023-11-13T20:03:50.125+0000] {processor.py:157} INFO - Started process (PID=683) to work on /home/airflow/.local/lib/python3.8/site-packages/airflow/example_dags/example_params_ui_tutorial.py
[2023-11-13T20:03:50.126+0000] {processor.py:829} INFO - Processing file /home/airflow/.local/lib/python3.8/site-packages/airflow/example_dags/example_params_ui_tutorial.py for tasks to queue
[2023-11-13T20:03:50.127+0000] {logging_mixin.py:154} INFO - [2023-11-13T20:03:50.127+0000] {dagbag.py:536} INFO - Filling up the DagBag from /home/airflow/.local/lib/python3.8/site-packages/airflow/example_dags/example_params_ui_tutorial.py
[2023-11-13T20:03:50.148+0000] {processor.py:839} INFO - DAG(s) dict_keys(['example_params_ui_tutorial']) retrieved from /home/airflow/.local/lib/python3.8/site-packages/airflow/example_dags/example_params_ui_tutorial.py
[2023-11-13T20:03:50.173+0000] {logging_mixin.py:154} INFO - [2023-11-13T20:03:50.173+0000] {dag.py:2941} INFO - Sync 1 DAGs
[2023-11-13T20:03:50.180+0000] {logging_mixin.py:154} INFO - [2023-11-13T20:03:50.180+0000] {dag.py:3722} INFO - Setting next_dagrun for example_params_ui_tutorial to None, run_after=None
[2023-11-13T20:03:50.190+0000] {processor.py:179} INFO - Processing /home/airflow/.local/lib/python3.8/site-packages/airflow/example_dags/example_params_ui_tutorial.py took 0.067 seconds
[2023-11-13T20:04:20.262+0000] {processor.py:157} INFO - Started process (PID=737) to work on /home/airflow/.local/lib/python3.8/site-packages/airflow/example_dags/example_params_ui_tutorial.py
[2023-11-13T20:04:20.263+0000] {processor.py:829} INFO - Processing file /home/airflow/.local/lib/python3.8/site-packages/airflow/example_dags/example_params_ui_tutorial.py for tasks to queue
[2023-11-13T20:04:20.264+0000] {logging_mixin.py:154} INFO - [2023-11-13T20:04:20.264+0000] {dagbag.py:536} INFO - Filling up the DagBag from /home/airflow/.local/lib/python3.8/site-packages/airflow/example_dags/example_params_ui_tutorial.py
[2023-11-13T20:04:20.284+0000] {processor.py:839} INFO - DAG(s) dict_keys(['example_params_ui_tutorial']) retrieved from /home/airflow/.local/lib/python3.8/site-packages/airflow/example_dags/example_params_ui_tutorial.py
[2023-11-13T20:04:20.310+0000] {logging_mixin.py:154} INFO - [2023-11-13T20:04:20.310+0000] {dag.py:2941} INFO - Sync 1 DAGs
[2023-11-13T20:04:20.317+0000] {logging_mixin.py:154} INFO - [2023-11-13T20:04:20.317+0000] {dag.py:3722} INFO - Setting next_dagrun for example_params_ui_tutorial to None, run_after=None
[2023-11-13T20:04:20.328+0000] {processor.py:179} INFO - Processing /home/airflow/.local/lib/python3.8/site-packages/airflow/example_dags/example_params_ui_tutorial.py took 0.068 seconds
[2023-11-13T20:04:50.356+0000] {processor.py:157} INFO - Started process (PID=791) to work on /home/airflow/.local/lib/python3.8/site-packages/airflow/example_dags/example_params_ui_tutorial.py
[2023-11-13T20:04:50.357+0000] {processor.py:829} INFO - Processing file /home/airflow/.local/lib/python3.8/site-packages/airflow/example_dags/example_params_ui_tutorial.py for tasks to queue
[2023-11-13T20:04:50.358+0000] {logging_mixin.py:154} INFO - [2023-11-13T20:04:50.358+0000] {dagbag.py:536} INFO - Filling up the DagBag from /home/airflow/.local/lib/python3.8/site-packages/airflow/example_dags/example_params_ui_tutorial.py
[2023-11-13T20:04:50.375+0000] {processor.py:839} INFO - DAG(s) dict_keys(['example_params_ui_tutorial']) retrieved from /home/airflow/.local/lib/python3.8/site-packages/airflow/example_dags/example_params_ui_tutorial.py
[2023-11-13T20:04:50.398+0000] {logging_mixin.py:154} INFO - [2023-11-13T20:04:50.398+0000] {dag.py:2941} INFO - Sync 1 DAGs
[2023-11-13T20:04:50.404+0000] {logging_mixin.py:154} INFO - [2023-11-13T20:04:50.404+0000] {dag.py:3722} INFO - Setting next_dagrun for example_params_ui_tutorial to None, run_after=None
[2023-11-13T20:04:50.412+0000] {processor.py:179} INFO - Processing /home/airflow/.local/lib/python3.8/site-packages/airflow/example_dags/example_params_ui_tutorial.py took 0.058 seconds
