[2023-11-13T18:39:11.921+0000] {processor.py:157} INFO - Started process (PID=70) to work on /home/airflow/.local/lib/python3.8/site-packages/airflow/example_dags/example_subdag_operator.py
[2023-11-13T18:39:11.922+0000] {processor.py:829} INFO - Processing file /home/airflow/.local/lib/python3.8/site-packages/airflow/example_dags/example_subdag_operator.py for tasks to queue
[2023-11-13T18:39:11.925+0000] {logging_mixin.py:154} INFO - [2023-11-13T18:39:11.924+0000] {dagbag.py:536} INFO - Filling up the DagBag from /home/airflow/.local/lib/python3.8/site-packages/airflow/example_dags/example_subdag_operator.py
[2023-11-13T18:39:11.950+0000] {processor.py:839} INFO - DAG(s) dict_keys(['example_subdag_operator.section-1', 'example_subdag_operator.section-2', 'example_subdag_operator']) retrieved from /home/airflow/.local/lib/python3.8/site-packages/airflow/example_dags/example_subdag_operator.py
[2023-11-13T18:39:12.056+0000] {logging_mixin.py:154} INFO - [2023-11-13T18:39:12.056+0000] {manager.py:499} INFO - Created Permission View: %s
[2023-11-13T18:39:12.065+0000] {logging_mixin.py:154} INFO - [2023-11-13T18:39:12.065+0000] {manager.py:499} INFO - Created Permission View: %s
[2023-11-13T18:39:12.071+0000] {logging_mixin.py:154} INFO - [2023-11-13T18:39:12.071+0000] {manager.py:499} INFO - Created Permission View: %s
[2023-11-13T18:39:12.071+0000] {logging_mixin.py:154} INFO - [2023-11-13T18:39:12.071+0000] {dag.py:2941} INFO - Sync 3 DAGs
[2023-11-13T18:39:12.080+0000] {logging_mixin.py:154} INFO - [2023-11-13T18:39:12.080+0000] {dag.py:2963} INFO - Creating ORM DAG for example_subdag_operator.section-1
[2023-11-13T18:39:12.081+0000] {logging_mixin.py:154} INFO - [2023-11-13T18:39:12.080+0000] {dag.py:2963} INFO - Creating ORM DAG for example_subdag_operator
[2023-11-13T18:39:12.081+0000] {logging_mixin.py:154} INFO - [2023-11-13T18:39:12.081+0000] {dag.py:2963} INFO - Creating ORM DAG for example_subdag_operator.section-2
[2023-11-13T18:39:12.091+0000] {logging_mixin.py:154} INFO - [2023-11-13T18:39:12.090+0000] {dag.py:3722} INFO - Setting next_dagrun for example_subdag_operator to 2022-01-01T00:00:00+00:00, run_after=2022-01-01T00:00:00+00:00
[2023-11-13T18:39:12.091+0000] {logging_mixin.py:154} INFO - [2023-11-13T18:39:12.091+0000] {dag.py:3722} INFO - Setting next_dagrun for example_subdag_operator.section-1 to None, run_after=None
[2023-11-13T18:39:12.092+0000] {logging_mixin.py:154} INFO - [2023-11-13T18:39:12.092+0000] {dag.py:3722} INFO - Setting next_dagrun for example_subdag_operator.section-2 to None, run_after=None
[2023-11-13T18:39:12.101+0000] {logging_mixin.py:154} INFO - [2023-11-13T18:39:12.101+0000] {dag.py:2941} INFO - Sync 2 DAGs
[2023-11-13T18:39:12.109+0000] {logging_mixin.py:154} INFO - [2023-11-13T18:39:12.108+0000] {dag.py:3722} INFO - Setting next_dagrun for example_subdag_operator.section-1 to None, run_after=None
[2023-11-13T18:39:12.113+0000] {logging_mixin.py:154} INFO - [2023-11-13T18:39:12.112+0000] {dag.py:3722} INFO - Setting next_dagrun for example_subdag_operator.section-2 to None, run_after=None
[2023-11-13T18:39:12.126+0000] {processor.py:179} INFO - Processing /home/airflow/.local/lib/python3.8/site-packages/airflow/example_dags/example_subdag_operator.py took 0.209 seconds
[2023-11-13T18:39:44.228+0000] {processor.py:157} INFO - Started process (PID=124) to work on /home/airflow/.local/lib/python3.8/site-packages/airflow/example_dags/example_subdag_operator.py
[2023-11-13T18:39:44.229+0000] {processor.py:829} INFO - Processing file /home/airflow/.local/lib/python3.8/site-packages/airflow/example_dags/example_subdag_operator.py for tasks to queue
[2023-11-13T18:39:44.232+0000] {logging_mixin.py:154} INFO - [2023-11-13T18:39:44.231+0000] {dagbag.py:536} INFO - Filling up the DagBag from /home/airflow/.local/lib/python3.8/site-packages/airflow/example_dags/example_subdag_operator.py
[2023-11-13T18:39:44.293+0000] {processor.py:839} INFO - DAG(s) dict_keys(['example_subdag_operator.section-1', 'example_subdag_operator.section-2', 'example_subdag_operator']) retrieved from /home/airflow/.local/lib/python3.8/site-packages/airflow/example_dags/example_subdag_operator.py
[2023-11-13T18:39:44.312+0000] {logging_mixin.py:154} INFO - [2023-11-13T18:39:44.312+0000] {dag.py:2941} INFO - Sync 3 DAGs
[2023-11-13T18:39:44.335+0000] {logging_mixin.py:154} INFO - [2023-11-13T18:39:44.335+0000] {dag.py:3722} INFO - Setting next_dagrun for example_subdag_operator to 2022-01-01T00:00:00+00:00, run_after=2022-01-01T00:00:00+00:00
[2023-11-13T18:39:44.339+0000] {logging_mixin.py:154} INFO - [2023-11-13T18:39:44.339+0000] {dag.py:3722} INFO - Setting next_dagrun for example_subdag_operator.section-1 to None, run_after=None
[2023-11-13T18:39:44.340+0000] {logging_mixin.py:154} INFO - [2023-11-13T18:39:44.340+0000] {dag.py:3722} INFO - Setting next_dagrun for example_subdag_operator.section-2 to None, run_after=None
[2023-11-13T18:39:44.346+0000] {logging_mixin.py:154} INFO - [2023-11-13T18:39:44.346+0000] {dag.py:2941} INFO - Sync 2 DAGs
[2023-11-13T18:39:44.350+0000] {logging_mixin.py:154} INFO - [2023-11-13T18:39:44.350+0000] {dag.py:3722} INFO - Setting next_dagrun for example_subdag_operator.section-1 to None, run_after=None
[2023-11-13T18:39:44.350+0000] {logging_mixin.py:154} INFO - [2023-11-13T18:39:44.350+0000] {dag.py:3722} INFO - Setting next_dagrun for example_subdag_operator.section-2 to None, run_after=None
[2023-11-13T18:39:44.362+0000] {processor.py:179} INFO - Processing /home/airflow/.local/lib/python3.8/site-packages/airflow/example_dags/example_subdag_operator.py took 0.139 seconds
[2023-11-13T18:40:17.263+0000] {processor.py:157} INFO - Started process (PID=178) to work on /home/airflow/.local/lib/python3.8/site-packages/airflow/example_dags/example_subdag_operator.py
[2023-11-13T18:40:17.264+0000] {processor.py:829} INFO - Processing file /home/airflow/.local/lib/python3.8/site-packages/airflow/example_dags/example_subdag_operator.py for tasks to queue
[2023-11-13T18:40:17.267+0000] {logging_mixin.py:154} INFO - [2023-11-13T18:40:17.266+0000] {dagbag.py:536} INFO - Filling up the DagBag from /home/airflow/.local/lib/python3.8/site-packages/airflow/example_dags/example_subdag_operator.py
[2023-11-13T18:40:17.296+0000] {processor.py:839} INFO - DAG(s) dict_keys(['example_subdag_operator.section-1', 'example_subdag_operator.section-2', 'example_subdag_operator']) retrieved from /home/airflow/.local/lib/python3.8/site-packages/airflow/example_dags/example_subdag_operator.py
[2023-11-13T18:40:17.314+0000] {logging_mixin.py:154} INFO - [2023-11-13T18:40:17.314+0000] {dag.py:2941} INFO - Sync 3 DAGs
[2023-11-13T18:40:17.336+0000] {logging_mixin.py:154} INFO - [2023-11-13T18:40:17.335+0000] {dag.py:3722} INFO - Setting next_dagrun for example_subdag_operator to 2022-01-01T00:00:00+00:00, run_after=2022-01-01T00:00:00+00:00
[2023-11-13T18:40:17.346+0000] {logging_mixin.py:154} INFO - [2023-11-13T18:40:17.345+0000] {dag.py:3722} INFO - Setting next_dagrun for example_subdag_operator.section-1 to None, run_after=None
[2023-11-13T18:40:17.347+0000] {logging_mixin.py:154} INFO - [2023-11-13T18:40:17.347+0000] {dag.py:3722} INFO - Setting next_dagrun for example_subdag_operator.section-2 to None, run_after=None
[2023-11-13T18:40:17.364+0000] {logging_mixin.py:154} INFO - [2023-11-13T18:40:17.363+0000] {dag.py:2941} INFO - Sync 2 DAGs
[2023-11-13T18:40:17.370+0000] {logging_mixin.py:154} INFO - [2023-11-13T18:40:17.370+0000] {dag.py:3722} INFO - Setting next_dagrun for example_subdag_operator.section-1 to None, run_after=None
[2023-11-13T18:40:17.371+0000] {logging_mixin.py:154} INFO - [2023-11-13T18:40:17.371+0000] {dag.py:3722} INFO - Setting next_dagrun for example_subdag_operator.section-2 to None, run_after=None
[2023-11-13T18:40:17.389+0000] {processor.py:179} INFO - Processing /home/airflow/.local/lib/python3.8/site-packages/airflow/example_dags/example_subdag_operator.py took 0.130 seconds
[2023-11-13T18:40:48.272+0000] {processor.py:157} INFO - Started process (PID=232) to work on /home/airflow/.local/lib/python3.8/site-packages/airflow/example_dags/example_subdag_operator.py
[2023-11-13T18:40:48.273+0000] {processor.py:829} INFO - Processing file /home/airflow/.local/lib/python3.8/site-packages/airflow/example_dags/example_subdag_operator.py for tasks to queue
[2023-11-13T18:40:48.275+0000] {logging_mixin.py:154} INFO - [2023-11-13T18:40:48.275+0000] {dagbag.py:536} INFO - Filling up the DagBag from /home/airflow/.local/lib/python3.8/site-packages/airflow/example_dags/example_subdag_operator.py
[2023-11-13T18:40:48.293+0000] {processor.py:839} INFO - DAG(s) dict_keys(['example_subdag_operator.section-1', 'example_subdag_operator.section-2', 'example_subdag_operator']) retrieved from /home/airflow/.local/lib/python3.8/site-packages/airflow/example_dags/example_subdag_operator.py
[2023-11-13T18:40:48.303+0000] {logging_mixin.py:154} INFO - [2023-11-13T18:40:48.303+0000] {dag.py:2941} INFO - Sync 3 DAGs
[2023-11-13T18:40:48.319+0000] {logging_mixin.py:154} INFO - [2023-11-13T18:40:48.319+0000] {dag.py:3722} INFO - Setting next_dagrun for example_subdag_operator to 2022-01-01T00:00:00+00:00, run_after=2022-01-01T00:00:00+00:00
[2023-11-13T18:40:48.323+0000] {logging_mixin.py:154} INFO - [2023-11-13T18:40:48.323+0000] {dag.py:3722} INFO - Setting next_dagrun for example_subdag_operator.section-1 to None, run_after=None
[2023-11-13T18:40:48.324+0000] {logging_mixin.py:154} INFO - [2023-11-13T18:40:48.324+0000] {dag.py:3722} INFO - Setting next_dagrun for example_subdag_operator.section-2 to None, run_after=None
[2023-11-13T18:40:48.330+0000] {logging_mixin.py:154} INFO - [2023-11-13T18:40:48.330+0000] {dag.py:2941} INFO - Sync 2 DAGs
[2023-11-13T18:40:48.335+0000] {logging_mixin.py:154} INFO - [2023-11-13T18:40:48.335+0000] {dag.py:3722} INFO - Setting next_dagrun for example_subdag_operator.section-1 to None, run_after=None
[2023-11-13T18:40:48.335+0000] {logging_mixin.py:154} INFO - [2023-11-13T18:40:48.335+0000] {dag.py:3722} INFO - Setting next_dagrun for example_subdag_operator.section-2 to None, run_after=None
[2023-11-13T18:40:48.341+0000] {processor.py:179} INFO - Processing /home/airflow/.local/lib/python3.8/site-packages/airflow/example_dags/example_subdag_operator.py took 0.072 seconds
[2023-11-13T18:41:18.467+0000] {processor.py:157} INFO - Started process (PID=286) to work on /home/airflow/.local/lib/python3.8/site-packages/airflow/example_dags/example_subdag_operator.py
[2023-11-13T18:41:18.469+0000] {processor.py:829} INFO - Processing file /home/airflow/.local/lib/python3.8/site-packages/airflow/example_dags/example_subdag_operator.py for tasks to queue
[2023-11-13T18:41:18.472+0000] {logging_mixin.py:154} INFO - [2023-11-13T18:41:18.472+0000] {dagbag.py:536} INFO - Filling up the DagBag from /home/airflow/.local/lib/python3.8/site-packages/airflow/example_dags/example_subdag_operator.py
[2023-11-13T18:41:18.492+0000] {processor.py:839} INFO - DAG(s) dict_keys(['example_subdag_operator.section-1', 'example_subdag_operator.section-2', 'example_subdag_operator']) retrieved from /home/airflow/.local/lib/python3.8/site-packages/airflow/example_dags/example_subdag_operator.py
[2023-11-13T18:41:18.501+0000] {logging_mixin.py:154} INFO - [2023-11-13T18:41:18.501+0000] {dag.py:2941} INFO - Sync 3 DAGs
[2023-11-13T18:41:18.515+0000] {logging_mixin.py:154} INFO - [2023-11-13T18:41:18.515+0000] {dag.py:3722} INFO - Setting next_dagrun for example_subdag_operator to 2022-01-01T00:00:00+00:00, run_after=2022-01-01T00:00:00+00:00
[2023-11-13T18:41:18.518+0000] {logging_mixin.py:154} INFO - [2023-11-13T18:41:18.518+0000] {dag.py:3722} INFO - Setting next_dagrun for example_subdag_operator.section-1 to None, run_after=None
[2023-11-13T18:41:18.519+0000] {logging_mixin.py:154} INFO - [2023-11-13T18:41:18.519+0000] {dag.py:3722} INFO - Setting next_dagrun for example_subdag_operator.section-2 to None, run_after=None
[2023-11-13T18:41:18.524+0000] {logging_mixin.py:154} INFO - [2023-11-13T18:41:18.523+0000] {dag.py:2941} INFO - Sync 2 DAGs
[2023-11-13T18:41:18.527+0000] {logging_mixin.py:154} INFO - [2023-11-13T18:41:18.527+0000] {dag.py:3722} INFO - Setting next_dagrun for example_subdag_operator.section-1 to None, run_after=None
[2023-11-13T18:41:18.528+0000] {logging_mixin.py:154} INFO - [2023-11-13T18:41:18.527+0000] {dag.py:3722} INFO - Setting next_dagrun for example_subdag_operator.section-2 to None, run_after=None
[2023-11-13T18:41:18.533+0000] {processor.py:179} INFO - Processing /home/airflow/.local/lib/python3.8/site-packages/airflow/example_dags/example_subdag_operator.py took 0.069 seconds
[2023-11-13T18:41:49.377+0000] {processor.py:157} INFO - Started process (PID=339) to work on /home/airflow/.local/lib/python3.8/site-packages/airflow/example_dags/example_subdag_operator.py
[2023-11-13T18:41:49.379+0000] {processor.py:829} INFO - Processing file /home/airflow/.local/lib/python3.8/site-packages/airflow/example_dags/example_subdag_operator.py for tasks to queue
[2023-11-13T18:41:49.381+0000] {logging_mixin.py:154} INFO - [2023-11-13T18:41:49.381+0000] {dagbag.py:536} INFO - Filling up the DagBag from /home/airflow/.local/lib/python3.8/site-packages/airflow/example_dags/example_subdag_operator.py
[2023-11-13T18:41:49.410+0000] {processor.py:839} INFO - DAG(s) dict_keys(['example_subdag_operator.section-1', 'example_subdag_operator.section-2', 'example_subdag_operator']) retrieved from /home/airflow/.local/lib/python3.8/site-packages/airflow/example_dags/example_subdag_operator.py
[2023-11-13T18:41:49.420+0000] {logging_mixin.py:154} INFO - [2023-11-13T18:41:49.420+0000] {dag.py:2941} INFO - Sync 3 DAGs
[2023-11-13T18:41:49.433+0000] {logging_mixin.py:154} INFO - [2023-11-13T18:41:49.432+0000] {dag.py:3722} INFO - Setting next_dagrun for example_subdag_operator to 2022-01-01T00:00:00+00:00, run_after=2022-01-01T00:00:00+00:00
[2023-11-13T18:41:49.436+0000] {logging_mixin.py:154} INFO - [2023-11-13T18:41:49.436+0000] {dag.py:3722} INFO - Setting next_dagrun for example_subdag_operator.section-1 to None, run_after=None
[2023-11-13T18:41:49.437+0000] {logging_mixin.py:154} INFO - [2023-11-13T18:41:49.437+0000] {dag.py:3722} INFO - Setting next_dagrun for example_subdag_operator.section-2 to None, run_after=None
[2023-11-13T18:41:49.442+0000] {logging_mixin.py:154} INFO - [2023-11-13T18:41:49.442+0000] {dag.py:2941} INFO - Sync 2 DAGs
[2023-11-13T18:41:49.445+0000] {logging_mixin.py:154} INFO - [2023-11-13T18:41:49.444+0000] {dag.py:3722} INFO - Setting next_dagrun for example_subdag_operator.section-1 to None, run_after=None
[2023-11-13T18:41:49.445+0000] {logging_mixin.py:154} INFO - [2023-11-13T18:41:49.445+0000] {dag.py:3722} INFO - Setting next_dagrun for example_subdag_operator.section-2 to None, run_after=None
[2023-11-13T18:41:49.451+0000] {processor.py:179} INFO - Processing /home/airflow/.local/lib/python3.8/site-packages/airflow/example_dags/example_subdag_operator.py took 0.080 seconds
[2023-11-13T18:42:19.948+0000] {processor.py:157} INFO - Started process (PID=393) to work on /home/airflow/.local/lib/python3.8/site-packages/airflow/example_dags/example_subdag_operator.py
[2023-11-13T18:42:19.948+0000] {processor.py:829} INFO - Processing file /home/airflow/.local/lib/python3.8/site-packages/airflow/example_dags/example_subdag_operator.py for tasks to queue
[2023-11-13T18:42:19.951+0000] {logging_mixin.py:154} INFO - [2023-11-13T18:42:19.951+0000] {dagbag.py:536} INFO - Filling up the DagBag from /home/airflow/.local/lib/python3.8/site-packages/airflow/example_dags/example_subdag_operator.py
[2023-11-13T18:42:19.972+0000] {processor.py:839} INFO - DAG(s) dict_keys(['example_subdag_operator.section-1', 'example_subdag_operator.section-2', 'example_subdag_operator']) retrieved from /home/airflow/.local/lib/python3.8/site-packages/airflow/example_dags/example_subdag_operator.py
[2023-11-13T18:42:19.987+0000] {logging_mixin.py:154} INFO - [2023-11-13T18:42:19.987+0000] {dag.py:2941} INFO - Sync 3 DAGs
[2023-11-13T18:42:20.002+0000] {logging_mixin.py:154} INFO - [2023-11-13T18:42:20.002+0000] {dag.py:3722} INFO - Setting next_dagrun for example_subdag_operator to 2022-01-01T00:00:00+00:00, run_after=2022-01-01T00:00:00+00:00
[2023-11-13T18:42:20.004+0000] {logging_mixin.py:154} INFO - [2023-11-13T18:42:20.004+0000] {dag.py:3722} INFO - Setting next_dagrun for example_subdag_operator.section-1 to None, run_after=None
[2023-11-13T18:42:20.005+0000] {logging_mixin.py:154} INFO - [2023-11-13T18:42:20.005+0000] {dag.py:3722} INFO - Setting next_dagrun for example_subdag_operator.section-2 to None, run_after=None
[2023-11-13T18:42:20.010+0000] {logging_mixin.py:154} INFO - [2023-11-13T18:42:20.010+0000] {dag.py:2941} INFO - Sync 2 DAGs
[2023-11-13T18:42:20.014+0000] {logging_mixin.py:154} INFO - [2023-11-13T18:42:20.014+0000] {dag.py:3722} INFO - Setting next_dagrun for example_subdag_operator.section-1 to None, run_after=None
[2023-11-13T18:42:20.014+0000] {logging_mixin.py:154} INFO - [2023-11-13T18:42:20.014+0000] {dag.py:3722} INFO - Setting next_dagrun for example_subdag_operator.section-2 to None, run_after=None
[2023-11-13T18:42:20.020+0000] {processor.py:179} INFO - Processing /home/airflow/.local/lib/python3.8/site-packages/airflow/example_dags/example_subdag_operator.py took 0.075 seconds
[2023-11-13T18:42:50.146+0000] {processor.py:157} INFO - Started process (PID=447) to work on /home/airflow/.local/lib/python3.8/site-packages/airflow/example_dags/example_subdag_operator.py
[2023-11-13T18:42:50.156+0000] {processor.py:829} INFO - Processing file /home/airflow/.local/lib/python3.8/site-packages/airflow/example_dags/example_subdag_operator.py for tasks to queue
[2023-11-13T18:42:50.159+0000] {logging_mixin.py:154} INFO - [2023-11-13T18:42:50.159+0000] {dagbag.py:536} INFO - Filling up the DagBag from /home/airflow/.local/lib/python3.8/site-packages/airflow/example_dags/example_subdag_operator.py
[2023-11-13T18:42:50.197+0000] {processor.py:839} INFO - DAG(s) dict_keys(['example_subdag_operator.section-1', 'example_subdag_operator.section-2', 'example_subdag_operator']) retrieved from /home/airflow/.local/lib/python3.8/site-packages/airflow/example_dags/example_subdag_operator.py
[2023-11-13T18:42:50.212+0000] {logging_mixin.py:154} INFO - [2023-11-13T18:42:50.212+0000] {dag.py:2941} INFO - Sync 3 DAGs
[2023-11-13T18:42:50.235+0000] {logging_mixin.py:154} INFO - [2023-11-13T18:42:50.235+0000] {dag.py:3722} INFO - Setting next_dagrun for example_subdag_operator to 2022-01-01T00:00:00+00:00, run_after=2022-01-01T00:00:00+00:00
[2023-11-13T18:42:50.240+0000] {logging_mixin.py:154} INFO - [2023-11-13T18:42:50.240+0000] {dag.py:3722} INFO - Setting next_dagrun for example_subdag_operator.section-1 to None, run_after=None
[2023-11-13T18:42:50.242+0000] {logging_mixin.py:154} INFO - [2023-11-13T18:42:50.242+0000] {dag.py:3722} INFO - Setting next_dagrun for example_subdag_operator.section-2 to None, run_after=None
[2023-11-13T18:42:50.250+0000] {logging_mixin.py:154} INFO - [2023-11-13T18:42:50.250+0000] {dag.py:2941} INFO - Sync 2 DAGs
[2023-11-13T18:42:50.257+0000] {logging_mixin.py:154} INFO - [2023-11-13T18:42:50.257+0000] {dag.py:3722} INFO - Setting next_dagrun for example_subdag_operator.section-1 to None, run_after=None
[2023-11-13T18:42:50.258+0000] {logging_mixin.py:154} INFO - [2023-11-13T18:42:50.258+0000] {dag.py:3722} INFO - Setting next_dagrun for example_subdag_operator.section-2 to None, run_after=None
[2023-11-13T18:42:50.275+0000] {processor.py:179} INFO - Processing /home/airflow/.local/lib/python3.8/site-packages/airflow/example_dags/example_subdag_operator.py took 0.133 seconds
[2023-11-13T19:57:46.098+0000] {processor.py:157} INFO - Started process (PID=70) to work on /home/airflow/.local/lib/python3.8/site-packages/airflow/example_dags/example_subdag_operator.py
[2023-11-13T19:57:46.099+0000] {processor.py:829} INFO - Processing file /home/airflow/.local/lib/python3.8/site-packages/airflow/example_dags/example_subdag_operator.py for tasks to queue
[2023-11-13T19:57:46.103+0000] {logging_mixin.py:154} INFO - [2023-11-13T19:57:46.103+0000] {dagbag.py:536} INFO - Filling up the DagBag from /home/airflow/.local/lib/python3.8/site-packages/airflow/example_dags/example_subdag_operator.py
[2023-11-13T19:57:46.119+0000] {processor.py:839} INFO - DAG(s) dict_keys(['example_subdag_operator.section-1', 'example_subdag_operator.section-2', 'example_subdag_operator']) retrieved from /home/airflow/.local/lib/python3.8/site-packages/airflow/example_dags/example_subdag_operator.py
[2023-11-13T19:57:46.129+0000] {logging_mixin.py:154} INFO - [2023-11-13T19:57:46.129+0000] {dag.py:2941} INFO - Sync 3 DAGs
[2023-11-13T19:57:46.144+0000] {logging_mixin.py:154} INFO - [2023-11-13T19:57:46.144+0000] {dag.py:3722} INFO - Setting next_dagrun for example_subdag_operator to 2022-01-01T00:00:00+00:00, run_after=2022-01-01T00:00:00+00:00
[2023-11-13T19:57:46.148+0000] {logging_mixin.py:154} INFO - [2023-11-13T19:57:46.148+0000] {dag.py:3722} INFO - Setting next_dagrun for example_subdag_operator.section-1 to None, run_after=None
[2023-11-13T19:57:46.149+0000] {logging_mixin.py:154} INFO - [2023-11-13T19:57:46.149+0000] {dag.py:3722} INFO - Setting next_dagrun for example_subdag_operator.section-2 to None, run_after=None
[2023-11-13T19:57:46.154+0000] {logging_mixin.py:154} INFO - [2023-11-13T19:57:46.154+0000] {dag.py:2941} INFO - Sync 2 DAGs
[2023-11-13T19:57:46.159+0000] {logging_mixin.py:154} INFO - [2023-11-13T19:57:46.159+0000] {dag.py:3722} INFO - Setting next_dagrun for example_subdag_operator.section-1 to None, run_after=None
[2023-11-13T19:57:46.160+0000] {logging_mixin.py:154} INFO - [2023-11-13T19:57:46.160+0000] {dag.py:3722} INFO - Setting next_dagrun for example_subdag_operator.section-2 to None, run_after=None
[2023-11-13T19:57:46.174+0000] {processor.py:179} INFO - Processing /home/airflow/.local/lib/python3.8/site-packages/airflow/example_dags/example_subdag_operator.py took 0.078 seconds
[2023-11-13T19:58:16.409+0000] {processor.py:157} INFO - Started process (PID=124) to work on /home/airflow/.local/lib/python3.8/site-packages/airflow/example_dags/example_subdag_operator.py
[2023-11-13T19:58:16.410+0000] {processor.py:829} INFO - Processing file /home/airflow/.local/lib/python3.8/site-packages/airflow/example_dags/example_subdag_operator.py for tasks to queue
[2023-11-13T19:58:16.412+0000] {logging_mixin.py:154} INFO - [2023-11-13T19:58:16.412+0000] {dagbag.py:536} INFO - Filling up the DagBag from /home/airflow/.local/lib/python3.8/site-packages/airflow/example_dags/example_subdag_operator.py
[2023-11-13T19:58:16.429+0000] {processor.py:839} INFO - DAG(s) dict_keys(['example_subdag_operator.section-1', 'example_subdag_operator.section-2', 'example_subdag_operator']) retrieved from /home/airflow/.local/lib/python3.8/site-packages/airflow/example_dags/example_subdag_operator.py
[2023-11-13T19:58:16.438+0000] {logging_mixin.py:154} INFO - [2023-11-13T19:58:16.438+0000] {dag.py:2941} INFO - Sync 3 DAGs
[2023-11-13T19:58:16.450+0000] {logging_mixin.py:154} INFO - [2023-11-13T19:58:16.450+0000] {dag.py:3722} INFO - Setting next_dagrun for example_subdag_operator to 2022-01-01T00:00:00+00:00, run_after=2022-01-01T00:00:00+00:00
[2023-11-13T19:58:16.452+0000] {logging_mixin.py:154} INFO - [2023-11-13T19:58:16.452+0000] {dag.py:3722} INFO - Setting next_dagrun for example_subdag_operator.section-1 to None, run_after=None
[2023-11-13T19:58:16.453+0000] {logging_mixin.py:154} INFO - [2023-11-13T19:58:16.453+0000] {dag.py:3722} INFO - Setting next_dagrun for example_subdag_operator.section-2 to None, run_after=None
[2023-11-13T19:58:16.457+0000] {logging_mixin.py:154} INFO - [2023-11-13T19:58:16.457+0000] {dag.py:2941} INFO - Sync 2 DAGs
[2023-11-13T19:58:16.461+0000] {logging_mixin.py:154} INFO - [2023-11-13T19:58:16.461+0000] {dag.py:3722} INFO - Setting next_dagrun for example_subdag_operator.section-1 to None, run_after=None
[2023-11-13T19:58:16.461+0000] {logging_mixin.py:154} INFO - [2023-11-13T19:58:16.461+0000] {dag.py:3722} INFO - Setting next_dagrun for example_subdag_operator.section-2 to None, run_after=None
[2023-11-13T19:58:16.467+0000] {processor.py:179} INFO - Processing /home/airflow/.local/lib/python3.8/site-packages/airflow/example_dags/example_subdag_operator.py took 0.061 seconds
[2023-11-13T19:58:46.809+0000] {processor.py:157} INFO - Started process (PID=178) to work on /home/airflow/.local/lib/python3.8/site-packages/airflow/example_dags/example_subdag_operator.py
[2023-11-13T19:58:46.810+0000] {processor.py:829} INFO - Processing file /home/airflow/.local/lib/python3.8/site-packages/airflow/example_dags/example_subdag_operator.py for tasks to queue
[2023-11-13T19:58:46.812+0000] {logging_mixin.py:154} INFO - [2023-11-13T19:58:46.812+0000] {dagbag.py:536} INFO - Filling up the DagBag from /home/airflow/.local/lib/python3.8/site-packages/airflow/example_dags/example_subdag_operator.py
[2023-11-13T19:58:46.836+0000] {processor.py:839} INFO - DAG(s) dict_keys(['example_subdag_operator.section-1', 'example_subdag_operator.section-2', 'example_subdag_operator']) retrieved from /home/airflow/.local/lib/python3.8/site-packages/airflow/example_dags/example_subdag_operator.py
[2023-11-13T19:58:46.851+0000] {logging_mixin.py:154} INFO - [2023-11-13T19:58:46.851+0000] {dag.py:2941} INFO - Sync 3 DAGs
[2023-11-13T19:58:46.873+0000] {logging_mixin.py:154} INFO - [2023-11-13T19:58:46.872+0000] {dag.py:3722} INFO - Setting next_dagrun for example_subdag_operator to 2022-01-01T00:00:00+00:00, run_after=2022-01-01T00:00:00+00:00
[2023-11-13T19:58:46.876+0000] {logging_mixin.py:154} INFO - [2023-11-13T19:58:46.876+0000] {dag.py:3722} INFO - Setting next_dagrun for example_subdag_operator.section-1 to None, run_after=None
[2023-11-13T19:58:46.877+0000] {logging_mixin.py:154} INFO - [2023-11-13T19:58:46.877+0000] {dag.py:3722} INFO - Setting next_dagrun for example_subdag_operator.section-2 to None, run_after=None
[2023-11-13T19:58:46.883+0000] {logging_mixin.py:154} INFO - [2023-11-13T19:58:46.882+0000] {dag.py:2941} INFO - Sync 2 DAGs
[2023-11-13T19:58:46.891+0000] {logging_mixin.py:154} INFO - [2023-11-13T19:58:46.890+0000] {dag.py:3722} INFO - Setting next_dagrun for example_subdag_operator.section-1 to None, run_after=None
[2023-11-13T19:58:46.891+0000] {logging_mixin.py:154} INFO - [2023-11-13T19:58:46.891+0000] {dag.py:3722} INFO - Setting next_dagrun for example_subdag_operator.section-2 to None, run_after=None
[2023-11-13T19:58:46.903+0000] {processor.py:179} INFO - Processing /home/airflow/.local/lib/python3.8/site-packages/airflow/example_dags/example_subdag_operator.py took 0.097 seconds
[2023-11-13T19:59:16.945+0000] {processor.py:157} INFO - Started process (PID=232) to work on /home/airflow/.local/lib/python3.8/site-packages/airflow/example_dags/example_subdag_operator.py
[2023-11-13T19:59:16.946+0000] {processor.py:829} INFO - Processing file /home/airflow/.local/lib/python3.8/site-packages/airflow/example_dags/example_subdag_operator.py for tasks to queue
[2023-11-13T19:59:16.947+0000] {logging_mixin.py:154} INFO - [2023-11-13T19:59:16.947+0000] {dagbag.py:536} INFO - Filling up the DagBag from /home/airflow/.local/lib/python3.8/site-packages/airflow/example_dags/example_subdag_operator.py
[2023-11-13T19:59:16.961+0000] {processor.py:839} INFO - DAG(s) dict_keys(['example_subdag_operator.section-1', 'example_subdag_operator.section-2', 'example_subdag_operator']) retrieved from /home/airflow/.local/lib/python3.8/site-packages/airflow/example_dags/example_subdag_operator.py
[2023-11-13T19:59:16.969+0000] {logging_mixin.py:154} INFO - [2023-11-13T19:59:16.969+0000] {dag.py:2941} INFO - Sync 3 DAGs
[2023-11-13T19:59:16.980+0000] {logging_mixin.py:154} INFO - [2023-11-13T19:59:16.980+0000] {dag.py:3722} INFO - Setting next_dagrun for example_subdag_operator to 2022-01-01T00:00:00+00:00, run_after=2022-01-01T00:00:00+00:00
[2023-11-13T19:59:16.982+0000] {logging_mixin.py:154} INFO - [2023-11-13T19:59:16.982+0000] {dag.py:3722} INFO - Setting next_dagrun for example_subdag_operator.section-1 to None, run_after=None
[2023-11-13T19:59:16.982+0000] {logging_mixin.py:154} INFO - [2023-11-13T19:59:16.982+0000] {dag.py:3722} INFO - Setting next_dagrun for example_subdag_operator.section-2 to None, run_after=None
[2023-11-13T19:59:16.986+0000] {logging_mixin.py:154} INFO - [2023-11-13T19:59:16.986+0000] {dag.py:2941} INFO - Sync 2 DAGs
[2023-11-13T19:59:16.989+0000] {logging_mixin.py:154} INFO - [2023-11-13T19:59:16.988+0000] {dag.py:3722} INFO - Setting next_dagrun for example_subdag_operator.section-1 to None, run_after=None
[2023-11-13T19:59:16.989+0000] {logging_mixin.py:154} INFO - [2023-11-13T19:59:16.989+0000] {dag.py:3722} INFO - Setting next_dagrun for example_subdag_operator.section-2 to None, run_after=None
[2023-11-13T19:59:16.994+0000] {processor.py:179} INFO - Processing /home/airflow/.local/lib/python3.8/site-packages/airflow/example_dags/example_subdag_operator.py took 0.051 seconds
[2023-11-13T19:59:47.586+0000] {processor.py:157} INFO - Started process (PID=286) to work on /home/airflow/.local/lib/python3.8/site-packages/airflow/example_dags/example_subdag_operator.py
[2023-11-13T19:59:47.586+0000] {processor.py:829} INFO - Processing file /home/airflow/.local/lib/python3.8/site-packages/airflow/example_dags/example_subdag_operator.py for tasks to queue
[2023-11-13T19:59:47.588+0000] {logging_mixin.py:154} INFO - [2023-11-13T19:59:47.588+0000] {dagbag.py:536} INFO - Filling up the DagBag from /home/airflow/.local/lib/python3.8/site-packages/airflow/example_dags/example_subdag_operator.py
[2023-11-13T19:59:47.602+0000] {processor.py:839} INFO - DAG(s) dict_keys(['example_subdag_operator.section-1', 'example_subdag_operator.section-2', 'example_subdag_operator']) retrieved from /home/airflow/.local/lib/python3.8/site-packages/airflow/example_dags/example_subdag_operator.py
[2023-11-13T19:59:47.610+0000] {logging_mixin.py:154} INFO - [2023-11-13T19:59:47.610+0000] {dag.py:2941} INFO - Sync 3 DAGs
[2023-11-13T19:59:47.621+0000] {logging_mixin.py:154} INFO - [2023-11-13T19:59:47.621+0000] {dag.py:3722} INFO - Setting next_dagrun for example_subdag_operator to 2022-01-01T00:00:00+00:00, run_after=2022-01-01T00:00:00+00:00
[2023-11-13T19:59:47.623+0000] {logging_mixin.py:154} INFO - [2023-11-13T19:59:47.623+0000] {dag.py:3722} INFO - Setting next_dagrun for example_subdag_operator.section-1 to None, run_after=None
[2023-11-13T19:59:47.623+0000] {logging_mixin.py:154} INFO - [2023-11-13T19:59:47.623+0000] {dag.py:3722} INFO - Setting next_dagrun for example_subdag_operator.section-2 to None, run_after=None
[2023-11-13T19:59:47.627+0000] {logging_mixin.py:154} INFO - [2023-11-13T19:59:47.627+0000] {dag.py:2941} INFO - Sync 2 DAGs
[2023-11-13T19:59:47.629+0000] {logging_mixin.py:154} INFO - [2023-11-13T19:59:47.629+0000] {dag.py:3722} INFO - Setting next_dagrun for example_subdag_operator.section-1 to None, run_after=None
[2023-11-13T19:59:47.630+0000] {logging_mixin.py:154} INFO - [2023-11-13T19:59:47.630+0000] {dag.py:3722} INFO - Setting next_dagrun for example_subdag_operator.section-2 to None, run_after=None
[2023-11-13T19:59:47.635+0000] {processor.py:179} INFO - Processing /home/airflow/.local/lib/python3.8/site-packages/airflow/example_dags/example_subdag_operator.py took 0.051 seconds
[2023-11-13T20:00:18.345+0000] {processor.py:157} INFO - Started process (PID=339) to work on /home/airflow/.local/lib/python3.8/site-packages/airflow/example_dags/example_subdag_operator.py
[2023-11-13T20:00:18.346+0000] {processor.py:829} INFO - Processing file /home/airflow/.local/lib/python3.8/site-packages/airflow/example_dags/example_subdag_operator.py for tasks to queue
[2023-11-13T20:00:18.348+0000] {logging_mixin.py:154} INFO - [2023-11-13T20:00:18.348+0000] {dagbag.py:536} INFO - Filling up the DagBag from /home/airflow/.local/lib/python3.8/site-packages/airflow/example_dags/example_subdag_operator.py
[2023-11-13T20:00:18.363+0000] {processor.py:839} INFO - DAG(s) dict_keys(['example_subdag_operator.section-1', 'example_subdag_operator.section-2', 'example_subdag_operator']) retrieved from /home/airflow/.local/lib/python3.8/site-packages/airflow/example_dags/example_subdag_operator.py
[2023-11-13T20:00:18.371+0000] {logging_mixin.py:154} INFO - [2023-11-13T20:00:18.371+0000] {dag.py:2941} INFO - Sync 3 DAGs
[2023-11-13T20:00:18.382+0000] {logging_mixin.py:154} INFO - [2023-11-13T20:00:18.382+0000] {dag.py:3722} INFO - Setting next_dagrun for example_subdag_operator to 2022-01-01T00:00:00+00:00, run_after=2022-01-01T00:00:00+00:00
[2023-11-13T20:00:18.384+0000] {logging_mixin.py:154} INFO - [2023-11-13T20:00:18.384+0000] {dag.py:3722} INFO - Setting next_dagrun for example_subdag_operator.section-1 to None, run_after=None
[2023-11-13T20:00:18.385+0000] {logging_mixin.py:154} INFO - [2023-11-13T20:00:18.385+0000] {dag.py:3722} INFO - Setting next_dagrun for example_subdag_operator.section-2 to None, run_after=None
[2023-11-13T20:00:18.389+0000] {logging_mixin.py:154} INFO - [2023-11-13T20:00:18.389+0000] {dag.py:2941} INFO - Sync 2 DAGs
[2023-11-13T20:00:18.392+0000] {logging_mixin.py:154} INFO - [2023-11-13T20:00:18.392+0000] {dag.py:3722} INFO - Setting next_dagrun for example_subdag_operator.section-1 to None, run_after=None
[2023-11-13T20:00:18.393+0000] {logging_mixin.py:154} INFO - [2023-11-13T20:00:18.392+0000] {dag.py:3722} INFO - Setting next_dagrun for example_subdag_operator.section-2 to None, run_after=None
[2023-11-13T20:00:18.398+0000] {processor.py:179} INFO - Processing /home/airflow/.local/lib/python3.8/site-packages/airflow/example_dags/example_subdag_operator.py took 0.055 seconds
[2023-11-13T20:00:48.487+0000] {processor.py:157} INFO - Started process (PID=393) to work on /home/airflow/.local/lib/python3.8/site-packages/airflow/example_dags/example_subdag_operator.py
[2023-11-13T20:00:48.487+0000] {processor.py:829} INFO - Processing file /home/airflow/.local/lib/python3.8/site-packages/airflow/example_dags/example_subdag_operator.py for tasks to queue
[2023-11-13T20:00:48.489+0000] {logging_mixin.py:154} INFO - [2023-11-13T20:00:48.489+0000] {dagbag.py:536} INFO - Filling up the DagBag from /home/airflow/.local/lib/python3.8/site-packages/airflow/example_dags/example_subdag_operator.py
[2023-11-13T20:00:48.504+0000] {processor.py:839} INFO - DAG(s) dict_keys(['example_subdag_operator.section-1', 'example_subdag_operator.section-2', 'example_subdag_operator']) retrieved from /home/airflow/.local/lib/python3.8/site-packages/airflow/example_dags/example_subdag_operator.py
[2023-11-13T20:00:48.512+0000] {logging_mixin.py:154} INFO - [2023-11-13T20:00:48.512+0000] {dag.py:2941} INFO - Sync 3 DAGs
[2023-11-13T20:00:48.523+0000] {logging_mixin.py:154} INFO - [2023-11-13T20:00:48.523+0000] {dag.py:3722} INFO - Setting next_dagrun for example_subdag_operator to 2022-01-01T00:00:00+00:00, run_after=2022-01-01T00:00:00+00:00
[2023-11-13T20:00:48.525+0000] {logging_mixin.py:154} INFO - [2023-11-13T20:00:48.525+0000] {dag.py:3722} INFO - Setting next_dagrun for example_subdag_operator.section-1 to None, run_after=None
[2023-11-13T20:00:48.526+0000] {logging_mixin.py:154} INFO - [2023-11-13T20:00:48.526+0000] {dag.py:3722} INFO - Setting next_dagrun for example_subdag_operator.section-2 to None, run_after=None
[2023-11-13T20:00:48.529+0000] {logging_mixin.py:154} INFO - [2023-11-13T20:00:48.529+0000] {dag.py:2941} INFO - Sync 2 DAGs
[2023-11-13T20:00:48.532+0000] {logging_mixin.py:154} INFO - [2023-11-13T20:00:48.531+0000] {dag.py:3722} INFO - Setting next_dagrun for example_subdag_operator.section-1 to None, run_after=None
[2023-11-13T20:00:48.532+0000] {logging_mixin.py:154} INFO - [2023-11-13T20:00:48.532+0000] {dag.py:3722} INFO - Setting next_dagrun for example_subdag_operator.section-2 to None, run_after=None
[2023-11-13T20:00:48.537+0000] {processor.py:179} INFO - Processing /home/airflow/.local/lib/python3.8/site-packages/airflow/example_dags/example_subdag_operator.py took 0.052 seconds
[2023-11-13T20:01:19.212+0000] {processor.py:157} INFO - Started process (PID=447) to work on /home/airflow/.local/lib/python3.8/site-packages/airflow/example_dags/example_subdag_operator.py
[2023-11-13T20:01:19.213+0000] {processor.py:829} INFO - Processing file /home/airflow/.local/lib/python3.8/site-packages/airflow/example_dags/example_subdag_operator.py for tasks to queue
[2023-11-13T20:01:19.214+0000] {logging_mixin.py:154} INFO - [2023-11-13T20:01:19.214+0000] {dagbag.py:536} INFO - Filling up the DagBag from /home/airflow/.local/lib/python3.8/site-packages/airflow/example_dags/example_subdag_operator.py
[2023-11-13T20:01:19.228+0000] {processor.py:839} INFO - DAG(s) dict_keys(['example_subdag_operator.section-1', 'example_subdag_operator.section-2', 'example_subdag_operator']) retrieved from /home/airflow/.local/lib/python3.8/site-packages/airflow/example_dags/example_subdag_operator.py
[2023-11-13T20:01:19.235+0000] {logging_mixin.py:154} INFO - [2023-11-13T20:01:19.235+0000] {dag.py:2941} INFO - Sync 3 DAGs
[2023-11-13T20:01:19.246+0000] {logging_mixin.py:154} INFO - [2023-11-13T20:01:19.246+0000] {dag.py:3722} INFO - Setting next_dagrun for example_subdag_operator to 2022-01-01T00:00:00+00:00, run_after=2022-01-01T00:00:00+00:00
[2023-11-13T20:01:19.247+0000] {logging_mixin.py:154} INFO - [2023-11-13T20:01:19.247+0000] {dag.py:3722} INFO - Setting next_dagrun for example_subdag_operator.section-1 to None, run_after=None
[2023-11-13T20:01:19.248+0000] {logging_mixin.py:154} INFO - [2023-11-13T20:01:19.248+0000] {dag.py:3722} INFO - Setting next_dagrun for example_subdag_operator.section-2 to None, run_after=None
[2023-11-13T20:01:19.252+0000] {logging_mixin.py:154} INFO - [2023-11-13T20:01:19.251+0000] {dag.py:2941} INFO - Sync 2 DAGs
[2023-11-13T20:01:19.254+0000] {logging_mixin.py:154} INFO - [2023-11-13T20:01:19.254+0000] {dag.py:3722} INFO - Setting next_dagrun for example_subdag_operator.section-1 to None, run_after=None
[2023-11-13T20:01:19.254+0000] {logging_mixin.py:154} INFO - [2023-11-13T20:01:19.254+0000] {dag.py:3722} INFO - Setting next_dagrun for example_subdag_operator.section-2 to None, run_after=None
[2023-11-13T20:01:19.259+0000] {processor.py:179} INFO - Processing /home/airflow/.local/lib/python3.8/site-packages/airflow/example_dags/example_subdag_operator.py took 0.049 seconds
[2023-11-13T20:01:49.882+0000] {processor.py:157} INFO - Started process (PID=501) to work on /home/airflow/.local/lib/python3.8/site-packages/airflow/example_dags/example_subdag_operator.py
[2023-11-13T20:01:49.883+0000] {processor.py:829} INFO - Processing file /home/airflow/.local/lib/python3.8/site-packages/airflow/example_dags/example_subdag_operator.py for tasks to queue
[2023-11-13T20:01:49.884+0000] {logging_mixin.py:154} INFO - [2023-11-13T20:01:49.884+0000] {dagbag.py:536} INFO - Filling up the DagBag from /home/airflow/.local/lib/python3.8/site-packages/airflow/example_dags/example_subdag_operator.py
[2023-11-13T20:01:49.898+0000] {processor.py:839} INFO - DAG(s) dict_keys(['example_subdag_operator.section-1', 'example_subdag_operator.section-2', 'example_subdag_operator']) retrieved from /home/airflow/.local/lib/python3.8/site-packages/airflow/example_dags/example_subdag_operator.py
[2023-11-13T20:01:49.905+0000] {logging_mixin.py:154} INFO - [2023-11-13T20:01:49.905+0000] {dag.py:2941} INFO - Sync 3 DAGs
[2023-11-13T20:01:49.916+0000] {logging_mixin.py:154} INFO - [2023-11-13T20:01:49.916+0000] {dag.py:3722} INFO - Setting next_dagrun for example_subdag_operator to 2022-01-01T00:00:00+00:00, run_after=2022-01-01T00:00:00+00:00
[2023-11-13T20:01:49.917+0000] {logging_mixin.py:154} INFO - [2023-11-13T20:01:49.917+0000] {dag.py:3722} INFO - Setting next_dagrun for example_subdag_operator.section-1 to None, run_after=None
[2023-11-13T20:01:49.918+0000] {logging_mixin.py:154} INFO - [2023-11-13T20:01:49.918+0000] {dag.py:3722} INFO - Setting next_dagrun for example_subdag_operator.section-2 to None, run_after=None
[2023-11-13T20:01:49.921+0000] {logging_mixin.py:154} INFO - [2023-11-13T20:01:49.921+0000] {dag.py:2941} INFO - Sync 2 DAGs
[2023-11-13T20:01:49.924+0000] {logging_mixin.py:154} INFO - [2023-11-13T20:01:49.924+0000] {dag.py:3722} INFO - Setting next_dagrun for example_subdag_operator.section-1 to None, run_after=None
[2023-11-13T20:01:49.924+0000] {logging_mixin.py:154} INFO - [2023-11-13T20:01:49.924+0000] {dag.py:3722} INFO - Setting next_dagrun for example_subdag_operator.section-2 to None, run_after=None
[2023-11-13T20:01:49.929+0000] {processor.py:179} INFO - Processing /home/airflow/.local/lib/python3.8/site-packages/airflow/example_dags/example_subdag_operator.py took 0.049 seconds
[2023-11-13T20:02:20.677+0000] {processor.py:157} INFO - Started process (PID=555) to work on /home/airflow/.local/lib/python3.8/site-packages/airflow/example_dags/example_subdag_operator.py
[2023-11-13T20:02:20.678+0000] {processor.py:829} INFO - Processing file /home/airflow/.local/lib/python3.8/site-packages/airflow/example_dags/example_subdag_operator.py for tasks to queue
[2023-11-13T20:02:20.679+0000] {logging_mixin.py:154} INFO - [2023-11-13T20:02:20.679+0000] {dagbag.py:536} INFO - Filling up the DagBag from /home/airflow/.local/lib/python3.8/site-packages/airflow/example_dags/example_subdag_operator.py
[2023-11-13T20:02:20.693+0000] {processor.py:839} INFO - DAG(s) dict_keys(['example_subdag_operator.section-1', 'example_subdag_operator.section-2', 'example_subdag_operator']) retrieved from /home/airflow/.local/lib/python3.8/site-packages/airflow/example_dags/example_subdag_operator.py
[2023-11-13T20:02:20.701+0000] {logging_mixin.py:154} INFO - [2023-11-13T20:02:20.701+0000] {dag.py:2941} INFO - Sync 3 DAGs
[2023-11-13T20:02:20.712+0000] {logging_mixin.py:154} INFO - [2023-11-13T20:02:20.712+0000] {dag.py:3722} INFO - Setting next_dagrun for example_subdag_operator to 2022-01-01T00:00:00+00:00, run_after=2022-01-01T00:00:00+00:00
[2023-11-13T20:02:20.714+0000] {logging_mixin.py:154} INFO - [2023-11-13T20:02:20.714+0000] {dag.py:3722} INFO - Setting next_dagrun for example_subdag_operator.section-1 to None, run_after=None
[2023-11-13T20:02:20.714+0000] {logging_mixin.py:154} INFO - [2023-11-13T20:02:20.714+0000] {dag.py:3722} INFO - Setting next_dagrun for example_subdag_operator.section-2 to None, run_after=None
[2023-11-13T20:02:20.718+0000] {logging_mixin.py:154} INFO - [2023-11-13T20:02:20.718+0000] {dag.py:2941} INFO - Sync 2 DAGs
[2023-11-13T20:02:20.720+0000] {logging_mixin.py:154} INFO - [2023-11-13T20:02:20.720+0000] {dag.py:3722} INFO - Setting next_dagrun for example_subdag_operator.section-1 to None, run_after=None
[2023-11-13T20:02:20.720+0000] {logging_mixin.py:154} INFO - [2023-11-13T20:02:20.720+0000] {dag.py:3722} INFO - Setting next_dagrun for example_subdag_operator.section-2 to None, run_after=None
[2023-11-13T20:02:20.725+0000] {processor.py:179} INFO - Processing /home/airflow/.local/lib/python3.8/site-packages/airflow/example_dags/example_subdag_operator.py took 0.051 seconds
[2023-11-13T20:02:51.076+0000] {processor.py:157} INFO - Started process (PID=609) to work on /home/airflow/.local/lib/python3.8/site-packages/airflow/example_dags/example_subdag_operator.py
[2023-11-13T20:02:51.077+0000] {processor.py:829} INFO - Processing file /home/airflow/.local/lib/python3.8/site-packages/airflow/example_dags/example_subdag_operator.py for tasks to queue
[2023-11-13T20:02:51.079+0000] {logging_mixin.py:154} INFO - [2023-11-13T20:02:51.078+0000] {dagbag.py:536} INFO - Filling up the DagBag from /home/airflow/.local/lib/python3.8/site-packages/airflow/example_dags/example_subdag_operator.py
[2023-11-13T20:02:51.093+0000] {processor.py:839} INFO - DAG(s) dict_keys(['example_subdag_operator.section-1', 'example_subdag_operator.section-2', 'example_subdag_operator']) retrieved from /home/airflow/.local/lib/python3.8/site-packages/airflow/example_dags/example_subdag_operator.py
[2023-11-13T20:02:51.101+0000] {logging_mixin.py:154} INFO - [2023-11-13T20:02:51.101+0000] {dag.py:2941} INFO - Sync 3 DAGs
[2023-11-13T20:02:51.112+0000] {logging_mixin.py:154} INFO - [2023-11-13T20:02:51.112+0000] {dag.py:3722} INFO - Setting next_dagrun for example_subdag_operator to 2022-01-01T00:00:00+00:00, run_after=2022-01-01T00:00:00+00:00
[2023-11-13T20:02:51.113+0000] {logging_mixin.py:154} INFO - [2023-11-13T20:02:51.113+0000] {dag.py:3722} INFO - Setting next_dagrun for example_subdag_operator.section-1 to None, run_after=None
[2023-11-13T20:02:51.114+0000] {logging_mixin.py:154} INFO - [2023-11-13T20:02:51.114+0000] {dag.py:3722} INFO - Setting next_dagrun for example_subdag_operator.section-2 to None, run_after=None
[2023-11-13T20:02:51.118+0000] {logging_mixin.py:154} INFO - [2023-11-13T20:02:51.118+0000] {dag.py:2941} INFO - Sync 2 DAGs
[2023-11-13T20:02:51.121+0000] {logging_mixin.py:154} INFO - [2023-11-13T20:02:51.121+0000] {dag.py:3722} INFO - Setting next_dagrun for example_subdag_operator.section-1 to None, run_after=None
[2023-11-13T20:02:51.121+0000] {logging_mixin.py:154} INFO - [2023-11-13T20:02:51.121+0000] {dag.py:3722} INFO - Setting next_dagrun for example_subdag_operator.section-2 to None, run_after=None
[2023-11-13T20:02:51.126+0000] {processor.py:179} INFO - Processing /home/airflow/.local/lib/python3.8/site-packages/airflow/example_dags/example_subdag_operator.py took 0.052 seconds
[2023-11-13T20:03:21.219+0000] {processor.py:157} INFO - Started process (PID=663) to work on /home/airflow/.local/lib/python3.8/site-packages/airflow/example_dags/example_subdag_operator.py
[2023-11-13T20:03:21.220+0000] {processor.py:829} INFO - Processing file /home/airflow/.local/lib/python3.8/site-packages/airflow/example_dags/example_subdag_operator.py for tasks to queue
[2023-11-13T20:03:21.222+0000] {logging_mixin.py:154} INFO - [2023-11-13T20:03:21.222+0000] {dagbag.py:536} INFO - Filling up the DagBag from /home/airflow/.local/lib/python3.8/site-packages/airflow/example_dags/example_subdag_operator.py
[2023-11-13T20:03:21.236+0000] {processor.py:839} INFO - DAG(s) dict_keys(['example_subdag_operator.section-1', 'example_subdag_operator.section-2', 'example_subdag_operator']) retrieved from /home/airflow/.local/lib/python3.8/site-packages/airflow/example_dags/example_subdag_operator.py
[2023-11-13T20:03:21.245+0000] {logging_mixin.py:154} INFO - [2023-11-13T20:03:21.244+0000] {dag.py:2941} INFO - Sync 3 DAGs
[2023-11-13T20:03:21.255+0000] {logging_mixin.py:154} INFO - [2023-11-13T20:03:21.255+0000] {dag.py:3722} INFO - Setting next_dagrun for example_subdag_operator to 2022-01-01T00:00:00+00:00, run_after=2022-01-01T00:00:00+00:00
[2023-11-13T20:03:21.257+0000] {logging_mixin.py:154} INFO - [2023-11-13T20:03:21.257+0000] {dag.py:3722} INFO - Setting next_dagrun for example_subdag_operator.section-1 to None, run_after=None
[2023-11-13T20:03:21.257+0000] {logging_mixin.py:154} INFO - [2023-11-13T20:03:21.257+0000] {dag.py:3722} INFO - Setting next_dagrun for example_subdag_operator.section-2 to None, run_after=None
[2023-11-13T20:03:21.261+0000] {logging_mixin.py:154} INFO - [2023-11-13T20:03:21.261+0000] {dag.py:2941} INFO - Sync 2 DAGs
[2023-11-13T20:03:21.264+0000] {logging_mixin.py:154} INFO - [2023-11-13T20:03:21.264+0000] {dag.py:3722} INFO - Setting next_dagrun for example_subdag_operator.section-1 to None, run_after=None
[2023-11-13T20:03:21.264+0000] {logging_mixin.py:154} INFO - [2023-11-13T20:03:21.264+0000] {dag.py:3722} INFO - Setting next_dagrun for example_subdag_operator.section-2 to None, run_after=None
[2023-11-13T20:03:21.270+0000] {processor.py:179} INFO - Processing /home/airflow/.local/lib/python3.8/site-packages/airflow/example_dags/example_subdag_operator.py took 0.052 seconds
[2023-11-13T20:03:52.286+0000] {processor.py:157} INFO - Started process (PID=717) to work on /home/airflow/.local/lib/python3.8/site-packages/airflow/example_dags/example_subdag_operator.py
[2023-11-13T20:03:52.287+0000] {processor.py:829} INFO - Processing file /home/airflow/.local/lib/python3.8/site-packages/airflow/example_dags/example_subdag_operator.py for tasks to queue
[2023-11-13T20:03:52.288+0000] {logging_mixin.py:154} INFO - [2023-11-13T20:03:52.288+0000] {dagbag.py:536} INFO - Filling up the DagBag from /home/airflow/.local/lib/python3.8/site-packages/airflow/example_dags/example_subdag_operator.py
[2023-11-13T20:03:52.304+0000] {processor.py:839} INFO - DAG(s) dict_keys(['example_subdag_operator.section-1', 'example_subdag_operator.section-2', 'example_subdag_operator']) retrieved from /home/airflow/.local/lib/python3.8/site-packages/airflow/example_dags/example_subdag_operator.py
[2023-11-13T20:03:52.312+0000] {logging_mixin.py:154} INFO - [2023-11-13T20:03:52.312+0000] {dag.py:2941} INFO - Sync 3 DAGs
[2023-11-13T20:03:52.324+0000] {logging_mixin.py:154} INFO - [2023-11-13T20:03:52.323+0000] {dag.py:3722} INFO - Setting next_dagrun for example_subdag_operator to 2022-01-01T00:00:00+00:00, run_after=2022-01-01T00:00:00+00:00
[2023-11-13T20:03:52.325+0000] {logging_mixin.py:154} INFO - [2023-11-13T20:03:52.325+0000] {dag.py:3722} INFO - Setting next_dagrun for example_subdag_operator.section-1 to None, run_after=None
[2023-11-13T20:03:52.326+0000] {logging_mixin.py:154} INFO - [2023-11-13T20:03:52.326+0000] {dag.py:3722} INFO - Setting next_dagrun for example_subdag_operator.section-2 to None, run_after=None
[2023-11-13T20:03:52.330+0000] {logging_mixin.py:154} INFO - [2023-11-13T20:03:52.329+0000] {dag.py:2941} INFO - Sync 2 DAGs
[2023-11-13T20:03:52.332+0000] {logging_mixin.py:154} INFO - [2023-11-13T20:03:52.332+0000] {dag.py:3722} INFO - Setting next_dagrun for example_subdag_operator.section-1 to None, run_after=None
[2023-11-13T20:03:52.333+0000] {logging_mixin.py:154} INFO - [2023-11-13T20:03:52.333+0000] {dag.py:3722} INFO - Setting next_dagrun for example_subdag_operator.section-2 to None, run_after=None
[2023-11-13T20:03:52.338+0000] {processor.py:179} INFO - Processing /home/airflow/.local/lib/python3.8/site-packages/airflow/example_dags/example_subdag_operator.py took 0.054 seconds
[2023-11-13T20:04:22.418+0000] {processor.py:157} INFO - Started process (PID=771) to work on /home/airflow/.local/lib/python3.8/site-packages/airflow/example_dags/example_subdag_operator.py
[2023-11-13T20:04:22.419+0000] {processor.py:829} INFO - Processing file /home/airflow/.local/lib/python3.8/site-packages/airflow/example_dags/example_subdag_operator.py for tasks to queue
[2023-11-13T20:04:22.420+0000] {logging_mixin.py:154} INFO - [2023-11-13T20:04:22.420+0000] {dagbag.py:536} INFO - Filling up the DagBag from /home/airflow/.local/lib/python3.8/site-packages/airflow/example_dags/example_subdag_operator.py
[2023-11-13T20:04:22.435+0000] {processor.py:839} INFO - DAG(s) dict_keys(['example_subdag_operator.section-1', 'example_subdag_operator.section-2', 'example_subdag_operator']) retrieved from /home/airflow/.local/lib/python3.8/site-packages/airflow/example_dags/example_subdag_operator.py
[2023-11-13T20:04:22.444+0000] {logging_mixin.py:154} INFO - [2023-11-13T20:04:22.443+0000] {dag.py:2941} INFO - Sync 3 DAGs
[2023-11-13T20:04:22.455+0000] {logging_mixin.py:154} INFO - [2023-11-13T20:04:22.455+0000] {dag.py:3722} INFO - Setting next_dagrun for example_subdag_operator to 2022-01-01T00:00:00+00:00, run_after=2022-01-01T00:00:00+00:00
[2023-11-13T20:04:22.456+0000] {logging_mixin.py:154} INFO - [2023-11-13T20:04:22.456+0000] {dag.py:3722} INFO - Setting next_dagrun for example_subdag_operator.section-1 to None, run_after=None
[2023-11-13T20:04:22.457+0000] {logging_mixin.py:154} INFO - [2023-11-13T20:04:22.457+0000] {dag.py:3722} INFO - Setting next_dagrun for example_subdag_operator.section-2 to None, run_after=None
[2023-11-13T20:04:22.460+0000] {logging_mixin.py:154} INFO - [2023-11-13T20:04:22.460+0000] {dag.py:2941} INFO - Sync 2 DAGs
[2023-11-13T20:04:22.463+0000] {logging_mixin.py:154} INFO - [2023-11-13T20:04:22.463+0000] {dag.py:3722} INFO - Setting next_dagrun for example_subdag_operator.section-1 to None, run_after=None
[2023-11-13T20:04:22.463+0000] {logging_mixin.py:154} INFO - [2023-11-13T20:04:22.463+0000] {dag.py:3722} INFO - Setting next_dagrun for example_subdag_operator.section-2 to None, run_after=None
[2023-11-13T20:04:22.469+0000] {processor.py:179} INFO - Processing /home/airflow/.local/lib/python3.8/site-packages/airflow/example_dags/example_subdag_operator.py took 0.053 seconds
[2023-11-13T20:04:52.569+0000] {processor.py:157} INFO - Started process (PID=825) to work on /home/airflow/.local/lib/python3.8/site-packages/airflow/example_dags/example_subdag_operator.py
[2023-11-13T20:04:52.569+0000] {processor.py:829} INFO - Processing file /home/airflow/.local/lib/python3.8/site-packages/airflow/example_dags/example_subdag_operator.py for tasks to queue
[2023-11-13T20:04:52.571+0000] {logging_mixin.py:154} INFO - [2023-11-13T20:04:52.570+0000] {dagbag.py:536} INFO - Filling up the DagBag from /home/airflow/.local/lib/python3.8/site-packages/airflow/example_dags/example_subdag_operator.py
[2023-11-13T20:04:52.584+0000] {processor.py:839} INFO - DAG(s) dict_keys(['example_subdag_operator.section-1', 'example_subdag_operator.section-2', 'example_subdag_operator']) retrieved from /home/airflow/.local/lib/python3.8/site-packages/airflow/example_dags/example_subdag_operator.py
[2023-11-13T20:04:52.592+0000] {logging_mixin.py:154} INFO - [2023-11-13T20:04:52.592+0000] {dag.py:2941} INFO - Sync 3 DAGs
[2023-11-13T20:04:52.603+0000] {logging_mixin.py:154} INFO - [2023-11-13T20:04:52.603+0000] {dag.py:3722} INFO - Setting next_dagrun for example_subdag_operator to 2022-01-01T00:00:00+00:00, run_after=2022-01-01T00:00:00+00:00
[2023-11-13T20:04:52.605+0000] {logging_mixin.py:154} INFO - [2023-11-13T20:04:52.605+0000] {dag.py:3722} INFO - Setting next_dagrun for example_subdag_operator.section-1 to None, run_after=None
[2023-11-13T20:04:52.606+0000] {logging_mixin.py:154} INFO - [2023-11-13T20:04:52.606+0000] {dag.py:3722} INFO - Setting next_dagrun for example_subdag_operator.section-2 to None, run_after=None
[2023-11-13T20:04:52.610+0000] {logging_mixin.py:154} INFO - [2023-11-13T20:04:52.610+0000] {dag.py:2941} INFO - Sync 2 DAGs
[2023-11-13T20:04:52.613+0000] {logging_mixin.py:154} INFO - [2023-11-13T20:04:52.612+0000] {dag.py:3722} INFO - Setting next_dagrun for example_subdag_operator.section-1 to None, run_after=None
[2023-11-13T20:04:52.613+0000] {logging_mixin.py:154} INFO - [2023-11-13T20:04:52.613+0000] {dag.py:3722} INFO - Setting next_dagrun for example_subdag_operator.section-2 to None, run_after=None
[2023-11-13T20:04:52.618+0000] {processor.py:179} INFO - Processing /home/airflow/.local/lib/python3.8/site-packages/airflow/example_dags/example_subdag_operator.py took 0.051 seconds
