[2023-11-13T18:39:11.926+0000] {processor.py:157} INFO - Started process (PID=71) to work on /home/airflow/.local/lib/python3.8/site-packages/airflow/example_dags/tutorial_dag.py
[2023-11-13T18:39:11.928+0000] {processor.py:829} INFO - Processing file /home/airflow/.local/lib/python3.8/site-packages/airflow/example_dags/tutorial_dag.py for tasks to queue
[2023-11-13T18:39:11.930+0000] {logging_mixin.py:154} INFO - [2023-11-13T18:39:11.930+0000] {dagbag.py:536} INFO - Filling up the DagBag from /home/airflow/.local/lib/python3.8/site-packages/airflow/example_dags/tutorial_dag.py
[2023-11-13T18:39:11.937+0000] {processor.py:839} INFO - DAG(s) dict_keys(['tutorial_dag']) retrieved from /home/airflow/.local/lib/python3.8/site-packages/airflow/example_dags/tutorial_dag.py
[2023-11-13T18:39:12.058+0000] {logging_mixin.py:154} INFO - [2023-11-13T18:39:12.058+0000] {manager.py:499} INFO - Created Permission View: %s
[2023-11-13T18:39:12.069+0000] {logging_mixin.py:154} INFO - [2023-11-13T18:39:12.069+0000] {manager.py:499} INFO - Created Permission View: %s
[2023-11-13T18:39:12.074+0000] {logging_mixin.py:154} INFO - [2023-11-13T18:39:12.074+0000] {manager.py:499} INFO - Created Permission View: %s
[2023-11-13T18:39:12.075+0000] {logging_mixin.py:154} INFO - [2023-11-13T18:39:12.075+0000] {dag.py:2941} INFO - Sync 1 DAGs
[2023-11-13T18:39:12.085+0000] {logging_mixin.py:154} INFO - [2023-11-13T18:39:12.085+0000] {dag.py:2963} INFO - Creating ORM DAG for tutorial_dag
[2023-11-13T18:39:12.086+0000] {logging_mixin.py:154} INFO - [2023-11-13T18:39:12.085+0000] {dag.py:3722} INFO - Setting next_dagrun for tutorial_dag to None, run_after=None
[2023-11-13T18:39:12.109+0000] {processor.py:179} INFO - Processing /home/airflow/.local/lib/python3.8/site-packages/airflow/example_dags/tutorial_dag.py took 0.187 seconds
[2023-11-13T18:39:44.300+0000] {processor.py:157} INFO - Started process (PID=125) to work on /home/airflow/.local/lib/python3.8/site-packages/airflow/example_dags/tutorial_dag.py
[2023-11-13T18:39:44.302+0000] {processor.py:829} INFO - Processing file /home/airflow/.local/lib/python3.8/site-packages/airflow/example_dags/tutorial_dag.py for tasks to queue
[2023-11-13T18:39:44.304+0000] {logging_mixin.py:154} INFO - [2023-11-13T18:39:44.304+0000] {dagbag.py:536} INFO - Filling up the DagBag from /home/airflow/.local/lib/python3.8/site-packages/airflow/example_dags/tutorial_dag.py
[2023-11-13T18:39:44.313+0000] {processor.py:839} INFO - DAG(s) dict_keys(['tutorial_dag']) retrieved from /home/airflow/.local/lib/python3.8/site-packages/airflow/example_dags/tutorial_dag.py
[2023-11-13T18:39:44.339+0000] {logging_mixin.py:154} INFO - [2023-11-13T18:39:44.339+0000] {dag.py:2941} INFO - Sync 1 DAGs
[2023-11-13T18:39:44.349+0000] {logging_mixin.py:154} INFO - [2023-11-13T18:39:44.349+0000] {dag.py:3722} INFO - Setting next_dagrun for tutorial_dag to None, run_after=None
[2023-11-13T18:39:44.371+0000] {processor.py:179} INFO - Processing /home/airflow/.local/lib/python3.8/site-packages/airflow/example_dags/tutorial_dag.py took 0.075 seconds
[2023-11-13T18:40:17.415+0000] {processor.py:157} INFO - Started process (PID=179) to work on /home/airflow/.local/lib/python3.8/site-packages/airflow/example_dags/tutorial_dag.py
[2023-11-13T18:40:17.416+0000] {processor.py:829} INFO - Processing file /home/airflow/.local/lib/python3.8/site-packages/airflow/example_dags/tutorial_dag.py for tasks to queue
[2023-11-13T18:40:17.419+0000] {logging_mixin.py:154} INFO - [2023-11-13T18:40:17.418+0000] {dagbag.py:536} INFO - Filling up the DagBag from /home/airflow/.local/lib/python3.8/site-packages/airflow/example_dags/tutorial_dag.py
[2023-11-13T18:40:17.428+0000] {processor.py:839} INFO - DAG(s) dict_keys(['tutorial_dag']) retrieved from /home/airflow/.local/lib/python3.8/site-packages/airflow/example_dags/tutorial_dag.py
[2023-11-13T18:40:17.456+0000] {logging_mixin.py:154} INFO - [2023-11-13T18:40:17.456+0000] {dag.py:2941} INFO - Sync 1 DAGs
[2023-11-13T18:40:17.470+0000] {logging_mixin.py:154} INFO - [2023-11-13T18:40:17.469+0000] {dag.py:3722} INFO - Setting next_dagrun for tutorial_dag to None, run_after=None
[2023-11-13T18:40:17.488+0000] {processor.py:179} INFO - Processing /home/airflow/.local/lib/python3.8/site-packages/airflow/example_dags/tutorial_dag.py took 0.076 seconds
[2023-11-13T18:40:48.336+0000] {processor.py:157} INFO - Started process (PID=233) to work on /home/airflow/.local/lib/python3.8/site-packages/airflow/example_dags/tutorial_dag.py
[2023-11-13T18:40:48.337+0000] {processor.py:829} INFO - Processing file /home/airflow/.local/lib/python3.8/site-packages/airflow/example_dags/tutorial_dag.py for tasks to queue
[2023-11-13T18:40:48.340+0000] {logging_mixin.py:154} INFO - [2023-11-13T18:40:48.340+0000] {dagbag.py:536} INFO - Filling up the DagBag from /home/airflow/.local/lib/python3.8/site-packages/airflow/example_dags/tutorial_dag.py
[2023-11-13T18:40:48.345+0000] {processor.py:839} INFO - DAG(s) dict_keys(['tutorial_dag']) retrieved from /home/airflow/.local/lib/python3.8/site-packages/airflow/example_dags/tutorial_dag.py
[2023-11-13T18:40:48.360+0000] {logging_mixin.py:154} INFO - [2023-11-13T18:40:48.360+0000] {dag.py:2941} INFO - Sync 1 DAGs
[2023-11-13T18:40:48.368+0000] {logging_mixin.py:154} INFO - [2023-11-13T18:40:48.368+0000] {dag.py:3722} INFO - Setting next_dagrun for tutorial_dag to None, run_after=None
[2023-11-13T18:40:48.379+0000] {processor.py:179} INFO - Processing /home/airflow/.local/lib/python3.8/site-packages/airflow/example_dags/tutorial_dag.py took 0.047 seconds
[2023-11-13T18:41:18.530+0000] {processor.py:157} INFO - Started process (PID=287) to work on /home/airflow/.local/lib/python3.8/site-packages/airflow/example_dags/tutorial_dag.py
[2023-11-13T18:41:18.530+0000] {processor.py:829} INFO - Processing file /home/airflow/.local/lib/python3.8/site-packages/airflow/example_dags/tutorial_dag.py for tasks to queue
[2023-11-13T18:41:18.532+0000] {logging_mixin.py:154} INFO - [2023-11-13T18:41:18.532+0000] {dagbag.py:536} INFO - Filling up the DagBag from /home/airflow/.local/lib/python3.8/site-packages/airflow/example_dags/tutorial_dag.py
[2023-11-13T18:41:18.537+0000] {processor.py:839} INFO - DAG(s) dict_keys(['tutorial_dag']) retrieved from /home/airflow/.local/lib/python3.8/site-packages/airflow/example_dags/tutorial_dag.py
[2023-11-13T18:41:18.552+0000] {logging_mixin.py:154} INFO - [2023-11-13T18:41:18.552+0000] {dag.py:2941} INFO - Sync 1 DAGs
[2023-11-13T18:41:18.560+0000] {logging_mixin.py:154} INFO - [2023-11-13T18:41:18.560+0000] {dag.py:3722} INFO - Setting next_dagrun for tutorial_dag to None, run_after=None
[2023-11-13T18:41:18.571+0000] {processor.py:179} INFO - Processing /home/airflow/.local/lib/python3.8/site-packages/airflow/example_dags/tutorial_dag.py took 0.044 seconds
[2023-11-13T18:41:49.446+0000] {processor.py:157} INFO - Started process (PID=340) to work on /home/airflow/.local/lib/python3.8/site-packages/airflow/example_dags/tutorial_dag.py
[2023-11-13T18:41:49.447+0000] {processor.py:829} INFO - Processing file /home/airflow/.local/lib/python3.8/site-packages/airflow/example_dags/tutorial_dag.py for tasks to queue
[2023-11-13T18:41:49.449+0000] {logging_mixin.py:154} INFO - [2023-11-13T18:41:49.448+0000] {dagbag.py:536} INFO - Filling up the DagBag from /home/airflow/.local/lib/python3.8/site-packages/airflow/example_dags/tutorial_dag.py
[2023-11-13T18:41:49.453+0000] {processor.py:839} INFO - DAG(s) dict_keys(['tutorial_dag']) retrieved from /home/airflow/.local/lib/python3.8/site-packages/airflow/example_dags/tutorial_dag.py
[2023-11-13T18:41:49.466+0000] {logging_mixin.py:154} INFO - [2023-11-13T18:41:49.466+0000] {dag.py:2941} INFO - Sync 1 DAGs
[2023-11-13T18:41:49.474+0000] {logging_mixin.py:154} INFO - [2023-11-13T18:41:49.473+0000] {dag.py:3722} INFO - Setting next_dagrun for tutorial_dag to None, run_after=None
[2023-11-13T18:41:49.483+0000] {processor.py:179} INFO - Processing /home/airflow/.local/lib/python3.8/site-packages/airflow/example_dags/tutorial_dag.py took 0.039 seconds
[2023-11-13T18:42:20.015+0000] {processor.py:157} INFO - Started process (PID=394) to work on /home/airflow/.local/lib/python3.8/site-packages/airflow/example_dags/tutorial_dag.py
[2023-11-13T18:42:20.016+0000] {processor.py:829} INFO - Processing file /home/airflow/.local/lib/python3.8/site-packages/airflow/example_dags/tutorial_dag.py for tasks to queue
[2023-11-13T18:42:20.018+0000] {logging_mixin.py:154} INFO - [2023-11-13T18:42:20.018+0000] {dagbag.py:536} INFO - Filling up the DagBag from /home/airflow/.local/lib/python3.8/site-packages/airflow/example_dags/tutorial_dag.py
[2023-11-13T18:42:20.022+0000] {processor.py:839} INFO - DAG(s) dict_keys(['tutorial_dag']) retrieved from /home/airflow/.local/lib/python3.8/site-packages/airflow/example_dags/tutorial_dag.py
[2023-11-13T18:42:20.034+0000] {logging_mixin.py:154} INFO - [2023-11-13T18:42:20.034+0000] {dag.py:2941} INFO - Sync 1 DAGs
[2023-11-13T18:42:20.042+0000] {logging_mixin.py:154} INFO - [2023-11-13T18:42:20.042+0000] {dag.py:3722} INFO - Setting next_dagrun for tutorial_dag to None, run_after=None
[2023-11-13T18:42:20.052+0000] {processor.py:179} INFO - Processing /home/airflow/.local/lib/python3.8/site-packages/airflow/example_dags/tutorial_dag.py took 0.040 seconds
[2023-11-13T18:42:50.263+0000] {processor.py:157} INFO - Started process (PID=448) to work on /home/airflow/.local/lib/python3.8/site-packages/airflow/example_dags/tutorial_dag.py
[2023-11-13T18:42:50.264+0000] {processor.py:829} INFO - Processing file /home/airflow/.local/lib/python3.8/site-packages/airflow/example_dags/tutorial_dag.py for tasks to queue
[2023-11-13T18:42:50.267+0000] {logging_mixin.py:154} INFO - [2023-11-13T18:42:50.267+0000] {dagbag.py:536} INFO - Filling up the DagBag from /home/airflow/.local/lib/python3.8/site-packages/airflow/example_dags/tutorial_dag.py
[2023-11-13T18:42:50.273+0000] {processor.py:839} INFO - DAG(s) dict_keys(['tutorial_dag']) retrieved from /home/airflow/.local/lib/python3.8/site-packages/airflow/example_dags/tutorial_dag.py
[2023-11-13T18:42:50.292+0000] {logging_mixin.py:154} INFO - [2023-11-13T18:42:50.292+0000] {dag.py:2941} INFO - Sync 1 DAGs
[2023-11-13T18:42:50.302+0000] {logging_mixin.py:154} INFO - [2023-11-13T18:42:50.301+0000] {dag.py:3722} INFO - Setting next_dagrun for tutorial_dag to None, run_after=None
[2023-11-13T18:42:50.321+0000] {processor.py:179} INFO - Processing /home/airflow/.local/lib/python3.8/site-packages/airflow/example_dags/tutorial_dag.py took 0.062 seconds
[2023-11-13T19:57:46.108+0000] {processor.py:157} INFO - Started process (PID=71) to work on /home/airflow/.local/lib/python3.8/site-packages/airflow/example_dags/tutorial_dag.py
[2023-11-13T19:57:46.109+0000] {processor.py:829} INFO - Processing file /home/airflow/.local/lib/python3.8/site-packages/airflow/example_dags/tutorial_dag.py for tasks to queue
[2023-11-13T19:57:46.111+0000] {logging_mixin.py:154} INFO - [2023-11-13T19:57:46.111+0000] {dagbag.py:536} INFO - Filling up the DagBag from /home/airflow/.local/lib/python3.8/site-packages/airflow/example_dags/tutorial_dag.py
[2023-11-13T19:57:46.114+0000] {processor.py:839} INFO - DAG(s) dict_keys(['tutorial_dag']) retrieved from /home/airflow/.local/lib/python3.8/site-packages/airflow/example_dags/tutorial_dag.py
[2023-11-13T19:57:46.126+0000] {logging_mixin.py:154} INFO - [2023-11-13T19:57:46.126+0000] {dag.py:2941} INFO - Sync 1 DAGs
[2023-11-13T19:57:46.134+0000] {logging_mixin.py:154} INFO - [2023-11-13T19:57:46.134+0000] {dag.py:3722} INFO - Setting next_dagrun for tutorial_dag to None, run_after=None
[2023-11-13T19:57:46.152+0000] {processor.py:179} INFO - Processing /home/airflow/.local/lib/python3.8/site-packages/airflow/example_dags/tutorial_dag.py took 0.046 seconds
[2023-11-13T19:58:16.465+0000] {processor.py:157} INFO - Started process (PID=125) to work on /home/airflow/.local/lib/python3.8/site-packages/airflow/example_dags/tutorial_dag.py
[2023-11-13T19:58:16.466+0000] {processor.py:829} INFO - Processing file /home/airflow/.local/lib/python3.8/site-packages/airflow/example_dags/tutorial_dag.py for tasks to queue
[2023-11-13T19:58:16.468+0000] {logging_mixin.py:154} INFO - [2023-11-13T19:58:16.467+0000] {dagbag.py:536} INFO - Filling up the DagBag from /home/airflow/.local/lib/python3.8/site-packages/airflow/example_dags/tutorial_dag.py
[2023-11-13T19:58:16.472+0000] {processor.py:839} INFO - DAG(s) dict_keys(['tutorial_dag']) retrieved from /home/airflow/.local/lib/python3.8/site-packages/airflow/example_dags/tutorial_dag.py
[2023-11-13T19:58:16.485+0000] {logging_mixin.py:154} INFO - [2023-11-13T19:58:16.485+0000] {dag.py:2941} INFO - Sync 1 DAGs
[2023-11-13T19:58:16.491+0000] {logging_mixin.py:154} INFO - [2023-11-13T19:58:16.491+0000] {dag.py:3722} INFO - Setting next_dagrun for tutorial_dag to None, run_after=None
[2023-11-13T19:58:16.501+0000] {processor.py:179} INFO - Processing /home/airflow/.local/lib/python3.8/site-packages/airflow/example_dags/tutorial_dag.py took 0.038 seconds
[2023-11-13T19:58:46.827+0000] {processor.py:157} INFO - Started process (PID=179) to work on /home/airflow/.local/lib/python3.8/site-packages/airflow/example_dags/tutorial_dag.py
[2023-11-13T19:58:46.828+0000] {processor.py:829} INFO - Processing file /home/airflow/.local/lib/python3.8/site-packages/airflow/example_dags/tutorial_dag.py for tasks to queue
[2023-11-13T19:58:46.832+0000] {logging_mixin.py:154} INFO - [2023-11-13T19:58:46.831+0000] {dagbag.py:536} INFO - Filling up the DagBag from /home/airflow/.local/lib/python3.8/site-packages/airflow/example_dags/tutorial_dag.py
[2023-11-13T19:58:46.836+0000] {processor.py:839} INFO - DAG(s) dict_keys(['tutorial_dag']) retrieved from /home/airflow/.local/lib/python3.8/site-packages/airflow/example_dags/tutorial_dag.py
[2023-11-13T19:58:46.857+0000] {logging_mixin.py:154} INFO - [2023-11-13T19:58:46.857+0000] {dag.py:2941} INFO - Sync 1 DAGs
[2023-11-13T19:58:46.873+0000] {logging_mixin.py:154} INFO - [2023-11-13T19:58:46.873+0000] {dag.py:3722} INFO - Setting next_dagrun for tutorial_dag to None, run_after=None
[2023-11-13T19:58:46.894+0000] {processor.py:179} INFO - Processing /home/airflow/.local/lib/python3.8/site-packages/airflow/example_dags/tutorial_dag.py took 0.069 seconds
[2023-11-13T19:59:16.954+0000] {processor.py:157} INFO - Started process (PID=233) to work on /home/airflow/.local/lib/python3.8/site-packages/airflow/example_dags/tutorial_dag.py
[2023-11-13T19:59:16.955+0000] {processor.py:829} INFO - Processing file /home/airflow/.local/lib/python3.8/site-packages/airflow/example_dags/tutorial_dag.py for tasks to queue
[2023-11-13T19:59:16.956+0000] {logging_mixin.py:154} INFO - [2023-11-13T19:59:16.956+0000] {dagbag.py:536} INFO - Filling up the DagBag from /home/airflow/.local/lib/python3.8/site-packages/airflow/example_dags/tutorial_dag.py
[2023-11-13T19:59:16.959+0000] {processor.py:839} INFO - DAG(s) dict_keys(['tutorial_dag']) retrieved from /home/airflow/.local/lib/python3.8/site-packages/airflow/example_dags/tutorial_dag.py
[2023-11-13T19:59:16.971+0000] {logging_mixin.py:154} INFO - [2023-11-13T19:59:16.971+0000] {dag.py:2941} INFO - Sync 1 DAGs
[2023-11-13T19:59:16.977+0000] {logging_mixin.py:154} INFO - [2023-11-13T19:59:16.977+0000] {dag.py:3722} INFO - Setting next_dagrun for tutorial_dag to None, run_after=None
[2023-11-13T19:59:16.986+0000] {processor.py:179} INFO - Processing /home/airflow/.local/lib/python3.8/site-packages/airflow/example_dags/tutorial_dag.py took 0.034 seconds
[2023-11-13T19:59:47.598+0000] {processor.py:157} INFO - Started process (PID=287) to work on /home/airflow/.local/lib/python3.8/site-packages/airflow/example_dags/tutorial_dag.py
[2023-11-13T19:59:47.598+0000] {processor.py:829} INFO - Processing file /home/airflow/.local/lib/python3.8/site-packages/airflow/example_dags/tutorial_dag.py for tasks to queue
[2023-11-13T19:59:47.600+0000] {logging_mixin.py:154} INFO - [2023-11-13T19:59:47.600+0000] {dagbag.py:536} INFO - Filling up the DagBag from /home/airflow/.local/lib/python3.8/site-packages/airflow/example_dags/tutorial_dag.py
[2023-11-13T19:59:47.603+0000] {processor.py:839} INFO - DAG(s) dict_keys(['tutorial_dag']) retrieved from /home/airflow/.local/lib/python3.8/site-packages/airflow/example_dags/tutorial_dag.py
[2023-11-13T19:59:47.614+0000] {logging_mixin.py:154} INFO - [2023-11-13T19:59:47.614+0000] {dag.py:2941} INFO - Sync 1 DAGs
[2023-11-13T19:59:47.620+0000] {logging_mixin.py:154} INFO - [2023-11-13T19:59:47.620+0000] {dag.py:3722} INFO - Setting next_dagrun for tutorial_dag to None, run_after=None
[2023-11-13T19:59:47.629+0000] {processor.py:179} INFO - Processing /home/airflow/.local/lib/python3.8/site-packages/airflow/example_dags/tutorial_dag.py took 0.033 seconds
[2023-11-13T20:00:18.353+0000] {processor.py:157} INFO - Started process (PID=340) to work on /home/airflow/.local/lib/python3.8/site-packages/airflow/example_dags/tutorial_dag.py
[2023-11-13T20:00:18.354+0000] {processor.py:829} INFO - Processing file /home/airflow/.local/lib/python3.8/site-packages/airflow/example_dags/tutorial_dag.py for tasks to queue
[2023-11-13T20:00:18.355+0000] {logging_mixin.py:154} INFO - [2023-11-13T20:00:18.355+0000] {dagbag.py:536} INFO - Filling up the DagBag from /home/airflow/.local/lib/python3.8/site-packages/airflow/example_dags/tutorial_dag.py
[2023-11-13T20:00:18.359+0000] {processor.py:839} INFO - DAG(s) dict_keys(['tutorial_dag']) retrieved from /home/airflow/.local/lib/python3.8/site-packages/airflow/example_dags/tutorial_dag.py
[2023-11-13T20:00:18.370+0000] {logging_mixin.py:154} INFO - [2023-11-13T20:00:18.370+0000] {dag.py:2941} INFO - Sync 1 DAGs
[2023-11-13T20:00:18.377+0000] {logging_mixin.py:154} INFO - [2023-11-13T20:00:18.377+0000] {dag.py:3722} INFO - Setting next_dagrun for tutorial_dag to None, run_after=None
[2023-11-13T20:00:18.387+0000] {processor.py:179} INFO - Processing /home/airflow/.local/lib/python3.8/site-packages/airflow/example_dags/tutorial_dag.py took 0.036 seconds
[2023-11-13T20:00:48.505+0000] {processor.py:157} INFO - Started process (PID=394) to work on /home/airflow/.local/lib/python3.8/site-packages/airflow/example_dags/tutorial_dag.py
[2023-11-13T20:00:48.506+0000] {processor.py:829} INFO - Processing file /home/airflow/.local/lib/python3.8/site-packages/airflow/example_dags/tutorial_dag.py for tasks to queue
[2023-11-13T20:00:48.507+0000] {logging_mixin.py:154} INFO - [2023-11-13T20:00:48.507+0000] {dagbag.py:536} INFO - Filling up the DagBag from /home/airflow/.local/lib/python3.8/site-packages/airflow/example_dags/tutorial_dag.py
[2023-11-13T20:00:48.511+0000] {processor.py:839} INFO - DAG(s) dict_keys(['tutorial_dag']) retrieved from /home/airflow/.local/lib/python3.8/site-packages/airflow/example_dags/tutorial_dag.py
[2023-11-13T20:00:48.522+0000] {logging_mixin.py:154} INFO - [2023-11-13T20:00:48.522+0000] {dag.py:2941} INFO - Sync 1 DAGs
[2023-11-13T20:00:48.528+0000] {logging_mixin.py:154} INFO - [2023-11-13T20:00:48.528+0000] {dag.py:3722} INFO - Setting next_dagrun for tutorial_dag to None, run_after=None
[2023-11-13T20:00:48.537+0000] {processor.py:179} INFO - Processing /home/airflow/.local/lib/python3.8/site-packages/airflow/example_dags/tutorial_dag.py took 0.034 seconds
[2023-11-13T20:01:19.257+0000] {processor.py:157} INFO - Started process (PID=448) to work on /home/airflow/.local/lib/python3.8/site-packages/airflow/example_dags/tutorial_dag.py
[2023-11-13T20:01:19.257+0000] {processor.py:829} INFO - Processing file /home/airflow/.local/lib/python3.8/site-packages/airflow/example_dags/tutorial_dag.py for tasks to queue
[2023-11-13T20:01:19.259+0000] {logging_mixin.py:154} INFO - [2023-11-13T20:01:19.258+0000] {dagbag.py:536} INFO - Filling up the DagBag from /home/airflow/.local/lib/python3.8/site-packages/airflow/example_dags/tutorial_dag.py
[2023-11-13T20:01:19.262+0000] {processor.py:839} INFO - DAG(s) dict_keys(['tutorial_dag']) retrieved from /home/airflow/.local/lib/python3.8/site-packages/airflow/example_dags/tutorial_dag.py
[2023-11-13T20:01:19.276+0000] {logging_mixin.py:154} INFO - [2023-11-13T20:01:19.275+0000] {dag.py:2941} INFO - Sync 1 DAGs
[2023-11-13T20:01:19.282+0000] {logging_mixin.py:154} INFO - [2023-11-13T20:01:19.282+0000] {dag.py:3722} INFO - Setting next_dagrun for tutorial_dag to None, run_after=None
[2023-11-13T20:01:19.292+0000] {processor.py:179} INFO - Processing /home/airflow/.local/lib/python3.8/site-packages/airflow/example_dags/tutorial_dag.py took 0.037 seconds
[2023-11-13T20:01:49.892+0000] {processor.py:157} INFO - Started process (PID=502) to work on /home/airflow/.local/lib/python3.8/site-packages/airflow/example_dags/tutorial_dag.py
[2023-11-13T20:01:49.893+0000] {processor.py:829} INFO - Processing file /home/airflow/.local/lib/python3.8/site-packages/airflow/example_dags/tutorial_dag.py for tasks to queue
[2023-11-13T20:01:49.894+0000] {logging_mixin.py:154} INFO - [2023-11-13T20:01:49.894+0000] {dagbag.py:536} INFO - Filling up the DagBag from /home/airflow/.local/lib/python3.8/site-packages/airflow/example_dags/tutorial_dag.py
[2023-11-13T20:01:49.897+0000] {processor.py:839} INFO - DAG(s) dict_keys(['tutorial_dag']) retrieved from /home/airflow/.local/lib/python3.8/site-packages/airflow/example_dags/tutorial_dag.py
[2023-11-13T20:01:49.908+0000] {logging_mixin.py:154} INFO - [2023-11-13T20:01:49.908+0000] {dag.py:2941} INFO - Sync 1 DAGs
[2023-11-13T20:01:49.914+0000] {logging_mixin.py:154} INFO - [2023-11-13T20:01:49.914+0000] {dag.py:3722} INFO - Setting next_dagrun for tutorial_dag to None, run_after=None
[2023-11-13T20:01:49.922+0000] {processor.py:179} INFO - Processing /home/airflow/.local/lib/python3.8/site-packages/airflow/example_dags/tutorial_dag.py took 0.032 seconds
[2023-11-13T20:02:20.691+0000] {processor.py:157} INFO - Started process (PID=556) to work on /home/airflow/.local/lib/python3.8/site-packages/airflow/example_dags/tutorial_dag.py
[2023-11-13T20:02:20.691+0000] {processor.py:829} INFO - Processing file /home/airflow/.local/lib/python3.8/site-packages/airflow/example_dags/tutorial_dag.py for tasks to queue
[2023-11-13T20:02:20.693+0000] {logging_mixin.py:154} INFO - [2023-11-13T20:02:20.693+0000] {dagbag.py:536} INFO - Filling up the DagBag from /home/airflow/.local/lib/python3.8/site-packages/airflow/example_dags/tutorial_dag.py
[2023-11-13T20:02:20.696+0000] {processor.py:839} INFO - DAG(s) dict_keys(['tutorial_dag']) retrieved from /home/airflow/.local/lib/python3.8/site-packages/airflow/example_dags/tutorial_dag.py
[2023-11-13T20:02:20.707+0000] {logging_mixin.py:154} INFO - [2023-11-13T20:02:20.707+0000] {dag.py:2941} INFO - Sync 1 DAGs
[2023-11-13T20:02:20.713+0000] {logging_mixin.py:154} INFO - [2023-11-13T20:02:20.713+0000] {dag.py:3722} INFO - Setting next_dagrun for tutorial_dag to None, run_after=None
[2023-11-13T20:02:20.722+0000] {processor.py:179} INFO - Processing /home/airflow/.local/lib/python3.8/site-packages/airflow/example_dags/tutorial_dag.py took 0.033 seconds
[2023-11-13T20:02:51.091+0000] {processor.py:157} INFO - Started process (PID=610) to work on /home/airflow/.local/lib/python3.8/site-packages/airflow/example_dags/tutorial_dag.py
[2023-11-13T20:02:51.091+0000] {processor.py:829} INFO - Processing file /home/airflow/.local/lib/python3.8/site-packages/airflow/example_dags/tutorial_dag.py for tasks to queue
[2023-11-13T20:02:51.093+0000] {logging_mixin.py:154} INFO - [2023-11-13T20:02:51.093+0000] {dagbag.py:536} INFO - Filling up the DagBag from /home/airflow/.local/lib/python3.8/site-packages/airflow/example_dags/tutorial_dag.py
[2023-11-13T20:02:51.096+0000] {processor.py:839} INFO - DAG(s) dict_keys(['tutorial_dag']) retrieved from /home/airflow/.local/lib/python3.8/site-packages/airflow/example_dags/tutorial_dag.py
[2023-11-13T20:02:51.107+0000] {logging_mixin.py:154} INFO - [2023-11-13T20:02:51.107+0000] {dag.py:2941} INFO - Sync 1 DAGs
[2023-11-13T20:02:51.114+0000] {logging_mixin.py:154} INFO - [2023-11-13T20:02:51.113+0000] {dag.py:3722} INFO - Setting next_dagrun for tutorial_dag to None, run_after=None
[2023-11-13T20:02:51.122+0000] {processor.py:179} INFO - Processing /home/airflow/.local/lib/python3.8/site-packages/airflow/example_dags/tutorial_dag.py took 0.034 seconds
[2023-11-13T20:03:21.226+0000] {processor.py:157} INFO - Started process (PID=664) to work on /home/airflow/.local/lib/python3.8/site-packages/airflow/example_dags/tutorial_dag.py
[2023-11-13T20:03:21.227+0000] {processor.py:829} INFO - Processing file /home/airflow/.local/lib/python3.8/site-packages/airflow/example_dags/tutorial_dag.py for tasks to queue
[2023-11-13T20:03:21.228+0000] {logging_mixin.py:154} INFO - [2023-11-13T20:03:21.228+0000] {dagbag.py:536} INFO - Filling up the DagBag from /home/airflow/.local/lib/python3.8/site-packages/airflow/example_dags/tutorial_dag.py
[2023-11-13T20:03:21.232+0000] {processor.py:839} INFO - DAG(s) dict_keys(['tutorial_dag']) retrieved from /home/airflow/.local/lib/python3.8/site-packages/airflow/example_dags/tutorial_dag.py
[2023-11-13T20:03:21.243+0000] {logging_mixin.py:154} INFO - [2023-11-13T20:03:21.243+0000] {dag.py:2941} INFO - Sync 1 DAGs
[2023-11-13T20:03:21.250+0000] {logging_mixin.py:154} INFO - [2023-11-13T20:03:21.250+0000] {dag.py:3722} INFO - Setting next_dagrun for tutorial_dag to None, run_after=None
[2023-11-13T20:03:21.259+0000] {processor.py:179} INFO - Processing /home/airflow/.local/lib/python3.8/site-packages/airflow/example_dags/tutorial_dag.py took 0.035 seconds
[2023-11-13T20:03:52.301+0000] {processor.py:157} INFO - Started process (PID=718) to work on /home/airflow/.local/lib/python3.8/site-packages/airflow/example_dags/tutorial_dag.py
[2023-11-13T20:03:52.301+0000] {processor.py:829} INFO - Processing file /home/airflow/.local/lib/python3.8/site-packages/airflow/example_dags/tutorial_dag.py for tasks to queue
[2023-11-13T20:03:52.303+0000] {logging_mixin.py:154} INFO - [2023-11-13T20:03:52.303+0000] {dagbag.py:536} INFO - Filling up the DagBag from /home/airflow/.local/lib/python3.8/site-packages/airflow/example_dags/tutorial_dag.py
[2023-11-13T20:03:52.306+0000] {processor.py:839} INFO - DAG(s) dict_keys(['tutorial_dag']) retrieved from /home/airflow/.local/lib/python3.8/site-packages/airflow/example_dags/tutorial_dag.py
[2023-11-13T20:03:52.318+0000] {logging_mixin.py:154} INFO - [2023-11-13T20:03:52.318+0000] {dag.py:2941} INFO - Sync 1 DAGs
[2023-11-13T20:03:52.325+0000] {logging_mixin.py:154} INFO - [2023-11-13T20:03:52.325+0000] {dag.py:3722} INFO - Setting next_dagrun for tutorial_dag to None, run_after=None
[2023-11-13T20:03:52.334+0000] {processor.py:179} INFO - Processing /home/airflow/.local/lib/python3.8/site-packages/airflow/example_dags/tutorial_dag.py took 0.036 seconds
[2023-11-13T20:04:22.431+0000] {processor.py:157} INFO - Started process (PID=772) to work on /home/airflow/.local/lib/python3.8/site-packages/airflow/example_dags/tutorial_dag.py
[2023-11-13T20:04:22.432+0000] {processor.py:829} INFO - Processing file /home/airflow/.local/lib/python3.8/site-packages/airflow/example_dags/tutorial_dag.py for tasks to queue
[2023-11-13T20:04:22.434+0000] {logging_mixin.py:154} INFO - [2023-11-13T20:04:22.434+0000] {dagbag.py:536} INFO - Filling up the DagBag from /home/airflow/.local/lib/python3.8/site-packages/airflow/example_dags/tutorial_dag.py
[2023-11-13T20:04:22.438+0000] {processor.py:839} INFO - DAG(s) dict_keys(['tutorial_dag']) retrieved from /home/airflow/.local/lib/python3.8/site-packages/airflow/example_dags/tutorial_dag.py
[2023-11-13T20:04:22.448+0000] {logging_mixin.py:154} INFO - [2023-11-13T20:04:22.448+0000] {dag.py:2941} INFO - Sync 1 DAGs
[2023-11-13T20:04:22.455+0000] {logging_mixin.py:154} INFO - [2023-11-13T20:04:22.455+0000] {dag.py:3722} INFO - Setting next_dagrun for tutorial_dag to None, run_after=None
[2023-11-13T20:04:22.463+0000] {processor.py:179} INFO - Processing /home/airflow/.local/lib/python3.8/site-packages/airflow/example_dags/tutorial_dag.py took 0.034 seconds
[2023-11-13T20:04:52.601+0000] {processor.py:157} INFO - Started process (PID=826) to work on /home/airflow/.local/lib/python3.8/site-packages/airflow/example_dags/tutorial_dag.py
[2023-11-13T20:04:52.602+0000] {processor.py:829} INFO - Processing file /home/airflow/.local/lib/python3.8/site-packages/airflow/example_dags/tutorial_dag.py for tasks to queue
[2023-11-13T20:04:52.603+0000] {logging_mixin.py:154} INFO - [2023-11-13T20:04:52.603+0000] {dagbag.py:536} INFO - Filling up the DagBag from /home/airflow/.local/lib/python3.8/site-packages/airflow/example_dags/tutorial_dag.py
[2023-11-13T20:04:52.607+0000] {processor.py:839} INFO - DAG(s) dict_keys(['tutorial_dag']) retrieved from /home/airflow/.local/lib/python3.8/site-packages/airflow/example_dags/tutorial_dag.py
[2023-11-13T20:04:52.618+0000] {logging_mixin.py:154} INFO - [2023-11-13T20:04:52.618+0000] {dag.py:2941} INFO - Sync 1 DAGs
[2023-11-13T20:04:52.624+0000] {logging_mixin.py:154} INFO - [2023-11-13T20:04:52.624+0000] {dag.py:3722} INFO - Setting next_dagrun for tutorial_dag to None, run_after=None
[2023-11-13T20:04:52.633+0000] {processor.py:179} INFO - Processing /home/airflow/.local/lib/python3.8/site-packages/airflow/example_dags/tutorial_dag.py took 0.034 seconds
