[2023-11-18T11:32:19.999+0000] {processor.py:157} INFO - Started process (PID=33) to work on /opt/airflow/dags/dags.py
[2023-11-18T11:32:20.010+0000] {processor.py:829} INFO - Processing file /opt/airflow/dags/dags.py for tasks to queue
[2023-11-18T11:32:20.022+0000] {logging_mixin.py:154} INFO - [2023-11-18T11:32:20.016+0000] {dagbag.py:536} INFO - Filling up the DagBag from /opt/airflow/dags/dags.py
[2023-11-18T11:32:20.312+0000] {processor.py:839} INFO - DAG(s) dict_keys(['wisdomise_database']) retrieved from /opt/airflow/dags/dags.py
[2023-11-18T11:32:22.046+0000] {logging_mixin.py:154} INFO - [2023-11-18T11:32:22.043+0000] {dag.py:2941} INFO - Sync 1 DAGs
[2023-11-18T11:32:22.114+0000] {logging_mixin.py:154} INFO - [2023-11-18T11:32:22.113+0000] {dag.py:3722} INFO - Setting next_dagrun for wisdomise_database to None, run_after=None
[2023-11-18T11:32:22.171+0000] {processor.py:179} INFO - Processing /opt/airflow/dags/dags.py took 2.245 seconds
[2023-11-18T11:32:52.612+0000] {processor.py:157} INFO - Started process (PID=96) to work on /opt/airflow/dags/dags.py
[2023-11-18T11:32:52.617+0000] {processor.py:829} INFO - Processing file /opt/airflow/dags/dags.py for tasks to queue
[2023-11-18T11:32:52.629+0000] {logging_mixin.py:154} INFO - [2023-11-18T11:32:52.625+0000] {dagbag.py:536} INFO - Filling up the DagBag from /opt/airflow/dags/dags.py
[2023-11-18T11:32:52.643+0000] {processor.py:839} INFO - DAG(s) dict_keys(['wisdomise_database']) retrieved from /opt/airflow/dags/dags.py
[2023-11-18T11:32:52.752+0000] {logging_mixin.py:154} INFO - [2023-11-18T11:32:52.751+0000] {dag.py:2941} INFO - Sync 1 DAGs
[2023-11-18T11:32:52.819+0000] {logging_mixin.py:154} INFO - [2023-11-18T11:32:52.819+0000] {dag.py:3722} INFO - Setting next_dagrun for wisdomise_database to None, run_after=None
[2023-11-18T11:32:52.843+0000] {processor.py:179} INFO - Processing /opt/airflow/dags/dags.py took 0.245 seconds
[2023-11-18T11:33:23.908+0000] {processor.py:157} INFO - Started process (PID=150) to work on /opt/airflow/dags/dags.py
[2023-11-18T11:33:23.913+0000] {processor.py:829} INFO - Processing file /opt/airflow/dags/dags.py for tasks to queue
[2023-11-18T11:33:23.928+0000] {logging_mixin.py:154} INFO - [2023-11-18T11:33:23.926+0000] {dagbag.py:536} INFO - Filling up the DagBag from /opt/airflow/dags/dags.py
[2023-11-18T11:33:23.987+0000] {processor.py:839} INFO - DAG(s) dict_keys(['wisdomise_database']) retrieved from /opt/airflow/dags/dags.py
[2023-11-18T11:33:24.299+0000] {logging_mixin.py:154} INFO - [2023-11-18T11:33:24.299+0000] {dag.py:2941} INFO - Sync 1 DAGs
[2023-11-18T11:33:24.454+0000] {logging_mixin.py:154} INFO - [2023-11-18T11:33:24.453+0000] {dag.py:3722} INFO - Setting next_dagrun for wisdomise_database to None, run_after=None
[2023-11-18T11:33:24.476+0000] {processor.py:179} INFO - Processing /opt/airflow/dags/dags.py took 0.672 seconds
[2023-11-18T11:33:54.971+0000] {processor.py:157} INFO - Started process (PID=205) to work on /opt/airflow/dags/dags.py
[2023-11-18T11:33:54.973+0000] {processor.py:829} INFO - Processing file /opt/airflow/dags/dags.py for tasks to queue
[2023-11-18T11:33:54.979+0000] {logging_mixin.py:154} INFO - [2023-11-18T11:33:54.978+0000] {dagbag.py:536} INFO - Filling up the DagBag from /opt/airflow/dags/dags.py
[2023-11-18T11:33:55.002+0000] {processor.py:839} INFO - DAG(s) dict_keys(['wisdomise_database']) retrieved from /opt/airflow/dags/dags.py
[2023-11-18T11:33:55.060+0000] {logging_mixin.py:154} INFO - [2023-11-18T11:33:55.059+0000] {dag.py:2941} INFO - Sync 1 DAGs
[2023-11-18T11:33:55.099+0000] {logging_mixin.py:154} INFO - [2023-11-18T11:33:55.099+0000] {dag.py:3722} INFO - Setting next_dagrun for wisdomise_database to None, run_after=None
[2023-11-18T11:33:55.116+0000] {processor.py:179} INFO - Processing /opt/airflow/dags/dags.py took 0.162 seconds
[2023-11-18T11:34:25.962+0000] {processor.py:157} INFO - Started process (PID=260) to work on /opt/airflow/dags/dags.py
[2023-11-18T11:34:25.965+0000] {processor.py:829} INFO - Processing file /opt/airflow/dags/dags.py for tasks to queue
[2023-11-18T11:34:25.979+0000] {logging_mixin.py:154} INFO - [2023-11-18T11:34:25.978+0000] {dagbag.py:536} INFO - Filling up the DagBag from /opt/airflow/dags/dags.py
[2023-11-18T11:34:25.996+0000] {processor.py:839} INFO - DAG(s) dict_keys(['wisdomise_database']) retrieved from /opt/airflow/dags/dags.py
[2023-11-18T11:34:26.043+0000] {logging_mixin.py:154} INFO - [2023-11-18T11:34:26.043+0000] {dag.py:2941} INFO - Sync 1 DAGs
[2023-11-18T11:34:26.088+0000] {logging_mixin.py:154} INFO - [2023-11-18T11:34:26.088+0000] {dag.py:3722} INFO - Setting next_dagrun for wisdomise_database to None, run_after=None
[2023-11-18T11:34:26.108+0000] {processor.py:179} INFO - Processing /opt/airflow/dags/dags.py took 0.152 seconds
[2023-11-18T11:34:56.633+0000] {processor.py:157} INFO - Started process (PID=315) to work on /opt/airflow/dags/dags.py
[2023-11-18T11:34:56.635+0000] {processor.py:829} INFO - Processing file /opt/airflow/dags/dags.py for tasks to queue
[2023-11-18T11:34:56.639+0000] {logging_mixin.py:154} INFO - [2023-11-18T11:34:56.639+0000] {dagbag.py:536} INFO - Filling up the DagBag from /opt/airflow/dags/dags.py
[2023-11-18T11:34:56.649+0000] {processor.py:839} INFO - DAG(s) dict_keys(['wisdomise_database']) retrieved from /opt/airflow/dags/dags.py
[2023-11-18T11:34:56.667+0000] {logging_mixin.py:154} INFO - [2023-11-18T11:34:56.667+0000] {dag.py:2941} INFO - Sync 1 DAGs
[2023-11-18T11:34:56.682+0000] {logging_mixin.py:154} INFO - [2023-11-18T11:34:56.682+0000] {dag.py:3722} INFO - Setting next_dagrun for wisdomise_database to None, run_after=None
[2023-11-18T11:34:56.692+0000] {processor.py:179} INFO - Processing /opt/airflow/dags/dags.py took 0.065 seconds
[2023-11-18T11:35:27.329+0000] {processor.py:157} INFO - Started process (PID=371) to work on /opt/airflow/dags/dags.py
[2023-11-18T11:35:27.331+0000] {processor.py:829} INFO - Processing file /opt/airflow/dags/dags.py for tasks to queue
[2023-11-18T11:35:27.334+0000] {logging_mixin.py:154} INFO - [2023-11-18T11:35:27.334+0000] {dagbag.py:536} INFO - Filling up the DagBag from /opt/airflow/dags/dags.py
[2023-11-18T11:35:27.343+0000] {processor.py:839} INFO - DAG(s) dict_keys(['wisdomise_database']) retrieved from /opt/airflow/dags/dags.py
[2023-11-18T11:35:27.363+0000] {logging_mixin.py:154} INFO - [2023-11-18T11:35:27.363+0000] {dag.py:2941} INFO - Sync 1 DAGs
[2023-11-18T11:35:27.387+0000] {logging_mixin.py:154} INFO - [2023-11-18T11:35:27.387+0000] {dag.py:3722} INFO - Setting next_dagrun for wisdomise_database to None, run_after=None
[2023-11-18T11:35:27.397+0000] {processor.py:179} INFO - Processing /opt/airflow/dags/dags.py took 0.074 seconds
[2023-11-18T11:35:57.602+0000] {processor.py:157} INFO - Started process (PID=426) to work on /opt/airflow/dags/dags.py
[2023-11-18T11:35:57.604+0000] {processor.py:829} INFO - Processing file /opt/airflow/dags/dags.py for tasks to queue
[2023-11-18T11:35:57.608+0000] {logging_mixin.py:154} INFO - [2023-11-18T11:35:57.608+0000] {dagbag.py:536} INFO - Filling up the DagBag from /opt/airflow/dags/dags.py
[2023-11-18T11:35:57.618+0000] {processor.py:839} INFO - DAG(s) dict_keys(['wisdomise_database']) retrieved from /opt/airflow/dags/dags.py
[2023-11-18T11:35:57.645+0000] {logging_mixin.py:154} INFO - [2023-11-18T11:35:57.645+0000] {dag.py:2941} INFO - Sync 1 DAGs
[2023-11-18T11:35:57.662+0000] {logging_mixin.py:154} INFO - [2023-11-18T11:35:57.662+0000] {dag.py:3722} INFO - Setting next_dagrun for wisdomise_database to None, run_after=None
[2023-11-18T11:35:57.673+0000] {processor.py:179} INFO - Processing /opt/airflow/dags/dags.py took 0.080 seconds
[2023-11-18T11:36:27.885+0000] {processor.py:157} INFO - Started process (PID=481) to work on /opt/airflow/dags/dags.py
[2023-11-18T11:36:27.887+0000] {processor.py:829} INFO - Processing file /opt/airflow/dags/dags.py for tasks to queue
[2023-11-18T11:36:27.890+0000] {logging_mixin.py:154} INFO - [2023-11-18T11:36:27.889+0000] {dagbag.py:536} INFO - Filling up the DagBag from /opt/airflow/dags/dags.py
[2023-11-18T11:36:27.898+0000] {processor.py:839} INFO - DAG(s) dict_keys(['wisdomise_database']) retrieved from /opt/airflow/dags/dags.py
[2023-11-18T11:36:27.918+0000] {logging_mixin.py:154} INFO - [2023-11-18T11:36:27.918+0000] {dag.py:2941} INFO - Sync 1 DAGs
[2023-11-18T11:36:27.937+0000] {logging_mixin.py:154} INFO - [2023-11-18T11:36:27.936+0000] {dag.py:3722} INFO - Setting next_dagrun for wisdomise_database to None, run_after=None
[2023-11-18T11:36:27.946+0000] {processor.py:179} INFO - Processing /opt/airflow/dags/dags.py took 0.066 seconds
[2023-11-18T11:36:58.066+0000] {processor.py:157} INFO - Started process (PID=536) to work on /opt/airflow/dags/dags.py
[2023-11-18T11:36:58.068+0000] {processor.py:829} INFO - Processing file /opt/airflow/dags/dags.py for tasks to queue
[2023-11-18T11:36:58.071+0000] {logging_mixin.py:154} INFO - [2023-11-18T11:36:58.071+0000] {dagbag.py:536} INFO - Filling up the DagBag from /opt/airflow/dags/dags.py
[2023-11-18T11:36:58.081+0000] {processor.py:839} INFO - DAG(s) dict_keys(['wisdomise_database']) retrieved from /opt/airflow/dags/dags.py
[2023-11-18T11:36:58.102+0000] {logging_mixin.py:154} INFO - [2023-11-18T11:36:58.102+0000] {dag.py:2941} INFO - Sync 1 DAGs
[2023-11-18T11:36:58.130+0000] {logging_mixin.py:154} INFO - [2023-11-18T11:36:58.130+0000] {dag.py:3722} INFO - Setting next_dagrun for wisdomise_database to None, run_after=None
[2023-11-18T11:36:58.156+0000] {processor.py:179} INFO - Processing /opt/airflow/dags/dags.py took 0.098 seconds
[2023-11-18T11:37:28.314+0000] {processor.py:157} INFO - Started process (PID=591) to work on /opt/airflow/dags/dags.py
[2023-11-18T11:37:28.316+0000] {processor.py:829} INFO - Processing file /opt/airflow/dags/dags.py for tasks to queue
[2023-11-18T11:37:28.318+0000] {logging_mixin.py:154} INFO - [2023-11-18T11:37:28.318+0000] {dagbag.py:536} INFO - Filling up the DagBag from /opt/airflow/dags/dags.py
[2023-11-18T11:37:28.325+0000] {processor.py:839} INFO - DAG(s) dict_keys(['wisdomise_database']) retrieved from /opt/airflow/dags/dags.py
[2023-11-18T11:37:28.344+0000] {logging_mixin.py:154} INFO - [2023-11-18T11:37:28.344+0000] {dag.py:2941} INFO - Sync 1 DAGs
[2023-11-18T11:37:28.359+0000] {logging_mixin.py:154} INFO - [2023-11-18T11:37:28.359+0000] {dag.py:3722} INFO - Setting next_dagrun for wisdomise_database to None, run_after=None
[2023-11-18T11:37:28.370+0000] {processor.py:179} INFO - Processing /opt/airflow/dags/dags.py took 0.060 seconds
[2023-11-18T11:37:58.453+0000] {processor.py:157} INFO - Started process (PID=646) to work on /opt/airflow/dags/dags.py
[2023-11-18T11:37:58.455+0000] {processor.py:829} INFO - Processing file /opt/airflow/dags/dags.py for tasks to queue
[2023-11-18T11:37:58.458+0000] {logging_mixin.py:154} INFO - [2023-11-18T11:37:58.458+0000] {dagbag.py:536} INFO - Filling up the DagBag from /opt/airflow/dags/dags.py
[2023-11-18T11:37:58.467+0000] {processor.py:839} INFO - DAG(s) dict_keys(['wisdomise_database']) retrieved from /opt/airflow/dags/dags.py
[2023-11-18T11:37:58.484+0000] {logging_mixin.py:154} INFO - [2023-11-18T11:37:58.484+0000] {dag.py:2941} INFO - Sync 1 DAGs
[2023-11-18T11:37:58.499+0000] {logging_mixin.py:154} INFO - [2023-11-18T11:37:58.498+0000] {dag.py:3722} INFO - Setting next_dagrun for wisdomise_database to None, run_after=None
[2023-11-18T11:37:58.508+0000] {processor.py:179} INFO - Processing /opt/airflow/dags/dags.py took 0.060 seconds
[2023-11-18T11:38:29.341+0000] {processor.py:157} INFO - Started process (PID=701) to work on /opt/airflow/dags/dags.py
[2023-11-18T11:38:29.343+0000] {processor.py:829} INFO - Processing file /opt/airflow/dags/dags.py for tasks to queue
[2023-11-18T11:38:29.345+0000] {logging_mixin.py:154} INFO - [2023-11-18T11:38:29.345+0000] {dagbag.py:536} INFO - Filling up the DagBag from /opt/airflow/dags/dags.py
[2023-11-18T11:38:29.353+0000] {processor.py:839} INFO - DAG(s) dict_keys(['wisdomise_database']) retrieved from /opt/airflow/dags/dags.py
[2023-11-18T11:38:29.370+0000] {logging_mixin.py:154} INFO - [2023-11-18T11:38:29.369+0000] {dag.py:2941} INFO - Sync 1 DAGs
[2023-11-18T11:38:29.384+0000] {logging_mixin.py:154} INFO - [2023-11-18T11:38:29.384+0000] {dag.py:3722} INFO - Setting next_dagrun for wisdomise_database to None, run_after=None
[2023-11-18T11:38:29.394+0000] {processor.py:179} INFO - Processing /opt/airflow/dags/dags.py took 0.058 seconds
[2023-11-18T11:38:59.550+0000] {processor.py:157} INFO - Started process (PID=756) to work on /opt/airflow/dags/dags.py
[2023-11-18T11:38:59.551+0000] {processor.py:829} INFO - Processing file /opt/airflow/dags/dags.py for tasks to queue
[2023-11-18T11:38:59.556+0000] {logging_mixin.py:154} INFO - [2023-11-18T11:38:59.556+0000] {dagbag.py:536} INFO - Filling up the DagBag from /opt/airflow/dags/dags.py
[2023-11-18T11:38:59.567+0000] {processor.py:839} INFO - DAG(s) dict_keys(['wisdomise_database']) retrieved from /opt/airflow/dags/dags.py
[2023-11-18T11:38:59.590+0000] {logging_mixin.py:154} INFO - [2023-11-18T11:38:59.590+0000] {dag.py:2941} INFO - Sync 1 DAGs
[2023-11-18T11:38:59.604+0000] {logging_mixin.py:154} INFO - [2023-11-18T11:38:59.604+0000] {dag.py:3722} INFO - Setting next_dagrun for wisdomise_database to None, run_after=None
[2023-11-18T11:38:59.615+0000] {processor.py:179} INFO - Processing /opt/airflow/dags/dags.py took 0.074 seconds
[2023-11-18T11:39:29.806+0000] {processor.py:157} INFO - Started process (PID=811) to work on /opt/airflow/dags/dags.py
[2023-11-18T11:39:29.807+0000] {processor.py:829} INFO - Processing file /opt/airflow/dags/dags.py for tasks to queue
[2023-11-18T11:39:29.809+0000] {logging_mixin.py:154} INFO - [2023-11-18T11:39:29.808+0000] {dagbag.py:536} INFO - Filling up the DagBag from /opt/airflow/dags/dags.py
[2023-11-18T11:39:29.813+0000] {processor.py:839} INFO - DAG(s) dict_keys(['wisdomise_database']) retrieved from /opt/airflow/dags/dags.py
[2023-11-18T11:39:29.826+0000] {logging_mixin.py:154} INFO - [2023-11-18T11:39:29.825+0000] {dag.py:2941} INFO - Sync 1 DAGs
[2023-11-18T11:39:29.838+0000] {logging_mixin.py:154} INFO - [2023-11-18T11:39:29.838+0000] {dag.py:3722} INFO - Setting next_dagrun for wisdomise_database to None, run_after=None
[2023-11-18T11:39:29.847+0000] {processor.py:179} INFO - Processing /opt/airflow/dags/dags.py took 0.045 seconds
[2023-11-18T11:39:59.913+0000] {processor.py:157} INFO - Started process (PID=866) to work on /opt/airflow/dags/dags.py
[2023-11-18T11:39:59.915+0000] {processor.py:829} INFO - Processing file /opt/airflow/dags/dags.py for tasks to queue
[2023-11-18T11:39:59.919+0000] {logging_mixin.py:154} INFO - [2023-11-18T11:39:59.918+0000] {dagbag.py:536} INFO - Filling up the DagBag from /opt/airflow/dags/dags.py
[2023-11-18T11:39:59.927+0000] {processor.py:839} INFO - DAG(s) dict_keys(['wisdomise_database']) retrieved from /opt/airflow/dags/dags.py
[2023-11-18T11:39:59.946+0000] {logging_mixin.py:154} INFO - [2023-11-18T11:39:59.946+0000] {dag.py:2941} INFO - Sync 1 DAGs
[2023-11-18T11:39:59.959+0000] {logging_mixin.py:154} INFO - [2023-11-18T11:39:59.959+0000] {dag.py:3722} INFO - Setting next_dagrun for wisdomise_database to None, run_after=None
[2023-11-18T11:39:59.968+0000] {processor.py:179} INFO - Processing /opt/airflow/dags/dags.py took 0.062 seconds
[2023-11-18T11:40:30.802+0000] {processor.py:157} INFO - Started process (PID=921) to work on /opt/airflow/dags/dags.py
[2023-11-18T11:40:30.804+0000] {processor.py:829} INFO - Processing file /opt/airflow/dags/dags.py for tasks to queue
[2023-11-18T11:40:30.807+0000] {logging_mixin.py:154} INFO - [2023-11-18T11:40:30.806+0000] {dagbag.py:536} INFO - Filling up the DagBag from /opt/airflow/dags/dags.py
[2023-11-18T11:40:30.813+0000] {processor.py:839} INFO - DAG(s) dict_keys(['wisdomise_database']) retrieved from /opt/airflow/dags/dags.py
[2023-11-18T11:40:30.830+0000] {logging_mixin.py:154} INFO - [2023-11-18T11:40:30.830+0000] {dag.py:2941} INFO - Sync 1 DAGs
[2023-11-18T11:40:30.842+0000] {logging_mixin.py:154} INFO - [2023-11-18T11:40:30.842+0000] {dag.py:3722} INFO - Setting next_dagrun for wisdomise_database to None, run_after=None
[2023-11-18T11:40:30.851+0000] {processor.py:179} INFO - Processing /opt/airflow/dags/dags.py took 0.052 seconds
[2023-11-18T11:41:01.107+0000] {processor.py:157} INFO - Started process (PID=976) to work on /opt/airflow/dags/dags.py
[2023-11-18T11:41:01.109+0000] {processor.py:829} INFO - Processing file /opt/airflow/dags/dags.py for tasks to queue
[2023-11-18T11:41:01.114+0000] {logging_mixin.py:154} INFO - [2023-11-18T11:41:01.112+0000] {dagbag.py:536} INFO - Filling up the DagBag from /opt/airflow/dags/dags.py
[2023-11-18T11:41:01.133+0000] {processor.py:839} INFO - DAG(s) dict_keys(['wisdomise_database']) retrieved from /opt/airflow/dags/dags.py
[2023-11-18T11:41:01.152+0000] {logging_mixin.py:154} INFO - [2023-11-18T11:41:01.152+0000] {dag.py:2941} INFO - Sync 1 DAGs
[2023-11-18T11:41:01.165+0000] {logging_mixin.py:154} INFO - [2023-11-18T11:41:01.165+0000] {dag.py:3722} INFO - Setting next_dagrun for wisdomise_database to None, run_after=None
[2023-11-18T11:41:01.174+0000] {processor.py:179} INFO - Processing /opt/airflow/dags/dags.py took 0.072 seconds
[2023-11-18T11:41:31.795+0000] {processor.py:157} INFO - Started process (PID=1031) to work on /opt/airflow/dags/dags.py
[2023-11-18T11:41:31.798+0000] {processor.py:829} INFO - Processing file /opt/airflow/dags/dags.py for tasks to queue
[2023-11-18T11:41:31.802+0000] {logging_mixin.py:154} INFO - [2023-11-18T11:41:31.802+0000] {dagbag.py:536} INFO - Filling up the DagBag from /opt/airflow/dags/dags.py
[2023-11-18T11:41:31.810+0000] {processor.py:839} INFO - DAG(s) dict_keys(['wisdomise_database']) retrieved from /opt/airflow/dags/dags.py
[2023-11-18T11:41:31.831+0000] {logging_mixin.py:154} INFO - [2023-11-18T11:41:31.831+0000] {dag.py:2941} INFO - Sync 1 DAGs
[2023-11-18T11:41:31.846+0000] {logging_mixin.py:154} INFO - [2023-11-18T11:41:31.846+0000] {dag.py:3722} INFO - Setting next_dagrun for wisdomise_database to None, run_after=None
[2023-11-18T11:41:31.855+0000] {processor.py:179} INFO - Processing /opt/airflow/dags/dags.py took 0.067 seconds
[2023-11-18T11:42:01.956+0000] {processor.py:157} INFO - Started process (PID=1086) to work on /opt/airflow/dags/dags.py
[2023-11-18T11:42:01.958+0000] {processor.py:829} INFO - Processing file /opt/airflow/dags/dags.py for tasks to queue
[2023-11-18T11:42:01.962+0000] {logging_mixin.py:154} INFO - [2023-11-18T11:42:01.962+0000] {dagbag.py:536} INFO - Filling up the DagBag from /opt/airflow/dags/dags.py
[2023-11-18T11:42:01.971+0000] {processor.py:839} INFO - DAG(s) dict_keys(['wisdomise_database']) retrieved from /opt/airflow/dags/dags.py
[2023-11-18T11:42:01.992+0000] {logging_mixin.py:154} INFO - [2023-11-18T11:42:01.992+0000] {dag.py:2941} INFO - Sync 1 DAGs
[2023-11-18T11:42:02.005+0000] {logging_mixin.py:154} INFO - [2023-11-18T11:42:02.005+0000] {dag.py:3722} INFO - Setting next_dagrun for wisdomise_database to None, run_after=None
[2023-11-18T11:42:02.015+0000] {processor.py:179} INFO - Processing /opt/airflow/dags/dags.py took 0.065 seconds
[2023-11-18T11:42:32.701+0000] {processor.py:157} INFO - Started process (PID=1141) to work on /opt/airflow/dags/dags.py
[2023-11-18T11:42:32.703+0000] {processor.py:829} INFO - Processing file /opt/airflow/dags/dags.py for tasks to queue
[2023-11-18T11:42:32.708+0000] {logging_mixin.py:154} INFO - [2023-11-18T11:42:32.708+0000] {dagbag.py:536} INFO - Filling up the DagBag from /opt/airflow/dags/dags.py
[2023-11-18T11:42:32.719+0000] {processor.py:839} INFO - DAG(s) dict_keys(['wisdomise_database']) retrieved from /opt/airflow/dags/dags.py
[2023-11-18T11:42:32.740+0000] {logging_mixin.py:154} INFO - [2023-11-18T11:42:32.740+0000] {dag.py:2941} INFO - Sync 1 DAGs
[2023-11-18T11:42:32.757+0000] {logging_mixin.py:154} INFO - [2023-11-18T11:42:32.757+0000] {dag.py:3722} INFO - Setting next_dagrun for wisdomise_database to None, run_after=None
[2023-11-18T11:42:32.768+0000] {processor.py:179} INFO - Processing /opt/airflow/dags/dags.py took 0.075 seconds
[2023-11-18T11:43:02.902+0000] {processor.py:157} INFO - Started process (PID=1196) to work on /opt/airflow/dags/dags.py
[2023-11-18T11:43:02.905+0000] {processor.py:829} INFO - Processing file /opt/airflow/dags/dags.py for tasks to queue
[2023-11-18T11:43:02.908+0000] {logging_mixin.py:154} INFO - [2023-11-18T11:43:02.908+0000] {dagbag.py:536} INFO - Filling up the DagBag from /opt/airflow/dags/dags.py
[2023-11-18T11:43:02.917+0000] {processor.py:839} INFO - DAG(s) dict_keys(['wisdomise_database']) retrieved from /opt/airflow/dags/dags.py
[2023-11-18T11:43:02.935+0000] {logging_mixin.py:154} INFO - [2023-11-18T11:43:02.935+0000] {dag.py:2941} INFO - Sync 1 DAGs
[2023-11-18T11:43:02.949+0000] {logging_mixin.py:154} INFO - [2023-11-18T11:43:02.948+0000] {dag.py:3722} INFO - Setting next_dagrun for wisdomise_database to None, run_after=None
[2023-11-18T11:43:02.958+0000] {processor.py:179} INFO - Processing /opt/airflow/dags/dags.py took 0.063 seconds
[2023-11-18T11:43:33.941+0000] {processor.py:157} INFO - Started process (PID=1251) to work on /opt/airflow/dags/dags.py
[2023-11-18T11:43:33.945+0000] {processor.py:829} INFO - Processing file /opt/airflow/dags/dags.py for tasks to queue
[2023-11-18T11:43:33.959+0000] {logging_mixin.py:154} INFO - [2023-11-18T11:43:33.958+0000] {dagbag.py:536} INFO - Filling up the DagBag from /opt/airflow/dags/dags.py
[2023-11-18T11:43:33.969+0000] {processor.py:839} INFO - DAG(s) dict_keys(['wisdomise_database']) retrieved from /opt/airflow/dags/dags.py
[2023-11-18T11:43:33.991+0000] {logging_mixin.py:154} INFO - [2023-11-18T11:43:33.991+0000] {dag.py:2941} INFO - Sync 1 DAGs
[2023-11-18T11:43:34.019+0000] {logging_mixin.py:154} INFO - [2023-11-18T11:43:34.019+0000] {dag.py:3722} INFO - Setting next_dagrun for wisdomise_database to None, run_after=None
[2023-11-18T11:43:34.030+0000] {processor.py:179} INFO - Processing /opt/airflow/dags/dags.py took 0.095 seconds
[2023-11-18T11:44:04.146+0000] {processor.py:157} INFO - Started process (PID=1306) to work on /opt/airflow/dags/dags.py
[2023-11-18T11:44:04.149+0000] {processor.py:829} INFO - Processing file /opt/airflow/dags/dags.py for tasks to queue
[2023-11-18T11:44:04.153+0000] {logging_mixin.py:154} INFO - [2023-11-18T11:44:04.152+0000] {dagbag.py:536} INFO - Filling up the DagBag from /opt/airflow/dags/dags.py
[2023-11-18T11:44:04.179+0000] {processor.py:839} INFO - DAG(s) dict_keys(['wisdomise_database']) retrieved from /opt/airflow/dags/dags.py
[2023-11-18T11:44:04.198+0000] {logging_mixin.py:154} INFO - [2023-11-18T11:44:04.198+0000] {dag.py:2941} INFO - Sync 1 DAGs
[2023-11-18T11:44:04.214+0000] {logging_mixin.py:154} INFO - [2023-11-18T11:44:04.214+0000] {dag.py:3722} INFO - Setting next_dagrun for wisdomise_database to None, run_after=None
[2023-11-18T11:44:04.225+0000] {processor.py:179} INFO - Processing /opt/airflow/dags/dags.py took 0.085 seconds
[2023-11-18T11:44:20.511+0000] {processor.py:157} INFO - Started process (PID=1336) to work on /opt/airflow/dags/dags.py
[2023-11-18T11:44:20.512+0000] {processor.py:829} INFO - Processing file /opt/airflow/dags/dags.py for tasks to queue
[2023-11-18T11:44:20.514+0000] {logging_mixin.py:154} INFO - [2023-11-18T11:44:20.514+0000] {dagbag.py:536} INFO - Filling up the DagBag from /opt/airflow/dags/dags.py
[2023-11-18T11:44:28.316+0000] {logging_mixin.py:154} INFO - Connection successful!
[2023-11-18T11:44:28.322+0000] {processor.py:839} INFO - DAG(s) dict_keys(['wisdomise_database']) retrieved from /opt/airflow/dags/dags.py
[2023-11-18T11:44:28.434+0000] {logging_mixin.py:154} INFO - [2023-11-18T11:44:28.434+0000] {dag.py:2941} INFO - Sync 1 DAGs
[2023-11-18T11:44:28.445+0000] {logging_mixin.py:154} INFO - [2023-11-18T11:44:28.445+0000] {dag.py:3722} INFO - Setting next_dagrun for wisdomise_database to None, run_after=None
[2023-11-18T11:44:28.455+0000] {processor.py:179} INFO - Processing /opt/airflow/dags/dags.py took 7.947 seconds
[2023-11-18T11:44:58.807+0000] {processor.py:157} INFO - Started process (PID=1423) to work on /opt/airflow/dags/dags.py
[2023-11-18T11:44:58.809+0000] {processor.py:829} INFO - Processing file /opt/airflow/dags/dags.py for tasks to queue
[2023-11-18T11:44:58.815+0000] {logging_mixin.py:154} INFO - [2023-11-18T11:44:58.815+0000] {dagbag.py:536} INFO - Filling up the DagBag from /opt/airflow/dags/dags.py
[2023-11-18T11:45:03.418+0000] {logging_mixin.py:154} INFO - Connection successful!
[2023-11-18T11:45:03.433+0000] {processor.py:839} INFO - DAG(s) dict_keys(['wisdomise_database']) retrieved from /opt/airflow/dags/dags.py
[2023-11-18T11:45:03.455+0000] {logging_mixin.py:154} INFO - [2023-11-18T11:45:03.455+0000] {dag.py:2941} INFO - Sync 1 DAGs
[2023-11-18T11:45:03.485+0000] {logging_mixin.py:154} INFO - [2023-11-18T11:45:03.485+0000] {dag.py:3722} INFO - Setting next_dagrun for wisdomise_database to None, run_after=None
[2023-11-18T11:45:03.504+0000] {processor.py:179} INFO - Processing /opt/airflow/dags/dags.py took 4.705 seconds
[2023-11-18T11:45:33.630+0000] {processor.py:157} INFO - Started process (PID=1489) to work on /opt/airflow/dags/dags.py
[2023-11-18T11:45:33.632+0000] {processor.py:829} INFO - Processing file /opt/airflow/dags/dags.py for tasks to queue
[2023-11-18T11:45:33.636+0000] {logging_mixin.py:154} INFO - [2023-11-18T11:45:33.636+0000] {dagbag.py:536} INFO - Filling up the DagBag from /opt/airflow/dags/dags.py
[2023-11-18T11:45:37.276+0000] {logging_mixin.py:154} INFO - Connection successful!
[2023-11-18T11:45:37.284+0000] {processor.py:839} INFO - DAG(s) dict_keys(['wisdomise_database']) retrieved from /opt/airflow/dags/dags.py
[2023-11-18T11:45:37.301+0000] {logging_mixin.py:154} INFO - [2023-11-18T11:45:37.301+0000] {dag.py:2941} INFO - Sync 1 DAGs
[2023-11-18T11:45:37.316+0000] {logging_mixin.py:154} INFO - [2023-11-18T11:45:37.316+0000] {dag.py:3722} INFO - Setting next_dagrun for wisdomise_database to None, run_after=None
[2023-11-18T11:45:37.325+0000] {processor.py:179} INFO - Processing /opt/airflow/dags/dags.py took 3.700 seconds
[2023-11-18T11:46:08.221+0000] {processor.py:157} INFO - Started process (PID=1557) to work on /opt/airflow/dags/dags.py
[2023-11-18T11:46:08.224+0000] {processor.py:829} INFO - Processing file /opt/airflow/dags/dags.py for tasks to queue
[2023-11-18T11:46:08.227+0000] {logging_mixin.py:154} INFO - [2023-11-18T11:46:08.226+0000] {dagbag.py:536} INFO - Filling up the DagBag from /opt/airflow/dags/dags.py
[2023-11-18T11:46:12.297+0000] {logging_mixin.py:154} INFO - Connection successful!
[2023-11-18T11:46:12.308+0000] {processor.py:839} INFO - DAG(s) dict_keys(['wisdomise_database']) retrieved from /opt/airflow/dags/dags.py
[2023-11-18T11:46:12.329+0000] {logging_mixin.py:154} INFO - [2023-11-18T11:46:12.328+0000] {dag.py:2941} INFO - Sync 1 DAGs
[2023-11-18T11:46:12.422+0000] {logging_mixin.py:154} INFO - [2023-11-18T11:46:12.422+0000] {dag.py:3722} INFO - Setting next_dagrun for wisdomise_database to None, run_after=None
[2023-11-18T11:46:12.431+0000] {processor.py:179} INFO - Processing /opt/airflow/dags/dags.py took 4.215 seconds
[2023-11-18T11:46:43.268+0000] {processor.py:157} INFO - Started process (PID=1625) to work on /opt/airflow/dags/dags.py
[2023-11-18T11:46:43.270+0000] {processor.py:829} INFO - Processing file /opt/airflow/dags/dags.py for tasks to queue
[2023-11-18T11:46:43.272+0000] {logging_mixin.py:154} INFO - [2023-11-18T11:46:43.272+0000] {dagbag.py:536} INFO - Filling up the DagBag from /opt/airflow/dags/dags.py
[2023-11-18T11:46:47.004+0000] {logging_mixin.py:154} INFO - Connection successful!
[2023-11-18T11:46:47.011+0000] {processor.py:839} INFO - DAG(s) dict_keys(['wisdomise_database']) retrieved from /opt/airflow/dags/dags.py
[2023-11-18T11:46:47.030+0000] {logging_mixin.py:154} INFO - [2023-11-18T11:46:47.029+0000] {dag.py:2941} INFO - Sync 1 DAGs
[2023-11-18T11:46:47.043+0000] {logging_mixin.py:154} INFO - [2023-11-18T11:46:47.043+0000] {dag.py:3722} INFO - Setting next_dagrun for wisdomise_database to None, run_after=None
[2023-11-18T11:46:47.054+0000] {processor.py:179} INFO - Processing /opt/airflow/dags/dags.py took 3.789 seconds
